#                                                                                   --- full sequence --- -------------- this domain -------------   hmm coord   ali coord   env coord
# target name               accession   tlen query name           accession   qlen   E-value  score  bias   #  of  c-Evalue  i-Evalue  score  bias  from    to  from    to  from    to  acc description of target
#       ------------------- ---------- ----- -------------------- ---------- ----- --------- ------ ----- --- --- --------- --------- ------ ----- ----- ----- ----- ----- ----- ----- ---- ---------------------
h2tg000094l:396731-395036   -            280 115111at71240        -            215  1.7e-109  364.0   0.7   1   1  1.1e-112  2.1e-109  363.7   0.7     5   215    62   280    60   280 0.94 -
h2tg000451l:142467-144130   -            281 115111at71240        -            215  1.7e-109  364.0   1.1   1   1  1.1e-112  2.1e-109  363.7   1.1     6   215    64   281    60   281 0.95 -
h2tg000131l:1419290-1415979 -            217 115111at71240        -            215   4.2e-39  134.0   0.0   1   1   2.6e-42   5.1e-39  133.7   0.0     9   215    13   217     7   217 0.89 -
h2tg000083l:238395-233353   -            233 115111at71240        -            215   5.2e-05   22.6   0.2   1   1   3.8e-08   7.3e-05   22.1   0.2    28   125    55   161    16   173 0.77 -
h2tg000479l:167558-172116   -            179 115111at71240        -            215     0.011   14.9   0.2   1   1   7.7e-06     0.015   14.5   0.2    29    67     2    42     1    71 0.79 -
h2tg000803l:18435-18310     -             42 115111at71240        -            215     0.053   12.7   0.0   1   1   2.7e-05     0.053   12.7   0.0    28    57     7    36     2    41 0.87 -
h2tg000503l:522920-523018   -             33 115111at71240        -            215     0.053   12.7   0.0   1   1   2.7e-05     0.053   12.7   0.0    29    58     1    30     1    33 0.88 -
#
# Program:         hmmsearch
# Version:         3.3.2 (Nov 2020)
# Pipeline mode:   SEARCH
# Query file:      /scratch/srb67793/Pelargonium/busco_downloads/lineages/eudicots_odb10/hmms/115111at71240.hmm
# Target file:     /scratch/srb67793/Pelargonium/P_citronellum_omnic-hap2-busco/run_eudicots_odb10/metaeuk_output/initial_results/P_citronellum_OmniC.hic.bp.hap1.p_ctg.fa.modified.fas
# Option settings: hmmsearch --domtblout /scratch/srb67793/Pelargonium/P_citronellum_omnic-hap2-busco/run_eudicots_odb10/hmmer_output/initial_run_results/115111at71240.out --cpu 1 /scratch/srb67793/Pelargonium/busco_downloads/lineages/eudicots_odb10/hmms/115111at71240.hmm /scratch/srb67793/Pelargonium/P_citronellum_omnic-hap2-busco/run_eudicots_odb10/metaeuk_output/initial_results/P_citronellum_OmniC.hic.bp.hap1.p_ctg.fa.modified.fas 
# Current dir:     /scratch/srb67793/Pelargonium
# Date:            Tue Jul 16 10:30:08 2024
# [ok]
