#                                                                                   --- full sequence --- -------------- this domain -------------   hmm coord   ali coord   env coord
# target name               accession   tlen query name           accession   qlen   E-value  score  bias   #  of  c-Evalue  i-Evalue  score  bias  from    to  from    to  from    to  acc description of target
#       ------------------- ---------- ----- -------------------- ---------- ----- --------- ------ ----- --- --- --------- --------- ------ ----- ----- ----- ----- ----- ----- ----- ---- ---------------------
h2tg000034l:592274-591225   -            350 116578at71240        -            274  2.4e-143  475.7   3.8   1   1  2.6e-145  2.9e-143  475.4   3.8     1   274    53   342    53   342 0.97 -
h2tg000505l:225645-224086   -            520 116578at71240        -            274   6.7e-28   97.1  10.0   1   3    0.0015      0.17   10.5   0.0   100   146   163   210   133   217 0.79 -
h2tg000505l:225645-224086   -            520 116578at71240        -            274   6.7e-28   97.1  10.0   2   3   2.4e-12   2.7e-10   39.4   1.8    47   147   239   344   216   346 0.79 -
h2tg000505l:225645-224086   -            520 116578at71240        -            274   6.7e-28   97.1  10.0   3   3   1.3e-15   1.4e-13   50.1   1.5    50   149   363   466   358   473 0.93 -
h2tg001162l:14572-16005     -            478 116578at71240        -            274   7.6e-28   96.9   8.7   1   4   0.00013     0.014   14.0   0.0   105   146   172   213   150   220 0.89 -
h2tg001162l:14572-16005     -            478 116578at71240        -            274   7.6e-28   96.9   8.7   2   4    0.0068      0.75    8.4   0.1    92   148   224   281   214   285 0.78 -
h2tg001162l:14572-16005     -            478 116578at71240        -            274   7.6e-28   96.9   8.7   3   4   6.4e-12   7.1e-10   38.0   1.4    66   148   264   348   236   354 0.83 -
h2tg001162l:14572-16005     -            478 116578at71240        -            274   7.6e-28   96.9   8.7   4   4   1.1e-14   1.2e-12   47.1   0.6    49   149   365   469   359   474 0.91 -
h2tg000892l:36599-34512     -            222 116578at71240        -            274   4.2e-14   51.8   1.4   1   3       6.8   7.5e+02   -1.5   0.0    49    85    18    59    14    66 0.60 -
h2tg000892l:36599-34512     -            222 116578at71240        -            274   4.2e-14   51.8   1.4   2   3   7.5e-08   8.3e-06   24.6   0.0    65   131    66   133    54   135 0.90 -
h2tg000892l:36599-34512     -            222 116578at71240        -            274   4.2e-14   51.8   1.4   3   3   4.2e-09   4.7e-07   28.7   0.2    72   147   129   205   125   212 0.89 -
h2tg000560l:193557-193006   -            184 116578at71240        -            274   1.6e-13   49.9   1.4   1   2   5.3e-07   5.9e-05   21.8   0.1    77   147    13    85     6    96 0.87 -
h2tg000560l:193557-193006   -            184 116578at71240        -            274   1.6e-13   49.9   1.4   2   2   1.7e-08   1.8e-06   26.8   0.1    74   146   111   184   103   184 0.93 -
h2tg000575l:15004-16308     -            435 116578at71240        -            274   1.9e-13   49.7   9.7   1   3     0.023       2.5    6.6   0.8    65   133   149   219   133   225 0.76 -
h2tg000575l:15004-16308     -            435 116578at71240        -            274   1.9e-13   49.7   9.7   2   3   1.6e-06   0.00018   20.2   0.1    52   146   229   331   218   334 0.81 -
h2tg000575l:15004-16308     -            435 116578at71240        -            274   1.9e-13   49.7   9.7   3   3   7.8e-09   8.6e-07   27.8   0.3    84   149   355   421   344   432 0.86 -
h2tg001203l:37999-37655     -            115 116578at71240        -            274   2.7e-13   49.2   0.3   1   1   2.8e-15   3.1e-13   49.0   0.3    67   148    26   108     5   112 0.91 -
h2tg000977l:102014-100777   -            190 116578at71240        -            274   7.8e-12   44.4   0.4   1   2   3.7e-07   4.1e-05   22.3   0.1    86   148    44   106    17   108 0.83 -
h2tg000977l:102014-100777   -            190 116578at71240        -            274   7.8e-12   44.4   0.4   2   2   1.4e-08   1.5e-06   27.0   0.0    70   146    93   170    92   189 0.92 -
h2tg000579l:608246-607560   -            229 116578at71240        -            274   6.5e-11   41.4   0.2   1   2     5e-08   5.5e-06   25.2   0.0    72   147    35   112     5   127 0.82 -
h2tg000579l:608246-607560   -            229 116578at71240        -            274   6.5e-11   41.4   0.2   2   2   9.8e-05     0.011   14.4   0.1    76   149   143   217   128   226 0.88 -
h2tg000410l:310066-304583   -            566 116578at71240        -            274   9.9e-11   40.8   0.2   1   2   2.6e-05    0.0028   16.3   0.1    88   149    71   133    50   141 0.75 -
h2tg000410l:310066-304583   -            566 116578at71240        -            274   9.9e-11   40.8   0.2   2   2   6.9e-07   7.7e-05   21.5   0.0    65   148   148   234   139   239 0.88 -
h2tg001254l:42022-47812     -            437 116578at71240        -            274     2e-10   39.8   0.1   1   3       2.7   2.9e+02   -0.1   0.0    71   127    34    92    27    99 0.79 -
h2tg001254l:42022-47812     -            437 116578at71240        -            274     2e-10   39.8   0.1   2   3    0.0011      0.12   11.0   0.0    66   104   102   140    95   153 0.90 -
h2tg001254l:42022-47812     -            437 116578at71240        -            274     2e-10   39.8   0.1   3   3     7e-08   7.7e-06   24.7   0.0    65   147   168   253   160   259 0.89 -
h2tg000654l:132694-138934   -            361 116578at71240        -            274   2.6e-10   39.4   0.0   1   3   5.1e-05    0.0056   15.3   0.0    90   144    15    70     4    75 0.88 -
h2tg000654l:132694-138934   -            361 116578at71240        -            274   2.6e-10   39.4   0.0   2   3   2.3e-09   2.6e-07   29.6   0.0    65   147    56   140    33   147 0.85 -
h2tg000654l:132694-138934   -            361 116578at71240        -            274   2.6e-10   39.4   0.0   3   3     0.048       5.3    5.6   0.0   105   147   153   197   141   204 0.84 -
h2tg000655l:641891-642290   -             74 116578at71240        -            274   5.8e-09   35.0   0.3   1   1   6.1e-11   6.7e-09   34.8   0.3    74   139     1    70     1    73 0.82 -
h2tg000914l:131106-131501   -            132 116578at71240        -            274     1e-08   34.1   0.1   1   1   1.1e-10   1.2e-08   33.9   0.1    49   147    24   129    16   131 0.79 -
h2tg001203l:37486-37112     -            125 116578at71240        -            274   1.6e-08   33.5   0.1   1   2   8.6e-08   9.5e-06   24.4   0.0    81   146     7    74     2    76 0.87 -
h2tg001203l:37486-37112     -            125 116578at71240        -            274   1.6e-08   33.5   0.1   2   2     0.014       1.6    7.3   0.0    85   130    78   124    75   125 0.79 -
h2tg000196l:176700-176320   -            127 116578at71240        -            274   4.4e-08   32.1   2.1   1   2   2.9e-06   0.00032   19.4   0.3    70   146     5    84     2    86 0.89 -
h2tg000196l:176700-176320   -            127 116578at71240        -            274   4.4e-08   32.1   2.1   2   2   5.2e-06   0.00058   18.6   0.1    72   147    41   119    38   125 0.80 -
h2tg000396l:254898-255281   -            128 116578at71240        -            274   7.7e-08   31.3   0.2   1   1   8.1e-10     9e-08   31.1   0.2    38   146    13   128     8   128 0.85 -
h2tg000914l:140190-140576   -            129 116578at71240        -            274   9.6e-08   31.0   0.9   1   2   6.4e-09   7.1e-07   28.1   0.4    69   146     4    84     2    86 0.88 -
h2tg000914l:140190-140576   -            129 116578at71240        -            274   9.6e-08   31.0   0.9   2   2    0.0035      0.38    9.3   0.1    99   147    70   119    63   128 0.80 -
h2tg000800l:85425-82604     -            258 116578at71240        -            274   1.1e-07   30.8   0.0   1   1   1.4e-09   1.6e-07   30.3   0.0    62   147    66   152    32   161 0.87 -
h2tg000678l:429264-429656   -            131 116578at71240        -            274   1.4e-07   30.5   0.1   1   1   1.6e-09   1.7e-07   30.1   0.1    45   147    15   124     8   129 0.76 -
h2tg001322l:28643-29032     -            130 116578at71240        -            274   1.7e-07   30.1   0.2   1   1   1.8e-09     2e-07   29.9   0.2    39   146    16   130    10   130 0.84 -
h2tg001162l:52242-58871     -           1071 116578at71240        -            274     2e-07   29.9   0.0   1   2   0.00036      0.04   12.5   0.0    87   136    42    92    25    95 0.89 -
h2tg001162l:52242-58871     -           1071 116578at71240        -            274     2e-07   29.9   0.0   2   2   7.9e-08   8.7e-06   24.6   0.0    71   146    59   136    48   149 0.87 -
h2tg000938l:190680-186037   -            281 116578at71240        -            274   2.3e-07   29.7   0.0   1   1   3.2e-09   3.5e-07   29.1   0.0    85   151   206   273   196   280 0.90 -
h2tg000265l:540345-540740   -            132 116578at71240        -            274   6.8e-07   28.2   1.9   1   2   1.7e-07   1.9e-05   23.4   0.5    69   147    10    91     7   100 0.88 -
h2tg000265l:540345-540740   -            132 116578at71240        -            274   6.8e-07   28.2   1.9   2   2    0.0017      0.19   10.4   0.0   105   147    82   125    73   131 0.85 -
h2tg000089l:790313-789918   -            132 116578at71240        -            274   1.2e-06   27.4   0.7   1   2     0.041       4.5    5.8   0.0   107   143     5    42     1    42 0.84 -
h2tg000089l:790313-789918   -            132 116578at71240        -            274   1.2e-06   27.4   0.7   2   2   4.3e-07   4.8e-05   22.1   0.2    71   148    35   115    31   129 0.82 -
h2tg000454l:890328-890101   -             76 116578at71240        -            274   2.1e-06   26.6   0.3   1   1     2e-08   2.2e-06   26.5   0.3    65   132     9    75     3    76 0.90 -
h2tg001111l:164234-164007   -             76 116578at71240        -            274   2.1e-06   26.6   0.3   1   1     2e-08   2.2e-06   26.5   0.3    65   132     9    75     3    76 0.90 -
h2tg000314l:52978-53196     -             73 116578at71240        -            274   3.4e-06   25.9   0.1   1   1   3.1e-08   3.5e-06   25.9   0.1    54   104    15    68     7    73 0.85 -
h2tg000536l:92522-92277     -             82 116578at71240        -            274   4.9e-06   25.4   0.1   1   1   4.6e-08   5.1e-06   25.3   0.1    78   137    18    78     5    82 0.62 -
h2tg000479l:111980-111329   -             78 116578at71240        -            274   6.6e-06   24.9   0.1   1   1   6.8e-08   7.5e-06   24.8   0.1    74   132     1    66     1    77 0.77 -
h2tg000390l:65827-59627     -           1085 116578at71240        -            274   1.5e-05   23.8   0.0   1   1   6.8e-07   7.5e-05   21.5   0.0    66   146    53   135    38   144 0.87 -
h2tg000031l:151320-166283   -            710 116578at71240        -            274   2.5e-05   23.0   0.0   1   1   4.1e-07   4.5e-05   22.2   0.0    53   129   354   434   335   445 0.66 -
h2tg001129l:103715-103215   -            167 116578at71240        -            274   8.1e-05   21.4   0.1   1   2      0.71        79    1.7   0.0    72   116     2    49     1    65 0.51 -
h2tg001129l:103715-103215   -            167 116578at71240        -            274   8.1e-05   21.4   0.1   2   2   9.6e-06    0.0011   17.7   0.1    89   148    69   130    61   142 0.85 -
h2tg000393l:717430-717146   -             95 116578at71240        -            274   9.8e-05   21.1   0.1   1   1     9e-07   9.9e-05   21.1   0.1    66   105    39    78     6    86 0.82 -
h2tg000698l:58279-58779     -            167 116578at71240        -            274   0.00011   21.0   0.0   1   2     0.046         5    5.7   0.0    71   123     1    56     1    64 0.81 -
h2tg000698l:58279-58779     -            167 116578at71240        -            274   0.00011   21.0   0.0   2   2   0.00017     0.019   13.6   0.0    89   148    69   130    62   145 0.77 -
h2tg000326l:213823-214182   -            120 116578at71240        -            274   0.00012   20.8   0.1   1   1   1.9e-06   0.00021   20.0   0.1    47   146     7   108     2   114 0.64 -
h2tg000697l:444693-445052   -            120 116578at71240        -            274   0.00013   20.7   0.1   1   1   2.2e-06   0.00024   19.8   0.1    58   146    17   108     3   115 0.63 -
h2tg000280l:1118328-1110780 -            189 116578at71240        -            274   0.00014   20.6   0.0   1   2   4.5e-05     0.005   15.5   0.0    81   146    26    95    17   124 0.81 -
h2tg000280l:1118328-1110780 -            189 116578at71240        -            274   0.00014   20.6   0.0   2   2      0.24        27    3.3   0.0   119   146   135   162   130   174 0.91 -
h2tg000363l:963524-955815   -            189 116578at71240        -            274   0.00015   20.5   0.0   1   2   4.7e-05    0.0052   15.5   0.0    81   145    26    94    17   123 0.81 -
h2tg000363l:963524-955815   -            189 116578at71240        -            274   0.00015   20.5   0.0   2   2      0.24        27    3.3   0.0   119   146   135   162   130   174 0.91 -
h2tg000414l:2167923-2168300 -            126 116578at71240        -            274   0.00018   20.3   1.8   1   2   0.00016     0.018   13.7   0.3    70   146     5    84     2    86 0.86 -
h2tg000414l:2167923-2168300 -            126 116578at71240        -            274   0.00018   20.3   1.8   2   2   0.00049     0.054   12.1   0.1    73   147    42   119    41   124 0.67 -
h2tg001125l:125293-127547   -            719 116578at71240        -            274   0.00056   18.6   0.1   1   1   8.5e-06   0.00094   17.9   0.1   222   265   661   705   656   716 0.77 -
h2tg000026l:256464-259616   -            328 116578at71240        -            274   0.00063   18.4   0.1   1   1   8.6e-06   0.00095   17.9   0.1    50   133    10    97     2   105 0.76 -
h2tg000641l:167304-169634   -            777 116578at71240        -            274   0.00067   18.4   0.5   1   2       2.2   2.5e+02    0.1   0.0   113   161   273   321   252   328 0.63 -
h2tg000641l:167304-169634   -            777 116578at71240        -            274   0.00067   18.4   0.5   2   2   3.7e-05    0.0041   15.8   0.2   222   265   715   759   710   770 0.69 -
h2tg000836l:271402-271004   -            133 116578at71240        -            274    0.0013   17.5   0.0   1   3    0.0054       0.6    8.7   0.1   106   174     5    75     2    78 0.80 -
h2tg000836l:271402-271004   -            133 116578at71240        -            274    0.0013   17.5   0.0   2   3    0.0068      0.75    8.4   0.0   105   147    55   100    50   101 0.83 -
h2tg000836l:271402-271004   -            133 116578at71240        -            274    0.0013   17.5   0.0   3   3     0.097        11    4.6   0.0    45    79    93   130    88   133 0.65 -
h2tg000075l:237691-237113   -            193 116578at71240        -            274    0.0014   17.3   0.0   1   1   2.4e-05    0.0027   16.4   0.0    71   175    69   173    31   185 0.74 -
h2tg000044l:436483-437607   -            369 116578at71240        -            274    0.0015   17.2   0.1   1   1     2e-05    0.0022   16.7   0.1   230   264   329   368   321   369 0.66 -
h2tg000097l:2363238-2365556 -            763 116578at71240        -            274    0.0017   17.1   0.1   1   1   2.5e-05    0.0028   16.3   0.1   230   265   709   749   701   760 0.67 -
h2tg000494l:755290-757607   -            726 116578at71240        -            274    0.0017   17.0   0.1   1   1   2.8e-05    0.0031   16.2   0.1   229   266   671   713   664   723 0.66 -
h2tg000505l:168238-168390   -             51 116578at71240        -            274    0.0018   17.0   0.0   1   1   1.6e-05    0.0018   17.0   0.0    93   139     2    49     1    51 0.78 -
h2tg000312l:589126-591444   -            660 116578at71240        -            274    0.0021   16.8   0.1   1   1   2.9e-05    0.0032   16.1   0.1   225   265   605   646   596   657 0.65 -
h2tg000997l:172134-173258   -            375 116578at71240        -            274    0.0022   16.7   0.1   1   1   2.9e-05    0.0032   16.2   0.1   229   264   334   374   327   375 0.69 -
h2tg000997l:170982-173300   -            773 116578at71240        -            274    0.0023   16.6   0.2   1   1   3.4e-05    0.0038   15.9   0.2   229   265   718   759   711   770 0.69 -
h2tg000582l:217453-218617   -            365 116578at71240        -            274    0.0023   16.6   0.1   1   1     3e-05    0.0034   16.1   0.1   237   264   335   364   318   365 0.69 -
h2tg000356l:451170-450748   -            141 116578at71240        -            274    0.0023   16.6   0.1   1   2     0.013       1.4    7.5   0.0    66   114    12    62     1    81 0.75 -
h2tg000356l:451170-450748   -            141 116578at71240        -            274    0.0023   16.6   0.1   2   2     0.012       1.3    7.6   0.0   103   143    99   141    88   141 0.73 -
h2tg000800l:546334-547458   -            344 116578at71240        -            274    0.0024   16.6   0.1   1   1   3.2e-05    0.0035   16.0   0.1   229   264   303   343   296   344 0.67 -
h2tg000267l:117984-115781   -            717 116578at71240        -            274    0.0024   16.5   0.1   1   1   3.9e-05    0.0043   15.7   0.1   229   265   662   703   655   714 0.67 -
h2tg000600l:59604-60728     -            357 116578at71240        -            274    0.0025   16.5   0.1   1   1   3.4e-05    0.0038   15.9   0.1   229   264   316   356   309   357 0.66 -
h2tg000641l:168444-169580   -            379 116578at71240        -            274    0.0026   16.5   0.1   1   1   3.6e-05    0.0039   15.8   0.1   222   264   335   378   330   379 0.70 -
h2tg001105l:32662-34980     -            770 116578at71240        -            274    0.0027   16.4   0.1   1   1   4.3e-05    0.0048   15.6   0.1   229   265   715   756   708   767 0.67 -
h2tg000130l:1301898-1303034 -            342 116578at71240        -            274    0.0027   16.4   0.2   1   1     5e-05    0.0056   15.3   0.1   228   264   304   341   293   342 0.62 -
h2tg000352l:80903-82027     -            375 116578at71240        -            274    0.0027   16.4   0.1   1   1   3.6e-05     0.004   15.8   0.1   229   264   334   374   327   375 0.66 -
h2tg000600l:58452-60770     -            747 116578at71240        -            274    0.0027   16.4   0.1   1   1   4.2e-05    0.0046   15.6   0.1   229   265   692   733   685   744 0.67 -
h2tg000800l:545182-547539   -            746 116578at71240        -            274    0.0027   16.4   0.1   1   1   4.1e-05    0.0045   15.6   0.1   229   265   678   719   671   730 0.67 -
h2tg000402l:36353-34035     -            773 116578at71240        -            274    0.0028   16.4   0.1   1   1   4.4e-05    0.0048   15.6   0.1   229   265   718   759   711   770 0.67 -
h2tg001105l:33814-34938     -            375 116578at71240        -            274    0.0028   16.4   0.1   1   1   3.6e-05     0.004   15.8   0.1   229   264   334   374   327   375 0.66 -
h2tg000067l:1095622-1096083 -            154 116578at71240        -            274    0.0028   16.3   0.0   1   2   0.00033     0.037   12.7   0.0    71   150    13    95     7   107 0.83 -
h2tg000067l:1095622-1096083 -            154 116578at71240        -            274    0.0028   16.3   0.0   2   2       0.8        89    1.6   0.0    68    93   114   139   103   149 0.58 -
h2tg000599l:229460-227142   -            767 116578at71240        -            274    0.0028   16.3   0.1   1   1   4.3e-05    0.0048   15.6   0.1   229   265   712   753   705   764 0.67 -
h2tg000163l:149710-147392   -            773 116578at71240        -            274    0.0028   16.3   0.1   1   1   4.4e-05    0.0048   15.6   0.1   229   265   718   759   711   770 0.67 -
h2tg000220l:214384-212066   -            773 116578at71240        -            274    0.0029   16.3   0.1   1   1   4.4e-05    0.0048   15.6   0.1   229   265   718   759   711   770 0.67 -
h2tg001124l:78569-76251     -            773 116578at71240        -            274    0.0029   16.3   0.1   1   1   4.4e-05    0.0048   15.6   0.1   229   265   718   759   711   770 0.67 -
h2tg000394l:196881-199194   -            635 116578at71240        -            274    0.0032   16.1   0.1   1   1   4.5e-05     0.005   15.5   0.1   232   265   582   621   575   632 0.67 -
h2tg000137l:89687-87942     -            550 116578at71240        -            274    0.0032   16.1   0.1   1   1   5.3e-05    0.0058   15.3   0.1   229   264   509   549   502   550 0.66 -
h2tg000754l:66541-68859     -            681 116578at71240        -            274    0.0032   16.1   0.2   1   1   5.3e-05    0.0059   15.3   0.2   234   265   635   667   619   678 0.66 -
h2tg000603l:114036-116352   -            651 116578at71240        -            274    0.0033   16.1   0.1   1   1   5.3e-05    0.0059   15.3   0.1   230   265   597   637   589   648 0.67 -
h2tg000754l:67720-68817     -            342 116578at71240        -            274    0.0034   16.1   0.1   1   1   4.7e-05    0.0052   15.5   0.1   232   264   308   341   294   342 0.66 -
h2tg000907l:67608-68732     -            375 116578at71240        -            274    0.0035   16.0   0.1   1   1   4.5e-05     0.005   15.5   0.1   230   264   335   374   327   375 0.65 -
h2tg000325l:255380-253062   -            753 116578at71240        -            274    0.0035   16.0   0.2   1   1   5.5e-05    0.0061   15.2   0.2   227   265   696   739   691   750 0.70 -
h2tg000394l:198031-199152   -            374 116578at71240        -            274    0.0036   16.0   0.1   1   1     5e-05    0.0055   15.4   0.1   232   264   335   373   328   374 0.67 -
h2tg000603l:115201-116310   -            361 116578at71240        -            274    0.0039   15.9   0.1   1   1   5.2e-05    0.0057   15.3   0.1   230   264   321   360   313   361 0.66 -
h2tg000311l:35821-38136     -            772 116578at71240        -            274    0.0039   15.9   0.1   1   1     6e-05    0.0067   15.1   0.1   235   265   728   759   711   770 0.66 -
h2tg000130l:1298259-1297124 -            348 116578at71240        -            274    0.0041   15.8   0.1   1   1   5.4e-05     0.006   15.2   0.1   229   264   307   347   300   348 0.66 -
h2tg000211l:174341-176254   -            636 116578at71240        -            274    0.0044   15.7   0.1   1   1   7.2e-05    0.0079   14.8   0.1   229   264   595   635   588   636 0.66 -
h2tg000034l:585494-587770   -            759 116578at71240        -            274    0.0045   15.7   0.2   1   2       2.6   2.9e+02   -0.1   0.0   115   161   275   321   252   327 0.61 -
h2tg000034l:585494-587770   -            759 116578at71240        -            274    0.0045   15.7   0.2   2   2   0.00025     0.028   13.1   0.0   222   264   715   758   710   759 0.69 -
h2tg000352l:79751-82027     -            754 116578at71240        -            274    0.0047   15.6   0.1   1   1   8.8e-05    0.0097   14.6   0.1   229   264   713   753   706   754 0.66 -
h2tg000044l:182502-184778   -            751 116578at71240        -            274    0.0059   15.3   0.1   1   1   8.8e-05    0.0097   14.6   0.1   229   264   710   750   703   751 0.66 -
h2tg000657l:335000-332705   -            763 116578at71240        -            274     0.007   15.0   0.1   1   1    0.0001     0.011   14.3   0.1   229   265   708   749   701   760 0.66 -
h2tg000797l:186396-197423   -            739 116578at71240        -            274     0.007   15.0   0.1   1   1   0.00011     0.012   14.2   0.1   232   265   687   725   678   736 0.66 -
h2tg000577l:459931-462207   -            759 116578at71240        -            274     0.007   15.0   0.2   1   2       2.4   2.6e+02    0.0   0.0   113   161   273   321   252   328 0.63 -
h2tg000577l:459931-462207   -            759 116578at71240        -            274     0.007   15.0   0.2   2   2    0.0006     0.067   11.8   0.0   222   264   715   758   709   759 0.69 -
h2tg000907l:66456-68732     -            754 116578at71240        -            274    0.0075   14.9   0.1   1   1   0.00011     0.012   14.2   0.1   230   264   714   753   706   754 0.65 -
h2tg001078l:62741-63295     -            185 116578at71240        -            274    0.0076   14.9   0.7   1   2     0.035       3.9    6.0   0.0    72   146    35   112    13   131 0.74 -
h2tg001078l:62741-63295     -            185 116578at71240        -            274    0.0076   14.9   0.7   2   2   0.00019     0.021   13.4   0.4    64   146    95   185    78   185 0.77 -
h2tg000751l:52400-50083     -            686 116578at71240        -            274    0.0076   14.9   0.1   1   1   0.00012     0.013   14.1   0.1   231   265   633   672   624   683 0.63 -
h2tg000075l:185665-185279   -            129 116578at71240        -            274    0.0078   14.9   0.1   1   1   0.00027      0.03   12.9   0.0    71   146     5    84     2    91 0.67 -
h2tg000582l:216301-218614   -            612 116578at71240        -            274    0.0079   14.9   0.1   1   1   0.00011     0.012   14.2   0.1   237   264   583   612   567   612 0.69 -
h2tg000621l:2022371-2024539 -            723 116578at71240        -            274    0.0082   14.8   0.1   1   2         2   2.2e+02    0.2   0.0   113   161   237   285   216   292 0.63 -
h2tg000621l:2022371-2024539 -            723 116578at71240        -            274    0.0082   14.8   0.1   2   2   0.00058     0.065   11.9   0.0   222   264   679   722   674   723 0.68 -
h2tg000577l:461071-462207   -            379 116578at71240        -            274    0.0087   14.7   0.0   1   2       7.8   8.7e+02   -1.7   0.0   199   216   147   164   137   178 0.78 -
h2tg000577l:461071-462207   -            379 116578at71240        -            274    0.0087   14.7   0.0   2   2   0.00024     0.027   13.1   0.0   222   264   335   378   328   379 0.70 -
h2tg001078l:133471-132896   -            192 116578at71240        -            274    0.0089   14.7   0.5   1   1   0.00019     0.021   13.5   0.5    60   136    87   169    63   191 0.72 -
h2tg000521l:21857-71231     -            567 116578at71240        -            274     0.009   14.7   0.0   1   1   0.00015     0.017   13.8   0.0    65   147   458   545   437   563 0.78 -
h2tg000797l:195744-197381   -            521 116578at71240        -            274    0.0097   14.6   0.1   1   1   0.00015     0.017   13.8   0.1   231   264   482   520   474   521 0.66 -
h2tg001078l:120555-121130   -            192 116578at71240        -            274     0.011   14.4   0.5   1   1   0.00017     0.018   13.6   0.4    67   150    98   188    78   192 0.79 -
h2tg000016l:645722-644598   -            375 116578at71240        -            274     0.011   14.4   0.0   1   1   0.00015     0.017   13.8   0.0   221   264   330   374   325   375 0.78 -
h2tg000067l:1020675-1022447 -            591 116578at71240        -            274     0.017   13.8   0.2   1   2       2.1   2.3e+02    0.2   0.0   120   160   112   152    84   160 0.51 -
h2tg000067l:1020675-1022447 -            591 116578at71240        -            274     0.017   13.8   0.2   2   2    0.0011      0.12   11.0   0.0   227   264   552   590   543   591 0.67 -
h2tg000350l:14429-15703     -            425 116578at71240        -            274     0.019   13.6   0.1   1   1   0.00025     0.028   13.0   0.1   228   263   387   423   377   425 0.62 -
h2tg001078l:72764-73210     -            149 116578at71240        -            274     0.024   13.3   0.1   1   2     0.011       1.2    7.7   0.0   108   147    36    80     2    82 0.73 -
h2tg001078l:72764-73210     -            149 116578at71240        -            274     0.024   13.3   0.1   2   2    0.0072       0.8    8.3   0.0    71   145    69   148    64   149 0.81 -
h2tg001078l:112996-113532   -            179 116578at71240        -            274     0.025   13.2   0.3   1   2      0.87        97    1.4   0.0    85   146    43   107    16   107 0.61 -
h2tg001078l:112996-113532   -            179 116578at71240        -            274     0.025   13.2   0.3   2   2   0.00054      0.06   12.0   0.2    67   134    93   162    82   179 0.78 -
h2tg000533l:133361-133921   -            187 116578at71240        -            274     0.026   13.1   0.2   1   2      0.11        13    4.3   0.0   101   130    88   117    61   136 0.78 -
h2tg000533l:133361-133921   -            187 116578at71240        -            274     0.026   13.1   0.2   2   2     0.013       1.5    7.4   0.0   103   146   138   183   129   186 0.72 -
h2tg000075l:226700-226293   -            136 116578at71240        -            274     0.028   13.1   0.0   1   1   0.00037     0.041   12.5   0.0   104   215    13   134     5   136 0.63 -
h2tg000348l:116992-104805   -            773 116578at71240        -            274     0.028   13.0   0.2   1   1   0.00046      0.05   12.2   0.2   236   265   728   759   712   770 0.66 -
h2tg000835l:61499-61227     -             91 116578at71240        -            274     0.029   13.0   0.1   1   1    0.0006     0.066   11.8   0.1    76   149     1    78     1    88 0.72 -
h2tg000350l:13427-15703     -            759 116578at71240        -            274     0.033   12.8   0.1   1   1   0.00052     0.058   12.0   0.1   228   263   721   757   711   759 0.62 -
h2tg000047l:69559-91693     -            710 116578at71240        -            274     0.043   12.4   0.0   1   1   0.00077     0.085   11.5   0.0   108   148   444   484   436   495 0.86 -
h2tg000533l:140106-140447   -            114 116578at71240        -            274     0.049   12.3   0.1   1   2     0.007      0.77    8.3   0.0   104   128    32    56    25    78 0.72 -
h2tg000533l:140106-140447   -            114 116578at71240        -            274     0.049   12.3   0.1   2   2      0.26        29    3.2   0.0    73   142    68   105    63   112 0.40 -
h2tg000347l:806965-807393   -            143 116578at71240        -            274      0.05   12.2   0.1   1   1   0.00052     0.058   12.0   0.1    76   148    38   113    30   136 0.79 -
h2tg001166l:31677-29401     -            759 116578at71240        -            274     0.056   12.1   0.0   1   1   0.00081     0.089   11.4   0.0   223   264   716   758   710   759 0.67 -
h2tg000124l:303978-302920   -            353 116578at71240        -            274     0.075   11.6   0.0   1   1     0.001      0.11   11.0   0.0   231   264   314   352   304   353 0.63 -
h2tg000179l:355492-353216   -            759 116578at71240        -            274     0.084   11.5   0.0   1   1    0.0012      0.13   10.8   0.0   222   264   715   758   710   759 0.72 -
h2tg000298l:571978-573102   -            375 116578at71240        -            274     0.097   11.3   0.1   1   1    0.0014      0.15   10.6   0.1   238   264   346   374   330   375 0.63 -
h2tg000863l:396815-397939   -            357 116578at71240        -            274       0.1   11.2   0.0   1   1    0.0014      0.16   10.6   0.0   238   264   328   356   313   357 0.66 -
h2tg001064l:17546-17154     -            131 116578at71240        -            274      0.12   11.0   0.0   1   1    0.0024      0.27    9.8   0.0   102   146    73   118     1   126 0.72 -
h2tg000650l:276408-276019   -            130 116578at71240        -            274      0.12   11.0   0.0   1   1    0.0012      0.13   10.9   0.0    77   141    33   100     2   123 0.68 -
h2tg000869l:70211-69076     -            377 116578at71240        -            274      0.14   10.7   0.0   1   1    0.0021      0.24   10.0   0.0   238   264   348   376   333   377 0.64 -
h2tg001078l:96610-96254     -            119 116578at71240        -            274      0.16   10.6   0.0   1   1    0.0016      0.17   10.4   0.0   109   147    75   118    42   119 0.87 -
h2tg000065l:4168610-4169746 -            379 116578at71240        -            274      0.16   10.5   0.0   1   1    0.0022      0.25   10.0   0.0   238   264   350   378   335   379 0.64 -
h2tg000072l:2128275-2129411 -            379 116578at71240        -            274      0.16   10.5   0.0   1   1    0.0022      0.25   10.0   0.0   238   264   350   378   335   379 0.64 -
#
# Program:         hmmsearch
# Version:         3.3.2 (Nov 2020)
# Pipeline mode:   SEARCH
# Query file:      /scratch/srb67793/Pelargonium/busco_downloads/lineages/eudicots_odb10/hmms/116578at71240.hmm
# Target file:     /scratch/srb67793/Pelargonium/P_citronellum_omnic-hap2-busco/run_eudicots_odb10/metaeuk_output/initial_results/P_citronellum_OmniC.hic.bp.hap1.p_ctg.fa.modified.fas
# Option settings: hmmsearch --domtblout /scratch/srb67793/Pelargonium/P_citronellum_omnic-hap2-busco/run_eudicots_odb10/hmmer_output/initial_run_results/116578at71240.out --cpu 1 /scratch/srb67793/Pelargonium/busco_downloads/lineages/eudicots_odb10/hmms/116578at71240.hmm /scratch/srb67793/Pelargonium/P_citronellum_omnic-hap2-busco/run_eudicots_odb10/metaeuk_output/initial_results/P_citronellum_OmniC.hic.bp.hap1.p_ctg.fa.modified.fas 
# Current dir:     /scratch/srb67793/Pelargonium
# Date:            Tue Jul 16 10:30:08 2024
# [ok]
