#                                                                                   --- full sequence --- -------------- this domain -------------   hmm coord   ali coord   env coord
# target name               accession   tlen query name           accession   qlen   E-value  score  bias   #  of  c-Evalue  i-Evalue  score  bias  from    to  from    to  from    to  acc description of target
#       ------------------- ---------- ----- -------------------- ---------- ----- --------- ------ ----- --- --- --------- --------- ------ ----- ----- ----- ----- ----- ----- ----- ---- ---------------------
h2tg000068l:699542-698410   -            290 120543at71240        -            219  7.8e-105  348.9  19.5   1   2   2.4e-46   8.5e-44  149.3   3.6     7    96    32   122    29   130 0.95 -
h2tg000068l:699542-698410   -            290 120543at71240        -            219  7.8e-105  348.9  19.5   2   2   1.5e-63   5.3e-61  205.6   8.1    88   219   139   275   129   275 0.94 -
h2tg000066l:161410-168848   -            203 120543at71240        -            219   2.3e-53  180.6  10.1   1   1   7.3e-56   2.6e-53  180.4  10.1    18   217     2   203     1   203 0.88 -
h2tg000069l:95553-94086     -            200 120543at71240        -            219   4.7e-49  166.5  16.1   1   1   2.4e-50   8.5e-48  162.4  16.1    15   217     6   200     1   200 0.88 -
h2tg000600l:517453-518951   -            200 120543at71240        -            219   4.7e-49  166.5  16.1   1   1   2.4e-50   8.5e-48  162.4  16.1    15   217     6   200     1   200 0.88 -
h2tg000119l:131656-132522   -            188 120543at71240        -            219   1.9e-47  161.2  16.2   1   1   3.1e-47   1.1e-44  152.2  16.2    19   219     1   188     1   188 0.92 -
h2tg000963l:163411-161564   -            189 120543at71240        -            219     1e-45  155.6  16.6   1   1     2e-46   6.8e-44  149.6  16.6    19   218     1   189     1   189 0.91 -
h2tg000110l:71160-72593     -            207 120543at71240        -            219   9.6e-45  152.4  17.4   1   1   2.3e-46   7.9e-44  149.4  17.4    17   218     2   195     1   196 0.92 -
h2tg000080l:304082-302636   -            209 120543at71240        -            219   2.4e-38  131.5  19.5   1   2   6.2e-25   2.2e-22   79.3  10.3    17   145     2   136     1   138 0.86 -
h2tg000080l:304082-302636   -            209 120543at71240        -            219   2.4e-38  131.5  19.5   2   2   2.6e-18   9.1e-16   57.7   2.2   169   218   138   187   135   188 0.96 -
h2tg000102l:319065-319912   -            169 120543at71240        -            219   2.6e-36  124.8  20.3   1   2   8.6e-17     3e-14   52.7   6.4    18    85     1    68     1    70 0.98 -
h2tg000102l:319065-319912   -            169 120543at71240        -            219   2.6e-36  124.8  20.3   2   2   7.4e-25   2.6e-22   79.1   6.5   128   217    68   161    65   163 0.89 -
h2tg000266l:476111-478387   -            246 120543at71240        -            219   7.7e-32  110.2  10.0   1   1   2.8e-34   9.6e-32  109.9  10.0    10   214    14   228     7   233 0.80 -
h2tg000914l:84103-82443     -            238 120543at71240        -            219   1.9e-31  108.9  16.5   1   1   6.7e-34   2.3e-31  108.7  16.5    10   215    11   227     5   231 0.82 -
h2tg000089l:869979-872462   -            242 120543at71240        -            219   6.3e-31  107.2  17.2   1   1   2.2e-33   7.8e-31  106.9  17.2    11   213    12   227     5   233 0.79 -
h2tg000602l:12027-14084     -            236 120543at71240        -            219     1e-29  103.3  13.2   1   1   3.6e-32   1.3e-29  103.0  13.2    10   217    14   223     7   225 0.84 -
h2tg000512l:667339-665786   -            245 120543at71240        -            219   4.2e-29  101.3  17.2   1   1   1.6e-31   5.6e-29  100.9  17.2    13   213    17   229     8   234 0.79 -
h2tg000131l:145920-147400   -            237 120543at71240        -            219   6.1e-28   97.5  12.3   1   1   2.2e-30   7.7e-28   97.2  12.3    10   217     8   230     2   232 0.82 -
h2tg000577l:347360-346423   -            236 120543at71240        -            219     2e-26   92.5  15.4   1   1   6.9e-29   2.4e-26   92.3  15.4    10   216    12   233     5   236 0.77 -
h2tg001154l:40786-39889     -            242 120543at71240        -            219   3.7e-26   91.7  16.7   1   1   1.3e-28   4.5e-26   91.4  16.7    12   217    13   233     5   235 0.79 -
h2tg000483l:49564-48750     -            246 120543at71240        -            219   3.7e-26   91.6  11.4   1   1   1.4e-28   4.8e-26   91.3  11.4    10   216    12   233     7   236 0.81 -
h2tg000265l:315706-312659   -            238 120543at71240        -            219   4.3e-26   91.4  15.9   1   1   1.5e-28   5.2e-26   91.2  15.9    14   216    16   233     6   236 0.81 -
h2tg000224l:163830-161718   -            239 120543at71240        -            219   9.7e-26   90.3  14.0   1   1   3.7e-28   1.3e-25   89.9  14.0     8   215    13   237     7   239 0.78 -
h2tg000169l:10923-9829      -            244 120543at71240        -            219   6.3e-25   87.6  15.3   1   1   2.3e-27   8.1e-25   87.3  15.3    11   216    12   231     6   234 0.82 -
h2tg000634l:58611-59342     -            244 120543at71240        -            219   8.7e-19   67.6  19.7   1   2   6.3e-14   2.2e-11   43.3   9.3    15   112     1   101     1   119 0.84 -
h2tg000634l:58611-59342     -            244 120543at71240        -            219   8.7e-19   67.6  19.7   2   2   7.3e-10   2.5e-07   30.1   2.6   127   209   135   233   128   241 0.73 -
h2tg000889l:326185-325118   -            157 120543at71240        -            219   2.5e-18   66.0   4.4   1   1   8.9e-21   3.1e-18   65.8   4.4    69   212     1   155     1   157 0.80 -
h2tg000634l:54110-54715     -            202 120543at71240        -            219   4.8e-18   65.1  16.3   1   2   8.5e-12     3e-09   36.4   5.5    53   112    12    71     5    90 0.89 -
h2tg000634l:54110-54715     -            202 120543at71240        -            219   4.8e-18   65.1  16.3   2   2   2.8e-11   9.7e-09   34.7   3.0   127   207   105   201    99   202 0.73 -
h2tg001136l:42080-40911     -            158 120543at71240        -            219   1.1e-17   64.0   3.7   1   1   4.1e-20   1.4e-17   63.6   3.7    69   211     2   156     1   158 0.81 -
h2tg000222l:3070-2349       -            154 120543at71240        -            219   2.5e-17   62.8   4.2   1   1   8.7e-20     3e-17   62.5   4.2    69   212     2   152     1   154 0.85 -
h2tg000291l:162866-162648   -             73 120543at71240        -            219   8.7e-17   61.0   2.3   1   1   2.7e-19   9.4e-17   60.9   2.3    19    89     1    72     1    73 0.92 -
h2tg000818l:378239-379310   -            159 120543at71240        -            219   1.7e-16   60.1   6.2   1   1   6.1e-19   2.1e-16   59.7   6.2    67   212    11   157     2   159 0.88 -
h2tg000726l:178161-177634   -            142 120543at71240        -            219     3e-16   59.3   3.3   1   1     1e-18   3.6e-16   59.0   3.3    69   191     2   135     1   140 0.85 -
h2tg000485l:313953-314477   -            139 120543at71240        -            219   9.5e-15   54.4   2.4   1   1   3.3e-17   1.2e-14   54.1   2.4    69   190     2   134     1   139 0.84 -
h2tg000795l:54390-54961     -            140 120543at71240        -            219   1.4e-13   50.5   1.4   1   1   5.1e-16   1.8e-13   50.2   1.4    69   189     2   134     1   140 0.79 -
h2tg000577l:1220631-1221168 -            145 120543at71240        -            219   2.2e-13   49.9   2.6   1   1   1.3e-15   4.7e-13   48.8   2.6    68   190     2   137     1   142 0.74 -
h2tg000785l:226382-225896   -            134 120543at71240        -            219   3.4e-13   49.3   3.1   1   1   1.1e-15   3.8e-13   49.1   3.1    68   196     2   134     1   134 0.83 -
h2tg000147l:800807-802305   -            128 120543at71240        -            219   2.3e-12   46.6   6.5   1   1   8.3e-15   2.9e-12   46.2   6.5    69   188     2   128     1   128 0.87 -
h2tg000055l:82034-80348     -            140 120543at71240        -            219   6.9e-12   45.0   4.8   1   1   3.9e-14   1.4e-11   44.0   4.8    69   189     2   134     1   140 0.75 -
h2tg000058l:1365641-1365399 -             81 120543at71240        -            219   9.8e-12   44.5   1.3   1   1   2.9e-14     1e-11   44.4   1.3    38    91    28    81     4    81 0.84 -
h2tg000399l:193495-192338   -            134 120543at71240        -            219   2.4e-11   43.2   7.3   1   1     1e-13   3.6e-11   42.6   7.3    67   188     1   134     1   134 0.76 -
h2tg000634l:61474-62028     -            185 120543at71240        -            219   8.3e-11   41.5   9.2   1   1   4.2e-13   1.5e-10   40.6   9.2    62   208     9   178     2   184 0.71 -
h2tg000113l:186534-187202   -            223 120543at71240        -            219   5.8e-07   28.9   9.9   1   1   3.1e-09   1.1e-06   28.0   9.9    34   213    27   223     5   223 0.69 -
#
# Program:         hmmsearch
# Version:         3.3.2 (Nov 2020)
# Pipeline mode:   SEARCH
# Query file:      /scratch/srb67793/Pelargonium/busco_downloads/lineages/eudicots_odb10/hmms/120543at71240.hmm
# Target file:     /scratch/srb67793/Pelargonium/P_citronellum_omnic-hap2-busco/run_eudicots_odb10/metaeuk_output/initial_results/P_citronellum_OmniC.hic.bp.hap1.p_ctg.fa.modified.fas
# Option settings: hmmsearch --domtblout /scratch/srb67793/Pelargonium/P_citronellum_omnic-hap2-busco/run_eudicots_odb10/hmmer_output/initial_run_results/120543at71240.out --cpu 1 /scratch/srb67793/Pelargonium/busco_downloads/lineages/eudicots_odb10/hmms/120543at71240.hmm /scratch/srb67793/Pelargonium/P_citronellum_omnic-hap2-busco/run_eudicots_odb10/metaeuk_output/initial_results/P_citronellum_OmniC.hic.bp.hap1.p_ctg.fa.modified.fas 
# Current dir:     /scratch/srb67793/Pelargonium
# Date:            Tue Jul 16 10:30:07 2024
# [ok]
