#                                                                                   --- full sequence --- -------------- this domain -------------   hmm coord   ali coord   env coord
# target name               accession   tlen query name           accession   qlen   E-value  score  bias   #  of  c-Evalue  i-Evalue  score  bias  from    to  from    to  from    to  acc description of target
#       ------------------- ---------- ----- -------------------- ---------- ----- --------- ------ ----- --- --- --------- --------- ------ ----- ----- ----- ----- ----- ----- ----- ---- ---------------------
h2tg000892l:36599-34512     -            222 128137at71240        -            190   3.5e-74  248.2   6.8   1   1   3.6e-75   5.1e-73  244.4   6.8     1   190    16   222    16   222 0.89 -
h2tg000505l:225645-224086   -            520 128137at71240        -            190   1.4e-37  128.8   9.4   1   3   9.2e-07   0.00013   21.3   0.0    36    98   163   227   146   235 0.88 -
h2tg000505l:225645-224086   -            520 128137at71240        -            190   1.4e-37  128.8   9.4   2   3   4.9e-16   6.9e-14   51.5   1.9    41   142   234   343   226   358 0.87 -
h2tg000505l:225645-224086   -            520 128137at71240        -            190   1.4e-37  128.8   9.4   3   3   3.3e-18   4.6e-16   58.6   0.7    47   159   361   480   357   495 0.82 -
h2tg001162l:14572-16005     -            478 128137at71240        -            190   1.2e-36  125.8   9.4   1   3   2.5e-14   3.6e-12   45.9   0.3    37   165   167   302   163   306 0.87 -
h2tg001162l:14572-16005     -            478 128137at71240        -            190   1.2e-36  125.8   9.4   2   3     6e-08   8.5e-06   25.2   0.0    40    91   303   356   300   360 0.86 -
h2tg001162l:14572-16005     -            478 128137at71240        -            190   1.2e-36  125.8   9.4   3   3   4.8e-18   6.8e-16   58.1   1.4    48   144   365   468   360   478 0.74 -
h2tg000575l:15004-16308     -            435 128137at71240        -            190   4.2e-30  104.4  10.2   1   4    0.0019      0.26   10.5   0.2   119   187   142   211   129   214 0.82 -
h2tg000575l:15004-16308     -            435 128137at71240        -            190   4.2e-30  104.4  10.2   2   4   4.1e-08   5.8e-06   25.7   0.1    30    94   206   277   204   286 0.79 -
h2tg000575l:15004-16308     -            435 128137at71240        -            190   4.2e-30  104.4  10.2   3   4   3.2e-08   4.5e-06   26.0   0.1    40    92   287   342   283   347 0.85 -
h2tg000575l:15004-16308     -            435 128137at71240        -            190   4.2e-30  104.4  10.2   4   4   6.9e-15   9.7e-13   47.8   0.4    47   125   349   429   346   435 0.87 -
h2tg000410l:310066-304583   -            566 128137at71240        -            190   2.7e-26   92.0   0.0   1   2   6.9e-13   9.8e-11   41.3   0.0    40   123    54   139    48   142 0.91 -
h2tg000410l:310066-304583   -            566 128137at71240        -            190   2.7e-26   92.0   0.0   2   2   2.4e-17   3.5e-15   55.8   0.0    37   157   117   247   116   253 0.88 -
h2tg000075l:237691-237113   -            193 128137at71240        -            190   6.4e-25   87.5   3.9   1   3   2.6e-06   0.00037   19.8   0.0    45    94    35    92     3    94 0.87 -
h2tg000075l:237691-237113   -            193 128137at71240        -            190   6.4e-25   87.5   3.9   2   3   2.5e-14   3.5e-12   46.0   0.1    37   122    66   155    61   167 0.86 -
h2tg000075l:237691-237113   -            193 128137at71240        -            190   6.4e-25   87.5   3.9   3   3   7.1e-11     1e-08   34.7   0.2    34   120    97   192    92   193 0.78 -
h2tg001078l:133471-132896   -            192 128137at71240        -            190   1.1e-23   83.5   1.9   1   3   2.9e-06   0.00041   19.7   0.1    47   114     5    78     3    78 0.83 -
h2tg001078l:133471-132896   -            192 128137at71240        -            190   1.1e-23   83.5   1.9   2   3   1.7e-07   2.5e-05   23.6   0.0    45    96    39    93    25    97 0.84 -
h2tg001078l:133471-132896   -            192 128137at71240        -            190   1.1e-23   83.5   1.9   3   3   5.1e-16   7.3e-14   51.5   0.0    34   146    62   189    58   192 0.74 -
h2tg001254l:42022-47812     -            437 128137at71240        -            190   9.8e-23   80.4   0.0   1   3     0.017       2.4    7.4   0.0    47    99    41    96    29   100 0.82 -
h2tg001254l:42022-47812     -            437 128137at71240        -            190   9.8e-23   80.4   0.0   2   3   8.2e-08   1.2e-05   24.7   0.0    65   107   101   143    96   148 0.94 -
h2tg001254l:42022-47812     -            437 128137at71240        -            190   9.8e-23   80.4   0.0   3   3   7.1e-14     1e-11   44.5   0.0    64   155   167   265   161   278 0.87 -
h2tg001203l:37486-37112     -            125 128137at71240        -            190     6e-22   77.8   1.6   1   2   8.4e-15   1.2e-12   47.5   0.2    80   161     6    93     2    93 0.88 -
h2tg001203l:37486-37112     -            125 128137at71240        -            190     6e-22   77.8   1.6   2   2   3.3e-11   4.7e-09   35.8   0.1    38    98    62   124    49   125 0.62 -
h2tg000654l:132694-138934   -            361 128137at71240        -            190   1.3e-21   76.7   0.1   1   3     8e-07   0.00011   21.5   0.0    49   112     4    70     2    70 0.86 -
h2tg000654l:132694-138934   -            361 128137at71240        -            190   1.3e-21   76.7   0.1   2   3   9.7e-14   1.4e-11   44.0   0.0    38   123    27   114    23   136 0.83 -
h2tg000654l:132694-138934   -            361 128137at71240        -            190   1.3e-21   76.7   0.1   3   3     4e-07   5.7e-05   22.5   0.0    16    93   128   208   113   218 0.65 -
h2tg001078l:72764-73210     -            149 128137at71240        -            190   3.2e-21   75.5   1.5   1   2   3.3e-10   4.7e-08   32.5   0.1    45    99     2    59     1    64 0.88 -
h2tg001078l:72764-73210     -            149 128137at71240        -            190   3.2e-21   75.5   1.5   2   2     4e-15   5.7e-13   48.6   0.2    45   130    36   131    30   149 0.78 -
h2tg001078l:120555-121130   -            192 128137at71240        -            190   9.9e-21   73.9   0.7   1   2   9.7e-09   1.4e-06   27.7   0.1    47   122     5    86     3    89 0.83 -
h2tg001078l:120555-121130   -            192 128137at71240        -            190   9.9e-21   73.9   0.7   2   2   5.5e-16   7.7e-14   51.4   0.1    35   147    63   190    59   192 0.80 -
h2tg000413l:44316-44891     -            192 128137at71240        -            190   1.6e-20   73.2   0.0   1   2     0.043       6.2    6.1   0.0    75    94    38    57     5    66 0.72 -
h2tg000413l:44316-44891     -            192 128137at71240        -            190   1.6e-20   73.2   0.0   2   2   6.9e-19   9.8e-17   60.8   0.0    36   142    64   186    57   188 0.79 -
h2tg001078l:62741-63295     -            185 128137at71240        -            190   1.8e-20   73.0   0.5   1   2   2.4e-08   3.3e-06   26.5   0.1    47   118     5    82     3    84 0.83 -
h2tg001078l:62741-63295     -            185 128137at71240        -            190   1.8e-20   73.0   0.5   2   2   4.6e-16   6.5e-14   51.6   0.0    35   139    63   182    58   185 0.78 -
h2tg001078l:123725-124192   -            156 128137at71240        -            190   5.8e-20   71.4   0.4   1   2   6.5e-09   9.2e-07   28.3   0.1    48   118     2    78     1    79 0.83 -
h2tg001078l:123725-124192   -            156 128137at71240        -            190   5.8e-20   71.4   0.4   2   2   6.7e-15   9.6e-13   47.8   0.0    34   124    58   155    54   156 0.83 -
h2tg001078l:106459-106923   -            155 128137at71240        -            190   7.7e-20   71.0   0.9   1   2   5.9e-10   8.4e-08   31.7   0.1    48   120     2    79     1    86 0.85 -
h2tg001078l:106459-106923   -            155 128137at71240        -            190   7.7e-20   71.0   0.9   2   2   7.4e-14   1.1e-11   44.4   0.1    43   123    66   150    64   155 0.84 -
h2tg000196l:176700-176320   -            127 128137at71240        -            190   9.6e-20   70.7   2.9   1   2   1.9e-17   2.7e-15   56.1   1.9    43   124     9    94     1    96 0.84 -
h2tg000196l:176700-176320   -            127 128137at71240        -            190   9.6e-20   70.7   2.9   2   2   5.2e-05    0.0073   15.6   0.0    55    89    89   126    86   127 0.84 -
h2tg000560l:193557-193006   -            184 128137at71240        -            190   1.2e-19   70.3   0.5   1   2   1.6e-07   2.3e-05   23.7   0.1    39   113     6    83     2    99 0.88 -
h2tg000560l:193557-193006   -            184 128137at71240        -            190   1.2e-19   70.3   0.5   2   2   5.2e-14   7.3e-12   44.9   0.0    40   113   108   183   100   184 0.58 -
h2tg000266l:519769-519365   -            135 128137at71240        -            190   1.5e-19   70.0   0.1   1   1   6.2e-21   8.8e-19   67.5   0.1    35   142    14   133     1   135 0.79 -
h2tg001078l:112996-113532   -            179 128137at71240        -            190   4.2e-19   68.5   0.1   1   2   5.7e-08     8e-06   25.2   0.1    50   118     3    77     1    78 0.84 -
h2tg001078l:112996-113532   -            179 128137at71240        -            190   4.2e-19   68.5   0.1   2   2     6e-15   8.5e-13   48.0   0.0    34   132    57   162    52   179 0.80 -
h2tg000215l:917347-916895   -            151 128137at71240        -            190   5.5e-19   68.2   0.0   1   3      0.17        24    4.1   0.0    47    65     4    22     2    29 0.88 -
h2tg000215l:917347-916895   -            151 128137at71240        -            190   5.5e-19   68.2   0.0   2   3   2.2e-17   3.1e-15   56.0   0.0    35   116    26   111    21   122 0.88 -
h2tg000215l:917347-916895   -            151 128137at71240        -            190   5.5e-19   68.2   0.0   3   3     0.086        12    5.1   0.0    99   116   134   151   129   151 0.68 -
h2tg000914l:140190-140576   -            129 128137at71240        -            190   9.9e-19   67.3   5.2   1   2   5.5e-16   7.9e-14   51.4   2.4    45   116    11    86     3    88 0.87 -
h2tg000914l:140190-140576   -            129 128137at71240        -            190   9.9e-19   67.3   5.2   2   2   1.7e-05    0.0024   17.2   0.1    55    91    89   128    86   129 0.85 -
h2tg000089l:790313-789918   -            132 128137at71240        -            190   1.6e-18   66.7   5.3   1   2   6.3e-16     9e-14   51.2   2.7    46   116     7    81     3    83 0.87 -
h2tg000089l:790313-789918   -            132 128137at71240        -            190   1.6e-18   66.7   5.3   2   2   2.8e-05    0.0039   16.5   0.0    55    91    84   123    81   131 0.88 -
h2tg000112l:30507-30007     -            167 128137at71240        -            190   2.2e-18   66.2   2.3   1   2      0.08        11    5.2   0.0    45    66    29    50    16    62 0.78 -
h2tg000112l:30507-30007     -            167 128137at71240        -            190   2.2e-18   66.2   2.3   2   2   7.9e-19   1.1e-16   60.6   1.0    28   119    57   153    49   166 0.81 -
h2tg000265l:540345-540740   -            132 128137at71240        -            190   2.7e-18   65.9   8.0   1   2   2.4e-14   3.3e-12   46.1   2.6    44   124    16   103     4   106 0.66 -
h2tg000265l:540345-540740   -            132 128137at71240        -            190   2.7e-18   65.9   8.0   2   2   3.3e-09   4.7e-07   29.3   0.3    34    88    74   131    67   132 0.76 -
h2tg000215l:904742-905329   -            196 128137at71240        -            190   5.3e-18   65.0   0.6   1   3     0.072        10    5.3   0.0    45    63    38    56    34    64 0.77 -
h2tg000215l:904742-905329   -            196 128137at71240        -            190   5.3e-18   65.0   0.6   2   3   1.1e-16   1.5e-14   53.7   0.1    35   119    62   150    57   167 0.85 -
h2tg000215l:904742-905329   -            196 128137at71240        -            190   5.3e-18   65.0   0.6   3   3      0.17        24    4.2   0.0    82   115   153   186   147   195 0.70 -
h2tg001064l:17546-17154     -            131 128137at71240        -            190   5.4e-18   64.9   0.3   1   2   7.2e-05      0.01   15.1   0.0    48    99     2    57     1    68 0.81 -
h2tg001064l:17546-17154     -            131 128137at71240        -            190   5.4e-18   64.9   0.3   2   2   3.6e-15   5.1e-13   48.7   0.1    29    94    63   131    60   131 0.88 -
h2tg000800l:85425-82604     -            258 128137at71240        -            190   7.8e-18   64.4   0.7   1   2    0.0022      0.32   10.2   0.0    46   101    14    72     6    82 0.82 -
h2tg000800l:85425-82604     -            258 128137at71240        -            190   7.8e-18   64.4   0.7   2   2   1.9e-16   2.7e-14   52.9   0.4    44   125    79   162    71   169 0.93 -
h2tg000025l:186231-185809   -            141 128137at71240        -            190   1.4e-17   63.6   0.8   1   3     0.037       5.2    6.3   0.1    45    65    38    58     4    65 0.69 -
h2tg000025l:186231-185809   -            141 128137at71240        -            190   1.4e-17   63.6   0.8   2   3   1.8e-08   2.5e-06   26.9   0.1    45    94    38    90    31    91 0.86 -
h2tg000025l:186231-185809   -            141 128137at71240        -            190   1.4e-17   63.6   0.8   3   3   5.2e-13   7.4e-11   41.7   0.0    37   109    64   139    58   141 0.87 -
h2tg000977l:102014-100777   -            190 128137at71240        -            190   1.8e-17   63.2   0.1   1   1   3.4e-19   4.8e-17   61.8   0.1    42   172    31   167    18   170 0.88 -
h2tg000396l:254898-255281   -            128 128137at71240        -            190   2.8e-17   62.6   1.2   1   1   3.1e-19   4.3e-17   62.0   1.2    41   141    17   127    10   128 0.83 -
h2tg000414l:2167923-2168300 -            126 128137at71240        -            190   6.2e-17   61.5   2.4   1   2   7.8e-15   1.1e-12   47.6   1.0    43   125     9    95     1   100 0.84 -
h2tg000414l:2167923-2168300 -            126 128137at71240        -            190   6.2e-17   61.5   2.4   2   2   4.5e-05    0.0064   15.8   0.0    55    89    89   126    87   126 0.84 -
h2tg001203l:37999-37655     -            115 128137at71240        -            190   1.8e-16   60.0   0.2   1   2   6.8e-17   9.7e-15   54.3   0.0    47   140     2   104     1   106 0.84 -
h2tg001203l:37999-37655     -            115 128137at71240        -            190   1.8e-16   60.0   0.2   2   2    0.0031      0.43    9.8   0.0    59    89    82   114    81   115 0.81 -
h2tg000914l:131106-131501   -            132 128137at71240        -            190   3.2e-16   59.2   0.4   1   1     7e-18     1e-15   57.5   0.4    43   142    19   128     9   132 0.85 -
h2tg001322l:28643-29032     -            130 128137at71240        -            190   3.2e-16   59.2   1.5   1   1   7.6e-18   1.1e-15   57.4   1.5    45   141    23   129    13   130 0.83 -
h2tg001078l:100830-101207   -            126 128137at71240        -            190   5.2e-16   58.5   0.2   1   2      0.02       2.8    7.2   0.0    45    63    10    28     3    33 0.78 -
h2tg001078l:100830-101207   -            126 128137at71240        -            190   5.2e-16   58.5   0.2   2   2   1.7e-15   2.4e-13   49.8   0.0    35   123    34   126    29   126 0.87 -
h2tg000579l:608246-607560   -            229 128137at71240        -            190   6.8e-16   58.1   1.0   1   2   3.3e-08   4.7e-06   26.0   0.0    34   109    28   106     2   108 0.76 -
h2tg000579l:608246-607560   -            229 128137at71240        -            190   6.8e-16   58.1   1.0   2   2   1.4e-08     2e-06   27.2   0.2    44   121   142   221   132   227 0.84 -
h2tg000678l:429264-429656   -            131 128137at71240        -            190   4.3e-15   55.5   1.8   1   2   4.1e-14   5.8e-12   45.3   0.3    38   117     9    92     2   100 0.85 -
h2tg000678l:429264-429656   -            131 128137at71240        -            190   4.3e-15   55.5   1.8   2   2    0.0024      0.34   10.1   0.1    58    87    97   129    92   131 0.58 -
h2tg001078l:129936-129490   -            149 128137at71240        -            190   8.7e-15   54.5   3.0   1   2   4.3e-05    0.0061   15.8   0.1    46    94     1    52     1    52 0.81 -
h2tg001078l:129936-129490   -            149 128137at71240        -            190   8.7e-15   54.5   3.0   2   2     4e-14   5.7e-12   45.3   0.7    37   143    26   148    20   149 0.80 -
h2tg000836l:271402-271004   -            133 128137at71240        -            190   1.8e-14   53.4   0.4   1   2   9.4e-05     0.013   14.7   0.1    71   107     2    38     1    41 0.84 -
h2tg000836l:271402-271004   -            133 128137at71240        -            190   1.8e-14   53.4   0.4   2   2   2.6e-11   3.7e-09   36.1   0.0    30   115    43   133    39   133 0.90 -
h2tg000356l:451170-450748   -            141 128137at71240        -            190   8.1e-14   51.3   0.6   1   2     7e-10     1e-07   31.5   0.1    66   117    12    64     1    70 0.76 -
h2tg000356l:451170-450748   -            141 128137at71240        -            190   8.1e-14   51.3   0.6   2   2   5.9e-06   0.00084   18.7   0.1    65   111    93   141    74   141 0.79 -
h2tg000469l:18894-18469     -            142 128137at71240        -            190   1.3e-13   50.7   0.0   1   2   2.7e-13   3.8e-11   42.6   0.0    35   117    13    99     6   106 0.88 -
h2tg000469l:18894-18469     -            142 128137at71240        -            190   1.3e-13   50.7   0.0   2   2     0.043       6.1    6.1   0.0   100   122   118   140   104   142 0.69 -
h2tg000067l:1095622-1096083 -            154 128137at71240        -            190   1.3e-13   50.6   0.2   1   2   1.1e-08   1.6e-06   27.5   0.1    35   118     8    95     5   105 0.74 -
h2tg000067l:1095622-1096083 -            154 128137at71240        -            190   1.3e-13   50.6   0.2   2   2   7.7e-07   0.00011   21.5   0.0    33    70   110   148    98   154 0.85 -
h2tg000347l:806965-807393   -            143 128137at71240        -            190   2.7e-13   49.6   0.6   1   2      0.12        17    4.6   0.0    45    64    38    57    32    63 0.66 -
h2tg000347l:806965-807393   -            143 128137at71240        -            190   2.7e-13   49.6   0.6   2   2   8.6e-14   1.2e-11   44.2   0.1    32   112    59   142    54   143 0.90 -
h2tg000698l:58279-58779     -            167 128137at71240        -            190   3.9e-13   49.1   0.0   1   2     8e-07   0.00011   21.5   0.0    71   115     1    46     1    49 0.91 -
h2tg000698l:58279-58779     -            167 128137at71240        -            190   3.9e-13   49.1   0.0   2   2   3.7e-08   5.3e-06   25.8   0.0    65   113    77   127    60   164 0.73 -
h2tg000650l:276408-276019   -            130 128137at71240        -            190   3.9e-13   49.1   0.3   1   2    0.0043      0.61    9.3   0.0    45    98    32    54     1    60 0.50 -
h2tg000650l:276408-276019   -            130 128137at71240        -            190   3.9e-13   49.1   0.3   2   2   5.6e-12   7.9e-10   38.3   0.1    38    95    59   119    56   129 0.78 -
h2tg000283l:265526-265101   -            142 128137at71240        -            190   4.8e-13   48.8   0.1   1   3       9.6   1.4e+03   -1.6   0.0    47    64     1    18     1    22 0.71 -
h2tg000283l:265526-265101   -            142 128137at71240        -            190   4.8e-13   48.8   0.1   2   3   3.8e-10   5.3e-08   32.3   0.0    37   123    25   118    16   124 0.86 -
h2tg000283l:265526-265101   -            142 128137at71240        -            190   4.8e-13   48.8   0.1   3   3   1.3e-06   0.00018   20.8   0.0    30    77    89   139    85   141 0.82 -
h2tg000361l:1350404-1350027 -            126 128137at71240        -            190   8.8e-13   47.9   0.2   1   2     0.033       4.7    6.4   0.0    81   119     9    50     3    60 0.44 -
h2tg000361l:1350404-1350027 -            126 128137at71240        -            190   8.8e-13   47.9   0.2   2   2   2.4e-12   3.4e-10   39.5   0.0    34    94    63   126    56   126 0.90 -
h2tg001078l:39937-39572     -            122 128137at71240        -            190   1.8e-12   46.9   1.4   1   2   0.00035      0.05   12.9   0.0    49   102     3    61     1    66 0.76 -
h2tg001078l:39937-39572     -            122 128137at71240        -            190   1.8e-12   46.9   1.4   2   2   1.9e-10   2.8e-08   33.3   0.9    45    87    69   118    58   121 0.83 -
h2tg000075l:139091-139603   -            171 128137at71240        -            190   1.9e-12   46.9   0.7   1   2    0.0073         1    8.6   0.0    45    66     4    25     2    31 0.78 -
h2tg000075l:139091-139603   -            171 128137at71240        -            190   1.9e-12   46.9   0.7   2   2     1e-11   1.4e-09   37.5   0.2    33   118    26   124    20   167 0.76 -
h2tg000326l:213823-214182   -            120 128137at71240        -            190   1.1e-11   44.3   0.0   1   2    0.0082       1.2    8.4   0.0   134   163     3    32     1    42 0.88 -
h2tg000326l:213823-214182   -            120 128137at71240        -            190   1.1e-11   44.3   0.0   2   2     9e-11   1.3e-08   34.4   0.0    53   115    45   109    38   116 0.86 -
h2tg000697l:444693-445052   -            120 128137at71240        -            190   1.5e-11   43.9   0.0   1   2      0.01       1.5    8.1   0.0   134   163     3    32     1    44 0.88 -
h2tg000697l:444693-445052   -            120 128137at71240        -            190   1.5e-11   43.9   0.0   2   2     9e-11   1.3e-08   34.4   0.0    53   115    45   109    38   116 0.86 -
h2tg000075l:182732-183196   -            155 128137at71240        -            190   1.6e-11   43.9   0.4   1   3       1.5   2.2e+02    1.0   0.0    46    65     3    22     2    24 0.85 -
h2tg000075l:182732-183196   -            155 128137at71240        -            190   1.6e-11   43.9   0.4   2   3   5.7e-12     8e-10   38.3   0.0    38   121    34   121    29   135 0.83 -
h2tg000075l:182732-183196   -            155 128137at71240        -            190   1.6e-11   43.9   0.4   3   3       1.2   1.7e+02    1.4   0.0    33    52   136   155   124   155 0.86 -
h2tg001129l:103715-103215   -            167 128137at71240        -            190   3.2e-11   42.9   0.0   1   2   4.7e-06   0.00067   19.0   0.0    71   115     1    46     1    49 0.91 -
h2tg001129l:103715-103215   -            167 128137at71240        -            190   3.2e-11   42.9   0.0   2   2   5.1e-07   7.2e-05   22.1   0.1    64   127    76   148    60   166 0.70 -
h2tg000314l:52978-53196     -             73 128137at71240        -            190   5.7e-11   42.0   0.0   1   1   4.5e-13   6.4e-11   41.9   0.0    51   109    13    73     2    73 0.86 -
h2tg000075l:124451-123981   -            157 128137at71240        -            190   8.6e-11   41.5   0.1   1   3       2.8   3.9e+02    0.2   0.0    46    65     5    24     4    26 0.84 -
h2tg000075l:124451-123981   -            157 128137at71240        -            190   8.6e-11   41.5   0.1   2   3   1.5e-10   2.2e-08   33.6   0.0    37   121    35   123    30   133 0.84 -
h2tg000075l:124451-123981   -            157 128137at71240        -            190   8.6e-11   41.5   0.1   3   3      0.13        18    4.5   0.0    24    52   129   157   120   157 0.78 -
h2tg000075l:185665-185279   -            129 128137at71240        -            190   1.3e-10   40.9   0.3   1   2   8.3e-10   1.2e-07   31.2   0.1    39   116     4    86     1    96 0.81 -
h2tg000075l:185665-185279   -            129 128137at71240        -            190   1.3e-10   40.9   0.3   2   2     0.011       1.5    8.0   0.0    35   116   112   129   103   129 0.57 -
h2tg000363l:963524-955815   -            189 128137at71240        -            190   1.5e-10   40.7   0.2   1   2   1.1e-10   1.5e-08   34.1   0.1    55   126    31   107    18   111 0.84 -
h2tg000363l:963524-955815   -            189 128137at71240        -            190   1.5e-10   40.7   0.2   2   2      0.11        15    4.8   0.0    61    92   142   173   131   184 0.63 -
h2tg001078l:96610-96254     -            119 128137at71240        -            190     2e-10   40.2   1.7   1   2   0.00037     0.052   12.8   0.0    47   102     6    66     1    71 0.78 -
h2tg001078l:96610-96254     -            119 128137at71240        -            190     2e-10   40.2   1.7   2   2   1.8e-08   2.6e-06   26.8   0.7    45    83    74   119    64   119 0.83 -
h2tg000280l:1118328-1110780 -            189 128137at71240        -            190   2.6e-10   39.9   0.4   1   2   1.9e-10   2.7e-08   33.3   0.1    55   125    31   106    18   110 0.83 -
h2tg000280l:1118328-1110780 -            189 128137at71240        -            190   2.6e-10   39.9   0.4   2   2      0.11        15    4.8   0.0    61    92   142   173   131   184 0.63 -
h2tg000075l:244867-245250   -            128 128137at71240        -            190   1.6e-09   37.3   0.6   1   1   3.7e-11   5.3e-09   35.6   0.6    27    93    53   122     3   127 0.77 -
h2tg000536l:92522-92277     -             82 128137at71240        -            190   1.9e-09   37.1   0.0   1   1   1.4e-11   1.9e-09   37.0   0.0    50   109    21    82     4    82 0.88 -
h2tg000469l:6154-6600       -            149 128137at71240        -            190     2e-09   37.0   0.6   1   2   0.00016     0.023   13.9   0.0    47    95    38    89    32    93 0.68 -
h2tg000469l:6154-6600       -            149 128137at71240        -            190     2e-09   37.0   0.6   2   2   8.8e-09   1.2e-06   27.9   0.1    35   117    60   146    50   149 0.81 -
h2tg000075l:226700-226293   -            136 128137at71240        -            190   3.3e-09   36.3   0.0   1   2   1.9e-09   2.7e-07   30.0   0.0    39   118    11    95     8   116 0.78 -
h2tg000075l:226700-226293   -            136 128137at71240        -            190   3.3e-09   36.3   0.0   2   2      0.12        17    4.6   0.0    34    51   118   135   112   136 0.63 -
h2tg000393l:717430-717146   -             95 128137at71240        -            190   4.4e-09   35.9   0.0   1   1   3.8e-11   5.4e-09   35.6   0.0    65   111    38    84    10    90 0.81 -
h2tg000547l:317888-318379   -            164 128137at71240        -            190     5e-09   35.7   0.3   1   2   1.6e-05    0.0023   17.2   0.5    70   102    15    47     2    97 0.66 -
h2tg000547l:317888-318379   -            164 128137at71240        -            190     5e-09   35.7   0.3   2   2     2e-05    0.0029   16.9   0.0    17    84    73   154    59   161 0.75 -
h2tg000075l:232086-232427   -            114 128137at71240        -            190   1.3e-08   34.3   0.4   1   2      0.15        22    4.2   0.0   109   125    32    48    18    54 0.66 -
h2tg000075l:232086-232427   -            114 128137at71240        -            190   1.3e-08   34.3   0.4   2   2   7.8e-10   1.1e-07   31.3   0.3    47   118    34   109    31   114 0.55 -
h2tg000075l:201037-201624   -            196 128137at71240        -            190   2.3e-08   33.5   1.0   1   1     1e-09   1.4e-07   30.9   1.0    28   115    53   150    24   196 0.74 -
h2tg000454l:890328-890101   -             76 128137at71240        -            190   2.7e-08   33.3   0.0   1   1   2.1e-10   2.9e-08   33.2   0.0    48   100    21    75    12    76 0.91 -
h2tg001111l:164234-164007   -             76 128137at71240        -            190   2.7e-08   33.3   0.0   1   1   2.1e-10   2.9e-08   33.2   0.0    48   100    21    75    12    76 0.91 -
h2tg000914l:129834-130070   -             79 128137at71240        -            190   3.2e-08   33.1   0.0   1   1   2.5e-10   3.5e-08   32.9   0.0    28    85    18    79     3    79 0.75 -
h2tg000835l:61499-61227     -             91 128137at71240        -            190   3.9e-08   32.8   0.1   1   1   4.1e-10   5.8e-08   32.2   0.1    46   116     2    77     1    88 0.80 -
h2tg000031l:151320-166283   -            710 128137at71240        -            190   4.1e-08   32.7   0.0   1   1   5.6e-10     8e-08   31.8   0.0    40   128   342   435   327   442 0.80 -
h2tg000533l:133361-133921   -            187 128137at71240        -            190   5.6e-08   32.3   0.2   1   3       6.7   9.6e+02   -1.1   0.0     2    23     5    27     4    47 0.65 -
h2tg000533l:133361-133921   -            187 128137at71240        -            190   5.6e-08   32.3   0.2   2   3   6.3e-06    0.0009   18.6   0.0    28    64    78   114    64   126 0.73 -
h2tg000533l:133361-133921   -            187 128137at71240        -            190   5.6e-08   32.3   0.2   3   3    0.0015      0.22   10.8   0.0    69   117   136   186   129   187 0.69 -
h2tg001129l:104725-104324   -            134 128137at71240        -            190   7.5e-08   31.9   0.0   1   2   0.00045     0.063   12.5   0.0    47    93     1    51     1    64 0.77 -
h2tg001129l:104725-104324   -            134 128137at71240        -            190   7.5e-08   31.9   0.0   2   2   1.2e-05    0.0018   17.6   0.0    47    89    89   134    81   134 0.77 -
h2tg000479l:111980-111329   -             78 128137at71240        -            190   7.8e-08   31.8   0.3   1   2    0.0012      0.16   11.2   0.0    74    94     1    21     1    26 0.87 -
h2tg000479l:111980-111329   -             78 128137at71240        -            190   7.8e-08   31.8   0.3   2   2   4.3e-06    0.0006   19.1   0.0    67   101    33    67    28    76 0.88 -
h2tg001162l:52242-58871     -           1071 128137at71240        -            190   9.5e-08   31.5   0.0   1   1   1.4e-09     2e-07   30.5   0.0    36   111    55   133    37   142 0.89 -
h2tg000505l:168238-168390   -             51 128137at71240        -            190   1.6e-07   30.8   0.0   1   1   1.1e-09   1.6e-07   30.8   0.0    64   106     6    48     1    51 0.92 -
h2tg000533l:140106-140447   -            114 128137at71240        -            190   1.9e-07   30.5   0.1   1   2     0.023       3.3    6.9   0.1   102   123    29    50     2    61 0.69 -
h2tg000533l:140106-140447   -            114 128137at71240        -            190   1.9e-07   30.5   0.1   2   2     4e-07   5.7e-05   22.5   0.0    36    82    62   110    50   114 0.84 -
h2tg000521l:21857-71231     -            567 128137at71240        -            190   2.7e-07   30.0   0.1   1   1   8.2e-09   1.2e-06   28.0   0.1    44   124   435   523   430   558 0.71 -
h2tg000655l:641891-642290   -             74 128137at71240        -            190   3.1e-07   29.9   0.4   1   1   2.8e-09     4e-07   29.5   0.4    45   102     3    64     1    73 0.74 -
h2tg000034l:592274-591225   -            350 128137at71240        -            190   3.1e-07   29.8   0.0   1   1   3.5e-09     5e-07   29.2   0.0    66   142   129   211    90   216 0.54 -
h2tg000390l:65827-59627     -           1085 128137at71240        -            190   7.2e-07   28.7   0.0   1   1   9.6e-09   1.4e-06   27.8   0.0    36   111    54   132    42   138 0.90 -
h2tg000606l:1917-2279       -            121 128137at71240        -            190   9.7e-07   28.2   0.3   1   1     2e-08   2.9e-06   26.7   0.3    43   116    36   118    30   121 0.80 -
h2tg000347l:813637-813368   -             90 128137at71240        -            190   1.6e-06   27.5   0.5   1   2     0.012       1.7    7.9   0.1    76    97    36    57     2    64 0.61 -
h2tg000347l:813637-813368   -             90 128137at71240        -            190   1.6e-06   27.5   0.5   2   2   2.7e-08   3.8e-06   26.3   0.3    45    94    36    88    31    90 0.85 -
h2tg000414l:2166731-2167051 -            107 128137at71240        -            190   3.3e-06   26.5   0.3   1   1   7.5e-08   1.1e-05   24.8   0.3    43   118    20   105    11   107 0.61 -
h2tg000067l:1023449-1023754 -            102 128137at71240        -            190     4e-06   26.2   0.0   1   1   1.4e-07     2e-05   23.9   0.0    33    79    30    79    18    83 0.85 -
h2tg000196l:177494-177207   -             96 128137at71240        -            190   4.4e-06   26.1   0.5   1   1   1.2e-07   1.7e-05   24.2   0.5    21   118    26    94     6    96 0.46 -
h2tg000938l:190680-186037   -            281 128137at71240        -            190   4.8e-06   26.0   0.0   1   1   5.7e-08   8.1e-06   25.2   0.0    48   116   200   270   189   277 0.88 -
h2tg000547l:320313-320645   -            111 128137at71240        -            190   1.7e-05   24.2   0.1   1   1   1.5e-06   0.00022   20.6   0.0    38   111    31   111    26   111 0.76 -
h2tg000469l:19448-19092     -            119 128137at71240        -            190   2.3e-05   23.7   0.1   1   1   3.3e-06   0.00046   19.5   0.1    45    97    30    85    10   111 0.67 -
h2tg000469l:14390-13914     -            159 128137at71240        -            190   8.1e-05   22.0   0.1   1   1   6.1e-06   0.00087   18.6   0.1    28   118    49   146    30   159 0.74 -
h2tg000266l:523259-522996   -             88 128137at71240        -            190   8.4e-05   21.9   0.1   1   1   1.5e-06   0.00021   20.6   0.1    75   127     4    59     1    88 0.67 -
h2tg001477l:39287-43047     -            570 128137at71240        -            190    0.0081   15.4   0.0   1   1   0.00011     0.015   14.6   0.0    47   105    38    98    33   117 0.79 -
h2tg000047l:69559-91693     -            710 128137at71240        -            190    0.0082   15.4   0.0   1   1   0.00014     0.019   14.2   0.0    45    84   444   485   434   498 0.86 -
h2tg000026l:256464-259616   -            328 128137at71240        -            190     0.014   14.7   0.0   1   1   0.00016     0.023   14.0   0.0    50    98    11    61     2    98 0.57 -
#
# Program:         hmmsearch
# Version:         3.3.2 (Nov 2020)
# Pipeline mode:   SEARCH
# Query file:      /scratch/srb67793/Pelargonium/busco_downloads/lineages/eudicots_odb10/hmms/128137at71240.hmm
# Target file:     /scratch/srb67793/Pelargonium/P_citronellum_omnic-hap2-busco/run_eudicots_odb10/metaeuk_output/initial_results/P_citronellum_OmniC.hic.bp.hap1.p_ctg.fa.modified.fas
# Option settings: hmmsearch --domtblout /scratch/srb67793/Pelargonium/P_citronellum_omnic-hap2-busco/run_eudicots_odb10/hmmer_output/initial_run_results/128137at71240.out --cpu 1 /scratch/srb67793/Pelargonium/busco_downloads/lineages/eudicots_odb10/hmms/128137at71240.hmm /scratch/srb67793/Pelargonium/P_citronellum_omnic-hap2-busco/run_eudicots_odb10/metaeuk_output/initial_results/P_citronellum_OmniC.hic.bp.hap1.p_ctg.fa.modified.fas 
# Current dir:     /scratch/srb67793/Pelargonium
# Date:            Tue Jul 16 10:30:23 2024
# [ok]
