#                                                                                   --- full sequence --- -------------- this domain -------------   hmm coord   ali coord   env coord
# target name               accession   tlen query name           accession   qlen   E-value  score  bias   #  of  c-Evalue  i-Evalue  score  bias  from    to  from    to  from    to  acc description of target
#       ------------------- ---------- ----- -------------------- ---------- ----- --------- ------ ----- --- --- --------- --------- ------ ----- ----- ----- ----- ----- ----- ----- ---- ---------------------
h2tg000977l:102014-100777   -            190 129385at71240        -            244  1.3e-107  358.5   0.1   1   1  9.7e-110  1.4e-107  358.3   0.1    51   239     3   190     1   190 0.99 -
h2tg000521l:21857-71231     -            567 129385at71240        -            244   7.1e-51  172.7   5.1   1   3      0.23        35    3.4   0.6     3    54   263   315   261   329 0.83 -
h2tg000521l:21857-71231     -            567 129385at71240        -            244   7.1e-51  172.7   5.1   2   3   1.3e-43     2e-41  141.7   0.0    44   178   397   535   383   536 0.92 -
h2tg000521l:21857-71231     -            567 129385at71240        -            244   7.1e-51  172.7   5.1   3   3   8.8e-10   1.3e-07   31.0   0.1   209   240   534   565   533   567 0.94 -
h2tg001162l:14572-16005     -            478 129385at71240        -            244     2e-45  154.8   1.2   1   4   7.1e-16   1.1e-13   50.9   0.0   106   220   166   280   139   281 0.92 -
h2tg001162l:14572-16005     -            478 129385at71240        -            244     2e-45  154.8   1.2   2   4   1.5e-08   2.2e-06   27.0   0.1   177   224   270   318   268   319 0.86 -
h2tg001162l:14572-16005     -            478 129385at71240        -            244     2e-45  154.8   1.2   3   4   6.3e-09   9.4e-07   28.2   0.1   176   224   303   351   297   361 0.89 -
h2tg001162l:14572-16005     -            478 129385at71240        -            244     2e-45  154.8   1.2   4   4   4.6e-21   6.8e-19   67.9   0.1    83   198   363   478   357   478 0.91 -
h2tg000505l:225645-224086   -            520 129385at71240        -            244   1.5e-43  148.7   1.6   1   3   7.2e-17   1.1e-14   54.2   0.0    88   219   141   276   135   277 0.90 -
h2tg000505l:225645-224086   -            520 129385at71240        -            244   1.5e-43  148.7   1.6   2   3     2e-10     3e-08   33.1   0.4   144   223   267   347   267   357 0.89 -
h2tg000505l:225645-224086   -            520 129385at71240        -            244   1.5e-43  148.7   1.6   3   3   1.1e-20   1.6e-18   66.7   0.1    88   204   365   481   359   491 0.81 -
h2tg000575l:15004-16308     -            435 129385at71240        -            244   1.1e-25   90.2   1.4   1   3   9.5e-06    0.0014   17.8   0.3    89   168   136   214   130   241 0.84 -
h2tg000575l:15004-16308     -            435 129385at71240        -            244   1.1e-25   90.2   1.4   2   3   5.7e-10   8.5e-08   31.6   0.0    85   198   227   343   216   354 0.80 -
h2tg000575l:15004-16308     -            435 129385at71240        -            244   1.1e-25   90.2   1.4   3   3   4.3e-12   6.4e-10   38.6   0.2   134   200   366   432   348   435 0.57 -
h2tg000410l:310066-304583   -            566 129385at71240        -            244   1.5e-22   80.0   0.4   1   2   1.2e-16   1.9e-14   53.4   0.1    82   201    59   179    42   181 0.90 -
h2tg000410l:310066-304583   -            566 129385at71240        -            244   1.5e-22   80.0   0.4   2   2   7.8e-09   1.2e-06   27.9   0.0   130   198   174   244   168   252 0.87 -
h2tg000892l:36599-34512     -            222 129385at71240        -            244   1.6e-20   73.3   0.0   1   2   9.6e-10   1.4e-07   30.9   0.0   140   224    42   120    29   129 0.88 -
h2tg000892l:36599-34512     -            222 129385at71240        -            244   1.6e-20   73.3   0.0   2   2   1.3e-12   1.9e-10   40.3   0.0    82   150   133   201   121   206 0.73 -
h2tg000560l:193557-193006   -            184 129385at71240        -            244   2.2e-19   69.5   0.0   1   2   7.3e-07   0.00011   21.4   0.0   148   219    12    84     3    98 0.86 -
h2tg000560l:193557-193006   -            184 129385at71240        -            244   2.2e-19   69.5   0.0   2   2   1.6e-14   2.4e-12   46.5   0.0   142   219   107   184    94   184 0.94 -
h2tg000654l:132694-138934   -            361 129385at71240        -            244   8.2e-19   67.7   0.0   1   3   6.5e-12   9.7e-10   38.0   0.0    88   188     6   107     1   112 0.93 -
h2tg000654l:132694-138934   -            361 129385at71240        -            244   8.2e-19   67.7   0.0   2   3    0.0034       0.5    9.4   0.0   130   160   115   146   109   152 0.75 -
h2tg000654l:132694-138934   -            361 129385at71240        -            244   8.2e-19   67.7   0.0   3   3   1.2e-05    0.0018   17.5   0.0   144   199   152   209   144   213 0.89 -
h2tg000800l:85425-82604     -            258 129385at71240        -            244     9e-19   67.5   1.5   1   2   9.5e-21   1.4e-18   66.9   0.0    74   219     5   151     2   158 0.94 -
h2tg000800l:85425-82604     -            258 129385at71240        -            244     9e-19   67.5   1.5   2   2         6     9e+02   -1.2   0.7    28    51   207   230   172   248 0.44 -
h2tg001203l:37486-37112     -            125 129385at71240        -            244   3.1e-18   65.8   0.0   1   1   2.4e-20   3.6e-18   65.6   0.0   130   225    17   113     3   121 0.90 -
h2tg000414l:2167923-2168300 -            126 129385at71240        -            244   1.6e-17   63.5   5.0   1   2     1e-09   1.5e-07   30.8   0.8   110   198     6    96     2    97 0.87 -
h2tg000414l:2167923-2168300 -            126 129385at71240        -            244   1.6e-17   63.5   5.0   2   2   8.6e-13   1.3e-10   40.8   0.2    68   160    30   125    27   126 0.89 -
h2tg001254l:42022-47812     -            437 129385at71240        -            244     1e-16   60.8   0.0   1   2   4.2e-08   6.4e-06   25.5   0.0    84   187    41   151    28   159 0.87 -
h2tg001254l:42022-47812     -            437 129385at71240        -            244     1e-16   60.8   0.0   2   2   7.3e-09   1.1e-06   28.0   0.0   107   198   171   264   171   269 0.89 -
h2tg000579l:608246-607560   -            229 129385at71240        -            244   4.5e-15   55.4   0.0   1   2     9e-07   0.00013   21.1   0.0   148   218    39   110    31   117 0.91 -
h2tg000579l:608246-607560   -            229 129385at71240        -            244   4.5e-15   55.4   0.0   2   2   3.3e-10   4.9e-08   32.4   0.0   141   219   136   214   113   221 0.90 -
h2tg000265l:540345-540740   -            132 129385at71240        -            244   1.6e-14   53.6   0.9   1   1   1.3e-16     2e-14   53.3   0.9    79   189    14   127     2   132 0.86 -
h2tg000089l:790313-789918   -            132 129385at71240        -            244   1.7e-14   53.5   0.8   1   1   1.5e-16   2.2e-14   53.2   0.8    82   196     6   123     2   125 0.89 -
h2tg000914l:140190-140576   -            129 129385at71240        -            244   1.4e-13   50.6   3.2   1   1   1.3e-14   1.9e-12   46.8   2.5   109   221     5   120     3   123 0.67 -
h2tg000196l:176700-176320   -            127 129385at71240        -            244   1.1e-12   47.6   0.8   1   1   6.1e-14   9.2e-12   44.6   0.4    67   160    29   125    21   127 0.88 -
h2tg000266l:519769-519365   -            135 129385at71240        -            244   1.4e-12   47.3   0.1   1   2   1.6e-10   2.3e-08   33.4   0.0   142   220    18    98     9    99 0.92 -
h2tg000266l:519769-519365   -            135 129385at71240        -            244   1.4e-12   47.3   0.1   2   2   7.5e-06    0.0011   18.1   0.0   141   186    85   133    80   135 0.81 -
h2tg000075l:237691-237113   -            193 129385at71240        -            244   3.2e-12   46.1   0.1   1   2   8.6e-11   1.3e-08   34.3   0.0   135   201    61   128    58   158 0.87 -
h2tg000075l:237691-237113   -            193 129385at71240        -            244   3.2e-12   46.1   0.1   2   2    0.0018      0.27   10.3   0.1   148   190   142   190   128   193 0.73 -
h2tg001203l:37999-37655     -            115 129385at71240        -            244   6.4e-12   45.1   0.1   1   1   9.7e-14   1.4e-11   44.0   0.1   141   219    28   106    20   111 0.95 -
h2tg000678l:429264-429656   -            131 129385at71240        -            244   6.9e-12   45.0   0.2   1   1   5.3e-14     8e-12   44.8   0.2    78   189    12   126     3   131 0.81 -
h2tg001078l:133471-132896   -            192 129385at71240        -            244   2.3e-11   43.3   1.0   1   2   6.9e-12     1e-09   37.9   0.1    87   221     8   148     3   151 0.83 -
h2tg001078l:133471-132896   -            192 129385at71240        -            244   2.3e-11   43.3   1.0   2   2     0.003      0.45    9.6   0.2   131   187   123   186   120   191 0.81 -
h2tg000396l:254898-255281   -            128 129385at71240        -            244   3.6e-11   42.6   0.7   1   1   2.6e-13   3.9e-11   42.5   0.7    76   186    15   128     2   128 0.86 -
h2tg001322l:28643-29032     -            130 129385at71240        -            244   7.4e-11   41.6   0.4   1   1   6.6e-13   9.9e-11   41.2   0.4    76   186    17   130     3   130 0.84 -
h2tg000326l:213823-214182   -            120 129385at71240        -            244   9.4e-11   41.3   0.0   1   2    0.0026      0.39    9.8   0.0   176   204     1    29     1    41 0.90 -
h2tg000326l:213823-214182   -            120 129385at71240        -            244   9.4e-11   41.3   0.0   2   2   1.9e-09   2.8e-07   29.9   0.0   128   186    50   108    39   119 0.85 -
h2tg001078l:120555-121130   -            192 129385at71240        -            244   1.3e-10   40.9   0.0   1   1   1.7e-12   2.5e-10   39.9   0.0    63   219    19   185     5   191 0.80 -
h2tg000697l:444693-445052   -            120 129385at71240        -            244   1.3e-10   40.8   0.0   1   2    0.0035      0.53    9.4   0.0   176   204     1    29     1    41 0.90 -
h2tg000697l:444693-445052   -            120 129385at71240        -            244   1.3e-10   40.8   0.0   2   2   1.9e-09   2.8e-07   29.9   0.0   128   186    50   108    39   119 0.85 -
h2tg000356l:451170-450748   -            141 129385at71240        -            244   1.4e-10   40.7   0.6   1   2   1.5e-05    0.0022   17.1   0.0    98   154     5    62     1    70 0.82 -
h2tg000356l:451170-450748   -            141 129385at71240        -            244   1.4e-10   40.7   0.6   2   2   3.4e-07   5.1e-05   22.5   0.2    89   150    73   141    66   141 0.78 -
h2tg001078l:62741-63295     -            185 129385at71240        -            244   2.3e-10   40.0   0.0   1   1   2.4e-12   3.6e-10   39.4   0.0    64   218    20   184     6   185 0.80 -
h2tg000698l:58279-58779     -            167 129385at71240        -            244   5.1e-10   38.9   0.1   1   2     0.027       4.1    6.5   0.0   110   154     1    46     1    51 0.56 -
h2tg000698l:58279-58779     -            167 129385at71240        -            244   5.1e-10   38.9   0.1   2   2   1.2e-09   1.8e-07   30.6   0.1    91   168    59   143    54   151 0.76 -
h2tg000914l:131106-131501   -            132 129385at71240        -            244   1.2e-09   37.7   0.4   1   1   1.5e-11   2.3e-09   36.7   0.4    81   187    20   129     2   132 0.69 -
h2tg000067l:1095622-1096083 -            154 129385at71240        -            244   1.4e-09   37.4   0.1   1   1   4.9e-11   7.3e-09   35.1   0.1    82   198    18   139     1   146 0.86 -
h2tg001078l:112996-113532   -            179 129385at71240        -            244   2.6e-09   36.6   0.1   1   1   3.9e-11   5.8e-09   35.4   0.1    64   206    15   161     5   179 0.79 -
h2tg000413l:44316-44891     -            192 129385at71240        -            244   2.7e-09   36.5   0.0   1   2     3e-09   4.5e-07   29.3   0.0    83   191    40   152    27   160 0.74 -
h2tg000413l:44316-44891     -            192 129385at71240        -            244   2.7e-09   36.5   0.0   2   2     0.002       0.3   10.2   0.0   145   190   139   190   129   192 0.68 -
h2tg000536l:92522-92277     -             82 129385at71240        -            244   1.5e-08   34.1   0.0   1   1   1.1e-10   1.6e-08   34.0   0.0    86   148    20    82    11    82 0.91 -
h2tg001078l:123725-124192   -            156 129385at71240        -            244   1.8e-08   33.9   0.1   1   1   1.3e-10     2e-08   33.7   0.1    88   220     5   143     1   155 0.72 -
h2tg001078l:106459-106923   -            155 129385at71240        -            244   2.2e-08   33.5   0.0   1   1   1.7e-10   2.6e-08   33.3   0.0    63   196    15   151     1   155 0.52 -
h2tg000314l:52978-53196     -             73 129385at71240        -            244   2.4e-08   33.4   0.0   1   1   1.7e-10   2.5e-08   33.3   0.0    88   148    13    73     5    73 0.92 -
h2tg000215l:917347-916895   -            151 129385at71240        -            244   2.4e-08   33.4   0.0   1   1   3.9e-09   5.9e-07   28.9   0.0    83   200     3   123     1   149 0.84 -
h2tg000075l:226700-226293   -            136 129385at71240        -            244   2.8e-08   33.2   0.5   1   2   1.2e-07   1.7e-05   24.0   0.0   142   198    11    70     8    94 0.78 -
h2tg000075l:226700-226293   -            136 129385at71240        -            244   2.8e-08   33.2   0.5   2   2     0.014       2.1    7.4   0.5   106   154    77   135    60   136 0.46 -
h2tg000547l:317888-318379   -            164 129385at71240        -            244     4e-08   32.7   0.1   1   2   0.00096      0.14   11.2   0.0   177   201    17    41    12    68 0.86 -
h2tg000547l:317888-318379   -            164 129385at71240        -            244     4e-08   32.7   0.1   2   2   5.2e-06   0.00078   18.6   0.0   147   217    77   149    72   158 0.79 -
h2tg000067l:1023449-1023754 -            102 129385at71240        -            244   5.9e-08   32.1   0.0   1   1   4.7e-10     7e-08   31.9   0.0   143   218     1    80     1    88 0.80 -
h2tg000215l:904742-905329   -            196 129385at71240        -            244   9.8e-08   31.4   0.3   1   2   0.00027      0.04   13.0   0.0   148   197    38    88    30    95 0.75 -
h2tg000215l:904742-905329   -            196 129385at71240        -            244   9.8e-08   31.4   0.3   2   2   2.6e-05    0.0039   16.4   0.1   111   190   102   189    97   195 0.71 -
h2tg001078l:100830-101207   -            126 129385at71240        -            244   1.4e-07   30.9   0.1   1   1   1.9e-09   2.9e-07   29.9   0.1   114   220     9   118     3   124 0.71 -
h2tg000112l:30507-30007     -            167 129385at71240        -            244   1.7e-07   30.6   0.0   1   1   2.1e-09   3.2e-07   29.7   0.0   103   195    62   157     4   165 0.75 -
h2tg000034l:592274-591225   -            350 129385at71240        -            244     2e-07   30.4   0.0   1   1   2.4e-09   3.5e-07   29.6   0.0   141   219   132   211   110   217 0.89 -
h2tg000938l:190680-186037   -            281 129385at71240        -            244   2.2e-07   30.3   0.0   1   1   2.3e-09   3.4e-07   29.6   0.0   150   219   199   268   186   276 0.94 -
h2tg000075l:185665-185279   -            129 129385at71240        -            244   2.2e-07   30.2   0.5   1   2   2.7e-07     4e-05   22.9   0.1   141   229     3    93     1   100 0.76 -
h2tg000075l:185665-185279   -            129 129385at71240        -            244   2.2e-07   30.2   0.5   2   2      0.11        16    4.5   0.0   172   186   113   127   106   129 0.65 -
h2tg000835l:61499-61227     -             91 129385at71240        -            244     3e-07   29.8   0.0   1   1   2.5e-09   3.7e-07   29.5   0.0    83   155     2    77     1    85 0.71 -
h2tg001162l:52242-58871     -           1071 129385at71240        -            244   3.5e-07   29.6   0.0   1   1   5.6e-09   8.3e-07   28.4   0.0    81   184    30   134     3   138 0.63 -
h2tg000075l:124451-123981   -            157 129385at71240        -            244   4.6e-07   29.2   0.1   1   2   1.4e-07   2.1e-05   23.8   0.0   140   201    35    97    19   108 0.86 -
h2tg000075l:124451-123981   -            157 129385at71240        -            244   4.6e-07   29.2   0.1   2   2      0.18        28    3.7   0.1   147   187   110   156    90   157 0.66 -
h2tg000347l:806965-807393   -            143 129385at71240        -            244   4.8e-07   29.1   0.0   1   1   3.5e-09   5.2e-07   29.0   0.0    89   217     9   142     2   143 0.79 -
h2tg000836l:271402-271004   -            133 129385at71240        -            244   5.4e-07   29.0   0.0   1   2     0.054       8.1    5.5   0.0   178   213     4    39     2    53 0.82 -
h2tg000836l:271402-271004   -            133 129385at71240        -            244   5.4e-07   29.0   0.0   2   2     5e-07   7.5e-05   22.0   0.0   110   184    53   130    46   133 0.53 -
h2tg001129l:103715-103215   -            167 129385at71240        -            244   5.9e-07   28.9   0.1   1   2      0.29        43    3.1   0.0   143   187     1    46     1    52 0.52 -
h2tg001129l:103715-103215   -            167 129385at71240        -            244   5.9e-07   28.9   0.1   2   2     2e-07     3e-05   23.3   0.2    98   166    71   141    55   147 0.51 -
h2tg000454l:890328-890101   -             76 129385at71240        -            244   1.4e-06   27.6   0.0   1   1   9.4e-09   1.4e-06   27.6   0.0   149   204    19    74     4    76 0.84 -
h2tg001111l:164234-164007   -             76 129385at71240        -            244   1.4e-06   27.6   0.0   1   1   9.4e-09   1.4e-06   27.6   0.0   149   204    19    74     4    76 0.84 -
h2tg001078l:72764-73210     -            149 129385at71240        -            244   1.5e-06   27.5   0.0   1   2   1.6e-05    0.0024   17.0   0.0   148   224     2    84     1    93 0.65 -
h2tg001078l:72764-73210     -            149 129385at71240        -            244   1.5e-06   27.5   0.0   2   2   0.00048     0.071   12.2   0.0   110   186    69   149    69   149 0.82 -
h2tg000075l:182732-183196   -            155 129385at71240        -            244   1.9e-06   27.2   0.2   1   2     5e-07   7.4e-05   22.0   0.0   140   192    33    86    16    98 0.84 -
h2tg000075l:182732-183196   -            155 129385at71240        -            244   1.9e-06   27.2   0.2   2   2      0.32        48    3.0   0.1   147   187   108   154    98   155 0.57 -
h2tg000031l:151320-166283   -            710 129385at71240        -            244   2.9e-06   26.6   0.0   1   1   3.1e-08   4.7e-06   25.9   0.0   133   202   365   434   349   438 0.92 -
h2tg000025l:186231-185809   -            141 129385at71240        -            244     3e-06   26.5   0.0   1   1   2.2e-08   3.4e-06   26.4   0.0    88   215     8   140     2   141 0.81 -
h2tg000283l:265526-265101   -            142 129385at71240        -            244   9.7e-06   24.9   0.2   1   2     0.019       2.8    7.0   0.0   150   188     1    40     1    52 0.88 -
h2tg000283l:265526-265101   -            142 129385at71240        -            244   9.7e-06   24.9   0.2   2   2   2.8e-05    0.0042   16.2   0.0   148   216    67   140    51   142 0.54 -
h2tg000075l:139091-139603   -            171 129385at71240        -            244   1.1e-05   24.6   0.4   1   1     2e-07     3e-05   23.3   0.4    82   208     4   146     1   166 0.75 -
h2tg000363l:963524-955815   -            189 129385at71240        -            244   1.6e-05   24.1   0.1   1   2   5.6e-06   0.00083   18.5   0.0    94   154    33    96     8   107 0.61 -
h2tg000363l:963524-955815   -            189 129385at71240        -            244   1.6e-05   24.1   0.1   2   2       0.2        30    3.6   0.0   193   224   136   167   131   172 0.92 -
h2tg000280l:1118328-1110780 -            189 129385at71240        -            244   1.9e-05   23.9   0.1   1   2   6.3e-06   0.00094   18.4   0.0    93   154    32    96     8   106 0.63 -
h2tg000280l:1118328-1110780 -            189 129385at71240        -            244   1.9e-05   23.9   0.1   2   2      0.21        31    3.6   0.0   193   224   136   167   132   172 0.92 -
h2tg000390l:65827-59627     -           1085 129385at71240        -            244   1.9e-05   23.9   1.3   1   1   2.2e-07   3.3e-05   23.1   0.0   127   218    42   134    22   137 0.75 -
h2tg000650l:276408-276019   -            130 129385at71240        -            244   2.6e-05   23.5   0.0   1   1   2.5e-07   3.7e-05   23.0   0.0   136   224    18   110     4   121 0.71 -
h2tg000393l:717430-717146   -             95 129385at71240        -            244   2.8e-05   23.3   0.0   1   1   2.1e-07   3.1e-05   23.2   0.0   172   214    40    82    10    85 0.79 -
h2tg000505l:168238-168390   -             51 129385at71240        -            244   5.5e-05   22.4   0.0   1   1   3.7e-07   5.5e-05   22.4   0.0   136   177     6    47     1    51 0.90 -
h2tg001064l:17546-17154     -            131 129385at71240        -            244     7e-05   22.1   0.0   1   1     6e-06    0.0009   18.4   0.0   143   195    74   128    64   131 0.75 -
h2tg000469l:18894-18469     -            142 129385at71240        -            244   8.4e-05   21.8   0.0   1   2   1.7e-05    0.0025   17.0   0.0   139   191    14    67     1    78 0.78 -
h2tg000469l:18894-18469     -            142 129385at71240        -            244   8.4e-05   21.8   0.0   2   2      0.22        33    3.5   0.0   136   155   115   134    63   141 0.53 -
h2tg001078l:39937-39572     -            122 129385at71240        -            244   9.2e-05   21.7   0.1   1   1   6.8e-07    0.0001   21.5   0.1    64   163    15   122     3   122 0.79 -
h2tg000547l:320313-320645   -            111 129385at71240        -            244   0.00015   21.0   0.0   1   2     0.062       9.3    5.3   0.0   165   190    22    47     5    60 0.73 -
h2tg000547l:320313-320645   -            111 129385at71240        -            244   0.00015   21.0   0.0   2   2     3e-06   0.00045   19.4   0.0   132   216    22   111    20   111 0.77 -
h2tg001078l:129936-129490   -            149 129385at71240        -            244   0.00015   20.9   0.0   1   2    0.0025      0.38    9.8   0.0   148   222    34   113    17   115 0.63 -
h2tg001078l:129936-129490   -            149 129385at71240        -            244   0.00015   20.9   0.0   2   2    0.0023      0.34   10.0   0.0   146   187   103   148   100   149 0.82 -
h2tg000533l:140106-140447   -            114 129385at71240        -            244   0.00019   20.6   0.0   1   1   1.6e-06   0.00024   20.3   0.0   144   220    32   110    25   114 0.85 -
h2tg000533l:133361-133921   -            187 129385at71240        -            244   0.00033   19.9   0.0   1   2    0.0061      0.91    8.6   0.0   177   199    91   113    78   127 0.86 -
h2tg000533l:133361-133921   -            187 129385at71240        -            244   0.00033   19.9   0.0   2   2    0.0044      0.66    9.1   0.0   178   219   140   183   133   187 0.51 -
h2tg000026l:256464-259616   -            328 129385at71240        -            244   0.00043   19.5   0.0   1   2   8.6e-06    0.0013   17.9   0.0   149   224     7    82     2    91 0.83 -
h2tg000026l:256464-259616   -            328 129385at71240        -            244   0.00043   19.5   0.0   2   2       7.3   1.1e+03   -1.5   0.0    39    75   112   148   103   180 0.71 -
h2tg000361l:1350404-1350027 -            126 129385at71240        -            244   0.00056   19.1   0.0   1   1   4.1e-06   0.00062   19.0   0.0   140   196    66   123     4   126 0.76 -
h2tg001078l:96610-96254     -            119 129385at71240        -            244    0.0018   17.5   0.0   1   1   1.4e-05    0.0022   17.2   0.0    65   154    21   118     4   119 0.78 -
h2tg000655l:641891-642290   -             74 129385at71240        -            244    0.0031   16.7   0.0   1   1   2.2e-05    0.0033   16.6   0.0   147   207     2    64     1    74 0.45 -
h2tg000075l:232086-232427   -            114 129385at71240        -            244    0.0041   16.3   0.1   1   1   3.1e-05    0.0047   16.1   0.1    76   154    26   106    12   114 0.54 -
h2tg000914l:129834-130070   -             79 129385at71240        -            244    0.0056   15.8   0.0   1   1   4.2e-05    0.0063   15.6   0.0   140   186    28    75     9    78 0.83 -
h2tg000075l:244867-245250   -            128 129385at71240        -            244    0.0069   15.5   0.1   1   1   5.2e-05    0.0078   15.4   0.1   114   193    36   117     7   126 0.51 -
h2tg000075l:201037-201624   -            196 129385at71240        -            244    0.0071   15.5   0.0   1   1   8.2e-05     0.012   14.7   0.0    75   189    29   152    18   189 0.74 -
h2tg000196l:177494-177207   -             96 129385at71240        -            244     0.011   14.9   0.1   1   1   0.00036     0.054   12.6   0.1   111   187     7    91     3    95 0.75 -
h2tg000606l:1917-2279       -            121 129385at71240        -            244     0.013   14.6   0.1   1   1   0.00012     0.017   14.2   0.1   109   185    32   115    27   119 0.75 -
h2tg000347l:813637-813368   -             90 129385at71240        -            244     0.031   13.4   0.0   1   1   0.00023     0.034   13.3   0.0    89   166     7    88     2    90 0.75 -
h2tg000414l:2166731-2167051 -            107 129385at71240        -            244      0.06   12.5   0.0   1   2       1.1   1.7e+02    1.2   0.0   144   166    18    40     9    47 0.83 -
h2tg000414l:2166731-2167051 -            107 129385at71240        -            244      0.06   12.5   0.0   2   2    0.0022      0.33   10.0   0.0   142   187    55   102    18   106 0.78 -
h2tg000469l:6154-6600       -            149 129385at71240        -            244     0.086   11.9   0.0   1   1   0.00069       0.1   11.7   0.0   145   200    67   123    32   148 0.66 -
h2tg000469l:19448-19092     -            119 129385at71240        -            244     0.097   11.8   0.0   1   1   0.00075      0.11   11.6   0.0   147   200    29    83    12   118 0.64 -
h2tg000907l:122797-123579   -            261 129385at71240        -            244      0.13   11.3   0.0   1   1    0.0014       0.2   10.7   0.0   141   189   129   178   122   182 0.91 -
#
# Program:         hmmsearch
# Version:         3.3.2 (Nov 2020)
# Pipeline mode:   SEARCH
# Query file:      /scratch/srb67793/Pelargonium/busco_downloads/lineages/eudicots_odb10/hmms/129385at71240.hmm
# Target file:     /scratch/srb67793/Pelargonium/P_citronellum_omnic-hap2-busco/run_eudicots_odb10/metaeuk_output/initial_results/P_citronellum_OmniC.hic.bp.hap1.p_ctg.fa.modified.fas
# Option settings: hmmsearch --domtblout /scratch/srb67793/Pelargonium/P_citronellum_omnic-hap2-busco/run_eudicots_odb10/hmmer_output/initial_run_results/129385at71240.out --cpu 1 /scratch/srb67793/Pelargonium/busco_downloads/lineages/eudicots_odb10/hmms/129385at71240.hmm /scratch/srb67793/Pelargonium/P_citronellum_omnic-hap2-busco/run_eudicots_odb10/metaeuk_output/initial_results/P_citronellum_OmniC.hic.bp.hap1.p_ctg.fa.modified.fas 
# Current dir:     /scratch/srb67793/Pelargonium
# Date:            Tue Jul 16 10:30:08 2024
# [ok]
