#                                                                                   --- full sequence --- -------------- this domain -------------   hmm coord   ali coord   env coord
# target name               accession   tlen query name           accession   qlen   E-value  score  bias   #  of  c-Evalue  i-Evalue  score  bias  from    to  from    to  from    to  acc description of target
#       ------------------- ---------- ----- -------------------- ---------- ----- --------- ------ ----- --- --- --------- --------- ------ ----- ----- ----- ----- ----- ----- ----- ---- ---------------------
h2tg000178l:206414-203536   -            216 147278at71240        -            161   1.3e-83  278.2   7.7   1   2   1.1e-08   2.7e-06   26.9   1.3     1    23    17    39    17    60 0.82 -
h2tg000178l:206414-203536   -            216 147278at71240        -            161   1.3e-83  278.2   7.7   2   2   4.2e-79   9.9e-77  255.9   0.8    12   161    52   214    41   214 0.88 -
h2tg000123l:494440-500782   -            516 147278at71240        -            161   1.4e-14   53.9   0.4   1   1   1.1e-16   2.5e-14   53.0   0.4    27    95    43   112    32   125 0.87 -
h2tg000032l:42728-43015     -             96 147278at71240        -            161   1.9e-13   50.2   0.0   1   1   7.9e-16   1.9e-13   50.2   0.0    31    96     1    63     1    90 0.92 -
h2tg001076l:16293-16003     -             97 147278at71240        -            161   1.1e-12   47.6   0.0   1   1   5.7e-15   1.3e-12   47.4   0.0    31    95     1    67     1    78 0.89 -
h2tg001150l:24086-24376     -             97 147278at71240        -            161   1.1e-12   47.6   0.0   1   1   5.7e-15   1.3e-12   47.4   0.0    31    95     1    67     1    78 0.89 -
h2tg000932l:69487-69684     -             66 147278at71240        -            161   4.7e-12   45.6   0.2   1   1   2.2e-14   5.1e-12   45.5   0.2    31    92     2    66     1    66 0.89 -
h2tg001348l:62310-62552     -             81 147278at71240        -            161   5.4e-12   45.4   0.0   1   1   2.5e-14   5.8e-12   45.3   0.0    31    96     1    68     1    77 0.89 -
h2tg000246l:860464-860739   -             92 147278at71240        -            161     1e-11   44.5   0.0   1   1   4.9e-14   1.2e-11   44.4   0.0    29    97     2    71     1    84 0.89 -
h2tg000075l:375113-377568   -            315 147278at71240        -            161   2.6e-11   43.2   0.2   1   1   1.9e-13   4.5e-11   42.5   0.2    30    93     5    68     3    74 0.96 -
h2tg000086l:54358-54140     -             73 147278at71240        -            161   2.7e-11   43.2   0.0   1   1   1.3e-13     3e-11   43.0   0.0    30    95     2    65     1    71 0.94 -
h2tg000463l:86653-90252     -            301 147278at71240        -            161   2.8e-11   43.1   0.3   1   1     2e-13   4.6e-11   42.4   0.3    24    97    29   100    25   109 0.91 -
h2tg000621l:574655-578695   -            260 147278at71240        -            161   4.8e-11   42.4   0.1   1   2     2e-13   4.8e-11   42.4   0.1    37    93    79   140    52   154 0.85 -
h2tg000621l:574655-578695   -            260 147278at71240        -            161   4.8e-11   42.4   0.1   2   2       9.9   2.3e+03   -2.1   0.1    49    61   207   219   185   251 0.63 -
h2tg000984l:82395-76799     -            341 147278at71240        -            161   5.8e-11   42.1   0.2   1   1     4e-13   9.4e-11   41.4   0.2    30    93     5    68     3    78 0.94 -
h2tg001262l:9042-6773       -            346 147278at71240        -            161   8.1e-11   41.6   0.5   1   1     6e-13   1.4e-10   40.8   0.5    30    92     5    67     3    71 0.97 -
h2tg000089l:326371-322738   -            474 147278at71240        -            161   1.4e-10   40.9   0.3   1   1   1.2e-12   2.7e-10   39.9   0.3    23    92   362   431   357   438 0.93 -
h2tg000508l:420247-424452   -            475 147278at71240        -            161   1.9e-10   40.4   0.2   1   1   1.8e-12   4.2e-10   39.3   0.2    23    92   355   424   348   431 0.93 -
h2tg000018l:22546-26456     -            321 147278at71240        -            161   2.4e-10   40.1   0.3   1   1   1.6e-12   3.6e-10   39.5   0.3    28   131    74   175    63   180 0.88 -
h2tg000479l:167558-172116   -            179 147278at71240        -            161   2.7e-10   39.9   0.5   1   1   1.6e-12   3.7e-10   39.5   0.5    29    93     2    70     1    82 0.85 -
h2tg000127l:693204-695861   -            353 147278at71240        -            161   3.3e-10   39.6   0.4   1   1   2.3e-12   5.4e-10   38.9   0.4    30    92     5    67     3    71 0.97 -
h2tg000768l:135283-135092   -             64 147278at71240        -            161   6.3e-10   38.7   0.0   1   1   2.9e-12   6.8e-10   38.6   0.0    31    91     1    64     1    64 0.91 -
h2tg000014l:221157-218233   -            564 147278at71240        -            161   7.7e-10   38.4   0.1   1   1     7e-12   1.6e-09   37.4   0.1    32    92     6    66     2    71 0.92 -
h2tg000995l:150590-150186   -            135 147278at71240        -            161   1.1e-09   37.9   0.1   1   1   6.1e-12   1.4e-09   37.5   0.1    29    99     4    72     1    87 0.90 -
h2tg000266l:48038-48601     -            188 147278at71240        -            161   1.4e-09   37.6   0.1   1   1   8.4e-12     2e-09   37.1   0.1    27   107    17    99     7   125 0.78 -
h2tg000266l:42867-42304     -            188 147278at71240        -            161     2e-09   37.1   0.1   1   1   1.2e-11   2.9e-09   36.6   0.1    27   104    17    96     7   125 0.78 -
h2tg001456l:31414-34967     -            342 147278at71240        -            161   2.9e-09   36.5   0.7   1   1   2.3e-11   5.4e-09   35.7   0.7    30    92     5    67     3    72 0.96 -
h2tg000432l:877255-875911   -            305 147278at71240        -            161   6.6e-09   35.4   0.2   1   1   4.7e-11   1.1e-08   34.7   0.2    30    92     5    67     3    73 0.95 -
h2tg000034l:625609-639402   -            351 147278at71240        -            161   6.6e-09   35.4   0.1   1   1   4.8e-11   1.1e-08   34.6   0.1    27    98     8    78     3    90 0.89 -
h2tg000579l:438792-439244   -            151 147278at71240        -            161   8.4e-09   35.1   0.1   1   1   4.7e-11   1.1e-08   34.7   0.1    23    92    79   151    73   151 0.84 -
h2tg000478l:153282-195995   -            328 147278at71240        -            161   1.5e-08   34.2   0.1   1   1   1.2e-10   2.9e-08   33.3   0.1    28   104    10    88     4   116 0.77 -
h2tg000619l:250184-248500   -            465 147278at71240        -            161     7e-08   32.1   0.0   1   1     6e-10   1.4e-07   31.1   0.0    30    93    60   120    34   130 0.90 -
h2tg000803l:18435-18310     -             42 147278at71240        -            161   8.3e-08   31.8   0.0   1   1   3.8e-10   8.9e-08   31.7   0.0    28    60     7    39     2    41 0.93 -
h2tg000131l:1033452-1033258 -             65 147278at71240        -            161   1.9e-07   30.7   0.0   1   1   8.6e-10     2e-07   30.6   0.0    31    91     2    65     1    65 0.90 -
h2tg000450l:245697-245542   -             52 147278at71240        -            161   3.8e-07   29.7   0.0   1   1   1.7e-09     4e-07   29.6   0.0    31    80     2    52     1    52 0.87 -
h2tg000968l:70246-62402     -            185 147278at71240        -            161   1.1e-06   28.1   0.4   1   1   2.1e-08   4.9e-06   26.1   0.3    31    92     2    53     1    62 0.93 -
h2tg000080l:1604729-1596822 -            589 147278at71240        -            161   1.4e-06   27.8   0.1   1   1     6e-09   1.4e-06   27.8   0.1    25   106   310   391   298   419 0.84 -
h2tg000857l:990-823         -             56 147278at71240        -            161   1.7e-06   27.5   0.1   1   1   7.3e-09   1.7e-06   27.5   0.1    28    64     6    42     1    56 0.84 -
h2tg001276l:2028-2195       -             56 147278at71240        -            161   1.7e-06   27.5   0.1   1   1   7.3e-09   1.7e-06   27.5   0.1    28    64     6    42     1    56 0.84 -
h2tg000503l:522920-523018   -             33 147278at71240        -            161   2.1e-06   27.3   0.0   1   1     9e-09   2.1e-06   27.3   0.0    31    60     3    32     1    33 0.94 -
h2tg000095l:1747381-1742774 -            741 147278at71240        -            161   2.7e-06   26.9   0.5   1   1   2.5e-08   5.8e-06   25.8   0.5    25    98   439   513   421   518 0.83 -
h2tg000343l:82327-84480     -            718 147278at71240        -            161   2.8e-06   26.9   0.0   1   1     3e-08   6.9e-06   25.6   0.0     2    93    40   129    39   136 0.88 -
h2tg000073l:207782-211078   -            352 147278at71240        -            161     5e-06   26.0   0.1   1   1   3.7e-08   8.7e-06   25.3   0.1    30    81     5    56     3    77 0.88 -
h2tg000695l:19326-20674     -            225 147278at71240        -            161   6.7e-06   25.6   0.0   1   1   4.5e-08   1.1e-05   25.0   0.0    33    84     5    56     1    80 0.88 -
h2tg000968l:65536-65414     -             41 147278at71240        -            161   8.3e-06   25.3   0.0   1   1   3.5e-08   8.3e-06   25.3   0.0    23    59     4    40     1    41 0.92 -
h2tg000038l:16468-16325     -             48 147278at71240        -            161   1.2e-05   24.8   0.0   1   1   5.2e-08   1.2e-05   24.8   0.0    28    62     2    36     1    48 0.85 -
h2tg000191l:460314-460457   -             48 147278at71240        -            161   1.3e-05   24.7   0.1   1   1   5.6e-08   1.3e-05   24.7   0.1    28    62     2    36     1    48 0.85 -
h2tg000393l:432726-436824   -            712 147278at71240        -            161     2e-05   24.0   0.3   1   1   1.8e-07   4.3e-05   23.0   0.3    26    98   434   507   416   512 0.84 -
h2tg000199l:31163-31822     -            220 147278at71240        -            161   3.7e-05   23.2   0.0   1   1   2.3e-07   5.4e-05   22.7   0.0     2    92    34   122    33   129 0.88 -
h2tg000838l:104776-106587   -            604 147278at71240        -            161   4.6e-05   22.9   0.0   1   1   3.6e-07   8.5e-05   22.0   0.0    16    93    47   122    42   136 0.88 -
h2tg000092l:297211-297474   -             88 147278at71240        -            161   0.00012   21.5   0.0   1   2     3e-05     0.007   15.8   0.0    29    62     3    36     1    59 0.85 -
h2tg000092l:297211-297474   -             88 147278at71240        -            161   0.00012   21.5   0.0   2   2       0.1        24    4.3   0.0    69    92    65    88    55    88 0.85 -
h2tg000540l:139255-107367   -            165 147278at71240        -            161   0.00014   21.3   0.0   1   1   8.1e-07   0.00019   20.9   0.0    34    98    46   110    35   123 0.71 -
h2tg000245l:384796-384464   -            111 147278at71240        -            161   0.00019   20.9   0.8   1   1   2.6e-06   0.00062   19.2   0.8    30    94     2    82     1    89 0.70 -
h2tg000042l:245617-245949   -            111 147278at71240        -            161   0.00021   20.8   0.6   1   1   3.3e-06   0.00078   18.9   0.6    30    94     2    82     1    89 0.70 -
h2tg000613l:45500-46147     -            216 147278at71240        -            161    0.0003   20.2   0.1   1   1   1.8e-06   0.00042   19.8   0.1    23    96    54   126    46   154 0.83 -
h2tg000371l:42306-44357     -            684 147278at71240        -            161    0.0012   18.3   0.0   1   1   9.3e-06    0.0022   17.4   0.0    24   102    58   134    51   140 0.87 -
h2tg000361l:286363-284093   -            757 147278at71240        -            161    0.0031   16.9   0.1   1   1   3.5e-05    0.0083   15.6   0.1    22    92    53   121    47   127 0.86 -
h2tg001533l:30152-28068     -            695 147278at71240        -            161    0.0034   16.9   0.2   1   1   2.9e-05    0.0069   15.8   0.2    22    99    58   133    50   146 0.80 -
h2tg000083l:238395-233353   -            233 147278at71240        -            161     0.016   14.7   0.0   1   1   0.00011     0.026   13.9   0.0    29    74    56   104    45   112 0.83 -
h2tg000888l:91494-85630     -            452 147278at71240        -            161      0.05   13.0   1.9   1   2       3.6   8.5e+02   -0.7   0.6   133   158    68    93    63    95 0.81 -
h2tg000888l:91494-85630     -            452 147278at71240        -            161      0.05   13.0   1.9   2   2   0.00049      0.11   11.9   0.0    21    83   255   318   243   327 0.80 -
#
# Program:         hmmsearch
# Version:         3.3.2 (Nov 2020)
# Pipeline mode:   SEARCH
# Query file:      /scratch/srb67793/Pelargonium/busco_downloads/lineages/eudicots_odb10/hmms/147278at71240.hmm
# Target file:     /scratch/srb67793/Pelargonium/P_citronellum_omnic-hap2-busco/run_eudicots_odb10/metaeuk_output/initial_results/P_citronellum_OmniC.hic.bp.hap1.p_ctg.fa.modified.fas
# Option settings: hmmsearch --domtblout /scratch/srb67793/Pelargonium/P_citronellum_omnic-hap2-busco/run_eudicots_odb10/hmmer_output/initial_run_results/147278at71240.out --cpu 1 /scratch/srb67793/Pelargonium/busco_downloads/lineages/eudicots_odb10/hmms/147278at71240.hmm /scratch/srb67793/Pelargonium/P_citronellum_omnic-hap2-busco/run_eudicots_odb10/metaeuk_output/initial_results/P_citronellum_OmniC.hic.bp.hap1.p_ctg.fa.modified.fas 
# Current dir:     /scratch/srb67793/Pelargonium
# Date:            Tue Jul 16 10:30:12 2024
# [ok]
