#                                                                                   --- full sequence --- -------------- this domain -------------   hmm coord   ali coord   env coord
# target name               accession   tlen query name           accession   qlen   E-value  score  bias   #  of  c-Evalue  i-Evalue  score  bias  from    to  from    to  from    to  acc description of target
#       ------------------- ---------- ----- -------------------- ---------- ----- --------- ------ ----- --- --- --------- --------- ------ ----- ----- ----- ----- ----- ----- ----- ---- ---------------------
h2tg000018l:1161362-1163001 -            153 151409at71240        -            133     5e-71  236.6   9.0   1   1   6.5e-71   5.4e-69  230.0   9.0     7   133     1   151     1   151 0.90 -
h2tg001204l:31829-33784     -             89 151409at71240        -            133   1.1e-13   50.9   0.0   1   1   1.5e-15   1.3e-13   50.8   0.0     5    82     2    79     1    88 0.95 -
h2tg000682l:120013-119166   -             83 151409at71240        -            133   1.3e-13   50.8   0.0   1   1   1.6e-15   1.3e-13   50.7   0.0     6    83     3    80     1    83 0.96 -
h2tg001292l:55229-56047     -             81 151409at71240        -            133   3.6e-13   49.3   0.0   1   1   4.8e-15     4e-13   49.2   0.0     5    81     5    81     2    81 0.97 -
h2tg000398l:65401-68706     -             81 151409at71240        -            133   7.5e-13   48.3   0.0   1   1   9.6e-15   7.9e-13   48.2   0.0     5    82     3    80     1    81 0.97 -
h2tg000754l:152080-152674   -             92 151409at71240        -            133   7.8e-13   48.2   0.0   1   1   1.1e-14   9.4e-13   47.9   0.0     5    79    16    91    13    92 0.94 -
h2tg000410l:124384-123857   -             79 151409at71240        -            133   8.1e-13   48.1   0.0   1   1     1e-14   8.5e-13   48.1   0.0     6    79     3    76     1    79 0.97 -
h2tg001486l:82272-81946     -            109 151409at71240        -            133   1.7e-12   47.1   0.0   1   1   2.4e-14     2e-12   46.9   0.0     4    86    19   100    16   104 0.93 -
h2tg000134l:348983-348723   -             87 151409at71240        -            133   3.2e-12   46.2   0.0   1   1   4.2e-14   3.4e-12   46.1   0.0     5    87     2    83     1    86 0.94 -
h2tg000582l:94382-94155     -             76 151409at71240        -            133   3.2e-12   46.2   0.0   1   1   4.1e-14   3.4e-12   46.1   0.0     8    81     2    75     1    76 0.95 -
h2tg000225l:532588-532310   -             93 151409at71240        -            133   4.8e-12   45.7   0.0   1   1   7.1e-14   5.9e-12   45.4   0.0     5    82    13    90    10    92 0.96 -
h2tg000580l:458008-458280   -             91 151409at71240        -            133   7.1e-12   45.1   0.0   1   1   9.4e-14   7.8e-12   45.0   0.0     4    87     5    87     2    90 0.88 -
h2tg000412l:4988-4710       -             93 151409at71240        -            133   7.7e-12   45.0   0.0   1   1     1e-13   8.6e-12   44.8   0.0     4    86     5    86     2    90 0.88 -
h2tg000055l:379587-382981   -             85 151409at71240        -            133   7.7e-12   45.0   0.0   1   1     1e-13   8.5e-12   44.8   0.0     5    82     3    80     1    84 0.97 -
h2tg001178l:80845-83396     -             77 151409at71240        -            133   9.4e-12   44.7   0.0   1   1   1.2e-13     1e-11   44.6   0.0     5    82     2    75     1    77 0.94 -
h2tg000409l:33040-51284     -            137 151409at71240        -            133   1.1e-11   44.5   0.0   1   1   1.7e-13   1.4e-11   44.1   0.0     5    82    38   115    35   119 0.97 -
h2tg000429l:72578-72225     -            118 151409at71240        -            133   1.7e-11   43.9   0.0   1   1   2.5e-13   2.1e-11   43.6   0.0     4    86    30   111    27   115 0.89 -
h2tg000019l:1224737-1224342 -            132 151409at71240        -            133   2.4e-10   40.2   0.0   1   1   3.7e-12     3e-10   39.8   0.0     4    94    38   129    35   131 0.95 -
h2tg000478l:296948-297220   -             91 151409at71240        -            133   3.5e-10   39.6   0.0   1   1   4.6e-12   3.8e-10   39.5   0.0     4    84     8    89     5    91 0.93 -
h2tg000045l:353406-353146   -             87 151409at71240        -            133   4.6e-10   39.2   0.0   1   1   5.9e-12   4.8e-10   39.2   0.0     5    86     1    83     1    87 0.94 -
h2tg001046l:156635-149470   -           1065 151409at71240        -            133   4.9e-10   39.2   0.1   1   2      0.02       1.6    8.3   0.0     4    72   293   363   291   382 0.86 -
h2tg001046l:156635-149470   -           1065 151409at71240        -            133   4.9e-10   39.2   0.1   2   2   1.5e-08   1.2e-06   28.1   0.1     4    91   455   544   453   568 0.84 -
h2tg000361l:1293102-1292770 -            111 151409at71240        -            133   7.2e-10   38.6   0.2   1   1   1.4e-11   1.1e-09   38.0   0.2     3    76    30   102    25   109 0.88 -
h2tg000398l:5884-6630       -            249 151409at71240        -            133   8.8e-10   38.3   0.0   1   1   1.7e-11   1.4e-09   37.6   0.0     2    78    43   119    42   128 0.95 -
h2tg000480l:86672-86908     -             79 151409at71240        -            133     1e-09   38.1   0.0   1   1   1.4e-11   1.1e-09   38.0   0.0     4    81     2    79     1    79 0.98 -
h2tg000393l:647897-647673   -             75 151409at71240        -            133   1.5e-09   37.5   0.1   1   1     2e-11   1.6e-09   37.4   0.1     5    78     1    74     1    75 0.97 -
h2tg000138l:1842577-1842344 -             78 151409at71240        -            133   1.9e-09   37.3   0.0   1   1   2.4e-11     2e-09   37.2   0.0     6    81     1    76     1    78 0.97 -
h2tg000480l:86006-86359     -            118 151409at71240        -            133   3.1e-09   36.5   0.0   1   1   4.6e-11   3.8e-09   36.3   0.0     4    79    23    98    20   112 0.93 -
h2tg000729l:15035-14826     -             70 151409at71240        -            133   5.1e-09   35.9   0.1   1   1   6.2e-11   5.1e-09   35.9   0.1     5    63     2    60     1    70 0.91 -
h2tg000182l:8511-8801       -             97 151409at71240        -            133   5.9e-09   35.6   0.0   1   1   8.6e-11   7.1e-09   35.4   0.0     5    76    25    96    22    97 0.96 -
h2tg000667l:587811-588101   -             97 151409at71240        -            133   5.9e-09   35.6   0.0   1   1   8.6e-11   7.1e-09   35.4   0.0     5    76    25    96    22    97 0.96 -
h2tg000885l:32996-22738     -            509 151409at71240        -            133   7.1e-09   35.4   0.0   1   1   1.8e-10   1.5e-08   34.3   0.0     4    83    18    96    15   102 0.93 -
h2tg000544l:288106-258698   -           2264 151409at71240        -            133     1e-08   34.9   0.4   1   2      0.12       9.8    5.8   0.0    23    54  1937  1968  1929  1992 0.86 -
h2tg000544l:288106-258698   -           2264 151409at71240        -            133     1e-08   34.9   0.4   2   2   4.1e-08   3.4e-06   26.7   0.0     4    57  2006  2058  2003  2080 0.89 -
h2tg000639l:27542-27285     -             86 151409at71240        -            133   1.6e-08   34.3   0.0   1   1     2e-10   1.7e-08   34.2   0.0     5    87     2    83     1    86 0.90 -
h2tg000166l:200376-200119   -             86 151409at71240        -            133   1.9e-08   34.0   0.0   1   1   2.4e-10     2e-08   33.9   0.0     5    87     2    83     1    86 0.89 -
h2tg000082l:863224-863000   -             75 151409at71240        -            133     2e-08   33.9   0.1   1   1   2.5e-10   2.1e-08   33.9   0.1     6    78     2    73     1    75 0.89 -
h2tg001213l:6666-6890       -             75 151409at71240        -            133     2e-08   33.9   0.1   1   1   2.5e-10   2.1e-08   33.9   0.1     6    78     2    73     1    75 0.89 -
h2tg001530l:14865-15086     -             74 151409at71240        -            133   2.8e-08   33.5   0.0   1   1   3.4e-10   2.8e-08   33.4   0.0     4    73     3    72     1    74 0.91 -
h2tg000325l:1061136-1060909 -             76 151409at71240        -            133   3.1e-08   33.3   0.0   1   1     4e-10   3.3e-08   33.2   0.0     6    74     3    71     1    75 0.93 -
h2tg000821l:2637-2401       -             79 151409at71240        -            133   4.4e-08   32.8   0.0   1   1   5.6e-10   4.7e-08   32.7   0.0     5    81     1    78     1    79 0.93 -
h2tg000062l:146102-146299   -             66 151409at71240        -            133   5.3e-08   32.6   0.0   1   1   7.3e-10     6e-08   32.4   0.0     5    66     4    65     2    66 0.89 -
h2tg000039l:1715702-1715448 -             85 151409at71240        -            133   5.5e-08   32.5   0.0   1   1     7e-10   5.8e-08   32.4   0.0     5    85     2    81     1    85 0.88 -
h2tg001121l:81352-82571     -            102 151409at71240        -            133   6.4e-08   32.3   0.0   1   1     9e-10   7.4e-08   32.1   0.0     8    70    19    81    12    91 0.92 -
h2tg000760l:339270-342282   -            156 151409at71240        -            133   9.7e-08   31.7   0.0   1   1   1.6e-09   1.3e-07   31.3   0.0    14    83    56   124    51   153 0.87 -
h2tg000682l:328208-328423   -             72 151409at71240        -            133   1.5e-07   31.1   0.0   1   1     2e-09   1.7e-07   30.9   0.0     5    63     1    59     1    64 0.95 -
h2tg000480l:86405-86620     -             72 151409at71240        -            133   2.2e-07   30.6   0.0   1   1   2.7e-09   2.3e-07   30.5   0.0     5    72     1    68     1    72 0.94 -
h2tg000709l:81528-81169     -            120 151409at71240        -            133   2.5e-07   30.4   0.0   1   1   3.6e-09     3e-07   30.1   0.0     4    79    45   119    42   120 0.92 -
h2tg000057l:138026-135730   -             81 151409at71240        -            133   2.6e-07   30.3   0.0   1   1   3.6e-09     3e-07   30.1   0.0     9    81     3    75     1    77 0.95 -
h2tg000293l:47767-47055     -             75 151409at71240        -            133   2.7e-07   30.3   0.0   1   1   3.4e-09   2.8e-07   30.2   0.0    11    81     3    73     1    75 0.93 -
h2tg001094l:122849-122544   -            102 151409at71240        -            133   3.1e-07   30.1   0.0   1   1   4.3e-09   3.6e-07   29.9   0.0     5    79     1    74     1    83 0.92 -
h2tg000835l:90282-89214     -             66 151409at71240        -            133   3.3e-07   30.0   0.1   1   1   4.4e-09   3.7e-07   29.8   0.1     9    66     1    60     1    65 0.89 -
h2tg000089l:131002-131205   -             68 151409at71240        -            133   5.5e-07   29.3   0.0   1   1   7.4e-09   6.1e-07   29.1   0.0     5    67     2    64     1    67 0.97 -
h2tg000098l:484343-484543   -             67 151409at71240        -            133   7.9e-07   28.8   0.0   1   1     1e-08   8.6e-07   28.6   0.0     5    61     2    58     1    63 0.95 -
h2tg000580l:456456-456662   -             69 151409at71240        -            133   9.9e-07   28.5   0.0   1   1   1.2e-08     1e-06   28.4   0.0     5    57     2    54     1    68 0.89 -
h2tg000019l:2041598-2041356 -             81 151409at71240        -            133   1.1e-06   28.3   0.0   1   1   1.6e-08   1.3e-06   28.1   0.0     5    79     1    74     1    78 0.92 -
h2tg000019l:2234244-2233996 -             83 151409at71240        -            133   1.3e-06   28.1   0.1   1   1     2e-08   1.6e-06   27.8   0.1     3    67    17    80    15    82 0.92 -
h2tg000147l:4244273-4243941 -            111 151409at71240        -            133   1.3e-06   28.1   0.1   1   1   2.7e-08   2.2e-06   27.3   0.1     3    81    30   107    28   111 0.88 -
h2tg000426l:152933-153205   -             91 151409at71240        -            133   1.4e-06   28.0   0.0   1   1   2.2e-08   1.8e-06   27.6   0.0     4    79    21    90    19    91 0.95 -
h2tg000665l:260028-260273   -             82 151409at71240        -            133   1.4e-06   27.9   0.0   1   1   1.9e-08   1.6e-06   27.8   0.0     3    79     6    81     4    82 0.94 -
h2tg000450l:135028-134139   -             69 151409at71240        -            133   1.5e-06   27.9   0.0   1   1     2e-08   1.6e-06   27.8   0.0     9    66     8    65     3    68 0.90 -
h2tg000546l:327961-368931   -             96 151409at71240        -            133   1.5e-06   27.9   0.0   1   1   2.2e-08   1.8e-06   27.6   0.0     5    63    20    78    17    94 0.86 -
h2tg000067l:1200898-1201170 -             91 151409at71240        -            133   1.6e-06   27.8   0.0   1   1   1.9e-08   1.6e-06   27.8   0.0     5    76     1    73     1    89 0.87 -
h2tg000737l:218254-218625   -            124 151409at71240        -            133   1.8e-06   27.6   0.0   1   1   2.9e-08   2.4e-06   27.2   0.0     4    68    43   108    41   122 0.91 -
h2tg000039l:2342987-2342703 -             95 151409at71240        -            133     2e-06   27.5   0.0   1   2       9.3   7.6e+02   -0.3   0.0    68    79     3    14     2    21 0.80 -
h2tg000039l:2342987-2342703 -             95 151409at71240        -            133     2e-06   27.5   0.0   2   2   9.4e-08   7.7e-06   25.6   0.0     4    67    30    93    27    95 0.95 -
h2tg000134l:350390-350166   -             75 151409at71240        -            133   2.3e-06   27.2   0.0   1   1     3e-08   2.4e-06   27.2   0.0     5    58     2    55     1    72 0.87 -
h2tg000284l:196240-195845   -            132 151409at71240        -            133   2.7e-06   27.1   0.0   1   1   4.4e-08   3.7e-06   26.6   0.0     4    86    49   132    47   132 0.94 -
h2tg000388l:615773-616039   -             89 151409at71240        -            133   2.7e-06   27.0   0.0   1   1   3.5e-08   2.9e-06   27.0   0.0     2    72     3    73     2    87 0.92 -
h2tg001102l:4261-4052       -             70 151409at71240        -            133   2.9e-06   26.9   0.0   1   1   3.8e-08   3.1e-06   26.8   0.0    19    74    13    68     8    70 0.83 -
h2tg000127l:621525-621292   -             78 151409at71240        -            133   3.2e-06   26.8   0.0   1   1   4.5e-08   3.7e-06   26.6   0.0     3    77     2    75     1    77 0.93 -
h2tg000725l:183103-182861   -             81 151409at71240        -            133   4.4e-06   26.3   0.0   1   1   5.6e-08   4.7e-06   26.3   0.0     5    81     3    79     1    81 0.96 -
h2tg000043l:5355503-5355802 -            100 151409at71240        -            133   5.2e-06   26.1   0.0   1   1   7.5e-08   6.2e-06   25.9   0.0     3    79    24    99    22   100 0.93 -
h2tg000259l:553531-553232   -            100 151409at71240        -            133   5.2e-06   26.1   0.0   1   1   7.5e-08   6.2e-06   25.9   0.0     3    79    24    99    22   100 0.93 -
h2tg000796l:184090-183842   -             83 151409at71240        -            133   5.3e-06   26.1   0.0   1   1   9.7e-08     8e-06   25.5   0.0     3    74    15    80    13    83 0.88 -
h2tg000521l:21857-71231     -            567 151409at71240        -            133   5.8e-06   26.0   0.0   1   1   1.5e-07   1.3e-05   24.9   0.0     3    78     4    79     2    89 0.96 -
h2tg000037l:307218-307430   -             71 151409at71240        -            133   6.6e-06   25.8   0.1   1   1     8e-08   6.6e-06   25.8   0.1     7    69     3    64     1    71 0.88 -
h2tg000603l:377412-377672   -             87 151409at71240        -            133   6.9e-06   25.7   0.0   1   1     9e-08   7.5e-06   25.6   0.0     5    77     1    74     1    86 0.86 -
h2tg000356l:702799-674224   -            115 151409at71240        -            133   7.2e-06   25.6   0.0   1   1   1.1e-07   8.9e-06   25.4   0.0     5    66    41   102    38   113 0.88 -
h2tg001162l:36377-36114     -             88 151409at71240        -            133   7.4e-06   25.6   0.0   1   1     1e-07   8.4e-06   25.4   0.0     4    65    22    83    19    88 0.93 -
h2tg000082l:863497-863237   -             87 151409at71240        -            133   7.4e-06   25.6   0.1   1   1   9.2e-08   7.6e-06   25.6   0.1     7    77     3    72     1    85 0.88 -
h2tg001213l:6393-6653       -             87 151409at71240        -            133   7.4e-06   25.6   0.1   1   1   9.2e-08   7.6e-06   25.6   0.1     7    77     3    72     1    85 0.88 -
h2tg000450l:114093-113408   -             59 151409at71240        -            133   7.4e-06   25.6   0.0   1   1   9.3e-08   7.7e-06   25.6   0.0    10    60     9    59     3    59 0.90 -
h2tg000003l:509000-508779   -             74 151409at71240        -            133   7.5e-06   25.6   0.1   1   1   9.7e-08     8e-06   25.5   0.1     5    64     1    60     1    71 0.93 -
h2tg000759l:234830-235063   -             78 151409at71240        -            133   7.9e-06   25.5   0.0   1   1   9.7e-08     8e-06   25.5   0.0    10    73     4    66     1    76 0.87 -
h2tg000037l:307491-307727   -             79 151409at71240        -            133     8e-06   25.5   0.1   1   1     1e-07   8.6e-06   25.4   0.1     5    69     1    64     1    76 0.90 -
h2tg000395l:83376-82651     -             77 151409at71240        -            133   9.4e-06   25.3   0.0   1   1   1.2e-07   9.8e-06   25.2   0.0     3    76     2    75     1    77 0.94 -
h2tg000729l:14384-14124     -             87 151409at71240        -            133     1e-05   25.2   0.0   1   1   1.4e-07   1.2e-05   25.0   0.0     5    82     2    77     1    85 0.83 -
h2tg000561l:126361-126558   -             66 151409at71240        -            133     1e-05   25.1   0.0   1   1   1.4e-07   1.2e-05   25.0   0.0     5    66     4    65     2    66 0.90 -
h2tg001486l:82783-82577     -             69 151409at71240        -            133   1.1e-05   25.0   0.0   1   1   1.5e-07   1.2e-05   24.9   0.0     5    58     2    55     1    68 0.86 -
h2tg000640l:692918-693160   -             81 151409at71240        -            133   1.2e-05   25.0   0.0   1   1   1.5e-07   1.2e-05   24.9   0.0     5    82     3    80     1    81 0.95 -
h2tg000777l:164035-146064   -            912 151409at71240        -            133   2.1e-05   24.2   0.0   1   1   6.7e-07   5.5e-05   22.8   0.0     2    86   152   239   151   276 0.81 -
h2tg000412l:5601-5395       -             69 151409at71240        -            133   2.3e-05   24.0   0.0   1   1   3.1e-07   2.5e-05   23.9   0.0     5    58     2    55     1    68 0.86 -
h2tg000228l:53450-53719     -             90 151409at71240        -            133   2.6e-05   23.9   0.0   1   1   3.2e-07   2.6e-05   23.8   0.0     4    63    16    75    13    90 0.85 -
h2tg001530l:15313-15549     -             79 151409at71240        -            133   2.6e-05   23.8   0.0   1   1   3.2e-07   2.7e-05   23.8   0.0     4    79     3    76     1    79 0.80 -
h2tg000978l:44259-43996     -             88 151409at71240        -            133   2.7e-05   23.8   0.0   1   1   3.9e-07   3.2e-05   23.6   0.0     3    64     6    61     4    81 0.88 -
h2tg001298l:64276-64037     -             80 151409at71240        -            133   2.7e-05   23.8   0.1   1   1   3.8e-07   3.1e-05   23.6   0.1     4    63    20    78    17    80 0.90 -
h2tg000612l:291089-289932   -             58 151409at71240        -            133   2.8e-05   23.7   0.0   1   1   3.5e-07   2.9e-05   23.7   0.0     9    65     2    58     1    58 0.88 -
h2tg001055l:101186-101410   -             75 151409at71240        -            133   3.4e-05   23.5   0.1   1   1   4.7e-07   3.9e-05   23.3   0.1     4    69    11    75     8    75 0.91 -
h2tg000070l:121252-120992   -             87 151409at71240        -            133   3.5e-05   23.4   0.0   1   1   4.8e-07     4e-05   23.3   0.0     4    82     8    86     6    87 0.95 -
h2tg001160l:348350-348009   -            114 151409at71240        -            133   4.1e-05   23.2   0.0   1   1     1e-06   8.5e-05   22.2   0.0    28    77    10    57     2    62 0.84 -
h2tg000100l:242754-243755   -            152 151409at71240        -            133   5.1e-05   22.9   0.0   1   1   8.2e-07   6.8e-05   22.5   0.0     4    80    15    94    12   139 0.81 -
h2tg000242l:57585-57235     -            117 151409at71240        -            133   8.8e-05   22.1   0.0   1   1   1.6e-06   0.00013   21.6   0.0     3    64     6    61     4   111 0.89 -
h2tg000215l:392190-391981   -             70 151409at71240        -            133    0.0001   22.0   0.0   1   1   1.3e-06   0.00011   21.9   0.0     4    72     1    68     1    70 0.90 -
h2tg000864l:18482-18829     -            116 151409at71240        -            133    0.0001   21.9   0.0   1   1   1.7e-06   0.00014   21.5   0.0     4    79     1    75     1   114 0.88 -
h2tg000166l:201880-201674   -             69 151409at71240        -            133    0.0001   21.9   0.0   1   1   1.2e-06    0.0001   21.9   0.0     5    53     2    50     1    66 0.94 -
h2tg000639l:28764-28555     -             70 151409at71240        -            133    0.0001   21.9   0.0   1   1   1.3e-06    0.0001   21.9   0.0     5    53     2    50     1    66 0.94 -
h2tg000244l:562638-562943   -            102 151409at71240        -            133   0.00012   21.7   0.0   1   1   1.5e-06   0.00013   21.6   0.0     5    80     1    75     1    93 0.94 -
h2tg000841l:51044-51271     -             76 151409at71240        -            133   0.00013   21.6   0.0   1   1   1.7e-06   0.00014   21.5   0.0     5    79     3    76     1    76 0.94 -
h2tg000147l:4126348-4126635 -             96 151409at71240        -            133   0.00014   21.5   0.0   1   1     2e-06   0.00016   21.3   0.0     2    80     7    84     6    89 0.92 -
h2tg000195l:505392-505156   -             79 151409at71240        -            133   0.00015   21.4   0.0   1   1   1.9e-06   0.00016   21.3   0.0     6    69     2    65     1    73 0.90 -
h2tg000243l:26269-26526     -             86 151409at71240        -            133   0.00015   21.4   0.0   1   1   2.5e-06    0.0002   21.0   0.0     3    66    23    86    21    86 0.94 -
h2tg000429l:73120-72866     -             85 151409at71240        -            133   0.00015   21.4   0.0   1   1     2e-06   0.00016   21.3   0.0     5    58    14    67    11    85 0.86 -
h2tg000346l:32157-32423     -             89 151409at71240        -            133   0.00017   21.2   0.0   1   1   2.3e-06   0.00019   21.1   0.0     5    79     1    74     1    85 0.86 -
h2tg001225l:143047-142778   -             90 151409at71240        -            133   0.00019   21.1   0.0   1   1   2.8e-06   0.00023   20.8   0.0     4    69    23    87    20    90 0.90 -
h2tg001055l:100790-101026   -             79 151409at71240        -            133   0.00023   20.8   0.0   1   1     3e-06   0.00025   20.7   0.0    10    74    14    77     6    79 0.83 -
h2tg000978l:40730-40599     -             44 151409at71240        -            133   0.00024   20.7   0.0   1   1   3.2e-06   0.00026   20.6   0.0    37    76     4    43     2    44 0.93 -
h2tg000557l:101032-101319   -             96 151409at71240        -            133   0.00025   20.7   0.0   1   1   3.7e-06    0.0003   20.4   0.0     4    62    30    88    27    92 0.93 -
h2tg000415l:106931-106659   -             91 151409at71240        -            133   0.00027   20.5   0.0   1   1   3.7e-06   0.00031   20.4   0.0     5    85     1    80     1    88 0.91 -
h2tg001298l:63916-63629     -             96 151409at71240        -            133   0.00027   20.5   0.0   1   1   4.3e-06   0.00035   20.2   0.0     3    66    33    95    31    96 0.87 -
h2tg000949l:179971-180102   -             44 151409at71240        -            133   0.00029   20.5   0.0   1   1   3.5e-06   0.00029   20.5   0.0    37    76     4    43     1    44 0.93 -
h2tg001225l:143381-143145   -             79 151409at71240        -            133   0.00029   20.5   0.0   1   1   3.9e-06   0.00032   20.3   0.0     5    69     8    71     6    79 0.84 -
h2tg000200l:114161-113913   -             83 151409at71240        -            133   0.00042   20.0   0.0   1   1   5.7e-06   0.00047   19.8   0.0     5    81     1    76     1    81 0.91 -
h2tg000968l:126102-123970   -            198 151409at71240        -            133   0.00042   19.9   0.0   1   1   9.1e-06   0.00075   19.1   0.0    31    79   148   196   131   198 0.91 -
h2tg000256l:215717-215460   -             86 151409at71240        -            133   0.00044   19.9   0.0   1   1     6e-06   0.00049   19.7   0.0     3    66    20    83    18    86 0.92 -
h2tg000039l:1716840-1716634 -             69 151409at71240        -            133   0.00064   19.4   0.0   1   1   8.3e-06   0.00068   19.3   0.0     5    56     2    53     1    67 0.88 -
h2tg000689l:113995-114255   -             87 151409at71240        -            133    0.0007   19.2   0.0   1   1   9.9e-06   0.00081   19.0   0.0     4    80     8    82     5    86 0.90 -
h2tg000847l:348448-348221   -             76 151409at71240        -            133   0.00072   19.2   0.0   1   1   9.2e-06   0.00076   19.1   0.0     5    78     3    75     1    76 0.91 -
h2tg000142l:99057-98821     -             79 151409at71240        -            133    0.0011   18.6   0.0   1   1   1.7e-05    0.0014   18.3   0.0     4    51    32    79    29    79 0.95 -
h2tg000033l:121830-121013   -             80 151409at71240        -            133    0.0011   18.5   0.1   1   1   1.4e-05    0.0012   18.5   0.1     4    56    14    65    11    80 0.81 -
h2tg000242l:50510-50379     -             44 151409at71240        -            133    0.0012   18.4   0.0   1   1   1.6e-05    0.0013   18.3   0.0    37    76     4    43     2    44 0.93 -
h2tg000759l:235112-235291   -             60 151409at71240        -            133    0.0012   18.4   0.0   1   1   1.6e-05    0.0014   18.3   0.0    11    67     2    57     1    59 0.86 -
h2tg000929l:303878-303648   -             77 151409at71240        -            133    0.0012   18.4   0.0   1   1     2e-05    0.0016   18.0   0.0     4    49    31    76    26    77 0.95 -
h2tg000424l:185029-184760   -             90 151409at71240        -            133    0.0013   18.3   0.0   1   1   1.7e-05    0.0014   18.2   0.0     5    86     1    81     1    90 0.87 -
h2tg000631l:153763-170694   -            675 151409at71240        -            133    0.0014   18.2   0.2   1   2       1.5   1.2e+02    2.2   0.0    45    93   337   390   326   417 0.73 -
h2tg000631l:153763-170694   -            675 151409at71240        -            133    0.0014   18.2   0.2   2   2   0.00046     0.038   13.6   0.1    43    82   429   468   412   485 0.87 -
h2tg001160l:355365-353521   -            186 151409at71240        -            133    0.0015   18.1   0.0   1   1   3.5e-05    0.0029   17.2   0.0     5    76   109   180   105   185 0.91 -
h2tg000003l:507796-507566   -             77 151409at71240        -            133    0.0015   18.1   0.0   1   1   1.9e-05    0.0015   18.1   0.0     6    69     2    65     1    77 0.84 -
h2tg000689l:355326-355595   -             90 151409at71240        -            133    0.0017   17.9   0.0   1   1   2.1e-05    0.0017   17.9   0.0    40    80    35    75     2    83 0.88 -
h2tg000729l:19201-18971     -             77 151409at71240        -            133    0.0019   17.8   0.0   1   1   2.3e-05    0.0019   17.8   0.0     5    63     2    59     1    77 0.80 -
h2tg000207l:440261-440392   -             44 151409at71240        -            133    0.0019   17.8   0.0   1   1   2.3e-05    0.0019   17.8   0.0    40    79     4    43     1    44 0.91 -
h2tg001055l:101707-101895   -             63 151409at71240        -            133     0.002   17.7   0.1   1   1   2.8e-05    0.0023   17.5   0.1     5    66     1    61     1    62 0.91 -
h2tg000086l:1123412-1123173 -             80 151409at71240        -            133    0.0026   17.4   0.0   1   1   3.6e-05     0.003   17.2   0.0     5    80     1    75     1    79 0.91 -
h2tg001463l:18796-18641     -             52 151409at71240        -            133    0.0036   16.9   0.0   1   1   4.4e-05    0.0036   16.9   0.0     9    58     1    50     1    52 0.90 -
h2tg000339l:187812-188051   -             80 151409at71240        -            133     0.004   16.8   0.0   1   1    0.0001    0.0085   15.7   0.0     4    49    34    79    31    80 0.95 -
h2tg000213l:413908-413618   -             97 151409at71240        -            133    0.0041   16.7   0.0   1   1   6.2e-05    0.0051   16.4   0.0     3    75    20    92    18    96 0.91 -
h2tg000450l:477875-477462   -            138 151409at71240        -            133    0.0044   16.6   0.0   1   1   8.3e-05    0.0069   16.0   0.0     5    79     1    74     1    85 0.84 -
h2tg000082l:1365880-1366134 -             85 151409at71240        -            133    0.0044   16.6   0.0   1   1     6e-05     0.005   16.5   0.0     4    71    14    80    12    85 0.90 -
h2tg000066l:306661-306371   -             97 151409at71240        -            133     0.005   16.5   0.0   1   1   7.5e-05    0.0062   16.2   0.0     3    75    20    92    18    96 0.91 -
h2tg000771l:4898-5125       -             76 151409at71240        -            133    0.0055   16.3   0.0   1   1     7e-05    0.0057   16.3   0.0     4    67     2    64     1    75 0.86 -
h2tg000771l:3503-3766       -             88 151409at71240        -            133    0.0066   16.1   0.0   1   1   9.7e-05     0.008   15.8   0.0     5    63    29    86    26    88 0.90 -
h2tg000116l:172242-172439   -             66 151409at71240        -            133      0.01   15.4   0.0   1   1   0.00014     0.011   15.3   0.0     5    66     2    65     1    66 0.72 -
h2tg000426l:158643-158945   -            101 151409at71240        -            133     0.012   15.3   0.0   1   1   0.00022     0.018   14.7   0.0    13    71    25    76    13    88 0.83 -
h2tg000302l:2813960-2813733 -             76 151409at71240        -            133     0.012   15.2   0.0   1   1   0.00015     0.013   15.2   0.0    38    78    35    75    12    76 0.90 -
h2tg000474l:858946-854053   -            707 151409at71240        -            133     0.013   15.1   0.0   1   1    0.0003     0.025   14.2   0.0     5    59     2    53     1    71 0.89 -
h2tg001225l:142516-142328   -             63 151409at71240        -            133     0.016   14.8   0.0   1   1   0.00023     0.019   14.6   0.0     5    66     1    61     1    62 0.91 -
h2tg000082l:1856753-1856998 -             82 151409at71240        -            133     0.026   14.1   0.0   1   1   0.00035     0.029   14.0   0.0     4    66    18    79    15    82 0.88 -
h2tg000557l:101389-101658   -             90 151409at71240        -            133     0.031   13.9   0.0   1   1    0.0004     0.033   13.8   0.0     4    63     7    66     4    82 0.90 -
h2tg001102l:4899-4687       -             71 151409at71240        -            133     0.032   13.9   0.1   1   1   0.00041     0.034   13.8   0.1    21    59    20    58     9    69 0.84 -
h2tg000721l:32904-32731     -             58 151409at71240        -            133     0.039   13.6   0.1   1   1   0.00048      0.04   13.5   0.1    23    62    10    51     4    58 0.72 -
h2tg000212l:89381-89608     -             76 151409at71240        -            133      0.04   13.5   0.0   1   1   0.00059     0.049   13.3   0.0     5    49    31    75    27    76 0.95 -
h2tg000063l:1096715-1096491 -             75 151409at71240        -            133     0.046   13.3   0.0   1   1   0.00056     0.046   13.3   0.0    42    80    21    59     4    72 0.87 -
h2tg001306l:162171-162494   -            108 151409at71240        -            133     0.059   13.0   0.0   1   1   0.00072      0.06   13.0   0.0    40    88    35    83     1    94 0.77 -
h2tg000768l:358354-358091   -             88 151409at71240        -            133     0.065   12.9   0.0   1   1   0.00079     0.065   12.9   0.0    41    80    36    75     1    87 0.82 -
h2tg000224l:413373-413158   -             72 151409at71240        -            133     0.093   12.3   0.0   1   1    0.0011     0.095   12.3   0.0     5    61     8    66     3    72 0.80 -
h2tg000256l:218792-218484   -            103 151409at71240        -            133     0.097   12.3   0.0   1   1    0.0026      0.22   11.2   0.0     4    66    36    96    33   100 0.83 -
h2tg000226l:144882-144697   -             62 151409at71240        -            133      0.12   12.0   0.0   1   1    0.0015      0.13   11.9   0.0    40    79     6    45     2    54 0.87 -
h2tg000067l:75065-75289     -             75 151409at71240        -            133      0.14   11.8   0.0   1   1    0.0018      0.15   11.7   0.0     5    79     1    74     1    75 0.92 -
h2tg000177l:185623-185399   -             75 151409at71240        -            133      0.14   11.8   0.0   1   1    0.0018      0.15   11.7   0.0     5    79     1    74     1    75 0.92 -
#
# Program:         hmmsearch
# Version:         3.3.2 (Nov 2020)
# Pipeline mode:   SEARCH
# Query file:      /scratch/srb67793/Pelargonium/busco_downloads/lineages/eudicots_odb10/hmms/151409at71240.hmm
# Target file:     /scratch/srb67793/Pelargonium/P_citronellum_omnic-hap2-busco/run_eudicots_odb10/metaeuk_output/initial_results/P_citronellum_OmniC.hic.bp.hap1.p_ctg.fa.modified.fas
# Option settings: hmmsearch --domtblout /scratch/srb67793/Pelargonium/P_citronellum_omnic-hap2-busco/run_eudicots_odb10/hmmer_output/initial_run_results/151409at71240.out --cpu 1 /scratch/srb67793/Pelargonium/busco_downloads/lineages/eudicots_odb10/hmms/151409at71240.hmm /scratch/srb67793/Pelargonium/P_citronellum_omnic-hap2-busco/run_eudicots_odb10/metaeuk_output/initial_results/P_citronellum_OmniC.hic.bp.hap1.p_ctg.fa.modified.fas 
# Current dir:     /scratch/srb67793/Pelargonium
# Date:            Tue Jul 16 10:30:13 2024
# [ok]
