#                                                                                 --- full sequence --- -------------- this domain -------------   hmm coord   ali coord   env coord
# target name             accession   tlen query name           accession   qlen   E-value  score  bias   #  of  c-Evalue  i-Evalue  score  bias  from    to  from    to  from    to  acc description of target
#     ------------------- ---------- ----- -------------------- ---------- ----- --------- ------ ----- --- --- --------- --------- ------ ----- ----- ----- ----- ----- ----- ----- ---- ---------------------
h2tg001413l:26681-25128   -            141 155548at71240        -            131   4.9e-72  239.6   0.0   1   1   2.4e-75   5.5e-72  239.4   0.0     1   131    11   141    11   141 0.99 -
h2tg000098l:470659-467924 -            110 155548at71240        -            131   7.4e-57  190.4   0.0   1   1   3.6e-60   8.2e-57  190.3   0.0    22   131     1   110     1   110 1.00 -
h2tg000479l:128077-131720 -            107 155548at71240        -            131   2.4e-53  179.1   0.1   1   1   1.2e-56   2.7e-53  178.9   0.1    22   131     1   107     1   107 0.98 -
h2tg000229l:799518-800006 -            163 155548at71240        -            131    0.0072   15.8   0.0   1   2   0.00048       1.1    8.7   0.0    94   125    47    78    43    83 0.85 -
h2tg000229l:799518-800006 -            163 155548at71240        -            131    0.0072   15.8   0.0   2   2    0.0075        17    4.9   0.0   100   129   104   133    95   135 0.88 -
h2tg000071l:211-735       -             76 155548at71240        -            131     0.022   14.2   0.0   1   1   1.4e-05     0.033   13.7   0.0    97   124     2    29     1    37 0.88 -
h2tg000073l:357042-353477 -            744 155548at71240        -            131      0.12   11.8   0.0   1   1   0.00012      0.28   10.7   0.0    39    82   573   615   565   659 0.83 -
#
# Program:         hmmsearch
# Version:         3.3.2 (Nov 2020)
# Pipeline mode:   SEARCH
# Query file:      /scratch/srb67793/Pelargonium/busco_downloads/lineages/eudicots_odb10/hmms/155548at71240.hmm
# Target file:     /scratch/srb67793/Pelargonium/P_citronellum_omnic-hap2-busco/run_eudicots_odb10/metaeuk_output/initial_results/P_citronellum_OmniC.hic.bp.hap1.p_ctg.fa.modified.fas
# Option settings: hmmsearch --domtblout /scratch/srb67793/Pelargonium/P_citronellum_omnic-hap2-busco/run_eudicots_odb10/hmmer_output/initial_run_results/155548at71240.out --cpu 1 /scratch/srb67793/Pelargonium/busco_downloads/lineages/eudicots_odb10/hmms/155548at71240.hmm /scratch/srb67793/Pelargonium/P_citronellum_omnic-hap2-busco/run_eudicots_odb10/metaeuk_output/initial_results/P_citronellum_OmniC.hic.bp.hap1.p_ctg.fa.modified.fas 
# Current dir:     /scratch/srb67793/Pelargonium
# Date:            Tue Jul 16 10:30:31 2024
# [ok]
