#                                                                                   --- full sequence --- -------------- this domain -------------   hmm coord   ali coord   env coord
# target name               accession   tlen query name           accession   qlen   E-value  score  bias   #  of  c-Evalue  i-Evalue  score  bias  from    to  from    to  from    to  acc description of target
#       ------------------- ---------- ----- -------------------- ---------- ----- --------- ------ ----- --- --- --------- --------- ------ ----- ----- ----- ----- ----- ----- ----- ---- ---------------------
h2tg000885l:32996-22738     -            509 167878at71240        -            106   9.8e-46  153.8   0.2   1   1   2.8e-47   2.2e-45  152.7   0.2     2    99     7   103     6   108 0.95 -
h2tg000057l:138026-135730   -             81 167878at71240        -            106   8.3e-31  105.8   0.0   1   1   1.2e-32   9.7e-31  105.6   0.0    17    92     2    77     1    79 0.97 -
h2tg000293l:47767-47055     -             75 167878at71240        -            106   1.4e-25   89.0   0.0   1   1   1.9e-27   1.5e-25   88.9   0.0    18    91     1    74     1    75 0.99 -
h2tg000682l:120013-119166   -             83 167878at71240        -            106   2.4e-24   85.0   0.1   1   1   3.3e-26   2.6e-24   84.9   0.1    13    93     1    81     1    83 0.97 -
h2tg001292l:55229-56047     -             81 167878at71240        -            106   2.3e-23   81.9   0.1   1   1   3.1e-25   2.4e-23   81.8   0.1    13    90     4    81     1    81 0.98 -
h2tg000410l:124384-123857   -             79 167878at71240        -            106   5.4e-22   77.5   0.0   1   1   7.3e-24   5.8e-22   77.4   0.0    13    91     1    79     1    79 0.97 -
h2tg000409l:33040-51284     -            137 167878at71240        -            106   2.6e-21   75.3   0.0   1   1   4.4e-23   3.5e-21   74.9   0.0    11    92    35   116    30   123 0.96 -
h2tg001046l:156635-149470   -           1065 167878at71240        -            106   2.4e-20   72.2   0.0   1   2   3.1e-11   2.5e-09   36.8   0.0    10    68   290   348   281   365 0.87 -
h2tg001046l:156635-149470   -           1065 167878at71240        -            106   2.4e-20   72.2   0.0   2   2   6.2e-10   4.9e-08   32.6   0.0    13    85   455   529   450   540 0.88 -
h2tg000612l:291089-289932   -             58 167878at71240        -            106   2.9e-18   65.5   0.2   1   1     4e-20   3.2e-18   65.4   0.2    17    74     1    58     1    58 0.99 -
h2tg000544l:288106-258698   -           2264 167878at71240        -            106   4.1e-18   65.0   0.7   1   2   3.3e-07   2.6e-05   23.9   0.1    27    76  1932  1984  1925  1988 0.79 -
h2tg000544l:288106-258698   -           2264 167878at71240        -            106   4.1e-18   65.0   0.7   2   2   6.5e-12   5.2e-10   39.0   0.1    10    64  2003  2057  1998  2084 0.91 -
h2tg000325l:1061136-1060909 -             76 167878at71240        -            106   9.5e-18   63.8   0.0   1   1   1.3e-19     1e-17   63.7   0.0    13    85     1    73     1    76 0.95 -
h2tg000754l:152080-152674   -             92 167878at71240        -            106   1.6e-17   63.1   0.1   1   1   2.2e-19   1.8e-17   63.0   0.1    12    88    14    91     7    92 0.94 -
h2tg000361l:1293102-1292770 -            111 167878at71240        -            106   2.3e-17   62.6   0.1   1   1   3.4e-19   2.7e-17   62.4   0.1     2    94    20   111    19   111 0.95 -
h2tg000228l:53450-53719     -             90 167878at71240        -            106   2.5e-17   62.5   0.1   1   1   3.2e-19   2.5e-17   62.5   0.1     8    82    11    84     2    90 0.88 -
h2tg001204l:31829-33784     -             89 167878at71240        -            106   4.4e-17   61.7   0.0   1   1   6.3e-19     5e-17   61.5   0.0    13    91     1    79     1    86 0.96 -
h2tg001530l:14865-15086     -             74 167878at71240        -            106   5.6e-17   61.4   0.0   1   1   7.3e-19   5.8e-17   61.3   0.0    11    83     1    73     1    74 0.92 -
h2tg000225l:532588-532310   -             93 167878at71240        -            106     1e-16   60.5   0.0   1   1   1.4e-18   1.1e-16   60.4   0.0    12    92    11    91     4    93 0.96 -
h2tg000546l:327961-368931   -             96 167878at71240        -            106   1.3e-16   60.2   0.1   1   1   1.9e-18   1.5e-16   60.0   0.1    11    83    17    88    10    95 0.89 -
h2tg000055l:379587-382981   -             85 167878at71240        -            106   5.7e-16   58.1   0.0   1   1   7.9e-18   6.3e-16   58.0   0.0    13    92     2    81     1    84 0.97 -
h2tg000182l:8511-8801       -             97 167878at71240        -            106   1.2e-15   57.1   0.1   1   1   1.7e-17   1.4e-15   56.9   0.1    12    85    23    96    15    97 0.94 -
h2tg000667l:587811-588101   -             97 167878at71240        -            106   1.2e-15   57.1   0.1   1   1   1.7e-17   1.4e-15   56.9   0.1    12    85    23    96    15    97 0.94 -
h2tg000480l:86006-86359     -            118 167878at71240        -            106   1.3e-15   57.0   0.0   1   1   1.9e-17   1.5e-15   56.7   0.0    12    89    22    99    13   109 0.93 -
h2tg000760l:339270-342282   -            156 167878at71240        -            106   1.3e-15   56.9   0.0   1   1   2.5e-17     2e-15   56.4   0.0    17    93    50   125    39   134 0.84 -
h2tg001121l:81352-82571     -            102 167878at71240        -            106   1.4e-15   56.9   0.0   1   1     2e-17   1.6e-15   56.7   0.0    16    77    18    79     7    96 0.87 -
h2tg000393l:647897-647673   -             75 167878at71240        -            106     2e-15   56.4   0.0   1   1   2.6e-17   2.1e-15   56.3   0.0    14    85     1    72     1    75 0.94 -
h2tg000398l:65401-68706     -             81 167878at71240        -            106   2.6e-15   56.0   0.0   1   1   3.5e-17   2.8e-15   55.9   0.0    13    91     2    80     1    81 0.98 -
h2tg000450l:135028-134139   -             69 167878at71240        -            106   3.3e-15   55.7   0.0   1   1   4.3e-17   3.5e-15   55.6   0.0    18    75     8    65     2    69 0.93 -
h2tg000968l:126102-123970   -            198 167878at71240        -            106   4.3e-15   55.3   0.7   1   1   1.3e-15     1e-13   50.9   0.7    11    89   131   197   122   198 0.87 -
h2tg000729l:15035-14826     -             70 167878at71240        -            106   7.5e-15   54.5   0.0   1   1     1e-16   8.3e-15   54.4   0.0    13    70     1    58     1    67 0.93 -
h2tg000580l:456456-456662   -             69 167878at71240        -            106   8.4e-15   54.4   0.1   1   1   1.1e-16   8.7e-15   54.3   0.1    13    80     1    66     1    69 0.89 -
h2tg000134l:350390-350166   -             75 167878at71240        -            106   1.4e-14   53.7   0.1   1   1   1.8e-16   1.4e-14   53.6   0.1    13    80     1    66     1    75 0.88 -
h2tg000089l:131002-131205   -             68 167878at71240        -            106   1.5e-14   53.5   0.0   1   1   2.1e-16   1.7e-14   53.4   0.0    13    74     1    62     1    66 0.95 -
h2tg001160l:355365-353521   -            186 167878at71240        -            106   1.9e-14   53.2   0.0   1   1   3.6e-16   2.9e-14   52.6   0.0     9    90   104   185    99   186 0.96 -
h2tg000835l:90282-89214     -             66 167878at71240        -            106   3.7e-14   52.3   0.3   1   1     5e-16     4e-14   52.2   0.3    18    81     1    66     1    66 0.93 -
h2tg001486l:82783-82577     -             69 167878at71240        -            106   3.9e-14   52.2   0.0   1   1   5.4e-16   4.3e-14   52.1   0.0    13    68     1    56     1    68 0.89 -
h2tg000580l:458008-458280   -             91 167878at71240        -            106     6e-14   51.6   0.1   1   1   8.7e-16   6.9e-14   51.4   0.1    11    92     3    83     1    87 0.89 -
h2tg001178l:80845-83396     -             77 167878at71240        -            106   6.2e-14   51.6   0.0   1   1   8.5e-16   6.8e-14   51.4   0.0    13    92     1    76     1    77 0.96 -
h2tg000412l:5601-5395       -             69 167878at71240        -            106   6.3e-14   51.5   0.0   1   1   8.6e-16   6.9e-14   51.4   0.0    13    68     1    56     1    68 0.89 -
h2tg000037l:307491-307727   -             79 167878at71240        -            106   8.9e-14   51.1   0.3   1   1   1.2e-15   9.2e-14   51.0   0.3    15    90     2    76     1    79 0.90 -
h2tg000039l:2342987-2342703 -             95 167878at71240        -            106   1.7e-13   50.2   0.0   1   1   2.4e-15   1.9e-13   50.0   0.0    10    75    27    92    11    95 0.95 -
h2tg000147l:4244273-4243941 -            111 167878at71240        -            106   1.7e-13   50.2   0.2   1   1   2.4e-15   1.9e-13   50.0   0.2     2    93    20   110    19   111 0.91 -
h2tg000450l:114093-113408   -             59 167878at71240        -            106   2.2e-13   49.8   0.0   1   1     3e-15   2.4e-13   49.7   0.0    17    67     7    57     2    59 0.89 -
h2tg000561l:126361-126558   -             66 167878at71240        -            106   2.3e-13   49.8   0.0   1   1   2.9e-15   2.3e-13   49.7   0.0    12    70     2    60     1    66 0.91 -
h2tg000033l:121830-121013   -             80 167878at71240        -            106   2.7e-13   49.5   0.0   1   1   3.4e-15   2.7e-13   49.5   0.0     6    66     6    66     1    80 0.82 -
h2tg000929l:303878-303648   -             77 167878at71240        -            106   3.7e-13   49.1   0.0   1   1   5.7e-15   4.5e-13   48.8   0.0    10    59    28    77    22    77 0.96 -
h2tg000339l:187812-188051   -             80 167878at71240        -            106     4e-13   49.0   0.1   1   1   6.7e-15   5.3e-13   48.6   0.1    10    59    31    80    21    80 0.94 -
h2tg000082l:863224-863000   -             75 167878at71240        -            106   4.6e-13   48.8   0.1   1   1   6.1e-15   4.9e-13   48.7   0.1    14    88     1    74     1    75 0.93 -
h2tg001213l:6666-6890       -             75 167878at71240        -            106   4.6e-13   48.8   0.1   1   1   6.1e-15   4.9e-13   48.7   0.1    14    88     1    74     1    75 0.93 -
h2tg000557l:101032-101319   -             96 167878at71240        -            106   5.7e-13   48.5   0.0   1   1   8.5e-15   6.7e-13   48.2   0.0    12    72    29    89    14    95 0.91 -
h2tg000682l:328208-328423   -             72 167878at71240        -            106   7.2e-13   48.2   0.1   1   1   9.5e-15   7.5e-13   48.1   0.1    14    73     1    60     1    71 0.94 -
h2tg000429l:73120-72866     -             85 167878at71240        -            106   7.6e-13   48.1   0.0   1   1   1.1e-14   8.9e-13   47.9   0.0    12    68    12    68     4    82 0.89 -
h2tg001055l:101186-101410   -             75 167878at71240        -            106   8.7e-13   47.9   0.1   1   1   1.2e-14   9.8e-13   47.7   0.1    13    77    11    74     6    75 0.91 -
h2tg000134l:348983-348723   -             87 167878at71240        -            106   9.1e-13   47.8   0.0   1   1   1.4e-14   1.1e-12   47.6   0.0    13    92     1    79     1    82 0.86 -
h2tg000019l:1224737-1224342 -            132 167878at71240        -            106   1.1e-12   47.6   0.0   1   1   1.8e-14   1.4e-12   47.2   0.0    12    98    37   124    28   128 0.92 -
h2tg000243l:26269-26526     -             86 167878at71240        -            106   1.1e-12   47.5   0.0   1   1   1.6e-14   1.3e-12   47.4   0.0    12    74    23    85    11    86 0.91 -
h2tg001225l:142516-142328   -             63 167878at71240        -            106   1.2e-12   47.5   0.1   1   1   1.5e-14   1.2e-12   47.4   0.1    15    77     2    63     1    63 0.92 -
h2tg000019l:2234244-2233996 -             83 167878at71240        -            106   1.5e-12   47.1   0.2   1   1   2.1e-14   1.7e-12   47.0   0.2    13    78    18    82     5    83 0.89 -
h2tg000212l:89381-89608     -             76 167878at71240        -            106   1.9e-12   46.8   0.0   1   1   2.9e-14   2.3e-12   46.5   0.0    10    59    27    76    20    76 0.95 -
h2tg000003l:509000-508779   -             74 167878at71240        -            106     2e-12   46.7   0.1   1   1   2.7e-14   2.2e-12   46.6   0.1    14    73     1    60     1    71 0.94 -
h2tg000142l:99057-98821     -             79 167878at71240        -            106   2.5e-12   46.4   0.0   1   1   4.1e-14   3.3e-12   46.0   0.0    10    60    29    79    19    79 0.95 -
h2tg000356l:702799-674224   -            115 167878at71240        -            106   3.2e-12   46.1   0.0   1   1   5.3e-14   4.3e-12   45.7   0.0    11    65    38    92    32   109 0.87 -
h2tg000067l:1200898-1201170 -             91 167878at71240        -            106   3.4e-12   46.0   0.0   1   1   4.7e-14   3.8e-12   45.8   0.0    14    93     1    81     1    89 0.91 -
h2tg000429l:72578-72225     -            118 167878at71240        -            106   3.7e-12   45.9   0.0   1   1   6.6e-14   5.3e-12   45.4   0.0    11    92    28   108    26   111 0.84 -
h2tg000521l:21857-71231     -            567 167878at71240        -            106   4.2e-12   45.7   0.0   1   1   9.3e-14   7.4e-12   44.9   0.0    13    96     5    88     2    97 0.94 -
h2tg000039l:1716840-1716634 -             69 167878at71240        -            106   4.3e-12   45.7   0.0   1   1   5.6e-14   4.5e-12   45.6   0.0    13    61     1    49     1    66 0.95 -
h2tg000398l:5884-6630       -            249 167878at71240        -            106   4.4e-12   45.6   0.1   1   1   8.5e-14   6.8e-12   45.0   0.1    12    82    44   114    38   134 0.92 -
h2tg000062l:146102-146299   -             66 167878at71240        -            106   4.4e-12   45.6   0.0   1   1   5.5e-14   4.4e-12   45.6   0.0    13    70     3    60     1    66 0.90 -
h2tg000138l:1842577-1842344 -             78 167878at71240        -            106   5.1e-12   45.4   0.0   1   1   6.9e-14   5.5e-12   45.3   0.0    15    91     1    77     1    78 0.97 -
h2tg000412l:4988-4710       -             93 167878at71240        -            106   5.7e-12   45.3   0.1   1   1   8.7e-14   6.9e-12   45.0   0.1    12    91     4    82     2    90 0.81 -
h2tg000098l:484343-484543   -             67 167878at71240        -            106   6.9e-12   45.0   0.0   1   1   9.3e-14   7.4e-12   44.9   0.0    13    72     1    60     1    66 0.94 -
h2tg000480l:86405-86620     -             72 167878at71240        -            106     7e-12   45.0   0.0   1   1   8.7e-14     7e-12   45.0   0.0    23    83    10    70     1    72 0.86 -
h2tg000045l:353406-353146   -             87 167878at71240        -            106   8.5e-12   44.7   0.0   1   1   1.1e-13   9.1e-12   44.6   0.0    14    97     1    85     1    87 0.94 -
h2tg001486l:82272-81946     -            109 167878at71240        -            106   8.8e-12   44.6   0.1   1   1   1.5e-13   1.2e-11   44.3   0.1    12    92    18    97    15   101 0.83 -
h2tg000582l:94382-94155     -             76 167878at71240        -            106     1e-11   44.4   0.0   1   1   1.4e-13   1.1e-11   44.4   0.0    16    91     1    76     1    76 0.96 -
h2tg001162l:36377-36114     -             88 167878at71240        -            106   1.1e-11   44.3   0.1   1   1   1.7e-13   1.4e-11   44.0   0.1    13    71    22    80    15    85 0.94 -
h2tg000821l:2637-2401       -             79 167878at71240        -            106   1.2e-11   44.2   0.0   1   1   1.5e-13   1.2e-11   44.2   0.0    14    81     1    69     1    79 0.88 -
h2tg000603l:377412-377672   -             87 167878at71240        -            106   1.4e-11   44.0   0.0   1   1   1.9e-13   1.5e-11   43.9   0.0    14    93     1    81     1    86 0.91 -
h2tg000478l:296948-297220   -             91 167878at71240        -            106   1.8e-11   43.7   0.0   1   1   2.4e-13   1.9e-11   43.5   0.0    13    93     8    89     4    91 0.91 -
h2tg001102l:4261-4052       -             70 167878at71240        -            106   2.1e-11   43.4   0.0   1   1   2.7e-13   2.2e-11   43.4   0.0    21    70     6    55     3    70 0.88 -
h2tg001055l:101707-101895   -             63 167878at71240        -            106   2.3e-11   43.3   0.1   1   1   2.9e-13   2.3e-11   43.3   0.1    15    77     2    63     1    63 0.91 -
h2tg000018l:1161362-1163001 -            153 167878at71240        -            106   2.3e-11   43.3   0.1   1   1   1.1e-12     9e-11   41.4   0.0    17    95     2    80     1    86 0.95 -
h2tg000639l:28764-28555     -             70 167878at71240        -            106     3e-11   42.9   0.0   1   1   4.1e-13   3.2e-11   42.8   0.0    13    61     1    49     1    66 0.93 -
h2tg001298l:64276-64037     -             80 167878at71240        -            106   3.1e-11   42.9   0.1   1   1   4.2e-13   3.3e-11   42.8   0.1    13    74    20    80     7    80 0.91 -
h2tg000070l:121252-120992   -             87 167878at71240        -            106   3.2e-11   42.9   0.0   1   1   4.5e-13   3.6e-11   42.7   0.0    13    91     8    86     3    87 0.95 -
h2tg000284l:196240-195845   -            132 167878at71240        -            106   3.3e-11   42.8   0.0   1   1   5.9e-13   4.7e-11   42.3   0.0    13    94    49   131    44   132 0.92 -
h2tg000759l:234830-235063   -             78 167878at71240        -            106   3.4e-11   42.8   0.0   1   1   4.4e-13   3.5e-11   42.7   0.0    19    91     4    75     1    78 0.90 -
h2tg000771l:4898-5125       -             76 167878at71240        -            106   5.1e-11   42.2   0.0   1   1     7e-13   5.5e-11   42.1   0.0    13    76     2    64     1    73 0.92 -
h2tg000640l:692918-693160   -             81 167878at71240        -            106   5.4e-11   42.1   0.0   1   1   7.1e-13   5.7e-11   42.1   0.0    14    91     3    80     1    81 0.95 -
h2tg001298l:63916-63629     -             96 167878at71240        -            106   5.7e-11   42.1   0.1   1   1   8.7e-13   6.9e-11   41.8   0.1    12    76    33    96    18    96 0.89 -
h2tg000039l:1715702-1715448 -             85 167878at71240        -            106   6.5e-11   41.9   0.0   1   1   8.6e-13   6.8e-11   41.8   0.0    13    72     1    60     1    82 0.83 -
h2tg000737l:218254-218625   -            124 167878at71240        -            106   7.8e-11   41.6   0.0   1   1   1.2e-12   9.6e-11   41.3   0.0    13    92    43   123    35   124 0.91 -
h2tg000557l:101389-101658   -             90 167878at71240        -            106   8.1e-11   41.6   0.0   1   1     1e-12   8.1e-11   41.6   0.0     9    75     3    69     1    89 0.89 -
h2tg000166l:201880-201674   -             69 167878at71240        -            106   9.7e-11   41.3   0.0   1   1   1.3e-12     1e-10   41.2   0.0    13    61     1    49     1    66 0.93 -
h2tg001463l:18796-18641     -             52 167878at71240        -            106   1.4e-10   40.8   0.0   1   1   1.9e-12   1.5e-10   40.7   0.0    18    69     1    52     1    52 0.98 -
h2tg000224l:413373-413158   -             72 167878at71240        -            106   1.9e-10   40.3   0.0   1   1   2.8e-12   2.2e-10   40.1   0.0    14    69     8    65     3    71 0.88 -
h2tg000480l:86672-86908     -             79 167878at71240        -            106   2.6e-10   39.9   0.0   1   1   3.4e-12   2.7e-10   39.9   0.0    14    88     3    77     1    79 0.92 -
h2tg000256l:346743-346525   -             73 167878at71240        -            106   2.6e-10   39.9   0.0   1   1   3.3e-12   2.6e-10   39.9   0.0    11    66    18    73     6    73 0.90 -
h2tg000863l:497835-497617   -             73 167878at71240        -            106   2.6e-10   39.9   0.0   1   1   3.3e-12   2.6e-10   39.9   0.0    11    66    18    73     6    73 0.90 -
h2tg000037l:307218-307430   -             71 167878at71240        -            106   2.8e-10   39.8   0.0   1   1   3.7e-12   2.9e-10   39.8   0.0    15    85     2    71     1    71 0.92 -
h2tg000621l:1828932-1828714 -             73 167878at71240        -            106   3.2e-10   39.6   0.0   1   1     4e-12   3.2e-10   39.6   0.0    11    66    18    73     6    73 0.90 -
h2tg000082l:863497-863237   -             87 167878at71240        -            106   4.4e-10   39.2   0.1   1   1   5.9e-12   4.7e-10   39.1   0.1    15    86     2    72     1    84 0.90 -
h2tg001213l:6393-6653       -             87 167878at71240        -            106   4.4e-10   39.2   0.1   1   1   5.9e-12   4.7e-10   39.1   0.1    15    86     2    72     1    84 0.90 -
h2tg000256l:215717-215460   -             86 167878at71240        -            106   4.9e-10   39.0   0.1   1   1   7.3e-12   5.8e-10   38.8   0.1    10    77    18    85    15    86 0.95 -
h2tg000796l:184090-183842   -             83 167878at71240        -            106     8e-10   38.4   0.0   1   1   1.3e-11     1e-09   38.0   0.0    11    86    14    83     6    83 0.92 -
h2tg001225l:143047-142778   -             90 167878at71240        -            106   9.8e-10   38.1   0.0   1   1   1.5e-11   1.2e-09   37.8   0.0    13    75    23    84    18    88 0.90 -
h2tg000283l:106516-106830   -            105 167878at71240        -            106     1e-09   38.0   0.0   1   1   1.5e-11   1.2e-09   37.8   0.0    14    90     1    78     1    90 0.85 -
h2tg000717l:112594-112908   -            105 167878at71240        -            106     1e-09   38.0   0.0   1   1   1.5e-11   1.2e-09   37.8   0.0    14    90     1    78     1    90 0.85 -
h2tg000759l:235112-235291   -             60 167878at71240        -            106   1.3e-09   37.6   0.1   1   1   1.8e-11   1.4e-09   37.6   0.1    19    78     1    59     1    60 0.90 -
h2tg000639l:27542-27285     -             86 167878at71240        -            106   3.7e-09   36.2   0.0   1   1   5.2e-11   4.2e-09   36.1   0.0    13    71     1    59     1    81 0.85 -
h2tg001055l:100790-101026   -             79 167878at71240        -            106   4.1e-09   36.1   0.0   1   1   5.4e-11   4.3e-09   36.0   0.0    19    84    14    78     2    79 0.85 -
h2tg000166l:200376-200119   -             86 167878at71240        -            106   4.1e-09   36.1   0.0   1   1   5.9e-11   4.7e-09   35.9   0.0    13    71     1    59     1    81 0.85 -
h2tg000618l:291880-292113   -             78 167878at71240        -            106   6.2e-09   35.5   0.0   1   1   8.3e-11   6.6e-09   35.4   0.0    13    74     1    62     1    75 0.91 -
h2tg001225l:143381-143145   -             79 167878at71240        -            106   6.2e-09   35.5   0.0   1   1   7.8e-11   6.2e-09   35.5   0.0    12    77     6    70     1    79 0.87 -
h2tg000768l:358354-358091   -             88 167878at71240        -            106   1.2e-08   34.6   0.0   1   1   1.7e-10   1.3e-08   34.4   0.0    14    88     1    74     1    82 0.87 -
h2tg000725l:183103-182861   -             81 167878at71240        -            106   1.7e-08   34.1   0.0   1   1   2.2e-10   1.7e-08   34.1   0.0    14    90     3    79     1    81 0.93 -
h2tg000242l:50510-50379     -             44 167878at71240        -            106   2.6e-08   33.5   0.0   1   1   3.3e-10   2.7e-08   33.5   0.0    44    85     2    43     1    44 0.95 -
h2tg000864l:18482-18829     -            116 167878at71240        -            106     4e-08   32.9   0.0   1   1   6.9e-10   5.5e-08   32.4   0.0    14    90     2    77     1    88 0.87 -
h2tg000978l:44259-43996     -             88 167878at71240        -            106   4.6e-08   32.7   0.0   1   1   6.7e-10   5.4e-08   32.5   0.0    13    81     7    70     3    88 0.84 -
h2tg000841l:51044-51271     -             76 167878at71240        -            106   5.1e-08   32.5   0.0   1   1   6.8e-10   5.4e-08   32.5   0.0    14    86     3    74     1    76 0.93 -
h2tg000395l:83376-82651     -             77 167878at71240        -            106   5.3e-08   32.5   0.0   1   1     7e-10   5.6e-08   32.4   0.0    12    86     2    76     1    77 0.93 -
h2tg001306l:162171-162494   -            108 167878at71240        -            106   6.3e-08   32.3   0.0   1   1   8.7e-10   6.9e-08   32.1   0.0    14    89     1    75     1    94 0.84 -
h2tg000721l:32904-32731     -             58 167878at71240        -            106   7.6e-08   32.0   0.1   1   1   9.8e-10   7.8e-08   32.0   0.1    26    62     4    40     1    57 0.86 -
h2tg000242l:57585-57235     -            117 167878at71240        -            106   1.1e-07   31.5   0.0   1   1   2.6e-09     2e-07   30.6   0.0    13    78     7    66     3    90 0.87 -
h2tg000949l:179971-180102   -             44 167878at71240        -            106   1.1e-07   31.4   0.0   1   1   1.5e-09   1.2e-07   31.4   0.0    43    85     1    43     1    44 0.96 -
h2tg000771l:3503-3766       -             88 167878at71240        -            106   1.4e-07   31.2   0.1   1   1     2e-09   1.6e-07   31.0   0.1    13    69    28    83    22    88 0.89 -
h2tg000116l:172242-172439   -             66 167878at71240        -            106   1.6e-07   31.0   0.1   1   1   2.1e-09   1.7e-07   30.9   0.1    14    76     2    66     1    66 0.89 -
h2tg000721l:33794-33570     -             75 167878at71240        -            106   1.6e-07   30.9   0.0   1   1   2.3e-09   1.8e-07   30.8   0.0    26    61    29    64    12    74 0.88 -
h2tg001102l:4899-4687       -             71 167878at71240        -            106   1.8e-07   30.8   0.0   1   1   2.4e-09   1.9e-07   30.7   0.0    26    70    16    60     4    70 0.87 -
h2tg000082l:1365880-1366134 -             85 167878at71240        -            106   2.9e-07   30.1   0.0   1   1     4e-09   3.2e-07   30.0   0.0    13    83    14    83     6    85 0.93 -
h2tg000847l:348448-348221   -             76 167878at71240        -            106   3.7e-07   29.8   0.0   1   1   4.8e-09   3.8e-07   29.7   0.0    14    85     3    73     1    76 0.90 -
h2tg000100l:242754-243755   -            152 167878at71240        -            106   4.2e-07   29.6   0.0   1   1   9.2e-09   7.3e-07   28.8   0.0    12    85    14    90     8   106 0.82 -
h2tg000729l:14384-14124     -             87 167878at71240        -            106   5.1e-07   29.3   0.0   1   1   7.3e-09   5.8e-07   29.2   0.0    13    93     1    79     1    86 0.77 -
h2tg000116l:168890-169126   -             79 167878at71240        -            106     7e-07   28.9   0.1   1   1   9.4e-09   7.5e-07   28.8   0.1    13    76     2    64     1    76 0.88 -
h2tg000729l:19201-18971     -             77 167878at71240        -            106   1.3e-06   28.1   0.1   1   1   1.6e-08   1.3e-06   28.1   0.1    13    74     1    58     1    77 0.79 -
h2tg000978l:40730-40599     -             44 167878at71240        -            106   1.3e-06   28.0   0.0   1   1   1.7e-08   1.4e-06   28.0   0.0    44    85     2    43     1    44 0.95 -
h2tg000019l:2041598-2041356 -             81 167878at71240        -            106   1.6e-06   27.7   0.0   1   1   2.1e-08   1.7e-06   27.7   0.0    14    90     1    76     1    81 0.89 -
h2tg000200l:114161-113913   -             83 167878at71240        -            106   1.8e-06   27.6   0.0   1   1   2.5e-08     2e-06   27.4   0.0    14    94     1    80     1    82 0.93 -
h2tg000112l:168348-168085   -             88 167878at71240        -            106   2.3e-06   27.2   0.0   1   1   3.3e-08   2.6e-06   27.1   0.0    15    83     2    71     1    80 0.87 -
h2tg000243l:24954-25085     -             44 167878at71240        -            106     3e-06   26.8   0.1   1   1   3.8e-08     3e-06   26.8   0.1    43    70     1    28     1    43 0.88 -
h2tg000226l:144882-144697   -             62 167878at71240        -            106   3.2e-06   26.8   0.0   1   1   4.5e-08   3.5e-06   26.6   0.0    50    89     7    46     2    55 0.87 -
h2tg000424l:185029-184760   -             90 167878at71240        -            106   5.6e-06   26.0   0.0   1   1     7e-08   5.6e-06   26.0   0.0    31    95    18    81     1    87 0.77 -
h2tg001530l:15313-15549     -             79 167878at71240        -            106   6.2e-06   25.8   0.0   1   1   8.9e-08   7.1e-06   25.7   0.0    12    64     2    53     1    78 0.85 -
h2tg001094l:122849-122544   -            102 167878at71240        -            106   6.2e-06   25.8   0.0   1   1   8.9e-08   7.1e-06   25.7   0.0    15    88     2    74     1    85 0.89 -
h2tg000195l:505392-505156   -             79 167878at71240        -            106   7.9e-06   25.5   0.0   1   1   1.1e-07   8.8e-06   25.4   0.0    14    82     1    70     1    76 0.90 -
h2tg000148l:2493403-2493191 -             71 167878at71240        -            106   7.9e-06   25.5   0.0   1   1   1.1e-07   8.9e-06   25.3   0.0    14    83     1    71     1    71 0.90 -
h2tg000415l:106931-106659   -             91 167878at71240        -            106   1.2e-05   24.9   0.0   1   1   1.7e-07   1.4e-05   24.8   0.0    14    95     1    81     1    88 0.89 -
h2tg000577l:334184-327311   -            688 167878at71240        -            106   2.4e-05   24.0   0.0   1   2    0.0064      0.51   10.0   0.0    11    61    56   106    45   108 0.88 -
h2tg000577l:334184-327311   -            688 167878at71240        -            106   2.4e-05   24.0   0.0   2   2     0.003      0.24   11.1   0.0    11    62   135   185   125   224 0.84 -
h2tg000018l:240400-235191   -            462 167878at71240        -            106     3e-05   23.6   0.0   1   2     0.022       1.8    8.3   0.0    14    90    39   111    33   121 0.82 -
h2tg000018l:240400-235191   -            462 167878at71240        -            106     3e-05   23.6   0.0   2   2   0.00082     0.065   12.9   0.0    13    86   374   451   365   461 0.80 -
h2tg000256l:218792-218484   -            103 167878at71240        -            106   6.8e-05   22.5   0.1   1   1   1.2e-06   9.9e-05   22.0   0.1    12    76    35    97    31   102 0.90 -
h2tg000631l:153763-170694   -            675 167878at71240        -            106   9.9e-05   22.0   0.2   1   1   9.7e-06   0.00077   19.1   0.0    14    90   398   467   388   477 0.81 -
h2tg000244l:562638-562943   -            102 167878at71240        -            106   0.00014   21.5   0.0   1   1   1.9e-06   0.00015   21.4   0.0    22    89     9    75     1    95 0.76 -
h2tg000086l:1123412-1123173 -             80 167878at71240        -            106    0.0002   21.0   0.0   1   1   2.6e-06   0.00021   21.0   0.0    17    93     4    79     1    80 0.83 -
h2tg000003l:507796-507566   -             77 167878at71240        -            106   0.00026   20.6   0.0   1   1   3.3e-06   0.00027   20.6   0.0    14    74     1    61     1    76 0.87 -
h2tg000631l:169699-169929   -             77 167878at71240        -            106   0.00032   20.3   0.1   1   1     1e-05   0.00081   19.1   0.1    12    77    18    76     8    77 0.82 -
h2tg000346l:32157-32423     -             89 167878at71240        -            106   0.00033   20.3   0.0   1   1   4.6e-06   0.00037   20.2   0.0    15    99     2    85     1    87 0.85 -
h2tg000063l:1096715-1096491 -             75 167878at71240        -            106   0.00093   18.9   0.0   1   1   1.3e-05     0.001   18.7   0.0    50    88    20    58     6    67 0.82 -
h2tg000521l:378879-378127   -            251 167878at71240        -            106    0.0012   18.6   0.1   1   1   7.4e-05    0.0059   16.3   0.0    15    70   166   221   158   250 0.81 -
h2tg000033l:132130-121515   -            540 167878at71240        -            106    0.0013   18.4   0.2   1   2       3.3   2.6e+02    1.3   0.0     6    37   146   177   142   217 0.80 -
h2tg000033l:132130-121515   -            540 167878at71240        -            106    0.0013   18.4   0.2   2   2   0.00057     0.045   13.4   0.0    37    61   506   530   489   538 0.86 -
h2tg000388l:615773-616039   -             89 167878at71240        -            106    0.0014   18.3   0.0   1   1   1.8e-05    0.0015   18.2   0.0    13    80     5    72     1    88 0.81 -
h2tg000043l:5355503-5355802 -            100 167878at71240        -            106    0.0017   18.0   0.0   1   1   3.1e-05    0.0025   17.5   0.0    13    89    25   100    16   100 0.89 -
h2tg000259l:553531-553232   -            100 167878at71240        -            106    0.0017   18.0   0.0   1   1   3.1e-05    0.0025   17.5   0.0    13    89    25   100    16   100 0.89 -
h2tg000060l:430613-431362   -            250 167878at71240        -            106     0.002   17.8   0.1   1   2       6.3     5e+02    0.4   0.0    31    77    59   109    45   114 0.68 -
h2tg000060l:430613-431362   -            250 167878at71240        -            106     0.002   17.8   0.1   2   2   0.00018     0.014   15.0   0.0    15    70   165   220   157   249 0.81 -
h2tg000426l:158643-158945   -            101 167878at71240        -            106     0.003   17.2   0.0   1   1   5.9e-05    0.0047   16.6   0.0    25    78    28    75    13    92 0.81 -
h2tg000689l:113995-114255   -             87 167878at71240        -            106    0.0032   17.2   0.0   1   1   4.3e-05    0.0034   17.0   0.0    11    75     6    68     3    86 0.82 -
h2tg000681l:106059-56752    -            774 167878at71240        -            106    0.0055   16.4   0.1   1   1   0.00036     0.029   14.1   0.1    12    53   631   672   623   680 0.93 -
h2tg001160l:348350-348009   -            114 167878at71240        -            106    0.0061   16.2   0.0   1   1   0.00013     0.011   15.5   0.0    43    80    14    51     3    60 0.84 -
h2tg000689l:355326-355595   -             90 167878at71240        -            106    0.0079   15.9   0.0   1   1   0.00011     0.009   15.7   0.0    39    99    25    85     8    89 0.86 -
h2tg000665l:260028-260273   -             82 167878at71240        -            106     0.018   14.7   0.0   1   1   0.00025      0.02   14.6   0.0    12    86     6    79     2    82 0.88 -
h2tg000650l:208977-208771   -             69 167878at71240        -            106     0.031   13.9   0.0   1   1   0.00041     0.033   13.9   0.0    49    97    11    59     1    62 0.86 -
h2tg000265l:188796-191549   -            918 167878at71240        -            106     0.035   13.8   0.0   1   1     0.036       2.9    7.6   0.0    26    65   452   491   434   515 0.84 -
h2tg000147l:4126348-4126635 -             96 167878at71240        -            106      0.12   12.1   0.0   1   1    0.0017      0.14   11.9   0.0    13    74     9    69     4    93 0.80 -
#
# Program:         hmmsearch
# Version:         3.3.2 (Nov 2020)
# Pipeline mode:   SEARCH
# Query file:      /scratch/srb67793/Pelargonium/busco_downloads/lineages/eudicots_odb10/hmms/167878at71240.hmm
# Target file:     /scratch/srb67793/Pelargonium/P_citronellum_omnic-hap2-busco/run_eudicots_odb10/metaeuk_output/initial_results/P_citronellum_OmniC.hic.bp.hap1.p_ctg.fa.modified.fas
# Option settings: hmmsearch --domtblout /scratch/srb67793/Pelargonium/P_citronellum_omnic-hap2-busco/run_eudicots_odb10/hmmer_output/initial_run_results/167878at71240.out --cpu 1 /scratch/srb67793/Pelargonium/busco_downloads/lineages/eudicots_odb10/hmms/167878at71240.hmm /scratch/srb67793/Pelargonium/P_citronellum_omnic-hap2-busco/run_eudicots_odb10/metaeuk_output/initial_results/P_citronellum_OmniC.hic.bp.hap1.p_ctg.fa.modified.fas 
# Current dir:     /scratch/srb67793/Pelargonium
# Date:            Tue Jul 16 10:30:18 2024
# [ok]
