#                                                                                   --- full sequence --- -------------- this domain -------------   hmm coord   ali coord   env coord
# target name               accession   tlen query name           accession   qlen   E-value  score  bias   #  of  c-Evalue  i-Evalue  score  bias  from    to  from    to  from    to  acc description of target
#       ------------------- ---------- ----- -------------------- ---------- ----- --------- ------ ----- --- --- --------- --------- ------ ----- ----- ----- ----- ----- ----- ----- ---- ---------------------
h2tg000018l:1157568-1159812 -            134 168078at71240        -            105   8.2e-47  157.3   0.8   1   2   1.7e-38   1.1e-35  121.6   0.3     1    80     1    83     1    87 0.95 -
h2tg000018l:1157568-1159812 -            134 168078at71240        -            105   8.2e-47  157.3   0.8   2   2   2.1e-11   1.3e-08   34.5   0.0    76   105   105   134    95   134 0.89 -
h2tg000124l:1074535-1067401 -            132 168078at71240        -            105   3.6e-35  119.9   0.1   1   1   8.4e-38   5.2e-35  119.4   0.1     2    79     5    82     4   103 0.92 -
h2tg001086l:27242-29771     -            133 168078at71240        -            105   5.2e-34  116.2   0.2   1   1   1.1e-36   6.7e-34  115.8   0.2     3    79     6    82     4   100 0.91 -
h2tg000646l:47848-43493     -            124 168078at71240        -            105   1.6e-33  114.6   0.5   1   2   1.6e-35   9.9e-33  112.0   0.2     6    80     4    78     1    85 0.94 -
h2tg000646l:47848-43493     -            124 168078at71240        -            105   1.6e-33  114.6   0.5   2   2      0.57   3.5e+02    1.0   0.0    82    99   107   124    95   124 0.78 -
h2tg001188l:139027-140913   -            124 168078at71240        -            105   2.4e-33  114.0   0.9   1   2   5.1e-36   3.1e-33  113.6   0.2     6    79     4    77     1    86 0.94 -
h2tg001188l:139027-140913   -            124 168078at71240        -            105   2.4e-33  114.0   0.9   2   2         5   3.1e+03   -2.1   0.0    83    98   108   123   100   124 0.73 -
h2tg000473l:323420-321688   -            128 168078at71240        -            105   5.7e-32  109.6   0.8   1   1   1.1e-34   6.9e-32  109.3   0.2     6    79     4    77     1    85 0.94 -
h2tg001483l:16640-5347      -            122 168078at71240        -            105   2.3e-30  104.4   0.1   1   1   4.8e-33     3e-30  104.1   0.1     7    79     5    77     1    86 0.94 -
h2tg000142l:501266-494924   -            144 168078at71240        -            105     4e-29  100.5   0.0   1   2   4.8e-16     3e-13   49.4   0.0     8    50     6    48     1    55 0.92 -
h2tg000142l:501266-494924   -            144 168078at71240        -            105     4e-29  100.5   0.0   2   2   6.2e-16   3.9e-13   49.1   0.0    42    80    62   100    58   110 0.93 -
h2tg000045l:1191000-1191404 -            135 168078at71240        -            105   1.8e-25   88.7   0.1   1   2   7.3e-07   0.00045   19.9   0.0     7    29     3    25     1    31 0.87 -
h2tg000045l:1191000-1191404 -            135 168078at71240        -            105   1.8e-25   88.7   0.1   2   2   1.6e-21     1e-18   67.0   0.0    23    78    42    97    35   110 0.92 -
h2tg001483l:14967-10514     -             99 168078at71240        -            105   2.6e-22   78.6   0.2   1   1   6.3e-25   3.9e-22   78.0   0.2    26    78     1    53     1    63 0.96 -
h2tg000705l:133809-131977   -            105 168078at71240        -            105   2.7e-22   78.5   0.1   1   1   6.7e-25   4.2e-22   77.9   0.1     4    78    29   105    27   105 0.90 -
h2tg000621l:1330703-1330431 -             91 168078at71240        -            105   1.1e-20   73.3   0.1   1   1   1.9e-23   1.2e-20   73.2   0.1     1    77     1    79     1    88 0.91 -
h2tg000047l:604581-602859   -            104 168078at71240        -            105   1.5e-18   66.5   0.1   1   1   3.7e-21   2.3e-18   65.9   0.1     9    77    37   104    28   104 0.90 -
h2tg000101l:1699156-1698941 -             72 168078at71240        -            105   6.8e-14   51.5   0.0   1   1   1.2e-16   7.4e-14   51.4   0.0    10    74     8    71     3    72 0.89 -
h2tg000864l:353158-353406   -             83 168078at71240        -            105   1.3e-13   50.6   0.0   1   1   2.4e-16   1.5e-13   50.4   0.0    10    75     8    72     3    79 0.93 -
h2tg001138l:151589-151804   -             72 168078at71240        -            105   1.5e-13   50.4   0.0   1   1   2.6e-16   1.6e-13   50.3   0.0    10    75     8    72     3    72 0.93 -
h2tg000512l:171003-172946   -            648 168078at71240        -            105   4.4e-07   29.6   1.5   1  14       3.8   2.4e+03   -1.7   0.0    54    77    82   105    74   118 0.83 -
h2tg000512l:171003-172946   -            648 168078at71240        -            105   4.4e-07   29.6   1.5   2  14       1.4   8.7e+02   -0.3   0.0    53    77   116   140   108   152 0.85 -
h2tg000512l:171003-172946   -            648 168078at71240        -            105   4.4e-07   29.6   1.5   3  14       3.1   1.9e+03   -1.4   0.0    56    78   154   176   144   190 0.85 -
h2tg000512l:171003-172946   -            648 168078at71240        -            105   4.4e-07   29.6   1.5   4  14       2.2   1.4e+03   -0.9   0.0    56    77   189   210   184   213 0.84 -
h2tg000512l:171003-172946   -            648 168078at71240        -            105   4.4e-07   29.6   1.5   5  14       0.8     5e+02    0.5   0.0    50    77   253   280   243   288 0.85 -
h2tg000512l:171003-172946   -            648 168078at71240        -            105   4.4e-07   29.6   1.5   6  14       1.2   7.7e+02   -0.1   0.0    53    77   291   315   283   332 0.84 -
h2tg000512l:171003-172946   -            648 168078at71240        -            105   4.4e-07   29.6   1.5   7  14       5.8   3.6e+03   -2.3   0.0    58    77   331   350   317   358 0.84 -
h2tg000512l:171003-172946   -            648 168078at71240        -            105   4.4e-07   29.6   1.5   8  14      0.04        25    4.7   0.0    52    77   360   385   352   396 0.87 -
h2tg000512l:171003-172946   -            648 168078at71240        -            105   4.4e-07   29.6   1.5   9  14      0.55   3.4e+02    1.0   0.0    58    77   401   420   390   431 0.87 -
h2tg000512l:171003-172946   -            648 168078at71240        -            105   4.4e-07   29.6   1.5  10  14      0.57   3.5e+02    1.0   0.0    58    77   436   455   425   465 0.88 -
h2tg000512l:171003-172946   -            648 168078at71240        -            105   4.4e-07   29.6   1.5  11  14      0.89   5.5e+02    0.3   0.0    53    77   466   490   458   495 0.84 -
h2tg000512l:171003-172946   -            648 168078at71240        -            105   4.4e-07   29.6   1.5  12  14       0.2   1.2e+02    2.4   0.0    53    77   501   525   493   537 0.84 -
h2tg000512l:171003-172946   -            648 168078at71240        -            105   4.4e-07   29.6   1.5  13  14       3.7   2.3e+03   -1.6   0.0    56    79   539   562   527   570 0.83 -
h2tg000512l:171003-172946   -            648 168078at71240        -            105   4.4e-07   29.6   1.5  14  14      0.94   5.8e+02    0.3   0.0    55    80   608   633   599   642 0.83 -
h2tg000253l:750786-750625   -             54 168078at71240        -            105   2.6e-06   27.1   0.0   1   1   4.7e-09   2.9e-06   26.9   0.0     7    40    21    54    15    54 0.89 -
h2tg000592l:324051-326063   -            671 168078at71240        -            105   0.00056   19.6   0.3   1  10      0.87   5.4e+02    0.4   0.0    56    77   118   139   108   150 0.85 -
h2tg000592l:324051-326063   -            671 168078at71240        -            105   0.00056   19.6   0.3   2  10       3.6   2.3e+03   -1.6   0.0    54    77   151   174   142   178 0.83 -
h2tg000592l:324051-326063   -            671 168078at71240        -            105   0.00056   19.6   0.3   3  10         1   6.4e+02    0.1   0.0    54    77   221   244   213   255 0.84 -
h2tg000592l:324051-326063   -            671 168078at71240        -            105   0.00056   19.6   0.3   4  10       6.5     4e+03   -2.4   0.0    56    74   293   311   283   315 0.80 -
h2tg000592l:324051-326063   -            671 168078at71240        -            105   0.00056   19.6   0.3   5  10       3.5   2.2e+03   -1.6   0.0    55    76   362   383   357   398 0.82 -
h2tg000592l:324051-326063   -            671 168078at71240        -            105   0.00056   19.6   0.3   6  10       1.8   1.1e+03   -0.6   0.0    42    74   387   416   380   428 0.78 -
h2tg000592l:324051-326063   -            671 168078at71240        -            105   0.00056   19.6   0.3   7  10       3.6   2.2e+03   -1.6   0.0    53    74   465   486   457   490 0.79 -
h2tg000592l:324051-326063   -            671 168078at71240        -            105   0.00056   19.6   0.3   8  10       3.8   2.3e+03   -1.7   0.0    54    77   501   524   494   535 0.84 -
h2tg000592l:324051-326063   -            671 168078at71240        -            105   0.00056   19.6   0.3   9  10     0.069        43    3.9   0.0    53    78   535   560   527   571 0.84 -
h2tg000592l:324051-326063   -            671 168078at71240        -            105   0.00056   19.6   0.3  10  10      0.42   2.6e+02    1.4   0.0    53    78   570   595   562   603 0.87 -
h2tg000512l:172933-173832   -            300 168078at71240        -            105   0.00095   18.9   0.2   1   6      0.14        86    2.9   0.0    53    80    33    60    25    69 0.86 -
h2tg000512l:172933-173832   -            300 168078at71240        -            105   0.00095   18.9   0.2   2   6       2.3   1.4e+03   -1.0   0.0    58    77    73    92    62   103 0.84 -
h2tg000512l:172933-173832   -            300 168078at71240        -            105   0.00095   18.9   0.2   3   6      0.26   1.6e+02    2.1   0.0    54    77   104   127    97   138 0.88 -
h2tg000512l:172933-173832   -            300 168078at71240        -            105   0.00095   18.9   0.2   4   6      0.25   1.5e+02    2.1   0.0    53    77   138   162   131   173 0.87 -
h2tg000512l:172933-173832   -            300 168078at71240        -            105   0.00095   18.9   0.2   5   6      0.26   1.6e+02    2.0   0.0    53    77   173   197   165   205 0.88 -
h2tg000512l:172933-173832   -            300 168078at71240        -            105   0.00095   18.9   0.2   6   6      0.58   3.6e+02    0.9   0.0    56    84   246   274   240   287 0.84 -
h2tg000182l:43104-42421     -            228 168078at71240        -            105    0.0067   16.1   0.0   1   4      0.12        76    3.1   0.0    53    78    33    58    25    67 0.85 -
h2tg000182l:43104-42421     -            228 168078at71240        -            105    0.0067   16.1   0.0   2   4     0.056        35    4.2   0.0    53    78    68    93    60   102 0.86 -
h2tg000182l:43104-42421     -            228 168078at71240        -            105    0.0067   16.1   0.0   3   4      0.18   1.1e+02    2.5   0.0    53    80   103   130    94   140 0.83 -
h2tg000182l:43104-42421     -            228 168078at71240        -            105    0.0067   16.1   0.0   4   4      0.36   2.2e+02    1.6   0.0    52    76   137   161   125   191 0.80 -
h2tg000592l:325377-326042   -            222 168078at71240        -            105    0.0088   15.8   0.0   1   4      0.84   5.2e+02    0.4   0.0    53    74    23    44    15    50 0.80 -
h2tg000592l:325377-326042   -            222 168078at71240        -            105    0.0088   15.8   0.0   2   4      0.84   5.2e+02    0.4   0.0    54    77    59    82    50    93 0.84 -
h2tg000592l:325377-326042   -            222 168078at71240        -            105    0.0088   15.8   0.0   3   4     0.016        10    5.9   0.0    53    77    93   117    84   128 0.84 -
h2tg000592l:325377-326042   -            222 168078at71240        -            105    0.0088   15.8   0.0   4   4     0.094        58    3.5   0.0    53    78   128   153   120   163 0.87 -
#
# Program:         hmmsearch
# Version:         3.3.2 (Nov 2020)
# Pipeline mode:   SEARCH
# Query file:      /scratch/srb67793/Pelargonium/busco_downloads/lineages/eudicots_odb10/hmms/168078at71240.hmm
# Target file:     /scratch/srb67793/Pelargonium/P_citronellum_omnic-hap2-busco/run_eudicots_odb10/metaeuk_output/initial_results/P_citronellum_OmniC.hic.bp.hap1.p_ctg.fa.modified.fas
# Option settings: hmmsearch --domtblout /scratch/srb67793/Pelargonium/P_citronellum_omnic-hap2-busco/run_eudicots_odb10/hmmer_output/initial_run_results/168078at71240.out --cpu 1 /scratch/srb67793/Pelargonium/busco_downloads/lineages/eudicots_odb10/hmms/168078at71240.hmm /scratch/srb67793/Pelargonium/P_citronellum_omnic-hap2-busco/run_eudicots_odb10/metaeuk_output/initial_results/P_citronellum_OmniC.hic.bp.hap1.p_ctg.fa.modified.fas 
# Current dir:     /scratch/srb67793/Pelargonium
# Date:            Tue Jul 16 10:30:18 2024
# [ok]
