#                                                                                   --- full sequence --- -------------- this domain -------------   hmm coord   ali coord   env coord
# target name               accession   tlen query name           accession   qlen   E-value  score  bias   #  of  c-Evalue  i-Evalue  score  bias  from    to  from    to  from    to  acc description of target
#       ------------------- ---------- ----- -------------------- ---------- ----- --------- ------ ----- --- --- --------- --------- ------ ----- ----- ----- ----- ----- ----- ----- ---- ---------------------
h2tg000818l:628904-626293   -            147 169920at71240        -            111   6.3e-67  221.9   1.3   1   1   6.7e-70   7.6e-67  221.6   1.3     1   111    25   136    25   136 0.98 -
h2tg000265l:1056386-1058070 -            140 169920at71240        -            111   6.5e-64  212.2   1.3   1   1   6.9e-67   7.8e-64  211.9   1.3     1   111    19   129    19   129 0.98 -
h2tg000511l:31518-32273     -             72 169920at71240        -            111     2e-09   36.7   0.1   1   2   2.2e-06    0.0025   17.1   0.1    21    48     8    35     1    38 0.84 -
h2tg000511l:31518-32273     -             72 169920at71240        -            111     2e-09   36.7   0.1   2   2   6.9e-07   0.00078   18.7   0.0    72   105    38    71    32    72 0.93 -
h2tg000818l:394265-394537   -             91 169920at71240        -            111   3.6e-08   32.7   0.0   1   1   3.4e-11   3.9e-08   32.6   0.0     3    94     2    91     1    91 0.88 -
h2tg001059l:2342-1863       -            160 169920at71240        -            111   7.1e-06   25.3   0.0   1   1   8.4e-09   9.5e-06   24.9   0.0     3    89    59   144    57   158 0.84 -
h2tg000119l:1297775-1298026 -             84 169920at71240        -            111   2.6e-05   23.5   0.0   1   1   2.6e-08   2.9e-05   23.3   0.0    23    89     3    68     1    82 0.85 -
h2tg000500l:3061-2798       -             88 169920at71240        -            111   5.9e-05   22.3   0.0   1   1   6.3e-08   7.1e-05   22.1   0.0    23    88     7    71     2    86 0.83 -
h2tg000055l:76541-76356     -             62 169920at71240        -            111   6.2e-05   22.3   0.0   1   1   5.7e-08   6.5e-05   22.2   0.0    22    78     5    60     1    62 0.82 -
h2tg000485l:329664-329849   -             62 169920at71240        -            111   0.00017   20.9   0.0   1   1   1.6e-07   0.00018   20.8   0.0    22    78     5    60     1    62 0.82 -
h2tg000668l:155015-155269   -             85 169920at71240        -            111     0.001   18.3   0.2   1   1   1.1e-06    0.0013   18.1   0.2    23    89     4    69     2    81 0.90 -
h2tg000668l:136918-136592   -            109 169920at71240        -            111    0.0052   16.1   0.3   1   1   6.2e-06     0.007   15.7   0.3     5    92    10    96     6   107 0.82 -
h2tg000704l:218426-218647   -             74 169920at71240        -            111     0.038   13.3   0.0   1   1     4e-05     0.045   13.1   0.0    23    86     3    65     1    72 0.84 -
#
# Program:         hmmsearch
# Version:         3.3.2 (Nov 2020)
# Pipeline mode:   SEARCH
# Query file:      /scratch/srb67793/Pelargonium/busco_downloads/lineages/eudicots_odb10/hmms/169920at71240.hmm
# Target file:     /scratch/srb67793/Pelargonium/P_citronellum_omnic-hap2-busco/run_eudicots_odb10/metaeuk_output/initial_results/P_citronellum_OmniC.hic.bp.hap1.p_ctg.fa.modified.fas
# Option settings: hmmsearch --domtblout /scratch/srb67793/Pelargonium/P_citronellum_omnic-hap2-busco/run_eudicots_odb10/hmmer_output/initial_run_results/169920at71240.out --cpu 1 /scratch/srb67793/Pelargonium/busco_downloads/lineages/eudicots_odb10/hmms/169920at71240.hmm /scratch/srb67793/Pelargonium/P_citronellum_omnic-hap2-busco/run_eudicots_odb10/metaeuk_output/initial_results/P_citronellum_OmniC.hic.bp.hap1.p_ctg.fa.modified.fas 
# Current dir:     /scratch/srb67793/Pelargonium
# Date:            Tue Jul 16 10:30:26 2024
# [ok]
