#                                                                                 --- full sequence --- -------------- this domain -------------   hmm coord   ali coord   env coord
# target name             accession   tlen query name           accession   qlen   E-value  score  bias   #  of  c-Evalue  i-Evalue  score  bias  from    to  from    to  from    to  acc description of target
#     ------------------- ---------- ----- -------------------- ---------- ----- --------- ------ ----- --- --- --------- --------- ------ ----- ----- ----- ----- ----- ----- ----- ---- ---------------------
h2tg000434l:77258-77007   -             84 172629at71240        -             93   1.1e-25   89.1   0.7   1   1   3.4e-29   1.2e-25   89.0   0.7    14    92     4    82     1    83 0.88 -
h2tg000617l:34842-35993   -            384 172629at71240        -             93     0.096   12.3   0.0   1   1   6.3e-05      0.21   11.2   0.0    38    87   214   266   208   272 0.81 -
h2tg000104l:265845-266558 -            190 172629at71240        -             93      0.88    9.2   9.1   1   3     0.012        42    3.8   0.4    34    75     9    50     5    69 0.84 -
h2tg000104l:265845-266558 -            190 172629at71240        -             93      0.88    9.2   9.1   2   3   0.00026      0.88    9.2   1.2    38    72    83   117    72   135 0.80 -
h2tg000104l:265845-266558 -            190 172629at71240        -             93      0.88    9.2   9.1   3   3      0.22   7.6e+02   -0.2   0.0    58    77   127   147   119   156 0.69 -
h2tg000209l:476120-450953 -           1089 172629at71240        -             93       2.2    7.9   5.2   1   3      0.28   9.6e+02   -0.5   0.3    42    70   380   401   368   412 0.52 -
h2tg000209l:476120-450953 -           1089 172629at71240        -             93       2.2    7.9   5.2   2   3   0.00097       3.3    7.4   0.3    31    68   835   872   833   891 0.83 -
h2tg000209l:476120-450953 -           1089 172629at71240        -             93       2.2    7.9   5.2   3   3       0.3     1e+03   -0.6   0.0    41    69   887   915   879   927 0.86 -
#
# Program:         hmmsearch
# Version:         3.3.2 (Nov 2020)
# Pipeline mode:   SEARCH
# Query file:      /scratch/srb67793/Pelargonium/busco_downloads/lineages/eudicots_odb10/hmms/172629at71240.hmm
# Target file:     /scratch/srb67793/Pelargonium/P_citronellum_omnic-hap2-busco/run_eudicots_odb10/metaeuk_output/initial_results/P_citronellum_OmniC.hic.bp.hap1.p_ctg.fa.modified.fas
# Option settings: hmmsearch --domtblout /scratch/srb67793/Pelargonium/P_citronellum_omnic-hap2-busco/run_eudicots_odb10/hmmer_output/initial_run_results/172629at71240.out --cpu 1 /scratch/srb67793/Pelargonium/busco_downloads/lineages/eudicots_odb10/hmms/172629at71240.hmm /scratch/srb67793/Pelargonium/P_citronellum_omnic-hap2-busco/run_eudicots_odb10/metaeuk_output/initial_results/P_citronellum_OmniC.hic.bp.hap1.p_ctg.fa.modified.fas 
# Current dir:     /scratch/srb67793/Pelargonium
# Date:            Tue Jul 16 10:30:22 2024
# [ok]
