#                                                                                   --- full sequence --- -------------- this domain -------------   hmm coord   ali coord   env coord
# target name               accession   tlen query name           accession   qlen   E-value  score  bias   #  of  c-Evalue  i-Evalue  score  bias  from    to  from    to  from    to  acc description of target
#       ------------------- ---------- ----- -------------------- ---------- ----- --------- ------ ----- --- --- --------- --------- ------ ----- ----- ----- ----- ----- ----- ----- ---- ---------------------
h2tg000698l:87556-128201    -           1969 22901at71240         -            678  2.1e-216  719.8  30.7   1   5   7.2e-05     0.019   12.7   1.2     1    20  1145  1164  1145  1166 0.95 -
h2tg000698l:87556-128201    -           1969 22901at71240         -            678  2.1e-216  719.8  30.7   2   5      0.41   1.1e+02    0.3   0.0    43    57  1372  1386  1344  1398 0.86 -
h2tg000698l:87556-128201    -           1969 22901at71240         -            678  2.1e-216  719.8  30.7   3   5    1e-149  2.7e-147  491.4  10.7    53   374  1451  1753  1441  1758 0.95 -
h2tg000698l:87556-128201    -           1969 22901at71240         -            678  2.1e-216  719.8  30.7   4   5   2.5e-47   6.7e-45  153.0   0.1   487   615  1758  1903  1750  1911 0.87 -
h2tg000698l:87556-128201    -           1969 22901at71240         -            678  2.1e-216  719.8  30.7   5   5   5.5e-22   1.5e-19   69.3   0.8   602   651  1921  1969  1907  1969 0.87 -
h2tg001326l:20852-14974     -            586 22901at71240         -            678   2.3e-75  253.7   0.0   1   1   1.2e-77   3.1e-75  253.3   0.0    76   398   182   523   166   553 0.87 -
h2tg000421l:16625-6570      -            709 22901at71240         -            678   1.1e-70  238.3   0.0   1   1   6.4e-73   1.7e-70  237.6   0.0    65   390    19   359     8   379 0.85 -
h2tg001174l:32876-29669     -            311 22901at71240         -            678   4.1e-65  219.8   0.0   1   1   1.8e-67   4.9e-65  219.6   0.0    75   370    10   311     5   311 0.90 -
h2tg000147l:1875630-1883351 -            875 22901at71240         -            678   2.7e-57  194.0   0.0   1   2   4.9e-32   1.3e-29  102.5   0.1    68   266   157   369   150   375 0.83 -
h2tg000147l:1875630-1883351 -            875 22901at71240         -            678   2.7e-57  194.0   0.0   2   2   5.2e-28   1.4e-25   89.2   0.0   288   388   528   629   513   635 0.92 -
h2tg000131l:531691-518442   -           1147 22901at71240         -            678   2.9e-17   61.7   0.3   1   1   1.5e-18   4.1e-16   57.9   0.3    77   382   419   770   368   812 0.70 -
h2tg000494l:673533-674849   -            439 22901at71240         -            678   3.5e-17   61.4   0.3   1   2    0.0035      0.94    7.1   0.2    87   130    57   100    48   103 0.87 -
h2tg000494l:673533-674849   -            439 22901at71240         -            678   3.5e-17   61.4   0.3   2   2   6.9e-17   1.8e-14   52.4   0.0   287   388   287   389   228   406 0.87 -
h2tg000005l:470521-468221   -            453 22901at71240         -            678   2.7e-16   58.5   0.9   1   2     0.044        12    3.5   0.2    87   121    74   108    60   119 0.89 -
h2tg000005l:470521-468221   -            453 22901at71240         -            678   2.7e-16   58.5   0.9   2   2   2.6e-17   6.9e-15   53.8   0.0   287   389   297   400   173   416 0.84 -
h2tg000501l:279377-285954   -            542 22901at71240         -            678   4.4e-16   57.8   0.2   1   2    0.0071       1.9    6.1   0.0    92   132   131   171   118   179 0.80 -
h2tg000501l:279377-285954   -            542 22901at71240         -            678   4.4e-16   57.8   0.2   2   2   4.8e-16   1.3e-13   49.7   0.0   268   389   366   486   341   496 0.83 -
h2tg000552l:14764-12800     -            401 22901at71240         -            678   3.9e-15   54.6   0.0   1   2       0.1        27    2.3   0.0    90   120    16    46     5    66 0.88 -
h2tg000552l:14764-12800     -            401 22901at71240         -            678   3.9e-15   54.6   0.0   2   2   2.8e-16   7.4e-14   50.4   0.0   268   391   216   337   107   347 0.88 -
h2tg000393l:266681-269378   -            392 22901at71240         -            678     4e-15   54.6   0.1   1   2     0.031       8.3    4.0   0.0    87   121    18    52     3    58 0.83 -
h2tg000393l:266681-269378   -            392 22901at71240         -            678     4e-15   54.6   0.1   2   2   1.1e-15   2.9e-13   48.5   0.1   287   386   238   339   183   347 0.88 -
h2tg001376l:8366-7080       -            429 22901at71240         -            678   4.4e-15   54.5   0.2   1   1   7.4e-17     2e-14   52.3   0.2    78   389    69   403    56   410 0.70 -
h2tg000193l:428738-422386   -            814 22901at71240         -            678   4.9e-15   54.3   0.1   1   2     0.007       1.9    6.1   0.0    90   123   280   313   268   335 0.87 -
h2tg000193l:428738-422386   -            814 22901at71240         -            678   4.9e-15   54.3   0.1   2   2   5.7e-15   1.5e-12   46.1   0.0   284   391   492   600   455   610 0.84 -
h2tg000895l:63254-60365     -            408 22901at71240         -            678   2.1e-14   52.2   0.0   1   2      0.02       5.3    4.6   0.0    81   120    31    70    19    90 0.86 -
h2tg000895l:63254-60365     -            408 22901at71240         -            678   2.1e-14   52.2   0.0   2   2   7.3e-15     2e-12   45.7   0.0   286   388   256   358   135   367 0.88 -
h2tg000351l:215507-217285   -            593 22901at71240         -            678   9.5e-14   50.1   0.0   1   1   1.3e-15   3.5e-13   48.2   0.0    87   393   218   549   200   565 0.72 -
h2tg000351l:234522-232756   -            589 22901at71240         -            678   1.6e-13   49.3   0.0   1   1   1.7e-15   4.4e-13   47.9   0.0    87   393   214   545   194   561 0.75 -
h2tg001449l:44226-42964     -            421 22901at71240         -            678     2e-13   49.0   0.0   1   2       3.7   9.7e+02   -2.8   0.0    80   118    47    85    28    88 0.78 -
h2tg001449l:44226-42964     -            421 22901at71240         -            678     2e-13   49.0   0.0   2   2   1.6e-15   4.3e-13   47.9   0.0   288   398   293   407   261   414 0.85 -
h2tg000570l:150264-153252   -            389 22901at71240         -            678   4.9e-13   47.7   0.0   1   2       0.7   1.9e+02   -0.5   0.0    87   122    89   126    83   130 0.80 -
h2tg000570l:150264-153252   -            389 22901at71240         -            678   4.9e-13   47.7   0.0   2   2     9e-15   2.4e-12   45.4   0.0   281   399   234   350   223   359 0.88 -
h2tg000786l:117980-120161   -            254 22901at71240         -            678   1.9e-12   45.7   0.0   1   2       4.5   1.2e+03   -3.1   0.0    98   124     4    28     1    40 0.66 -
h2tg000786l:117980-120161   -            254 22901at71240         -            678   1.9e-12   45.7   0.0   2   2   1.4e-14   3.7e-12   44.8   0.0   295   388   161   253   147   254 0.90 -
h2tg000662l:15542-18591     -            353 22901at71240         -            678   4.1e-12   44.7   0.0   1   2       1.1   2.9e+02   -1.1   0.0    89   122    42    77    37    80 0.77 -
h2tg000662l:15542-18591     -            353 22901at71240         -            678   4.1e-12   44.7   0.0   2   2   5.5e-14   1.5e-11   42.8   0.0   295   399   209   312   186   321 0.90 -
h2tg000024l:351781-355614   -            356 22901at71240         -            678   5.6e-12   44.2   0.0   1   2      0.85   2.3e+02   -0.8   0.0    87   123    46    84    42    91 0.81 -
h2tg000024l:351781-355614   -            356 22901at71240         -            678   5.6e-12   44.2   0.0   2   2   8.9e-14   2.4e-11   42.1   0.0   287   400   199   311   179   323 0.87 -
h2tg000667l:508262-507037   -            355 22901at71240         -            678     3e-11   41.8   0.1   1   1   1.3e-13   3.5e-11   41.6   0.1   155   384    86   322    22   345 0.74 -
h2tg000213l:189156-194531   -            584 22901at71240         -            678   1.3e-10   39.7   0.0   1   2   0.00011     0.028   12.1   0.0    67   119    30    82    22    92 0.91 -
h2tg000213l:189156-194531   -            584 22901at71240         -            678   1.3e-10   39.7   0.0   2   2   1.3e-08   3.3e-06   25.1   0.0   314   413   366   466   353   475 0.84 -
h2tg000864l:265560-263785   -            355 22901at71240         -            678   1.7e-10   39.4   0.1   1   1   6.9e-13   1.8e-10   39.2   0.1   190   385   124   322    27   344 0.71 -
h2tg001102l:45081-43493     -            361 22901at71240         -            678   2.7e-10   38.7   0.0   1   1     1e-12   2.7e-10   38.6   0.0   230   383   168   327    37   348 0.80 -
h2tg000857l:25303-22780     -            244 22901at71240         -            678   2.8e-10   38.6   0.0   1   1   1.4e-12   3.8e-10   38.2   0.0   297   392    98   192    71   201 0.88 -
h2tg000510l:14469-16424     -            366 22901at71240         -            678   3.1e-10   38.5   0.1   1   1   1.2e-12   3.3e-10   38.4   0.1   229   382   178   337    48   356 0.78 -
h2tg000667l:511512-518128   -            354 22901at71240         -            678   4.5e-10   37.9   0.0   1   1     2e-12   5.3e-10   37.7   0.0   232   383   163   320    85   342 0.79 -
h2tg000864l:268508-269728   -            348 22901at71240         -            678   4.5e-10   37.9   0.0   1   1   1.7e-12   4.6e-10   37.9   0.0   232   381   163   318    39   333 0.83 -
h2tg000730l:9546-10933      -            354 22901at71240         -            678   4.7e-10   37.9   0.0   1   1     2e-12   5.4e-10   37.7   0.0   230   384   161   321    78   342 0.79 -
h2tg001228l:77360-80098     -            426 22901at71240         -            678   3.2e-09   35.1   0.2   1   2       4.9   1.3e+03   -3.3   0.0    97   120     1    24     1    51 0.84 -
h2tg001228l:77360-80098     -            426 22901at71240         -            678   3.2e-09   35.1   0.2   2   2   2.1e-11   5.6e-09   34.3   0.0   273   386   205   320   187   334 0.86 -
h2tg000874l:789-11595       -            968 22901at71240         -            678   5.8e-09   34.2   0.1   1   2    0.0051       1.3    6.6   0.0    12   119   455   567   444   599 0.71 -
h2tg000874l:789-11595       -            968 22901at71240         -            678   5.8e-09   34.2   0.1   2   2   9.8e-09   2.6e-06   25.5   0.0   287   381   762   857   749   875 0.89 -
h2tg001150l:84688-91224     -            704 22901at71240         -            678   1.5e-08   32.9   0.4   1   3         2   5.3e+02   -2.0   0.0   166   201   185   220   157   224 0.79 -
h2tg001150l:84688-91224     -            704 22901at71240         -            678   1.5e-08   32.9   0.4   2   3   2.1e-10   5.6e-08   31.0   0.2   276   391   356   470   201   492 0.81 -
h2tg001150l:84688-91224     -            704 22901at71240         -            678   1.5e-08   32.9   0.4   3   3       1.8   4.8e+02   -1.8   0.0   565   600   501   535   484   539 0.75 -
h2tg000480l:26808-53922     -           1560 22901at71240         -            678   2.4e-08   32.2   0.6   1   2    0.0049       1.3    6.7   0.2    87   207     3   136     1   166 0.71 -
h2tg000480l:26808-53922     -           1560 22901at71240         -            678   2.4e-08   32.2   0.6   2   2   3.3e-08   8.8e-06   23.7   0.0   247   375   333   460   311   471 0.79 -
h2tg000234l:579614-585690   -            500 22901at71240         -            678   2.7e-08   32.1   0.2   1   2      0.16        44    1.6   0.0   104   125    76    97    69   119 0.72 -
h2tg000234l:579614-585690   -            500 22901at71240         -            678   2.7e-08   32.1   0.2   2   2   1.4e-09   3.6e-07   28.3   0.0   286   388   333   439   306   482 0.81 -
h2tg000204l:146424-147597   -            280 22901at71240         -            678   7.9e-08   30.5   0.0   1   1   4.3e-10   1.1e-07   30.0   0.0   295   391   181   274   169   279 0.86 -
h2tg000724l:89909-85509     -            433 22901at71240         -            678   9.4e-08   30.3   0.2   1   2      0.15        40    1.7   0.0    79   121    19    61    10   196 0.84 -
h2tg000724l:89909-85509     -            433 22901at71240         -            678   9.4e-08   30.3   0.2   2   2   4.6e-09   1.2e-06   26.6   0.0   297   386   239   328   215   343 0.89 -
h2tg000650l:2962-506        -            415 22901at71240         -            678   1.7e-07   29.4   0.4   1   2      0.23        61    1.1   0.1    87   119    92   124    89   198 0.87 -
h2tg000650l:2962-506        -            415 22901at71240         -            678   1.7e-07   29.4   0.4   2   2   4.3e-09   1.1e-06   26.7   0.0   269   380   291   405   207   413 0.88 -
h2tg000306l:353960-351551   -            405 22901at71240         -            678   1.4e-06   26.3   0.0   1   1   7.3e-09   1.9e-06   25.9   0.0    80   387    22   348    12   368 0.75 -
h2tg000734l:376401-374695   -            569 22901at71240         -            678   5.2e-06   24.5   0.0   1   3     0.037       9.9    3.7   0.0    79   119   146   186   135   190 0.90 -
h2tg000734l:376401-374695   -            569 22901at71240         -            678   5.2e-06   24.5   0.0   2   3       8.2   2.2e+03   -4.0   0.0   352   379   292   320   290   322 0.83 -
h2tg000734l:376401-374695   -            569 22901at71240         -            678   5.2e-06   24.5   0.0   3   3   1.8e-06   0.00048   18.0   0.0   304   394   449   539   410   557 0.85 -
h2tg000269l:123624-114954   -            476 22901at71240         -            678   7.4e-06   24.0   0.1   1   2      0.25        68    1.0   0.0   105   125    77    97    71   119 0.74 -
h2tg000269l:123624-114954   -            476 22901at71240         -            678   7.4e-06   24.0   0.1   2   2   2.6e-07   7.1e-05   20.8   0.0   333   390   349   406   332   465 0.83 -
h2tg000443l:213413-217934   -            575 22901at71240         -            678   1.2e-05   23.3   0.3   1   2      0.14        37    1.9   0.0    87   117   110   140    99   143 0.91 -
h2tg000443l:213413-217934   -            575 22901at71240         -            678   1.2e-05   23.3   0.3   2   2   7.4e-07    0.0002   19.3   0.1   289   388   436   535   423   541 0.86 -
h2tg000813l:49531-53465     -            569 22901at71240         -            678   3.8e-05   21.7   0.3   1   2      0.55   1.5e+02   -0.1   0.0    87   116   107   136    99   140 0.86 -
h2tg000813l:49531-53465     -            569 22901at71240         -            678   3.8e-05   21.7   0.3   2   2   7.4e-07    0.0002   19.3   0.1   294   386   439   530   418   539 0.86 -
h2tg000506l:5491-9883       -            294 22901at71240         -            678   0.00014   19.8   0.1   1   2     0.037        10    3.7   0.0    80   145    19    90     8   128 0.72 -
h2tg000506l:5491-9883       -            294 22901at71240         -            678   0.00014   19.8   0.1   2   2   2.5e-05    0.0066   14.3   0.0   286   381   173   270   155   291 0.83 -
h2tg000060l:594732-609038   -           1145 22901at71240         -            678   0.00017   19.5   0.2   1   2   0.00052      0.14    9.9   0.1   118   199   302   382   295   398 0.88 -
h2tg000060l:594732-609038   -           1145 22901at71240         -            678   0.00017   19.5   0.2   2   2    0.0032      0.85    7.3   0.0   315   389   493   568   480   585 0.87 -
h2tg000603l:388928-383497   -            737 22901at71240         -            678    0.0012   16.7   0.1   1   2      0.41   1.1e+02    0.3   0.0   597   635   294   332   244   334 0.81 -
h2tg000603l:388928-383497   -            737 22901at71240         -            678    0.0012   16.7   0.1   2   2   1.4e-05    0.0037   15.1   0.1   275   377   298   400   280   419 0.75 -
h2tg000131l:1243126-1222622 -           1091 22901at71240         -            678    0.0074   14.1   0.0   1   1   4.4e-05     0.012   13.4   0.0   287   386   475   576   468   588 0.81 -
h2tg000147l:3601215-3606527 -            684 22901at71240         -            678    0.0092   13.8   0.0   1   2      0.19        51    1.4   0.0    87   117   305   335   287   339 0.85 -
h2tg000147l:3601215-3606527 -            684 22901at71240         -            678    0.0092   13.8   0.0   2   2   0.00053      0.14    9.8   0.0   285   378   538   641   520   653 0.73 -
h2tg000074l:730791-683660   -           1194 22901at71240         -            678     0.011   13.5   0.0   1   2       1.5   4.1e+02   -1.6   0.0    87   116     3    31     2   132 0.56 -
h2tg000074l:730791-683660   -           1194 22901at71240         -            678     0.011   13.5   0.0   2   2   0.00014     0.037   11.8   0.0   319   376   276   333   247   348 0.86 -
h2tg000435l:215729-221056   -            811 22901at71240         -            678     0.017   12.9   0.0   1   1   0.00012     0.033   12.0   0.0   287   381   606   700   561   718 0.84 -
h2tg000800l:632840-638684   -           1626 22901at71240         -            678      0.02   12.7   0.0   1   2    0.0047       1.3    6.7   0.0   314   350   816   852   807   898 0.74 -
h2tg000800l:632840-638684   -           1626 22901at71240         -            678      0.02   12.7   0.0   2   2     0.058        15    3.1   0.0    80   204  1355  1493  1348  1538 0.60 -
#
# Program:         hmmsearch
# Version:         3.3.2 (Nov 2020)
# Pipeline mode:   SEARCH
# Query file:      /scratch/srb67793/Pelargonium/busco_downloads/lineages/eudicots_odb10/hmms/22901at71240.hmm
# Target file:     /scratch/srb67793/Pelargonium/P_citronellum_omnic-hap2-busco/run_eudicots_odb10/metaeuk_output/initial_results/P_citronellum_OmniC.hic.bp.hap1.p_ctg.fa.modified.fas
# Option settings: hmmsearch --domtblout /scratch/srb67793/Pelargonium/P_citronellum_omnic-hap2-busco/run_eudicots_odb10/hmmer_output/initial_run_results/22901at71240.out --cpu 1 /scratch/srb67793/Pelargonium/busco_downloads/lineages/eudicots_odb10/hmms/22901at71240.hmm /scratch/srb67793/Pelargonium/P_citronellum_omnic-hap2-busco/run_eudicots_odb10/metaeuk_output/initial_results/P_citronellum_OmniC.hic.bp.hap1.p_ctg.fa.modified.fas 
# Current dir:     /scratch/srb67793/Pelargonium
# Date:            Tue Jul 16 10:30:41 2024
# [ok]
