#                                                                                   --- full sequence --- -------------- this domain -------------   hmm coord   ali coord   env coord
# target name               accession   tlen query name           accession   qlen   E-value  score  bias   #  of  c-Evalue  i-Evalue  score  bias  from    to  from    to  from    to  acc description of target
#       ------------------- ---------- ----- -------------------- ---------- ----- --------- ------ ----- --- --- --------- --------- ------ ----- ----- ----- ----- ----- ----- ----- ---- ---------------------
h2tg000456l:148041-159905   -           2446 265at71240           -           1627         0 2688.4  49.0   1   6    3e-189  2.7e-186  621.2   1.2     2   345     4   370     3   374 0.95 -
h2tg000456l:148041-159905   -           2446 265at71240           -           1627         0 2688.4  49.0   2   6   1.6e-68   1.4e-65  221.1   0.2   341   452   412   523   399   534 0.94 -
h2tg000456l:148041-159905   -           2446 265at71240           -           1627         0 2688.4  49.0   3   6  3.9e-133  3.5e-130  435.2   9.1   452   795   559   995   554  1019 0.83 -
h2tg000456l:148041-159905   -           2446 265at71240           -           1627         0 2688.4  49.0   4   6    7e-257  6.3e-254  845.4   9.8   806  1322  1264  1873  1256  1889 0.87 -
h2tg000456l:148041-159905   -           2446 265at71240           -           1627         0 2688.4  49.0   5   6  1.9e-169  1.7e-166  555.6   0.0  1320  1592  1907  2188  1900  2195 0.96 -
h2tg000456l:148041-159905   -           2446 265at71240           -           1627         0 2688.4  49.0   6   6   2.2e-08     2e-05   21.7   0.5  1585  1620  2391  2427  2388  2432 0.85 -
h2tg000080l:101992-100427   -            522 265at71240           -           1627     1e-88  297.7   0.2   1   1   3.6e-91   3.3e-88  296.1   0.2  1069  1556     1   517     1   520 0.79 -
h2tg001341l:110572-111354   -            261 265at71240           -           1627   2.4e-73  246.8   0.1   1   1   3.1e-76   2.9e-73  246.6   0.1  1309  1551    21   260     2   261 0.91 -
h2tg000237l:390217-398383   -            647 265at71240           -           1627   4.9e-52  176.2   8.4   1   3   7.1e-07   0.00064   16.7   0.0  1045  1086   193   232   185   236 0.89 -
h2tg000237l:390217-398383   -            647 265at71240           -           1627   4.9e-52  176.2   8.4   2   3    0.0023       2.1    5.0   0.2  1118  1143   234   259   230   265 0.84 -
h2tg000237l:390217-398383   -            647 265at71240           -           1627   4.9e-52  176.2   8.4   3   3   2.7e-49   2.5e-46  157.3   1.9  1250  1574   325   630   283   642 0.79 -
h2tg000018l:337751-343805   -            849 265at71240           -           1627   3.5e-46  156.8   0.0   1   3   1.4e-05     0.012   12.4   0.0  1047  1087   377   416   373   421 0.85 -
h2tg000018l:337751-343805   -            849 265at71240           -           1627   3.5e-46  156.8   0.0   2   3     0.002       1.8    5.3   0.0  1122  1148   421   447   417   478 0.80 -
h2tg000018l:337751-343805   -            849 265at71240           -           1627   3.5e-46  156.8   0.0   3   3   9.9e-43     9e-40  135.5   0.0  1228  1577   475   824   461   832 0.80 -
h2tg000018l:418037-416583   -            485 265at71240           -           1627   2.1e-43  147.6   0.1   1   3   7.4e-06    0.0067   13.3   0.0  1042  1086    76   120    57   126 0.84 -
h2tg000018l:418037-416583   -            485 265at71240           -           1627   2.1e-43  147.6   0.1   2   3   9.4e-05     0.085    9.6   0.1  1116  1150   122   156   118   164 0.87 -
h2tg000018l:418037-416583   -            485 265at71240           -           1627   2.1e-43  147.6   0.1   3   3   1.4e-38   1.2e-35  121.8   0.0  1307  1561   220   482   202   485 0.83 -
h2tg000937l:11469-10060     -            470 265at71240           -           1627   3.5e-41  140.2   0.0   1   2   1.8e-08   1.6e-05   22.0   0.0  1044  1101    76   133    42   155 0.82 -
h2tg000937l:11469-10060     -            470 265at71240           -           1627   3.5e-41  140.2   0.0   2   2   1.1e-36   9.7e-34  115.5   0.0  1307  1550   218   470   199   470 0.81 -
h2tg000150l:1035093-1025103 -           1513 265at71240           -           1627   9.9e-26   89.0   0.1   1   2   0.00013      0.12    9.2   0.0  1050  1093   878   918   864   936 0.78 -
h2tg000150l:1035093-1025103 -           1513 265at71240           -           1627   9.9e-26   89.0   0.1   2   2   3.1e-25   2.8e-22   77.5   0.0  1311  1559  1127  1373  1110  1382 0.83 -
h2tg000449l:144867-145136   -             90 265at71240           -           1627   3.9e-18   63.8   0.2   1   1   4.8e-21   4.4e-18   63.6   0.2  1476  1558     2    84     1    89 0.95 -
h2tg000371l:80390-80160     -             77 265at71240           -           1627   5.6e-18   63.3   0.2   1   1   6.7e-21   6.1e-18   63.2   0.2  1476  1551     2    77     1    77 0.98 -
h2tg000060l:165851-166087   -             79 265at71240           -           1627   1.3e-17   62.1   0.1   1   1   1.6e-20   1.4e-17   61.9   0.1  1476  1551     2    79     1    79 0.93 -
h2tg001046l:77514-77780     -             89 265at71240           -           1627   5.5e-17   60.0   0.1   1   1   6.8e-20   6.2e-17   59.8   0.1  1476  1552     2    80     1    83 0.91 -
h2tg001046l:92212-91961     -             84 265at71240           -           1627   1.2e-16   58.9   0.2   1   1   1.4e-19   1.2e-16   58.8   0.2  1476  1554     2    82     1    84 0.89 -
h2tg000001l:224435-232873   -            344 265at71240           -           1627     0.014   12.2   0.0   1   1   2.1e-05     0.019   11.8   0.0  1068  1099    77   108    62   127 0.85 -
h2tg000874l:77890-80710     -            328 265at71240           -           1627     0.041   10.7   0.0   1   1   6.4e-05     0.058   10.2   0.0  1067  1099    49    81    27    88 0.78 -
#
# Program:         hmmsearch
# Version:         3.3.2 (Nov 2020)
# Pipeline mode:   SEARCH
# Query file:      /scratch/srb67793/Pelargonium/busco_downloads/lineages/eudicots_odb10/hmms/265at71240.hmm
# Target file:     /scratch/srb67793/Pelargonium/P_citronellum_omnic-hap2-busco/run_eudicots_odb10/metaeuk_output/initial_results/P_citronellum_OmniC.hic.bp.hap1.p_ctg.fa.modified.fas
# Option settings: hmmsearch --domtblout /scratch/srb67793/Pelargonium/P_citronellum_omnic-hap2-busco/run_eudicots_odb10/hmmer_output/initial_run_results/265at71240.out --cpu 1 /scratch/srb67793/Pelargonium/busco_downloads/lineages/eudicots_odb10/hmms/265at71240.hmm /scratch/srb67793/Pelargonium/P_citronellum_omnic-hap2-busco/run_eudicots_odb10/metaeuk_output/initial_results/P_citronellum_OmniC.hic.bp.hap1.p_ctg.fa.modified.fas 
# Current dir:     /scratch/srb67793/Pelargonium
# Date:            Tue Jul 16 10:30:33 2024
# [ok]
