#                                                                                 --- full sequence --- -------------- this domain -------------   hmm coord   ali coord   env coord
# target name             accession   tlen query name           accession   qlen   E-value  score  bias   #  of  c-Evalue  i-Evalue  score  bias  from    to  from    to  from    to  acc description of target
#     ------------------- ---------- ----- -------------------- ---------- ----- --------- ------ ----- --- --- --------- --------- ------ ----- ----- ----- ----- ----- ----- ----- ---- ---------------------
h2tg000088l:379704-385764 -            724 28455at71240         -            524  4.3e-277  919.5  21.2   1   4  6.1e-163  2.1e-159  531.1   2.8     1   279     1   299     1   317 0.93 -
h2tg000088l:379704-385764 -            724 28455at71240         -            524  4.3e-277  919.5  21.2   2   4   2.9e-05     0.099   10.8   0.6   288   312   403   427   393   463 0.74 -
h2tg000088l:379704-385764 -            724 28455at71240         -            524  4.3e-277  919.5  21.2   3   4   2.2e-93   7.5e-90  301.6   0.4   304   479   470   649   448   656 0.92 -
h2tg000088l:379704-385764 -            724 28455at71240         -            524  4.3e-277  919.5  21.2   4   4   4.1e-28   1.4e-24   86.2   0.3   457   524   649   724   644   724 0.90 -
h2tg000297l:574308-584887 -            632 28455at71240         -            524   0.00035   18.9   0.1   1   1   1.5e-07   0.00052   18.3   0.1    34   162    38   163    22   217 0.60 -
h2tg000298l:206423-204524 -            195 28455at71240         -            524   0.00067   18.0   0.1   1   1   2.2e-07   0.00074   17.8   0.1   310   400    49   136    19   172 0.74 -
h2tg000426l:121485-118861 -            263 28455at71240         -            524     0.097   10.8   0.0   1   1   3.5e-05      0.12   10.5   0.0   357   433    52   136    25   143 0.78 -
#
# Program:         hmmsearch
# Version:         3.3.2 (Nov 2020)
# Pipeline mode:   SEARCH
# Query file:      /scratch/srb67793/Pelargonium/busco_downloads/lineages/eudicots_odb10/hmms/28455at71240.hmm
# Target file:     /scratch/srb67793/Pelargonium/P_citronellum_omnic-hap2-busco/run_eudicots_odb10/metaeuk_output/initial_results/P_citronellum_OmniC.hic.bp.hap1.p_ctg.fa.modified.fas
# Option settings: hmmsearch --domtblout /scratch/srb67793/Pelargonium/P_citronellum_omnic-hap2-busco/run_eudicots_odb10/hmmer_output/initial_run_results/28455at71240.out --cpu 1 /scratch/srb67793/Pelargonium/busco_downloads/lineages/eudicots_odb10/hmms/28455at71240.hmm /scratch/srb67793/Pelargonium/P_citronellum_omnic-hap2-busco/run_eudicots_odb10/metaeuk_output/initial_results/P_citronellum_OmniC.hic.bp.hap1.p_ctg.fa.modified.fas 
# Current dir:     /scratch/srb67793/Pelargonium
# Date:            Tue Jul 16 10:30:32 2024
# [ok]
