#                                                                                   --- full sequence --- -------------- this domain -------------   hmm coord   ali coord   env coord
# target name               accession   tlen query name           accession   qlen   E-value  score  bias   #  of  c-Evalue  i-Evalue  score  bias  from    to  from    to  from    to  acc description of target
#       ------------------- ---------- ----- -------------------- ---------- ----- --------- ------ ----- --- --- --------- --------- ------ ----- ----- ----- ----- ----- ----- ----- ---- ---------------------
h2tg000062l:265631-272375   -            647 28791at71240         -            524    4e-276  916.4  16.3   1   2    0.0043       3.7    5.8   0.1     2    16    32    46    31    56 0.90 -
h2tg000062l:265631-272375   -            647 28791at71240         -            524    4e-276  916.4  16.3   2   2  4.1e-278  3.5e-275  913.3  11.2    24   523    91   630    72   631 0.94 -
h2tg000194l:691084-699260   -            417 28791at71240         -            524   1.1e-11   43.8   3.2   1   2     0.042        35    2.5   0.0   243   265    40    62    23    73 0.84 -
h2tg000194l:691084-699260   -            417 28791at71240         -            524   1.1e-11   43.8   3.2   2   2   1.3e-13   1.1e-10   40.5   1.7   413   520   174   287   151   289 0.80 -
h2tg000873l:39794-40288     -            165 28791at71240         -            524   1.9e-06   26.5   0.1   1   1   2.7e-09   2.3e-06   26.2   0.1   425   511    81   165    65   165 0.91 -
h2tg000374l:2532823-2538034 -            645 28791at71240         -            524   5.4e-06   25.0   6.1   1   3   1.2e-05      0.01   14.2   1.6   362   511   168   319   164   325 0.84 -
h2tg000374l:2532823-2538034 -            645 28791at71240         -            524   5.4e-06   25.0   6.1   2   3   3.8e-06    0.0032   15.9   0.5   365   516   308   460   305   466 0.89 -
h2tg000374l:2532823-2538034 -            645 28791at71240         -            524   5.4e-06   25.0   6.1   3   3   0.00033      0.28    9.5   0.0   373   475   384   490   360   497 0.59 -
h2tg000123l:444078-430339   -           1084 28791at71240         -            524   9.3e-06   24.2   0.4   1   3       1.1   9.7e+02   -2.2   0.0   455   505    46    96    18   111 0.66 -
h2tg000123l:444078-430339   -           1084 28791at71240         -            524   9.3e-06   24.2   0.4   2   3     0.064        55    1.9   0.0   175   223   356   404   346   420 0.84 -
h2tg000123l:444078-430339   -           1084 28791at71240         -            524   9.3e-06   24.2   0.4   3   3   8.7e-07   0.00074   18.0   0.6   347   498   438   589   414   602 0.78 -
h2tg000843l:357503-358789   -            238 28791at71240         -            524   2.4e-05   22.9   0.1   1   1   4.1e-08   3.5e-05   22.4   0.1   444   511   136   203    76   211 0.86 -
h2tg000023l:330201-327041   -            622 28791at71240         -            524   2.5e-05   22.8   0.7   1   3      0.43   3.7e+02   -0.8   0.0   140   177   235   272   231   296 0.83 -
h2tg000023l:330201-327041   -            622 28791at71240         -            524   2.5e-05   22.8   0.7   2   3   3.4e-05     0.029   12.7   0.2   388   509   412   543   365   551 0.81 -
h2tg000023l:330201-327041   -            622 28791at71240         -            524   2.5e-05   22.8   0.7   3   3    0.0022       1.9    6.7   0.0   461   507   565   611   552   620 0.82 -
h2tg000145l:79105-74713     -            704 28791at71240         -            524   0.00016   20.1   0.6   1   3      0.36   3.1e+02   -0.6   0.1   410   508   392   501   375   510 0.62 -
h2tg000145l:79105-74713     -            704 28791at71240         -            524   0.00016   20.1   0.6   2   3   0.00019      0.16   10.2   0.0   449   511   563   625   515   628 0.90 -
h2tg000145l:79105-74713     -            704 28791at71240         -            524   0.00016   20.1   0.6   3   3   0.00042      0.36    9.1   0.0   416   506   600   692   596   698 0.68 -
h2tg000039l:904656-909052   -            704 28791at71240         -            524   0.00019   19.9   0.8   1   3      0.34   2.9e+02   -0.5   0.2   410   508   392   501   375   517 0.64 -
h2tg000039l:904656-909052   -            704 28791at71240         -            524   0.00019   19.9   0.8   2   3   0.00014      0.12   10.7   0.1   449   511   563   625   494   633 0.85 -
h2tg000039l:904656-909052   -            704 28791at71240         -            524   0.00019   19.9   0.8   3   3     2e-05     0.017   13.5   0.0   382   506   563   692   562   698 0.69 -
h2tg001291l:37440-34061     -            637 28791at71240         -            524   0.00037   19.0   2.3   1   2   0.00024      0.21    9.9   1.1   377   511   437   560   417   570 0.78 -
h2tg001291l:37440-34061     -            637 28791at71240         -            524   0.00037   19.0   2.3   2   2    0.0012         1    7.6   0.0   244   291   583   630   565   633 0.81 -
h2tg000962l:39957-31742     -            415 28791at71240         -            524   0.00069   18.1   0.0   1   1   1.4e-06    0.0012   17.3   0.0   442   505    87   160    48   197 0.77 -
h2tg000045l:1520606-1523492 -            706 28791at71240         -            524   0.00095   17.6   2.2   1   3      0.66   5.6e+02   -1.4   0.0   169   209    49    90    44    95 0.68 -
h2tg000045l:1520606-1523492 -            706 28791at71240         -            524   0.00095   17.6   2.2   2   3    0.0019       1.6    7.0   0.5   369   485   521   637   513   649 0.78 -
h2tg000045l:1520606-1523492 -            706 28791at71240         -            524   0.00095   17.6   2.2   3   3    0.0008      0.68    8.2   0.0   464   507   652   695   649   700 0.90 -
h2tg000089l:326371-322738   -            474 28791at71240         -            524    0.0022   16.4   0.8   1   2   2.4e-05     0.021   13.2   0.1   451   506    86   141    38   156 0.74 -
h2tg000089l:326371-322738   -            474 28791at71240         -            524    0.0022   16.4   0.8   2   2       0.1        86    1.3   0.0   429   454   261   286   196   357 0.68 -
h2tg000033l:994918-983409   -            709 28791at71240         -            524    0.0087   14.4   0.2   1   2      0.46   3.9e+02   -0.9   0.0   253   295   485   527   470   548 0.49 -
h2tg000033l:994918-983409   -            709 28791at71240         -            524    0.0087   14.4   0.2   2   2   3.8e-05     0.032   12.6   0.0   448   504   593   649   574   655 0.79 -
h2tg000254l:24662-33607     -           1172 28791at71240         -            524     0.015   13.7   5.3   1   4     0.029        25    3.0   0.0   426   509    81   162    62   168 0.81 -
h2tg000254l:24662-33607     -           1172 28791at71240         -            524     0.015   13.7   5.3   2   4    0.0031       2.6    6.3   0.0    53   102   148   197   140   217 0.83 -
h2tg000254l:24662-33607     -           1172 28791at71240         -            524     0.015   13.7   5.3   3   4    0.0052       4.4    5.5   0.2   413   513   356   451   315   458 0.74 -
h2tg000254l:24662-33607     -           1172 28791at71240         -            524     0.015   13.7   5.3   4   4      0.53   4.5e+02   -1.1   0.0   449   501   716   768   656   780 0.68 -
h2tg000800l:431990-423045   -           1172 28791at71240         -            524     0.015   13.7   5.3   1   4     0.029        25    3.0   0.0   426   509    81   162    62   168 0.81 -
h2tg000800l:431990-423045   -           1172 28791at71240         -            524     0.015   13.7   5.3   2   4    0.0031       2.6    6.3   0.0    53   102   148   197   140   217 0.83 -
h2tg000800l:431990-423045   -           1172 28791at71240         -            524     0.015   13.7   5.3   3   4    0.0052       4.4    5.5   0.2   413   513   356   451   315   458 0.74 -
h2tg000800l:431990-423045   -           1172 28791at71240         -            524     0.015   13.7   5.3   4   4      0.53   4.5e+02   -1.1   0.0   449   501   716   768   656   780 0.68 -
#
# Program:         hmmsearch
# Version:         3.3.2 (Nov 2020)
# Pipeline mode:   SEARCH
# Query file:      /scratch/srb67793/Pelargonium/busco_downloads/lineages/eudicots_odb10/hmms/28791at71240.hmm
# Target file:     /scratch/srb67793/Pelargonium/P_citronellum_omnic-hap2-busco/run_eudicots_odb10/metaeuk_output/initial_results/P_citronellum_OmniC.hic.bp.hap1.p_ctg.fa.modified.fas
# Option settings: hmmsearch --domtblout /scratch/srb67793/Pelargonium/P_citronellum_omnic-hap2-busco/run_eudicots_odb10/hmmer_output/initial_run_results/28791at71240.out --cpu 1 /scratch/srb67793/Pelargonium/busco_downloads/lineages/eudicots_odb10/hmms/28791at71240.hmm /scratch/srb67793/Pelargonium/P_citronellum_omnic-hap2-busco/run_eudicots_odb10/metaeuk_output/initial_results/P_citronellum_OmniC.hic.bp.hap1.p_ctg.fa.modified.fas 
# Current dir:     /scratch/srb67793/Pelargonium
# Date:            Tue Jul 16 10:30:53 2024
# [ok]
