#                                                                                   --- full sequence --- -------------- this domain -------------   hmm coord   ali coord   env coord
# target name               accession   tlen query name           accession   qlen   E-value  score  bias   #  of  c-Evalue  i-Evalue  score  bias  from    to  from    to  from    to  acc description of target
#       ------------------- ---------- ----- -------------------- ---------- ----- --------- ------ ----- --- --- --------- --------- ------ ----- ----- ----- ----- ----- ----- ----- ---- ---------------------
h2tg000963l:125432-161170   -           5085 2at71240             -           3987         0 5197.4 129.8   1   9   6.8e-70     4e-67  225.4   0.2     1   203     3   274     3   286 0.81 -
h2tg000963l:125432-161170   -           5085 2at71240             -           3987         0 5197.4 129.8   2   9         0         0 2110.3   0.0   203  1391   328  1625   321  1631 0.92 -
h2tg000963l:125432-161170   -           5085 2at71240             -           3987         0 5197.4 129.8   3   9  8.4e-267    5e-264  879.0   1.0  1374  1840  1646  2156  1631  2176 0.91 -
h2tg000963l:125432-161170   -           5085 2at71240             -           3987         0 5197.4 129.8   4   9  6.8e-101   4.1e-98  328.3   0.7  1832  2056  2183  2437  2160  2442 0.90 -
h2tg000963l:125432-161170   -           5085 2at71240             -           3987         0 5197.4 129.8   5   9   2.1e-16   1.2e-13   47.9   0.0  2055  2098  2467  2510  2462  2521 0.92 -
h2tg000963l:125432-161170   -           5085 2at71240             -           3987         0 5197.4 129.8   6   9  5.2e-244  3.1e-241  803.3  52.8  2104  3139  2566  3821  2558  3835 0.78 -
h2tg000963l:125432-161170   -           5085 2at71240             -           3987         0 5197.4 129.8   7   9   2.3e-62   1.4e-59  200.4  15.5  3112  3590  3865  4432  3850  4445 0.64 -
h2tg000963l:125432-161170   -           5085 2at71240             -           3987         0 5197.4 129.8   8   9   4.5e-16   2.7e-13   46.8  18.7  3446  3690  4444  4699  4436  4746 0.70 -
h2tg000963l:125432-161170   -           5085 2at71240             -           3987         0 5197.4 129.8   9   9  2.1e-174  1.2e-171  572.3   0.4  3679  3987  4755  5084  4739  5084 0.93 -
h2tg000794l:101427-70540    -           4250 2at71240             -           3987         0 4499.1 147.1   1   9         0         0 2021.8   0.2   566  1610     4  1133     2  1140 0.93 -
h2tg000794l:101427-70540    -           4250 2at71240             -           3987         0 4499.1 147.1   2   9   1.2e-85   6.9e-83  277.8   0.4  1679  1848  1143  1317  1137  1336 0.93 -
h2tg000794l:101427-70540    -           4250 2at71240             -           3987         0 4499.1 147.1   3   9  1.7e-105    1e-102  343.6   1.4  1842  2057  1355  1593  1315  1610 0.86 -
h2tg000794l:101427-70540    -           4250 2at71240             -           3987         0 4499.1 147.1   4   9   2.6e-15   1.6e-12   44.3   0.0  2055  2098  1622  1665  1617  1676 0.91 -
h2tg000794l:101427-70540    -           4250 2at71240             -           3987         0 4499.1 147.1   5   9   1.9e-60   1.1e-57  194.1  17.3  2105  2417  1722  2152  1688  2160 0.75 -
h2tg000794l:101427-70540    -           4250 2at71240             -           3987         0 4499.1 147.1   6   9  5.2e-198  3.1e-195  650.7  27.8  2464  3107  2159  2940  2154  2950 0.81 -
h2tg000794l:101427-70540    -           4250 2at71240             -           3987         0 4499.1 147.1   7   9  7.1e-104  4.2e-101  338.2  25.2  3108  3602  3010  3615  2999  3630 0.71 -
h2tg000794l:101427-70540    -           4250 2at71240             -           3987         0 4499.1 147.1   8   9   8.5e-24     5e-21   72.5  32.3  3451  3685  3604  3860  3600  3871 0.73 -
h2tg000794l:101427-70540    -           4250 2at71240             -           3987         0 4499.1 147.1   9   9    3e-177  1.8e-174  581.7   0.1  3683  3987  3926  4249  3914  4249 0.93 -
h2tg000278l:36891-31195     -            922 2at71240             -           3987   6.6e-05   18.9   0.0   1   2    0.0018       1.1    5.0   0.0   466   531   300   367   279   383 0.76 -
h2tg000278l:36891-31195     -            922 2at71240             -           3987   6.6e-05   18.9   0.0   2   2   1.6e-05    0.0095   11.8   0.0   228   330   645   753   628   772 0.75 -
h2tg000060l:190413-173282   -            576 2at71240             -           3987   7.8e-05   18.7   0.0   1   2     0.029        17    1.0   0.0   469   523    28    81    19    89 0.78 -
h2tg000060l:190413-173282   -            576 2at71240             -           3987   7.8e-05   18.7   0.0   2   2   1.7e-06     0.001   15.0   0.0   829   920   325   421   318   439 0.76 -
h2tg000060l:190278-179233   -            562 2at71240             -           3987   0.00015   17.8   0.0   1   2      0.03        18    0.9   0.0   470   523    12    64     4    72 0.78 -
h2tg000060l:190278-179233   -            562 2at71240             -           3987   0.00015   17.8   0.0   2   2   3.1e-06    0.0018   14.2   0.0   829   920   309   405   301   407 0.77 -
h2tg000131l:968320-971020   -            730 2at71240             -           3987   0.00024   17.1   0.0   1   2    0.0032       1.9    4.2   0.0   474   508   188   221   174   236 0.77 -
h2tg000131l:968320-971020   -            730 2at71240             -           3987   0.00024   17.1   0.0   2   2   3.3e-05      0.02   10.7   0.0   829   920   532   628   527   643 0.77 -
h2tg000251l:741-9000        -            923 2at71240             -           3987    0.0004   16.4   0.0   1   2    0.0099       5.9    2.5   0.1   471   511   301   340   282   366 0.78 -
h2tg000251l:741-9000        -            923 2at71240             -           3987    0.0004   16.4   0.0   2   2   1.8e-05     0.011   11.6   0.0   228   332   638   748   618   764 0.77 -
h2tg000809l:2300-10500      -            923 2at71240             -           3987   0.00048   16.1   0.0   1   2     0.011       6.6    2.4   0.0   471   511   301   340   283   366 0.78 -
h2tg000809l:2300-10500      -            923 2at71240             -           3987   0.00048   16.1   0.0   2   2     2e-05     0.012   11.5   0.0   228   332   638   748   618   764 0.77 -
h2tg000207l:506162-510346   -            592 2at71240             -           3987   0.00059   15.8   0.0   1   2       0.8   4.7e+02   -3.8   0.0  1106  1121    41    55    27    65 0.53 -
h2tg000207l:506162-510346   -            592 2at71240             -           3987   0.00059   15.8   0.0   2   2   1.9e-06    0.0011   14.9   0.0   829   920   340   436   335   458 0.79 -
h2tg000114l:278699-282524   -            609 2at71240             -           3987   0.00062   15.7   0.0   1   2      0.82   4.9e+02   -3.8   0.0  1106  1121    41    55    27    65 0.53 -
h2tg000114l:278699-282524   -            609 2at71240             -           3987   0.00062   15.7   0.0   2   2     2e-06    0.0012   14.8   0.0   829   920   356   452   351   473 0.80 -
h2tg000548l:112311-117662   -            885 2at71240             -           3987   0.00071   15.5   0.0   1   2     0.088        52   -0.6   0.0   484   509   264   288   244   303 0.79 -
h2tg000548l:112311-117662   -            885 2at71240             -           3987   0.00071   15.5   0.0   2   2   5.3e-06    0.0031   13.4   0.0   229   336   610   723   595   790 0.81 -
h2tg000841l:212647-208055   -            588 2at71240             -           3987    0.0026   13.7   0.0   1   1   7.1e-06    0.0042   13.0   0.0   230   318   336   431   321   460 0.61 -
h2tg000311l:221653-220928   -            242 2at71240             -           3987    0.0032   13.4   0.0   1   1   6.2e-06    0.0037   13.2   0.0  1767  1811    59   103    34   129 0.81 -
h2tg000775l:164368-157745   -            882 2at71240             -           3987    0.0048   12.8   0.0   1   2      0.29   1.7e+02   -2.3   0.0   484   509   280   304   266   306 0.77 -
h2tg000775l:164368-157745   -            882 2at71240             -           3987    0.0048   12.8   0.0   2   2   2.4e-05     0.014   11.2   0.0   229   336   597   710   585   741 0.76 -
h2tg000718l:288881-297750   -            108 2at71240             -           3987     0.012   11.4   0.0   1   1   2.2e-05     0.013   11.3   0.0   828   869    37    76    15    84 0.84 -
h2tg000223l:1080536-1079967 -             91 2at71240             -           3987     0.045    9.5   0.0   1   1   8.3e-05     0.049    9.4   0.0   828   869     3    42     1    50 0.85 -
h2tg000091l:757827-758123   -             99 2at71240             -           3987     0.065    9.0   0.0   1   1   0.00012     0.071    8.9   0.0  1767  1805    42    80    28    86 0.70 -
h2tg001499l:38555-43588     -            635 2at71240             -           3987     0.076    8.8   0.0   1   1   0.00017       0.1    8.4   0.0   472   501    20    49     3    75 0.85 -
h2tg001483l:27077-29292     -            228 2at71240             -           3987     0.095    8.5   0.0   1   1    0.0002      0.12    8.2   0.0  1746  1796    23    73    11    88 0.57 -
h2tg000286l:293464-294040   -             85 2at71240             -           3987     0.096    8.5   0.0   1   1   0.00016     0.096    8.5   0.0   226   248    20    42     7    68 0.69 -
h2tg000142l:525701-528600   -            228 2at71240             -           3987      0.12    8.2   0.0   1   1   0.00024      0.14    7.9   0.0  1464  1495    40    71    12    82 0.55 -
h2tg000297l:435739-435198   -             94 2at71240             -           3987      0.17    7.7   0.0   1   1   0.00027      0.16    7.7   0.0   226   248    27    49     8    72 0.79 -
h2tg000204l:127047-127790   -            248 2at71240             -           3987      0.21    7.3   0.0   1   1   0.00046      0.27    6.9   0.0   460   507    91   139    83   152 0.84 -
#
# Program:         hmmsearch
# Version:         3.3.2 (Nov 2020)
# Pipeline mode:   SEARCH
# Query file:      /scratch/srb67793/Pelargonium/busco_downloads/lineages/eudicots_odb10/hmms/2at71240.hmm
# Target file:     /scratch/srb67793/Pelargonium/P_citronellum_omnic-hap2-busco/run_eudicots_odb10/metaeuk_output/initial_results/P_citronellum_OmniC.hic.bp.hap1.p_ctg.fa.modified.fas
# Option settings: hmmsearch --domtblout /scratch/srb67793/Pelargonium/P_citronellum_omnic-hap2-busco/run_eudicots_odb10/hmmer_output/initial_run_results/2at71240.out --cpu 1 /scratch/srb67793/Pelargonium/busco_downloads/lineages/eudicots_odb10/hmms/2at71240.hmm /scratch/srb67793/Pelargonium/P_citronellum_omnic-hap2-busco/run_eudicots_odb10/metaeuk_output/initial_results/P_citronellum_OmniC.hic.bp.hap1.p_ctg.fa.modified.fas 
# Current dir:     /scratch/srb67793/Pelargonium
# Date:            Tue Jul 16 10:30:42 2024
# [ok]
