#                                                                                   --- full sequence --- -------------- this domain -------------   hmm coord   ali coord   env coord
# target name               accession   tlen query name           accession   qlen   E-value  score  bias   #  of  c-Evalue  i-Evalue  score  bias  from    to  from    to  from    to  acc description of target
#       ------------------- ---------- ----- -------------------- ---------- ----- --------- ------ ----- --- --- --------- --------- ------ ----- ----- ----- ----- ----- ----- ----- ---- ---------------------
h2tg000735l:66306-77246     -            794 40609at71240         -            447  1.2e-206  686.5  10.2   1   3   3.6e-27   1.6e-24   86.2   0.2     1    60    14    77    14    78 0.93 -
h2tg000735l:66306-77246     -            794 40609at71240         -            447  1.2e-206  686.5  10.2   2   3  1.9e-137  8.5e-135  449.7   0.1    88   323    78   330    77   340 0.95 -
h2tg000735l:66306-77246     -            794 40609at71240         -            447  1.2e-206  686.5  10.2   3   3   1.7e-48   7.7e-46  156.5   2.5   345   447   330   439   328   439 0.89 -
h2tg000018l:1336438-1342276 -            472 40609at71240         -            447  3.4e-199  661.9   4.7   1   1  8.6e-202  3.9e-199  661.7   4.7     1   446     2   469     2   470 0.94 -
h2tg000135l:1003582-1011221 -            508 40609at71240         -            447  9.4e-193  640.7  12.1   1   2  2.9e-120  1.3e-117  393.0   3.5     1   255     9   277     9   290 0.94 -
h2tg000135l:1003582-1011221 -            508 40609at71240         -            447  9.4e-193  640.7  12.1   2   2   8.5e-78   3.9e-75  253.0   1.4   249   446   304   504   295   505 0.93 -
h2tg000520l:1084019-905529  -            450 40609at71240         -            447  2.5e-166  553.6   5.8   1   2  8.9e-126    4e-123  411.2   0.1     2   298    16   325    15   327 0.94 -
h2tg000520l:1084019-905529  -            450 40609at71240         -            447  2.5e-166  553.6   5.8   2   2   6.9e-45   3.1e-42  144.6   2.3   331   447   326   448   325   448 0.94 -
h2tg000036l:1752764-1650282 -            447 40609at71240         -            447  9.6e-148  492.3   3.4   1   2  3.3e-113  1.5e-110  369.8   0.2     2   303    16   326    15   329 0.92 -
h2tg000036l:1752764-1650282 -            447 40609at71240         -            447  9.6e-148  492.3   3.4   2   2   3.5e-39   1.6e-36  125.8   0.4   332   446   324   444   322   445 0.95 -
h2tg000138l:2228504-2232010 -            431 40609at71240         -            447  8.4e-138  459.6  11.4   1   1  4.4e-138    2e-135  451.7  11.4     5   446     2   428     1   429 0.91 -
h2tg000391l:539161-540868   -            339 40609at71240         -            447  1.2e-135  452.5   7.9   1   3     2e-58   9.1e-56  189.2   0.4   115   219     1   103     1   121 0.97 -
h2tg000391l:539161-540868   -            339 40609at71240         -            447  1.2e-135  452.5   7.9   2   3   7.7e-41   3.5e-38  131.2   0.0   219   312   146   244   140   245 0.94 -
h2tg000391l:539161-540868   -            339 40609at71240         -            447  1.2e-135  452.5   7.9   3   3   4.7e-43   2.1e-40  138.5   0.8   350   447   242   334   241   334 0.95 -
h2tg000286l:850642-862716   -            451 40609at71240         -            447  1.3e-133  445.8   7.4   1   2  1.5e-117  6.9e-115  384.0   0.5     3   369    13   395    11   397 0.88 -
h2tg000286l:850642-862716   -            451 40609at71240         -            447  1.3e-133  445.8   7.4   2   2   3.1e-21   1.4e-18   66.6   1.4   396   445   394   444   392   446 0.92 -
h2tg000545l:334806-322926   -            390 40609at71240         -            447  7.4e-130  433.4   9.6   1   4   1.8e-32   8.2e-30  103.7   0.1     4    89     2    90     1    91 0.93 -
h2tg000545l:334806-322926   -            390 40609at71240         -            447  7.4e-130  433.4   9.6   2   4   2.2e-47   9.8e-45  152.8   0.0   109   216    87   194    86   207 0.93 -
h2tg000545l:334806-322926   -            390 40609at71240         -            447  7.4e-130  433.4   9.6   3   4   6.9e-14   3.1e-11   42.4   0.0   255   302   206   258   199   263 0.85 -
h2tg000545l:334806-322926   -            390 40609at71240         -            447  7.4e-130  433.4   9.6   4   4   3.4e-44   1.5e-41  142.3   1.2   326   447   260   387   257   387 0.94 -
h2tg000312l:564711-580082   -            390 40609at71240         -            447  1.2e-129  432.7   9.5   1   4   1.8e-32   8.2e-30  103.7   0.1     4    89     2    90     1    91 0.93 -
h2tg000312l:564711-580082   -            390 40609at71240         -            447  1.2e-129  432.7   9.5   2   4   2.2e-47   9.8e-45  152.8   0.0   109   216    87   194    86   207 0.93 -
h2tg000312l:564711-580082   -            390 40609at71240         -            447  1.2e-129  432.7   9.5   3   4   8.8e-14     4e-11   42.1   0.0   255   301   206   257   198   263 0.85 -
h2tg000312l:564711-580082   -            390 40609at71240         -            447  1.2e-129  432.7   9.5   4   4   6.1e-44   2.8e-41  141.5   1.3   328   447   262   387   258   387 0.94 -
h2tg000176l:179281-161291   -            426 40609at71240         -            447  2.8e-124  415.0  10.7   1   3   7.4e-20   3.3e-17   62.1   0.9     4    89    17    87    14    89 0.92 -
h2tg000176l:179281-161291   -            426 40609at71240         -            447  2.8e-124  415.0  10.7   2   3   5.2e-73   2.4e-70  237.3   0.2   112   300    87   291    85   295 0.91 -
h2tg000176l:179281-161291   -            426 40609at71240         -            447  2.8e-124  415.0  10.7   3   3   1.6e-37   7.1e-35  120.3   0.2   327   447   292   418   290   418 0.94 -
h2tg000176l:105176-137420   -            365 40609at71240         -            447  7.5e-124  413.6  19.0   1   4     1e-21   4.6e-19   68.2   1.6     4    88     2    70     1    73 0.96 -
h2tg000176l:105176-137420   -            365 40609at71240         -            447  7.5e-124  413.6  19.0   2   4   1.4e-78   6.2e-76  255.7   0.1   110   301    72   280    70   281 0.92 -
h2tg000176l:105176-137420   -            365 40609at71240         -            447  7.5e-124  413.6  19.0   3   4   1.1e-12   5.2e-10   38.4   0.0   329   366   279   316   278   318 0.95 -
h2tg000176l:105176-137420   -            365 40609at71240         -            447  7.5e-124  413.6  19.0   4   4   1.9e-19   8.6e-17   60.7   3.7   402   447   316   362   315   362 0.94 -
h2tg000225l:414138-441371   -            394 40609at71240         -            447  1.4e-119  399.5   2.4   1   1  3.6e-122  1.6e-119  399.3   2.4    62   446     1   391     1   392 0.94 -
h2tg000182l:235034-237500   -            365 40609at71240         -            447  7.3e-119  397.1  13.0   1   4   3.1e-12   1.4e-09   37.0   0.1     4    46     1    43     1    45 0.93 -
h2tg000182l:235034-237500   -            365 40609at71240         -            447  7.3e-119  397.1  13.0   2   4   5.4e-92   2.5e-89  299.8   0.1    64   300    39   287    38   288 0.93 -
h2tg000182l:235034-237500   -            365 40609at71240         -            447  7.3e-119  397.1  13.0   3   4   1.2e-05    0.0055   15.2   0.0   337   365   287   315   285   316 0.96 -
h2tg000182l:235034-237500   -            365 40609at71240         -            447  7.3e-119  397.1  13.0   4   4   8.3e-18   3.7e-15   55.3   3.0   400   446   315   362   314   363 0.93 -
h2tg000447l:60560-62947     -            391 40609at71240         -            447  8.1e-117  390.4  10.5   1   3   3.5e-12   1.6e-09   36.8   0.1     3    43     5    45     3    51 0.94 -
h2tg000447l:60560-62947     -            391 40609at71240         -            447  8.1e-117  390.4  10.5   2   3   2.9e-69   1.3e-66  224.9   0.2    88   299    55   271    47   272 0.90 -
h2tg000447l:60560-62947     -            391 40609at71240         -            447  8.1e-117  390.4  10.5   3   3   5.1e-42   2.3e-39  135.1   2.1   331   446   270   387   270   388 0.93 -
h2tg000036l:1949157-1944895 -            369 40609at71240         -            447  8.9e-115  383.7  12.3   1   4   3.7e-82   1.7e-79  267.4   1.2     2   217    23   218    22   224 0.97 -
h2tg000036l:1949157-1944895 -            369 40609at71240         -            447  8.9e-115  383.7  12.3   2   4   8.3e-11   3.8e-08   32.3   0.0   249   299   225   280   219   281 0.86 -
h2tg000036l:1949157-1944895 -            369 40609at71240         -            447  8.9e-115  383.7  12.3   3   4     1e-07   4.6e-05   22.1   0.0   330   365   280   315   279   319 0.96 -
h2tg000036l:1949157-1944895 -            369 40609at71240         -            447  8.9e-115  383.7  12.3   4   4   1.6e-20   7.1e-18   64.3   1.8   400   446   319   366   316   367 0.94 -
h2tg000463l:226774-228746   -            360 40609at71240         -            447  3.2e-109  365.4   1.2   1   2   2.6e-96   1.2e-93  314.1   0.0    62   365     1   315     1   316 0.91 -
h2tg000463l:226774-228746   -            360 40609at71240         -            447  3.2e-109  365.4   1.2   2   2     2e-16   8.9e-14   50.8   0.5   401   443   316   357   315   360 0.90 -
h2tg000176l:105948-109875   -            310 40609at71240         -            447  5.9e-109  364.5  10.0   1   4   1.4e-67   6.4e-65  219.4   0.0    64   216     1   152     1   157 0.96 -
h2tg000176l:105948-109875   -            310 40609at71240         -            447  5.9e-109  364.5  10.0   2   4   7.9e-16   3.6e-13   48.8   0.0   247   301   158   217   152   218 0.86 -
h2tg000176l:105948-109875   -            310 40609at71240         -            447  5.9e-109  364.5  10.0   3   4   2.4e-12   1.1e-09   37.4   0.0   329   365   216   252   215   256 0.95 -
h2tg000176l:105948-109875   -            310 40609at71240         -            447  5.9e-109  364.5  10.0   4   4   3.4e-20   1.5e-17   63.2   3.3   400   447   255   303   253   303 0.92 -
h2tg000737l:54001-55972     -            379 40609at71240         -            447  1.1e-107  360.3   5.4   1   2   1.3e-94     6e-92  308.5   0.1    58   366     1   323     1   326 0.88 -
h2tg000737l:54001-55972     -            379 40609at71240         -            447  1.1e-107  360.3   5.4   2   2   1.8e-17   8.1e-15   54.2   1.3   400   446   325   371   322   372 0.89 -
h2tg000561l:447781-451229   -            332 40609at71240         -            447    7e-105  351.1   0.1   1   1  1.7e-107  7.6e-105  350.9   0.1     4   304     1   315     1   332 0.92 -
h2tg000057l:688757-685841   -            389 40609at71240         -            447  1.4e-101  340.2   0.2   1   1  3.3e-102   1.5e-99  333.5   0.2    62   446     1   383     1   384 0.88 -
h2tg000557l:20455-17679     -            346 40609at71240         -            447   2.3e-93  313.1   1.6   1   3     2e-80   9.2e-78  261.7   0.0    64   301     1   252     1   254 0.92 -
h2tg000557l:20455-17679     -            346 40609at71240         -            447   2.3e-93  313.1   1.6   2   3   4.4e-06     0.002   16.7   0.0   338   369   253   284   251   286 0.91 -
h2tg000557l:20455-17679     -            346 40609at71240         -            447   2.3e-93  313.1   1.6   3   3   1.1e-11   4.9e-09   35.2   0.2   399   445   283   331   280   333 0.88 -
h2tg000945l:5478-16070      -            351 40609at71240         -            447   1.8e-92  310.1   1.9   1   3   1.5e-79   6.8e-77  258.8   0.0    64   301     1   257     1   259 0.91 -
h2tg000945l:5478-16070      -            351 40609at71240         -            447   1.8e-92  310.1   1.9   2   3   4.5e-06     0.002   16.7   0.0   338   369   258   289   256   291 0.91 -
h2tg000945l:5478-16070      -            351 40609at71240         -            447   1.8e-92  310.1   1.9   3   3   1.2e-11   5.6e-09   35.0   0.3   399   445   288   336   286   338 0.88 -
h2tg000038l:421674-424183   -            302 40609at71240         -            447     2e-82  277.1   0.0   1   1   5.1e-83   2.3e-80  270.3   0.0    64   366     1   302     1   302 0.91 -
h2tg000557l:6579-9381       -            319 40609at71240         -            447   8.1e-81  271.7   2.9   1   4   2.3e-60     1e-57  195.6   0.0    64   217     1   155     1   158 0.96 -
h2tg000557l:6579-9381       -            319 40609at71240         -            447   8.1e-81  271.7   2.9   2   4   3.5e-09   1.6e-06   26.9   0.0   251   304   157   215   154   218 0.85 -
h2tg000557l:6579-9381       -            319 40609at71240         -            447   8.1e-81  271.7   2.9   3   4   2.3e-06    0.0011   17.6   0.0   333   369   214   250   211   252 0.89 -
h2tg000557l:6579-9381       -            319 40609at71240         -            447   8.1e-81  271.7   2.9   4   4   7.4e-11   3.4e-08   32.4   0.2   399   445   249   298   247   300 0.86 -
h2tg000004l:543426-550889   -            359 40609at71240         -            447   9.3e-81  271.6   2.0   1   2   5.5e-70   2.5e-67  227.3   0.2    63   366     2   285     1   289 0.90 -
h2tg000004l:543426-550889   -            359 40609at71240         -            447   9.3e-81  271.6   2.0   2   2   3.8e-10   1.7e-07   30.1   0.1   396   443   287   335   285   339 0.84 -
h2tg000945l:28601-25129     -            319 40609at71240         -            447   3.6e-80  269.6   2.3   1   4   2.3e-60     1e-57  195.6   0.0    64   217     1   155     1   158 0.96 -
h2tg000945l:28601-25129     -            319 40609at71240         -            447   3.6e-80  269.6   2.3   2   4   3.5e-09   1.6e-06   26.9   0.0   251   304   157   215   154   218 0.85 -
h2tg000945l:28601-25129     -            319 40609at71240         -            447   3.6e-80  269.6   2.3   3   4   2.1e-05    0.0095   14.5   0.0   333   367   214   248   211   251 0.89 -
h2tg000945l:28601-25129     -            319 40609at71240         -            447   3.6e-80  269.6   2.3   4   4   6.7e-11     3e-08   32.6   0.2   399   445   249   298   247   300 0.86 -
h2tg000004l:548639-550194   -            211 40609at71240         -            447   2.3e-54  184.5   0.3   1   3   3.2e-43   1.5e-40  139.1   0.0   112   217     1   108     1   112 0.95 -
h2tg000004l:548639-550194   -            211 40609at71240         -            447   2.3e-54  184.5   0.3   2   3     2e-10   8.9e-08   31.0   0.0   251   321   110   184   107   185 0.86 -
h2tg000004l:548639-550194   -            211 40609at71240         -            447   2.3e-54  184.5   0.3   3   3   1.8e-05    0.0082   14.7   0.0   338   366   183   211   180   211 0.94 -
h2tg000393l:415783-425443   -            913 40609at71240         -            447   2.6e-31  108.6   1.3   1   4   1.2e-18   5.7e-16   58.0   0.0    64   188   161   289   141   318 0.85 -
h2tg000393l:415783-425443   -            913 40609at71240         -            447   2.6e-31  108.6   1.3   2   4       1.9   8.7e+02   -1.9   0.0   281   295   366   380   359   401 0.86 -
h2tg000393l:415783-425443   -            913 40609at71240         -            447   2.6e-31  108.6   1.3   3   4   1.7e-15   7.5e-13   47.7   0.0   338   443   403   502   380   506 0.83 -
h2tg000393l:415783-425443   -            913 40609at71240         -            447   2.6e-31  108.6   1.3   4   4       3.2   1.5e+03   -2.6   0.0    71    88   699   716   681   721 0.73 -
h2tg000046l:1052367-1059129 -            463 40609at71240         -            447     0.045   12.2   0.0   1   1   0.00015     0.068   11.6   0.0    28    82    52   103    32   116 0.80 -
#
# Program:         hmmsearch
# Version:         3.3.2 (Nov 2020)
# Pipeline mode:   SEARCH
# Query file:      /scratch/srb67793/Pelargonium/busco_downloads/lineages/eudicots_odb10/hmms/40609at71240.hmm
# Target file:     /scratch/srb67793/Pelargonium/P_citronellum_omnic-hap2-busco/run_eudicots_odb10/metaeuk_output/initial_results/P_citronellum_OmniC.hic.bp.hap1.p_ctg.fa.modified.fas
# Option settings: hmmsearch --domtblout /scratch/srb67793/Pelargonium/P_citronellum_omnic-hap2-busco/run_eudicots_odb10/hmmer_output/initial_run_results/40609at71240.out --cpu 1 /scratch/srb67793/Pelargonium/busco_downloads/lineages/eudicots_odb10/hmms/40609at71240.hmm /scratch/srb67793/Pelargonium/P_citronellum_omnic-hap2-busco/run_eudicots_odb10/metaeuk_output/initial_results/P_citronellum_OmniC.hic.bp.hap1.p_ctg.fa.modified.fas 
# Current dir:     /scratch/srb67793/Pelargonium
# Date:            Tue Jul 16 10:30:44 2024
# [ok]
