#                                                                                   --- full sequence --- -------------- this domain -------------   hmm coord   ali coord   env coord
# target name               accession   tlen query name           accession   qlen   E-value  score  bias   #  of  c-Evalue  i-Evalue  score  bias  from    to  from    to  from    to  acc description of target
#       ------------------- ---------- ----- -------------------- ---------- ----- --------- ------ ----- --- --- --------- --------- ------ ----- ----- ----- ----- ----- ----- ----- ---- ---------------------
h2tg000316l:92114-86666     -            512 45170at71240         -            451  2.6e-247  820.4   1.6   1   1  2.3e-249  3.6e-247  819.9   1.6     1   451     8   511     8   511 0.93 -
h2tg000023l:275057-277830   -            514 45170at71240         -            451  1.1e-152  508.5   1.1   1   1    9e-155  1.4e-152  508.1   1.1     1   450    10   506    10   507 0.87 -
h2tg000555l:180423-177750   -            505 45170at71240         -            451  4.7e-147  489.9   3.6   1   1  4.2e-149  6.6e-147  489.4   3.6     1   450    10   503    10   504 0.88 -
h2tg000336l:486655-488298   -            306 45170at71240         -            451   4.1e-41  140.7   8.2   1   1   3.5e-40   5.5e-38  130.4   8.2   165   449    13   306     6   306 0.89 -
h2tg001070l:279503-280123   -            207 45170at71240         -            451   2.3e-25   88.8   0.7   1   3   2.1e-09   3.3e-07   28.9   0.0   168   247     1    89     1    90 0.80 -
h2tg001070l:279503-280123   -            207 45170at71240         -            451   2.3e-25   88.8   0.7   2   3   3.1e-14   4.9e-12   44.8   0.2   162   249    46   133    32   136 0.94 -
h2tg001070l:279503-280123   -            207 45170at71240         -            451   2.3e-25   88.8   0.7   3   3   2.9e-08   4.6e-06   25.2   0.0   163   230   131   199   128   206 0.87 -
h2tg000169l:79349-85687     -            939 45170at71240         -            451     1e-24   86.6   8.7   1   8      0.46        73    1.4   0.1   387   410    69    92    24    98 0.50 -
h2tg000169l:79349-85687     -            939 45170at71240         -            451     1e-24   86.6   8.7   2   8      0.09        14    3.8   0.0   387   430    69   115    65   116 0.77 -
h2tg000169l:79349-85687     -            939 45170at71240         -            451     1e-24   86.6   8.7   3   8   7.2e-12   1.1e-09   37.0   0.0   168   280   102   215    95   225 0.92 -
h2tg000169l:79349-85687     -            939 45170at71240         -            451     1e-24   86.6   8.7   4   8       3.2   5.1e+02   -1.4   0.0   170   206   256   292   246   323 0.88 -
h2tg000169l:79349-85687     -            939 45170at71240         -            451     1e-24   86.6   8.7   5   8   2.6e-06   0.00041   18.7   0.0   206   282   393   467   369   507 0.81 -
h2tg000169l:79349-85687     -            939 45170at71240         -            451     1e-24   86.6   8.7   6   8     1e-05    0.0017   16.7   0.1   231   367   457   606   447   608 0.77 -
h2tg000169l:79349-85687     -            939 45170at71240         -            451     1e-24   86.6   8.7   7   8   1.6e-06   0.00025   19.5   0.3   169   287   532   649   494   653 0.72 -
h2tg000169l:79349-85687     -            939 45170at71240         -            451     1e-24   86.6   8.7   8   8   0.00054     0.085   11.1   0.1   169   242   616   689   610   697 0.92 -
h2tg000564l:391392-392264   -            291 45170at71240         -            451     1e-23   83.4   2.8   1   1   1.8e-24   2.8e-22   78.6   2.8   168   444     2   290     1   291 0.78 -
h2tg000393l:1259488-1261960 -            281 45170at71240         -            451   9.1e-21   73.6   2.1   1   1   6.8e-23   1.1e-20   73.4   2.1   158   421     4   264     1   275 0.86 -
h2tg000267l:258045-252324   -            887 45170at71240         -            451   1.5e-19   69.6   0.7   1   5   3.1e-05    0.0049   15.2   0.0   160   278    40   164    25   187 0.74 -
h2tg000267l:258045-252324   -            887 45170at71240         -            451   1.5e-19   69.6   0.7   2   5   3.8e-07     6e-05   21.5   1.6   165   276   327   440   289   448 0.77 -
h2tg000267l:258045-252324   -            887 45170at71240         -            451   1.5e-19   69.6   0.7   3   5     8e-06    0.0013   17.1   0.1   341   450   422   532   419   533 0.73 -
h2tg000267l:258045-252324   -            887 45170at71240         -            451   1.5e-19   69.6   0.7   4   5      0.24        38    2.4   0.0   171   213   545   587   542   592 0.90 -
h2tg000267l:258045-252324   -            887 45170at71240         -            451   1.5e-19   69.6   0.7   5   5    0.0084       1.3    7.2   0.0   319   374   586   644   576   652 0.72 -
h2tg000503l:207027-208704   -            556 45170at71240         -            451   9.7e-19   66.9   4.2   1   1   8.3e-21   1.3e-18   66.5   4.2   159   449   253   556   242   556 0.86 -
h2tg001557l:44494-46254     -            587 45170at71240         -            451   1.9e-18   66.0   4.3   1   1   1.7e-20   2.7e-18   65.5   4.3   159   449   284   587   273   587 0.86 -
h2tg000062l:193933-194820   -            296 45170at71240         -            451   2.3e-18   65.7   6.9   1   3    0.0021      0.33    9.2   0.0   206   251     5    50     2    55 0.91 -
h2tg000062l:193933-194820   -            296 45170at71240         -            451   2.3e-18   65.7   6.9   2   3   3.9e-07   6.2e-05   21.4   0.6   185   252    69   136    57   144 0.81 -
h2tg000062l:193933-194820   -            296 45170at71240         -            451   2.3e-18   65.7   6.9   3   3   5.2e-12   8.2e-10   37.5   0.3   305   448   145   295   140   296 0.78 -
h2tg000065l:254864-242790   -            469 45170at71240         -            451   6.1e-18   64.3   1.3   1   3   1.2e-06    0.0002   19.8   0.0   147   202   101   156    96   167 0.92 -
h2tg000065l:254864-242790   -            469 45170at71240         -            451   6.1e-18   64.3   1.3   2   3   9.4e-05     0.015   13.6   0.0   301   368   186   258   177   264 0.86 -
h2tg000065l:254864-242790   -            469 45170at71240         -            451   6.1e-18   64.3   1.3   3   3   7.2e-09   1.1e-06   27.2   1.0   178   323   312   462   296   467 0.78 -
h2tg000057l:229846-225854   -            438 45170at71240         -            451   9.3e-18   63.7   3.3   1   2   3.9e-07   6.1e-05   21.5   0.1   416   450   136   170   127   171 0.90 -
h2tg000057l:229846-225854   -            438 45170at71240         -            451   9.3e-18   63.7   3.3   2   2   2.8e-14   4.4e-12   45.0   1.4   198   444   168   432   167   438 0.79 -
h2tg000939l:115525-105034   -            494 45170at71240         -            451   1.7e-16   59.6   3.3   1   4       6.2   9.9e+02   -2.3   0.1   123   140    58    75     2   114 0.60 -
h2tg000939l:115525-105034   -            494 45170at71240         -            451   1.7e-16   59.6   3.3   2   4   2.7e-05    0.0043   15.4   0.0   177   250   199   280   175   285 0.77 -
h2tg000939l:115525-105034   -            494 45170at71240         -            451   1.7e-16   59.6   3.3   3   4   7.7e-14   1.2e-11   43.6   0.2   170   329   285   452   281   472 0.86 -
h2tg000939l:115525-105034   -            494 45170at71240         -            451   1.7e-16   59.6   3.3   4   4       0.3        47    2.0   0.1   181   241   431   492   425   493 0.86 -
h2tg000561l:168054-168887   -            278 45170at71240         -            451   4.4e-16   58.2   7.9   1   3    0.0062      0.98    7.6   0.0   225   253     6    34     1    42 0.88 -
h2tg000561l:168054-168887   -            278 45170at71240         -            451   4.4e-16   58.2   7.9   2   3   1.3e-06   0.00021   19.7   1.1   186   251    51   117    40   124 0.79 -
h2tg000561l:168054-168887   -            278 45170at71240         -            451   4.4e-16   58.2   7.9   3   3   6.1e-11   9.6e-09   34.0   0.2   307   445   129   274   122   278 0.80 -
h2tg000066l:691192-690533   -            220 45170at71240         -            451   1.8e-15   56.1   6.0   1   4   0.00077      0.12   10.6   0.1   412   450     4    42     2    43 0.94 -
h2tg000066l:691192-690533   -            220 45170at71240         -            451   1.8e-15   56.1   6.0   2   4   1.8e-06   0.00028   19.3   0.1   414   450    49    85    44    86 0.89 -
h2tg000066l:691192-690533   -            220 45170at71240         -            451   1.8e-15   56.1   6.0   3   4    0.0016      0.26    9.5   0.1   416   450    94   128    87   129 0.93 -
h2tg000066l:691192-690533   -            220 45170at71240         -            451   1.8e-15   56.1   6.0   4   4   2.4e-08   3.8e-06   25.5   0.6   386   450   103   172    98   173 0.86 -
h2tg000119l:1358269-1362649 -            548 45170at71240         -            451   1.6e-13   49.8   1.9   1   3   3.9e-13   6.1e-11   41.2   0.3   150   284    42   184    37   195 0.84 -
h2tg000119l:1358269-1362649 -            548 45170at71240         -            451   1.6e-13   49.8   1.9   2   3       3.8   5.9e+02   -1.6   0.0   220   231   234   245   199   250 0.73 -
h2tg000119l:1358269-1362649 -            548 45170at71240         -            451   1.6e-13   49.8   1.9   3   3      0.12        19    3.3   0.0   171   198   335   362   315   376 0.77 -
h2tg000469l:62216-60511     -            301 45170at71240         -            451   1.7e-13   49.7  14.3   1   4   0.00041     0.065   11.5   0.0   416   450     6    39     2    40 0.88 -
h2tg000469l:62216-60511     -            301 45170at71240         -            451   1.7e-13   49.7  14.3   2   4   1.8e-09   2.8e-07   29.1   2.8   164   295    47   191    41   197 0.77 -
h2tg000469l:62216-60511     -            301 45170at71240         -            451   1.7e-13   49.7  14.3   3   4      0.11        17    3.5   0.1   186   225   177   220   171   225 0.86 -
h2tg000469l:62216-60511     -            301 45170at71240         -            451   1.7e-13   49.7  14.3   4   4   8.6e-05     0.014   13.7   1.7   185   241   226   285   204   298 0.75 -
h2tg000250l:103674-102772   -            301 45170at71240         -            451   1.9e-13   49.5  13.1   1   4    0.0005     0.078   11.2   0.0   415   450     5    39     2    40 0.86 -
h2tg000250l:103674-102772   -            301 45170at71240         -            451   1.9e-13   49.5  13.1   2   4     2e-09   3.1e-07   29.0   1.5   164   295    47   191    40   193 0.73 -
h2tg000250l:103674-102772   -            301 45170at71240         -            451   1.9e-13   49.5  13.1   3   4      0.09        14    3.8   0.1   186   225   177   220   170   223 0.86 -
h2tg000250l:103674-102772   -            301 45170at71240         -            451   1.9e-13   49.5  13.1   4   4   0.00018     0.028   12.7   2.2   184   242   225   286   204   297 0.78 -
h2tg000131l:1267915-1273935 -            937 45170at71240         -            451   2.2e-13   49.3   0.0   1   3   0.00014     0.021   13.1   0.0   160   244    51   135    44   141 0.93 -
h2tg000131l:1267915-1273935 -            937 45170at71240         -            451   2.2e-13   49.3   0.0   2   3   0.00034     0.053   11.8   0.0   164   245   139   227   132   232 0.82 -
h2tg000131l:1267915-1273935 -            937 45170at71240         -            451   2.2e-13   49.3   0.0   3   3   8.4e-07   0.00013   20.4   0.1   169   242   236   308   229   317 0.82 -
h2tg000033l:741203-736485   -            293 45170at71240         -            451   5.5e-13   48.0   2.8   1   3   2.9e-11   4.6e-09   35.1   0.6   169   281    16   133     4   139 0.83 -
h2tg000033l:741203-736485   -            293 45170at71240         -            451   5.5e-13   48.0   2.8   2   3       1.3     2e+02   -0.0   0.0   393   432   160   200   112   217 0.59 -
h2tg000033l:741203-736485   -            293 45170at71240         -            451   5.5e-13   48.0   2.8   3   3    0.0012      0.19    9.9   0.0   178   442   228   283   213   285 0.56 -
h2tg000058l:329073-340405   -            758 45170at71240         -            451   5.7e-13   47.9   1.1   1   2   3.4e-05    0.0054   15.0   0.0   417   450    46    78    36    79 0.90 -
h2tg000058l:329073-340405   -            758 45170at71240         -            451   5.7e-13   47.9   1.1   2   2   6.3e-10     1e-07   30.6   0.1   371   451   614   697   609   697 0.86 -
h2tg000138l:2771302-2771054 -             83 45170at71240         -            451   1.1e-12   47.0   3.6   1   2   2.2e-05    0.0036   15.6   0.1   414   450     7    42     3    43 0.85 -
h2tg000138l:2771302-2771054 -             83 45170at71240         -            451   1.1e-12   47.0   3.6   2   2   4.8e-12   7.6e-10   37.6   0.8   385   449    17    83    12    83 0.88 -
h2tg000138l:2292483-2291950 -            178 45170at71240         -            451   1.3e-12   46.8   4.0   1   2   7.2e-05     0.011   14.0   0.1   169   225     9    67     3    71 0.80 -
h2tg000138l:2292483-2291950 -            178 45170at71240         -            451   1.3e-12   46.8   4.0   2   2   1.9e-12   2.9e-10   39.0   1.6   164   291    48   174    45   176 0.90 -
h2tg000297l:686380-685865   -            172 45170at71240         -            451   1.6e-12   46.5   0.8   1   3   2.2e-06   0.00034   19.0   0.1   397   450     8    63     2    64 0.80 -
h2tg000297l:686380-685865   -            172 45170at71240         -            451   1.6e-12   46.5   0.8   2   3   2.5e-07     4e-05   22.1   0.1   410   450    66   105    63   106 0.89 -
h2tg000297l:686380-685865   -            172 45170at71240         -            451   1.6e-12   46.5   0.8   3   3      0.18        29    2.8   0.0   416   446   141   170   135   172 0.80 -
h2tg000131l:894630-895136   -            169 45170at71240         -            451   7.2e-12   44.3   3.8   1   2   0.00027     0.043   12.1   0.1   171   225     2    58     1    63 0.73 -
h2tg000131l:894630-895136   -            169 45170at71240         -            451   7.2e-12   44.3   3.8   2   2   4.7e-12   7.4e-10   37.7   1.6   164   291    39   165    36   167 0.89 -
h2tg000512l:115822-115313   -            170 45170at71240         -            451   7.3e-12   44.3   1.6   1   1   3.2e-13   5.1e-11   41.5   1.6   170   328     3   170     1   170 0.87 -
h2tg000068l:1047153-1044165 -            236 45170at71240         -            451   1.7e-10   39.8   0.7   1   2   9.3e-07   0.00015   20.2   0.1   155   204    24    72    10    95 0.83 -
h2tg000068l:1047153-1044165 -            236 45170at71240         -            451   1.7e-10   39.8   0.7   2   2   3.3e-06   0.00052   18.4   0.1   393   449   172   232   140   234 0.79 -
h2tg000045l:1509088-1502036 -            435 45170at71240         -            451   1.9e-10   39.6   5.3   1   3   0.00063     0.099   10.9   0.1   207   248    96   138    30   155 0.65 -
h2tg000045l:1509088-1502036 -            435 45170at71240         -            451   1.9e-10   39.6   5.3   2   3   5.5e-05    0.0088   14.4   0.1   186   247   162   224   137   232 0.68 -
h2tg000045l:1509088-1502036 -            435 45170at71240         -            451   1.9e-10   39.6   5.3   3   3   5.8e-05    0.0092   14.3   0.1   169   449   309   426   301   428 0.45 -
h2tg000266l:504845-503883   -            321 45170at71240         -            451   3.8e-10   38.6   3.6   1   3      0.26        41    2.3   0.1   396   449    20    73    12    75 0.56 -
h2tg000266l:504845-503883   -            321 45170at71240         -            451   3.8e-10   38.6   3.6   2   3   1.1e-05    0.0018   16.6   0.2   171   242   106   177    89   194 0.90 -
h2tg000266l:504845-503883   -            321 45170at71240         -            451   3.8e-10   38.6   3.6   3   3   2.5e-06   0.00039   18.8   0.0   343   449   202   321   190   321 0.79 -
h2tg000016l:699877-700160   -             59 45170at71240         -            451   8.2e-10   37.5   0.0   1   1   5.4e-12   8.6e-10   37.5   0.0   398   451     3    59     1    59 0.90 -
h2tg000042l:572038-579765   -            465 45170at71240         -            451   9.9e-10   37.3   0.4   1   2   2.1e-06   0.00034   19.0   0.1   155   209   184   237   170   323 0.84 -
h2tg000042l:572038-579765   -            465 45170at71240         -            451   9.9e-10   37.3   0.4   2   2   1.2e-05    0.0019   16.5   0.0   393   449   401   461   383   463 0.76 -
h2tg000286l:8-8965          -            460 45170at71240         -            451   2.5e-09   35.9   0.6   1   2     1e-06   0.00016   20.1   0.3   155   235   175   253   169   309 0.76 -
h2tg000286l:8-8965          -            460 45170at71240         -            451   2.5e-09   35.9   0.6   2   2   7.7e-05     0.012   13.9   0.0   393   442   394   447   378   456 0.74 -
h2tg000246l:490019-490183   -             55 45170at71240         -            451   4.2e-09   35.2   1.4   1   1   8.3e-11   1.3e-08   33.5   1.4   397   449     1    55     1    55 0.90 -
h2tg000450l:444224-444060   -             55 45170at71240         -            451   4.2e-09   35.2   1.4   1   1   8.3e-11   1.3e-08   33.5   1.4   397   449     1    55     1    55 0.90 -
h2tg001306l:28496-28011     -            162 45170at71240         -            451   1.1e-08   33.8   0.8   1   2       5.6   8.8e+02   -2.1   0.0   418   432     8    22     4    33 0.82 -
h2tg001306l:28496-28011     -            162 45170at71240         -            451   1.1e-08   33.8   0.8   2   2     1e-10   1.6e-08   33.2   0.3   160   270    40   159    30   162 0.83 -
h2tg000018l:669632-668760   -            291 45170at71240         -            451   1.5e-08   33.4   7.6   1   3    0.0045      0.72    8.0   0.1   392   449    13    82     4    84 0.73 -
h2tg000018l:669632-668760   -            291 45170at71240         -            451   1.5e-08   33.4   7.6   2   3   1.2e-05     0.002   16.5   0.9   168   253   127   212   106   216 0.86 -
h2tg000018l:669632-668760   -            291 45170at71240         -            451   1.5e-08   33.4   7.6   3   3     0.043       6.8    4.8   0.0   417   450   260   290   254   291 0.81 -
h2tg000639l:391659-395050   -            701 45170at71240         -            451   1.6e-08   33.3   0.1   1   4     0.037       5.9    5.0   0.0   156   231   188   268   180   282 0.70 -
h2tg000639l:391659-395050   -            701 45170at71240         -            451   1.6e-08   33.3   0.1   2   4    0.0027      0.43    8.8   0.0   414   450   328   364   320   365 0.88 -
h2tg000639l:391659-395050   -            701 45170at71240         -            451   1.6e-08   33.3   0.1   3   4       5.5   8.7e+02   -2.1   0.0   388   413   390   415   384   415 0.64 -
h2tg000639l:391659-395050   -            701 45170at71240         -            451   1.6e-08   33.3   0.1   4   4   4.1e-05    0.0065   14.8   0.0   168   272   426   542   420   562 0.67 -
h2tg000717l:130827-130442   -            104 45170at71240         -            451   2.4e-08   32.7   1.2   1   1   1.9e-10   3.1e-08   32.3   1.2   394   450     9    67     4    82 0.89 -
h2tg000575l:57542-58333     -            264 45170at71240         -            451     3e-08   32.4   0.0   1   1   3.9e-10   6.1e-08   31.3   0.0   187   351     6   175     1   204 0.75 -
h2tg000711l:275676-275285   -            105 45170at71240         -            451     3e-08   32.3   1.6   1   1   2.4e-10   3.9e-08   32.0   1.6   394   450     9    67     4    88 0.90 -
h2tg000388l:432175-433149   -            325 45170at71240         -            451   7.4e-08   31.1   1.0   1   2    0.0008      0.13   10.5   0.3   186   234   126   174   119   193 0.81 -
h2tg000388l:432175-433149   -            325 45170at71240         -            451   7.4e-08   31.1   1.0   2   2   2.3e-06   0.00036   18.9   0.0   392   450   209   272   192   273 0.82 -
h2tg000884l:169480-169184   -             99 45170at71240         -            451   9.5e-08   30.7   0.2   1   1   6.7e-10   1.1e-07   30.6   0.2   170   251     3    93     1    98 0.82 -
h2tg000091l:864765-865139   -            125 45170at71240         -            451     1e-07   30.6   0.0   1   1   3.9e-09   6.2e-07   28.0   0.0   180   290     6   117     1   120 0.75 -
h2tg000438l:213525-208436   -            511 45170at71240         -            451   1.2e-07   30.3   0.1   1   3     0.012       1.9    6.7   0.0   200   248   141   190   124   195 0.74 -
h2tg000438l:213525-208436   -            511 45170at71240         -            451   1.2e-07   30.3   0.1   2   3   1.5e-06   0.00023   19.5   0.0   341   427   220   307   209   371 0.55 -
h2tg000438l:213525-208436   -            511 45170at71240         -            451   1.2e-07   30.3   0.1   3   3       3.8   6.1e+02   -1.6   0.0   388   426   348   388   344   394 0.71 -
h2tg000065l:877044-882170   -            518 45170at71240         -            451   1.6e-07   29.9   0.1   1   3    0.0068       1.1    7.5   0.0   191   248   132   192   123   197 0.79 -
h2tg000065l:877044-882170   -            518 45170at71240         -            451   1.6e-07   29.9   0.1   2   3   4.8e-05    0.0075   14.6   0.0   333   428   214   315   207   330 0.59 -
h2tg000065l:877044-882170   -            518 45170at71240         -            451   1.6e-07   29.9   0.1   3   3     5e-05    0.0079   14.5   0.0   164   276   258   368   249   376 0.82 -
h2tg000160l:122001-132690   -            904 45170at71240         -            451   5.4e-07   28.2   3.3   1   3    0.0006     0.094   11.0   0.2   331   450   130   253   103   254 0.74 -
h2tg000160l:122001-132690   -            904 45170at71240         -            451   5.4e-07   28.2   3.3   2   3    0.0026      0.41    8.8   0.0   210   331   220   346   211   359 0.78 -
h2tg000160l:122001-132690   -            904 45170at71240         -            451   5.4e-07   28.2   3.3   3   3    0.0001     0.016   13.5   0.9   211   365   471   626   453   634 0.73 -
h2tg000990l:70843-69851     -            331 45170at71240         -            451   5.5e-07   28.2   8.0   1   3       2.1   3.3e+02   -0.7   0.0   356   387    27    54     6    81 0.43 -
h2tg000990l:70843-69851     -            331 45170at71240         -            451   5.5e-07   28.2   8.0   2   3   3.4e-08   5.4e-06   24.9   3.3   169   285   118   238   108   261 0.82 -
h2tg000990l:70843-69851     -            331 45170at71240         -            451   5.5e-07   28.2   8.0   3   3     0.058       9.2    4.4   0.0   395   449   264   330   250   331 0.69 -
h2tg000847l:185880-193620   -            783 45170at71240         -            451   5.8e-07   28.1  11.2   1   7      0.11        17    3.5   0.1   394   432    25    65     6    74 0.78 -
h2tg000847l:185880-193620   -            783 45170at71240         -            451   5.8e-07   28.1  11.2   2   7     0.012       1.9    6.7   0.1   185   242    78   143    68   174 0.56 -
h2tg000847l:185880-193620   -            783 45170at71240         -            451   5.8e-07   28.1  11.2   3   7       0.3        47    2.1   0.0   427   450   228   252   177   253 0.64 -
h2tg000847l:185880-193620   -            783 45170at71240         -            451   5.8e-07   28.1  11.2   4   7       1.8   2.9e+02   -0.5   0.0   416   451   292   338   278   338 0.65 -
h2tg000847l:185880-193620   -            783 45170at71240         -            451   5.8e-07   28.1  11.2   5   7    0.0034      0.55    8.4   0.0   404   451   388   434   377   434 0.86 -
h2tg000847l:185880-193620   -            783 45170at71240         -            451   5.8e-07   28.1  11.2   6   7     0.003      0.48    8.6   0.0   169   226   635   695   598   720 0.76 -
h2tg000847l:185880-193620   -            783 45170at71240         -            451   5.8e-07   28.1  11.2   7   7       7.8   1.2e+03   -2.6   0.0   417   449   742   780   737   781 0.70 -
h2tg000298l:65596-60864     -            382 45170at71240         -            451   1.5e-06   26.7   0.3   1   3    0.0007      0.11   10.7   0.0   161   247     6    96     2   106 0.68 -
h2tg000298l:65596-60864     -            382 45170at71240         -            451   1.5e-06   26.7   0.3   2   3       8.7   1.4e+03   -2.8   0.0   354   368   178   192   154   199 0.55 -
h2tg000298l:65596-60864     -            382 45170at71240         -            451   1.5e-06   26.7   0.3   3   3    0.0001     0.016   13.5   0.0   405   449   332   375   307   377 0.77 -
h2tg000512l:411744-412775   -            344 45170at71240         -            451   1.7e-06   26.6   1.3   1   2    0.0014      0.22    9.8   0.1   187   225   152   190   144   219 0.80 -
h2tg000512l:411744-412775   -            344 45170at71240         -            451   1.7e-06   26.6   1.3   2   2   2.6e-05    0.0041   15.5   0.1   411   449   258   296   226   298 0.80 -
h2tg000615l:130362-131273   -            304 45170at71240         -            451   2.5e-06   26.0   3.3   1   2   2.2e-05    0.0035   15.7   1.5   169   277    93   206    83   228 0.77 -
h2tg000615l:130362-131273   -            304 45170at71240         -            451   2.5e-06   26.0   3.3   2   2   0.00092      0.15   10.3   0.1   388   450   233   303   182   304 0.75 -
h2tg000245l:955011-955934   -            308 45170at71240         -            451     6e-06   24.8   1.7   1   3       6.4     1e+03   -2.3   0.0   184   243     1    58     1    63 0.54 -
h2tg000245l:955011-955934   -            308 45170at71240         -            451     6e-06   24.8   1.7   2   3     0.025         4    5.6   0.2   387   450   107   169    91   170 0.81 -
h2tg000245l:955011-955934   -            308 45170at71240         -            451     6e-06   24.8   1.7   3   3     5e-06    0.0008   17.8   0.0   339   449   189   308   182   308 0.66 -
h2tg000619l:416825-417016   -             64 45170at71240         -            451   8.5e-06   24.3   0.0   1   1   5.4e-08   8.6e-06   24.3   0.0   171   233     1    63     1    64 0.91 -
h2tg000914l:93392-92748     -            215 45170at71240         -            451   9.5e-06   24.1   1.7   1   2   0.00088      0.14   10.4   0.5   189   242     1    53     1    73 0.80 -
h2tg000914l:93392-92748     -            215 45170at71240         -            451   9.5e-06   24.1   1.7   2   2   0.00024     0.037   12.3   0.0   340   429    75   170    68   178 0.80 -
h2tg000047l:153094-152420   -            225 45170at71240         -            451   1.3e-05   23.6   5.4   1   3     0.057         9    4.4   0.0   400   449     2    60     1    62 0.75 -
h2tg000047l:153094-152420   -            225 45170at71240         -            451   1.3e-05   23.6   5.4   2   3   1.4e-05    0.0023   16.3   1.7   163   251   100   188    84   191 0.82 -
h2tg000047l:153094-152420   -            225 45170at71240         -            451   1.3e-05   23.6   5.4   3   3     0.096        15    3.7   0.0   165   200   190   225   186   225 0.92 -
h2tg000158l:235865-236410   -            182 45170at71240         -            451   1.4e-05   23.5   0.3   1   1     1e-07   1.6e-05   23.4   0.3   166   245     3    87     1   140 0.85 -
h2tg000167l:213102-214055   -            318 45170at71240         -            451   1.5e-05   23.5   0.2   1   2    0.0047      0.75    8.0   0.1   194   246     2    56     1    68 0.81 -
h2tg000167l:213102-214055   -            318 45170at71240         -            451   1.5e-05   23.5   0.2   2   2    0.0015      0.24    9.6   0.0   178   311   177   303   162   312 0.65 -
h2tg000095l:55858-48739     -            449 45170at71240         -            451   2.1e-05   23.0   0.1   1   1   2.4e-07   3.8e-05   22.2   0.1   164   272   203   312   195   324 0.86 -
h2tg001100l:75408-102925    -           2427 45170at71240         -            451   2.2e-05   22.9   0.2   1   2   0.00045     0.071   11.4   0.0   160   199  1005  1042   982  1056 0.89 -
h2tg001100l:75408-102925    -           2427 45170at71240         -            451   2.2e-05   22.9   0.2   2   2    0.0028      0.44    8.8   0.0   175   271  1084  1185  1075  1204 0.77 -
h2tg000374l:1442350-1449427 -            474 45170at71240         -            451   2.4e-05   22.8   0.1   1   1   2.6e-07   4.1e-05   22.0   0.1   164   272   232   341   224   353 0.86 -
h2tg000410l:300761-300585   -             59 45170at71240         -            451   2.7e-05   22.6   0.0   1   1   1.7e-07   2.7e-05   22.6   0.0   178   233     3    58     1    59 0.92 -
h2tg000060l:675396-674404   -            331 45170at71240         -            451   3.4e-05   22.3   1.8   1   2   0.00044     0.069   11.4   0.2   187   242   136   193   129   204 0.77 -
h2tg000060l:675396-674404   -            331 45170at71240         -            451   3.4e-05   22.3   1.8   2   2    0.0013       0.2    9.9   0.1   412   449   243   280   201   282 0.79 -
h2tg000640l:587169-586510   -            220 45170at71240         -            451   4.4e-05   21.9   2.1   1   3   0.00012     0.019   13.3   0.3   181   250     9    77     5    82 0.81 -
h2tg000640l:587169-586510   -            220 45170at71240         -            451   4.4e-05   21.9   2.1   2   3     0.019       2.9    6.0   0.1   165   206    80   121    76   158 0.78 -
h2tg000640l:587169-586510   -            220 45170at71240         -            451   4.4e-05   21.9   2.1   3   3      0.47        74    1.4   0.0   187   217   146   179   132   215 0.50 -
h2tg000019l:408882-421201   -            745 45170at71240         -            451   5.4e-05   21.6   5.4   1   2   6.6e-05      0.01   14.1   3.7   183   410    29   256    12   263 0.73 -
h2tg000019l:408882-421201   -            745 45170at71240         -            451   5.4e-05   21.6   5.4   2   2     0.093        15    3.7   0.0   170   206   265   300   258   315 0.83 -
h2tg000694l:77690-77457     -             78 45170at71240         -            451   6.6e-05   21.4   0.0   1   1   9.4e-07   0.00015   20.2   0.0   381   449     6    78     2    78 0.83 -
h2tg000088l:899294-899944   -            217 45170at71240         -            451   7.7e-05   21.1   3.9   1   2   6.3e-06   0.00099   17.5   2.2   177   277     7   113     1   126 0.82 -
h2tg000088l:899294-899944   -            217 45170at71240         -            451   7.7e-05   21.1   3.9   2   2      0.11        18    3.4   0.0   395   449   145   211   130   213 0.73 -
h2tg000430l:691369-691566   -             66 45170at71240         -            451   9.4e-05   20.9   0.0   1   1   6.5e-07    0.0001   20.7   0.0   178   236     1    59     1    64 0.94 -
h2tg000070l:184690-185304   -            205 45170at71240         -            451   9.7e-05   20.8   0.9   1   3   0.00027     0.043   12.1   0.1   182   251    10    78     5    82 0.84 -
h2tg000070l:184690-185304   -            205 45170at71240         -            451   9.7e-05   20.8   0.9   2   3      0.02       3.1    5.9   0.0   165   206    80   121    77   143 0.79 -
h2tg000070l:184690-185304   -            205 45170at71240         -            451   9.7e-05   20.8   0.9   3   3      0.47        74    1.4   0.0   399   450   104   159    98   161 0.53 -
h2tg000134l:1935384-1931277 -            234 45170at71240         -            451   0.00017   20.0   1.0   1   2    0.0058      0.92    7.7   0.1   173   450    15    42     2    79 0.52 -
h2tg000134l:1935384-1931277 -            234 45170at71240         -            451   0.00017   20.0   1.0   2   2    0.0014      0.23    9.7   0.1   178   432   145   233   119   234 0.51 -
h2tg000019l:638813-639487   -            225 45170at71240         -            451   0.00021   19.7   5.1   1   2   0.00012     0.019   13.2   2.7   180   285    10   119     1   124 0.77 -
h2tg000019l:638813-639487   -            225 45170at71240         -            451   0.00021   19.7   5.1   2   2   0.00011     0.018   13.4   0.2   335   449    88   213    83   215 0.74 -
h2tg000754l:26620-26279     -            114 45170at71240         -            451   0.00067   18.0   0.0   1   1       1.5   2.4e+02   -0.3   0.0   337   366    85   114    73   114 0.87 -
h2tg000305l:68072-67416     -            219 45170at71240         -            451   0.00075   17.9   0.9   1   3      0.76   1.2e+02    0.7   0.0   212   235     5    28     1    61 0.63 -
h2tg000305l:68072-67416     -            219 45170at71240         -            451   0.00075   17.9   0.9   2   3      0.56        89    1.2   0.1   187   202    79    94    60   130 0.74 -
h2tg000305l:68072-67416     -            219 45170at71240         -            451   0.00075   17.9   0.9   3   3   0.00016     0.026   12.8   0.1   169   220   153   204   134   216 0.86 -
h2tg000537l:53804-54457     -            218 45170at71240         -            451    0.0012   17.2   3.6   1   2     0.021       3.4    5.8   0.3   185   241    20    75     3    94 0.64 -
h2tg000537l:53804-54457     -            218 45170at71240         -            451    0.0012   17.2   3.6   2   2   0.00061     0.097   10.9   0.3   346   428   104   186    88   217 0.47 -
h2tg000062l:172768-172031   -            246 45170at71240         -            451    0.0015   16.9   3.6   1   3    0.0091       1.4    7.0   0.1   393   450    96   155    59   156 0.72 -
h2tg000062l:172768-172031   -            246 45170at71240         -            451    0.0015   16.9   3.6   2   3     0.015       2.3    6.4   0.0   165   204   170   209   162   224 0.60 -
h2tg000062l:172768-172031   -            246 45170at71240         -            451    0.0015   16.9   3.6   3   3    0.0045      0.72    8.0   0.3   393   449   188   246   175   246 0.74 -
h2tg000863l:363476-366918   -            325 45170at71240         -            451    0.0035   15.6   0.0   1   1   5.5e-05    0.0087   14.4   0.0   159   208   267   316   243   322 0.88 -
h2tg000246l:490740-491204   -            155 45170at71240         -            451     0.005   15.1   0.1   1   1   3.9e-05    0.0061   14.9   0.1   414   450     3    38     1    82 0.88 -
h2tg000450l:443252-442755   -            166 45170at71240         -            451    0.0058   15.0   0.1   1   1   4.4e-05     0.007   14.7   0.1   414   450     3    38     1    82 0.88 -
h2tg000401l:513230-533592   -           1728 45170at71240         -            451    0.0058   14.9   2.6   1   3       5.4   8.6e+02   -2.1   0.1   436   448   280   292   264   304 0.58 -
h2tg000401l:513230-533592   -           1728 45170at71240         -            451    0.0058   14.9   2.6   2   3     0.023       3.6    5.7   0.0   157   182   372   397   362   408 0.85 -
h2tg000401l:513230-533592   -           1728 45170at71240         -            451    0.0058   14.9   2.6   3   3    0.0061      0.97    7.6   0.0   177   252   489   565   479   587 0.81 -
h2tg000153l:2671238-2677076 -            432 45170at71240         -            451    0.0095   14.2   1.1   1   3     0.089        14    3.8   0.1   387   423   206   242   183   273 0.75 -
h2tg000153l:2671238-2677076 -            432 45170at71240         -            451    0.0095   14.2   1.1   2   3    0.0032       0.5    8.6   0.1   207   243   287   323   242   328 0.62 -
h2tg000153l:2671238-2677076 -            432 45170at71240         -            451    0.0095   14.2   1.1   3   3       7.6   1.2e+03   -2.6   0.0   183   226   361   404   356   427 0.63 -
h2tg000854l:229176-237189   -           1500 45170at71240         -            451     0.021   13.1   3.0   1   5       8.7   1.4e+03   -2.8   0.0   410   426    52    68    34    89 0.72 -
h2tg000854l:229176-237189   -           1500 45170at71240         -            451     0.021   13.1   3.0   2   5      0.13        21    3.2   0.2   226   291    95   164    75   168 0.76 -
h2tg000854l:229176-237189   -           1500 45170at71240         -            451     0.021   13.1   3.0   3   5         1   1.6e+02    0.3   0.0    44    71   258   293   247   322 0.66 -
h2tg000854l:229176-237189   -           1500 45170at71240         -            451     0.021   13.1   3.0   4   5     0.016       2.5    6.3   0.0   186   227   587   628   531   661 0.90 -
h2tg000854l:229176-237189   -           1500 45170at71240         -            451     0.021   13.1   3.0   5   5       3.7   5.9e+02   -1.6   0.0   234   250   691   707   683   719 0.82 -
h2tg001160l:174795-178001   -            381 45170at71240         -            451     0.024   12.9   0.3   1   1   0.00024     0.038   12.2   0.3   178   292   124   236   118   252 0.83 -
h2tg000637l:75598-73849     -            331 45170at71240         -            451     0.035   12.4   0.1   1   3      0.61        97    1.0   0.0   397   449    45   104    39   106 0.75 -
h2tg000637l:75598-73849     -            331 45170at71240         -            451     0.035   12.4   0.1   2   3     0.067        11    4.2   0.0   187   243    92   148    62   159 0.82 -
h2tg000637l:75598-73849     -            331 45170at71240         -            451     0.035   12.4   0.1   3   3     0.014       2.2    6.4   0.1   302   450   122   279   118   280 0.53 -
h2tg000575l:595223-592433   -            390 45170at71240         -            451     0.045   12.0   7.6   1   3   0.00042     0.066   11.5   0.1   417   450    75   109    50   110 0.86 -
h2tg000575l:595223-592433   -            390 45170at71240         -            451     0.045   12.0   7.6   2   3      0.21        33    2.5   0.3   384   446   127   192   114   197 0.70 -
h2tg000575l:595223-592433   -            390 45170at71240         -            451     0.045   12.0   7.6   3   3      0.26        41    2.3   1.3   171   269   166   270   156   292 0.70 -
h2tg000835l:355136-295623   -            453 45170at71240         -            451      0.15   10.2   0.0   1   1    0.0013      0.21    9.8   0.0   258   280   428   450   424   453 0.84 -
#
# Program:         hmmsearch
# Version:         3.3.2 (Nov 2020)
# Pipeline mode:   SEARCH
# Query file:      /scratch/srb67793/Pelargonium/busco_downloads/lineages/eudicots_odb10/hmms/45170at71240.hmm
# Target file:     /scratch/srb67793/Pelargonium/P_citronellum_omnic-hap2-busco/run_eudicots_odb10/metaeuk_output/initial_results/P_citronellum_OmniC.hic.bp.hap1.p_ctg.fa.modified.fas
# Option settings: hmmsearch --domtblout /scratch/srb67793/Pelargonium/P_citronellum_omnic-hap2-busco/run_eudicots_odb10/hmmer_output/initial_run_results/45170at71240.out --cpu 1 /scratch/srb67793/Pelargonium/busco_downloads/lineages/eudicots_odb10/hmms/45170at71240.hmm /scratch/srb67793/Pelargonium/P_citronellum_omnic-hap2-busco/run_eudicots_odb10/metaeuk_output/initial_results/P_citronellum_OmniC.hic.bp.hap1.p_ctg.fa.modified.fas 
# Current dir:     /scratch/srb67793/Pelargonium
# Date:            Tue Jul 16 10:30:52 2024
# [ok]
