#                                                                                   --- full sequence --- -------------- this domain -------------   hmm coord   ali coord   env coord
# target name               accession   tlen query name           accession   qlen   E-value  score  bias   #  of  c-Evalue  i-Evalue  score  bias  from    to  from    to  from    to  acc description of target
#       ------------------- ---------- ----- -------------------- ---------- ----- --------- ------ ----- --- --- --------- --------- ------ ----- ----- ----- ----- ----- ----- ----- ---- ---------------------
h2tg000548l:100751-104676   -            480 48316at71240         -            404    8e-252  834.6   0.1   1   1  4.5e-255    1e-251  834.2   0.1     4   404    55   474    53   474 0.97 -
h2tg000060l:238256-234515   -            442 48316at71240         -            404  6.3e-244  808.5   0.0   1   1  3.5e-247  7.8e-244  808.2   0.0     5   404    16   437    13   437 0.96 -
h2tg000039l:3259846-3257583 -            256 48316at71240         -            404  1.8e-138  461.3   0.1   1   1  9.5e-142  2.2e-138  461.0   0.1   173   404     1   251     1   251 0.95 -
h2tg000881l:239444-234980   -            439 48316at71240         -            404  3.2e-119  397.9   0.0   1   1  1.8e-122  4.1e-119  397.5   0.0     7   402    41   437    36   438 0.93 -
h2tg000361l:619752-615668   -            432 48316at71240         -            404  1.8e-117  392.1   0.0   1   1  9.6e-121  2.2e-117  391.8   0.0    21   335    49   368    38   428 0.91 -
h2tg000717l:148237-148758   -            174 48316at71240         -            404     2e-13   49.5   0.1   1   2   9.2e-14   2.1e-10   39.5   0.0   129   184     1    55     1    64 0.89 -
h2tg000717l:148237-148758   -            174 48316at71240         -            404     2e-13   49.5   0.1   2   2   0.00033      0.75    8.0   0.1   243   263   154   174   150   174 0.94 -
#
# Program:         hmmsearch
# Version:         3.3.2 (Nov 2020)
# Pipeline mode:   SEARCH
# Query file:      /scratch/srb67793/Pelargonium/busco_downloads/lineages/eudicots_odb10/hmms/48316at71240.hmm
# Target file:     /scratch/srb67793/Pelargonium/P_citronellum_omnic-hap2-busco/run_eudicots_odb10/metaeuk_output/initial_results/P_citronellum_OmniC.hic.bp.hap1.p_ctg.fa.modified.fas
# Option settings: hmmsearch --domtblout /scratch/srb67793/Pelargonium/P_citronellum_omnic-hap2-busco/run_eudicots_odb10/hmmer_output/initial_run_results/48316at71240.out --cpu 1 /scratch/srb67793/Pelargonium/busco_downloads/lineages/eudicots_odb10/hmms/48316at71240.hmm /scratch/srb67793/Pelargonium/P_citronellum_omnic-hap2-busco/run_eudicots_odb10/metaeuk_output/initial_results/P_citronellum_OmniC.hic.bp.hap1.p_ctg.fa.modified.fas 
# Current dir:     /scratch/srb67793/Pelargonium
# Date:            Tue Jul 16 10:30:51 2024
# [ok]
