#                                                                                   --- full sequence --- -------------- this domain -------------   hmm coord   ali coord   env coord
# target name               accession   tlen query name           accession   qlen   E-value  score  bias   #  of  c-Evalue  i-Evalue  score  bias  from    to  from    to  from    to  acc description of target
#       ------------------- ---------- ----- -------------------- ---------- ----- --------- ------ ----- --- --- --------- --------- ------ ----- ----- ----- ----- ----- ----- ----- ---- ---------------------
h2tg000039l:2096118-2074510 -           1168 4933at71240          -            977         0 1808.2   0.9   1   4      0.45   4.7e+02   -2.3   0.0     3    21     1    19     1    26 0.89 -
h2tg000039l:2096118-2074510 -           1168 4933at71240          -            977         0 1808.2   0.9   2   4    0.0089       9.3    3.3   0.1    24    41    74    91    51    99 0.75 -
h2tg000039l:2096118-2074510 -           1168 4933at71240          -            977         0 1808.2   0.9   3   4         0         0 1642.7   0.0    37   867   120   979   114   993 0.97 -
h2tg000039l:2096118-2074510 -           1168 4933at71240          -            977         0 1808.2   0.9   4   4   1.7e-49   1.8e-46  157.9   0.0   878   977  1057  1159  1016  1159 0.88 -
h2tg000043l:5316823-5337241 -           1114 4933at71240          -            977         0 1735.2   0.0   1   3       0.3   3.1e+02   -1.7   0.0     2    21     1    20     1    22 0.93 -
h2tg000043l:5316823-5337241 -           1114 4933at71240          -            977         0 1735.2   0.0   2   3         0         0 1607.6   0.0    25   872    75   949    60   975 0.95 -
h2tg000043l:5316823-5337241 -           1114 4933at71240          -            977         0 1735.2   0.0   3   3   2.1e-39   2.2e-36  124.6   0.0   860   966   999  1114   955  1114 0.82 -
h2tg000259l:447316-430145   -           1076 4933at71240          -            977         0 1723.7   0.0   1   2         0         0 1597.0   0.0    25   872    37   911    25   938 0.95 -
h2tg000259l:447316-430145   -           1076 4933at71240          -            977         0 1723.7   0.0   2   2   1.7e-39   1.8e-36  124.9   0.0   859   966   960  1076   913  1076 0.81 -
h2tg000259l:588923-582083   -            696 4933at71240          -            977         0 1069.3   1.0   1   2  2.5e-286  2.7e-283  941.9   0.4   371   871     1   530     1   550 0.95 -
h2tg000259l:588923-582083   -            696 4933at71240          -            977         0 1069.3   1.0   2   2     1e-39   1.1e-36  125.6   0.0   860   966   581   696   537   696 0.82 -
h2tg000191l:552311-543590   -           1267 4933at71240          -            977   1.5e-40  138.4   0.1   1   2   1.7e-07   0.00018   18.9   0.0    81   167   372   454   362   460 0.91 -
h2tg000191l:552311-543590   -           1267 4933at71240          -            977   1.5e-40  138.4   0.1   2   2   3.6e-37   3.8e-34  117.2   0.2   681   864  1027  1216  1008  1225 0.85 -
h2tg000516l:349939-342760   -           1079 4933at71240          -            977   1.1e-25   89.2   0.0   1   2    0.0028       2.9    5.0   0.0    75   158   108   188   100   206 0.85 -
h2tg000516l:349939-342760   -           1079 4933at71240          -            977   1.1e-25   89.2   0.0   2   2   1.5e-26   1.6e-23   82.0   0.0   683   875   791   992   747  1037 0.83 -
h2tg000081l:1122217-1114701 -            956 4933at71240          -            977   1.7e-21   75.3   0.0   1   1   2.2e-24   2.3e-21   74.8   0.0   684   812   676   806   664   884 0.81 -
h2tg000013l:163230-158665   -            886 4933at71240          -            977   5.3e-21   73.6   0.0   1   1   7.3e-24   7.6e-21   73.1   0.0   683   931   440   688   429   709 0.79 -
h2tg001164l:76900-86625     -            722 4933at71240          -            977   3.8e-19   67.5   0.0   1   1   5.3e-22   5.5e-19   67.0   0.0   702   888   392   579   387   587 0.85 -
h2tg000367l:115646-129680   -           2314 4933at71240          -            977   6.1e-17   60.2   0.1   1   2       0.1   1.1e+02   -0.2   0.0    83   109   253   279   240   339 0.82 -
h2tg000367l:115646-129680   -           2314 4933at71240          -            977   6.1e-17   60.2   0.1   2   2   3.5e-19   3.7e-16   57.6   0.0   711   864   758   921   754   934 0.82 -
h2tg000512l:638940-628426   -            814 4933at71240          -            977   1.4e-13   49.1   0.0   1   1   1.9e-16     2e-13   48.6   0.0   680   884   571   771   534   782 0.87 -
h2tg000282l:251009-266994   -            779 4933at71240          -            977   2.5e-11   41.6   0.1   1   1   3.4e-14   3.5e-11   41.1   0.1   628   879   483   742   431   760 0.67 -
h2tg000431l:31280-29562     -            573 4933at71240          -            977       0.1    9.8   0.1   1   2     0.076        80    0.2   0.0   685   700    52    67    32    71 0.85 -
h2tg000431l:31280-29562     -            573 4933at71240          -            977       0.1    9.8   0.1   2   2    0.0007      0.73    7.0   0.0   672   711   373   411   351   436 0.79 -
#
# Program:         hmmsearch
# Version:         3.3.2 (Nov 2020)
# Pipeline mode:   SEARCH
# Query file:      /scratch/srb67793/Pelargonium/busco_downloads/lineages/eudicots_odb10/hmms/4933at71240.hmm
# Target file:     /scratch/srb67793/Pelargonium/P_citronellum_omnic-hap2-busco/run_eudicots_odb10/metaeuk_output/initial_results/P_citronellum_OmniC.hic.bp.hap1.p_ctg.fa.modified.fas
# Option settings: hmmsearch --domtblout /scratch/srb67793/Pelargonium/P_citronellum_omnic-hap2-busco/run_eudicots_odb10/hmmer_output/initial_run_results/4933at71240.out --cpu 1 /scratch/srb67793/Pelargonium/busco_downloads/lineages/eudicots_odb10/hmms/4933at71240.hmm /scratch/srb67793/Pelargonium/P_citronellum_omnic-hap2-busco/run_eudicots_odb10/metaeuk_output/initial_results/P_citronellum_OmniC.hic.bp.hap1.p_ctg.fa.modified.fas 
# Current dir:     /scratch/srb67793/Pelargonium
# Date:            Tue Jul 16 10:30:46 2024
# [ok]
