#                                                                                   --- full sequence --- -------------- this domain -------------   hmm coord   ali coord   env coord
# target name               accession   tlen query name           accession   qlen   E-value  score  bias   #  of  c-Evalue  i-Evalue  score  bias  from    to  from    to  from    to  acc description of target
#       ------------------- ---------- ----- -------------------- ---------- ----- --------- ------ ----- --- --- --------- --------- ------ ----- ----- ----- ----- ----- ----- ----- ---- ---------------------
h2tg001103l:115069-120938   -           1221 5171at71240          -            909         0 1614.6  48.7   1   7   6.5e-09   3.4e-06   25.0   0.1     1    30     2    31     2    39 0.93 -
h2tg001103l:115069-120938   -           1221 5171at71240          -            909         0 1614.6  48.7   2   7   0.00012     0.063   10.9   0.1    16    47    52    83    40    89 0.87 -
h2tg001103l:115069-120938   -           1221 5171at71240          -            909         0 1614.6  48.7   3   7   1.8e-07   9.5e-05   20.2   0.8    43    77   120   152   111   167 0.82 -
h2tg001103l:115069-120938   -           1221 5171at71240          -            909         0 1614.6  48.7   4   7   1.8e-36   9.3e-34  116.2  12.3    69   196   181   351   160   364 0.77 -
h2tg001103l:115069-120938   -           1221 5171at71240          -            909         0 1614.6  48.7   5   7         0         0 1173.4   0.2   191   729   378   936   373   949 0.97 -
h2tg001103l:115069-120938   -           1221 5171at71240          -            909         0 1614.6  48.7   6   7   5.2e-56   2.7e-53  180.8   7.6   722   845   983  1128   975  1136 0.89 -
h2tg001103l:115069-120938   -           1221 5171at71240          -            909         0 1614.6  48.7   7   7   3.3e-27   1.7e-24   85.6   0.0   832   909  1141  1220  1130  1220 0.86 -
h2tg000166l:61518-55639     -           1225 5171at71240          -            909         0 1612.4  49.3   1   7   6.5e-09   3.4e-06   25.0   0.1     1    30     2    31     2    39 0.93 -
h2tg000166l:61518-55639     -           1225 5171at71240          -            909         0 1612.4  49.3   2   7   0.00012     0.063   10.9   0.1    16    47    52    83    40    89 0.87 -
h2tg000166l:61518-55639     -           1225 5171at71240          -            909         0 1612.4  49.3   3   7   2.1e-07   0.00011   20.0   1.1    43    77   120   152   111   171 0.82 -
h2tg000166l:61518-55639     -           1225 5171at71240          -            909         0 1612.4  49.3   4   7   1.1e-36   5.9e-34  116.9  11.9    69   196   181   351   161   373 0.77 -
h2tg000166l:61518-55639     -           1225 5171at71240          -            909         0 1612.4  49.3   5   7         0         0 1176.9   0.4   191   729   378   936   370   948 0.97 -
h2tg000166l:61518-55639     -           1225 5171at71240          -            909         0 1612.4  49.3   6   7   3.9e-55   2.1e-52  177.9   7.8   722   845   987  1132   979  1136 0.88 -
h2tg000166l:61518-55639     -           1225 5171at71240          -            909         0 1612.4  49.3   7   7   1.5e-26   8.1e-24   83.3   0.0   832   909  1145  1224  1134  1224 0.85 -
h2tg000732l:116750-126798   -           1105 5171at71240          -            909  8.4e-102  341.4   3.1   1   2   1.1e-50   5.8e-48  163.2   0.3   198   520   359   680   348   690 0.86 -
h2tg000732l:116750-126798   -           1105 5171at71240          -            909  8.4e-102  341.4   3.1   2   2   1.9e-54   9.8e-52  175.7   0.2   491   743   683   936   677   964 0.80 -
h2tg000755l:220775-225915   -            873 5171at71240          -            909   8.8e-95  318.1   0.1   1   2   2.2e-42   1.2e-39  135.7   0.1   198   493   113   403   105   421 0.85 -
h2tg000755l:220775-225915   -            873 5171at71240          -            909   8.8e-95  318.1   0.1   2   2   1.2e-53   6.1e-51  173.1   0.0   530   694   511   679   494   712 0.92 -
h2tg000097l:1833776-1818980 -           2003 5171at71240          -            909   2.8e-94  316.5   1.2   1   2     7e-50   3.7e-47  160.6   0.8   199   519   406   707   388   721 0.84 -
h2tg000097l:1833776-1818980 -           2003 5171at71240          -            909   2.8e-94  316.5   1.2   2   2   4.8e-47   2.5e-44  151.2   0.0   533   698   956  1125   946  1171 0.92 -
h2tg000760l:209837-211645   -            603 5171at71240          -            909   2.1e-78  264.0   0.2   1   1   2.1e-80   1.1e-77  261.6   0.2   207   666   143   596   129   602 0.88 -
h2tg000422l:427359-445068   -           1756 5171at71240          -            909   2.4e-76  257.1   2.8   1   1     1e-78   5.3e-76  256.0   2.8   207   680   602  1069   579  1093 0.86 -
h2tg000668l:40708-31270     -            920 5171at71240          -            909   1.7e-72  244.4   0.1   1   2   1.9e-33     1e-30  106.2   0.0   206   516   182   492   160   505 0.82 -
h2tg000668l:40708-31270     -            920 5171at71240          -            909   1.7e-72  244.4   0.1   2   2   9.3e-42   4.9e-39  133.7   0.0   521   705   524   719   514   747 0.84 -
h2tg000449l:56408-42433     -            774 5171at71240          -            909   1.4e-64  218.3   7.0   1   3   3.9e-07    0.0002   19.1   0.0   208   244   197   234   169   249 0.86 -
h2tg000449l:56408-42433     -            774 5171at71240          -            909   1.4e-64  218.3   7.0   2   3   5.9e-19   3.1e-16   58.2   1.2   242   512   259   517   254   541 0.74 -
h2tg000449l:56408-42433     -            774 5171at71240          -            909   1.4e-64  218.3   7.0   3   3   3.7e-43   1.9e-40  138.3   0.2   533   678   598   746   593   751 0.90 -
h2tg000083l:89938-73726     -           1405 5171at71240          -            909     7e-61  206.0   0.4   1   3     5e-23   2.6e-20   71.7   0.0   195   409   623   849   613   859 0.77 -
h2tg000083l:89938-73726     -           1405 5171at71240          -            909     7e-61  206.0   0.4   2   3   0.00054      0.28    8.7   0.0   411   518   881   992   864  1018 0.78 -
h2tg000083l:89938-73726     -           1405 5171at71240          -            909     7e-61  206.0   0.4   3   3   4.9e-38   2.6e-35  121.4   0.0   523   763  1028  1293  1021  1307 0.79 -
h2tg000068l:434990-445456   -            862 5171at71240          -            909   2.9e-59  200.6   0.0   1   1     8e-62   4.2e-59  200.1   0.0   208   679    32   519    16   541 0.82 -
h2tg000670l:264789-290744   -           2000 5171at71240          -            909   2.1e-50  171.3   0.7   1   3   2.1e-12   1.1e-09   36.5   0.0   207   288  1447  1535  1435  1555 0.79 -
h2tg000670l:264789-290744   -           2000 5171at71240          -            909   2.1e-50  171.3   0.7   2   3   1.9e-12     1e-09   36.7   0.0   376   487  1561  1672  1550  1690 0.88 -
h2tg000670l:264789-290744   -           2000 5171at71240          -            909   2.1e-50  171.3   0.7   3   3   5.9e-30   3.1e-27   94.7   0.2   550   683  1780  1923  1776  1944 0.82 -
h2tg000516l:140754-142668   -            352 5171at71240          -            909   1.5e-44  151.9   0.0   1   4   3.9e-06    0.0021   15.8   0.0   236   283     1    49     1    60 0.92 -
h2tg000516l:140754-142668   -            352 5171at71240          -            909   1.5e-44  151.9   0.0   2   4   7.1e-08   3.7e-05   21.6   0.0   327   385    71   129    63   132 0.88 -
h2tg000516l:140754-142668   -            352 5171at71240          -            909   1.5e-44  151.9   0.0   3   4     3e-11   1.5e-08   32.8   0.0   443   517   130   205   128   213 0.87 -
h2tg000516l:140754-142668   -            352 5171at71240          -            909   1.5e-44  151.9   0.0   4   4   7.6e-25     4e-22   77.7   0.0   532   628   252   352   240   352 0.94 -
h2tg000086l:1039688-1041295 -            536 5171at71240          -            909   2.9e-42  144.4   0.2   1   2   6.4e-17   3.4e-14   51.5   0.0   227   395    56   239     9   252 0.75 -
h2tg000086l:1039688-1041295 -            536 5171at71240          -            909   2.9e-42  144.4   0.2   2   2     8e-29   4.2e-26   90.9   0.0   531   671   387   536   334   536 0.89 -
h2tg000528l:111666-113294   -            543 5171at71240          -            909   4.9e-41  140.3   0.0   1   2   6.8e-16   3.6e-13   48.1   0.0   227   395    56   239    13   252 0.75 -
h2tg000528l:111666-113294   -            543 5171at71240          -            909   4.9e-41  140.3   0.0   2   2   1.5e-28   7.8e-26   90.0   0.0   532   672   388   537   356   542 0.90 -
h2tg000583l:402104-401031   -            358 5171at71240          -            909   6.3e-34  116.8   0.0   1   1   1.6e-36   8.2e-34  116.4   0.0   506   652    76   225    11   238 0.88 -
h2tg000286l:234424-232865   -            520 5171at71240          -            909   8.9e-28   96.4   0.0   1   2   2.3e-12   1.2e-09   36.4   0.0   222   401    43   221    11   227 0.81 -
h2tg000286l:234424-232865   -            520 5171at71240          -            909   8.9e-28   96.4   0.0   2   2   7.5e-19   3.9e-16   57.9   0.0   534   663   371   508   317   517 0.80 -
h2tg000941l:76053-74425     -            543 5171at71240          -            909     3e-23   81.5   0.0   1   2   1.9e-08   9.8e-06   23.5   0.0   227   393    39   222    33   232 0.73 -
h2tg000941l:76053-74425     -            543 5171at71240          -            909     3e-23   81.5   0.0   2   2     4e-18   2.1e-15   55.5   0.0   578   679   438   540   366   543 0.73 -
h2tg000165l:981277-982935   -            553 5171at71240          -            909   1.2e-22   79.5   0.0   1   2   4.7e-08   2.5e-05   22.2   0.0   228   393    54   236    41   246 0.74 -
h2tg000165l:981277-982935   -            553 5171at71240          -            909   1.2e-22   79.5   0.0   2   2   6.7e-18   3.5e-15   54.7   0.0   578   678   452   553   376   553 0.72 -
h2tg000928l:56618-72744     -           1668 5171at71240          -            909   7.4e-17   60.3   0.0   1   2   1.5e-07     8e-05   20.5   0.0   259   398   506   656   501   664 0.69 -
h2tg000928l:56618-72744     -           1668 5171at71240          -            909   7.4e-17   60.3   0.0   2   2   1.2e-12   6.2e-10   37.4   0.0   595   698  1528  1632  1462  1648 0.87 -
h2tg000131l:1243126-1222622 -           1091 5171at71240          -            909   1.8e-16   59.0   0.4   1   3      0.64   3.4e+02   -1.4   0.1   260   280   210   230   206   238 0.88 -
h2tg000131l:1243126-1222622 -           1091 5171at71240          -            909   1.8e-16   59.0   0.4   2   3     0.018       9.6    3.7   0.0   326   379   256   312   249   322 0.71 -
h2tg000131l:1243126-1222622 -           1091 5171at71240          -            909   1.8e-16   59.0   0.4   3   3     5e-17   2.6e-14   51.9   0.0   549   792   471   711   468   721 0.74 -
h2tg000068l:1016784-1017458 -            225 5171at71240          -            909   1.9e-11   42.4   0.0   1   1   4.1e-14   2.2e-11   42.2   0.0   228   403    23   196     4   217 0.81 -
h2tg000095l:1214554-1215225 -            224 5171at71240          -            909   4.7e-10   37.8   0.0   1   2    0.0055       2.9    5.4   0.0   260   295     1    39     1    51 0.70 -
h2tg000095l:1214554-1215225 -            224 5171at71240          -            909   4.7e-10   37.8   0.0   2   2   1.2e-10   6.2e-08   30.8   0.0   340   418   121   199    69   216 0.88 -
h2tg000374l:364832-364161   -            224 5171at71240          -            909   4.7e-10   37.8   0.0   1   2    0.0055       2.9    5.4   0.0   260   295     1    39     1    51 0.70 -
h2tg000374l:364832-364161   -            224 5171at71240          -            909   4.7e-10   37.8   0.0   2   2   1.2e-10   6.2e-08   30.8   0.0   340   418   121   199    69   216 0.88 -
h2tg000150l:625744-619838   -           1351 5171at71240          -            909   2.4e-08   32.1   0.2   1   3      0.18        97    0.4   0.0   227   247   363   383   358   388 0.90 -
h2tg000150l:625744-619838   -           1351 5171at71240          -            909   2.4e-08   32.1   0.2   2   3     0.084        44    1.5   0.0   325   384   787   853   779   882 0.72 -
h2tg000150l:625744-619838   -           1351 5171at71240          -            909   2.4e-08   32.1   0.2   3   3   3.8e-09     2e-06   25.8   0.0   551   664  1184  1299  1177  1303 0.84 -
h2tg000245l:778738-774179   -           1248 5171at71240          -            909   0.00013   19.8   0.0   1   2      0.39     2e+02   -0.7   0.0   228   247   336   355   333   359 0.89 -
h2tg000245l:778738-774179   -           1248 5171at71240          -            909   0.00013   19.8   0.0   2   2   1.4e-06   0.00073   17.3   0.0   587   664  1125  1200  1107  1225 0.81 -
#
# Program:         hmmsearch
# Version:         3.3.2 (Nov 2020)
# Pipeline mode:   SEARCH
# Query file:      /scratch/srb67793/Pelargonium/busco_downloads/lineages/eudicots_odb10/hmms/5171at71240.hmm
# Target file:     /scratch/srb67793/Pelargonium/P_citronellum_omnic-hap2-busco/run_eudicots_odb10/metaeuk_output/initial_results/P_citronellum_OmniC.hic.bp.hap1.p_ctg.fa.modified.fas
# Option settings: hmmsearch --domtblout /scratch/srb67793/Pelargonium/P_citronellum_omnic-hap2-busco/run_eudicots_odb10/hmmer_output/initial_run_results/5171at71240.out --cpu 1 /scratch/srb67793/Pelargonium/busco_downloads/lineages/eudicots_odb10/hmms/5171at71240.hmm /scratch/srb67793/Pelargonium/P_citronellum_omnic-hap2-busco/run_eudicots_odb10/metaeuk_output/initial_results/P_citronellum_OmniC.hic.bp.hap1.p_ctg.fa.modified.fas 
# Current dir:     /scratch/srb67793/Pelargonium
# Date:            Tue Jul 16 10:30:51 2024
# [ok]
