#                                                                                   --- full sequence --- -------------- this domain -------------   hmm coord   ali coord   env coord
# target name               accession   tlen query name           accession   qlen   E-value  score  bias   #  of  c-Evalue  i-Evalue  score  bias  from    to  from    to  from    to  acc description of target
#       ------------------- ---------- ----- -------------------- ---------- ----- --------- ------ ----- --- --- --------- --------- ------ ----- ----- ----- ----- ----- ----- ----- ---- ---------------------
h2tg000800l:288929-295743   -           1135 5180at71240          -            587  1.3e-250  832.7  46.1   1   6   1.1e-43   1.8e-40  138.7   0.6     1    72    99   170    99   179 0.96 -
h2tg000800l:288929-295743   -           1135 5180at71240          -            587  1.3e-250  832.7  46.1   2   6   1.6e-41   2.7e-38  131.5   1.0    68   175   241   368   237   377 0.87 -
h2tg000800l:288929-295743   -           1135 5180at71240          -            587  1.3e-250  832.7  46.1   3   6   5.4e-23   9.2e-20   70.3   0.7   154   225   393   465   371   470 0.90 -
h2tg000800l:288929-295743   -           1135 5180at71240          -            587  1.3e-250  832.7  46.1   4   6   5.1e-09   8.7e-06   24.2   0.6   228   306   543   621   535   630 0.85 -
h2tg000800l:288929-295743   -           1135 5180at71240          -            587  1.3e-250  832.7  46.1   5   6   7.2e-13   1.2e-09   36.9   0.1   282   348   689   761   681   796 0.74 -
h2tg000800l:288929-295743   -           1135 5180at71240          -            587  1.3e-250  832.7  46.1   6   6  6.7e-137  1.1e-133  446.5  12.5   296   587   826  1135   795  1135 0.83 -
h2tg000528l:196874-196356   -            173 5180at71240          -            587     7e-17   60.8   1.3   1   2   2.5e-07   0.00043   18.6   0.0   456   502     4    50     1    67 0.81 -
h2tg000528l:196874-196356   -            173 5180at71240          -            587     7e-17   60.8   1.3   2   2   2.9e-14     5e-11   41.5   0.4   514   584    83   165    74   168 0.79 -
h2tg000368l:152669-153190   -            174 5180at71240          -            587   1.8e-15   56.1   0.7   1   2   9.6e-06     0.016   13.4   0.0   462   517    10    58     1    80 0.73 -
h2tg000368l:152669-153190   -            174 5180at71240          -            587   1.8e-15   56.1   0.7   2   2   2.3e-14   3.9e-11   41.8   0.2   514   576    84   150    75   168 0.83 -
h2tg000374l:1505315-1505794 -            160 5180at71240          -            587   1.9e-12   46.2   0.2   1   2   5.2e-05     0.088   11.0   0.0   454   496     2    45     1    59 0.85 -
h2tg000374l:1505315-1505794 -            160 5180at71240          -            587   1.9e-12   46.2   0.2   2   2   6.8e-12   1.2e-08   33.7   0.0   517   586    79   156    72   157 0.79 -
h2tg000042l:358342-358863   -            174 5180at71240          -            587   9.2e-11   40.6   0.1   1   2   8.8e-05      0.15   10.2   0.0   460   489     8    37     1    54 0.79 -
h2tg000042l:358342-358863   -            174 5180at71240          -            587   9.2e-11   40.6   0.1   2   2   1.9e-10   3.3e-07   28.9   0.0   519   571    90   146    82   170 0.85 -
h2tg000245l:320023-319484   -            180 5180at71240          -            587   3.1e-10   38.9   0.0   1   2   0.00021      0.35    9.0   0.0   455   489     9    43     3    61 0.80 -
h2tg000245l:320023-319484   -            180 5180at71240          -            587   3.1e-10   38.9   0.0   2   2   3.6e-10   6.2e-07   28.0   0.0   517   571    94   152    87   164 0.82 -
h2tg000479l:545612-545986   -            125 5180at71240          -            587   3.5e-09   35.4   0.0   1   1   2.1e-12   3.5e-09   35.4   0.0   519   585    48   118     1   120 0.85 -
h2tg000418l:132726-138488   -            406 5180at71240          -            587     0.097   10.8   0.0   1   1   8.3e-05      0.14   10.3   0.0   528   570   212   254   199   259 0.93 -
#
# Program:         hmmsearch
# Version:         3.3.2 (Nov 2020)
# Pipeline mode:   SEARCH
# Query file:      /scratch/srb67793/Pelargonium/busco_downloads/lineages/eudicots_odb10/hmms/5180at71240.hmm
# Target file:     /scratch/srb67793/Pelargonium/P_citronellum_omnic-hap2-busco/run_eudicots_odb10/metaeuk_output/initial_results/P_citronellum_OmniC.hic.bp.hap1.p_ctg.fa.modified.fas
# Option settings: hmmsearch --domtblout /scratch/srb67793/Pelargonium/P_citronellum_omnic-hap2-busco/run_eudicots_odb10/hmmer_output/initial_run_results/5180at71240.out --cpu 1 /scratch/srb67793/Pelargonium/busco_downloads/lineages/eudicots_odb10/hmms/5180at71240.hmm /scratch/srb67793/Pelargonium/P_citronellum_omnic-hap2-busco/run_eudicots_odb10/metaeuk_output/initial_results/P_citronellum_OmniC.hic.bp.hap1.p_ctg.fa.modified.fas 
# Current dir:     /scratch/srb67793/Pelargonium
# Date:            Tue Jul 16 10:30:51 2024
# [ok]
