#                                                                                   --- full sequence --- -------------- this domain -------------   hmm coord   ali coord   env coord
# target name               accession   tlen query name           accession   qlen   E-value  score  bias   #  of  c-Evalue  i-Evalue  score  bias  from    to  from    to  from    to  acc description of target
#       ------------------- ---------- ----- -------------------- ---------- ----- --------- ------ ----- --- --- --------- --------- ------ ----- ----- ----- ----- ----- ----- ----- ---- ---------------------
h2tg000430l:418598-441428   -           1876 526at71240           -           1581         0 2845.6  48.9   1   4  1.5e-218  1.8e-216  721.4  13.4     1   417    29   493    29   497 0.93 -
h2tg000430l:418598-441428   -           1876 526at71240           -           1581         0 2845.6  48.9   2   4  1.8e-187  2.3e-185  618.3   5.1   421   743   536   884   524   892 0.94 -
h2tg000430l:418598-441428   -           1876 526at71240           -           1581         0 2845.6  48.9   3   4  2.4e-238  2.9e-236  787.0  12.5   737  1167   935  1384   924  1389 0.94 -
h2tg000430l:418598-441428   -           1876 526at71240           -           1581         0 2845.6  48.9   4   4  2.1e-218  2.5e-216  720.9   0.0  1170  1580  1424  1875  1414  1876 0.94 -
h2tg000430l:401399-440009   -           2432 526at71240           -           1581         0 2450.8  52.6   1   5   6.1e-83   7.4e-81  271.9   0.1     1   186   739   928   739   941 0.92 -
h2tg000430l:401399-440009   -           2432 526at71240           -           1581         0 2450.8  52.6   2   5    2e-123  2.5e-121  406.0   9.2   178   417   945  1178   934  1181 0.95 -
h2tg000430l:401399-440009   -           2432 526at71240           -           1581         0 2450.8  52.6   3   5  7.1e-188  8.7e-186  619.7   6.6   421   743  1221  1571  1209  1578 0.93 -
h2tg000430l:401399-440009   -           2432 526at71240           -           1581         0 2450.8  52.6   4   5  2.3e-211  2.8e-209  697.6  12.2   737  1162  1622  2040  1611  2049 0.93 -
h2tg000430l:401399-440009   -           2432 526at71240           -           1581         0 2450.8  52.6   5   5  9.1e-143  1.1e-140  470.2   0.1  1170  1497  2086  2432  2076  2432 0.92 -
h2tg001059l:162228-160483   -            582 526at71240           -           1581   4.5e-23   80.4   0.2   1   1   3.7e-25   4.5e-23   80.4   0.2   469   650    18   215     9   229 0.86 -
h2tg000100l:80516-82261     -            582 526at71240           -           1581   3.2e-21   74.2   0.0   1   1   4.7e-23   5.8e-21   73.4   0.0   459   647    46   244    27   270 0.80 -
h2tg000337l:62134-60335     -            600 526at71240           -           1581   1.6e-19   68.6   0.0   1   1   2.2e-21   2.7e-19   67.8   0.0   467   653    50   254    31   275 0.84 -
h2tg000344l:123536-124349   -            244 526at71240           -           1581   8.1e-18   63.0   0.0   1   1     9e-20   1.1e-17   62.5   0.0   439   646     3   222     2   235 0.79 -
h2tg000512l:245531-250285   -            917 526at71240           -           1581   1.5e-17   62.1   0.1   1   1     2e-19   2.4e-17   61.4   0.1   417   645   339   579   286   596 0.78 -
h2tg000098l:57139-56325     -            247 526at71240           -           1581     2e-17   61.6   0.0   1   1     2e-19   2.4e-17   61.4   0.0   439   639     3   215     2   234 0.77 -
h2tg000076l:313559-314438   -            264 526at71240           -           1581   3.2e-17   61.0   0.1   1   1   3.3e-19   4.1e-17   60.6   0.1   438   646    22   242     3   261 0.80 -
h2tg000372l:627021-629804   -            332 526at71240           -           1581     1e-16   59.3   0.0   1   1   9.4e-19   1.2e-16   59.1   0.0  1198  1365    88   272    69   324 0.79 -
h2tg000280l:1407441-1409366 -            642 526at71240           -           1581   1.6e-16   58.6   0.0   1   1   1.3e-18   1.6e-16   58.6   0.0  1208  1378    85   268    60   306 0.82 -
h2tg000363l:1248688-1250613 -            642 526at71240           -           1581   1.6e-16   58.6   0.0   1   1   1.3e-18   1.6e-16   58.6   0.0  1208  1378    85   268    60   306 0.82 -
h2tg001129l:117983-113844   -           1001 526at71240           -           1581   1.7e-16   58.6   0.7   1   2   1.9e-08   2.3e-06   25.0   0.1   458   598   344   483   314   498 0.77 -
h2tg001129l:117983-113844   -           1001 526at71240           -           1581   1.7e-16   58.6   0.7   2   2   1.5e-10   1.8e-08   32.0   0.1   471   619   821   976   791   999 0.82 -
h2tg000452l:73468-76593     -            579 526at71240           -           1581   1.7e-16   58.6   0.3   1   1   2.2e-18   2.7e-16   57.9   0.3   456   642   358   557   327   568 0.83 -
h2tg000454l:128284-127481   -            239 526at71240           -           1581   2.9e-16   57.8   0.1   1   1   2.9e-18   3.6e-16   57.5   0.1   455   655    18   232     8   239 0.82 -
h2tg000067l:47590-48422     -            249 526at71240           -           1581   3.6e-16   57.5   0.0   1   1   3.7e-18   4.5e-16   57.2   0.0   440   624     4   201     2   220 0.80 -
h2tg000753l:18748-20556     -            603 526at71240           -           1581   5.9e-16   56.8   0.1   1   1   6.5e-18     8e-16   56.4   0.1   468   653    13   217     3   223 0.81 -
h2tg000344l:125778-126802   -            313 526at71240           -           1581   5.9e-16   56.8   0.5   1   1   6.2e-18   7.6e-16   56.4   0.5   438   641    82   297    22   309 0.84 -
h2tg000640l:626987-624176   -            242 526at71240           -           1581     6e-16   56.8   0.0   1   1   5.8e-18   7.1e-16   56.5   0.0   453   661    16   239     3   242 0.78 -
h2tg000228l:46079-44301     -            593 526at71240           -           1581   6.4e-16   56.7   0.0   1   1   9.8e-18   1.2e-15   55.8   0.0   468   639    57   246    22   265 0.54 -
h2tg000076l:315962-316776   -            241 526at71240           -           1581   8.3e-16   56.3   0.1   1   1   7.7e-18   9.5e-16   56.1   0.1   439   642     3   218     1   240 0.79 -
h2tg000017l:98741-79607     -            243 526at71240           -           1581   9.3e-16   56.1   0.0   1   1   9.3e-18   1.1e-15   55.8   0.0   457   648    21   225     3   240 0.80 -
h2tg000147l:3828857-3824158 -            343 526at71240           -           1581   9.5e-16   56.1   0.0   1   1   9.6e-18   1.2e-15   55.8   0.0  1200  1364    90   270    69   296 0.79 -
h2tg000397l:945801-946517   -            239 526at71240           -           1581   9.6e-16   56.1   0.2   1   1   9.9e-18   1.2e-15   55.8   0.2   469   621    15   185     4   204 0.77 -
h2tg000055l:210647-209576   -            173 526at71240           -           1581   9.8e-16   56.1   0.2   1   1     1e-17   1.2e-15   55.7   0.2   469   606    16   165     6   170 0.74 -
h2tg000640l:613658-612796   -            247 526at71240           -           1581   1.3e-15   55.7   0.0   1   1   1.2e-17   1.5e-15   55.5   0.0   457   647    24   222     6   245 0.78 -
h2tg000485l:164927-166106   -            171 526at71240           -           1581   1.3e-15   55.6   0.2   1   1   1.3e-17   1.6e-15   55.4   0.2   469   607    15   164     5   169 0.78 -
h2tg000032l:130203-131297   -            365 526at71240           -           1581   2.1e-15   54.9   0.2   1   1     3e-17   3.7e-15   54.1   0.2   439   646   139   358   117   364 0.76 -
h2tg000017l:33352-32312     -            290 526at71240           -           1581     4e-15   54.0   0.0   1   1   4.2e-17   5.2e-15   53.7   0.0   458   647    73   275    42   287 0.79 -
h2tg000393l:73879-72832     -            246 526at71240           -           1581   4.7e-15   53.8   0.1   1   1   4.8e-17   5.8e-15   53.5   0.1   441   641    13   225     5   238 0.81 -
h2tg000728l:131329-129299   -            677 526at71240           -           1581   5.6e-15   53.5   0.2   1   1   6.5e-17     8e-15   53.0   0.2   467   653    75   280    63   286 0.80 -
h2tg000020l:242243-242999   -            221 526at71240           -           1581   6.4e-15   53.4   0.0   1   1   6.5e-17     8e-15   53.0   0.0   459   640    22   216     3   220 0.78 -
h2tg000302l:2196976-2197995 -            340 526at71240           -           1581   1.2e-14   52.5   0.1   1   2   3.4e-09   4.2e-07   27.4   0.0   441   536    81   175    50   205 0.80 -
h2tg000302l:2196976-2197995 -            340 526at71240           -           1581   1.2e-14   52.5   0.1   2   2     7e-08   8.6e-06   23.1   0.1   565   646   246   326   235   337 0.87 -
h2tg000017l:43898-43131     -            256 526at71240           -           1581   1.4e-14   52.2   0.0   1   1   1.5e-16   1.9e-14   51.8   0.0   457   647    40   243    10   252 0.78 -
h2tg000640l:612534-610721   -            576 526at71240           -           1581   1.6e-14   52.0   0.1   1   1   2.1e-16   2.6e-14   51.3   0.1   452   661   350   573   324   576 0.78 -
h2tg000089l:688729-686531   -            678 526at71240           -           1581   1.7e-14   52.0   0.1   1   1   2.2e-16   2.7e-14   51.3   0.1   465   646    80   280    59   289 0.79 -
h2tg000698l:30730-34989     -           1010 526at71240           -           1581   1.9e-14   51.8   0.2   1   2   8.4e-08     1e-05   22.8   0.1   428   601   296   471   272   477 0.75 -
h2tg000698l:30730-34989     -           1010 526at71240           -           1581   1.9e-14   51.8   0.2   2   2   5.5e-09   6.7e-07   26.8   0.0   471   619   841   981   812   993 0.84 -
h2tg000469l:479111-479902   -            264 526at71240           -           1581   2.6e-14   51.4   0.0   1   1     3e-16   3.7e-14   50.8   0.0   469   647    34   229    22   251 0.78 -
h2tg000555l:723936-721030   -            336 526at71240           -           1581   3.6e-14   50.9   0.0   1   1   3.6e-16   4.4e-14   50.6   0.0   457   612    99   273    60   287 0.67 -
h2tg000863l:143417-136512   -           1023 526at71240           -           1581   3.6e-14   50.9   0.1   1   2   2.6e-05    0.0032   14.6   0.0   458   598   401   541   384   546 0.76 -
h2tg000863l:143417-136512   -           1023 526at71240           -           1581   3.6e-14   50.9   0.1   2   2   3.6e-11   4.4e-09   34.0   0.0   467   600   816   961   797   989 0.82 -
h2tg000396l:203712-194776   -            602 526at71240           -           1581   6.8e-14   50.0   0.1   1   1   5.5e-16   6.8e-14   50.0   0.1   467   646    21   211     9   229 0.76 -
h2tg000296l:247520-248275   -            252 526at71240           -           1581   8.4e-14   49.6   0.0   1   1   8.8e-16   1.1e-13   49.3   0.0   469   647    24   219     9   239 0.78 -
h2tg000132l:326594-325863   -            244 526at71240           -           1581   1.1e-13   49.2   0.0   1   1   1.1e-15   1.4e-13   49.0   0.0   468   642    12   204     2   234 0.73 -
h2tg000292l:763169-760659   -            543 526at71240           -           1581   1.2e-13   49.1   0.1   1   1   1.4e-15   1.7e-13   48.6   0.1   470   643    14   201     4   213 0.79 -
h2tg000017l:77734-76379     -            452 526at71240           -           1581   1.4e-13   48.9   0.1   1   1   1.8e-15   2.2e-13   48.3   0.1  1210  1402   231   430   224   446 0.75 -
h2tg000734l:174599-181925   -            652 526at71240           -           1581   2.1e-13   48.3   0.4   1   2         6   7.4e+02   -3.2   0.1  1051  1075   209   233   181   236 0.79 -
h2tg000734l:174599-181925   -            652 526at71240           -           1581   2.1e-13   48.3   0.4   2   2   3.2e-15   3.9e-13   47.4   0.0   454   649   422   632   403   645 0.78 -
h2tg000017l:7258-6011       -            416 526at71240           -           1581   4.2e-13   47.3   0.0   1   1   4.5e-15   5.6e-13   46.9   0.0  1205  1398   189   389   155   406 0.75 -
h2tg000041l:87792-84175     -            515 526at71240           -           1581   4.3e-13   47.3   0.0   1   1   3.5e-15   4.3e-13   47.3   0.0   468   638    16   200     4   203 0.81 -
h2tg000144l:89474-90226     -            251 526at71240           -           1581   1.3e-12   45.7   0.2   1   2     2e-11   2.5e-09   34.8   0.0   454   600    17   177     6   178 0.78 -
h2tg000144l:89474-90226     -            251 526at71240           -           1581   1.3e-12   45.7   0.2   2   2   9.6e-06    0.0012   16.0   0.2  1318  1405   141   232   135   245 0.77 -
h2tg000203l:227608-228762   -            385 526at71240           -           1581   2.2e-12   44.9   0.0   1   1   2.7e-14   3.4e-12   44.3   0.0   452   646   159   366   139   378 0.81 -
h2tg000047l:630054-630998   -            248 526at71240           -           1581   2.4e-12   44.8   0.1   1   1   2.2e-14   2.7e-12   44.7   0.1   467   660    38   243     8   248 0.79 -
h2tg000017l:96829-95882     -            316 526at71240           -           1581   2.5e-12   44.8   0.2   1   1     3e-14   3.7e-12   44.2   0.2   431   660    71   315    57   316 0.77 -
h2tg000344l:154868-157908   -            184 526at71240           -           1581   2.6e-12   44.7   0.0   1   2   8.8e-07   0.00011   19.5   0.0   470   528    31    90     2    99 0.88 -
h2tg000344l:154868-157908   -            184 526at71240           -           1581   2.6e-12   44.7   0.0   2   2   3.4e-08   4.2e-06   24.1   0.1  1315  1386    97   170    91   182 0.65 -
h2tg000302l:2199082-2200383 -            434 526at71240           -           1581   2.7e-12   44.7   0.1   1   1     3e-14   3.6e-12   44.2   0.1  1209  1403   212   413   200   425 0.76 -
h2tg000512l:250409-251155   -            249 526at71240           -           1581   3.1e-12   44.4   0.1   1   1   8.2e-14     1e-11   42.8   0.1   453   646    16   228     3   243 0.76 -
h2tg000302l:2181568-2182731 -            388 526at71240           -           1581   3.3e-12   44.4   0.1   1   1   4.8e-14   5.8e-12   43.5   0.1   431   660   139   383   125   387 0.68 -
h2tg000068l:349405-344726   -           1160 526at71240           -           1581   3.7e-12   44.2   0.2   1   2   0.00086      0.11    9.5   0.0   458   597   524   663   505   674 0.58 -
h2tg000068l:349405-344726   -           1160 526at71240           -           1581   3.7e-12   44.2   0.2   2   2   1.2e-10   1.5e-08   32.3   0.1   459   623   975  1145   952  1155 0.78 -
h2tg000017l:31465-30161     -            435 526at71240           -           1581   3.8e-12   44.1   0.0   1   1   4.9e-14     6e-12   43.5   0.0  1211  1406   219   421   211   434 0.77 -
h2tg000430l:464843-463930   -            208 526at71240           -           1581   4.5e-12   43.9   0.0   1   1   5.2e-14   6.3e-12   43.4   0.0   517   622    61   184    21   198 0.80 -
h2tg000067l:48930-50510     -            500 526at71240           -           1581   5.6e-12   43.6   0.2   1   1   6.1e-14   7.5e-12   43.2   0.2   435   647   258   481   235   500 0.78 -
h2tg000632l:119409-147367   -           1018 526at71240           -           1581   5.7e-12   43.6   0.1   1   2    0.0016       0.2    8.6   0.0   469   599   424   550   405   564 0.52 -
h2tg000632l:119409-147367   -           1018 526at71240           -           1581   5.7e-12   43.6   0.1   2   2   8.9e-11   1.1e-08   32.7   0.0   459   609   838   987   771  1009 0.85 -
h2tg000144l:85392-89347     -            924 526at71240           -           1581   6.9e-12   43.3   0.1   1   1   9.6e-14   1.2e-11   42.5   0.1   439   645   369   588   297   607 0.75 -
h2tg000396l:347082-347795   -            238 526at71240           -           1581   7.1e-12   43.3   0.2   1   2   1.3e-09   1.6e-07   28.8   0.0   453   565    16   127     2   138 0.82 -
h2tg000396l:347082-347795   -            238 526at71240           -           1581   7.1e-12   43.3   0.2   2   2   7.5e-05    0.0091   13.1   0.1  1317  1414   140   234   130   238 0.81 -
h2tg000632l:142643-147367   -           1142 526at71240           -           1581   7.1e-12   43.3   0.2   1   2    0.0012      0.14    9.1   0.0   457   609   492   639   448   653 0.70 -
h2tg000632l:142643-147367   -           1142 526at71240           -           1581   7.1e-12   43.3   0.2   2   2   1.6e-10   1.9e-08   31.9   0.0   461   609   964  1111   954  1133 0.84 -
h2tg000577l:352235-351522   -            238 526at71240           -           1581   7.1e-12   43.3   0.1   1   2   3.8e-09   4.7e-07   27.3   0.0   453   565    16   127     2   137 0.82 -
h2tg000577l:352235-351522   -            238 526at71240           -           1581   7.1e-12   43.3   0.1   2   2   2.9e-05    0.0035   14.4   0.1  1317  1415   140   235   131   238 0.84 -
h2tg000322l:23600-26109     -            573 526at71240           -           1581   8.7e-12   43.0   0.1   1   1   9.2e-14   1.1e-11   42.6   0.1   439   656   337   568   321   573 0.78 -
h2tg000017l:58575-55884     -            387 526at71240           -           1581   1.1e-11   42.7   0.0   1   1   1.1e-13   1.4e-11   42.3   0.0  1211  1399   178   373   162   385 0.77 -
h2tg000768l:392421-404462   -            857 526at71240           -           1581   2.8e-11   41.3   0.0   1   1   3.7e-13   4.5e-11   40.6   0.0  1204  1365    87   262    35   279 0.77 -
h2tg000057l:707458-708213   -            252 526at71240           -           1581   2.8e-11   41.3   0.1   1   1   3.3e-13     4e-11   40.8   0.1   469   621    29   198    12   207 0.46 -
h2tg000017l:42419-41115     -            435 526at71240           -           1581   4.2e-11   40.7   0.0   1   1   4.8e-13   5.9e-11   40.2   0.0   462   651   220   425   203   435 0.45 -
h2tg001160l:36511-34195     -            495 526at71240           -           1581   4.4e-11   40.6   0.1   1   1   4.5e-13   5.6e-11   40.3   0.1   465   635   309   491   300   495 0.78 -
h2tg000639l:355094-348459   -            979 526at71240           -           1581   5.5e-11   40.3   0.1   1   2   0.00026     0.032   11.3   0.0   470   601   445   572   412   596 0.73 -
h2tg000639l:355094-348459   -            979 526at71240           -           1581   5.5e-11   40.3   0.1   2   2   5.6e-09   6.8e-07   26.7   0.1   471   616   821   957   806   969 0.82 -
h2tg000098l:55811-54247     -            492 526at71240           -           1581   1.1e-10   39.3   0.1   1   1   1.2e-12   1.4e-10   38.9   0.1   452   646   267   472   236   492 0.77 -
h2tg000396l:343258-344223   -            242 526at71240           -           1581   2.1e-10   38.4   0.0   1   2   7.5e-08   9.2e-06   23.0   0.0   452   535    15    98     2   134 0.80 -
h2tg000396l:343258-344223   -            242 526at71240           -           1581   2.1e-10   38.4   0.0   2   2   4.9e-05     0.006   13.7   0.0  1317  1417   139   235   132   241 0.77 -
h2tg001071l:50122-48342     -            479 526at71240           -           1581   2.1e-10   38.4   0.0   1   1   2.5e-12     3e-10   37.9   0.0   461   633   291   473   281   479 0.82 -
h2tg000939l:213284-215623   -            364 526at71240           -           1581   2.8e-10   38.0   0.6   1   3   4.7e-06   0.00058   17.0   0.1  1188  1249    28    92     3   167 0.68 -
h2tg000939l:213284-215623   -            364 526at71240           -           1581   2.8e-10   38.0   0.6   2   3    0.0037      0.45    7.4   0.0   559   597   191   229   177   263 0.87 -
h2tg000939l:213284-215623   -            364 526at71240           -           1581   2.8e-10   38.0   0.6   3   3   0.00036     0.044   10.8   0.0   425   500   294   363   256   364 0.66 -
h2tg000466l:114911-107101   -            876 526at71240           -           1581     3e-10   37.9   0.0   1   1   3.8e-12   4.6e-10   37.3   0.0  1214  1372   100   271    71   317 0.78 -
h2tg000632l:153549-125053   -           1039 526at71240           -           1581   3.7e-10   37.6   0.0   1   2    0.0045      0.55    7.2   0.0  1310  1362   518   570   443   620 0.76 -
h2tg000632l:153549-125053   -           1039 526at71240           -           1581   3.7e-10   37.6   0.0   2   2   1.9e-09   2.4e-07   28.3   0.0   461   608   865  1007   853  1025 0.82 -
h2tg000577l:355432-354401   -            264 526at71240           -           1581   4.3e-10   37.3   0.0   1   1   1.8e-11   2.2e-09   35.0   0.0   442   642    28   239    16   244 0.76 -
h2tg000203l:222575-226459   -            765 526at71240           -           1581   4.7e-10   37.2   0.0   1   1   5.6e-12   6.8e-10   36.7   0.0   465   644   300   492   243   508 0.77 -
h2tg001537l:3971-4429       -            153 526at71240           -           1581   4.8e-10   37.2   0.0   1   1   4.3e-12   5.3e-10   37.1   0.0   464   596    14   152     2   153 0.55 -
h2tg000244l:1126416-1120947 -            210 526at71240           -           1581   5.9e-10   36.9   0.1   1   1     9e-12   1.1e-09   36.0   0.1   469   622    43   186    33   210 0.61 -
h2tg000244l:1131663-1129339 -            257 526at71240           -           1581   9.7e-10   36.2   0.0   1   1   1.3e-11   1.6e-09   35.5   0.0  1267  1395    66   205    54   217 0.73 -
h2tg000442l:71534-75075     -            221 526at71240           -           1581   1.8e-09   35.3   0.1   1   1   4.7e-11   5.8e-09   33.6   0.1  1268  1397    57   198    15   211 0.69 -
h2tg000599l:23744-22089     -            552 526at71240           -           1581   1.9e-09   35.2   0.0   1   3      0.23        28    1.5   0.0  1214  1241    25    52    16    84 0.68 -
h2tg000599l:23744-22089     -            552 526at71240           -           1581   1.9e-09   35.2   0.0   2   3   0.00083       0.1    9.6   0.0   561   612   155   206   123   232 0.71 -
h2tg000599l:23744-22089     -            552 526at71240           -           1581   1.9e-09   35.2   0.0   3   3   9.7e-07   0.00012   19.3   0.0  1215  1350   358   489   351   504 0.69 -
h2tg000187l:34930-36916     -            508 526at71240           -           1581     2e-09   35.2   0.0   1   1   2.4e-11   2.9e-09   34.6   0.0  1212  1384   291   473   266   505 0.63 -
h2tg000601l:128023-81467    -            228 526at71240           -           1581     4e-09   34.2   0.0   1   1   4.2e-11   5.1e-09   33.8   0.0   471   641    15   190     6   198 0.78 -
h2tg001059l:56836-59106     -            270 526at71240           -           1581   9.4e-09   32.9   0.0   1   1   1.8e-08   2.2e-06   25.1   0.0   437   645     9   248     3   259 0.65 -
h2tg001160l:57165-54385     -            488 526at71240           -           1581   9.8e-09   32.9   0.1   1   1     1e-10   1.3e-08   32.5   0.1   467   626   306   476   295   488 0.76 -
h2tg000431l:31280-29562     -            573 526at71240           -           1581     1e-08   32.8   0.0   1   3      0.24        29    1.5   0.0  1213  1240    43    70    34   103 0.69 -
h2tg000431l:31280-29562     -            573 526at71240           -           1581     1e-08   32.8   0.0   2   3   0.00084       0.1    9.6   0.0   561   603   176   218   136   254 0.63 -
h2tg000431l:31280-29562     -            573 526at71240           -           1581     1e-08   32.8   0.0   3   3   4.3e-06   0.00053   17.2   0.0  1218  1350   382   510   373   533 0.60 -
h2tg000279l:114508-112142   -            213 526at71240           -           1581   1.1e-08   32.7   0.1   1   1   8.7e-11   1.1e-08   32.7   0.1   564   656   112   203    27   210 0.90 -
h2tg000682l:339117-340129   -            235 526at71240           -           1581   1.2e-08   32.6   0.0   1   1   1.3e-10   1.6e-08   32.2   0.0   478   598    42   180    34   226 0.75 -
h2tg000393l:899158-902955   -            359 526at71240           -           1581   1.2e-08   32.6   0.8   1   3   6.2e-07   7.7e-05   19.9   0.1  1197  1294     3   102     1   135 0.60 -
h2tg000393l:899158-902955   -            359 526at71240           -           1581   1.2e-08   32.6   0.8   2   3      0.34        42    0.9   0.0   559   599   157   195   141   227 0.78 -
h2tg000393l:899158-902955   -            359 526at71240           -           1581   1.2e-08   32.6   0.8   3   3    0.0015      0.19    8.7   0.0   456   499   282   325   239   341 0.79 -
h2tg000131l:498396-500544   -            232 526at71240           -           1581   2.6e-08   31.4   0.2   1   1   2.4e-10   2.9e-08   31.3   0.2   564   656   133   224    14   231 0.84 -
h2tg000187l:34264-34551     -             96 526at71240           -           1581   6.2e-08   30.2   0.0   1   1   5.4e-10   6.6e-08   30.1   0.0  1319  1386     1    68     1    95 0.74 -
h2tg000350l:394201-400741   -            739 526at71240           -           1581   1.1e-07   29.4   0.2   1   3      0.58        71    0.2   0.0  1216  1238   195   217   186   230 0.81 -
h2tg000350l:394201-400741   -            739 526at71240           -           1581   1.1e-07   29.4   0.2   2   3     0.056       6.9    3.5   0.0   559   592   332   365   307   372 0.68 -
h2tg000350l:394201-400741   -            739 526at71240           -           1581   1.1e-07   29.4   0.2   3   3   5.1e-07   6.2e-05   20.3   0.0  1210  1350   547   679   543   687 0.83 -
h2tg000322l:23123-23383     -             87 526at71240           -           1581   2.3e-07   28.3   0.1   1   1     2e-09   2.4e-07   28.2   0.1   565   626     1    62     1    83 0.70 -
h2tg000302l:2179774-2180028 -             85 526at71240           -           1581   4.4e-07   27.4   0.1   1   1   4.1e-09     5e-07   27.2   0.1   565   641     6    81     3    85 0.92 -
h2tg000267l:387863-447466   -            249 526at71240           -           1581   4.9e-07   27.2   0.0   1   1   4.8e-09   5.9e-07   26.9   0.0   470   622    33   187    24   218 0.74 -
h2tg000020l:245213-245488   -             92 526at71240           -           1581   5.9e-07   27.0   0.1   1   1   5.5e-09   6.8e-07   26.8   0.1   565   641     6    81     2    88 0.84 -
h2tg000454l:130183-129941   -             81 526at71240           -           1581   1.3e-06   25.8   0.1   1   1   1.1e-08   1.3e-06   25.8   0.1  1319  1387     1    71     1    81 0.57 -
h2tg000393l:75677-75432     -             82 526at71240           -           1581   2.2e-06   25.1   0.2   1   1   1.8e-08   2.3e-06   25.0   0.2   565   639     1    74     1    81 0.66 -
h2tg000344l:155349-155588   -             80 526at71240           -           1581   2.4e-06   24.9   0.1   1   1   2.2e-08   2.7e-06   24.8   0.1   565   639     1    74     1    79 0.84 -
h2tg000640l:626499-626224   -             92 526at71240           -           1581   5.3e-06   23.8   0.0   1   1     5e-08   6.1e-06   23.6   0.0   564   646     5    86     2    91 0.75 -
h2tg000429l:219195-216327   -            805 526at71240           -           1581     3e-05   21.3   0.1   1   1   3.5e-07   4.3e-05   20.8   0.1   468   615   451   597   436   604 0.83 -
h2tg000975l:154482-152317   -            526 526at71240           -           1581   3.4e-05   21.1   0.0   1   1   4.2e-07   5.2e-05   20.5   0.0   459   597   385   523   323   526 0.72 -
h2tg000429l:212315-211011   -            435 526at71240           -           1581   9.3e-05   19.7   0.0   1   1     1e-06   0.00013   19.2   0.0   457   596   295   434   287   435 0.85 -
h2tg000640l:612594-611158   -            479 526at71240           -           1581   0.00047   17.3   0.0   1   1   7.4e-06   0.00091   16.4   0.0   452   528   370   447   343   460 0.82 -
h2tg001265l:11919-8234      -            758 526at71240           -           1581    0.0012   16.0   0.0   1   1   1.5e-05    0.0018   15.4   0.0   458   598   420   557   335   567 0.64 -
h2tg000850l:63537-62421     -            331 526at71240           -           1581     0.013   12.5   0.1   1   1   0.00011     0.013   12.5   0.1   562   616    18    69     8    99 0.85 -
h2tg000544l:293414-292974   -            147 526at71240           -           1581      0.02   12.0   0.0   1   1   0.00021     0.026   11.6   0.0   565   597    99   131    74   145 0.64 -
#
# Program:         hmmsearch
# Version:         3.3.2 (Nov 2020)
# Pipeline mode:   SEARCH
# Query file:      /scratch/srb67793/Pelargonium/busco_downloads/lineages/eudicots_odb10/hmms/526at71240.hmm
# Target file:     /scratch/srb67793/Pelargonium/P_citronellum_omnic-hap2-busco/run_eudicots_odb10/metaeuk_output/initial_results/P_citronellum_OmniC.hic.bp.hap1.p_ctg.fa.modified.fas
# Option settings: hmmsearch --domtblout /scratch/srb67793/Pelargonium/P_citronellum_omnic-hap2-busco/run_eudicots_odb10/hmmer_output/initial_run_results/526at71240.out --cpu 1 /scratch/srb67793/Pelargonium/busco_downloads/lineages/eudicots_odb10/hmms/526at71240.hmm /scratch/srb67793/Pelargonium/P_citronellum_omnic-hap2-busco/run_eudicots_odb10/metaeuk_output/initial_results/P_citronellum_OmniC.hic.bp.hap1.p_ctg.fa.modified.fas 
# Current dir:     /scratch/srb67793/Pelargonium
# Date:            Tue Jul 16 10:30:59 2024
# [ok]
