#                                                                                   --- full sequence --- -------------- this domain -------------   hmm coord   ali coord   env coord
# target name               accession   tlen query name           accession   qlen   E-value  score  bias   #  of  c-Evalue  i-Evalue  score  bias  from    to  from    to  from    to  acc description of target
#       ------------------- ---------- ----- -------------------- ---------- ----- --------- ------ ----- --- --- --------- --------- ------ ----- ----- ----- ----- ----- ----- ----- ---- ---------------------
h2tg000286l:8-8965          -            460 62022at71240         -            385  4.7e-207  687.1   7.1   1   2   2.5e-22   4.1e-20   71.8   0.0     6    65    15    79     7    90 0.85 -
h2tg000286l:8-8965          -            460 62022at71240         -            385  4.7e-207  687.1   7.1   2   2  2.8e-187  4.6e-185  614.7   5.9    55   385   115   458   103   458 0.95 -
h2tg000042l:572038-579765   -            465 62022at71240         -            385  5.3e-201  667.2  11.0   1   2   1.7e-22   2.7e-20   72.4   0.0     1    72    19    98    19   107 0.85 -
h2tg000042l:572038-579765   -            465 62022at71240         -            385  5.3e-201  667.2  11.0   2   2  1.9e-181  3.1e-179  595.5   8.6    56   385   125   465   106   465 0.94 -
h2tg000068l:1047153-1044165 -            236 62022at71240         -            385     4e-97  325.2   9.0   1   2   3.4e-53   5.6e-51  173.4   5.6    92   222     1   135     1   152 0.92 -
h2tg000068l:1047153-1044165 -            236 62022at71240         -            385     4e-97  325.2   9.0   2   2   7.9e-47   1.3e-44  152.4   0.2   298   385   148   236   142   236 0.95 -
h2tg000336l:486655-488298   -            306 62022at71240         -            385   1.4e-33  116.1   8.6   1   5    0.0001     0.017   13.8   0.1   125   160    15    50     8    56 0.89 -
h2tg000336l:486655-488298   -            306 62022at71240         -            385   1.4e-33  116.1   8.6   2   5     2e-10   3.3e-08   32.6   0.3   121   181    53   115    48   117 0.87 -
h2tg000336l:486655-488298   -            306 62022at71240         -            385   1.4e-33  116.1   8.6   3   5   1.4e-07   2.2e-05   23.3   0.0   125   168   100   143    91   145 0.92 -
h2tg000336l:486655-488298   -            306 62022at71240         -            385   1.4e-33  116.1   8.6   4   5   8.6e-08   1.4e-05   23.9   0.0   127   208   144   226   143   235 0.85 -
h2tg000336l:486655-488298   -            306 62022at71240         -            385   1.4e-33  116.1   8.6   5   5   1.1e-10   1.8e-08   33.4   0.1   316   375   240   297   225   306 0.85 -
h2tg000169l:79349-85687     -            939 62022at71240         -            385   2.1e-27   95.8   7.4   1   7     0.019       3.1    6.3   0.1   114   166    50   100    37   106 0.80 -
h2tg000169l:79349-85687     -            939 62022at71240         -            385   2.1e-27   95.8   7.4   2   7   1.1e-12   1.8e-10   40.0   0.0    86   201   105   219    99   238 0.90 -
h2tg000169l:79349-85687     -            939 62022at71240         -            385   2.1e-27   95.8   7.4   3   7      0.22        35    2.9   0.0   202   317   252   361   231   384 0.70 -
h2tg000169l:79349-85687     -            939 62022at71240         -            385   2.1e-27   95.8   7.4   4   7   3.1e-07     5e-05   22.1   0.0   120   205   391   473   364   480 0.80 -
h2tg000169l:79349-85687     -            939 62022at71240         -            385   2.1e-27   95.8   7.4   5   7      0.38        62    2.0   0.0   105   159   457   511   451   515 0.89 -
h2tg000169l:79349-85687     -            939 62022at71240         -            385   2.1e-27   95.8   7.4   6   7   6.6e-06    0.0011   17.7   0.2   100   191   547   639   525   646 0.85 -
h2tg000169l:79349-85687     -            939 62022at71240         -            385   2.1e-27   95.8   7.4   7   7       0.1        17    3.9   0.0   123   159   654   690   643   693 0.90 -
h2tg001070l:279503-280123   -            207 62022at71240         -            385   6.7e-25   87.5   3.3   1   4   0.00042     0.068   11.8   0.0   126   159     1    34     1    39 0.93 -
h2tg001070l:279503-280123   -            207 62022at71240         -            385   6.7e-25   87.5   3.3   2   4   2.2e-12   3.6e-10   39.0   0.1   118   187    43   114    31   115 0.82 -
h2tg001070l:279503-280123   -            207 62022at71240         -            385   6.7e-25   87.5   3.3   3   4   2.2e-08   3.6e-06   25.9   0.2   124   168    92   136    90   138 0.94 -
h2tg001070l:279503-280123   -            207 62022at71240         -            385   6.7e-25   87.5   3.3   4   4   3.4e-07   5.5e-05   22.0   0.0   128   169   138   179   136   206 0.78 -
h2tg000062l:193933-194820   -            296 62022at71240         -            385   6.6e-17   61.2   9.3   1   3   0.00014     0.022   13.4   0.2    92   162    18    87     5    92 0.89 -
h2tg000062l:193933-194820   -            296 62022at71240         -            385   6.6e-17   61.2   9.3   2   3   5.4e-08   8.7e-06   24.6   0.7   125   208    92   175    88   178 0.85 -
h2tg000062l:193933-194820   -            296 62022at71240         -            385   6.6e-17   61.2   9.3   3   3   2.8e-08   4.5e-06   25.5   0.1   260   381   183   296   175   296 0.80 -
h2tg000555l:180423-177750   -            505 62022at71240         -            385   1.2e-16   60.4   1.7   1   4   1.3e-05    0.0021   16.7   0.1   124   160   215   251   203   258 0.87 -
h2tg000555l:180423-177750   -            505 62022at71240         -            385   1.2e-16   60.4   1.7   2   4   4.9e-06   0.00079   18.2   0.1   125   168   259   302   254   333 0.93 -
h2tg000555l:180423-177750   -            505 62022at71240         -            385   1.2e-16   60.4   1.7   3   4    0.0005     0.081   11.5   0.0   119   209   375   469   345   469 0.84 -
h2tg000555l:180423-177750   -            505 62022at71240         -            385   1.2e-16   60.4   1.7   4   4   1.7e-06   0.00027   19.7   0.0   122   201   421   504   416   505 0.78 -
h2tg000267l:258045-252324   -            887 62022at71240         -            385   5.4e-16   58.2   2.8   1   5   1.2e-07   1.9e-05   23.5   0.1    76   165   324   412   317   417 0.85 -
h2tg000267l:258045-252324   -            887 62022at71240         -            385   5.4e-16   58.2   2.8   2   5   5.4e-06   0.00088   18.0   0.0   125   208   414   499   412   501 0.84 -
h2tg000267l:258045-252324   -            887 62022at71240         -            385   5.4e-16   58.2   2.8   3   5   0.00051     0.082   11.5   0.0   126   162   501   536   498   543 0.85 -
h2tg000267l:258045-252324   -            887 62022at71240         -            385   5.4e-16   58.2   2.8   4   5      0.42        67    1.9   0.0   128   170   544   586   538   591 0.89 -
h2tg000267l:258045-252324   -            887 62022at71240         -            385   5.4e-16   58.2   2.8   5   5       6.7   1.1e+03   -2.0   0.1   316   341   613   638   605   647 0.66 -
h2tg000564l:391392-392264   -            291 62022at71240         -            385   4.7e-15   55.1   1.0   1   3   3.3e-08   5.4e-06   25.3   0.0    88   168     7    87     1    98 0.84 -
h2tg000564l:391392-392264   -            291 62022at71240         -            385   4.7e-15   55.1   1.0   2   3     6e-06   0.00097   17.9   0.1    88   168   134   217   126   224 0.83 -
h2tg000564l:391392-392264   -            291 62022at71240         -            385   4.7e-15   55.1   1.0   3   3    0.0051      0.83    8.2   0.0   323   373   237   285   209   291 0.65 -
h2tg000561l:168054-168887   -            278 62022at71240         -            385     5e-15   55.0   7.6   1   3      0.17        28    3.2   0.1    96   162     4    69     2    71 0.69 -
h2tg000561l:168054-168887   -            278 62022at71240         -            385     5e-15   55.0   7.6   2   3   5.4e-11   8.7e-09   34.5   2.6    86   211    36   159    28   167 0.87 -
h2tg000561l:168054-168887   -            278 62022at71240         -            385     5e-15   55.0   7.6   3   3   3.9e-07   6.4e-05   21.8   0.1   260   381   165   278   157   278 0.81 -
h2tg000160l:122001-132690   -            904 62022at71240         -            385   2.7e-14   52.6   2.5   1   4   1.1e-06   0.00018   20.2   0.2   100   203   193   299   183   301 0.87 -
h2tg000160l:122001-132690   -            904 62022at71240         -            385   2.7e-14   52.6   2.5   2   4   4.2e-07   6.8e-05   21.7   0.0    85   192   222   335   216   360 0.83 -
h2tg000160l:122001-132690   -            904 62022at71240         -            385   2.7e-14   52.6   2.5   3   4       0.3        48    2.4   0.1   128   191   472   535   463   550 0.78 -
h2tg000160l:122001-132690   -            904 62022at71240         -            385   2.7e-14   52.6   2.5   4   4     2e-08   3.3e-06   26.0   0.1    98   160   525   587   513   608 0.85 -
h2tg001557l:44494-46254     -            587 62022at71240         -            385   6.9e-14   51.3   2.4   1   4   0.00089      0.14   10.7   0.0   123   169   290   338   279   339 0.81 -
h2tg001557l:44494-46254     -            587 62022at71240         -            385   6.9e-14   51.3   2.4   2   4     7e-07   0.00011   20.9   0.1   127   208   338   421   336   427 0.92 -
h2tg001557l:44494-46254     -            587 62022at71240         -            385   6.9e-14   51.3   2.4   3   4   4.2e-06   0.00068   18.4   0.0   129   200   426   498   421   543 0.75 -
h2tg001557l:44494-46254     -            587 62022at71240         -            385   6.9e-14   51.3   2.4   4   4       1.9   3.1e+02   -0.3   0.0   310   364   516   568   502   577 0.72 -
h2tg000023l:275057-277830   -            514 62022at71240         -            385   1.1e-13   50.6   0.4   1   4   1.5e-05    0.0025   16.5   0.1   124   161   215   252   202   258 0.86 -
h2tg000023l:275057-277830   -            514 62022at71240         -            385   1.1e-13   50.6   0.4   2   4   0.00018     0.029   13.0   0.0   125   168   259   302   251   335 0.85 -
h2tg000023l:275057-277830   -            514 62022at71240         -            385   1.1e-13   50.6   0.4   3   4     0.005      0.81    8.2   0.0   126   208   385   471   378   472 0.82 -
h2tg000023l:275057-277830   -            514 62022at71240         -            385   1.1e-13   50.6   0.4   4   4   7.8e-05     0.013   14.2   0.0   133   199   437   505   421   510 0.67 -
h2tg000503l:207027-208704   -            556 62022at71240         -            385   4.5e-13   48.6   2.0   1   4   0.00062       0.1   11.2   0.0   123   169   259   307   248   308 0.81 -
h2tg000503l:207027-208704   -            556 62022at71240         -            385   4.5e-13   48.6   2.0   2   4     2e-06   0.00032   19.4   0.1   127   208   307   390   305   395 0.92 -
h2tg000503l:207027-208704   -            556 62022at71240         -            385   4.5e-13   48.6   2.0   3   4   1.5e-05    0.0024   16.6   0.1   129   201   395   468   390   525 0.76 -
h2tg000503l:207027-208704   -            556 62022at71240         -            385   4.5e-13   48.6   2.0   4   4       2.1   3.5e+02   -0.4   0.0   309   363   484   536   467   547 0.70 -
h2tg000057l:229846-225854   -            438 62022at71240         -            385   2.2e-12   46.3   6.6   1   4     0.026       4.3    5.9   0.0   115   159   127   171   119   175 0.79 -
h2tg000057l:229846-225854   -            438 62022at71240         -            385   2.2e-12   46.3   6.6   2   4   3.2e-07   5.1e-05   22.1   0.1    96   211   150   267   142   271 0.86 -
h2tg000057l:229846-225854   -            438 62022at71240         -            385   2.2e-12   46.3   6.6   3   4   8.4e-05     0.014   14.1   0.7   134   200   274   348   270   358 0.71 -
h2tg000057l:229846-225854   -            438 62022at71240         -            385   2.2e-12   46.3   6.6   4   4     0.002      0.33    9.5   0.1   137   199   374   437   362   438 0.73 -
h2tg000033l:741203-736485   -            293 62022at71240         -            385     8e-12   44.5   1.0   1   3    0.0015      0.24   10.0   0.0   125   159    14    48     8    54 0.88 -
h2tg000033l:741203-736485   -            293 62022at71240         -            385     8e-12   44.5   1.0   2   3   1.5e-08   2.4e-06   26.4   0.0   124   232    59   171    53   178 0.82 -
h2tg000033l:741203-736485   -            293 62022at71240         -            385     8e-12   44.5   1.0   3   3     0.036       5.8    5.4   0.0   135   191   227   283   192   289 0.74 -
h2tg000045l:1509088-1502036 -            435 62022at71240         -            385     2e-11   43.1   0.6   1   4    0.0063         1    7.9   0.0   318   364    51   112    25   135 0.69 -
h2tg000045l:1509088-1502036 -            435 62022at71240         -            385     2e-11   43.1   0.6   2   4   8.5e-08   1.4e-05   23.9   0.0    98   176   158   237   138   245 0.89 -
h2tg000045l:1509088-1502036 -            435 62022at71240         -            385     2e-11   43.1   0.6   3   4      0.19        31    3.1   0.0   126   163   308   345   297   351 0.87 -
h2tg000045l:1509088-1502036 -            435 62022at71240         -            385     2e-11   43.1   0.6   4   4      0.15        24    3.4   0.0   257   316   347   406   344   426 0.75 -
h2tg000066l:691192-690533   -            220 62022at71240         -            385   2.4e-11   42.9   1.5   1   2    0.0018      0.29    9.7   0.0   123   168     6    52     2    65 0.83 -
h2tg000066l:691192-690533   -            220 62022at71240         -            385   2.4e-11   42.9   1.5   2   2   7.1e-10   1.2e-07   30.8   0.4   100   201    69   173    59   188 0.86 -
h2tg000939l:115525-105034   -            494 62022at71240         -            385   3.6e-11   42.3   7.7   1   4   3.4e-06   0.00055   18.7   0.1   128   168   242   282   187   288 0.91 -
h2tg000939l:115525-105034   -            494 62022at71240         -            385   3.6e-11   42.3   7.7   2   4     0.041       6.6    5.2   0.0   128   163   285   320   281   324 0.91 -
h2tg000939l:115525-105034   -            494 62022at71240         -            385   3.6e-11   42.3   7.7   3   4   2.2e-05    0.0036   16.0   1.1    90   166   290   365   290   369 0.85 -
h2tg000939l:115525-105034   -            494 62022at71240         -            385   3.6e-11   42.3   7.7   4   4     0.046       7.4    5.1   0.0   321   372   432   482   421   493 0.85 -
h2tg000138l:2292483-2291950 -            178 62022at71240         -            385   1.6e-10   40.2   1.7   1   3   3.1e-08     5e-06   25.4   0.2   122   181     4    66     1    69 0.76 -
h2tg000138l:2292483-2291950 -            178 62022at71240         -            385   1.6e-10   40.2   1.7   2   3    0.0021      0.33    9.5   0.1   127   161    53    89    42    92 0.82 -
h2tg000138l:2292483-2291950 -            178 62022at71240         -            385   1.6e-10   40.2   1.7   3   3     0.033       5.3    5.6   0.0   126   205    96   173    90   177 0.70 -
h2tg000297l:686380-685865   -            172 62022at71240         -            385   5.4e-10   38.5   3.1   1   2     8e-10   1.3e-07   30.6   0.3   106   188    11    94     2    95 0.85 -
h2tg000297l:686380-685865   -            172 62022at71240         -            385   5.4e-10   38.5   3.1   2   2   4.5e-05    0.0072   15.0   0.1   126   160    73   107    73   115 0.94 -
h2tg000065l:254864-242790   -            469 62022at71240         -            385     6e-10   38.3   2.3   1   4      0.77   1.3e+02    1.0   0.0   135   161   131   157   106   163 0.70 -
h2tg000065l:254864-242790   -            469 62022at71240         -            385     6e-10   38.3   2.3   2   4   5.2e-05    0.0084   14.8   0.1   121   203   175   259   172   306 0.81 -
h2tg000065l:254864-242790   -            469 62022at71240         -            385     6e-10   38.3   2.3   3   4      0.13        21    3.6   0.1   139   171   315   347   308   352 0.81 -
h2tg000065l:254864-242790   -            469 62022at71240         -            385     6e-10   38.3   2.3   4   4   2.6e-05    0.0042   15.8   0.0   131   207   351   430   343   440 0.80 -
h2tg000393l:1259488-1261960 -            281 62022at71240         -            385   1.4e-09   37.1   4.9   1   4   1.9e-08     3e-06   26.1   0.1   124   208    12    95     1    96 0.87 -
h2tg000393l:1259488-1261960 -            281 62022at71240         -            385   1.4e-09   37.1   4.9   2   4    0.0065       1.1    7.9   1.3   123   208    94   179    93   204 0.66 -
h2tg000393l:1259488-1261960 -            281 62022at71240         -            385   1.4e-09   37.1   4.9   3   4      0.66   1.1e+02    1.3   0.1   145   187   158   197   146   224 0.60 -
h2tg000393l:1259488-1261960 -            281 62022at71240         -            385   1.4e-09   37.1   4.9   4   4      0.16        25    3.3   0.1   324   342   238   256   180   275 0.62 -
h2tg000316l:92114-86666     -            512 62022at71240         -            385   1.7e-09   36.8   1.9   1   2   4.4e-05    0.0072   15.0   0.3   124   165   216   257   190   301 0.73 -
h2tg000316l:92114-86666     -            512 62022at71240         -            385   1.7e-09   36.8   1.9   2   2   1.9e-06   0.00031   19.5   0.1   310   381   442   509   262   511 0.87 -
h2tg000847l:185880-193620   -            783 62022at71240         -            385   6.4e-09   34.9   2.2   1   7       2.3   3.8e+02   -0.5   0.0    90   134    17    58     7    97 0.54 -
h2tg000847l:185880-193620   -            783 62022at71240         -            385   6.4e-09   34.9   2.2   2   7       0.1        16    4.0   0.0   127   160   109   145    76   150 0.74 -
h2tg000847l:185880-193620   -            783 62022at71240         -            385   6.4e-09   34.9   2.2   3   7     0.003      0.49    9.0   0.0   122   160   208   254   159   264 0.71 -
h2tg000847l:185880-193620   -            783 62022at71240         -            385   6.4e-09   34.9   2.2   4   7     0.028       4.5    5.8   0.0   143   168   322   349   317   370 0.78 -
h2tg000847l:185880-193620   -            783 62022at71240         -            385   6.4e-09   34.9   2.2   5   7      0.15        24    3.4   0.0   127   156   402   431   394   442 0.89 -
h2tg000847l:185880-193620   -            783 62022at71240         -            385   6.4e-09   34.9   2.2   6   7      0.83   1.4e+02    0.9   0.0   349   380   581   612   578   617 0.85 -
h2tg000847l:185880-193620   -            783 62022at71240         -            385   6.4e-09   34.9   2.2   7   7      0.22        35    2.8   0.0   145   169   653   677   634   728 0.87 -
h2tg000131l:894630-895136   -            169 62022at71240         -            385   7.7e-09   34.7   1.7   1   2   3.7e-08     6e-06   25.1   1.3   128   205     1    82     1    86 0.76 -
h2tg000131l:894630-895136   -            169 62022at71240         -            385   7.7e-09   34.7   1.7   2   2     0.029       4.7    5.7   0.0   126   206    87   165    81   168 0.70 -
h2tg000138l:2771302-2771054 -             83 62022at71240         -            385   1.8e-08   33.4   1.3   1   1   8.8e-10   1.4e-07   30.5   1.3   124   190     8    75     3    83 0.88 -
h2tg000639l:391659-395050   -            701 62022at71240         -            385   1.1e-07   30.9   0.0   1   3     0.083        14    4.2   0.0   124   160   198   234   191   269 0.91 -
h2tg000639l:391659-395050   -            701 62022at71240         -            385   1.1e-07   30.9   0.0   2   3       3.3   5.3e+02   -1.0   0.0   141   160   347   366   327   376 0.72 -
h2tg000639l:391659-395050   -            701 62022at71240         -            385   1.1e-07   30.9   0.0   3   3   1.5e-07   2.4e-05   23.2   0.0   100   191   396   495   344   533 0.77 -
h2tg000711l:275676-275285   -            105 62022at71240         -            385     2e-07   30.0   0.7   1   2   1.3e-07   2.1e-05   23.3   0.0   135   174     2    41     1    51 0.89 -
h2tg000711l:275676-275285   -            105 62022at71240         -            385     2e-07   30.0   0.7   2   2    0.0014      0.23   10.1   0.1   126   159    35    68    34    90 0.70 -
h2tg000717l:130827-130442   -            104 62022at71240         -            385     2e-07   30.0   0.8   1   2   1.3e-07   2.1e-05   23.3   0.0   135   174     2    41     1    51 0.89 -
h2tg000717l:130827-130442   -            104 62022at71240         -            385     2e-07   30.0   0.8   2   2    0.0012      0.19   10.3   0.1   126   159    35    68    33    89 0.69 -
h2tg000246l:490019-490183   -             55 62022at71240         -            385   2.1e-07   29.9   2.8   1   2   2.5e-07   4.1e-05   22.4   0.4   145   189     1    46     1    47 0.88 -
h2tg000246l:490019-490183   -             55 62022at71240         -            385   2.1e-07   29.9   2.8   2   2    0.0002     0.032   12.8   0.1   126   157    24    55    24    55 0.97 -
h2tg000450l:444224-444060   -             55 62022at71240         -            385   2.1e-07   29.9   2.8   1   2   2.5e-07   4.1e-05   22.4   0.4   145   189     1    46     1    47 0.88 -
h2tg000450l:444224-444060   -             55 62022at71240         -            385   2.1e-07   29.9   2.8   2   2    0.0002     0.032   12.8   0.1   126   157    24    55    24    55 0.97 -
h2tg000131l:1267915-1273935 -            937 62022at71240         -            385   4.2e-07   28.9   0.1   1   3     0.057       9.2    4.8   0.0   109   160    41    93    21   104 0.75 -
h2tg000131l:1267915-1273935 -            937 62022at71240         -            385   4.2e-07   28.9   0.1   2   3    0.0012      0.19   10.3   0.0    90   165   108   182   100   192 0.79 -
h2tg000131l:1267915-1273935 -            937 62022at71240         -            385   4.2e-07   28.9   0.1   3   3    0.0018      0.29    9.7   0.0   126   186   234   295   220   307 0.80 -
h2tg000119l:1358269-1362649 -            548 62022at71240         -            385   7.5e-07   28.1   0.3   1   3   2.2e-05    0.0036   16.0   0.1    99   166    76   149    63   155 0.71 -
h2tg000119l:1358269-1362649 -            548 62022at71240         -            385   7.5e-07   28.1   0.3   2   3       1.9     3e+02   -0.2   0.0   137   157   162   182   150   187 0.75 -
h2tg000119l:1358269-1362649 -            548 62022at71240         -            385   7.5e-07   28.1   0.3   3   3    0.0097       1.6    7.3   0.0   114   161   319   367   306   371 0.77 -
h2tg000305l:68072-67416     -            219 62022at71240         -            385   1.1e-06   27.5   0.3   1   2   1.4e-07   2.3e-05   23.2   0.0   124   191    58   125    38   130 0.91 -
h2tg000305l:68072-67416     -            219 62022at71240         -            385   1.1e-06   27.5   0.3   2   2      0.33        54    2.3   0.0   352   382   153   184   137   203 0.67 -
h2tg000512l:115822-115313   -            170 62022at71240         -            385   1.2e-06   27.4   0.1   1   3   4.7e-05    0.0076   14.9   0.1   127   209     2    93     1    99 0.77 -
h2tg000512l:115822-115313   -            170 62022at71240         -            385   1.2e-06   27.4   0.1   2   3     0.014       2.2    6.8   0.0   126   198    49   125    36   129 0.60 -
h2tg000512l:115822-115313   -            170 62022at71240         -            385   1.2e-06   27.4   0.1   3   3    0.0012       0.2   10.3   0.0    90   159   100   170    94   170 0.85 -
h2tg000058l:329073-340405   -            758 62022at71240         -            385   2.2e-06   26.6   0.2   1   3   6.3e-05      0.01   14.5   0.0   125   206    45   131    35   150 0.82 -
h2tg000058l:329073-340405   -            758 62022at71240         -            385   2.2e-06   26.6   0.2   2   3       4.9   7.9e+02   -1.6   0.0   126   163   143   181   133   193 0.78 -
h2tg000058l:329073-340405   -            758 62022at71240         -            385   2.2e-06   26.6   0.2   3   3    0.0032      0.52    8.9   0.0   127   198   619   694   607   706 0.72 -
h2tg000250l:103674-102772   -            301 62022at71240         -            385   4.1e-06   25.7   3.3   1   3     0.082        13    4.3   0.1   127   159     8    40     2    46 0.89 -
h2tg000250l:103674-102772   -            301 62022at71240         -            385   4.1e-06   25.7   3.3   2   3     0.012       1.9    7.0   0.0   349   383    49    86    43    88 0.81 -
h2tg000250l:103674-102772   -            301 62022at71240         -            385   4.1e-06   25.7   3.3   3   3    0.0013      0.21   10.2   0.2   286   383   188   287   102   289 0.64 -
h2tg000469l:62216-60511     -            301 62022at71240         -            385   5.5e-06   25.2   3.6   1   3     0.074        12    4.4   0.1   127   160     8    41     2    46 0.89 -
h2tg000469l:62216-60511     -            301 62022at71240         -            385   5.5e-06   25.2   3.6   2   3    0.0034      0.56    8.8   0.0   349   383    49    86    44    88 0.81 -
h2tg000469l:62216-60511     -            301 62022at71240         -            385   5.5e-06   25.2   3.6   3   3    0.0042      0.68    8.5   0.2   295   376   197   279   104   288 0.67 -
h2tg000914l:93392-92748     -            215 62022at71240         -            385   5.6e-06   25.2   3.0   1   2    0.0028      0.46    9.1   0.2   147   169     1    23     1    27 0.88 -
h2tg000914l:93392-92748     -            215 62022at71240         -            385   5.6e-06   25.2   3.0   2   2   0.00059     0.096   11.3   0.2   312   362   121   169    38   200 0.67 -
h2tg000246l:490740-491204   -            155 62022at71240         -            385   5.6e-06   25.2   0.0   1   1     5e-08   8.1e-06   24.7   0.0   125   193     5    73     2    88 0.82 -
h2tg000450l:443252-442755   -            166 62022at71240         -            385   6.3e-06   25.1   0.0   1   1     6e-08   9.8e-06   24.4   0.0   125   193     5    73     2    87 0.82 -
h2tg000019l:408882-421201   -            745 62022at71240         -            385   9.6e-06   24.5   1.7   1   3    0.0013      0.22   10.1   0.0   125   161    13    48     6    67 0.87 -
h2tg000019l:408882-421201   -            745 62022at71240         -            385   9.6e-06   24.5   1.7   2   3     0.049       7.9    5.0   0.1   108   382    89   138    80   158 0.60 -
h2tg000019l:408882-421201   -            745 62022at71240         -            385   9.6e-06   24.5   1.7   3   3      0.02       3.3    6.2   0.0   317   382   156   216   143   220 0.84 -
h2tg000266l:504845-503883   -            321 62022at71240         -            385   9.8e-06   24.4   2.4   1   3     0.004      0.64    8.6   0.8   216   383     5   178     1   183 0.66 -
h2tg000266l:504845-503883   -            321 62022at71240         -            385   9.8e-06   24.4   2.4   2   3     9e-05     0.015   14.0   0.0   296   384   186   272   165   273 0.65 -
h2tg000266l:504845-503883   -            321 62022at71240         -            385   9.8e-06   24.4   2.4   3   3      0.06       9.7    4.7   0.0   144   166   256   278   251   294 0.82 -
h2tg000153l:2671238-2677076 -            432 62022at71240         -            385   1.4e-05   23.9   0.5   1   3       1.1   1.8e+02    0.5   0.0   124   147    84   107    76   111 0.82 -
h2tg000153l:2671238-2677076 -            432 62022at71240         -            385   1.4e-05   23.9   0.5   2   3      0.21        34    2.9   0.1   104   134   207   237   200   280 0.73 -
h2tg000153l:2671238-2677076 -            432 62022at71240         -            385   1.4e-05   23.9   0.5   3   3   1.6e-05    0.0026   16.5   0.0   117   160   281   324   276   328 0.92 -
h2tg000401l:513230-533592   -           1728 62022at71240         -            385   5.3e-05   22.0   0.7   1   2    0.0033      0.53    8.8   0.1   131   157   267   293   245   313 0.84 -
h2tg000401l:513230-533592   -           1728 62022at71240         -            385   5.3e-05   22.0   0.7   2   2   0.00088      0.14   10.7   0.1   108   172   504   568   484   605 0.65 -
h2tg000537l:53804-54457     -            218 62022at71240         -            385   7.8e-05   21.5   5.7   1   3   0.00027     0.044   12.4   1.3   144   243    21   132     5   139 0.66 -
h2tg000537l:53804-54457     -            218 62022at71240         -            385   7.8e-05   21.5   5.7   2   3    0.0082       1.3    7.5   0.0   325   365   148   189   132   202 0.80 -
h2tg000537l:53804-54457     -            218 62022at71240         -            385   7.8e-05   21.5   5.7   3   3      0.74   1.2e+02    1.1   0.1   145   160   203   218   194   218 0.82 -
h2tg000640l:587169-586510   -            220 62022at71240         -            385   9.1e-05   21.3   2.3   1   3     0.028       4.6    5.8   0.2   138   168     8    38     1    69 0.79 -
h2tg000640l:587169-586510   -            220 62022at71240         -            385   9.1e-05   21.3   2.3   2   3     0.036       5.8    5.4   0.0   328   384    58   117    48   121 0.73 -
h2tg000640l:587169-586510   -            220 62022at71240         -            385   9.1e-05   21.3   2.3   3   3   0.00032     0.051   12.2   0.2    83   202    83   212    77   215 0.71 -
h2tg000065l:877044-882170   -            518 62022at71240         -            385    0.0001   21.1   1.5   1   2    0.0012       0.2   10.3   0.0   127   165   216   254   207   261 0.87 -
h2tg000065l:877044-882170   -            518 62022at71240         -            385    0.0001   21.1   1.5   2   2    0.0046      0.74    8.4   0.0   127   175   263   311   258   337 0.81 -
h2tg000619l:416825-417016   -             64 62022at71240         -            385   0.00018   20.3   0.0   1   1   1.1e-06   0.00018   20.3   0.0   130   189     2    62     1    64 0.83 -
h2tg000615l:130362-131273   -            304 62022at71240         -            385    0.0002   20.1   9.1   1   6      0.32        52    2.3   0.0    85   135    20    71    11    86 0.79 -
h2tg000615l:130362-131273   -            304 62022at71240         -            385    0.0002   20.1   9.1   2   6    0.0069       1.1    7.8   0.1   129   166    95   132    89   137 0.84 -
h2tg000615l:130362-131273   -            304 62022at71240         -            385    0.0002   20.1   9.1   3   6      0.42        68    1.9   0.0   347   384   130   167   128   168 0.88 -
h2tg000615l:130362-131273   -            304 62022at71240         -            385    0.0002   20.1   9.1   4   6    0.0016      0.26    9.9   0.2   322   383   195   255   151   257 0.78 -
h2tg000615l:130362-131273   -            304 62022at71240         -            385    0.0002   20.1   9.1   5   6      0.12        20    3.7   0.0   323   364   238   279   236   287 0.86 -
h2tg000615l:130362-131273   -            304 62022at71240         -            385    0.0002   20.1   9.1   6   6      0.87   1.4e+02    0.9   0.1   145   159   290   304   261   304 0.80 -
h2tg000277l:46193-54519     -            212 62022at71240         -            385   0.00028   19.7   0.3   1   2     0.015       2.4    6.7   0.0   128   166     1    39     1    67 0.84 -
h2tg000277l:46193-54519     -            212 62022at71240         -            385   0.00028   19.7   0.3   2   2    0.0008      0.13   10.9   0.3   126   233    94   202    46   209 0.69 -
h2tg000438l:213525-208436   -            511 62022at71240         -            385   0.00035   19.3   0.2   1   2    0.0066       1.1    7.8   0.0   127   160   214   247   205   257 0.89 -
h2tg000438l:213525-208436   -            511 62022at71240         -            385   0.00035   19.3   0.2   2   2    0.0037       0.6    8.7   0.0   125   175   254   304   248   329 0.82 -
h2tg001306l:28496-28011     -            162 62022at71240         -            385    0.0004   19.1   0.1   1   2     5e-05     0.008   14.8   0.0   100   162    21    84    10   140 0.77 -
h2tg001306l:28496-28011     -            162 62022at71240         -            385    0.0004   19.1   0.1   2   2      0.11        18    3.8   0.0   146   182   119   154    84   162 0.70 -
h2tg000070l:184690-185304   -            205 62022at71240         -            385   0.00042   19.1   0.6   1   3     0.029       4.7    5.7   0.1   139   168     9    38     1    46 0.84 -
h2tg000070l:184690-185304   -            205 62022at71240         -            385   0.00042   19.1   0.6   2   3     0.083        14    4.2   0.0   342   384    74   117    43   118 0.73 -
h2tg000070l:184690-185304   -            205 62022at71240         -            385   0.00042   19.1   0.6   3   3     0.001      0.17   10.5   0.1    82   170    82   174    67   198 0.75 -
h2tg000156l:580502-572126   -            544 62022at71240         -            385   0.00043   19.0   0.2   1   1     6e-06   0.00097   17.9   0.2    85   160   153   229   137   284 0.89 -
h2tg000410l:300761-300585   -             59 62022at71240         -            385   0.00046   18.9   0.0   1   1   2.9e-06   0.00046   18.9   0.0   136   189     3    57     1    59 0.83 -
h2tg000018l:669632-668760   -            291 62022at71240         -            385   0.00057   18.6   4.3   1   3       3.5   5.6e+02   -1.1   0.0   145   161    70    86    51    88 0.83 -
h2tg000018l:669632-668760   -            291 62022at71240         -            385   0.00057   18.6   4.3   2   3     0.013       2.1    6.9   0.3   128   204   129   205   117   233 0.76 -
h2tg000018l:669632-668760   -            291 62022at71240         -            385   0.00057   18.6   4.3   3   3    0.0002     0.032   12.9   0.2    99   158   230   290   209   291 0.76 -
h2tg000019l:638813-639487   -            225 62022at71240         -            385   0.00061   18.5   5.9   1   4   0.00031      0.05   12.2   1.0   140   234    12   117     1   138 0.62 -
h2tg000019l:638813-639487   -            225 62022at71240         -            385   0.00061   18.5   5.9   2   4    0.0068       1.1    7.8   0.1   325   383   105   161    90   163 0.73 -
h2tg000019l:638813-639487   -            225 62022at71240         -            385   0.00061   18.5   5.9   3   4      0.04       6.5    5.3   0.0   322   363   143   185   134   191 0.77 -
h2tg000019l:638813-639487   -            225 62022at71240         -            385   0.00061   18.5   5.9   4   4       1.2     2e+02    0.4   0.1   145   160   201   216   185   219 0.84 -
h2tg000134l:1935384-1931277 -            234 62022at71240         -            385   0.00078   18.2   0.7   1   2      0.92   1.5e+02    0.8   0.0   352   374    11    33     4    45 0.73 -
h2tg000134l:1935384-1931277 -            234 62022at71240         -            385   0.00078   18.2   0.7   2   2   6.1e-05    0.0098   14.6   0.1   125   207   134   216    61   227 0.62 -
h2tg000512l:411744-412775   -            344 62022at71240         -            385   0.00096   17.9   0.4   1   3    0.0013      0.21   10.2   0.0   125   164   131   171    97   175 0.65 -
h2tg000512l:411744-412775   -            344 62022at71240         -            385   0.00096   17.9   0.4   2   3     0.048       7.8    5.0   0.1   125   169   174   217   171   223 0.83 -
h2tg000512l:411744-412775   -            344 62022at71240         -            385   0.00096   17.9   0.4   3   3       3.5   5.7e+02   -1.1   0.0   332   364   245   277   218   297 0.73 -
h2tg000694l:77690-77457     -             78 62022at71240         -            385   0.00098   17.8   0.0   1   1   6.1e-06   0.00098   17.8   0.0   145   198    22    77     2    78 0.79 -
h2tg000047l:153094-152420   -            225 62022at71240         -            385   0.00099   17.8   0.7   1   2       3.2   5.2e+02   -1.0   0.0   146   161    49    64    45    67 0.84 -
h2tg000047l:153094-152420   -            225 62022at71240         -            385   0.00099   17.8   0.7   2   2   1.9e-05    0.0031   16.2   0.2   128   232   107   221    96   224 0.80 -
h2tg001160l:174795-178001   -            381 62022at71240         -            385    0.0011   17.7   0.1   1   1   1.3e-05    0.0021   16.8   0.1    98   160   168   231   140   236 0.80 -
h2tg000754l:26620-26279     -            114 62022at71240         -            385    0.0011   17.7   0.0   1   1   1.2e-05    0.0019   16.9   0.0   140   233     6   111     3   113 0.77 -
h2tg000088l:899294-899944   -            217 62022at71240         -            385    0.0012   17.6   5.3   1   4   0.00039     0.063   11.9   0.8   134   168     6    40     1   117 0.81 -
h2tg000088l:899294-899944   -            217 62022at71240         -            385    0.0012   17.6   5.3   2   4      0.16        26    3.3   0.0   328   383   108   161    97   163 0.73 -
h2tg000088l:899294-899944   -            217 62022at71240         -            385    0.0012   17.6   5.3   3   4      0.12        20    3.6   0.0   320   364   141   185   132   191 0.86 -
h2tg000088l:899294-899944   -            217 62022at71240         -            385    0.0012   17.6   5.3   4   4      0.86   1.4e+02    0.9   0.1   145   161   199   215   193   217 0.83 -
h2tg000016l:699877-700160   -             59 62022at71240         -            385     0.002   16.8   0.1   1   1   1.4e-05    0.0022   16.7   0.1   105   158     4    58     1    59 0.86 -
h2tg000167l:213102-214055   -            318 62022at71240         -            385    0.0022   16.7   0.1   1   3       0.1        17    3.9   0.0   133   181    27    75     1    79 0.81 -
h2tg000167l:213102-214055   -            318 62022at71240         -            385    0.0022   16.7   0.1   2   3    0.0062         1    7.9   0.0   131   158   172   199   133   204 0.70 -
h2tg000167l:213102-214055   -            318 62022at71240         -            385    0.0022   16.7   0.1   3   3      0.97   1.6e+02    0.7   0.0   322   381   258   318   249   318 0.71 -
h2tg000086l:43535-38999     -           1097 62022at71240         -            385    0.0022   16.7   0.1   1   1   3.2e-05    0.0052   15.5   0.1   101   162   829   892   808   960 0.88 -
h2tg000298l:65596-60864     -            382 62022at71240         -            385    0.0022   16.7   0.1   1   2     0.012       1.9    7.0   0.1    89   163    19    96    10   114 0.69 -
h2tg000298l:65596-60864     -            382 62022at71240         -            385    0.0022   16.7   0.1   2   2     0.019       3.1    6.3   0.0   111   159   330   377   290   380 0.77 -
h2tg000990l:70843-69851     -            331 62022at71240         -            385    0.0049   15.5   8.9   1   3       6.6   1.1e+03   -2.0   0.0   144   158    61    75    20    83 0.60 -
h2tg000990l:70843-69851     -            331 62022at71240         -            385    0.0049   15.5   8.9   2   3     0.001      0.16   10.5   0.9   128   169   119   160   105   236 0.77 -
h2tg000990l:70843-69851     -            331 62022at71240         -            385    0.0049   15.5   8.9   3   3    0.0041      0.67    8.5   0.0   320   365   260   305   248   309 0.88 -
h2tg000637l:75598-73849     -            331 62022at71240         -            385    0.0098   14.6   0.1   1   2    0.0073       1.2    7.7   0.0    96   225    38   177    27   195 0.79 -
h2tg000637l:75598-73849     -            331 62022at71240         -            385    0.0098   14.6   0.1   2   2     0.075        12    4.4   0.1   143   161   264   282   213   286 0.73 -
h2tg000060l:675396-674404   -            331 62022at71240         -            385     0.011   14.4   0.6   1   3     0.064        10    4.6   0.0   133   162   123   153   114   157 0.83 -
h2tg000060l:675396-674404   -            331 62022at71240         -            385     0.011   14.4   0.6   2   3    0.0011      0.17   10.5   0.4   108   170   141   202   135   208 0.85 -
h2tg000060l:675396-674404   -            331 62022at71240         -            385     0.011   14.4   0.6   3   3       1.2     2e+02    0.4   0.0   332   364   230   261   217   282 0.73 -
h2tg000417l:39395-32284     -           1504 62022at71240         -            385     0.015   14.0   0.4   1   2       2.1   3.4e+02   -0.4   0.2   136   187    93   147    68   160 0.74 -
h2tg000417l:39395-32284     -           1504 62022at71240         -            385     0.015   14.0   0.4   2   2    0.0006     0.097   11.3   0.0   140   191   587   645   555   694 0.77 -
h2tg001100l:75408-102925    -           2427 62022at71240         -            385     0.015   13.9   0.5   1   2    0.0012       0.2   10.3   0.1   126   161   881   916   837   937 0.77 -
h2tg001100l:75408-102925    -           2427 62022at71240         -            385     0.015   13.9   0.5   2   2      0.96   1.6e+02    0.7   0.1   109   167  1102  1164  1082  1197 0.68 -
h2tg000388l:432175-433149   -            325 62022at71240         -            385     0.017   13.8   1.5   1   2   0.00047     0.076   11.6   0.9   102   169   126   192   108   196 0.83 -
h2tg000388l:432175-433149   -            325 62022at71240         -            385     0.017   13.8   1.5   2   2       3.1   5.1e+02   -1.0   0.0   104   158   216   272   200   278 0.53 -
h2tg000854l:229176-237189   -           1500 62022at71240         -            385     0.017   13.8   0.2   1   2       2.5   4.1e+02   -0.7   0.1   139   208    92   165    72   170 0.73 -
h2tg000854l:229176-237189   -           1500 62022at71240         -            385     0.017   13.8   0.2   2   2   0.00083      0.13   10.8   0.0   142   192   585   642   548   657 0.70 -
h2tg000575l:595223-592433   -            390 62022at71240         -            385     0.018   13.7   1.0   1   2   0.00023     0.037   12.7   0.5   119   200    68   152    50   177 0.75 -
h2tg000575l:595223-592433   -            390 62022at71240         -            385     0.018   13.7   1.0   2   2       1.2     2e+02    0.4   0.1    95   159   132   197   127   201 0.65 -
h2tg000884l:169480-169184   -             99 62022at71240         -            385      0.02   13.5   0.0   1   1   0.00043      0.07   11.8   0.0   127   209     2    93     1    98 0.73 -
h2tg000091l:864765-865139   -            125 62022at71240         -            385     0.025   13.2   0.0   1   2      0.11        19    3.8   0.0   102   160    12    71     4    74 0.76 -
h2tg000091l:864765-865139   -            125 62022at71240         -            385     0.025   13.2   0.0   2   2   0.00081      0.13   10.8   0.0   103   160    56   114    43   124 0.81 -
h2tg000050l:738232-733009   -            555 62022at71240         -            385      0.07   11.8   0.2   1   1   0.00074      0.12   11.0   0.2   169   233   169   233   156   250 0.69 -
h2tg000430l:691369-691566   -             66 62022at71240         -            385      0.07   11.8   0.0   1   1   0.00054     0.087   11.4   0.0   138   193     3    59     1    65 0.68 -
h2tg000245l:955011-955934   -            308 62022at71240         -            385     0.085   11.5   6.5   1   3    0.0054      0.87    8.1   0.1   139   168   110   139   101   146 0.88 -
h2tg000245l:955011-955934   -            308 62022at71240         -            385     0.085   11.5   6.5   2   3     0.025       4.1    5.9   0.2    98   200   150   260   140   275 0.59 -
h2tg000245l:955011-955934   -            308 62022at71240         -            385     0.085   11.5   6.5   3   3         5   8.2e+02   -1.6   0.0   145   157   296   308   268   308 0.88 -
#
# Program:         hmmsearch
# Version:         3.3.2 (Nov 2020)
# Pipeline mode:   SEARCH
# Query file:      /scratch/srb67793/Pelargonium/busco_downloads/lineages/eudicots_odb10/hmms/62022at71240.hmm
# Target file:     /scratch/srb67793/Pelargonium/P_citronellum_omnic-hap2-busco/run_eudicots_odb10/metaeuk_output/initial_results/P_citronellum_OmniC.hic.bp.hap1.p_ctg.fa.modified.fas
# Option settings: hmmsearch --domtblout /scratch/srb67793/Pelargonium/P_citronellum_omnic-hap2-busco/run_eudicots_odb10/hmmer_output/initial_run_results/62022at71240.out --cpu 1 /scratch/srb67793/Pelargonium/busco_downloads/lineages/eudicots_odb10/hmms/62022at71240.hmm /scratch/srb67793/Pelargonium/P_citronellum_omnic-hap2-busco/run_eudicots_odb10/metaeuk_output/initial_results/P_citronellum_OmniC.hic.bp.hap1.p_ctg.fa.modified.fas 
# Current dir:     /scratch/srb67793/Pelargonium
# Date:            Tue Jul 16 10:31:05 2024
# [ok]
