#                                                                                 --- full sequence --- -------------- this domain -------------   hmm coord   ali coord   env coord
# target name             accession   tlen query name           accession   qlen   E-value  score  bias   #  of  c-Evalue  i-Evalue  score  bias  from    to  from    to  from    to  acc description of target
#     ------------------- ---------- ----- -------------------- ---------- ----- --------- ------ ----- --- --- --------- --------- ------ ----- ----- ----- ----- ----- ----- ----- ---- ---------------------
h2tg000850l:109206-112120 -            375 65952at71240         -            401   1.4e-84  284.1   4.4   1   3   5.4e-34     1e-30  106.7   0.0    18   122     1   108     1   123 0.88 -
h2tg000850l:109206-112120 -            375 65952at71240         -            401   1.4e-84  284.1   4.4   2   3   1.1e-16   2.2e-13   49.7   0.2   130   211   148   233   143   246 0.85 -
h2tg000850l:109206-112120 -            375 65952at71240         -            401   1.4e-84  284.1   4.4   3   3   1.3e-40   2.6e-37  128.5   0.1   252   383   247   375   235   375 0.91 -
h2tg000544l:492577-488017 -            330 65952at71240         -            401   3.6e-83  279.5   1.8   1   3   1.1e-26   2.1e-23   82.7   0.0     8    87     1    76     1    79 0.95 -
h2tg000544l:492577-488017 -            330 65952at71240         -            401   3.6e-83  279.5   1.8   2   3   5.7e-15   1.1e-11   44.1   0.1   128   189    77   140    73   142 0.88 -
h2tg000544l:492577-488017 -            330 65952at71240         -            401   3.6e-83  279.5   1.8   3   3   5.2e-48     1e-44  152.9   0.0   218   388   141   317   138   323 0.90 -
h2tg000552l:116018-120460 -            319 65952at71240         -            401   4.4e-83  279.2   1.5   1   3   2.5e-27   4.9e-24   84.8   0.0     8    87     1    77     1    80 0.95 -
h2tg000552l:116018-120460 -            319 65952at71240         -            401   4.4e-83  279.2   1.5   2   3   2.8e-14   5.5e-11   41.8   0.1   128   189    78   141    75   144 0.87 -
h2tg000552l:116018-120460 -            319 65952at71240         -            401   4.4e-83  279.2   1.5   3   3   5.1e-48   9.9e-45  152.9   0.0   218   384   142   313   140   319 0.90 -
h2tg000452l:359304-357061 -            278 65952at71240         -            401   3.5e-74  249.9   7.5   1   3   8.8e-23   1.7e-19   69.8   0.2    42    87     2    46     1    50 0.95 -
h2tg000452l:359304-357061 -            278 65952at71240         -            401   3.5e-74  249.9   7.5   2   3   5.3e-18     1e-14   54.1   0.3   128   211    47   134    45   138 0.87 -
h2tg000452l:359304-357061 -            278 65952at71240         -            401   3.5e-74  249.9   7.5   3   3   2.6e-41     5e-38  130.8   0.2   252   385   148   278   135   278 0.90 -
h2tg000393l:348397-349083 -            229 65952at71240         -            401     1e-08   34.4   2.0   1   1   7.4e-12   1.4e-08   33.8   2.0   148   277    36   187     2   206 0.68 -
h2tg000360l:202531-203178 -            216 65952at71240         -            401   1.7e-08   33.6   1.5   1   1   1.2e-11   2.3e-08   33.2   1.5   146   277    34   187     2   204 0.67 -
h2tg001287l:102897-107441 -            514 65952at71240         -            401    0.0025   16.6   0.0   1   2   0.00012      0.23   10.1   0.0    98   182   161   253   156   289 0.73 -
h2tg001287l:102897-107441 -            514 65952at71240         -            401    0.0025   16.6   0.0   2   2      0.01        20    3.7   0.0   225   275   337   398   320   405 0.75 -
#
# Program:         hmmsearch
# Version:         3.3.2 (Nov 2020)
# Pipeline mode:   SEARCH
# Query file:      /scratch/srb67793/Pelargonium/busco_downloads/lineages/eudicots_odb10/hmms/65952at71240.hmm
# Target file:     /scratch/srb67793/Pelargonium/P_citronellum_omnic-hap2-busco/run_eudicots_odb10/metaeuk_output/initial_results/P_citronellum_OmniC.hic.bp.hap1.p_ctg.fa.modified.fas
# Option settings: hmmsearch --domtblout /scratch/srb67793/Pelargonium/P_citronellum_omnic-hap2-busco/run_eudicots_odb10/hmmer_output/initial_run_results/65952at71240.out --cpu 1 /scratch/srb67793/Pelargonium/busco_downloads/lineages/eudicots_odb10/hmms/65952at71240.hmm /scratch/srb67793/Pelargonium/P_citronellum_omnic-hap2-busco/run_eudicots_odb10/metaeuk_output/initial_results/P_citronellum_OmniC.hic.bp.hap1.p_ctg.fa.modified.fas 
# Current dir:     /scratch/srb67793/Pelargonium
# Date:            Tue Jul 16 10:31:01 2024
# [ok]
