#                                                                                   --- full sequence --- -------------- this domain -------------   hmm coord   ali coord   env coord
# target name               accession   tlen query name           accession   qlen   E-value  score  bias   #  of  c-Evalue  i-Evalue  score  bias  from    to  from    to  from    to  acc description of target
#       ------------------- ---------- ----- -------------------- ---------- ----- --------- ------ ----- --- --- --------- --------- ------ ----- ----- ----- ----- ----- ----- ----- ---- ---------------------
h2tg000969l:63476-68526     -            444 66041at71240         -            342  3.9e-178  591.3   1.9   1   2  4.2e-113  1.6e-110  368.9   0.1     2   214    49   287    48   297 0.93 -
h2tg000969l:63476-68526     -            444 66041at71240         -            342  3.9e-178  591.3   1.9   2   2     2e-68   7.9e-66  222.0   0.2   211   342   308   442   293   442 0.94 -
h2tg000759l:68644-69270     -            209 66041at71240         -            342   0.00024   19.8   0.0   1   1   8.8e-07   0.00034   19.3   0.0   156   191     7    42     3    48 0.92 -
h2tg000759l:66491-69270     -            694 66041at71240         -            342    0.0011   17.7   0.0   1   1   4.4e-06    0.0017   17.0   0.0   156   191   492   527   487   532 0.92 -
h2tg000778l:35260-36577     -            357 66041at71240         -            342    0.0018   17.0   0.0   1   1   6.1e-06    0.0024   16.6   0.0    69   189    81   216    45   240 0.69 -
h2tg001287l:91935-84432     -            494 66041at71240         -            342     0.003   16.2   0.1   1   2   0.00015     0.058   12.0   0.0   123   194   105   178    89   244 0.74 -
h2tg001287l:91935-84432     -            494 66041at71240         -            342     0.003   16.2   0.1   2   2      0.16        64    2.0   0.0   311   338   306   333   282   336 0.87 -
h2tg000852l:66509-64316     -            366 66041at71240         -            342    0.0035   16.0   0.1   1   2    0.0007      0.27    9.8   0.0   114   187   124   206   113   214 0.73 -
h2tg000852l:66509-64316     -            366 66041at71240         -            342    0.0035   16.0   0.1   2   2     0.042        16    4.0   0.0   283   337   311   364   275   366 0.64 -
h2tg000536l:15509-15805     -             99 66041at71240         -            342    0.0049   15.5   0.0   1   1   1.5e-05    0.0057   15.3   0.0   161   191     3    33     1    52 0.90 -
h2tg000314l:115258-114962   -             99 66041at71240         -            342     0.005   15.5   0.0   1   1   1.5e-05    0.0058   15.3   0.0   161   191     3    33     1    51 0.90 -
h2tg000372l:158052-138619   -            198 66041at71240         -            342    0.0059   15.3   0.0   1   1     2e-05    0.0077   14.9   0.0   157   255    67   158    54   164 0.73 -
h2tg000621l:1653330-1652845 -            162 66041at71240         -            342    0.0062   15.2   0.2   1   2     0.033        13    4.3   0.0   164   189    11    39     2    49 0.79 -
h2tg000621l:1653330-1652845 -            162 66041at71240         -            342    0.0062   15.2   0.2   2   2    0.0011      0.41    9.2   0.0   235   284    65   110    57   134 0.75 -
h2tg000583l:250487-250798   -            104 66041at71240         -            342    0.0066   15.1   0.0   1   1   2.1e-05     0.008   14.8   0.0   159   190     6    37     2    49 0.89 -
h2tg000546l:410923-393109   -            303 66041at71240         -            342    0.0066   15.1   0.0   1   1   2.7e-05      0.01   14.5   0.0    63   188    29   151    22   164 0.79 -
h2tg000265l:743756-743460   -             99 66041at71240         -            342    0.0092   14.6   0.0   1   1   2.9e-05     0.011   14.4   0.0   161   190     3    32     1    46 0.90 -
h2tg000131l:615535-614741   -            265 66041at71240         -            342    0.0096   14.6   0.0   1   1     4e-05     0.015   13.9   0.0   157   192   105   140    99   158 0.85 -
h2tg000311l:12979-13275     -             99 66041at71240         -            342     0.015   13.9   0.0   1   1   4.5e-05     0.018   13.7   0.0   161   190     3    32     1    44 0.90 -
h2tg000245l:376168-375200   -            234 66041at71240         -            342     0.016   13.9   0.1   1   1   5.5e-05     0.021   13.5   0.1    86   187    51   154    25   169 0.68 -
h2tg000456l:425419-426210   -            264 66041at71240         -            342     0.016   13.8   0.0   1   1     7e-05     0.027   13.1   0.0   157   191   103   137    96   167 0.82 -
h2tg000019l:2449370-2446307 -            686 66041at71240         -            342     0.017   13.7   0.0   1   1   7.8e-05      0.03   12.9   0.0   156   190   487   521   477   528 0.90 -
h2tg000270l:146254-147096   -            256 66041at71240         -            342     0.018   13.7   0.0   1   1   6.4e-05     0.025   13.2   0.0   147   208   112   172    99   191 0.85 -
h2tg000123l:122711-120324   -            683 66041at71240         -            342     0.019   13.6   0.0   1   1   7.9e-05     0.031   12.9   0.0   157   190   486   519   481   528 0.88 -
h2tg000182l:212895-213833   -            313 66041at71240         -            342     0.022   13.4   0.0   1   2    0.0011      0.42    9.2   0.0   157   189   105   137    94   146 0.88 -
h2tg000182l:212895-213833   -            313 66041at71240         -            342     0.022   13.4   0.0   2   2      0.18        71    1.9   0.0   310   340   268   298   264   300 0.91 -
h2tg000494l:628539-627694   -            271 66041at71240         -            342     0.026   13.2   0.0   1   1   8.9e-05     0.035   12.8   0.0   134   205   119   192   100   197 0.86 -
h2tg000213l:728394-729202   -            208 66041at71240         -            342     0.032   12.8   0.3   1   2   0.00021     0.083   11.5   0.0   154   191    66   104    59   111 0.84 -
h2tg000213l:728394-729202   -            208 66041at71240         -            342     0.032   12.8   0.3   2   2       1.7   6.8e+02   -1.4   0.1     2    31   113   142   112   153 0.81 -
h2tg000835l:323434-324258   -            204 66041at71240         -            342      0.04   12.6   0.3   1   2   0.00039      0.15   10.7   0.0   154   191    62   100    52   106 0.84 -
h2tg000835l:323434-324258   -            204 66041at71240         -            342      0.04   12.6   0.3   2   2      0.92   3.6e+02   -0.4   0.0     2    33   109   140   108   150 0.83 -
h2tg000717l:188988-191004   -            277 66041at71240         -            342     0.049   12.3   0.0   1   2     0.013       5.1    5.6   0.0   154   187   113   146   109   205 0.76 -
h2tg000717l:188988-191004   -            277 66041at71240         -            342     0.049   12.3   0.0   2   2     0.024       9.2    4.8   0.0   311   339   247   275   238   277 0.90 -
h2tg000863l:235638-236429   -            264 66041at71240         -            342      0.05   12.2   0.0   1   1   0.00015     0.059   12.0   0.0   154   189    91   126    84   208 0.82 -
h2tg000344l:95686-94874     -            271 66041at71240         -            342     0.052   12.2   0.0   1   2    0.0012      0.48    9.0   0.0   158   192   105   139    89   158 0.83 -
h2tg000344l:95686-94874     -            271 66041at71240         -            342     0.052   12.2   0.0   2   2      0.35   1.4e+02    0.9   0.0   306   340   233   270   221   271 0.76 -
h2tg000945l:67020-66149     -            222 66041at71240         -            342     0.095   11.3   0.0   1   1   0.00046      0.18   10.4   0.0   157   186   113   142   109   146 0.90 -
h2tg001129l:76423-74507     -            298 66041at71240         -            342       0.1   11.2   0.0   1   2    0.0055       2.2    6.9   0.0   158   189   119   150   107   157 0.85 -
h2tg001129l:76423-74507     -            298 66041at71240         -            342       0.1   11.2   0.0   2   2      0.15        59    2.1   0.0   310   339   251   280   241   283 0.90 -
h2tg000050l:987476-988354   -            293 66041at71240         -            342      0.11   11.1   0.0   1   2    0.0048       1.9    7.1   0.0   155   186   116   147   107   161 0.88 -
h2tg000050l:987476-988354   -            293 66041at71240         -            342      0.11   11.1   0.0   2   2      0.19        76    1.8   0.0   313   340   263   290   252   292 0.86 -
h2tg000119l:374461-379833   -            431 66041at71240         -            342      0.12   11.0   0.0   1   2     0.013       5.2    5.6   0.0   147   191   103   147    79   215 0.75 -
h2tg000119l:374461-379833   -            431 66041at71240         -            342      0.12   11.0   0.0   2   2     0.069        27    3.2   0.0   312   339   275   302   248   305 0.86 -
h2tg000298l:315425-312951   -            360 66041at71240         -            342      0.14   10.7   0.1   1   2    0.0011      0.41    9.2   0.0   159   189   150   180   135   187 0.84 -
h2tg000298l:315425-312951   -            360 66041at71240         -            342      0.14   10.7   0.1   2   2       3.1   1.2e+03   -2.2   0.0   314   340   305   331   301   332 0.87 -
h2tg000522l:193824-192964   -            287 66041at71240         -            342      0.15   10.7   0.0   1   1   0.00047      0.18   10.4   0.0   154   208   112   166    54   189 0.76 -
h2tg000542l:346249-348321   -            652 66041at71240         -            342      0.15   10.7   0.0   1   1   0.00065      0.25    9.9   0.0   156   186   468   501   464   513 0.84 -
h2tg000361l:932711-932094   -            206 66041at71240         -            342      0.15   10.6   0.0   1   1   0.00057      0.22   10.1   0.0   155   208   108   161   104   171 0.89 -
#
# Program:         hmmsearch
# Version:         3.3.2 (Nov 2020)
# Pipeline mode:   SEARCH
# Query file:      /scratch/srb67793/Pelargonium/busco_downloads/lineages/eudicots_odb10/hmms/66041at71240.hmm
# Target file:     /scratch/srb67793/Pelargonium/P_citronellum_omnic-hap2-busco/run_eudicots_odb10/metaeuk_output/initial_results/P_citronellum_OmniC.hic.bp.hap1.p_ctg.fa.modified.fas
# Option settings: hmmsearch --domtblout /scratch/srb67793/Pelargonium/P_citronellum_omnic-hap2-busco/run_eudicots_odb10/hmmer_output/initial_run_results/66041at71240.out --cpu 1 /scratch/srb67793/Pelargonium/busco_downloads/lineages/eudicots_odb10/hmms/66041at71240.hmm /scratch/srb67793/Pelargonium/P_citronellum_omnic-hap2-busco/run_eudicots_odb10/metaeuk_output/initial_results/P_citronellum_OmniC.hic.bp.hap1.p_ctg.fa.modified.fas 
# Current dir:     /scratch/srb67793/Pelargonium
# Date:            Tue Jul 16 10:31:06 2024
# [ok]
