#                                                                                   --- full sequence --- -------------- this domain -------------   hmm coord   ali coord   env coord
# target name               accession   tlen query name           accession   qlen   E-value  score  bias   #  of  c-Evalue  i-Evalue  score  bias  from    to  from    to  from    to  acc description of target
#       ------------------- ---------- ----- -------------------- ---------- ----- --------- ------ ----- --- --- --------- --------- ------ ----- ----- ----- ----- ----- ----- ----- ---- ---------------------
h2tg000456l:77479-72585     -            333 67815at71240         -            291  1.1e-151  503.8   5.4   1   2  1.1e-101   7.8e-99  330.3   2.9     6   210    16   231    12   236 0.93 -
h2tg000456l:77479-72585     -            333 67815at71240         -            291  1.1e-151  503.8   5.4   2   2     4e-54   2.9e-51  174.2   0.0   205   291   247   333   234   333 0.96 -
h2tg001110l:1586-2377       -            264 67815at71240         -            291   5.9e-08   32.0   0.5   1   1   1.6e-10   1.1e-07   31.1   0.5    86   281    44   244    10   249 0.73 -
h2tg000449l:395335-394778   -            186 67815at71240         -            291   1.4e-07   30.8   0.0   1   2    0.0015       1.1    8.2   0.0   203   261    40    97    18   107 0.79 -
h2tg000449l:395335-394778   -            186 67815at71240         -            291   1.4e-07   30.8   0.0   2   2   1.1e-07   8.1e-05   21.7   0.0   215   281   119   185    88   186 0.79 -
h2tg000939l:318911-321762   -            355 67815at71240         -            291   4.3e-07   29.2   0.2   1   1   1.3e-09   9.4e-07   28.1   0.2    82   280   120   321    71   325 0.76 -
h2tg000612l:395256-395819   -            188 67815at71240         -            291   1.6e-06   27.3   0.0   1   1   2.9e-09   2.1e-06   27.0   0.0   102   278     1   181     1   185 0.82 -
h2tg000612l:384675-385253   -            193 67815at71240         -            291   6.8e-06   25.3   0.1   1   2     0.057        41    3.0   0.0   210   247    31    66     7    84 0.55 -
h2tg000612l:384675-385253   -            193 67815at71240         -            291   6.8e-06   25.3   0.1   2   2   2.8e-07    0.0002   20.4   0.0   217   281   113   177    88   182 0.88 -
h2tg000213l:558469-547713   -           1135 67815at71240         -            291   0.00043   19.4   1.2   1   4      0.28     2e+02    0.7   0.0   107   278   160   227   136   240 0.55 -
h2tg000213l:558469-547713   -           1135 67815at71240         -            291   0.00043   19.4   1.2   2   4   0.00023      0.16   10.9   0.0    94   152   361   418   356   451 0.88 -
h2tg000213l:558469-547713   -           1135 67815at71240         -            291   0.00043   19.4   1.2   3   4      0.83     6e+02   -0.8   0.0   128   171   577   620   551   626 0.84 -
h2tg000213l:558469-547713   -           1135 67815at71240         -            291   0.00043   19.4   1.2   4   4      0.12        85    2.0   0.0    86   138   714   767   691   819 0.73 -
h2tg000767l:357282-358844   -            521 67815at71240         -            291    0.0018   17.3   0.0   1   1   5.4e-06    0.0039   16.2   0.0   184   267   108   193    86   213 0.83 -
h2tg000516l:13121-2940      -            561 67815at71240         -            291    0.0024   16.9   0.2   1   2      0.11        78    2.1   0.0   212   245   139   172   118   182 0.84 -
h2tg000516l:13121-2940      -            561 67815at71240         -            291    0.0024   16.9   0.2   2   2   0.00018      0.13   11.2   0.1    95   204   269   376   260   418 0.82 -
h2tg000767l:345848-347407   -            520 67815at71240         -            291    0.0026   16.8   0.0   1   2   6.2e-05     0.044   12.8   0.0   184   267   108   192    86   218 0.79 -
h2tg000767l:345848-347407   -            520 67815at71240         -            291    0.0026   16.8   0.0   2   2      0.19   1.3e+02    1.3   0.0   249   281   358   392   344   420 0.72 -
h2tg000033l:994918-983409   -            709 67815at71240         -            291    0.0028   16.7   0.2   1   2     0.034        24    3.8   0.0   126   184   475   532   465   551 0.78 -
h2tg000033l:994918-983409   -            709 67815at71240         -            291    0.0028   16.7   0.2   2   2   0.00028       0.2   10.6   0.0   125   171   573   619   570   654 0.88 -
h2tg000374l:2532823-2538034 -            645 67815at71240         -            291    0.0033   16.5   0.0   1   3    0.0086       6.2    5.7   0.0   222   269   159   206   142   214 0.79 -
h2tg000374l:2532823-2538034 -            645 67815at71240         -            291    0.0033   16.5   0.0   2   3      0.32   2.3e+02    0.6   0.0    94   171   238   316   227   321 0.82 -
h2tg000374l:2532823-2538034 -            645 67815at71240         -            291    0.0033   16.5   0.0   3   3    0.0089       6.4    5.7   0.0    94   171   341   418   328   424 0.80 -
h2tg000027l:355408-349562   -            313 67815at71240         -            291    0.0035   16.4   0.0   1   2     0.017        12    4.8   0.0   116   146    10    40     2    44 0.83 -
h2tg000027l:355408-349562   -            313 67815at71240         -            291    0.0035   16.4   0.0   2   2   0.00088      0.63    9.0   0.0   224   283    47   106    43   116 0.88 -
h2tg000147l:2695875-2694703 -            391 67815at71240         -            291    0.0037   16.3   0.0   1   3    0.0031       2.2    7.2   0.0   100   209     8   119     2   150 0.77 -
h2tg000147l:2695875-2694703 -            391 67815at71240         -            291    0.0037   16.3   0.0   2   3    0.0068       4.9    6.1   0.0   156   233   137   213   128   228 0.81 -
h2tg000147l:2695875-2694703 -            391 67815at71240         -            291    0.0037   16.3   0.0   3   3      0.64   4.6e+02   -0.4   0.0   181   214   232   265   211   279 0.79 -
h2tg000873l:39794-40288     -            165 67815at71240         -            291    0.0038   16.3   0.1   1   1   6.4e-06    0.0046   16.0   0.1    94   168    85   159    67   164 0.94 -
h2tg000705l:750520-748829   -            431 67815at71240         -            291     0.015   14.3   0.1   1   3         2   1.4e+03   -2.1   0.0   222   237    79    94    42   102 0.76 -
h2tg000705l:750520-748829   -            431 67815at71240         -            291     0.015   14.3   0.1   2   3   0.00061      0.44    9.5   0.0   185   273   113   202   105   222 0.69 -
h2tg000705l:750520-748829   -            431 67815at71240         -            291     0.015   14.3   0.1   3   3       2.5   1.8e+03   -2.4   0.0   223   270   272   320   269   325 0.67 -
h2tg000512l:175549-177534   -            662 67815at71240         -            291     0.034   13.1   0.1   1   3       2.2   1.6e+03   -2.2   0.0   224   266    35    75    30    83 0.74 -
h2tg000512l:175549-177534   -            662 67815at71240         -            291     0.034   13.1   0.1   2   3      0.12        89    1.9   0.0   119   220   245   347   229   363 0.80 -
h2tg000512l:175549-177534   -            662 67815at71240         -            291     0.034   13.1   0.1   3   3    0.0017       1.2    8.0   0.0   141   217   583   659   551   662 0.82 -
h2tg000767l:390212-389034   -            390 67815at71240         -            291     0.078   12.0   0.0   1   2   0.00027      0.19   10.6   0.0   184   267    92   177    82   201 0.83 -
h2tg000767l:390212-389034   -            390 67815at71240         -            291     0.078   12.0   0.0   2   2       3.4   2.4e+03   -2.8   0.0   257   280   348   373   336   384 0.67 -
h2tg000672l:172268-173089   -            274 67815at71240         -            291     0.091   11.7   0.0   1   2       0.6   4.3e+02   -0.3   0.0   192   240   149   197   124   217 0.65 -
h2tg000672l:172268-173089   -            274 67815at71240         -            291     0.091   11.7   0.0   2   2   0.00056       0.4    9.6   0.0   142   201   205   264   185   271 0.84 -
#
# Program:         hmmsearch
# Version:         3.3.2 (Nov 2020)
# Pipeline mode:   SEARCH
# Query file:      /scratch/srb67793/Pelargonium/busco_downloads/lineages/eudicots_odb10/hmms/67815at71240.hmm
# Target file:     /scratch/srb67793/Pelargonium/P_citronellum_omnic-hap2-busco/run_eudicots_odb10/metaeuk_output/initial_results/P_citronellum_OmniC.hic.bp.hap1.p_ctg.fa.modified.fas
# Option settings: hmmsearch --domtblout /scratch/srb67793/Pelargonium/P_citronellum_omnic-hap2-busco/run_eudicots_odb10/hmmer_output/initial_run_results/67815at71240.out --cpu 1 /scratch/srb67793/Pelargonium/busco_downloads/lineages/eudicots_odb10/hmms/67815at71240.hmm /scratch/srb67793/Pelargonium/P_citronellum_omnic-hap2-busco/run_eudicots_odb10/metaeuk_output/initial_results/P_citronellum_OmniC.hic.bp.hap1.p_ctg.fa.modified.fas 
# Current dir:     /scratch/srb67793/Pelargonium
# Date:            Tue Jul 16 10:31:28 2024
# [ok]
