#                                                                                   --- full sequence --- -------------- this domain -------------   hmm coord   ali coord   env coord
# target name               accession   tlen query name           accession   qlen   E-value  score  bias   #  of  c-Evalue  i-Evalue  score  bias  from    to  from    to  from    to  acc description of target
#       ------------------- ---------- ----- -------------------- ---------- ----- --------- ------ ----- --- --- --------- --------- ------ ----- ----- ----- ----- ----- ----- ----- ---- ---------------------
h2tg000291l:456163-442688   -            381 71100at71240         -            360  9.3e-187  620.0   0.8   1   1  4.3e-190  1.2e-186  619.7   0.8     8   340    35   380    30   381 0.97 -
h2tg000297l:1009958-1008236 -            154 71100at71240         -            360      0.17   10.6   7.0   1   2    0.0068        19    3.9   0.3    64    90    86   112    65   118 0.79 -
h2tg000297l:1009958-1008236 -            154 71100at71240         -            360      0.17   10.6   7.0   2   2   9.1e-05      0.25   10.0   1.6    69    91   125   147   112   152 0.83 -
h2tg000818l:39445-40739     -            146 71100at71240         -            360      0.66    8.7   5.3   1   2   6.8e-05      0.19   10.5   1.0   105   149    41    89    29   116 0.69 -
h2tg000818l:39445-40739     -            146 71100at71240         -            360      0.66    8.7   5.3   2   2      0.09   2.4e+02    0.2   0.2   128   139   131   142   107   145 0.76 -
h2tg000024l:687015-688995   -            175 71100at71240         -            360       3.1    6.4   8.6   1   2    0.0033       8.9    4.9   2.8    70    90    90   110    76   118 0.85 -
h2tg000024l:687015-688995   -            175 71100at71240         -            360       3.1    6.4   8.6   2   2    0.0032       8.8    5.0   0.4    64    89   121   146   112   152 0.69 -
h2tg000801l:9440-4675       -            324 71100at71240         -            360         6    5.5   8.6   1   2     0.041   1.1e+02    1.3   0.8   132   146    43    57    38    63 0.90 -
h2tg000801l:9440-4675       -            324 71100at71240         -            360         6    5.5   8.6   2   2   0.00037         1    8.0   1.5   130   166    64    98    60   117 0.81 -
#
# Program:         hmmsearch
# Version:         3.3.2 (Nov 2020)
# Pipeline mode:   SEARCH
# Query file:      /scratch/srb67793/Pelargonium/busco_downloads/lineages/eudicots_odb10/hmms/71100at71240.hmm
# Target file:     /scratch/srb67793/Pelargonium/P_citronellum_omnic-hap2-busco/run_eudicots_odb10/metaeuk_output/initial_results/P_citronellum_OmniC.hic.bp.hap1.p_ctg.fa.modified.fas
# Option settings: hmmsearch --domtblout /scratch/srb67793/Pelargonium/P_citronellum_omnic-hap2-busco/run_eudicots_odb10/hmmer_output/initial_run_results/71100at71240.out --cpu 1 /scratch/srb67793/Pelargonium/busco_downloads/lineages/eudicots_odb10/hmms/71100at71240.hmm /scratch/srb67793/Pelargonium/P_citronellum_omnic-hap2-busco/run_eudicots_odb10/metaeuk_output/initial_results/P_citronellum_OmniC.hic.bp.hap1.p_ctg.fa.modified.fas 
# Current dir:     /scratch/srb67793/Pelargonium
# Date:            Tue Jul 16 10:31:19 2024
# [ok]
