#                                                                                   --- full sequence --- -------------- this domain -------------   hmm coord   ali coord   env coord
# target name               accession   tlen query name           accession   qlen   E-value  score  bias   #  of  c-Evalue  i-Evalue  score  bias  from    to  from    to  from    to  acc description of target
#       ------------------- ---------- ----- -------------------- ---------- ----- --------- ------ ----- --- --- --------- --------- ------ ----- ----- ----- ----- ----- ----- ----- ---- ---------------------
h2tg000298l:180208-219572   -            634 78140at71240         -            357  3.1e-198  658.1  26.0   1   2       2.8   9.6e+02   -1.5   0.0   312   325   170   183   122   194 0.80 -
h2tg000298l:180208-219572   -            634 78140at71240         -            357  3.1e-198  658.1  26.0   2   2  2.5e-200  8.4e-198  656.6  23.7     1   357   251   633   251   633 0.95 -
h2tg000037l:159171-152849   -            414 78140at71240         -            357  1.6e-145  484.7  19.7   1   2   1.9e-17   6.5e-15   55.0   0.2     2    67    27    94    26   106 0.91 -
h2tg000037l:159171-152849   -            414 78140at71240         -            357  1.6e-145  484.7  19.7   2   2  2.2e-132  7.4e-130  433.1  14.3    67   356   115   414   107   414 0.94 -
h2tg000045l:907563-909872   -            391 78140at71240         -            357  8.2e-144  479.0  25.2   1   1  3.3e-144  1.1e-141  472.0  25.2     2   355     7   391     6   391 0.89 -
h2tg000759l:164914-162720   -            384 78140at71240         -            357  1.4e-143  478.3  22.8   1   1  3.8e-145  1.3e-142  475.1  22.8     3   356     6   381     4   382 0.92 -
h2tg000019l:2338937-2341604 -            388 78140at71240         -            357  6.8e-139  462.8  24.7   1   1    9e-140  3.1e-137  457.4  24.7     2   355     5   388     4   388 0.89 -
h2tg000330l:258579-256394   -            409 78140at71240         -            357  1.4e-128  428.9  46.4   1   2  3.3e-113  1.1e-110  370.0  13.5     2   298     3   323     2   329 0.89 -
h2tg000330l:258579-256394   -            409 78140at71240         -            357  1.4e-128  428.9  46.4   2   2   8.4e-20   2.8e-17   62.7  25.0   290   357   339   409   326   409 0.89 -
h2tg000163l:539717-538286   -            306 78140at71240         -            357  2.5e-115  385.3   7.0   1   1  1.5e-115  5.2e-113  377.7   7.0     3   285     1   306     1   306 0.93 -
h2tg000916l:91863-95820     -            316 78140at71240         -            357  8.9e-112  373.6   9.9   1   2   5.8e-13     2e-10   40.2   0.4     3    67     8    76     6    89 0.88 -
h2tg000916l:91863-95820     -            316 78140at71240         -            357  8.9e-112  373.6   9.9   2   2  2.2e-103  7.5e-101  337.7   3.6    67   285    98   316    82   316 0.96 -
h2tg001535l:5859-2226       -            326 78140at71240         -            357  4.5e-107  358.2  12.5   1   1    1e-108  3.4e-106  355.3  12.5     4   284    28   326    25   326 0.91 -
h2tg000392l:228217-282794   -            323 78140at71240         -            357  7.2e-107  357.5   8.6   1   1  7.1e-109  2.4e-106  355.8   8.6     2   284    23   323    22   323 0.92 -
h2tg000392l:279881-225680   -            330 78140at71240         -            357  5.1e-106  354.7  10.6   1   1  4.7e-107  1.6e-104  349.8  10.6     4   284    29   330    26   330 0.91 -
h2tg000330l:642096-643962   -            336 78140at71240         -            357  3.2e-104  348.8  10.3   1   1  4.4e-105  1.5e-102  343.3  10.3     4   284    33   336    30   336 0.91 -
h2tg000123l:80137-81373     -            341 78140at71240         -            357  3.5e-103  345.3  11.7   1   2   1.4e-59   4.9e-57  193.6   5.9     3   168     8   193     6   197 0.85 -
h2tg000123l:80137-81373     -            341 78140at71240         -            357  3.5e-103  345.3  11.7   2   2   1.7e-45   5.7e-43  147.3   0.3   171   285   228   341   225   341 0.96 -
h2tg000923l:206655-205280   -            325 78140at71240         -            357  7.9e-103  344.2   9.6   1   1  7.5e-105  2.6e-102  342.5   9.6     2   284    23   325    22   325 0.93 -
h2tg000337l:99720-105638    -            327 78140at71240         -            357  9.2e-103  344.0  10.4   1   1  3.4e-104  1.2e-101  340.4  10.4     2   284    23   327    22   327 0.92 -
h2tg000063l:1042848-1041781 -            325 78140at71240         -            357  1.1e-102  343.7   9.6   1   1  1.1e-104  3.8e-102  341.9   9.6     2   284    23   325    22   325 0.93 -
h2tg000561l:170691-172039   -            318 78140at71240         -            357  2.8e-102  342.4  12.8   1   1  1.7e-102  5.6e-100  334.8  12.8     2   292     7   317     6   318 0.87 -
h2tg000028l:35779-36869     -            335 78140at71240         -            357   1.2e-99  333.7   8.4   1   1    3e-101     1e-98  330.7   8.4     3   284    35   335    33   335 0.90 -
h2tg000923l:337777-258788   -            439 78140at71240         -            357   3.4e-98  329.0   9.9   1   1  3.1e-100   1.1e-97  327.3   9.9     2   276   145   439   144   439 0.93 -
h2tg000062l:197028-198266   -            315 78140at71240         -            357   7.5e-98  327.8  12.8   1   1     2e-97   6.7e-95  318.1  12.8     2   292     4   313     3   315 0.87 -
h2tg000330l:835997-837602   -            309 78140at71240         -            357     3e-97  325.9   9.6   1   1   2.7e-98   9.4e-96  320.9   9.6     4   284     5   309     2   309 0.90 -
h2tg000330l:797776-837599   -            771 78140at71240         -            357   2.1e-95  319.8   9.6   1   1   1.2e-96     4e-94  315.6   9.6     4   283   468   771   465   771 0.90 -
h2tg000392l:221469-222511   -            310 78140at71240         -            357   3.6e-95  319.0   8.9   1   1   2.3e-96   7.9e-94  314.6   8.9     4   284     8   310     5   310 0.91 -
h2tg000454l:494475-493010   -            334 78140at71240         -            357   1.3e-94  317.2  12.6   1   1     5e-96   1.7e-93  313.5  12.6     3   284    33   334    31   334 0.92 -
h2tg000454l:514773-513728   -            306 78140at71240         -            357   1.6e-94  316.8  13.3   1   1     7e-96   2.4e-93  313.0  13.3     3   283     6   306     4   306 0.92 -
h2tg000923l:206664-196299   -            304 78140at71240         -            357   2.4e-90  303.1  10.9   1   1   2.4e-92     8e-90  301.4  10.9     2   261    26   303    25   304 0.92 -
h2tg000392l:223548-229289   -            247 78140at71240         -            357   2.9e-88  296.3   4.8   1   1   1.8e-90     6e-88  295.2   4.8    38   276     7   247     1   247 0.93 -
h2tg000624l:271501-273069   -            339 78140at71240         -            357   9.9e-83  278.1  10.7   1   2   4.4e-12   1.5e-09   37.3   1.8     4    65    32    95    29   109 0.89 -
h2tg000624l:271501-273069   -            339 78140at71240         -            357   9.9e-83  278.1  10.7   2   2   1.6e-75   5.5e-73  246.0   1.9    68   284   120   339   105   339 0.96 -
h2tg000392l:177031-175876   -            334 78140at71240         -            357   9.8e-82  274.8   6.4   1   1   3.8e-83   1.3e-80  271.1   6.4     4   265    53   333    50   334 0.91 -
h2tg000929l:254428-255917   -            226 78140at71240         -            357   2.2e-76  257.2   3.0   1   1   1.4e-76   4.7e-74  249.6   3.0     2   202     1   226     1   226 0.89 -
h2tg000392l:221918-222487   -            190 78140at71240         -            357   4.3e-69  233.2   3.2   1   1   1.4e-71   4.7e-69  233.1   3.2    89   276     2   190     1   190 0.97 -
h2tg000454l:514306-513734   -            191 78140at71240         -            357   3.3e-67  227.0   5.3   1   1   1.1e-69   3.7e-67  226.9   5.3    91   281     1   191     1   191 0.97 -
h2tg000297l:651739-653712   -            329 78140at71240         -            357   4.9e-67  226.5   2.6   1   1   7.6e-69   2.6e-66  224.1   2.6     4   281    23   326    20   328 0.82 -
h2tg000392l:279365-278802   -            188 78140at71240         -            357   5.7e-66  222.9   1.7   1   1   1.9e-68   6.4e-66  222.8   1.7    91   276     1   188     1   188 0.97 -
h2tg000402l:50715-52261     -            348 78140at71240         -            357   3.7e-64  217.0   1.7   1   1   4.9e-66   1.7e-63  214.8   1.7     4   281    42   345    39   348 0.81 -
h2tg000398l:40503-38731     -            377 78140at71240         -            357   4.1e-62  210.3   1.8   1   2   3.4e-07   0.00011   21.3   0.0     3    65    61   125    59   134 0.87 -
h2tg000398l:40503-38731     -            377 78140at71240         -            357   4.1e-62  210.3   1.8   2   2   1.2e-57   3.9e-55  187.3   1.7    68   282   148   371   138   377 0.86 -
h2tg000028l:33196-33636     -            147 78140at71240         -            357   7.7e-56  189.6   0.2   1   1   2.5e-58   8.5e-56  189.5   0.2   137   284     1   147     1   147 0.97 -
h2tg000337l:100352-100798   -            149 78140at71240         -            357   7.9e-55  186.3   0.4   1   1   2.6e-57   8.7e-55  186.2   0.4   137   284     1   149     1   149 0.98 -
h2tg000213l:445227-446200   -            186 78140at71240         -            357   1.2e-45  156.1   6.0   1   2   2.4e-34   8.1e-32  110.6   0.3    74   172     1   100     1   122 0.89 -
h2tg000213l:445227-446200   -            186 78140at71240         -            357   1.2e-45  156.1   6.0   2   2   1.7e-15   5.6e-13   48.6   1.0   221   265   136   180   130   186 0.90 -
h2tg000835l:40948-42042     -            175 78140at71240         -            357   1.4e-45  155.9   6.9   1   2   2.9e-34   9.8e-32  110.3   0.3    74   168     1    96     1   113 0.93 -
h2tg000835l:40948-42042     -            175 78140at71240         -            357   1.4e-45  155.9   6.9   2   2   1.5e-15   5.2e-13   48.7   1.9   226   266   115   155   105   169 0.88 -
#
# Program:         hmmsearch
# Version:         3.3.2 (Nov 2020)
# Pipeline mode:   SEARCH
# Query file:      /scratch/srb67793/Pelargonium/busco_downloads/lineages/eudicots_odb10/hmms/78140at71240.hmm
# Target file:     /scratch/srb67793/Pelargonium/P_citronellum_omnic-hap2-busco/run_eudicots_odb10/metaeuk_output/initial_results/P_citronellum_OmniC.hic.bp.hap1.p_ctg.fa.modified.fas
# Option settings: hmmsearch --domtblout /scratch/srb67793/Pelargonium/P_citronellum_omnic-hap2-busco/run_eudicots_odb10/hmmer_output/initial_run_results/78140at71240.out --cpu 1 /scratch/srb67793/Pelargonium/busco_downloads/lineages/eudicots_odb10/hmms/78140at71240.hmm /scratch/srb67793/Pelargonium/P_citronellum_omnic-hap2-busco/run_eudicots_odb10/metaeuk_output/initial_results/P_citronellum_OmniC.hic.bp.hap1.p_ctg.fa.modified.fas 
# Current dir:     /scratch/srb67793/Pelargonium
# Date:            Tue Jul 16 10:31:22 2024
# [ok]
