#                                                                                   --- full sequence --- -------------- this domain -------------   hmm coord   ali coord   env coord
# target name               accession   tlen query name           accession   qlen   E-value  score  bias   #  of  c-Evalue  i-Evalue  score  bias  from    to  from    to  from    to  acc description of target
#       ------------------- ---------- ----- -------------------- ---------- ----- --------- ------ ----- --- --- --------- --------- ------ ----- ----- ----- ----- ----- ----- ----- ---- ---------------------
h2tg000240l:306665-307888   -            408 79752at71240         -            338  5.8e-210  695.8   0.2   1   1  1.9e-212  6.8e-210  695.6   0.2     2   338    67   408    66   408 0.99 -
h2tg000354l:30498-26527     -            386 79752at71240         -            338   5.2e-09   35.1   0.0   1   1   3.2e-11   1.2e-08   34.0   0.0     9   302    71   345    66   379 0.75 -
h2tg000929l:406660-414952   -            501 79752at71240         -            338   1.4e-08   33.8   0.1   1   1   5.8e-11   2.1e-08   33.2   0.1     6   134    18   156    15   199 0.67 -
h2tg000076l:228770-231727   -            284 79752at71240         -            338   6.3e-08   31.6   0.1   1   2   1.8e-05    0.0063   15.1   0.1    11    90     3    83     1   122 0.83 -
h2tg000076l:228770-231727   -            284 79752at71240         -            338   6.3e-08   31.6   0.1   2   2   2.2e-05    0.0081   14.8   0.0   184   260   158   231   104   241 0.81 -
h2tg000344l:67192-69654     -            304 79752at71240         -            338   1.4e-06   27.1   0.4   1   2   1.5e-05    0.0053   15.4   0.1    11    88     4    79     1    93 0.77 -
h2tg000344l:67192-69654     -            304 79752at71240         -            338   1.4e-06   27.1   0.4   2   2   0.00055       0.2   10.2   0.0   177   247   173   242   135   267 0.80 -
h2tg000297l:191663-204804   -            303 79752at71240         -            338   2.1e-05   23.3   0.1   1   1   2.5e-07     9e-05   21.2   0.1    11   230     3   219     1   263 0.60 -
h2tg000133l:12880-10751     -            287 79752at71240         -            338   4.7e-05   22.1   0.0   1   2   1.7e-05    0.0062   15.2   0.0    10    44     5    39     1    67 0.80 -
h2tg000133l:12880-10751     -            287 79752at71240         -            338   4.7e-05   22.1   0.0   2   2     0.019       6.9    5.2   0.0   185   253   157   224   121   232 0.82 -
h2tg000287l:1510-5162       -            643 79752at71240         -            338   5.6e-05   21.9   0.4   1   1   2.6e-07   9.5e-05   21.1   0.4     8   112   133   228   127   258 0.84 -
h2tg000929l:104436-106350   -            308 79752at71240         -            338   0.00014   20.6   0.1   1   2   5.3e-05     0.019   13.6   0.1     8    91     2    83     1    99 0.82 -
h2tg000929l:104436-106350   -            308 79752at71240         -            338   0.00014   20.6   0.1   2   2     0.017       6.2    5.3   0.0   184   247   181   243   132   266 0.81 -
h2tg000639l:346406-341263   -            396 79752at71240         -            338   0.00073   18.2   0.1   1   1   1.2e-05    0.0042   15.7   0.1    10   257    63   309    57   324 0.70 -
h2tg000076l:223379-221454   -            306 79752at71240         -            338    0.0011   17.7   0.5   1   2   0.00061      0.22   10.1   0.2    11    88     3    78     1   109 0.77 -
h2tg000076l:223379-221454   -            306 79752at71240         -            338    0.0011   17.7   0.5   2   2    0.0084         3    6.3   0.0   185   247   180   241   122   253 0.83 -
h2tg000297l:210934-209546   -            303 79752at71240         -            338    0.0011   17.7   0.1   1   1   1.1e-05     0.004   15.8   0.1    11   252     3   238     1   248 0.65 -
h2tg000564l:71470-72546     -            275 79752at71240         -            338    0.0021   16.7   0.0   1   1   8.8e-06    0.0032   16.1   0.0    10    46     6    43     2    99 0.76 -
h2tg000137l:217256-219887   -            198 79752at71240         -            338    0.0021   16.7   0.0   1   1   6.7e-06    0.0024   16.5   0.0    14    49     2    37     1    99 0.89 -
h2tg000564l:66836-72546     -            277 79752at71240         -            338    0.0027   16.4   0.0   1   1   1.2e-05    0.0041   15.7   0.0    11    46     9    45     3   101 0.76 -
h2tg000588l:126072-127327   -            257 79752at71240         -            338    0.0028   16.3   0.1   1   1   9.9e-06    0.0036   16.0   0.1    13   121     3   111     1   130 0.76 -
h2tg001063l:311566-300443   -            260 79752at71240         -            338    0.0051   15.5   0.0   1   1   2.2e-05     0.008   14.8   0.0    12    59     3    49     1    80 0.75 -
h2tg000253l:1008727-1008001 -            122 79752at71240         -            338    0.0053   15.4   0.0   1   1   1.7e-05    0.0063   15.2   0.0    12    49     1    38     1    72 0.84 -
h2tg000070l:68141-68668     -            176 79752at71240         -            338    0.0074   14.9   0.2   1   1   3.1e-05     0.011   14.3   0.2    13    89    39   120    29   125 0.78 -
h2tg000253l:713908-711642   -            323 79752at71240         -            338    0.0075   14.9   0.0   1   1   3.1e-05     0.011   14.3   0.0    12    63     1    48     1    76 0.76 -
h2tg000845l:24010-20290     -            375 79752at71240         -            338    0.0086   14.7   0.0   1   2   0.00015     0.053   12.1   0.0    11    88    53   133    46   157 0.80 -
h2tg000845l:24010-20290     -            375 79752at71240         -            338    0.0086   14.7   0.0   2   2      0.89   3.2e+02   -0.3   0.0   141   168   184   211   165   219 0.90 -
h2tg000153l:2634474-2633232 -            276 79752at71240         -            338      0.01   14.5   0.0   1   1   4.2e-05     0.015   13.9   0.0    12    52     6    46     2    85 0.78 -
h2tg000432l:1020782-1023280 -            249 79752at71240         -            338     0.011   14.3   0.0   1   1   4.3e-05     0.015   13.9   0.0    12    44     1    33     1    66 0.86 -
h2tg000253l:1040273-999371  -            207 79752at71240         -            338     0.016   13.9   0.0   1   1   5.8e-05     0.021   13.4   0.0    12    43     1    32     1    57 0.87 -
h2tg001344l:27295-26314     -            198 79752at71240         -            338     0.025   13.2   0.0   1   1   8.6e-05     0.031   12.9   0.0    11    44     6    39     1    75 0.81 -
h2tg000091l:378144-378690   -            115 79752at71240         -            338     0.027   13.0   0.0   1   1     8e-05     0.029   13.0   0.0    12    50     2    40     1    85 0.75 -
h2tg000522l:88770-87126     -            205 79752at71240         -            338     0.029   13.0   0.0   1   1   0.00012     0.043   12.4   0.0    12    40     1    29     1    75 0.78 -
h2tg000103l:466664-427233   -            307 79752at71240         -            338      0.04   12.5   0.0   1   1   0.00055       0.2   10.2   0.0    12   133     1   118     1   138 0.68 -
h2tg000298l:456749-458507   -            257 79752at71240         -            338     0.043   12.4   0.0   1   2   0.00026     0.095   11.3   0.0    12    51     1    40     1    68 0.82 -
h2tg000298l:456749-458507   -            257 79752at71240         -            338     0.043   12.4   0.0   2   2       3.4   1.2e+03   -2.2   0.0   167   202   114   152    98   168 0.70 -
h2tg000297l:269416-267968   -            281 79752at71240         -            338     0.055   12.1   0.0   1   1   0.00024     0.086   11.4   0.0    12    44     7    39     3    77 0.82 -
h2tg000244l:905339-902796   -            251 79752at71240         -            338     0.065   11.8   0.0   1   1   0.00026     0.093   11.3   0.0    12    45     1    34     1    72 0.83 -
h2tg000178l:1329173-1325326 -            315 79752at71240         -            338      0.08   11.5   0.2   1   1   0.00033      0.12   11.0   0.2    10    83    39   115    32   139 0.72 -
h2tg000070l:61880-70285     -            691 79752at71240         -            338     0.081   11.5   0.2   1   1   0.00037      0.13   10.8   0.2    13    89   438   519   428   524 0.78 -
h2tg000929l:329948-328634   -            260 79752at71240         -            338     0.091   11.3   0.0   1   1   0.00038      0.14   10.7   0.0    12    56     3    47     1    60 0.85 -
h2tg000193l:218506-216560   -            155 79752at71240         -            338       0.1   11.1   0.0   1   1   0.00037      0.13   10.8   0.0    10    36     5    31     1    45 0.80 -
h2tg000393l:592384-592037   -            116 79752at71240         -            338      0.12   10.9   0.2   1   1   0.00047      0.17   10.5   0.2    12    41     4    33     2    45 0.87 -
h2tg001528l:42894-40445     -            252 79752at71240         -            338      0.13   10.9   0.0   1   1   0.00057       0.2   10.2   0.0    12    56     2    43     1    64 0.73 -
h2tg000130l:1157741-1159092 -            260 79752at71240         -            338      0.15   10.6   0.0   1   1   0.00056       0.2   10.2   0.0    12    46     1    35     1    76 0.77 -
#
# Program:         hmmsearch
# Version:         3.3.2 (Nov 2020)
# Pipeline mode:   SEARCH
# Query file:      /scratch/srb67793/Pelargonium/busco_downloads/lineages/eudicots_odb10/hmms/79752at71240.hmm
# Target file:     /scratch/srb67793/Pelargonium/P_citronellum_omnic-hap2-busco/run_eudicots_odb10/metaeuk_output/initial_results/P_citronellum_OmniC.hic.bp.hap1.p_ctg.fa.modified.fas
# Option settings: hmmsearch --domtblout /scratch/srb67793/Pelargonium/P_citronellum_omnic-hap2-busco/run_eudicots_odb10/hmmer_output/initial_run_results/79752at71240.out --cpu 1 /scratch/srb67793/Pelargonium/busco_downloads/lineages/eudicots_odb10/hmms/79752at71240.hmm /scratch/srb67793/Pelargonium/P_citronellum_omnic-hap2-busco/run_eudicots_odb10/metaeuk_output/initial_results/P_citronellum_OmniC.hic.bp.hap1.p_ctg.fa.modified.fas 
# Current dir:     /scratch/srb67793/Pelargonium
# Date:            Tue Jul 16 10:31:13 2024
# [ok]
