#                                                                                   --- full sequence --- -------------- this domain -------------   hmm coord   ali coord   env coord
# target name               accession   tlen query name           accession   qlen   E-value  score  bias   #  of  c-Evalue  i-Evalue  score  bias  from    to  from    to  from    to  acc description of target
#       ------------------- ---------- ----- -------------------- ---------- ----- --------- ------ ----- --- --- --------- --------- ------ ----- ----- ----- ----- ----- ----- ----- ---- ---------------------
h2tg000095l:1223556-1221927 -            306 91349at71240         -            282  9.7e-152  503.6   0.0   1   1  1.6e-154  1.1e-151  503.4   0.0     1   282     3   306     3   306 0.94 -
h2tg000374l:354734-356983   -            314 91349at71240         -            282  8.2e-151  500.6   0.0   1   1  1.3e-153  9.5e-151  500.4   0.0     1   282    11   314    11   314 0.94 -
h2tg000485l:322907-323845   -            313 91349at71240         -            282   8.6e-78  261.0   0.0   1   1   1.4e-80   9.8e-78  260.8   0.0     5   281    16   313    12   313 0.90 -
h2tg001384l:20474-19572     -            301 91349at71240         -            282   2.7e-76  256.1   0.0   1   1   4.2e-79     3e-76  255.9   0.0     5   281     5   301     1   301 0.92 -
h2tg000544l:552404-550736   -            302 91349at71240         -            282   5.2e-76  255.1   0.0   1   1   8.3e-79     6e-76  255.0   0.0     1   281     1   302     1   302 0.92 -
h2tg000438l:151568-150642   -            309 91349at71240         -            282   1.1e-72  244.2   0.0   1   1   1.8e-75   1.3e-72  244.0   0.0     5   281    15   309    11   309 0.91 -
h2tg000267l:340400-342435   -            307 91349at71240         -            282   1.6e-71  240.4   0.0   1   1   2.6e-74   1.8e-71  240.2   0.0     1   281     2   307     2   307 0.89 -
h2tg000396l:218755-215961   -            242 91349at71240         -            282   1.6e-70  237.1   0.2   1   2   2.3e-47   1.7e-44  151.8   0.0    21   177     3   170     1   171 0.93 -
h2tg000396l:218755-215961   -            242 91349at71240         -            282   1.6e-70  237.1   0.2   2   2   2.8e-27     2e-24   85.9   0.0   213   281   169   237   166   238 0.97 -
h2tg000728l:185014-183576   -            252 91349at71240         -            282   1.6e-69  233.8   0.1   1   1   2.3e-71   1.7e-68  230.5   0.1    23   281     5   252     1   252 0.93 -
h2tg001523l:427-5877        -            234 91349at71240         -            282   8.1e-61  205.3   0.4   1   2   2.9e-28   2.1e-25   89.1   0.2    21   141     3   125     1   128 0.89 -
h2tg001523l:427-5877        -            234 91349at71240         -            282   8.1e-61  205.3   0.4   2   2   1.2e-35   8.4e-33  113.4   0.0   184   281   126   228   122   229 0.88 -
h2tg000534l:52910-50753     -            231 91349at71240         -            282     3e-56  190.3   0.3   1   2   4.2e-29     3e-26   91.9   0.2    26   139     2   126     1   132 0.88 -
h2tg000534l:52910-50753     -            231 91349at71240         -            282     3e-56  190.3   0.3   2   2   1.2e-30   8.6e-28   97.0   0.0   183   278   136   231   127   231 0.97 -
h2tg000293l:311618-306222   -            368 91349at71240         -            282   1.9e-44  151.6   0.1   1   2   1.3e-18   9.4e-16   57.4   0.0    20   135   115   239   105   247 0.81 -
h2tg000293l:311618-306222   -            368 91349at71240         -            282   1.9e-44  151.6   0.1   2   2   3.4e-29   2.5e-26   92.2   0.0   181   281   270   367   264   368 0.94 -
h2tg000131l:665485-660941   -            335 91349at71240         -            282   5.6e-44  150.0   1.3   1   2     5e-17   3.6e-14   52.3   0.3    20   134    98   205    89   211 0.83 -
h2tg000131l:665485-660941   -            335 91349at71240         -            282   5.6e-44  150.0   1.3   2   2   3.5e-30   2.5e-27   95.4   0.0   181   281   237   334   232   335 0.93 -
h2tg000470l:94908-97066     -            201 91349at71240         -            282     2e-41  141.7   0.3   1   2   4.3e-27   3.1e-24   85.3   0.1    26   145     1   133     1   144 0.88 -
h2tg000470l:94908-97066     -            201 91349at71240         -            282     2e-41  141.7   0.3   2   2   7.6e-18   5.5e-15   54.9   0.0   211   265   150   201   140   201 0.91 -
h2tg000362l:745767-741956   -            357 91349at71240         -            282   5.3e-39  133.7   0.0   1   1   3.3e-41   2.4e-38  131.6   0.0    20   281    91   353    81   354 0.80 -
h2tg001085l:173110-168694   -            338 91349at71240         -            282    0.0062   15.4   0.2   1   1   1.2e-05    0.0087   14.9   0.2    42   130    81   171    68   196 0.77 -
h2tg000545l:376628-379459   -            944 91349at71240         -            282    0.0063   15.4   0.0   1   1   1.5e-05     0.011   14.6   0.0    28    83   593   648   576   659 0.87 -
h2tg000312l:514349-511518   -            944 91349at71240         -            282    0.0063   15.4   0.0   1   1   1.5e-05     0.011   14.6   0.0    28    83   593   648   576   659 0.87 -
h2tg000976l:9068-6237       -            944 91349at71240         -            282     0.095   11.5   0.0   1   1   0.00022      0.16   10.8   0.0    28    82   593   647   576   659 0.85 -
#
# Program:         hmmsearch
# Version:         3.3.2 (Nov 2020)
# Pipeline mode:   SEARCH
# Query file:      /scratch/srb67793/Pelargonium/busco_downloads/lineages/eudicots_odb10/hmms/91349at71240.hmm
# Target file:     /scratch/srb67793/Pelargonium/P_citronellum_omnic-hap2-busco/run_eudicots_odb10/metaeuk_output/initial_results/P_citronellum_OmniC.hic.bp.hap1.p_ctg.fa.modified.fas
# Option settings: hmmsearch --domtblout /scratch/srb67793/Pelargonium/P_citronellum_omnic-hap2-busco/run_eudicots_odb10/hmmer_output/initial_run_results/91349at71240.out --cpu 1 /scratch/srb67793/Pelargonium/busco_downloads/lineages/eudicots_odb10/hmms/91349at71240.hmm /scratch/srb67793/Pelargonium/P_citronellum_omnic-hap2-busco/run_eudicots_odb10/metaeuk_output/initial_results/P_citronellum_OmniC.hic.bp.hap1.p_ctg.fa.modified.fas 
# Current dir:     /scratch/srb67793/Pelargonium
# Date:            Tue Jul 16 10:31:28 2024
# [ok]
