#                                                                                   --- full sequence --- -------------- this domain -------------   hmm coord   ali coord   env coord
# target name               accession   tlen query name           accession   qlen   E-value  score  bias   #  of  c-Evalue  i-Evalue  score  bias  from    to  from    to  from    to  acc description of target
#       ------------------- ---------- ----- -------------------- ---------- ----- --------- ------ ----- --- --- --------- --------- ------ ----- ----- ----- ----- ----- ----- ----- ---- ---------------------
h2tg000432l:877255-875911   -            305 99578at71240         -            281  1.1e-143  477.4   0.2   1   1  6.5e-146  1.2e-143  477.2   0.2     1   280     1   305     1   305 0.92 -
h2tg001262l:9042-6773       -            346 99578at71240         -            281    2e-114  381.3  14.1   1   2   3.6e-44   6.9e-42  143.4   1.2     1    78     1    79     1    87 0.97 -
h2tg001262l:9042-6773       -            346 99578at71240         -            281    2e-114  381.3  14.1   2   2   9.8e-73   1.8e-70  237.1   5.6    79   280   101   346    90   346 0.81 -
h2tg000075l:375113-377568   -            315 99578at71240         -            281  4.1e-114  380.3   2.8   1   1  6.7e-115  1.3e-112  375.4   2.8     1   281     1   315     1   315 0.88 -
h2tg000127l:693204-695861   -            353 99578at71240         -            281  8.7e-114  379.2  12.6   1   3   1.6e-44   3.1e-42  144.5   2.4     1    79     1    80     1    98 0.95 -
h2tg000127l:693204-695861   -            353 99578at71240         -            281  8.7e-114  379.2  12.6   2   3    0.0046      0.87    8.5   0.3    79    99   104   125    85   131 0.83 -
h2tg000127l:693204-695861   -            353 99578at71240         -            281  8.7e-114  379.2  12.6   3   3   2.2e-71   4.2e-69  232.6   0.1   117   280   172   353   151   353 0.91 -
h2tg000073l:207782-211078   -            352 99578at71240         -            281  8.9e-108  359.5  12.8   1   2   5.2e-42   9.8e-40  136.3   6.5     1   101     1   130     1   146 0.82 -
h2tg000073l:207782-211078   -            352 99578at71240         -            281  8.9e-108  359.5  12.8   2   2   2.4e-68   4.6e-66  222.7   0.5    84   279   150   352   132   352 0.86 -
h2tg001456l:31414-34967     -            342 99578at71240         -            281  7.6e-107  356.5  15.1   1   2   1.1e-43   2.1e-41  141.8   7.4     1   104     1   123     1   137 0.84 -
h2tg001456l:31414-34967     -            342 99578at71240         -            281  7.6e-107  356.5  15.1   2   2   1.5e-66   2.8e-64  216.8   0.9   116   279   160   341   133   342 0.89 -
h2tg000984l:82395-76799     -            341 99578at71240         -            281  6.2e-105  350.2   1.2   1   2   4.3e-39   8.1e-37  126.7   0.5     1    78     1    79     1   104 0.89 -
h2tg000984l:82395-76799     -            341 99578at71240         -            281  6.2e-105  350.2   1.2   2   2     3e-68   5.7e-66  222.4   0.0    79   280   114   341    95   341 0.84 -
h2tg000665l:157269-156445   -            216 99578at71240         -            281   2.4e-64  217.0   0.1   1   1   1.6e-66   3.1e-64  216.7   0.1    80   281     1   216     1   216 0.88 -
h2tg000695l:19326-20674     -            225 99578at71240         -            281   1.1e-63  214.9   1.4   1   2   5.7e-18   1.1e-15   57.4   0.3     4    55     1    53     1    55 0.93 -
h2tg000695l:19326-20674     -            225 99578at71240         -            281   1.1e-63  214.9   1.4   2   2   5.2e-49   9.8e-47  159.3   0.1   116   272    51   225    51   225 0.88 -
h2tg000695l:20017-20674     -            185 99578at71240         -            281   1.5e-47  161.9   0.0   1   1   9.7e-50   1.8e-47  161.7   0.0   118   272    15   185     9   185 0.89 -
h2tg000001l:13864-13251     -            178 99578at71240         -            281   1.8e-45  155.1   0.1   1   1   1.1e-47   2.1e-45  154.9   0.1   120   275     1   174     1   178 0.88 -
h2tg000391l:722115-722728   -            178 99578at71240         -            281   1.8e-45  155.1   0.1   1   1   1.1e-47   2.1e-45  154.9   0.1   120   275     1   174     1   178 0.88 -
h2tg000968l:70246-62402     -            185 99578at71240         -            281   1.6e-37  129.1   0.4   1   2   7.9e-25   1.5e-22   79.9   0.2     5    99     1    87     1    89 0.93 -
h2tg000968l:70246-62402     -            185 99578at71240         -            281   1.6e-37  129.1   0.4   2   2   4.3e-15   8.2e-13   48.0   0.0   153   231    88   172    85   183 0.89 -
h2tg000089l:326371-322738   -            474 99578at71240         -            281   2.5e-20   72.6   0.0   1   1   2.2e-22   4.2e-20   71.9   0.0     3    78   367   441   365   463 0.89 -
h2tg000508l:420247-424452   -            475 99578at71240         -            281   3.2e-20   72.3   0.0   1   1   2.8e-22   5.3e-20   71.6   0.0     3    77   360   433   358   458 0.87 -
h2tg000479l:167558-172116   -            179 99578at71240         -            281   4.1e-16   58.8   0.5   1   1   2.8e-18   5.2e-16   58.5   0.5     3    67     1    70     1    87 0.86 -
h2tg000034l:625609-639402   -            351 99578at71240         -            281   9.5e-16   57.6   1.2   1   2   6.7e-14   1.3e-11   44.1   0.5     3    69     9    75     7   138 0.84 -
h2tg000034l:625609-639402   -            351 99578at71240         -            281   9.5e-16   57.6   1.2   2   2   0.00033     0.062   12.3   0.0   159   233   204   282   193   335 0.73 -
h2tg000343l:82327-84480     -            718 99578at71240         -            281   3.7e-15   55.7   0.0   1   1   4.1e-17   7.7e-15   54.6   0.0     3    78    66   140    64   157 0.89 -
h2tg000199l:31163-31822     -            220 99578at71240         -            281   2.5e-14   52.9   0.0   1   1   1.6e-16     3e-14   52.7   0.0     3    76    60   132    58   182 0.86 -
h2tg000995l:150590-150186   -            135 99578at71240         -            281   3.6e-14   52.4   1.2   1   1   2.8e-16   5.3e-14   51.9   1.2     3    93     3   104     1   123 0.71 -
h2tg000018l:22546-26456     -            321 99578at71240         -            281   5.6e-14   51.8   0.9   1   1   3.7e-16   7.1e-14   51.5   0.9     2    83    73   153    72   187 0.86 -
h2tg000768l:135283-135092   -             64 99578at71240         -            281   1.1e-13   50.8   0.0   1   1   6.3e-16   1.2e-13   50.7   0.0     6    65     1    64     1    64 0.86 -
h2tg000086l:54358-54140     -             73 99578at71240         -            281   1.2e-13   50.7   0.1   1   1   7.2e-16   1.4e-13   50.5   0.1     4    70     1    66     1    72 0.90 -
h2tg000409l:14501-13815     -            229 99578at71240         -            281     5e-13   48.7   0.1   1   1   3.7e-15   6.9e-13   48.2   0.1   154   274    92   224    86   228 0.84 -
h2tg000442l:136709-136023   -            229 99578at71240         -            281   5.1e-13   48.7   0.1   1   1   3.7e-15   6.9e-13   48.2   0.1   154   274    92   224    86   228 0.84 -
h2tg000042l:245617-245949   -            111 99578at71240         -            281     1e-12   47.6   0.5   1   1   1.4e-14   2.7e-12   46.3   0.5    14    80    15    93     1   109 0.73 -
h2tg000246l:860464-860739   -             92 99578at71240         -            281   1.1e-12   47.6   0.0   1   1   5.7e-15   1.1e-12   47.6   0.0     5    91     3    91     1    92 0.78 -
h2tg001348l:62310-62552     -             81 99578at71240         -            281   1.3e-12   47.3   0.0   1   1   7.5e-15   1.4e-12   47.2   0.0    12    67     9    65     1    74 0.86 -
h2tg000245l:384796-384464   -            111 99578at71240         -            281   1.7e-12   46.9   0.5   1   1     2e-14   3.9e-12   45.8   0.5    14    83    15    96     1   109 0.73 -
h2tg000463l:86653-90252     -            301 99578at71240         -            281   3.1e-12   46.1   1.6   1   1   2.5e-14   4.7e-12   45.5   1.6     3   155    33   189    31   205 0.75 -
h2tg000038l:16468-16325     -             48 99578at71240         -            281   3.3e-12   46.0   0.3   1   1   1.8e-14   3.4e-12   46.0   0.3     4    49     3    48     1    48 0.90 -
h2tg000191l:460314-460457   -             48 99578at71240         -            281   3.7e-12   45.8   0.5   1   1     2e-14   3.8e-12   45.8   0.5     4    49     3    48     1    48 0.90 -
h2tg000014l:221157-218233   -            564 99578at71240         -            281   7.6e-12   44.8   0.0   1   1   5.7e-14   1.1e-11   44.3   0.0     8    85     7    82     2   142 0.79 -
h2tg000361l:286363-284093   -            757 99578at71240         -            281     8e-12   44.7   0.0   1   1   8.1e-14   1.5e-11   43.8   0.0     2    83    58   139    57   188 0.77 -
h2tg000292l:140469-141152   -            228 99578at71240         -            281   8.9e-12   44.6   0.1   1   1   5.9e-14   1.1e-11   44.3   0.1   157   274    95   224    84   228 0.83 -
h2tg000838l:104776-106587   -            604 99578at71240         -            281     1e-11   44.4   0.0   1   1     9e-14   1.7e-11   43.7   0.0     3    75    59   130    57   149 0.83 -
h2tg000094l:260901-262841   -            647 99578at71240         -            281     2e-11   43.4   0.0   1   1   1.8e-13   3.4e-11   42.7   0.0     3    76    63   135    61   159 0.87 -
h2tg001533l:30152-28068     -            695 99578at71240         -            281   2.3e-11   43.2   0.1   1   1   1.9e-13   3.7e-11   42.6   0.1     3    70    64   130    62   145 0.87 -
h2tg000371l:42306-44357     -            684 99578at71240         -            281   2.4e-11   43.1   0.0   1   1     3e-13   5.7e-11   41.9   0.0     3    68    62   126    60   142 0.87 -
h2tg000932l:69487-69684     -             66 99578at71240         -            281   2.6e-11   43.0   0.1   1   1   1.4e-13   2.7e-11   43.0   0.1    15    66    12    66     1    66 0.78 -
h2tg000131l:1033452-1033258 -             65 99578at71240         -            281   4.8e-11   42.2   0.0   1   1   2.7e-13   5.1e-11   42.1   0.0     6    65     2    65     1    65 0.87 -
h2tg000032l:42728-43015     -             96 99578at71240         -            281   5.9e-11   41.9   0.0   1   1   3.4e-13   6.3e-11   41.8   0.0     6    67     1    60     1    76 0.90 -
h2tg000178l:206414-203536   -            216 99578at71240         -            281   7.9e-11   41.5   0.5   1   1   5.7e-13   1.1e-10   41.0   0.5     5    70    75   141    72   166 0.85 -
h2tg000857l:990-823         -             56 99578at71240         -            281   8.3e-11   41.4   0.3   1   1   4.7e-13   8.8e-11   41.3   0.3     3    54     6    56     4    56 0.87 -
h2tg001276l:2028-2195       -             56 99578at71240         -            281   8.3e-11   41.4   0.3   1   1   4.7e-13   8.8e-11   41.3   0.3     3    54     6    56     4    56 0.87 -
h2tg000449l:399498-397493   -            626 99578at71240         -            281   1.5e-10   40.6   0.0   1   1     2e-12   3.8e-10   39.2   0.0     3    70    62   128    60   143 0.85 -
h2tg000092l:297211-297474   -             88 99578at71240         -            281   1.5e-10   40.5   0.4   1   1   2.7e-10   5.1e-08   32.2   0.4     3    61     2    59     1    88 0.61 -
h2tg000095l:1747381-1742774 -            741 99578at71240         -            281   4.1e-10   39.1   0.1   1   1   3.6e-12   6.7e-10   38.4   0.1     4    68   443   509   441   555 0.80 -
h2tg001076l:16293-16003     -             97 99578at71240         -            281   5.3e-10   38.8   0.0   1   1     3e-12   5.6e-10   38.7   0.0     6    67     1    65     1    80 0.90 -
h2tg001150l:24086-24376     -             97 99578at71240         -            281   5.3e-10   38.8   0.0   1   1     3e-12   5.6e-10   38.7   0.0     6    67     1    65     1    80 0.90 -
h2tg000613l:45500-46147     -            216 99578at71240         -            281   1.3e-09   37.5   0.2   1   1   9.8e-12   1.9e-09   37.0   0.2     3    67    59   123    57   139 0.87 -
h2tg000123l:494440-500782   -            516 99578at71240         -            281   1.4e-09   37.3   0.1   1   1   1.2e-11   2.2e-09   36.7   0.1     5    68    46   111    42   123 0.85 -
h2tg000579l:438792-439244   -            151 99578at71240         -            281   2.6e-09   36.5   0.0   1   1   1.8e-11   3.3e-09   36.1   0.0     3    66    84   151    82   151 0.89 -
h2tg000621l:574655-578695   -            260 99578at71240         -            281   3.5e-09   36.1   0.5   1   1   3.1e-11   5.9e-09   35.3   0.5    12    68    80   141    75   174 0.84 -
h2tg000449l:221766-158625   -            382 99578at71240         -            281   3.6e-09   36.1   0.0   1   1   2.7e-11   5.2e-09   35.5   0.0     3    77    61   134    59   165 0.84 -
h2tg000266l:48038-48601     -            188 99578at71240         -            281     9e-09   34.7   0.1   1   1   7.3e-11   1.4e-08   34.1   0.1     4    91    19   111    16   134 0.79 -
h2tg000266l:42867-42304     -            188 99578at71240         -            281   1.2e-08   34.4   0.1   1   1   9.5e-11   1.8e-08   33.7   0.0     4    91    19   111    16   133 0.78 -
h2tg000393l:432726-436824   -            712 99578at71240         -            281   1.2e-08   34.3   0.1   1   1     1e-10     2e-08   33.6   0.1     4    75   437   511   435   554 0.75 -
h2tg000478l:153282-195995   -            328 99578at71240         -            281   6.3e-08   32.0   0.0   1   1   5.1e-10   9.6e-08   31.4   0.0     4    91    11   103     8   124 0.79 -
h2tg000367l:368756-384831   -           2547 99578at71240         -            281   1.1e-07   31.2   0.1   1   1     1e-09   1.9e-07   30.4   0.1     9    56  1521  1564  1516  1572 0.85 -
h2tg000223l:1730390-1715882 -           2575 99578at71240         -            281     4e-07   29.3   0.1   1   1   3.6e-09   6.9e-07   28.5   0.1    10    54  1531  1571  1527  1579 0.84 -
h2tg000803l:18435-18310     -             42 99578at71240         -            281   2.3e-06   26.8   0.0   1   1   1.2e-08   2.3e-06   26.8   0.0     6    35    10    40     6    42 0.88 -
h2tg000503l:522920-523018   -             33 99578at71240         -            281   3.5e-06   26.2   0.0   1   1   1.9e-08   3.6e-06   26.2   0.0     4    35     1    33     1    33 0.86 -
h2tg000619l:250184-248500   -            465 99578at71240         -            281   7.1e-06   25.2   0.0   1   1     6e-08   1.1e-05   24.6   0.0     2    68    57   121    56   135 0.82 -
h2tg000080l:1604729-1596822 -            589 99578at71240         -            281   9.5e-06   24.8   1.0   1   1   9.6e-08   1.8e-05   23.9   1.0     6    79   316   386   312   397 0.82 -
h2tg000968l:65536-65414     -             41 99578at71240         -            281   9.9e-06   24.7   0.1   1   1   5.5e-08     1e-05   24.7   0.1     4    34    10    41     7    41 0.93 -
h2tg000450l:245697-245542   -             52 99578at71240         -            281   1.9e-05   23.8   0.0   1   1     1e-07   1.9e-05   23.8   0.0    17    54    14    52     1    52 0.77 -
h2tg000258l:281874-280078   -            599 99578at71240         -            281   6.3e-05   22.1   0.0   1   1   5.5e-07    0.0001   21.4   0.0     6    68    70   131    66   143 0.86 -
h2tg000292l:477871-477500   -            124 99578at71240         -            281   0.00053   19.1   0.0   1   1   3.4e-06   0.00064   18.8   0.0     3    66    60   124    58   124 0.84 -
h2tg000775l:132783-130873   -            637 99578at71240         -            281    0.0058   15.7   2.7   1   1   4.4e-05    0.0084   15.1   1.5     3   105    61   164    59   207 0.70 -
h2tg001124l:11572-16695     -            453 99578at71240         -            281     0.011   14.7   0.0   1   1   9.3e-05     0.018   14.1   0.0     3    57   257   313   255   319 0.77 -
h2tg000888l:91494-85630     -            452 99578at71240         -            281     0.015   14.3   0.0   1   1   0.00013     0.024   13.6   0.0    13    57   275   318   261   325 0.75 -
#
# Program:         hmmsearch
# Version:         3.3.2 (Nov 2020)
# Pipeline mode:   SEARCH
# Query file:      /scratch/srb67793/Pelargonium/busco_downloads/lineages/eudicots_odb10/hmms/99578at71240.hmm
# Target file:     /scratch/srb67793/Pelargonium/P_citronellum_omnic-hap2-busco/run_eudicots_odb10/metaeuk_output/initial_results/P_citronellum_OmniC.hic.bp.hap1.p_ctg.fa.modified.fas
# Option settings: hmmsearch --domtblout /scratch/srb67793/Pelargonium/P_citronellum_omnic-hap2-busco/run_eudicots_odb10/hmmer_output/initial_run_results/99578at71240.out --cpu 1 /scratch/srb67793/Pelargonium/busco_downloads/lineages/eudicots_odb10/hmms/99578at71240.hmm /scratch/srb67793/Pelargonium/P_citronellum_omnic-hap2-busco/run_eudicots_odb10/metaeuk_output/initial_results/P_citronellum_OmniC.hic.bp.hap1.p_ctg.fa.modified.fas 
# Current dir:     /scratch/srb67793/Pelargonium
# Date:            Tue Jul 16 10:31:29 2024
# [ok]
