#                                                                                     --- full sequence --- -------------- this domain -------------   hmm coord   ali coord   env coord
# target name                 accession   tlen query name           accession   qlen   E-value  score  bias   #  of  c-Evalue  i-Evalue  score  bias  from    to  from    to  from    to  acc description of target
#         ------------------- ---------- ----- -------------------- ---------- ----- --------- ------ ----- --- --- --------- --------- ------ ----- ----- ----- ----- ----- ----- ----- ---- ---------------------
scaffold_12:5889056-5891388   -            355 102513at71240        -            275  1.4e-135  450.0   0.0   1   1  2.2e-137  2.5e-135  449.1   0.0    20   275    70   355    66   355 0.93 -
scaffold_8:21285242-21292763  -            340 102513at71240        -            275   4.7e-60  202.3   0.0   1   1   6.4e-62   7.3e-60  201.6   0.0    21   274    60   338    53   339 0.86 -
scaffold_4:19024521-19022261  -            345 102513at71240        -            275   5.7e-60  202.0   0.0   1   1   6.8e-62   7.8e-60  201.5   0.0    20   273    66   343    60   345 0.88 -
scaffold_3:38947334-38949797  -            354 102513at71240        -            275   2.2e-58  196.8   0.0   1   1   3.1e-60   3.6e-58  196.1   0.0    21   271    79   354    69   354 0.86 -
scaffold_10:11087812-11091461 -            320 102513at71240        -            275   1.9e-57  193.7   0.0   1   1   2.2e-59   2.5e-57  193.3   0.0    20   245    59   300    44   312 0.91 -
scaffold_6:25390468-25388040  -            304 102513at71240        -            275   3.9e-57  192.7   0.0   1   1   4.7e-59   5.4e-57  192.2   0.0    19   242    59   302    52   304 0.87 -
scaffold_3:3858862-3856821    -            328 102513at71240        -            275   4.3e-57  192.5   0.0   1   1   4.9e-59   5.6e-57  192.2   0.0    20   245    57   298    46   325 0.91 -
scaffold_10:4387050-4388390   -            338 102513at71240        -            275   7.5e-57  191.7   0.0   1   1   8.4e-59   9.6e-57  191.4   0.0    20   273    60   337    44   338 0.90 -
scaffold_5:23510103-23512456  -            330 102513at71240        -            275   9.6e-57  191.4   0.0   1   1   1.1e-58   1.3e-56  191.0   0.0    20   245    59   300    44   329 0.90 -
scaffold_6:9085078-9082971    -            327 102513at71240        -            275   8.6e-56  188.3   0.0   1   1   1.1e-57   1.3e-55  187.7   0.0    20   264    49   317    37   326 0.83 -
scaffold_7:679789-678467      -            352 102513at71240        -            275   2.2e-54  183.6   0.0   1   1     3e-56   3.4e-54  183.0   0.0    17   272    64   349    52   352 0.85 -
scaffold_10:1564485-1563329   -            321 102513at71240        -            275   1.9e-53  180.6   0.0   1   1   2.3e-55   2.6e-53  180.1   0.0    21   242    68   308    59   316 0.89 -
scaffold_12:13269310-13270598 -            343 102513at71240        -            275   3.1e-53  179.9   0.0   1   1   3.8e-55   4.3e-53  179.4   0.0    20   242    66   307    58   315 0.89 -
scaffold_3:5388005-5315246    -            343 102513at71240        -            275   5.2e-53  179.1   0.0   1   1   7.1e-55   8.2e-53  178.5   0.0    20   274    64   342    57   343 0.87 -
scaffold_607:11109-14555      -            345 102513at71240        -            275   1.7e-52  177.5   0.0   1   1   2.2e-54   2.5e-52  176.9   0.0    20   273    64   342    59   344 0.87 -
scaffold_8:1932501-1934191    -            321 102513at71240        -            275     3e-52  176.6   0.0   1   1   3.9e-54   4.4e-52  176.1   0.0    20   273    44   318    31   320 0.88 -
scaffold_3:5413210-5415710    -            327 102513at71240        -            275   9.6e-52  175.0   0.0   1   1   1.2e-53   1.4e-51  174.5   0.0    20   271    48   323    43   327 0.87 -
scaffold_10:907291-903953     -            270 102513at71240        -            275   3.6e-51  173.1   0.0   1   1     4e-53   4.5e-51  172.8   0.0    30   268     1   264     1   269 0.81 -
scaffold_10:9102158-9103914   -            341 102513at71240        -            275     4e-51  173.0   0.0   1   1   5.1e-53   5.8e-51  172.4   0.0    21   274    63   340    55   341 0.88 -
scaffold_4:33679969-33678239  -            256 102513at71240        -            275   1.1e-50  171.5   0.0   1   1   1.2e-52   1.4e-50  171.2   0.0    32   256     1   244     1   255 0.84 -
scaffold_6:22870441-22874893  -            326 102513at71240        -            275   3.7e-50  169.8   0.0   1   1   4.5e-52   5.1e-50  169.3   0.0    20   271    53   326    45   326 0.86 -
scaffold_1:40174257-40156136  -            312 102513at71240        -            275   8.7e-50  168.6   0.0   1   1   9.7e-52   1.1e-49  168.2   0.0    19   246    46   289    26   311 0.85 -
scaffold_1:40172143-40166565  -            328 102513at71240        -            275   9.6e-50  168.4   0.0   1   1   1.4e-51   1.6e-49  167.7   0.0    19   262    49   315    39   326 0.82 -
scaffold_13:12465556-12459788 -            301 102513at71240        -            275   6.1e-49  165.8   0.0   1   1   7.2e-51   8.3e-49  165.4   0.0    20   244    45   287    37   291 0.88 -
scaffold_6:20983179-20984526  -            276 102513at71240        -            275   1.7e-47  161.1   0.0   1   1   1.9e-49   2.2e-47  160.7   0.0    20   244    20   262    13   268 0.89 -
scaffold_12:8105863-8104833   -            294 102513at71240        -            275   5.8e-47  159.3   0.0   1   1   6.4e-49   7.3e-47  159.0   0.0    20   245    24   260    15   288 0.84 -
scaffold_6:20996238-20997431  -            293 102513at71240        -            275   5.9e-47  159.3   0.0   1   1   7.6e-49   8.6e-47  158.7   0.0    20   261    23   291    15   293 0.85 -
scaffold_4:21787653-21789259  -            332 102513at71240        -            275     7e-47  159.1   0.0   1   1   1.6e-48   1.9e-46  157.6   0.0    20   245    42   294    31   317 0.85 -
scaffold_3:5695430-5692426    -            292 102513at71240        -            275   6.3e-46  155.9   0.0   1   1   7.4e-48   8.5e-46  155.5   0.0    20   244    27   271    19   280 0.86 -
scaffold_3:4454178-4458425    -            335 102513at71240        -            275   2.3e-45  154.1   0.0   1   1   2.7e-47   3.1e-45  153.6   0.0    20   250    65   310    60   315 0.85 -
scaffold_1:38974568-38973560  -            271 102513at71240        -            275   8.2e-45  152.3   0.0   1   1   8.3e-47   9.5e-45  152.0   0.0    28   274     1   270     1   271 0.86 -
scaffold_6:34674142-34672965  -            250 102513at71240        -            275   1.7e-44  151.2   0.0   1   1   1.8e-46   2.1e-44  150.9   0.0    31   245     2   227     1   246 0.86 -
scaffold_4:24093390-24091603  -            357 102513at71240        -            275   4.6e-44  149.8   0.0   1   1   5.5e-46   6.3e-44  149.3   0.0    22   266    72   344    58   351 0.84 -
scaffold_5:12591947-12585710  -            337 102513at71240        -            275   1.3e-43  148.3   0.0   1   1   4.2e-45   4.8e-43  146.5   0.0    20   257    44   318    36   333 0.78 -
scaffold_9:4077661-4079775    -            351 102513at71240        -            275   7.6e-43  145.8   0.0   1   1   1.1e-44   1.2e-42  145.2   0.0    20   244    60   310    52   347 0.82 -
scaffold_6:10254682-10256692  -            341 102513at71240        -            275   9.7e-43  145.4   0.0   1   1   1.2e-44   1.4e-42  145.0   0.0    20   246    61   303    57   337 0.86 -
scaffold_5:12599660-12598563  -            238 102513at71240        -            275   1.9e-42  144.5   0.0   1   2   4.1e-09   4.7e-07   28.4   0.0    20    58    12    52     7    60 0.85 -
scaffold_5:12599660-12598563  -            238 102513at71240        -            275   1.9e-42  144.5   0.0   2   2   1.9e-35   2.2e-33  114.8   0.0    92   245    54   215    51   236 0.87 -
scaffold_3:10763130-10762105  -            342 102513at71240        -            275     4e-42  143.4   0.0   1   1   4.6e-44   5.3e-42  143.0   0.0    19   236    62   290    54   340 0.82 -
scaffold_8:23031224-23032425  -            283 102513at71240        -            275   5.1e-42  143.1   0.0   1   1   5.4e-44   6.2e-42  142.8   0.0    20   245    21   260     3   283 0.84 -
scaffold_1:32257063-32258207  -            299 102513at71240        -            275   5.8e-41  139.6   0.0   1   1   7.8e-43   8.9e-41  139.0   0.0    20   246    26   259    12   298 0.83 -
scaffold_6:20974618-20976164  -            267 102513at71240        -            275   1.3e-40  138.5   0.0   1   1   1.4e-42   1.6e-40  138.1   0.0    21   236    30   267    23   267 0.85 -
scaffold_3:10730812-10729012  -            347 102513at71240        -            275   1.6e-40  138.2   0.0   1   1   1.8e-42     2e-40  137.8   0.0    19   235    67   294    56   340 0.84 -
scaffold_53:342889-339974     -            308 102513at71240        -            275   4.2e-40  136.8   0.0   1   1   1.7e-39   1.9e-37  128.1   0.0    20   240    43   258    36   303 0.82 -
scaffold_11:2311932-2336433   -            342 102513at71240        -            275   4.6e-40  136.7   0.0   1   1     7e-42     8e-40  135.9   0.0    21   268    66   335    54   341 0.78 -
scaffold_1:40165324-40161387  -            176 102513at71240        -            275   2.6e-39  134.2   0.0   1   1   2.6e-41     3e-39  134.0   0.0   101   247     1   150     1   173 0.90 -
scaffold_2:34069806-34064281  -            335 102513at71240        -            275   6.4e-39  132.9   0.0   1   1   8.5e-41   9.7e-39  132.3   0.0    21   267    67   332    57   335 0.83 -
scaffold_1:40229972-40233060  -            257 102513at71240        -            275   2.7e-37  127.6   0.0   1   1   2.8e-39   3.2e-37  127.4   0.0    31   246     2   233     1   252 0.86 -
scaffold_2:10573112-10549062  -            343 102513at71240        -            275   3.9e-37  127.1   0.0   1   1   4.7e-39   5.4e-37  126.6   0.0    20   241    66   306    58   343 0.80 -
scaffold_1:38990370-38977912  -            252 102513at71240        -            275   4.4e-37  126.9   0.0   1   1   4.3e-39   4.9e-37  126.7   0.0    48   244     3   213     1   244 0.86 -
scaffold_7:29738941-29741038  -            307 102513at71240        -            275   9.4e-37  125.8   0.0   1   1   2.5e-38   2.9e-36  124.2   0.0    20   245    62   302    51   306 0.81 -
scaffold_11:2333197-2338096   -            313 102513at71240        -            275   1.9e-36  124.8   0.0   1   2   3.9e-37   4.5e-35  120.3   0.0    20   234    38   250    30   255 0.88 -
scaffold_11:2333197-2338096   -            313 102513at71240        -            275   1.9e-36  124.8   0.0   2   2      0.55        63    1.7   0.0   243   272   281   310   272   313 0.87 -
scaffold_2:6667935-6669181    -            308 102513at71240        -            275   1.9e-36  124.8   0.0   1   1   2.3e-38   2.7e-36  124.3   0.0    11   245    38   280    33   295 0.82 -
scaffold_5:916123-906846      -            299 102513at71240        -            275     3e-36  124.2   0.0   1   1   3.6e-38   4.1e-36  123.7   0.0    20   244    27   258    18   267 0.86 -
scaffold_13:10360329-10365049 -            308 102513at71240        -            275   3.5e-36  123.9   0.0   1   2   0.00037     0.042   12.2   0.0    20    51    59    90    51   107 0.80 -
scaffold_13:10360329-10365049 -            308 102513at71240        -            275   3.5e-36  123.9   0.0   2   2   5.5e-34   6.2e-32  110.0   0.0    81   267   101   308    95   308 0.81 -
scaffold_11:1827357-1828402   -            304 102513at71240        -            275   3.9e-36  123.8   0.0   1   1   5.1e-38   5.8e-36  123.2   0.0    20   237    30   258    22   304 0.77 -
scaffold_9:13974847-13975994  -            274 102513at71240        -            275   2.3e-35  121.3   0.0   1   1   2.4e-37   2.8e-35  121.0   0.0    29   245     1   233     1   246 0.85 -
scaffold_8:22852622-22851052  -            270 102513at71240        -            275   2.6e-35  121.1   0.0   1   1   3.2e-37   3.7e-35  120.6   0.0    21   245     1   242     1   265 0.84 -
scaffold_10:4385442-4386133   -            188 102513at71240        -            275   2.1e-34  118.1   0.0   1   1   1.9e-36   2.2e-34  118.1   0.0   102   245     2   150     1   188 0.88 -
scaffold_5:10782172-10783122  -            191 102513at71240        -            275   2.2e-34  118.1   0.0   1   1   2.2e-36   2.5e-34  117.9   0.0   102   244     1   153     1   190 0.86 -
scaffold_11:1654828-1652623   -            268 102513at71240        -            275     3e-34  117.6   0.0   1   1   5.6e-35   6.4e-33  113.2   0.0    20   256    27   264    19   268 0.81 -
scaffold_2:10582209-10581418  -            189 102513at71240        -            275   4.1e-34  117.2   0.0   1   1     5e-36   5.7e-34  116.7   0.0   105   270     3   184     1   189 0.88 -
scaffold_2:9285505-9284308    -            248 102513at71240        -            275   1.5e-33  115.3   0.0   1   2   1.8e-05     0.002   16.5   0.0    20    47    46    73    38    80 0.86 -
scaffold_2:9285505-9284308    -            248 102513at71240        -            275   1.5e-33  115.3   0.0   2   2   4.3e-30   4.9e-28   97.2   0.0    95   246    80   235    76   248 0.87 -
scaffold_1:38974891-38973892  -            259 102513at71240        -            275   1.6e-33  115.2   0.0   1   1   1.8e-35     2e-33  114.9   0.0    21   207    58   259    46   259 0.87 -
scaffold_1:22156814-22157926  -            279 102513at71240        -            275     3e-33  114.3   0.0   1   1   3.9e-33   4.4e-31  107.2   0.0    20   246    49   268    38   272 0.85 -
scaffold_1:20339693-20342318  -            267 102513at71240        -            275   3.9e-33  114.0   0.0   1   1   9.2e-35     1e-32  112.5   0.0    20   254    26   266    21   267 0.83 -
scaffold_10:4391179-4391751   -            191 102513at71240        -            275   3.8e-32  110.7   0.0   1   1   3.6e-34   4.2e-32  110.6   0.0    31   207     2   191     1   191 0.89 -
scaffold_13:1391707-1390646   -            234 102513at71240        -            275   8.8e-31  106.2   0.1   1   1   5.5e-31   6.3e-29  100.2   0.1    20   202    59   234    41   234 0.83 -
scaffold_6:18111262-18109723  -            288 102513at71240        -            275   9.3e-31  106.2   0.0   1   2    0.0006     0.069   11.5   0.0    16    57    43    86    34   103 0.74 -
scaffold_6:18111262-18109723  -            288 102513at71240        -            275   9.3e-31  106.2   0.0   2   2   8.1e-29   9.2e-27   93.0   0.0   101   245   112   260    93   281 0.89 -
scaffold_1:40200226-40217719  -            181 102513at71240        -            275   5.6e-29  100.3   0.0   1   1   6.4e-31   7.3e-29   99.9   0.0   102   246     1   151     1   180 0.84 -
scaffold_5:930013-929289      -            153 102513at71240        -            275   1.7e-28   98.7   0.0   1   1   1.6e-30   1.8e-28   98.6   0.0   100   244     3   150     1   153 0.93 -
scaffold_2:10573118-10568117  -            263 102513at71240        -            275   2.4e-28   98.2   0.0   1   1   2.9e-30   3.3e-28   97.8   0.0    20   206    68   261    60   263 0.88 -
scaffold_1:40219165-40230946  -            187 102513at71240        -            275   8.9e-28   96.4   0.0   1   1   9.3e-30   1.1e-27   96.1   0.0   102   247     2   152     1   175 0.86 -
scaffold_9:9200265-9198556    -            209 102513at71240        -            275   5.5e-27   93.8   0.0   1   2     0.007       0.8    8.0   0.1    26    51     1    27     1    37 0.75 -
scaffold_9:9200265-9198556    -            209 102513at71240        -            275   5.5e-27   93.8   0.0   2   2   4.7e-26   5.4e-24   84.0   0.0   100   253    46   207    41   209 0.87 -
scaffold_11:2336949-2337733   -            230 102513at71240        -            275   4.6e-26   90.7   0.1   1   1   1.8e-27   2.1e-25   88.6   0.1    20   202    46   230    38   230 0.77 -
scaffold_2:10566863-10566031  -            246 102513at71240        -            275   4.6e-25   87.5   0.0   1   1     1e-26   1.2e-24   86.1   0.0    21   205    55   241    43   245 0.77 -
scaffold_5:12588844-12586061  -            237 102513at71240        -            275   8.6e-24   83.3   0.0   1   1   2.1e-25   2.4e-23   81.8   0.0    20   202    47   237    42   237 0.75 -
scaffold_332:56408-55708      -            180 102513at71240        -            275   1.3e-23   82.7   0.0   1   1   1.4e-25   1.6e-23   82.4   0.0   102   266     1   175     1   180 0.79 -
scaffold_5:16251211-16249709  -            204 102513at71240        -            275   2.3e-23   81.9   0.0   1   2   4.9e-06   0.00056   18.3   0.0    21    46    17    42     2    62 0.77 -
scaffold_5:16251211-16249709  -            204 102513at71240        -            275   2.3e-23   81.9   0.0   2   2   2.6e-19     3e-17   61.9   0.0   101   205    95   203    86   204 0.92 -
scaffold_2:11083335-11088801  -            253 102513at71240        -            275   8.4e-23   80.1   1.0   1   3    0.0078      0.89    7.8   0.1    44    96    48   108    32   120 0.65 -
scaffold_2:11083335-11088801  -            253 102513at71240        -            275   8.4e-23   80.1   1.0   2   3   2.3e-10   2.6e-08   32.5   0.0   124   175   116   168   111   169 0.89 -
scaffold_2:11083335-11088801  -            253 102513at71240        -            275   8.4e-23   80.1   1.0   3   3   7.2e-12   8.2e-10   37.5   0.1   205   273   168   246   167   248 0.84 -
scaffold_332:43093-43797      -            180 102513at71240        -            275     1e-22   79.8   0.0   1   1   1.1e-24   1.3e-22   79.4   0.0   102   266     1   175     1   180 0.77 -
scaffold_10:12721238-12719460 -            250 102513at71240        -            275   3.1e-22   78.2   0.0   1   1   3.6e-24   4.1e-22   77.8   0.0    20   207    47   250    30   250 0.80 -
scaffold_10:2004467-2003901   -            189 102513at71240        -            275   2.5e-16   58.8   0.0   1   1   2.6e-18   2.9e-16   58.6   0.0   102   234     6   147     2   183 0.82 -
scaffold_607:8283-9348        -            148 102513at71240        -            275     5e-15   54.6   0.0   1   2   6.8e-07   7.8e-05   21.1   0.0    32    95     1    70     1    71 0.83 -
scaffold_607:8283-9348        -            148 102513at71240        -            275     5e-15   54.6   0.0   2   2   2.5e-10   2.9e-08   32.4   0.0   206   273    71   148    69   148 0.80 -
scaffold_15:2515093-2517003   -            192 102513at71240        -            275   2.2e-11   42.6   0.0   1   2   2.6e-06    0.0003   19.2   0.0    18    72    29    82    22    88 0.75 -
scaffold_15:2515093-2517003   -            192 102513at71240        -            275   2.2e-11   42.6   0.0   2   2     3e-07   3.4e-05   22.3   0.0   105   204    85   190    74   192 0.76 -
scaffold_10:4591922-4591584   -            113 102513at71240        -            275   2.9e-06   25.8   0.0   1   1   2.8e-08   3.2e-06   25.7   0.0    19    94    18    96     5   102 0.73 -
#
# Program:         hmmsearch
# Version:         3.3.2 (Nov 2020)
# Pipeline mode:   SEARCH
# Query file:      /scratch/srb67793/Pelargonium/scripts/busco_downloads/lineages/eudicots_odb10/hmms/102513at71240.hmm
# Target file:     /scratch/srb67793/Pelargonium/scripts/scratch/srb67793/Pelargonium/Results2/HiFiASM_OmniC/P_citronellum_hap2-scaffolds-busco/run_eudicots_odb10/metaeuk_output/initial_results/P_citronellum-hap2_scaffolds_final.fa.modified.fas
# Option settings: hmmsearch --domtblout /scratch/srb67793/Pelargonium/scripts/scratch/srb67793/Pelargonium/Results2/HiFiASM_OmniC/P_citronellum_hap2-scaffolds-busco/run_eudicots_odb10/hmmer_output/initial_run_results/102513at71240.out --cpu 1 /scratch/srb67793/Pelargonium/scripts/busco_downloads/lineages/eudicots_odb10/hmms/102513at71240.hmm /scratch/srb67793/Pelargonium/scripts/scratch/srb67793/Pelargonium/Results2/HiFiASM_OmniC/P_citronellum_hap2-scaffolds-busco/run_eudicots_odb10/metaeuk_output/initial_results/P_citronellum-hap2_scaffolds_final.fa.modified.fas 
# Current dir:     /scratch/srb67793/Pelargonium/scripts
# Date:            Fri Jul 19 11:03:09 2024
# [ok]
