#                                                                                     --- full sequence --- -------------- this domain -------------   hmm coord   ali coord   env coord
# target name                 accession   tlen query name           accession   qlen   E-value  score  bias   #  of  c-Evalue  i-Evalue  score  bias  from    to  from    to  from    to  acc description of target
#         ------------------- ---------- ----- -------------------- ---------- ----- --------- ------ ----- --- --- --------- --------- ------ ----- ----- ----- ----- ----- ----- ----- ---- ---------------------
scaffold_5:23940484-23941470  -            329 107304at71240        -            223   5.3e-95  316.0   2.7   1   3   5.7e-34   6.1e-32  109.7   0.0     1    85     2    94     2   114 0.86 -
scaffold_5:23940484-23941470  -            329 107304at71240        -            223   5.3e-95  316.0   2.7   2   3      0.24        26    3.0   0.0    89   108   158   177   119   183 0.80 -
scaffold_5:23940484-23941470  -            329 107304at71240        -            223   5.3e-95  316.0   2.7   3   3   7.2e-62   7.7e-60  201.0   1.3    98   200   187   289   185   298 0.97 -
scaffold_7:15584345-15585076  -            244 107304at71240        -            223   1.2e-57  193.8   0.9   1   2     8e-09   8.5e-07   27.5   0.0    15    64     9    56     1   110 0.70 -
scaffold_7:15584345-15585076  -            244 107304at71240        -            223   1.2e-57  193.8   0.9   2   2   6.6e-51     7e-49  165.1   0.4   101   199   145   243   138   244 0.96 -
scaffold_1:21285269-21285940  -            224 107304at71240        -            223   1.7e-56  190.1   1.5   1   2   1.1e-07   1.2e-05   23.8   0.1    18    82     1    69     1    82 0.70 -
scaffold_1:21285269-21285940  -            224 107304at71240        -            223   1.7e-56  190.1   1.5   2   2   4.3e-51   4.5e-49  165.8   0.3   102   199   127   224   121   224 0.97 -
scaffold_6:31934798-31934001  -            266 107304at71240        -            223   8.3e-55  184.5   1.0   1   2   1.3e-11   1.4e-09   36.6   0.0    15    52    11    49     6    54 0.88 -
scaffold_6:31934798-31934001  -            266 107304at71240        -            223   8.3e-55  184.5   1.0   2   2     3e-45   3.2e-43  146.6   0.2   101   199   165   266   159   266 0.95 -
scaffold_3:31826793-31827536  -            248 107304at71240        -            223   4.3e-50  169.1   2.3   1   2   5.1e-10   5.4e-08   31.4   0.1    18    52     1    34     1    65 0.87 -
scaffold_3:31826793-31827536  -            248 107304at71240        -            223   4.3e-50  169.1   2.3   2   2   1.5e-42   1.6e-40  137.8   0.4   104   200   134   235   126   243 0.92 -
scaffold_10:3473034-3473840   -            269 107304at71240        -            223   1.6e-48  164.0   4.9   1   2   5.6e-06    0.0006   18.2   0.0    10    59    19    75    10   117 0.81 -
scaffold_10:3473034-3473840   -            269 107304at71240        -            223   1.6e-48  164.0   4.9   2   2   7.6e-45   8.1e-43  145.3   3.2   110   199   141   230   122   236 0.95 -
scaffold_1:177278-178078      -            267 107304at71240        -            223     4e-48  162.7   2.6   1   2   1.3e-07   1.4e-05   23.5   0.0    16    53    26    64    20    81 0.87 -
scaffold_1:177278-178078      -            267 107304at71240        -            223     4e-48  162.7   2.6   2   2   7.9e-43   8.4e-41  138.7   1.0   102   199   167   267   161   267 0.96 -
scaffold_4:17924702-17923932  -            257 107304at71240        -            223     2e-46  157.1   5.7   1   2   2.3e-09   2.5e-07   29.2   0.4    18    51     1    33     1    54 0.86 -
scaffold_4:17924702-17923932  -            257 107304at71240        -            223     2e-46  157.1   5.7   2   2   2.5e-40   2.7e-38  130.5   0.7   104   202   126   229   120   236 0.91 -
scaffold_8:21968888-21969571  -            228 107304at71240        -            223   4.4e-44  149.5   1.2   1   2   3.9e-08   4.1e-06   25.3   0.0    18    54     1    38     1    79 0.84 -
scaffold_8:21968888-21969571  -            228 107304at71240        -            223   4.4e-44  149.5   1.2   2   2     5e-38   5.3e-36  123.0   0.6   104   199   128   228   122   228 0.93 -
scaffold_8:13167553-13166621  -            311 107304at71240        -            223   6.5e-44  148.9   1.0   1   2     3e-09   3.2e-07   28.9   0.0     9    94     5    89     1   129 0.81 -
scaffold_8:13167553-13166621  -            311 107304at71240        -            223   6.5e-44  148.9   1.0   2   2   9.2e-37   9.8e-35  118.9   0.3   103   208   200   302   161   308 0.93 -
scaffold_2:5451174-5451971    -            266 107304at71240        -            223   7.8e-37  125.7   3.9   1   3   1.4e-06   0.00015   20.2   0.0    18    55     1    37     1    73 0.82 -
scaffold_2:5451174-5451971    -            266 107304at71240        -            223   7.8e-37  125.7   3.9   2   3         2   2.1e+02    0.1   0.0    63   110   101   149    83   162 0.69 -
scaffold_2:5451174-5451971    -            266 107304at71240        -            223   7.8e-37  125.7   3.9   3   3   1.9e-32   2.1e-30  104.7   1.0   104   201   167   261   157   265 0.93 -
scaffold_6:14719018-14718515  -            168 107304at71240        -            223   1.8e-31  108.2   0.0   1   1   2.4e-33   2.5e-31  107.7   0.0   104   208    25   142    18   152 0.77 -
scaffold_4:10798195-10799859  -            555 107304at71240        -            223   2.4e-30  104.5   0.4   1   1   5.2e-32   5.6e-30  103.3   0.1   102   203   320   424   299   444 0.90 -
scaffold_10:11226311-11225901 -            137 107304at71240        -            223   3.4e-29  100.8   0.1   1   1     4e-31   4.2e-29  100.4   0.1   102   201    30   129    24   135 0.94 -
scaffold_2:14835972-14835166  -            269 107304at71240        -            223   4.4e-28   97.1   1.1   1   1   6.1e-30   6.5e-28   96.6   0.6   103   200   163   263   157   267 0.93 -
scaffold_1:26153835-26153611  -             75 107304at71240        -            223   9.1e-24   83.0   1.6   1   1   9.2e-26   9.9e-24   82.9   1.6   124   200     1    75     1    75 0.96 -
scaffold_1:24261058-24262164  -            369 107304at71240        -            223   1.7e-23   82.1   1.7   1   1   2.8e-25     3e-23   81.3   1.7   124   203   270   350   260   363 0.88 -
scaffold_8:17548968-17547114  -            310 107304at71240        -            223   1.3e-22   79.2   1.9   1   1   1.9e-24     2e-22   78.6   1.9   125   201   198   277   167   291 0.87 -
scaffold_13:10978725-10978411 -            105 107304at71240        -            223   4.2e-22   77.6   2.5   1   1   4.7e-24     5e-22   77.3   2.5   120   203    15    95     4   102 0.89 -
scaffold_13:10998060-10997830 -             77 107304at71240        -            223   2.7e-21   74.9   4.8   1   1   2.7e-23   2.9e-21   74.8   4.8   123   199     4    77     1    77 0.92 -
scaffold_2:8372791-8372435    -            119 107304at71240        -            223   4.2e-20   71.0   0.3   1   1   4.1e-22   4.4e-20   71.0   0.3   114   199    34   118     9   119 0.85 -
scaffold_1:33353494-33353255  -             80 107304at71240        -            223   8.3e-18   63.5   5.6   1   1   8.6e-20   9.1e-18   63.4   5.6   127   200     5    74     1    78 0.92 -
scaffold_13:10721668-10721865 -             66 107304at71240        -            223   1.9e-16   59.0   4.2   1   1   1.9e-18   2.1e-16   59.0   4.2   129   196     1    63     1    66 0.91 -
scaffold_11:3541643-3542167   -            175 107304at71240        -            223   6.1e-16   57.4   0.5   1   1   7.7e-18   8.3e-16   57.0   0.5   123   198    97   174    82   175 0.87 -
scaffold_10:17703184-17702210 -            325 107304at71240        -            223     2e-14   52.5   0.2   1   1   2.8e-16     3e-14   51.9   0.2   131   201   109   184   102   205 0.80 -
scaffold_6:9389055-9388489    -            189 107304at71240        -            223   2.5e-14   52.2   0.9   1   1   2.8e-16     3e-14   51.9   0.9   123   202    71   152    40   174 0.79 -
scaffold_5:5528940-5528695    -             82 107304at71240        -            223   3.2e-14   51.8   3.7   1   1   3.5e-16   3.8e-14   51.6   3.7   153   200    36    81    26    82 0.90 -
scaffold_12:11354374-11354613 -             80 107304at71240        -            223   3.4e-14   51.7   0.3   1   1   3.6e-16   3.9e-14   51.5   0.3   134   196     6    72     2    77 0.84 -
scaffold_9:5608415-5608747    -            111 107304at71240        -            223   4.8e-14   51.2   1.5   1   1   5.7e-16   6.1e-14   50.9   1.5   131   195    43   111    35   111 0.93 -
scaffold_5:12915830-12915543  -             96 107304at71240        -            223   6.4e-14   50.8   0.1   1   1   6.3e-16   6.7e-14   50.7   0.1   120   196    12    94     2    96 0.85 -
scaffold_3:35469905-35469639  -             89 107304at71240        -            223   8.8e-14   50.4   2.0   1   1   9.6e-16     1e-13   50.1   2.0   151   199    39    87    30    89 0.92 -
scaffold_10:9293045-9293698   -            218 107304at71240        -            223   1.1e-13   50.0   0.6   1   1   1.5e-15   1.6e-13   49.5   0.6   131   201    86   158    77   166 0.90 -
scaffold_3:34045530-34045060  -            157 107304at71240        -            223     2e-13   49.2   0.1   1   1   2.1e-15   2.2e-13   49.0   0.1   144   204    62   123    15   138 0.79 -
scaffold_3:40188918-40188640  -             93 107304at71240        -            223   2.2e-13   49.0   2.3   1   1   2.3e-15   2.5e-13   48.9   2.3   144   204    22    85     5    92 0.81 -
scaffold_4:3760288-3760710    -            141 107304at71240        -            223   3.6e-13   48.3   2.1   1   1   4.4e-15   4.7e-13   48.0   2.1   130   199    52   126    44   132 0.86 -
scaffold_4:19317406-19317110  -             99 107304at71240        -            223   5.6e-13   47.7   3.9   1   1   5.4e-15   5.8e-13   47.7   3.9   137   201    31    97     7    99 0.82 -
scaffold_4:23726564-23726193  -            124 107304at71240        -            223   7.8e-13   47.2   2.3   1   1   7.4e-15   7.9e-13   47.2   2.3   149   195    78   124    32   124 0.84 -
scaffold_3:22089388-22089173  -             72 107304at71240        -            223   8.3e-13   47.2   6.1   1   1   8.4e-15     9e-13   47.0   6.1   142   199    10    68     4    72 0.90 -
scaffold_4:12213032-12212574  -            153 107304at71240        -            223   9.7e-13   46.9   0.1   1   1   1.5e-14   1.5e-12   46.3   0.1   134   199    65   135    48   143 0.77 -
scaffold_11:9674591-9673893   -            233 107304at71240        -            223   9.7e-13   46.9   0.6   1   1   1.4e-14   1.4e-12   46.4   0.6   130   202    82   159    65   169 0.83 -
scaffold_10:9309736-9309494   -             81 107304at71240        -            223     1e-12   46.9   0.4   1   1   9.9e-15   1.1e-12   46.8   0.4   133   198     7    77     2    81 0.82 -
scaffold_1:37307547-37308608  -            354 107304at71240        -            223   1.4e-12   46.5   0.3   1   1   2.3e-14   2.4e-12   45.6   0.3   127   203    57   135    50   155 0.82 -
scaffold_8:997948-998667      -            240 107304at71240        -            223   1.4e-12   46.4   0.1   1   1   1.8e-14     2e-12   45.9   0.1   131   200    55   126    46   143 0.85 -
scaffold_110:23457-23200      -             86 107304at71240        -            223   1.5e-12   46.4   1.8   1   1   1.6e-14   1.7e-12   46.2   1.8   145   197    22    75     5    81 0.82 -
scaffold_8:4235712-4234963    -            250 107304at71240        -            223   1.5e-12   46.3   0.1   1   1   2.1e-14   2.2e-12   45.8   0.1   131   200    65   136    57   153 0.85 -
scaffold_4:21324896-21326152  -            419 107304at71240        -            223     2e-12   45.9   0.1   1   1   4.1e-14   4.3e-12   44.8   0.1   131   199   138   210   133   218 0.84 -
scaffold_4:5379243-5379584    -            114 107304at71240        -            223     2e-12   45.9   0.7   1   1   2.5e-14   2.7e-12   45.5   0.7   131   195    46   114    42   114 0.93 -
scaffold_594:10776-10952      -             59 107304at71240        -            223   2.8e-12   45.4   6.7   1   1   2.7e-14   2.8e-12   45.4   6.7   149   198     8    57     2    59 0.93 -
scaffold_6:20752761-20752940  -             60 107304at71240        -            223   2.9e-12   45.4   7.1   1   1   2.7e-14   2.9e-12   45.4   7.1   148   195    10    59     1    60 0.85 -
scaffold_9:4071101-4070559    -            181 107304at71240        -            223   3.9e-12   45.0   0.6   1   1   4.8e-14   5.1e-12   44.6   0.6   130   199    82   156    64   162 0.83 -
scaffold_6:31263782-31263273  -            170 107304at71240        -            223   5.1e-12   44.6   0.7   1   1   5.6e-14     6e-12   44.4   0.7   134   198    99   168    87   170 0.79 -
scaffold_6:21765293-21764610  -            228 107304at71240        -            223   5.4e-12   44.5   3.1   1   1   6.8e-14   7.3e-12   44.1   3.1   152   197   110   156    81   166 0.85 -
scaffold_300:32848-32165      -            228 107304at71240        -            223     6e-12   44.4   3.1   1   1   7.5e-14     8e-12   43.9   3.1   152   197   110   156    81   166 0.86 -
scaffold_5:5082051-5082335    -             95 107304at71240        -            223   6.1e-12   44.3   0.5   1   1   5.7e-14   6.1e-12   44.3   0.5   147   199    40    94     4    95 0.83 -
scaffold_1:37306209-37306511  -            101 107304at71240        -            223   6.2e-12   44.3   0.2   1   1   6.1e-14   6.5e-12   44.2   0.2   134   201     6    75     2    96 0.82 -
scaffold_1:3385888-3386508    -            207 107304at71240        -            223   8.2e-12   43.9   0.2   1   1   9.3e-14   9.9e-12   43.6   0.2   126   202    90   168    56   184 0.84 -
scaffold_7:28691000-28691263  -             88 107304at71240        -            223   9.4e-12   43.7   0.9   1   1   9.1e-14   9.7e-12   43.7   0.9   132   195    22    88     6    88 0.81 -
scaffold_2:23442162-23441260  -            301 107304at71240        -            223   9.5e-12   43.7   0.1   1   1   1.2e-13   1.3e-11   43.3   0.1   121   220   106   208    81   211 0.83 -
scaffold_11:3842047-3841751   -             99 107304at71240        -            223   1.1e-11   43.5   4.4   1   1     1e-13   1.1e-11   43.5   4.4   152   200    49    98    15    99 0.91 -
scaffold_13:1217340-1216729   -            204 107304at71240        -            223   2.4e-11   42.4   5.0   1   1   3.4e-13   3.6e-11   41.8   5.0   131   200    76   145    61   152 0.89 -
scaffold_53:164237-163626     -            204 107304at71240        -            223   2.4e-11   42.4   5.0   1   1   3.4e-13   3.6e-11   41.8   5.0   131   200    76   145    61   152 0.89 -
scaffold_11:598288-620756     -            556 107304at71240        -            223   2.9e-11   42.1   0.8   1   1   5.3e-13   5.6e-11   41.2   0.8   131   206   107   181   100   189 0.86 -
scaffold_3:33894571-33895782  -            404 107304at71240        -            223     3e-11   42.1   0.7   1   1   4.3e-13   4.6e-11   41.5   0.7   133   199    82   150    74   168 0.86 -
scaffold_2:32846711-32847091  -            127 107304at71240        -            223   3.3e-11   41.9   2.9   1   1   3.9e-13   4.2e-11   41.6   2.9   133   197    60   126    54   127 0.90 -
scaffold_7:27362650-27362216  -            145 107304at71240        -            223   1.1e-10   40.3   1.7   1   1   1.3e-12   1.3e-10   39.9   1.7   132   195    80   145    71   145 0.90 -
scaffold_41:795315-795464     -             50 107304at71240        -            223   1.6e-10   39.7   5.7   1   1   1.6e-12   1.7e-10   39.6   5.7   149   195     7    50     2    50 0.91 -
scaffold_2:19559069-19525165  -            250 107304at71240        -            223   1.6e-10   39.7   1.7   1   1   2.6e-12   2.7e-10   38.9   1.7   133   199    73   138    57   144 0.87 -
scaffold_6:16334078-16334326  -             83 107304at71240        -            223   2.1e-10   39.3   5.1   1   1     2e-12   2.1e-10   39.3   5.1   150   194    38    83    11    83 0.86 -
scaffold_3:40193159-40192935  -             75 107304at71240        -            223   3.3e-10   38.7   4.5   1   1   3.1e-12   3.4e-10   38.6   4.5   139   195    17    75     3    75 0.84 -
scaffold_1:40175774-40176400  -            209 107304at71240        -            223   4.5e-10   38.2   0.5   1   1   5.4e-12   5.8e-10   37.9   0.5   152   206    95   150    65   166 0.83 -
scaffold_14:2077595-2078200   -            202 107304at71240        -            223   5.3e-10   38.0   1.1   1   2   8.7e-12   9.3e-10   37.2   0.7   148   200    49   102    24   109 0.84 -
scaffold_14:2077595-2078200   -            202 107304at71240        -            223   5.3e-10   38.0   1.1   2   2       8.4   8.9e+02   -2.0   0.0    45    66   158   180   119   198 0.61 -
scaffold_110:14275-13880      -            132 107304at71240        -            223   6.8e-10   37.6   1.7   1   1   7.6e-12   8.1e-10   37.4   1.7   148   195    84   132    65   132 0.92 -
scaffold_8:19848474-19849337  -            288 107304at71240        -            223     1e-09   37.1   0.1   1   1   1.4e-11   1.5e-09   36.5   0.1   132   198   112   180    83   186 0.87 -
scaffold_2:30794081-30793815  -             89 107304at71240        -            223   1.4e-09   36.7   1.8   1   1   1.4e-11   1.5e-09   36.5   1.8   150   202     2    51     1    67 0.89 -
scaffold_3:20514197-20513376  -            274 107304at71240        -            223   2.1e-09   36.0   0.3   1   1   2.9e-11   3.1e-09   35.5   0.3   132   199    94   163    70   168 0.88 -
scaffold_558:21081-20935      -             49 107304at71240        -            223   3.3e-09   35.4  10.1   1   1   3.5e-11   3.7e-09   35.2  10.1   152   197     3    48     2    49 0.95 -
scaffold_6:16953928-16950310  -            669 107304at71240        -            223   4.3e-09   35.0   4.5   1   3   5.6e-11     6e-09   34.6   1.0   150   197   111   159    81   181 0.83 -
scaffold_6:16953928-16950310  -            669 107304at71240        -            223   4.3e-09   35.0   4.5   2   3       8.5   9.1e+02   -2.0   0.1    20    62   452   492   440   511 0.65 -
scaffold_6:16953928-16950310  -            669 107304at71240        -            223   4.3e-09   35.0   4.5   3   3       2.1   2.2e+02   -0.0   0.0    77   113   625   662   620   664 0.80 -
scaffold_6:14376138-14376440  -            101 107304at71240        -            223   7.7e-09   34.2   3.5   1   1   7.9e-11   8.4e-09   34.1   3.5   147   203    32    91    12    99 0.78 -
scaffold_6:14374007-14376479  -            181 107304at71240        -            223   2.1e-08   32.7   3.4   1   1   2.9e-10   3.1e-08   32.2   3.4   148   203   100   158    79   173 0.79 -
scaffold_12:11345176-11345469 -             98 107304at71240        -            223   3.3e-08   32.1   3.1   1   1   3.2e-10   3.4e-08   32.1   3.1   150   195    52    98    16    98 0.89 -
scaffold_12:11360070-11360216 -             49 107304at71240        -            223   8.7e-08   30.7   3.9   1   1   8.5e-10   9.1e-08   30.7   3.9   154   199     1    47     1    49 0.95 -
scaffold_6:12356114-12356428  -            105 107304at71240        -            223   2.5e-07   29.2   4.9   1   1   2.6e-09   2.8e-07   29.1   4.9   149   195    56   105    20   105 0.86 -
scaffold_9:3197880-3197728    -             51 107304at71240        -            223   3.2e-07   28.9   0.7   1   1   3.1e-09   3.4e-07   28.8   0.7   158   196     6    45     2    50 0.83 -
scaffold_3:34219336-34219593  -             86 107304at71240        -            223   1.7e-05   23.3   0.8   1   1   1.6e-07   1.7e-05   23.3   0.8   141   195    31    86     5    86 0.82 -
scaffold_8:24967806-24981703  -           1387 107304at71240        -            223    0.0089   14.4   2.5   1   1    0.0002     0.021   13.1   2.5   150   200   245   302   239   320 0.76 -
scaffold_8:24957211-24970410  -           1280 107304at71240        -            223      0.01   14.1   2.5   1   1   0.00018     0.019   13.3   2.5   150   200  1043  1100  1037  1118 0.76 -
scaffold_5:2530065-2530547    -             93 107304at71240        -            223     0.028   12.7   7.5   1   1   0.00026     0.028   12.7   7.1   154   201     1    49     1    60 0.77 -
scaffold_6:30618375-30624275  -            419 107304at71240        -            223     0.037   12.3   0.7   1   1   0.00056     0.059   11.7   0.7   152   196    26    74    22    79 0.78 -
scaffold_110:97257-105275     -           1306 107304at71240        -            223     0.047   12.0   7.2   1   2   0.00057     0.061   11.6   4.6   152   201     8    55     4    62 0.79 -
scaffold_110:97257-105275     -           1306 107304at71240        -            223     0.047   12.0   7.2   2   2       5.3   5.7e+02   -1.4   0.0    32    48   150   166   136   195 0.75 -
scaffold_10:1519181-1517766   -            472 107304at71240        -            223     0.098   11.0   0.0   1   1    0.0015      0.16   10.3   0.0    71   127    91   147    67   157 0.87 -
scaffold_3:30197349-30182722  -           1866 107304at71240        -            223      0.31    9.3   3.4   1   1    0.0074      0.79    8.0   3.4   152   196  1814  1864  1796  1866 0.69 -
#
# Program:         hmmsearch
# Version:         3.3.2 (Nov 2020)
# Pipeline mode:   SEARCH
# Query file:      /scratch/srb67793/Pelargonium/scripts/busco_downloads/lineages/eudicots_odb10/hmms/107304at71240.hmm
# Target file:     /scratch/srb67793/Pelargonium/scripts/scratch/srb67793/Pelargonium/Results2/HiFiASM_OmniC/P_citronellum_hap2-scaffolds-busco/run_eudicots_odb10/metaeuk_output/initial_results/P_citronellum-hap2_scaffolds_final.fa.modified.fas
# Option settings: hmmsearch --domtblout /scratch/srb67793/Pelargonium/scripts/scratch/srb67793/Pelargonium/Results2/HiFiASM_OmniC/P_citronellum_hap2-scaffolds-busco/run_eudicots_odb10/hmmer_output/initial_run_results/107304at71240.out --cpu 1 /scratch/srb67793/Pelargonium/scripts/busco_downloads/lineages/eudicots_odb10/hmms/107304at71240.hmm /scratch/srb67793/Pelargonium/scripts/scratch/srb67793/Pelargonium/Results2/HiFiASM_OmniC/P_citronellum_hap2-scaffolds-busco/run_eudicots_odb10/metaeuk_output/initial_results/P_citronellum-hap2_scaffolds_final.fa.modified.fas 
# Current dir:     /scratch/srb67793/Pelargonium/scripts
# Date:            Fri Jul 19 11:03:08 2024
# [ok]
