#                                                                                    --- full sequence --- -------------- this domain -------------   hmm coord   ali coord   env coord
# target name                accession   tlen query name           accession   qlen   E-value  score  bias   #  of  c-Evalue  i-Evalue  score  bias  from    to  from    to  from    to  acc description of target
#        ------------------- ---------- ----- -------------------- ---------- ----- --------- ------ ----- --- --- --------- --------- ------ ----- ----- ----- ----- ----- ----- ----- ---- ---------------------
scaffold_6:25230292-25228119 -            313 109692at71240        -            231    8e-118  390.8  13.8   1   3   1.3e-74   1.7e-71  239.2   2.6     1   131     1   139     1   151 0.92 -
scaffold_6:25230292-25228119 -            313 109692at71240        -            231    8e-118  390.8  13.8   2   3   3.6e-33     5e-30  103.5   0.4   124   191   160   231   145   238 0.86 -
scaffold_6:25230292-25228119 -            313 109692at71240        -            231    8e-118  390.8  13.8   3   3   1.7e-18   2.4e-15   55.5   0.2   190   226   276   313   266   313 0.90 -
scaffold_8:23284151-23284552 -            134 109692at71240        -            231   3.1e-12   45.3  12.9   1   3   2.5e-08   3.5e-05   22.2   0.5    50    77     3    30     1    45 0.62 -
scaffold_8:23284151-23284552 -            134 109692at71240        -            231   3.1e-12   45.3  12.9   2   3   9.9e-09   1.4e-05   23.5   1.2   131   159    60    91    48    97 0.81 -
scaffold_8:23284151-23284552 -            134 109692at71240        -            231   3.1e-12   45.3  12.9   3   3   0.00086       1.2    7.4   0.3   130   141   123   134   116   134 0.86 -
scaffold_3:38038838-38039260 -            141 109692at71240        -            231     1e-10   40.3  14.7   1   3   5.2e-07   0.00073   17.9   1.5    49    75     2    28     1    34 0.79 -
scaffold_3:38038838-38039260 -            141 109692at71240        -            231     1e-10   40.3  14.7   2   3     1e-08   1.4e-05   23.5   1.1   132   159    67    97    56   103 0.75 -
scaffold_3:38038838-38039260 -            141 109692at71240        -            231     1e-10   40.3  14.7   3   3   0.00083       1.2    7.4   0.3   130   141   130   141   122   141 0.85 -
scaffold_2:481199-489815     -            906 109692at71240        -            231   5.4e-07   28.2  11.3   1   2   8.8e-08   0.00012   20.4   3.2     5    31   157   185   153   187 0.86 -
scaffold_2:481199-489815     -            906 109692at71240        -            231   5.4e-07   28.2  11.3   2   2     4e-05     0.056   11.7   1.2    51   229   226   248   216   251 0.50 -
scaffold_2:15038926-15021536 -            576 109692at71240        -            231   2.4e-05   22.7   0.1   1   1   3.2e-08   4.5e-05   21.9   0.1    34    78   103   149    85   178 0.88 -
scaffold_1:37593207-37597469 -            378 109692at71240        -            231    0.0011   17.3   2.0   1   1   1.2e-06    0.0017   16.7   2.0    47    72   159   186   151   191 0.57 -
scaffold_3:35614813-35621978 -           1065 109692at71240        -            231    0.0014   17.0   0.1   1   1   2.6e-06    0.0036   15.6   0.1    50    82   401   433   389   468 0.80 -
#
# Program:         hmmsearch
# Version:         3.3.2 (Nov 2020)
# Pipeline mode:   SEARCH
# Query file:      /scratch/srb67793/Pelargonium/scripts/busco_downloads/lineages/eudicots_odb10/hmms/109692at71240.hmm
# Target file:     /scratch/srb67793/Pelargonium/scripts/scratch/srb67793/Pelargonium/Results2/HiFiASM_OmniC/P_citronellum_hap2-scaffolds-busco/run_eudicots_odb10/metaeuk_output/initial_results/P_citronellum-hap2_scaffolds_final.fa.modified.fas
# Option settings: hmmsearch --domtblout /scratch/srb67793/Pelargonium/scripts/scratch/srb67793/Pelargonium/Results2/HiFiASM_OmniC/P_citronellum_hap2-scaffolds-busco/run_eudicots_odb10/hmmer_output/initial_run_results/109692at71240.out --cpu 1 /scratch/srb67793/Pelargonium/scripts/busco_downloads/lineages/eudicots_odb10/hmms/109692at71240.hmm /scratch/srb67793/Pelargonium/scripts/scratch/srb67793/Pelargonium/Results2/HiFiASM_OmniC/P_citronellum_hap2-scaffolds-busco/run_eudicots_odb10/metaeuk_output/initial_results/P_citronellum-hap2_scaffolds_final.fa.modified.fas 
# Current dir:     /scratch/srb67793/Pelargonium/scripts
# Date:            Fri Jul 19 11:03:09 2024
# [ok]
