#                                                                                     --- full sequence --- -------------- this domain -------------   hmm coord   ali coord   env coord
# target name                 accession   tlen query name           accession   qlen   E-value  score  bias   #  of  c-Evalue  i-Evalue  score  bias  from    to  from    to  from    to  acc description of target
#         ------------------- ---------- ----- -------------------- ---------- ----- --------- ------ ----- --- --- --------- --------- ------ ----- ----- ----- ----- ----- ----- ----- ---- ---------------------
scaffold_2:4450471-4455929    -            607 11226at71240         -            714  7.7e-142  473.0   0.1   1   1  8.1e-144  1.1e-141  472.4   0.1   219   699    35   534    15   546 0.90 -
scaffold_3:33863580-33862149  -            330 11226at71240         -            714    5e-100  334.8   0.0   1   2   1.8e-09   2.4e-07   28.4   0.1   390   420     2    32     1    46 0.84 -
scaffold_3:33863580-33862149  -            330 11226at71240         -            714    5e-100  334.8   0.0   2   2   3.9e-93   5.4e-91  304.9   0.0   413   680    46   311    36   328 0.95 -
scaffold_8:25355817-25354545  -            307 11226at71240         -            714   2.7e-97  325.7   0.1   1   1   1.9e-97   2.6e-95  319.2   0.1   390   675     2   306     1   307 0.91 -
scaffold_9:3530775-3529347    -            302 11226at71240         -            714   4.1e-97  325.1   0.0   1   1     2e-97   2.7e-95  319.1   0.0   390   675     2   301     1   302 0.89 -
scaffold_2:22898504-22897154  -            237 11226at71240         -            714   2.1e-86  289.7   0.0   1   1   1.7e-88   2.3e-86  289.6   0.0   443   678     1   234     1   237 0.97 -
scaffold_5:9646369-9643980    -            299 11226at71240         -            714   6.9e-83  278.1   0.0   1   1   1.2e-84   1.6e-82  276.9   0.0   274   553     1   297     1   299 0.91 -
scaffold_2:16358763-16343864  -           1126 11226at71240         -            714   7.6e-82  274.6   0.0   1   1   8.2e-83   1.1e-80  270.8   0.0   233   678   589  1073   576  1106 0.85 -
scaffold_2:26223460-26196029  -           2484 11226at71240         -            714     1e-74  251.1   0.0   1   3   6.6e-07     9e-05   19.9   0.0   214   302   355   444   348   458 0.86 -
scaffold_2:26223460-26196029  -           2484 11226at71240         -            714     1e-74  251.1   0.0   2   3   1.9e-05    0.0025   15.1   0.0   333   415   498   581   489   596 0.89 -
scaffold_2:26223460-26196029  -           2484 11226at71240         -            714     1e-74  251.1   0.0   3   3   5.5e-65   7.5e-63  211.9   0.0   443   709   643   894   605   898 0.88 -
scaffold_457:228-1274         -            219 11226at71240         -            714   3.4e-68  229.5   0.9   1   1   1.3e-68   1.7e-66  223.9   0.9   443   675     1   218     1   219 0.96 -
scaffold_7:29279537-29276304  -            363 11226at71240         -            714   1.2e-65  221.1   1.7   1   4   9.1e-39   1.2e-36  125.2   0.4   274   422     2   166     1   180 0.87 -
scaffold_7:29279537-29276304  -            363 11226at71240         -            714   1.2e-65  221.1   1.7   2   4   1.1e-08   1.5e-06   25.8   0.0   421   469   201   249   196   257 0.84 -
scaffold_7:29279537-29276304  -            363 11226at71240         -            714   1.2e-65  221.1   1.7   3   4   2.6e-12   3.5e-10   37.8   0.0   518   552   258   292   250   295 0.95 -
scaffold_7:29279537-29276304  -            363 11226at71240         -            714   1.2e-65  221.1   1.7   4   4   1.3e-09   1.8e-07   28.8   0.0   597   661   295   361   292   363 0.89 -
scaffold_3:39982856-39983614  -            253 11226at71240         -            714   8.5e-65  218.3   0.0   1   1   7.4e-67     1e-64  218.0   0.0   450   693     3   246     1   250 0.93 -
scaffold_5:8097422-8096597    -            251 11226at71240         -            714   1.5e-64  217.5   0.0   1   1   1.3e-66   1.8e-64  217.2   0.0   448   693     4   247     2   250 0.95 -
scaffold_9:3531450-3530872    -            193 11226at71240         -            714   3.5e-64  216.2   0.0   1   1   3.5e-66   4.8e-64  215.8   0.0   450   643     2   193     1   193 0.98 -
scaffold_10:6168335-6161150   -            456 11226at71240         -            714   4.1e-62  209.4   0.2   1   1     4e-64   5.5e-62  209.0   0.2   448   672   209   433   202   454 0.93 -
scaffold_3:31883953-31884633  -            227 11226at71240         -            714   1.1e-60  204.7   0.0   1   1     9e-63   1.2e-60  204.5   0.0   451   671     2   225     1   227 0.94 -
scaffold_1:24397489-24403958  -            600 11226at71240         -            714   2.8e-59  200.1   0.2   1   1   2.8e-61   3.9e-59  199.6   0.2   447   692   308   550   295   561 0.91 -
scaffold_10:10674214-10672408 -            359 11226at71240         -            714   3.6e-59  199.7   0.1   1   1   3.2e-61   4.4e-59  199.4   0.1   444   684   111   351   105   359 0.92 -
scaffold_2:8135358-8128036    -           1210 11226at71240         -            714   7.3e-59  198.7   0.0   1   2     2e-60   2.8e-58  196.7   0.0   447   695   378   630   372   643 0.89 -
scaffold_2:8135358-8128036    -           1210 11226at71240         -            714   7.3e-59  198.7   0.0   2   2       3.9   5.3e+02   -2.5   0.0   276   297   752   773   707   777 0.69 -
scaffold_5:13354020-13352655  -            227 11226at71240         -            714     3e-58  196.6   0.2   1   1   2.4e-60   3.3e-58  196.5   0.2   448   671     1   224     1   227 0.96 -
scaffold_96:145237-154694     -           2065 11226at71240         -            714   3.8e-56  189.7   0.0   1   2   2.5e-57   3.4e-55  186.5   0.0   450   677   784  1015   775  1027 0.92 -
scaffold_96:145237-154694     -           2065 11226at71240         -            714   3.8e-56  189.7   0.0   2   2       0.5        69    0.4   0.0   231   304  1204  1278  1183  1289 0.80 -
scaffold_4:500681-499749      -            242 11226at71240         -            714   1.4e-53  181.2   0.2   1   2     2e-54   2.7e-52  177.0   0.1   477   664     1   187     1   198 0.94 -
scaffold_4:500681-499749      -            242 11226at71240         -            714   1.4e-53  181.2   0.2   2   2       0.1        14    2.7   0.0   655   675   207   227   189   241 0.72 -
scaffold_4:2335387-2347852    -           1176 11226at71240         -            714     4e-53  179.7   0.2   1   1   4.4e-55     6e-53  179.1   0.2   448   675   603   830   583   857 0.94 -
scaffold_5:1339696-1346773    -            770 11226at71240         -            714   5.4e-53  179.3   0.0   1   1   5.8e-55   7.9e-53  178.7   0.0   448   692   229   477   216   490 0.90 -
scaffold_8:23013714-23016188  -            289 11226at71240         -            714   2.1e-51  174.0   0.1   1   1   1.9e-53   2.7e-51  173.7   0.1   439   712    10   272     4   274 0.86 -
scaffold_6:7314562-7294960    -            661 11226at71240         -            714   4.3e-50  169.7   0.0   1   1   7.7e-52   1.1e-49  168.4   0.0   445   674   158   377   148   390 0.91 -
scaffold_8:20801393-20807271  -            667 11226at71240         -            714     2e-48  164.2   0.0   1   1     1e-49   1.4e-47  161.4   0.0   440   688   379   625   369   662 0.86 -
scaffold_3:26817294-26818494  -            225 11226at71240         -            714   4.9e-48  162.9   0.3   1   1     8e-50   1.1e-47  161.7   0.3   485   710     3   219     1   222 0.89 -
scaffold_110:106105-112671    -            940 11226at71240         -            714   5.5e-45  152.8   0.1   1   1     6e-47   8.2e-45  152.2   0.1   448   678   435   668   418   686 0.84 -
scaffold_5:10393094-10391087  -            262 11226at71240         -            714   7.6e-45  152.3   0.0   1   1     7e-47   9.5e-45  152.0   0.0   425   632    58   259    55   261 0.90 -
scaffold_3:3495286-3493413    -            199 11226at71240         -            714   2.1e-44  150.9   0.0   1   1     2e-46   2.7e-44  150.5   0.0   483   671     6   195     3   198 0.95 -
scaffold_3:29152273-29150236  -            275 11226at71240         -            714   3.3e-44  150.2   0.2   1   2   8.5e-42   1.2e-39  135.2   0.0   439   606    13   177     6   182 0.89 -
scaffold_3:29152273-29150236  -            275 11226at71240         -            714   3.3e-44  150.2   0.2   2   2   5.7e-05    0.0077   13.5   0.0   641   712   186   258   178   260 0.69 -
scaffold_10:8457819-8455604   -            228 11226at71240         -            714   9.6e-44  148.7   0.0   1   1   7.8e-46   1.1e-43  148.5   0.0   448   674     2   226     1   228 0.91 -
scaffold_2:32232157-32235056  -            228 11226at71240         -            714   3.9e-42  143.4   0.0   1   1   3.6e-44   4.9e-42  143.0   0.0   448   673     2   226     1   228 0.82 -
scaffold_12:12060469-12061053 -            195 11226at71240         -            714   2.4e-37  127.6   0.0   1   1   2.2e-39     3e-37  127.3   0.0   448   615     9   175     4   188 0.91 -
scaffold_3:34532658-34528567  -            225 11226at71240         -            714   5.3e-37  126.4   0.4   1   2     4e-38   5.4e-36  123.1   0.0   431   580    48   195    43   197 0.92 -
scaffold_3:34532658-34528567  -            225 11226at71240         -            714   5.3e-37  126.4   0.4   2   2      0.22        30    1.6   0.1   611   634   200   223   196   225 0.89 -
scaffold_2:34916410-34916934  -            175 11226at71240         -            714   2.6e-36  124.1   0.0   1   1   2.3e-38   3.1e-36  123.9   0.0   448   614     9   174     5   175 0.92 -
scaffold_31:1437311-1436787   -            175 11226at71240         -            714   2.6e-36  124.1   0.0   1   1   2.3e-38   3.1e-36  123.9   0.0   448   614     9   174     5   175 0.92 -
scaffold_95:139187-135023     -            220 11226at71240         -            714   3.5e-36  123.7   0.1   1   2   5.7e-38   7.8e-36  122.5   0.1   431   580    48   195    43   205 0.92 -
scaffold_95:139187-135023     -            220 11226at71240         -            714   3.5e-36  123.7   0.1   2   2       1.8   2.4e+02   -1.4   0.0   611   631   200   220   195   220 0.84 -
scaffold_10:7546948-7546424   -            175 11226at71240         -            714   5.7e-36  123.0   0.0   1   1     5e-38   6.9e-36  122.7   0.0   448   614     9   174     5   175 0.92 -
scaffold_6:19953306-19968046  -           1257 11226at71240         -            714   1.2e-35  121.9   0.2   1   1   1.4e-37     2e-35  121.2   0.2   437   639   759   960   736   990 0.86 -
scaffold_10:5255082-5269300   -            993 11226at71240         -            714   8.8e-35  119.1   0.0   1   1   1.1e-36   1.4e-34  118.4   0.0   232   423   514   709   508   722 0.81 -
scaffold_10:2286418-2233725   -            262 11226at71240         -            714   1.1e-34  118.8   0.0   1   1   9.8e-37   1.3e-34  118.5   0.0   448   614    94   259    90   262 0.92 -
scaffold_6:12546459-12546897  -             84 11226at71240         -            714   2.8e-25   87.7   0.0   1   1   2.2e-27     3e-25   87.6   0.0   477   558     1    82     1    84 0.97 -
scaffold_8:16929461-16929162  -            100 11226at71240         -            714   9.6e-25   85.9   0.0   1   1   7.2e-27   9.9e-25   85.8   0.0   477   574     1    96     1   100 0.90 -
scaffold_9:1851313-1851671    -             82 11226at71240         -            714   6.1e-24   83.2   0.1   1   1   4.7e-26   6.4e-24   83.2   0.1   477   557     1    79     1    82 0.93 -
scaffold_3:31225381-31224605  -             90 11226at71240         -            714   1.1e-22   79.1   0.0   1   1   8.7e-25   1.2e-22   79.0   0.0   473   553    10    90     3    90 0.96 -
scaffold_2:22695027-22690877  -            473 11226at71240         -            714   9.9e-20   69.3   0.8   1   2   6.9e-06   0.00094   16.5   0.0   233   260   182   209   169   213 0.88 -
scaffold_2:22695027-22690877  -            473 11226at71240         -            714   9.9e-20   69.3   0.8   2   2   7.2e-19   9.9e-17   59.4   0.2   488   637   184   347   184   357 0.85 -
scaffold_6:14733218-14732493  -            242 11226at71240         -            714   5.8e-15   53.6   0.0   1   2   2.1e-05    0.0029   14.9   0.0   458   506    28    76    20   122 0.77 -
scaffold_6:14733218-14732493  -            242 11226at71240         -            714   5.8e-15   53.6   0.0   2   2     4e-14   5.5e-12   43.7   0.0   230   388    53   218    47   224 0.72 -
scaffold_3:21765055-21765822  -            256 11226at71240         -            714   3.8e-13   47.5   0.0   1   2     3e-05    0.0041   14.4   0.0   470   507    56    93    27   143 0.72 -
scaffold_3:21765055-21765822  -            256 11226at71240         -            714   3.8e-13   47.5   0.0   2   2   2.1e-10   2.9e-08   31.4   0.0   305   388   161   246   152   255 0.77 -
scaffold_3:21775609-21776367  -            253 11226at71240         -            714   1.5e-12   45.6   0.0   1   2   1.3e-06   0.00018   18.9   0.0   460   537    28    99    16   142 0.71 -
scaffold_3:21775609-21776367  -            253 11226at71240         -            714   1.5e-12   45.6   0.0   2   2     2e-08   2.7e-06   24.9   0.0   312   364   165   219   152   243 0.83 -
scaffold_8:19420962-19420216  -            249 11226at71240         -            714   1.9e-12   45.3   0.0   1   1   3.3e-13   4.5e-11   40.7   0.0   226   388    29   205    23   223 0.64 -
scaffold_8:19415986-19415312  -            225 11226at71240         -            714   9.4e-11   39.6   0.0   1   2    0.0003     0.041   11.1   0.0   234   264     1    31     1    76 0.85 -
scaffold_8:19415986-19415312  -            225 11226at71240         -            714   9.4e-11   39.6   0.0   2   2   4.6e-09   6.3e-07   27.0   0.0   301   366    83   150    78   193 0.78 -
scaffold_11:12073175-12072429 -            249 11226at71240         -            714   1.8e-10   38.7   0.0   1   2   1.1e-05    0.0016   15.8   0.0   474   509    14    49     2    99 0.52 -
scaffold_11:12073175-12072429 -            249 11226at71240         -            714   1.8e-10   38.7   0.0   2   2   3.4e-07   4.6e-05   20.8   0.0   319   366   148   197   142   237 0.79 -
scaffold_4:9215383-9179645    -           5085 11226at71240         -            714     7e-09   33.4   0.2   1   7     0.052       7.2    3.7   0.0   227   264   345   382   330   396 0.85 -
scaffold_4:9215383-9179645    -           5085 11226at71240         -            714     7e-09   33.4   0.2   2   7       3.3   4.5e+02   -2.3   0.0   614   666   490   545   483   549 0.76 -
scaffold_4:9215383-9179645    -           5085 11226at71240         -            714     7e-09   33.4   0.2   3   7     0.038       5.1    4.2   0.0   228   264   634   670   618   675 0.85 -
scaffold_4:9215383-9179645    -           5085 11226at71240         -            714     7e-09   33.4   0.2   4   7   0.00054     0.074   10.2   0.0   232   274  1040  1084  1011  1132 0.81 -
scaffold_4:9215383-9179645    -           5085 11226at71240         -            714     7e-09   33.4   0.2   5   7       2.6   3.5e+02   -1.9   0.0   233   265  1328  1360  1285  1367 0.83 -
scaffold_4:9215383-9179645    -           5085 11226at71240         -            714     7e-09   33.4   0.2   6   7     0.064       8.8    3.4   0.0   230   267  1766  1803  1747  1809 0.86 -
scaffold_4:9215383-9179645    -           5085 11226at71240         -            714     7e-09   33.4   0.2   7   7      0.15        21    2.2   0.0   236   264  2082  2110  2073  2131 0.80 -
scaffold_10:6167129-6166887   -             81 11226at71240         -            714     1e-06   26.3   0.0   1   1   7.7e-09     1e-06   26.3   0.0   363   672     4    58     1    79 0.53 -
scaffold_2:14484818-14486866  -            472 11226at71240         -            714   4.5e-05   20.9   0.1   1   2     5e-05    0.0068   13.7   0.0   227   311   192   290   178   303 0.71 -
scaffold_2:14484818-14486866  -            472 11226at71240         -            714   4.5e-05   20.9   0.1   2   2     0.019       2.5    5.2   0.0   230   254   445   469   414   471 0.72 -
scaffold_2:18964318-18964022  -             99 11226at71240         -            714   0.00011   19.6   0.0   1   1     8e-07   0.00011   19.6   0.0   228   269    34    75    12    99 0.80 -
scaffold_11:12071190-12071456 -             89 11226at71240         -            714   0.00017   19.0   0.0   1   1   7.9e-06    0.0011   16.3   0.0   231   262    14    45     4    57 0.80 -
scaffold_1:20283884-20288068  -            592 11226at71240         -            714   0.00026   18.3   0.0   1   2   0.00016     0.022   12.0   0.0   225   311    32   114    20   127 0.78 -
scaffold_1:20283884-20288068  -            592 11226at71240         -            714   0.00026   18.3   0.0   2   2     0.043       5.9    4.0   0.0   230   507   334   358   310   372 0.71 -
scaffold_8:16928900-16928160  -            247 11226at71240         -            714   0.00041   17.7   0.0   1   1     4e-06   0.00055   17.3   0.0   388   437     7    60     1    77 0.54 -
scaffold_6:30369634-30368993  -            214 11226at71240         -            714   0.00084   16.7   0.0   1   1   8.2e-06    0.0011   16.3   0.0   230   304    34   113    15   121 0.61 -
scaffold_5:8302453-8298628    -            609 11226at71240         -            714     0.001   16.4   0.0   1   2   0.00059      0.08   10.1   0.0   225   307    32   110    19   128 0.77 -
scaffold_5:8302453-8298628    -            609 11226at71240         -            714     0.001   16.4   0.0   2   2     0.044       6.1    3.9   0.0   230   507   350   374   326   388 0.71 -
scaffold_4:1310348-1281813    -           3455 11226at71240         -            714    0.0016   15.7   0.2   1   3         1   1.4e+02   -0.6   0.0   235   265     4    34     2    44 0.91 -
scaffold_4:1310348-1281813    -           3455 11226at71240         -            714    0.0016   15.7   0.2   2   3    0.0028      0.38    7.9   0.0   229   270   376   417   367   423 0.90 -
scaffold_4:1310348-1281813    -           3455 11226at71240         -            714    0.0016   15.7   0.2   3   3     0.059       8.1    3.5   0.0   235   264   689   718   661   744 0.76 -
scaffold_2:21348824-21354356  -            892 11226at71240         -            714    0.0036   14.6   0.0   1   2   0.00019     0.026   11.7   0.0   226   306   260   352   250   369 0.77 -
scaffold_2:21348824-21354356  -            892 11226at71240         -            714    0.0036   14.6   0.0   2   2      0.62        85    0.1   0.0   230   253   605   628   582   636 0.79 -
scaffold_1:36249249-36242626  -            882 11226at71240         -            714    0.0064   13.7   0.1   1   2   0.00019     0.026   11.8   0.0   226   306   273   365   263   383 0.77 -
scaffold_1:36249249-36242626  -            882 11226at71240         -            714    0.0064   13.7   0.1   2   2       1.6   2.1e+02   -1.2   0.0   230   251   591   612   570   617 0.81 -
scaffold_4:17983789-17982635  -            304 11226at71240         -            714    0.0081   13.4   0.0   1   1   7.2e-05    0.0098   13.1   0.0   237   328    43   140     8   216 0.75 -
scaffold_3:7373159-7372485    -            225 11226at71240         -            714     0.012   12.8   0.0   1   1   0.00012     0.017   12.4   0.0   219   255    16    54     7    63 0.83 -
scaffold_8:21939563-21940758  -            296 11226at71240         -            714     0.013   12.8   0.0   1   1   0.00011     0.015   12.5   0.0   237   328    41   138     6   204 0.74 -
scaffold_8:26803388-26808739  -            885 11226at71240         -            714     0.014   12.6   0.0   1   2    0.0011      0.15    9.2   0.1   235   306   266   349   248   365 0.72 -
scaffold_8:26803388-26808739  -            885 11226at71240         -            714     0.014   12.6   0.0   2   2      0.41        56    0.7   0.0   230   253   604   627   554   645 0.78 -
scaffold_5:28039338-28047776  -            344 11226at71240         -            714     0.024   11.9   0.1   1   2   0.00042     0.057   10.6   0.0   216   256    59    98    52   154 0.66 -
scaffold_5:28039338-28047776  -            344 11226at71240         -            714     0.024   11.9   0.1   2   2       3.3   4.5e+02   -2.3   0.1   178   205   277   304   254   311 0.83 -
scaffold_1:23142981-23150541  -            412 11226at71240         -            714     0.067   10.4   0.1   1   2    0.0048      0.65    7.1   0.1   237   359   146   286   123   286 0.72 -
scaffold_1:23142981-23150541  -            412 11226at71240         -            714     0.067   10.4   0.1   2   2     0.085        12    3.0   0.0   590   642   262   314   254   329 0.80 -
#
# Program:         hmmsearch
# Version:         3.3.2 (Nov 2020)
# Pipeline mode:   SEARCH
# Query file:      /scratch/srb67793/Pelargonium/scripts/busco_downloads/lineages/eudicots_odb10/hmms/11226at71240.hmm
# Target file:     /scratch/srb67793/Pelargonium/scripts/scratch/srb67793/Pelargonium/Results2/HiFiASM_OmniC/P_citronellum_hap2-scaffolds-busco/run_eudicots_odb10/metaeuk_output/initial_results/P_citronellum-hap2_scaffolds_final.fa.modified.fas
# Option settings: hmmsearch --domtblout /scratch/srb67793/Pelargonium/scripts/scratch/srb67793/Pelargonium/Results2/HiFiASM_OmniC/P_citronellum_hap2-scaffolds-busco/run_eudicots_odb10/hmmer_output/initial_run_results/11226at71240.out --cpu 1 /scratch/srb67793/Pelargonium/scripts/busco_downloads/lineages/eudicots_odb10/hmms/11226at71240.hmm /scratch/srb67793/Pelargonium/scripts/scratch/srb67793/Pelargonium/Results2/HiFiASM_OmniC/P_citronellum_hap2-scaffolds-busco/run_eudicots_odb10/metaeuk_output/initial_results/P_citronellum-hap2_scaffolds_final.fa.modified.fas 
# Current dir:     /scratch/srb67793/Pelargonium/scripts
# Date:            Fri Jul 19 11:03:13 2024
# [ok]
