#                                                                                    --- full sequence --- -------------- this domain -------------   hmm coord   ali coord   env coord
# target name                accession   tlen query name           accession   qlen   E-value  score  bias   #  of  c-Evalue  i-Evalue  score  bias  from    to  from    to  from    to  acc description of target
#        ------------------- ---------- ----- -------------------- ---------- ----- --------- ------ ----- --- --- --------- --------- ------ ----- ----- ----- ----- ----- ----- ----- ---- ---------------------
scaffold_1:30997166-30990834 -            864 11295at71240         -            731         0 1368.7  21.2   1   3  3.2e-117    1e-113  380.2   4.7     1   195     1   196     1   214 0.98 -
scaffold_1:30997166-30990834 -            864 11295at71240         -            731         0 1368.7  21.2   2   3  7.6e-156  2.4e-152  507.9   0.1   194   471   230   536   220   545 0.92 -
scaffold_1:30997166-30990834 -            864 11295at71240         -            731         0 1368.7  21.2   3   3    9e-147  2.9e-143  477.9   5.1   470   731   562   863   557   863 0.91 -
scaffold_3:12201900-12200680 -            407 11295at71240         -            731      0.04   11.3   0.1   1   6     0.063     2e+02   -0.9   0.0    33    54   102   123    93   132 0.87 -
scaffold_3:12201900-12200680 -            407 11295at71240         -            731      0.04   11.3   0.1   2   6      0.01        33    1.7   0.0    33    55   150   172   140   185 0.88 -
scaffold_3:12201900-12200680 -            407 11295at71240         -            731      0.04   11.3   0.1   3   6      0.41   1.3e+03   -3.6   0.0    33    54   198   219   196   222 0.90 -
scaffold_3:12201900-12200680 -            407 11295at71240         -            731      0.04   11.3   0.1   4   6      0.15   4.8e+02   -2.2   0.0    33    55   246   268   241   276 0.88 -
scaffold_3:12201900-12200680 -            407 11295at71240         -            731      0.04   11.3   0.1   5   6    0.0079        26    2.0   0.0    33    55   294   316   279   329 0.85 -
scaffold_3:12201900-12200680 -            407 11295at71240         -            731      0.04   11.3   0.1   6   6     0.022        71    0.6   0.0    33    55   342   364   325   372 0.88 -
scaffold_3:12141389-12139365 -            675 11295at71240         -            731      0.11    9.8   1.2   1   6       0.2   6.5e+02   -2.6   0.0    33    55   178   200   175   207 0.89 -
scaffold_3:12141389-12139365 -            675 11295at71240         -            731      0.11    9.8   1.2   2   6     0.019        62    0.8   0.0    33    56   226   249   218   259 0.88 -
scaffold_3:12141389-12139365 -            675 11295at71240         -            731      0.11    9.8   1.2   3   6     0.075   2.4e+02   -1.2   0.0    33    55   274   296   267   305 0.87 -
scaffold_3:12141389-12139365 -            675 11295at71240         -            731      0.11    9.8   1.2   4   6      0.25   8.2e+02   -2.9   0.0    33    54   370   391   368   396 0.89 -
scaffold_3:12141389-12139365 -            675 11295at71240         -            731      0.11    9.8   1.2   5   6     0.015        49    1.1   0.0    33    55   418   440   410   449 0.89 -
scaffold_3:12141389-12139365 -            675 11295at71240         -            731      0.11    9.8   1.2   6   6     0.015        48    1.1   0.0    33    55   466   488   457   497 0.89 -
#
# Program:         hmmsearch
# Version:         3.3.2 (Nov 2020)
# Pipeline mode:   SEARCH
# Query file:      /scratch/srb67793/Pelargonium/scripts/busco_downloads/lineages/eudicots_odb10/hmms/11295at71240.hmm
# Target file:     /scratch/srb67793/Pelargonium/scripts/scratch/srb67793/Pelargonium/Results2/HiFiASM_OmniC/P_citronellum_hap2-scaffolds-busco/run_eudicots_odb10/metaeuk_output/initial_results/P_citronellum-hap2_scaffolds_final.fa.modified.fas
# Option settings: hmmsearch --domtblout /scratch/srb67793/Pelargonium/scripts/scratch/srb67793/Pelargonium/Results2/HiFiASM_OmniC/P_citronellum_hap2-scaffolds-busco/run_eudicots_odb10/hmmer_output/initial_run_results/11295at71240.out --cpu 1 /scratch/srb67793/Pelargonium/scripts/busco_downloads/lineages/eudicots_odb10/hmms/11295at71240.hmm /scratch/srb67793/Pelargonium/scripts/scratch/srb67793/Pelargonium/Results2/HiFiASM_OmniC/P_citronellum_hap2-scaffolds-busco/run_eudicots_odb10/metaeuk_output/initial_results/P_citronellum-hap2_scaffolds_final.fa.modified.fas 
# Current dir:     /scratch/srb67793/Pelargonium/scripts
# Date:            Fri Jul 19 11:03:09 2024
# [ok]
