#                                                                                     --- full sequence --- -------------- this domain -------------   hmm coord   ali coord   env coord
# target name                 accession   tlen query name           accession   qlen   E-value  score  bias   #  of  c-Evalue  i-Evalue  score  bias  from    to  from    to  from    to  acc description of target
#         ------------------- ---------- ----- -------------------- ---------- ----- --------- ------ ----- --- --- --------- --------- ------ ----- ----- ----- ----- ----- ----- ----- ---- ---------------------
scaffold_8:18152537-18156462  -            822 115176at71240        -            216  5.2e-123  407.5   3.0   1   1  3.2e-125  9.1e-123  406.7   3.0     6   215     3   221     1   222 0.95 -
scaffold_442:3428-1731        -            194 115176at71240        -            216   1.3e-79  265.7   8.0   1   1   8.7e-81   2.5e-78  261.4   8.0    19   215     1   191     1   192 0.94 -
scaffold_2:1191551-1190734    -            192 115176at71240        -            216   1.1e-77  259.3   7.9   1   1   7.4e-79   2.1e-76  255.1   7.9    21   215     1   189     1   190 0.94 -
scaffold_2:15716617-15717495  -            194 115176at71240        -            216   4.3e-59  198.5   0.2   1   1   1.8e-61   5.1e-59  198.3   0.2    25   214     1   192     1   194 0.92 -
scaffold_10:13037684-13035768 -            264 115176at71240        -            216     1e-53  180.9   0.1   1   1     5e-56   1.4e-53  180.5   0.1    20   214    54   257    44   259 0.88 -
scaffold_8:19163263-19163868  -            202 115176at71240        -            216   9.5e-40  135.3   0.1   1   1   4.3e-42   1.2e-39  135.0   0.1    38   215     1   201     1   202 0.84 -
scaffold_3:22990708-22990103  -            202 115176at71240        -            216   2.7e-39  133.9   0.1   1   1   1.2e-41   3.5e-39  133.5   0.1    38   215     1   201     1   202 0.84 -
scaffold_10:10054810-10049517 -            405 115176at71240        -            216   5.2e-35  119.8   1.1   1   1   2.5e-36     7e-34  116.1   1.1    20   215   189   404   167   405 0.78 -
scaffold_6:22452696-22453202  -            169 115176at71240        -            216   2.3e-34  117.7   0.0   1   1   2.5e-36   7.1e-34  116.1   0.0    42   212     1   169     1   169 0.82 -
scaffold_1:800333-801004      -            224 115176at71240        -            216   3.5e-34  117.1   0.8   1   1     5e-36   1.4e-33  115.1   0.8    19   213    19   223     5   224 0.81 -
scaffold_1:798971-798300      -            224 115176at71240        -            216   3.7e-34  117.1   1.0   1   1   5.2e-36   1.5e-33  115.1   1.0    19   213    19   223     4   224 0.80 -
scaffold_3:4200928-4201557    -            210 115176at71240        -            216   1.7e-33  114.9   0.7   1   1   2.6e-35   7.5e-33  112.8   0.7    28   213    16   209     3   210 0.79 -
scaffold_5:3822414-3823088    -            225 115176at71240        -            216   1.8e-33  114.8   1.3   1   1   3.6e-35     1e-32  112.3   1.3     6   213     7   224     2   225 0.78 -
scaffold_5:11294242-11293736  -            169 115176at71240        -            216   2.6e-33  114.3   0.0   1   1     3e-35   8.4e-33  112.6   0.0    42   212     1   169     1   169 0.82 -
scaffold_5:3813233-3813928    -            232 115176at71240        -            216     3e-33  114.1   1.3   1   1   5.8e-35   1.7e-32  111.7   1.3     9   213    17   231     9   232 0.78 -
scaffold_6:30918689-30918069  -            207 115176at71240        -            216   3.5e-33  113.9   1.2   1   1   9.1e-35   2.6e-32  111.0   1.2    20   212     3   205     1   207 0.80 -
scaffold_6:13026061-13026717  -            219 115176at71240        -            216   5.6e-33  113.2   1.3   1   1   9.4e-35   2.7e-32  111.0   1.3     9   213     4   218     1   219 0.79 -
scaffold_5:3817790-3818476    -            229 115176at71240        -            216   6.4e-33  113.0   1.1   1   1   1.1e-34   3.1e-32  110.8   1.1     7   211    15   229     9   229 0.79 -
scaffold_619:5801-6472        -            224 115176at71240        -            216   6.4e-33  113.0   1.1   1   1   1.1e-34   3.2e-32  110.7   1.1     9   213     8   223     3   224 0.77 -
scaffold_5:3783896-3783258    -            213 115176at71240        -            216   8.2e-33  112.7   1.2   1   1   1.7e-34   4.8e-32  110.1   1.2    10   211     2   213     1   213 0.78 -
scaffold_5:3791041-3790412    -            210 115176at71240        -            216   8.3e-33  112.6   0.8   1   1   1.6e-34   4.7e-32  110.2   0.8    27   213    16   209     3   210 0.76 -
scaffold_619:4047-3418        -            210 115176at71240        -            216   1.1e-32  112.2   0.9   1   1     2e-34   5.7e-32  109.9   0.9    27   213    16   209     3   210 0.78 -
scaffold_5:3815514-3816335    -            274 115176at71240        -            216   1.4e-32  111.9   1.0   1   1   2.5e-34   7.2e-32  109.6   1.0     9   211    62   274    54   274 0.78 -
scaffold_3:7326859-7326230    -            210 115176at71240        -            216   1.5e-32  111.8   0.7   1   1   2.8e-34   8.1e-32  109.4   0.7    27   213    16   209     3   210 0.79 -
scaffold_619:1899-1108        -            264 115176at71240        -            216   2.7e-32  110.9   0.9   1   1   4.1e-34   1.2e-31  108.9   0.9     9   211    51   264    43   264 0.77 -
scaffold_5:3820312-3820893    -            194 115176at71240        -            216     7e-32  109.6   0.9   1   1   1.6e-33   4.5e-31  107.0   0.9    32   213     1   190     1   193 0.80 -
scaffold_10:4304046-4304684   -            213 115176at71240        -            216   1.6e-31  108.4   0.9   1   1   2.7e-33   7.6e-31  106.2   0.9    27   211    22   213     7   213 0.75 -
scaffold_11:4900032-4898970   -            210 115176at71240        -            216   1.7e-31  108.4   0.6   1   1   2.6e-33   7.4e-31  106.3   0.6    28   210    17   209     4   210 0.78 -
scaffold_12:10418530-10398025 -            757 115176at71240        -            216   9.1e-31  106.0   0.9   1   1     1e-32   2.9e-30  104.3   0.9    39   191     1   171     1   179 0.75 -
scaffold_10:6798279-6797723   -            163 115176at71240        -            216   4.3e-29  100.5   0.6   1   1   3.2e-31   9.1e-29   99.4   0.6    40   213     1   159     1   162 0.87 -
scaffold_10:6801945-6801415   -            177 115176at71240        -            216   9.4e-26   89.6   0.3   1   1   1.9e-27   5.4e-25   87.1   0.3    49   213     1   173     1   176 0.78 -
scaffold_4:18801069-18799462  -            255 115176at71240        -            216   1.5e-24   85.7   5.1   1   2   4.3e-13   1.2e-10   40.2   0.6    20    59    53    92    41   101 0.90 -
scaffold_4:18801069-18799462  -            255 115176at71240        -            216   1.5e-24   85.7   5.1   2   2     6e-15   1.7e-12   46.2   0.3    57   198   133   252   123   255 0.87 -
scaffold_5:3812326-3811841    -            162 115176at71240        -            216   3.3e-23   81.3   0.4   1   1   9.1e-25   2.6e-22   78.3   0.4    63   211     6   162     3   162 0.76 -
scaffold_1:40576170-40578701  -            437 115176at71240        -            216     0.059   11.8   0.1   1   1   0.00035       0.1   11.0   0.1    22    71   352   403   347   418 0.79 -
#
# Program:         hmmsearch
# Version:         3.3.2 (Nov 2020)
# Pipeline mode:   SEARCH
# Query file:      /scratch/srb67793/Pelargonium/scripts/busco_downloads/lineages/eudicots_odb10/hmms/115176at71240.hmm
# Target file:     /scratch/srb67793/Pelargonium/scripts/scratch/srb67793/Pelargonium/Results2/HiFiASM_OmniC/P_citronellum_hap2-scaffolds-busco/run_eudicots_odb10/metaeuk_output/initial_results/P_citronellum-hap2_scaffolds_final.fa.modified.fas
# Option settings: hmmsearch --domtblout /scratch/srb67793/Pelargonium/scripts/scratch/srb67793/Pelargonium/Results2/HiFiASM_OmniC/P_citronellum_hap2-scaffolds-busco/run_eudicots_odb10/hmmer_output/initial_run_results/115176at71240.out --cpu 1 /scratch/srb67793/Pelargonium/scripts/busco_downloads/lineages/eudicots_odb10/hmms/115176at71240.hmm /scratch/srb67793/Pelargonium/scripts/scratch/srb67793/Pelargonium/Results2/HiFiASM_OmniC/P_citronellum_hap2-scaffolds-busco/run_eudicots_odb10/metaeuk_output/initial_results/P_citronellum-hap2_scaffolds_final.fa.modified.fas 
# Current dir:     /scratch/srb67793/Pelargonium/scripts
# Date:            Fri Jul 19 11:03:09 2024
# [ok]
