#                                                                                     --- full sequence --- -------------- this domain -------------   hmm coord   ali coord   env coord
# target name                 accession   tlen query name           accession   qlen   E-value  score  bias   #  of  c-Evalue  i-Evalue  score  bias  from    to  from    to  from    to  acc description of target
#         ------------------- ---------- ----- -------------------- ---------- ----- --------- ------ ----- --- --- --------- --------- ------ ----- ----- ----- ----- ----- ----- ----- ---- ---------------------
scaffold_2:8330469-8331281    -            271 116155at71240        -            246  2.9e-148  491.2  16.8   1   1    2e-151  3.3e-148  491.0  16.8     1   246     1   261     1   261 0.97 -
scaffold_2:9217726-9219568    -            326 116155at71240        -            246     3e-11   42.5   4.5   1   1   2.7e-14   4.4e-11   41.9   4.5    52   187    73   210    62   220 0.80 -
scaffold_9:5899231-5894012    -            388 116155at71240        -            246   1.5e-08   33.7  14.6   1   1   7.3e-11   1.2e-07   30.7  14.7    15   195    18   193    10   205 0.74 -
scaffold_4:5672606-5668876    -            367 116155at71240        -            246   1.1e-07   30.9  18.7   1   1   5.4e-10   8.7e-07   27.9  18.7    15   196    18   194    14   218 0.73 -
scaffold_12:12866545-12871131 -            277 116155at71240        -            246     0.025   13.3   6.6   1   1     4e-05     0.065   11.9   6.6    41   102    67   132    58   217 0.79 -
scaffold_10:1743777-1741093   -            252 116155at71240        -            246     0.055   12.2   5.7   1   2   1.2e-05     0.019   13.6   2.0    50   103    88   143    80   151 0.77 -
scaffold_10:1743777-1741093   -            252 116155at71240        -            246     0.055   12.2   5.7   2   2      0.27   4.4e+02   -0.6   0.3   147   192   156   200   139   212 0.71 -
#
# Program:         hmmsearch
# Version:         3.3.2 (Nov 2020)
# Pipeline mode:   SEARCH
# Query file:      /scratch/srb67793/Pelargonium/scripts/busco_downloads/lineages/eudicots_odb10/hmms/116155at71240.hmm
# Target file:     /scratch/srb67793/Pelargonium/scripts/scratch/srb67793/Pelargonium/Results2/HiFiASM_OmniC/P_citronellum_hap2-scaffolds-busco/run_eudicots_odb10/metaeuk_output/initial_results/P_citronellum-hap2_scaffolds_final.fa.modified.fas
# Option settings: hmmsearch --domtblout /scratch/srb67793/Pelargonium/scripts/scratch/srb67793/Pelargonium/Results2/HiFiASM_OmniC/P_citronellum_hap2-scaffolds-busco/run_eudicots_odb10/hmmer_output/initial_run_results/116155at71240.out --cpu 1 /scratch/srb67793/Pelargonium/scripts/busco_downloads/lineages/eudicots_odb10/hmms/116155at71240.hmm /scratch/srb67793/Pelargonium/scripts/scratch/srb67793/Pelargonium/Results2/HiFiASM_OmniC/P_citronellum_hap2-scaffolds-busco/run_eudicots_odb10/metaeuk_output/initial_results/P_citronellum-hap2_scaffolds_final.fa.modified.fas 
# Current dir:     /scratch/srb67793/Pelargonium/scripts
# Date:            Fri Jul 19 11:03:08 2024
# [ok]
