#                                                                                     --- full sequence --- -------------- this domain -------------   hmm coord   ali coord   env coord
# target name                 accession   tlen query name           accession   qlen   E-value  score  bias   #  of  c-Evalue  i-Evalue  score  bias  from    to  from    to  from    to  acc description of target
#         ------------------- ---------- ----- -------------------- ---------- ----- --------- ------ ----- --- --- --------- --------- ------ ----- ----- ----- ----- ----- ----- ----- ---- ---------------------
scaffold_1:30951723-30949611  -            239 116574at71240        -            201   7.1e-96  319.0  22.9   1   1     2e-97     6e-95  316.0  22.9     1   199    13   239    13   239 0.92 -
scaffold_9:2741631-2739971    -            238 116574at71240        -            201   4.1e-68  228.4  19.9   1   1   1.9e-70   5.8e-68  227.9  19.9     3   200    11   230     9   231 0.88 -
scaffold_10:1184663-1183110   -            245 116574at71240        -            201   1.3e-67  226.7  20.8   1   1   1.8e-69   5.3e-67  224.7  20.8     3   198    14   232    12   235 0.89 -
scaffold_4:2414268-2411785    -            242 116574at71240        -            201   1.8e-66  223.0  22.4   1   1   2.2e-68   6.7e-66  221.2  22.4     3   200    11   232     9   233 0.86 -
scaffold_8:24197968-24197134  -            215 116574at71240        -            201   5.3e-60  201.9  21.4   1   1   2.8e-62   8.6e-60  201.2  21.4     6   198     1   213     1   215 0.89 -
scaffold_4:3479990-3478896    -            244 116574at71240        -            201   7.7e-60  201.4  20.9   1   1   7.5e-62   2.3e-59  199.8  20.9     3   197    11   230     9   234 0.87 -
scaffold_6:31863763-31861706  -            236 116574at71240        -            201   1.2e-59  200.8  16.2   1   1   4.7e-62   1.4e-59  200.5  16.2     4   201    15   225    12   225 0.89 -
scaffold_3:32521865-32518818  -            238 116574at71240        -            201   5.6e-59  198.6  18.1   1   1   1.9e-60   5.7e-58  195.3  18.1     4   199    13   234    10   236 0.86 -
scaffold_2:13662418-13663898  -            237 116574at71240        -            201   3.2e-58  196.1  17.6   1   1   2.4e-60   7.4e-58  194.9  17.6     4   201     9   232     6   232 0.86 -
scaffold_3:33940760-33939946  -            246 116574at71240        -            201   9.3e-57  191.3  14.3   1   1   9.1e-58   2.8e-55  186.5  14.3     4   199    13   234    10   236 0.86 -
scaffold_4:17734232-17733554  -            192 116574at71240        -            201   1.4e-56  190.7  14.9   1   1   5.7e-59   1.7e-56  190.4  14.9    33   198    11   192     1   192 0.89 -
scaffold_8:2419264-2416988    -            246 116574at71240        -            201     1e-52  178.1  13.8   1   1   7.1e-55   2.1e-52  177.1  13.8     4   198    15   230    12   233 0.86 -
scaffold_3:39112625-39113692  -            157 116574at71240        -            201   1.6e-24   86.1   6.6   1   1   4.3e-26   1.3e-23   83.1   6.6    63   195     1   156     1   157 0.83 -
scaffold_10:2048848-2049569   -            154 116574at71240        -            201   3.6e-23   81.7   6.1   1   1     5e-25   1.5e-22   79.6   6.1    63   194     2   152     1   154 0.82 -
scaffold_5:8080017-8078584    -            207 116574at71240        -            201   9.5e-22   77.0  11.7   1   1   3.6e-24   1.1e-21   76.8  11.7    11   195     3   190     1   196 0.93 -
scaffold_11:9549872-9548740   -            290 116574at71240        -            201   3.2e-21   75.3  17.6   1   2     2e-11     6e-09   35.2   2.7     5    88    37   120    33   125 0.91 -
scaffold_11:9549872-9548740   -            290 116574at71240        -            201   3.2e-21   75.3  17.6   2   2   1.4e-14   4.3e-12   45.5   7.2    82   196   151   270   132   275 0.83 -
scaffold_7:14968439-14966941  -            128 116574at71240        -            201   9.2e-21   73.8   8.6   1   1   7.4e-22   2.3e-19   69.3   8.6    63   170     2   128     1   128 0.76 -
scaffold_12:12522564-12521993 -            140 116574at71240        -            201   6.6e-19   67.7   4.7   1   1   1.3e-20   3.8e-18   65.2   4.7    63   172     2   135     1   139 0.81 -
scaffold_4:14309675-14310832  -            134 116574at71240        -            201   6.9e-19   67.7   7.5   1   1   7.7e-20   2.3e-17   62.7   7.5    61   170     1   134     1   134 0.81 -
scaffold_8:1473200-1480638    -            203 116574at71240        -            201   3.6e-18   65.4  12.0   1   1   4.4e-20   1.3e-17   63.5  12.0    11   197     2   201     1   203 0.81 -
scaffold_3:7256405-7254938    -            200 116574at71240        -            201   4.4e-18   65.1  18.0   1   1   3.4e-18     1e-15   57.3  18.0    10   197     8   198     3   200 0.86 -
scaffold_10:18078854-18080300 -            209 116574at71240        -            201   4.7e-18   65.0  16.4   1   1   3.9e-20   1.2e-17   63.6  16.4    11   198     3   185     1   188 0.90 -
scaffold_5:11226212-11227898  -            140 116574at71240        -            201   5.9e-18   64.6   4.8   1   1   5.3e-19   1.6e-16   60.0   4.8    62   172     1   135     1   139 0.77 -
scaffold_5:13692826-13692299  -            142 116574at71240        -            201   4.6e-16   58.5   3.9   1   1     4e-17   1.2e-14   53.8   3.9    62   171     1   133     1   139 0.76 -
scaffold_4:14561982-14562713  -            244 116574at71240        -            201   8.5e-16   57.6  20.9   1   3     8e-12   2.4e-09   36.5   8.0     8   106     1   101     1   121 0.80 -
scaffold_4:14561982-14562713  -            244 116574at71240        -            201   8.5e-16   57.6  20.9   2   3     0.023       6.9    5.7   0.3    12    59   140   186   130   191 0.68 -
scaffold_4:14561982-14562713  -            244 116574at71240        -            201   8.5e-16   57.6  20.9   3   3   3.7e-08   1.1e-05   24.5   1.6   144   190   184   232   175   240 0.78 -
scaffold_5:131656-132522      -            188 116574at71240        -            201   3.1e-15   55.7  17.1   1   1     1e-16     3e-14   52.5  17.1    12   198     1   185     1   188 0.84 -
scaffold_4:14557481-14558086  -            202 116574at71240        -            201   1.7e-14   53.3  20.1   1   3   1.4e-10   4.3e-08   32.4   4.6    42   108     7    73     3    92 0.86 -
scaffold_4:14557481-14558086  -            202 116574at71240        -            201   1.7e-14   53.3  20.1   2   3   0.00013     0.038   13.0   2.6    12    64   110   161   103   165 0.87 -
scaffold_4:14557481-14558086  -            202 116574at71240        -            201   1.7e-14   53.3  20.1   3   3   4.4e-07   0.00013   21.0   1.5   143   188   153   200   145   202 0.81 -
scaffold_4:9177404-9179251    -            189 116574at71240        -            201   1.9e-13   49.9  15.8   1   1   8.6e-15   2.6e-12   46.2  15.8    12   197     1   186     1   189 0.87 -
scaffold_6:34194986-34194495  -            164 116574at71240        -            201   1.2e-10   40.8   3.8   1   1   4.5e-13   1.4e-10   40.6   3.8   112   194    73   163    14   164 0.72 -
scaffold_4:14564845-14565399  -            185 116574at71240        -            201   2.1e-10   40.0  10.9   1   1     2e-10     6e-08   32.0  10.9    60   190    13   178     2   185 0.71 -
scaffold_8:15536185-15535961  -             75 116574at71240        -            201   3.5e-08   32.7   2.5   1   1   1.3e-10   3.9e-08   32.6   2.5    11    79     2    69     1    73 0.84 -
scaffold_2:11147763-11147981  -             73 116574at71240        -            201   3.5e-07   29.5   1.0   1   1   1.3e-09   3.9e-07   29.3   1.0    12    77     1    66     1    71 0.94 -
#
# Program:         hmmsearch
# Version:         3.3.2 (Nov 2020)
# Pipeline mode:   SEARCH
# Query file:      /scratch/srb67793/Pelargonium/scripts/busco_downloads/lineages/eudicots_odb10/hmms/116574at71240.hmm
# Target file:     /scratch/srb67793/Pelargonium/scripts/scratch/srb67793/Pelargonium/Results2/HiFiASM_OmniC/P_citronellum_hap2-scaffolds-busco/run_eudicots_odb10/metaeuk_output/initial_results/P_citronellum-hap2_scaffolds_final.fa.modified.fas
# Option settings: hmmsearch --domtblout /scratch/srb67793/Pelargonium/scripts/scratch/srb67793/Pelargonium/Results2/HiFiASM_OmniC/P_citronellum_hap2-scaffolds-busco/run_eudicots_odb10/hmmer_output/initial_run_results/116574at71240.out --cpu 1 /scratch/srb67793/Pelargonium/scripts/busco_downloads/lineages/eudicots_odb10/hmms/116574at71240.hmm /scratch/srb67793/Pelargonium/scripts/scratch/srb67793/Pelargonium/Results2/HiFiASM_OmniC/P_citronellum_hap2-scaffolds-busco/run_eudicots_odb10/metaeuk_output/initial_results/P_citronellum-hap2_scaffolds_final.fa.modified.fas 
# Current dir:     /scratch/srb67793/Pelargonium/scripts
# Date:            Fri Jul 19 11:03:08 2024
# [ok]
