#                                                                                     --- full sequence --- -------------- this domain -------------   hmm coord   ali coord   env coord
# target name                 accession   tlen query name           accession   qlen   E-value  score  bias   #  of  c-Evalue  i-Evalue  score  bias  from    to  from    to  from    to  acc description of target
#         ------------------- ---------- ----- -------------------- ---------- ----- --------- ------ ----- --- --- --------- --------- ------ ----- ----- ----- ----- ----- ----- ----- ---- ---------------------
scaffold_8:15415100-15410632  -            297 121733at71240        -            220  1.1e-110  367.4   0.0   1   1  1.3e-113  1.3e-110  367.2   0.0     9   220    74   293    56   293 0.94 -
scaffold_2:25311062-25313782  -            163 121733at71240        -            220   7.7e-67  224.0   0.1   1   1   8.8e-70   8.5e-67  223.9   0.1    25   187     1   163     1   163 0.99 -
scaffold_10:9824074-9819492   -            306 121733at71240        -            220   1.6e-62  209.9   0.3   1   1   2.3e-65   2.2e-62  209.5   0.3    16   203    93   277    84   295 0.92 -
scaffold_4:13154137-13151089  -            310 121733at71240        -            220   3.9e-59  198.8   0.2   1   1   5.2e-62   5.1e-59  198.5   0.2    15   200    95   280    83   298 0.95 -
scaffold_1:30671289-30668394  -            181 121733at71240        -            220   1.7e-56  190.2   0.0   1   1   1.9e-59   1.9e-56  190.1   0.0    19   196     4   181     1   181 0.98 -
scaffold_286:69041-70214      -            188 121733at71240        -            220   1.5e-36  125.0   0.0   1   1   1.8e-39   1.7e-36  124.8   0.0    17   186    18   188     4   188 0.95 -
scaffold_5:2650813-2649493    -            114 121733at71240        -            220   1.9e-34  118.1   0.0   1   1   2.2e-37   2.1e-34  118.0   0.0    90   188     8   106     1   111 0.94 -
scaffold_12:13441833-13438628 -            238 121733at71240        -            220   1.7e-22   79.0   0.0   1   1   4.7e-25   4.6e-22   77.6   0.0    15   186    56   218    51   224 0.91 -
scaffold_7:14208048-14222242  -            551 121733at71240        -            220   4.8e-18   64.5   0.0   1   1   7.8e-21   7.6e-18   63.8   0.0    18   141   107   241   103   257 0.86 -
scaffold_7:27202426-27203361  -            312 121733at71240        -            220     0.078   11.5   0.1   1   1   0.00013      0.13   10.8   0.1    69   105   103   139    98   158 0.86 -
#
# Program:         hmmsearch
# Version:         3.3.2 (Nov 2020)
# Pipeline mode:   SEARCH
# Query file:      /scratch/srb67793/Pelargonium/scripts/busco_downloads/lineages/eudicots_odb10/hmms/121733at71240.hmm
# Target file:     /scratch/srb67793/Pelargonium/scripts/scratch/srb67793/Pelargonium/Results2/HiFiASM_OmniC/P_citronellum_hap2-scaffolds-busco/run_eudicots_odb10/metaeuk_output/initial_results/P_citronellum-hap2_scaffolds_final.fa.modified.fas
# Option settings: hmmsearch --domtblout /scratch/srb67793/Pelargonium/scripts/scratch/srb67793/Pelargonium/Results2/HiFiASM_OmniC/P_citronellum_hap2-scaffolds-busco/run_eudicots_odb10/hmmer_output/initial_run_results/121733at71240.out --cpu 1 /scratch/srb67793/Pelargonium/scripts/busco_downloads/lineages/eudicots_odb10/hmms/121733at71240.hmm /scratch/srb67793/Pelargonium/scripts/scratch/srb67793/Pelargonium/Results2/HiFiASM_OmniC/P_citronellum_hap2-scaffolds-busco/run_eudicots_odb10/metaeuk_output/initial_results/P_citronellum-hap2_scaffolds_final.fa.modified.fas 
# Current dir:     /scratch/srb67793/Pelargonium/scripts
# Date:            Fri Jul 19 11:03:10 2024
# [ok]
