#                                                                                     --- full sequence --- -------------- this domain -------------   hmm coord   ali coord   env coord
# target name                 accession   tlen query name           accession   qlen   E-value  score  bias   #  of  c-Evalue  i-Evalue  score  bias  from    to  from    to  from    to  acc description of target
#         ------------------- ---------- ----- -------------------- ---------- ----- --------- ------ ----- --- --- --------- --------- ------ ----- ----- ----- ----- ----- ----- ----- ---- ---------------------
scaffold_1:41792233-41786108  -            910 12607at71240         -            654         0 1258.6  15.3   1   4  1.4e-222  3.3e-219  728.7   0.8     1   344     9   355     9   368 0.97 -
scaffold_1:41792233-41786108  -            910 12607at71240         -            654         0 1258.6  15.3   2   4      0.13   3.3e+02   -1.5   0.0   320   372   410   461   405   481 0.75 -
scaffold_1:41792233-41786108  -            910 12607at71240         -            654         0 1258.6  15.3   3   4   3.3e-14     8e-11   40.1   1.1   346   392   479   524   466   544 0.83 -
scaffold_1:41792233-41786108  -            910 12607at71240         -            654         0 1258.6  15.3   4   4    5e-152  1.2e-148  495.5   0.6   380   654   615   903   594   903 0.93 -
scaffold_5:33046247-33065261  -            727 12607at71240         -            654   1.4e-53  181.4   1.2   1   1   7.5e-57   1.8e-53  181.0   1.2     2   350    29   375    28   398 0.88 -
scaffold_10:15720218-15732079 -            727 12607at71240         -            654   3.2e-52  176.9   2.3   1   1   1.7e-55     4e-52  176.6   2.3     2   351    29   376    28   426 0.88 -
scaffold_7:12713603-12724110  -           1114 12607at71240         -            654   1.6e-41  141.6   0.3   1   3     1e-31   2.5e-28   97.9   0.1     2   335     4   339     3   368 0.84 -
scaffold_7:12713603-12724110  -           1114 12607at71240         -            654   1.6e-41  141.6   0.3   2   3   0.00026      0.64    7.4   0.0   449   496   847   894   836   912 0.88 -
scaffold_7:12713603-12724110  -           1114 12607at71240         -            654   1.6e-41  141.6   0.3   3   3   5.8e-12   1.4e-08   32.7   0.0   588   654  1010  1076   995  1076 0.94 -
#
# Program:         hmmsearch
# Version:         3.3.2 (Nov 2020)
# Pipeline mode:   SEARCH
# Query file:      /scratch/srb67793/Pelargonium/scripts/busco_downloads/lineages/eudicots_odb10/hmms/12607at71240.hmm
# Target file:     /scratch/srb67793/Pelargonium/scripts/scratch/srb67793/Pelargonium/Results2/HiFiASM_OmniC/P_citronellum_hap2-scaffolds-busco/run_eudicots_odb10/metaeuk_output/initial_results/P_citronellum-hap2_scaffolds_final.fa.modified.fas
# Option settings: hmmsearch --domtblout /scratch/srb67793/Pelargonium/scripts/scratch/srb67793/Pelargonium/Results2/HiFiASM_OmniC/P_citronellum_hap2-scaffolds-busco/run_eudicots_odb10/hmmer_output/initial_run_results/12607at71240.out --cpu 1 /scratch/srb67793/Pelargonium/scripts/busco_downloads/lineages/eudicots_odb10/hmms/12607at71240.hmm /scratch/srb67793/Pelargonium/scripts/scratch/srb67793/Pelargonium/Results2/HiFiASM_OmniC/P_citronellum_hap2-scaffolds-busco/run_eudicots_odb10/metaeuk_output/initial_results/P_citronellum-hap2_scaffolds_final.fa.modified.fas 
# Current dir:     /scratch/srb67793/Pelargonium/scripts
# Date:            Fri Jul 19 11:03:10 2024
# [ok]
