#                                                                                    --- full sequence --- -------------- this domain -------------   hmm coord   ali coord   env coord
# target name                accession   tlen query name           accession   qlen   E-value  score  bias   #  of  c-Evalue  i-Evalue  score  bias  from    to  from    to  from    to  acc description of target
#        ------------------- ---------- ----- -------------------- ---------- ----- --------- ------ ----- --- --- --------- --------- ------ ----- ----- ----- ----- ----- ----- ----- ---- ---------------------
scaffold_96:134947-139752    -            244 131597at71240        -            205   3.2e-67  225.2   5.5   1   2   2.1e-61   2.2e-58  196.3   1.7    18   181     1   189     1   195 0.87 -
scaffold_96:134947-139752    -            244 131597at71240        -            205   3.2e-67  225.2   5.5   2   2   1.1e-10   1.2e-07   30.6   0.3   167   203   199   244   184   244 0.76 -
scaffold_10:3473034-3473840  -            269 131597at71240        -            205    0.0047   15.7   1.6   1   1     7e-06    0.0076   15.0   1.6   126   167   180   224   168   237 0.79 -
scaffold_6:31934798-31934001 -            266 131597at71240        -            205     0.019   13.7   0.4   1   1   3.1e-05     0.033   12.9   0.4   135   167   224   260   212   264 0.80 -
scaffold_8:21968888-21969571 -            228 131597at71240        -            205     0.023   13.4   1.6   1   1   3.5e-05     0.037   12.7   1.6   129   167   181   222   165   227 0.75 -
scaffold_4:17924702-17923932 -            257 131597at71240        -            205     0.024   13.4   0.9   1   1   3.3e-05     0.035   12.8   0.9   135   167   184   220   171   228 0.78 -
scaffold_7:15584345-15585076 -            244 131597at71240        -            205     0.028   13.1   1.1   1   1     4e-05     0.043   12.5   1.1   128   167   195   237   180   242 0.77 -
scaffold_3:31826793-31827536 -            248 131597at71240        -            205     0.032   13.0   0.4   1   1   4.8e-05     0.052   12.3   0.4   136   167   193   228   177   236 0.79 -
scaffold_1:21285269-21285940 -            224 131597at71240        -            205     0.038   12.7   1.5   1   1     5e-05     0.054   12.2   1.5   128   167   176   218   162   223 0.75 -
scaffold_5:23940484-23941470 -            329 131597at71240        -            205      0.15   10.8   0.4   1   1    0.0002      0.22   10.2   0.4   128   172   240   282   229   304 0.73 -
#
# Program:         hmmsearch
# Version:         3.3.2 (Nov 2020)
# Pipeline mode:   SEARCH
# Query file:      /scratch/srb67793/Pelargonium/scripts/busco_downloads/lineages/eudicots_odb10/hmms/131597at71240.hmm
# Target file:     /scratch/srb67793/Pelargonium/scripts/scratch/srb67793/Pelargonium/Results2/HiFiASM_OmniC/P_citronellum_hap2-scaffolds-busco/run_eudicots_odb10/metaeuk_output/initial_results/P_citronellum-hap2_scaffolds_final.fa.modified.fas
# Option settings: hmmsearch --domtblout /scratch/srb67793/Pelargonium/scripts/scratch/srb67793/Pelargonium/Results2/HiFiASM_OmniC/P_citronellum_hap2-scaffolds-busco/run_eudicots_odb10/hmmer_output/initial_run_results/131597at71240.out --cpu 1 /scratch/srb67793/Pelargonium/scripts/busco_downloads/lineages/eudicots_odb10/hmms/131597at71240.hmm /scratch/srb67793/Pelargonium/scripts/scratch/srb67793/Pelargonium/Results2/HiFiASM_OmniC/P_citronellum_hap2-scaffolds-busco/run_eudicots_odb10/metaeuk_output/initial_results/P_citronellum-hap2_scaffolds_final.fa.modified.fas 
# Current dir:     /scratch/srb67793/Pelargonium/scripts
# Date:            Fri Jul 19 11:03:15 2024
# [ok]
