#                                                                                    --- full sequence --- -------------- this domain -------------   hmm coord   ali coord   env coord
# target name                accession   tlen query name           accession   qlen   E-value  score  bias   #  of  c-Evalue  i-Evalue  score  bias  from    to  from    to  from    to  acc description of target
#        ------------------- ---------- ----- -------------------- ---------- ----- --------- ------ ----- --- --- --------- --------- ------ ----- ----- ----- ----- ----- ----- ----- ---- ---------------------
scaffold_6:16814293-16813559 -            245 134001at71240        -            218     2e-89  298.1   0.0   1   1   9.8e-92   4.5e-89  296.9   0.0     1   217     3   235     3   236 0.81 -
scaffold_9:19361116-19361742 -            209 134001at71240        -            218   3.3e-54  182.9   0.4   1   1   2.2e-56     1e-53  181.3   0.4     2   165     7   182     6   208 0.79 -
scaffold_12:2754215-2753580  -            212 134001at71240        -            218   6.7e-50  168.8   0.2   1   1   4.7e-52   2.2e-49  167.2   0.2     2   164     7   184     6   208 0.86 -
scaffold_6:19891382-19891747 -            122 134001at71240        -            218   5.1e-38  130.0   0.0   1   1   1.5e-40   6.8e-38  129.6   0.0     3   114     2   120     1   122 0.88 -
scaffold_3:4034966-4034583   -            128 134001at71240        -            218   1.5e-25   89.2   0.0   1   1   4.6e-28   2.1e-25   88.7   0.0     4   121     1   128     1   128 0.88 -
scaffold_10:7215622-7215215  -            136 134001at71240        -            218   1.6e-15   56.4   0.0   1   1   4.2e-18   1.9e-15   56.2   0.0     4   125     7   134     5   136 0.88 -
scaffold_10:7215622-7203953  -            594 134001at71240        -            218     1e-14   53.8   0.0   1   1   3.6e-17   1.6e-14   53.1   0.0     4   130     7   139     5   155 0.88 -
scaffold_31:531670-531203    -            156 134001at71240        -            218   5.9e-14   51.3   0.0   1   1   1.5e-16   6.7e-14   51.1   0.0     4   134     1   136     1   145 0.82 -
scaffold_4:18543216-18560829 -            594 134001at71240        -            218   1.5e-13   50.0   0.0   1   1   5.7e-16   2.6e-13   49.2   0.0     4   125     2   125     2   134 0.86 -
scaffold_10:1774876-1774430  -            149 134001at71240        -            218   2.5e-12   46.0   0.0   1   1     1e-14   4.8e-12   45.1   0.0     3   125     1   146     1   149 0.72 -
scaffold_7:656613-657362     -            250 134001at71240        -            218   7.2e-12   44.5   0.0   1   1   1.9e-14   8.8e-12   44.2   0.0     4   132     2   136     1   147 0.89 -
scaffold_115:40859-41305     -            149 134001at71240        -            218   8.2e-12   44.3   0.0   1   1   2.2e-14     1e-11   44.0   0.0     4   132     7   140     5   147 0.83 -
scaffold_6:28824710-28821446 -            544 134001at71240        -            218   4.1e-10   38.7   0.0   1   1   1.5e-12   7.1e-10   38.0   0.0    18    98   232   314   224   323 0.87 -
scaffold_9:6577676-6575445   -            744 134001at71240        -            218   9.3e-08   31.0   0.1   1   3      0.25   1.2e+02    1.3   0.0    48    94    51    95    47   134 0.80 -
scaffold_9:6577676-6575445   -            744 134001at71240        -            218   9.3e-08   31.0   0.1   2   3    0.0055       2.5    6.7   0.0     6    98   176   263   173   273 0.74 -
scaffold_9:6577676-6575445   -            744 134001at71240        -            218   9.3e-08   31.0   0.1   3   3   1.1e-06    0.0005   18.9   0.0     3    98   337   433   335   442 0.77 -
scaffold_5:34865537-34862526 -           1004 134001at71240        -            218   1.1e-07   30.7   0.0   1   4     0.017       7.8    5.1   0.0    50   102    45    99    26   107 0.72 -
scaffold_5:34865537-34862526 -           1004 134001at71240        -            218   1.1e-07   30.7   0.0   2   4         1   4.7e+02   -0.7   0.0    49    97   316   361   313   367 0.76 -
scaffold_5:34865537-34862526 -           1004 134001at71240        -            218   1.1e-07   30.7   0.0   3   4     0.011         5    5.8   0.0     4    64   436   492   434   517 0.72 -
scaffold_5:34865537-34862526 -           1004 134001at71240        -            218   1.1e-07   30.7   0.0   4   4   2.9e-05     0.014   14.2   0.0     3   120   598   719   596   737 0.75 -
scaffold_2:29462407-29465367 -            987 134001at71240        -            218   1.3e-07   30.5   0.2   1   4    0.0017      0.78    8.4   0.0    36   132    32   132    24   210 0.56 -
scaffold_2:29462407-29465367 -            987 134001at71240        -            218   1.3e-07   30.5   0.2   2   4     0.074        34    3.0   0.0    39    68   280   307   259   336 0.74 -
scaffold_2:29462407-29465367 -            987 134001at71240        -            218   1.3e-07   30.5   0.2   3   4     0.041        19    3.9   0.0     7    62   411   472   407   483 0.68 -
scaffold_2:29462407-29465367 -            987 134001at71240        -            218   1.3e-07   30.5   0.2   4   4   0.00088      0.41    9.3   0.0     3    97   575   675   573   686 0.67 -
scaffold_6:17680054-17683068 -           1005 134001at71240        -            218     2e-07   30.0   0.0   1   4    0.0016      0.72    8.5   0.0    48   169    43   170     2   201 0.67 -
scaffold_6:17680054-17683068 -           1005 134001at71240        -            218     2e-07   30.0   0.0   2   4   0.00019     0.087   11.5   0.0    48    97   309   354   306   360 0.81 -
scaffold_6:17680054-17683068 -           1005 134001at71240        -            218     2e-07   30.0   0.0   3   4      0.18        84    1.8   0.0    41    64   468   491   433   523 0.74 -
scaffold_6:17680054-17683068 -           1005 134001at71240        -            218     2e-07   30.0   0.0   4   4      0.14        64    2.1   0.0     3   125   598   725   596   739 0.60 -
scaffold_6:10476395-10473147 -           1083 134001at71240        -            218     3e-06   26.1   0.0   1   4   0.00046      0.21   10.3   0.0    49    99    64   116    45   119 0.82 -
scaffold_6:10476395-10473147 -           1083 134001at71240        -            218     3e-06   26.1   0.0   2   4      0.85   3.9e+02   -0.4   0.0    48   126   385   468   380   488 0.58 -
scaffold_6:10476395-10473147 -           1083 134001at71240        -            218     3e-06   26.1   0.0   3   4    0.0056       2.6    6.7   0.0     6    62   509   563   506   588 0.73 -
scaffold_6:10476395-10473147 -           1083 134001at71240        -            218     3e-06   26.1   0.0   4   4       0.1        47    2.6   0.0     3    62   670   729   668   801 0.68 -
scaffold_4:6319678-6321963   -            762 134001at71240        -            218   5.3e-06   25.3   0.1   1   3      0.31   1.4e+02    1.0   0.0    48    97    70   115    68   123 0.74 -
scaffold_4:6319678-6321963   -            762 134001at71240        -            218   5.3e-06   25.3   0.1   2   3   1.9e-05    0.0087   14.8   0.0     4    61   191   246   189   252 0.85 -
scaffold_4:6319678-6321963   -            762 134001at71240        -            218   5.3e-06   25.3   0.1   3   3     0.017         8    5.1   0.0     3    97   352   450   350   492 0.71 -
scaffold_4:6357633-6355402   -            744 134001at71240        -            218   2.2e-05   23.3   0.1   1   3      0.75   3.5e+02   -0.3   0.0    48    92    51    92    49   103 0.62 -
scaffold_4:6357633-6355402   -            744 134001at71240        -            218   2.2e-05   23.3   0.1   2   3    0.0039       1.8    7.2   0.0     4    64   173   231   171   264 0.76 -
scaffold_4:6357633-6355402   -            744 134001at71240        -            218   2.2e-05   23.3   0.1   3   3   0.00016     0.073   11.8   0.0     3    62   336   395   334   440 0.74 -
scaffold_8:11363082-11360860 -            741 134001at71240        -            218   3.3e-05   22.7   0.0   1   3       2.3   1.1e+03   -1.9   0.0    48    58    51    61    50    75 0.81 -
scaffold_8:11363082-11360860 -            741 134001at71240        -            218   3.3e-05   22.7   0.0   2   3   0.00021     0.097   11.4   0.0     5    63   172   228   170   258 0.82 -
scaffold_8:11363082-11360860 -            741 134001at71240        -            218   3.3e-05   22.7   0.0   3   3    0.0024       1.1    7.9   0.0     3    62   331   390   329   439 0.71 -
#
# Program:         hmmsearch
# Version:         3.3.2 (Nov 2020)
# Pipeline mode:   SEARCH
# Query file:      /scratch/srb67793/Pelargonium/scripts/busco_downloads/lineages/eudicots_odb10/hmms/134001at71240.hmm
# Target file:     /scratch/srb67793/Pelargonium/scripts/scratch/srb67793/Pelargonium/Results2/HiFiASM_OmniC/P_citronellum_hap2-scaffolds-busco/run_eudicots_odb10/metaeuk_output/initial_results/P_citronellum-hap2_scaffolds_final.fa.modified.fas
# Option settings: hmmsearch --domtblout /scratch/srb67793/Pelargonium/scripts/scratch/srb67793/Pelargonium/Results2/HiFiASM_OmniC/P_citronellum_hap2-scaffolds-busco/run_eudicots_odb10/hmmer_output/initial_run_results/134001at71240.out --cpu 1 /scratch/srb67793/Pelargonium/scripts/busco_downloads/lineages/eudicots_odb10/hmms/134001at71240.hmm /scratch/srb67793/Pelargonium/scripts/scratch/srb67793/Pelargonium/Results2/HiFiASM_OmniC/P_citronellum_hap2-scaffolds-busco/run_eudicots_odb10/metaeuk_output/initial_results/P_citronellum-hap2_scaffolds_final.fa.modified.fas 
# Current dir:     /scratch/srb67793/Pelargonium/scripts
# Date:            Fri Jul 19 11:03:18 2024
# [ok]
