#                                                                                    --- full sequence --- -------------- this domain -------------   hmm coord   ali coord   env coord
# target name                accession   tlen query name           accession   qlen   E-value  score  bias   #  of  c-Evalue  i-Evalue  score  bias  from    to  from    to  from    to  acc description of target
#        ------------------- ---------- ----- -------------------- ---------- ----- --------- ------ ----- --- --- --------- --------- ------ ----- ----- ----- ----- ----- ----- ----- ---- ---------------------
scaffold_2:18918522-18917632 -            297 138166at71240        -            229  9.6e-100  331.9   4.7   1   2   4.3e-90     9e-88  292.7   2.7     5   199    10   243     1   251 0.86 -
scaffold_2:18918522-18917632 -            297 138166at71240        -            229  9.6e-100  331.9   4.7   2   2   1.3e-10   2.7e-08   32.7   0.0   199   229   266   296   262   296 0.95 -
scaffold_2:9602239-9603069   -            277 138166at71240        -            229     1e-71  240.2   1.8   1   2   9.4e-32     2e-29  101.8   0.0     9    88     1    80     1    86 0.97 -
scaffold_2:9602239-9603069   -            277 138166at71240        -            229     1e-71  240.2   1.8   2   2     1e-42   2.1e-40  137.7   0.6   103   229   139   276   107   276 0.87 -
scaffold_5:8494729-8493892   -            256 138166at71240        -            229   3.8e-71  238.3   6.1   1   1   6.8e-72   1.4e-69  233.2   6.1    10   229     1   255     1   255 0.85 -
scaffold_8:17373245-17374082 -            256 138166at71240        -            229   3.8e-71  238.3   6.1   1   1   6.8e-72   1.4e-69  233.2   6.1    10   229     1   255     1   255 0.85 -
scaffold_9:21861452-21860625 -            259 138166at71240        -            229   4.3e-71  238.2   6.8   1   2   3.5e-31   7.4e-29  100.0   0.1     9    89     1    81     1   110 0.94 -
scaffold_9:21861452-21860625 -            259 138166at71240        -            229   4.3e-71  238.2   6.8   2   2   1.6e-43   3.5e-41  140.3   3.1   102   229   121   259    98   259 0.90 -
scaffold_5:23380575-23379745 -            277 138166at71240        -            229   5.3e-71  237.9   2.7   1   2   6.1e-31   1.3e-28   99.2   0.0     9    88     1    80     1    86 0.97 -
scaffold_5:23380575-23379745 -            277 138166at71240        -            229   5.3e-71  237.9   2.7   2   2     7e-43   1.5e-40  138.3   1.3   102   229   138   276   108   276 0.86 -
scaffold_16:1784279-1785109  -            277 138166at71240        -            229   2.4e-69  232.4   3.1   1   2   9.1e-32   1.9e-29  101.9   0.0     9    88     1    80     1    86 0.97 -
scaffold_16:1784279-1785109  -            277 138166at71240        -            229   2.4e-69  232.4   3.1   2   2   1.4e-40     3e-38  130.7   1.2   104   229   140   276   107   276 0.86 -
scaffold_5:28543178-28542351 -            276 138166at71240        -            229   5.4e-69  231.3   4.0   1   2   3.9e-30   8.2e-28   96.6   0.0    10    88     1    79     1    85 0.97 -
scaffold_5:28543178-28542351 -            276 138166at71240        -            229   5.4e-69  231.3   4.0   2   2     5e-42   1.1e-39  135.5   1.4   103   229   138   275   115   275 0.91 -
scaffold_7:18946193-18947023 -            277 138166at71240        -            229   6.9e-69  230.9   3.3   1   2   1.7e-31   3.6e-29  101.0   0.0     9    88     1    80     1    86 0.97 -
scaffold_7:18946193-18947023 -            277 138166at71240        -            229   6.9e-69  230.9   3.3   2   2   1.9e-40   4.1e-38  130.3   1.1   104   229   140   276   107   276 0.85 -
scaffold_17:672765-671938    -            276 138166at71240        -            229   7.9e-69  230.7   2.8   1   2   3.8e-31     8e-29   99.9   0.0    10    88     1    79     1    86 0.97 -
scaffold_17:672765-671938    -            276 138166at71240        -            229   7.9e-69  230.7   2.8   2   2   1.2e-40   2.6e-38  130.9   0.9   102   228   137   274   107   275 0.86 -
scaffold_1:17820548-17821378 -            275 138166at71240        -            229   8.8e-69  230.6   2.9   1   2   4.5e-30   9.5e-28   96.4   0.1     9    85     1    77     1    86 0.96 -
scaffold_1:17820548-17821378 -            275 138166at71240        -            229   8.8e-69  230.6   2.9   2   2   9.3e-42     2e-39  134.6   0.7   102   229   136   274   104   274 0.86 -
scaffold_21:910258-909437    -            274 138166at71240        -            229     2e-68  229.4   3.4   1   2     1e-31   2.1e-29  101.8   0.0    10    88     1    79     1    86 0.97 -
scaffold_21:910258-909437    -            274 138166at71240        -            229     2e-68  229.4   3.4   2   2   8.9e-40   1.9e-37  128.1   1.0   102   228   137   274   107   274 0.86 -
scaffold_39:741879-742683    -            246 138166at71240        -            229   3.2e-68  228.8   1.1   1   1   1.9e-70     4e-68  228.4   1.1     9   229     1   246     1   246 0.87 -
scaffold_22:80213-81036      -            273 138166at71240        -            229   4.3e-66  221.8   3.7   1   2   2.8e-26     6e-24   83.9   0.0     9    88     1    76     1    82 0.96 -
scaffold_22:80213-81036      -            273 138166at71240        -            229   4.3e-66  221.8   3.7   2   2     6e-43   1.3e-40  138.5   1.3   102   229   134   272   110   272 0.88 -
scaffold_19:1739586-1740377  -            264 138166at71240        -            229   1.9e-65  219.7   2.6   1   2     4e-26   8.5e-24   83.4   0.0    23    88     2    67     1    74 0.95 -
scaffold_19:1739586-1740377  -            264 138166at71240        -            229   1.9e-65  219.7   2.6   2   2   2.7e-42   5.6e-40  136.4   0.8   101   229   124   263   102   263 0.91 -
scaffold_5:35697774-35698598 -            273 138166at71240        -            229   3.9e-63  212.1   0.8   1   2   6.4e-30   1.3e-27   95.9   0.0     9    88     1    80     1    86 0.97 -
scaffold_5:35697774-35698598 -            273 138166at71240        -            229   3.9e-63  212.1   0.8   2   2     1e-35   2.1e-33  114.9   0.4    92   226   126   269   104   272 0.82 -
scaffold_4:12278218-12278968 -            235 138166at71240        -            229   7.8e-57  191.5   4.3   1   2   9.1e-22   1.9e-19   69.2   0.1    34    87     1    54     1    64 0.94 -
scaffold_4:12278218-12278968 -            235 138166at71240        -            229   7.8e-57  191.5   4.3   2   2   1.6e-38   3.4e-36  124.0   0.8   103   229    98   235    74   235 0.88 -
scaffold_21:2031682-2032488  -            269 138166at71240        -            229   8.3e-56  188.2   4.2   1   2   2.5e-25   5.3e-23   80.8   0.3     8    94     3    89     1   130 0.77 -
scaffold_21:2031682-2032488  -            269 138166at71240        -            229   8.3e-56  188.2   4.2   2   2   3.3e-34     7e-32  109.9   1.0    89   229   115   269   100   269 0.85 -
scaffold_5:20110158-20110955 -            266 138166at71240        -            229   3.2e-55  186.2   5.2   1   2   1.2e-26   2.5e-24   85.2   0.4    11    94     3    86     1   120 0.83 -
scaffold_5:20110158-20110955 -            266 138166at71240        -            229   3.2e-55  186.2   5.2   2   2     2e-32   4.2e-30  104.1   1.0    89   229   112   266    95   266 0.86 -
scaffold_6:1044290-1043486   -            255 138166at71240        -            229   3.6e-55  186.1   3.6   1   2   1.3e-28   2.8e-26   91.5   0.4     8   119     2   115     1   122 0.95 -
scaffold_6:1044290-1043486   -            255 138166at71240        -            229   3.6e-55  186.1   3.6   2   2   1.1e-30   2.3e-28   98.4   0.4    91   227   109   252   107   254 0.88 -
scaffold_17:1993119-1993925  -            269 138166at71240        -            229   7.1e-55  185.1   4.0   1   2   2.5e-25   5.3e-23   80.8   0.3     8    94     3    89     1   130 0.77 -
scaffold_17:1993119-1993925  -            269 138166at71240        -            229   7.1e-55  185.1   4.0   2   2     3e-33   6.4e-31  106.7   0.9    89   229   115   269   100   269 0.85 -
scaffold_5:28644460-28643735 -            242 138166at71240        -            229   2.9e-54  183.1   2.9   1   2     5e-25   1.1e-22   79.8   0.0    18    88     1    71     1    77 0.97 -
scaffold_5:28644460-28643735 -            242 138166at71240        -            229   2.9e-54  183.1   2.9   2   2   3.3e-32     7e-30  103.3   0.9   102   197   129   232   105   241 0.88 -
scaffold_6:1050849-1051643   -            261 138166at71240        -            229   4.7e-54  182.4   3.8   1   2   5.5e-27   1.2e-24   86.3   0.5     8   119     3   122     1   124 0.85 -
scaffold_6:1050849-1051643   -            261 138166at71240        -            229   4.7e-54  182.4   3.8   2   2   4.1e-31   8.7e-29   99.7   0.5    89   226   114   261   109   261 0.88 -
scaffold_9:19677125-19677946 -            210 138166at71240        -            229   2.4e-50  170.3   4.5   1   2   2.5e-13   5.2e-11   41.6   0.1     9    52     1    44     1    56 0.95 -
scaffold_9:19677125-19677946 -            210 138166at71240        -            229   2.4e-50  170.3   4.5   2   2   1.6e-40   3.4e-38  130.5   1.0   103   229    77   209    51   209 0.89 -
scaffold_7:25808805-25808095 -            214 138166at71240        -            229   1.2e-49  168.0   5.0   1   2   3.4e-20   7.1e-18   64.1   0.2    33    89     1    57     1    63 0.96 -
scaffold_7:25808805-25808095 -            214 138166at71240        -            229   1.2e-49  168.0   5.0   2   2     5e-33     1e-30  106.0   0.8    88   225    77   213    69   214 0.90 -
scaffold_31:720348-721030    -            222 138166at71240        -            229   7.1e-44  149.1   3.3   1   2   4.9e-24     1e-21   76.6   0.1     8    87     2    81     1    92 0.94 -
scaffold_31:720348-721030    -            222 138166at71240        -            229   7.1e-44  149.1   3.3   2   2   4.3e-23   9.1e-21   73.5   0.5    86   193   109   222    96   222 0.85 -
scaffold_11:9177056-9177821  -            245 138166at71240        -            229   4.9e-43  146.4   4.3   1   2     2e-23   4.2e-21   74.6   0.2     8    85     2    74     1    80 0.95 -
scaffold_11:9177056-9177821  -            245 138166at71240        -            229   4.9e-43  146.4   4.3   2   2   4.5e-23   9.4e-21   73.5   0.7    88   221   108   245    90   245 0.83 -
scaffold_35:1112111-1111424  -            219 138166at71240        -            229   1.9e-42  144.4   2.5   1   2   9.6e-25     2e-22   78.9   0.2     8   118     3   122     1   124 0.78 -
scaffold_35:1112111-1111424  -            219 138166at71240        -            229   1.9e-42  144.4   2.5   2   2   4.4e-21   9.3e-19   66.9   0.3    89   193   115   219   100   219 0.85 -
scaffold_6:11947116-11947737 -            201 138166at71240        -            229   2.9e-34  117.7   4.9   1   2   0.00025     0.053   12.1   0.0    67    88     1    22     1    28 0.92 -
scaffold_6:11947116-11947737 -            201 138166at71240        -            229   2.9e-34  117.7   4.9   2   2   2.5e-31   5.2e-29  100.5   2.7    93   229    69   200    42   200 0.84 -
scaffold_3:11690391-11691056 -            159 138166at71240        -            229   3.7e-33  114.0   5.6   1   2   1.1e-27   2.3e-25   88.5   0.9    10    90     1    81     1    87 0.97 -
scaffold_3:11690391-11691056 -            159 138166at71240        -            229   3.7e-33  114.0   5.6   2   2     3e-09   6.3e-07   28.2   0.3   125   178    98   159    91   159 0.81 -
scaffold_22:2289558-2289914  -            119 138166at71240        -            229   9.6e-33  112.7   1.2   1   1   5.1e-35   1.1e-32  112.5   1.2   119   226     1   119     1   119 0.90 -
scaffold_2:19187559-19187999 -            147 138166at71240        -            229   3.9e-31  107.4   1.6   1   2   1.6e-27   3.4e-25   88.0   0.3    12   119     2   118     1   122 0.80 -
scaffold_2:19187559-19187999 -            147 138166at71240        -            229   3.9e-31  107.4   1.6   2   2   5.1e-07   0.00011   20.9   0.2    89   122   110   145    90   147 0.77 -
scaffold_9:18294463-18294002 -            154 138166at71240        -            229   1.5e-24   85.9   0.3   1   1     1e-26   2.2e-24   85.4   0.3     8    93     3    88     1   121 0.89 -
scaffold_4:38339333-38330176 -            196 138166at71240        -            229   4.7e-23   81.0   4.9   1   2   6.1e-12   1.3e-09   37.0   0.1    25    93     3    67     1    87 0.90 -
scaffold_4:38339333-38330176 -            196 138166at71240        -            229   4.7e-23   81.0   4.9   2   2   6.9e-13   1.5e-10   40.1   2.2    90   197    95   196    79   196 0.81 -
scaffold_3:28221416-28221886 -            157 138166at71240        -            229   7.5e-22   77.1   0.2   1   1   7.4e-24   1.6e-21   76.0   0.1     7    88    21   103    16   112 0.92 -
scaffold_4:38330848-38330678 -             57 138166at71240        -            229   1.8e-19   69.3   0.2   1   1     9e-22   1.9e-19   69.2   0.2    15    70     1    56     1    57 0.97 -
scaffold_4:25287492-25287752 -             87 138166at71240        -            229   7.5e-19   67.2   0.0   1   1     4e-21   8.5e-19   67.1   0.0    31    85     1    55     1    67 0.95 -
scaffold_4:29377235-29377594 -            120 138166at71240        -            229   1.7e-18   66.1   0.1   1   1   9.7e-21     2e-18   65.8   0.1     6    90    11    95     7   111 0.91 -
scaffold_4:8838112-8838399   -             96 138166at71240        -            229   1.6e-11   43.2   1.1   1   1   8.6e-14   1.8e-11   43.1   1.1    91   162    21    95     5    96 0.82 -
scaffold_13:3002331-3002630  -            100 138166at71240        -            229   5.6e-10   38.2   1.2   1   1     3e-12   6.3e-10   38.0   1.2    91   160    28   100    10   100 0.82 -
scaffold_6:20177317-20180831 -            353 138166at71240        -            229   2.2e-05   23.2   0.1   1   1   7.4e-07   0.00016   20.4   0.1    10   124    36   153    30   201 0.61 -
scaffold_4:7257043-7260016   -            351 138166at71240        -            229   6.5e-05   21.7   0.1   1   1   6.6e-07   0.00014   20.6   0.1    10   159    57   213    50   247 0.67 -
scaffold_9:7281218-7285644   -            358 138166at71240        -            229   0.00011   20.9   0.0   1   1   1.1e-06   0.00023   19.8   0.0    11   145    64   209    57   230 0.67 -
scaffold_8:18699081-18700998 -            219 138166at71240        -            229   0.00088   18.0   0.1   1   1   4.2e-05    0.0088   14.7   0.1    11   123    33   139    25   177 0.73 -
scaffold_1:30408488-30412547 -            274 138166at71240        -            229   0.00091   17.9   0.0   1   2   2.3e-05    0.0048   15.6   0.0    29    99    40   118    32   126 0.81 -
scaffold_1:30408488-30412547 -            274 138166at71240        -            229   0.00091   17.9   0.0   2   2       1.5   3.2e+02   -0.2   0.0   105   127   154   176   144   213 0.63 -
scaffold_3:24511079-24507326 -            307 138166at71240        -            229     0.013   14.1   0.1   1   1    0.0002     0.041   12.5   0.1    11   128    37   150    31   175 0.79 -
#
# Program:         hmmsearch
# Version:         3.3.2 (Nov 2020)
# Pipeline mode:   SEARCH
# Query file:      /scratch/srb67793/Pelargonium/scripts/busco_downloads/lineages/eudicots_odb10/hmms/138166at71240.hmm
# Target file:     /scratch/srb67793/Pelargonium/scripts/scratch/srb67793/Pelargonium/Results2/HiFiASM_OmniC/P_citronellum_hap2-scaffolds-busco/run_eudicots_odb10/metaeuk_output/initial_results/P_citronellum-hap2_scaffolds_final.fa.modified.fas
# Option settings: hmmsearch --domtblout /scratch/srb67793/Pelargonium/scripts/scratch/srb67793/Pelargonium/Results2/HiFiASM_OmniC/P_citronellum_hap2-scaffolds-busco/run_eudicots_odb10/hmmer_output/initial_run_results/138166at71240.out --cpu 1 /scratch/srb67793/Pelargonium/scripts/busco_downloads/lineages/eudicots_odb10/hmms/138166at71240.hmm /scratch/srb67793/Pelargonium/scripts/scratch/srb67793/Pelargonium/Results2/HiFiASM_OmniC/P_citronellum_hap2-scaffolds-busco/run_eudicots_odb10/metaeuk_output/initial_results/P_citronellum-hap2_scaffolds_final.fa.modified.fas 
# Current dir:     /scratch/srb67793/Pelargonium/scripts
# Date:            Fri Jul 19 11:03:10 2024
# [ok]
