#                                                                                     --- full sequence --- -------------- this domain -------------   hmm coord   ali coord   env coord
# target name                 accession   tlen query name           accession   qlen   E-value  score  bias   #  of  c-Evalue  i-Evalue  score  bias  from    to  from    to  from    to  acc description of target
#         ------------------- ---------- ----- -------------------- ---------- ----- --------- ------ ----- --- --- --------- --------- ------ ----- ----- ----- ----- ----- ----- ----- ---- ---------------------
scaffold_2:532855-536233      -            274 139105at71240        -            215    5e-110  365.1  15.3   1   2     3e-93   1.8e-91  304.4   9.7     1   179     1   170     1   178 0.96 -
scaffold_2:532855-536233      -            274 139105at71240        -            215    5e-110  365.1  15.3   2   2   2.4e-19   1.4e-17   62.9   0.4   164   215   176   227   171   227 0.92 -
scaffold_1:30389375-30387426  -            252 139105at71240        -            215   5.5e-98  325.7  14.3   1   2   1.9e-80   1.2e-78  262.6   6.8    37   179     1   146     1   151 0.96 -
scaffold_1:30389375-30387426  -            252 139105at71240        -            215   5.5e-98  325.7  14.3   2   2   4.9e-21     3e-19   68.4   0.7   163   215   153   203   146   203 0.89 -
scaffold_3:5293240-5304201    -            525 139105at71240        -            215   1.2e-12   46.8   5.9   1   2      0.18        11    4.5   0.2    22    74   158   214   152   229 0.76 -
scaffold_3:5293240-5304201    -            525 139105at71240        -            215   1.2e-12   46.8   5.9   2   2   1.8e-13   1.1e-11   43.7   1.4    22   160   232   389   218   412 0.79 -
scaffold_2:25895977-25888392  -            514 139105at71240        -            215   2.4e-10   39.3   4.4   1   2   0.00023     0.014   13.9   0.6    78   150   180   255   130   268 0.66 -
scaffold_2:25895977-25888392  -            514 139105at71240        -            215   2.4e-10   39.3   4.4   2   2   2.4e-10   1.5e-08   33.5   1.2    23   160   222   378   222   401 0.72 -
scaffold_5:30460563-30457933  -            877 139105at71240        -            215     3e-08   32.5  10.2   1   4      0.24        15    4.1   0.0   107   151   212   256   186   271 0.85 -
scaffold_5:30460563-30457933  -            877 139105at71240        -            215     3e-08   32.5  10.2   2   4   6.1e-06   0.00037   19.1   1.0    42   128   282   369   263   379 0.85 -
scaffold_5:30460563-30457933  -            877 139105at71240        -            215     3e-08   32.5  10.2   3   4     0.022       1.3    7.5   0.5    63   126   377   440   372   459 0.87 -
scaffold_5:30460563-30457933  -            877 139105at71240        -            215     3e-08   32.5  10.2   4   4      0.32        19    3.7   0.2    44   122   771   847   765   857 0.66 -
scaffold_3:17314434-17310951  -            949 139105at71240        -            215   7.7e-08   31.1  10.1   1   4   0.00066     0.041   12.4   0.0    49   142   128   220   102   223 0.82 -
scaffold_3:17314434-17310951  -            949 139105at71240        -            215   7.7e-08   31.1  10.1   2   4      0.01      0.61    8.6   0.3    73   146   225   296   220   300 0.85 -
scaffold_3:17314434-17310951  -            949 139105at71240        -            215   7.7e-08   31.1  10.1   3   4     0.012      0.74    8.3   1.9    46   128   291   374   285   391 0.78 -
scaffold_3:17314434-17310951  -            949 139105at71240        -            215   7.7e-08   31.1  10.1   4   4     0.067       4.1    5.9   0.1    43   124   480   562   456   582 0.70 -
scaffold_6:34345504-34343477  -            676 139105at71240        -            215   4.5e-07   28.6  13.4   1   5    0.0044      0.27    9.8   0.3    56   144    99   183    86   192 0.81 -
scaffold_6:34345504-34343477  -            676 139105at71240        -            215   4.5e-07   28.6  13.4   2   5     0.017       1.1    7.8   0.2    62   116   295   348   290   362 0.77 -
scaffold_6:34345504-34343477  -            676 139105at71240        -            215   4.5e-07   28.6  13.4   3   5     0.046       2.8    6.4   0.3    15   118   347   450   338   460 0.78 -
scaffold_6:34345504-34343477  -            676 139105at71240        -            215   4.5e-07   28.6  13.4   4   5      0.14       8.8    4.8   0.4    45   131   403   490   375   500 0.73 -
scaffold_6:34345504-34343477  -            676 139105at71240        -            215   4.5e-07   28.6  13.4   5   5    0.0015     0.093   11.3   0.1    47   143   502   599   497   607 0.79 -
scaffold_2:27986967-27989056  -            422 139105at71240        -            215     7e-06   24.7   4.5   1   4       4.3   2.6e+02   -0.0   0.2    87   128   104   144    99   162 0.77 -
scaffold_2:27986967-27989056  -            422 139105at71240        -            215     7e-06   24.7   4.5   2   4      0.68        41    2.6   0.5    60   116   152   207   146   215 0.74 -
scaffold_2:27986967-27989056  -            422 139105at71240        -            215     7e-06   24.7   4.5   3   4   7.6e-05    0.0046   15.5   0.2    35   113   258   339   236   341 0.75 -
scaffold_2:27986967-27989056  -            422 139105at71240        -            215     7e-06   24.7   4.5   4   4   8.1e-06    0.0005   18.7   0.7    43   147   313   413   311   418 0.85 -
scaffold_5:5952672-5953532    -            287 139105at71240        -            215   8.9e-06   24.4   1.0   1   3      0.82        50    2.3   0.0    82   125    23    65     4    69 0.82 -
scaffold_5:5952672-5953532    -            287 139105at71240        -            215   8.9e-06   24.4   1.0   2   3   0.00029     0.018   13.6   0.1    60   143    73   155    68   163 0.85 -
scaffold_5:5952672-5953532    -            287 139105at71240        -            215   8.9e-06   24.4   1.0   3   3      0.07       4.3    5.8   0.0    59   126   169   235   154   242 0.78 -
scaffold_7:4723487-4735411    -            625 139105at71240        -            215   1.2e-05   24.0  12.7   1   3      0.17        10    4.6   0.1    63   104   214   253   194   279 0.78 -
scaffold_7:4723487-4735411    -            625 139105at71240        -            215   1.2e-05   24.0  12.7   2   3     5e-06    0.0003   19.4   2.0    62   142   381   461   374   491 0.84 -
scaffold_7:4723487-4735411    -            625 139105at71240        -            215   1.2e-05   24.0  12.7   3   3      0.13       7.8    5.0   0.9    42   106   502   568   487   586 0.57 -
scaffold_1:31667176-31667835  -            220 139105at71240        -            215   1.4e-05   23.8   4.0   1   3   0.00074     0.045   12.3   0.1    45   115    40   114    11   122 0.75 -
scaffold_1:31667176-31667835  -            220 139105at71240        -            215   1.4e-05   23.8   4.0   2   3   1.3e-05   0.00078   18.0   1.2    41   147    84   186    82   191 0.85 -
scaffold_1:31667176-31667835  -            220 139105at71240        -            215   1.4e-05   23.8   4.0   3   3    0.0015      0.09   11.3   0.9    63   146   130   209   125   215 0.69 -
scaffold_6:33505296-33504376  -            307 139105at71240        -            215   1.8e-05   23.4   2.0   1   2    0.0026      0.16   10.5   0.2    64   127    33    96    23   110 0.82 -
scaffold_6:33505296-33504376  -            307 139105at71240        -            215   1.8e-05   23.4   2.0   2   2     0.001     0.062   11.8   0.0    47   126   160   240   153   258 0.83 -
scaffold_5:20511560-20509947  -            538 139105at71240        -            215   1.8e-05   23.4  12.6   1   4     0.084       5.1    5.6   0.4    45   116    94   169    86   196 0.76 -
scaffold_5:20511560-20509947  -            538 139105at71240        -            215   1.8e-05   23.4  12.6   2   4       2.2   1.3e+02    1.0   2.1    60   128   207   274   197   295 0.74 -
scaffold_5:20511560-20509947  -            538 139105at71240        -            215   1.8e-05   23.4  12.6   3   4       4.3   2.6e+02   -0.0   0.1    45   103   262   322   248   336 0.74 -
scaffold_5:20511560-20509947  -            538 139105at71240        -            215   1.8e-05   23.4  12.6   4   4   8.8e-07   5.4e-05   21.8   0.1    41   146   425   528   402   534 0.81 -
scaffold_5:1104184-1106148    -            655 139105at71240        -            215   1.9e-05   23.3  10.1   1   3   1.2e-05   0.00074   18.1   0.4    44   147   102   204    77   210 0.84 -
scaffold_5:1104184-1106148    -            655 139105at71240        -            215   1.9e-05   23.3  10.1   2   3      0.94        58    2.1   0.0    73   153   428   508   394   523 0.74 -
scaffold_5:1104184-1106148    -            655 139105at71240        -            215   1.9e-05   23.3  10.1   3   3     0.028       1.7    7.1   0.5    44   123   547   624   542   631 0.79 -
scaffold_42:547368-546673     -            232 139105at71240        -            215     2e-05   23.2   0.2   1   1   5.2e-07   3.2e-05   22.6   0.2    47   126     3    83     2   109 0.83 -
scaffold_2:16505945-16507291  -            449 139105at71240        -            215   3.3e-05   22.5   4.2   1   3      0.54        33    2.9   0.0    80   133    21    78    17   100 0.67 -
scaffold_2:16505945-16507291  -            449 139105at71240        -            215   3.3e-05   22.5   4.2   2   3      0.24        14    4.1   0.0    49   125    49   129    37   135 0.74 -
scaffold_2:16505945-16507291  -            449 139105at71240        -            215   3.3e-05   22.5   4.2   3   3   3.9e-05    0.0024   16.5   2.1    43   148   166   270   156   276 0.83 -
scaffold_6:25079884-25081671  -            596 139105at71240        -            215     4e-05   22.3   1.9   1   3    0.0021      0.13   10.8   0.0    59   128   104   173    84   192 0.83 -
scaffold_6:25079884-25081671  -            596 139105at71240        -            215     4e-05   22.3   1.9   2   3      0.25        15    4.0   0.1    63   128   205   269   183   285 0.56 -
scaffold_6:25079884-25081671  -            596 139105at71240        -            215     4e-05   22.3   1.9   3   3      0.49        30    3.1   0.1    70   119   309   356   296   365 0.64 -
scaffold_7:22110030-22108798  -            411 139105at71240        -            215   8.1e-05   21.3   0.5   1   2    0.0015     0.092   11.3   0.1    45   117   108   185   103   195 0.78 -
scaffold_7:22110030-22108798  -            411 139105at71240        -            215   8.1e-05   21.3   0.5   2   2     0.041       2.5    6.6   0.0    37    81   292   337   265   346 0.72 -
scaffold_6:34269108-34268338  -            257 139105at71240        -            215    0.0001   21.0   6.7   1   2      0.02       1.2    7.6   0.8    43   118    11    90     3    99 0.72 -
scaffold_6:34269108-34268338  -            257 139105at71240        -            215    0.0001   21.0   6.7   2   2   4.4e-05    0.0027   16.3   0.6    59   127   150   217   133   240 0.80 -
scaffold_7:22527559-22529191  -            518 139105at71240        -            215    0.0001   20.9   2.9   1   2    0.0053      0.32    9.5   0.2    47   101     6    62     2    69 0.79 -
scaffold_7:22527559-22529191  -            518 139105at71240        -            215    0.0001   20.9   2.9   2   2    0.0013     0.082   11.4   0.2    23   116    76   172    65   189 0.83 -
scaffold_5:29800518-29799448  -            357 139105at71240        -            215   0.00013   20.6   8.3   1   3      0.13       7.9    4.9   0.0    49   127    32   113    19   130 0.77 -
scaffold_5:29800518-29799448  -            357 139105at71240        -            215   0.00013   20.6   8.3   2   3    0.0014     0.087   11.4   0.6    62   128   145   210   140   223 0.82 -
scaffold_5:29800518-29799448  -            357 139105at71240        -            215   0.00013   20.6   8.3   3   3     0.022       1.3    7.5   0.8    62   126   217   281   212   296 0.88 -
scaffold_5:1165233-1166618    -            462 139105at71240        -            215   0.00015   20.4   3.3   1   3     0.029       1.8    7.1   0.4   107   148    17    56     3    89 0.68 -
scaffold_5:1165233-1166618    -            462 139105at71240        -            215   0.00015   20.4   3.3   2   3    0.0052      0.32    9.5   0.0    60   145   264   349   222   371 0.74 -
scaffold_5:1165233-1166618    -            462 139105at71240        -            215   0.00015   20.4   3.3   3   3       0.7        43    2.6   0.1    44   101   396   455   380   459 0.83 -
scaffold_2:101646-99355       -            764 139105at71240        -            215   0.00017   20.2   0.7   1   6      0.79        48    2.4   4.6    34   125   122   210   107   227 0.65 -
scaffold_2:101646-99355       -            764 139105at71240        -            215   0.00017   20.2   0.7   2   6       2.2   1.3e+02    0.9   2.8    47   125   203   282   197   288 0.72 -
scaffold_2:101646-99355       -            764 139105at71240        -            215   0.00017   20.2   0.7   3   6       4.4   2.7e+02   -0.0   1.2    59   104   241   286   238   310 0.70 -
scaffold_2:101646-99355       -            764 139105at71240        -            215   0.00017   20.2   0.7   4   6       1.8   1.1e+02    1.2   4.3    59   126   313   379   295   404 0.73 -
scaffold_2:101646-99355       -            764 139105at71240        -            215   0.00017   20.2   0.7   5   6   2.8e-06   0.00017   20.2   0.7    17   116   580   684   570   693 0.75 -
scaffold_2:101646-99355       -            764 139105at71240        -            215   0.00017   20.2   0.7   6   6    0.0067      0.41    9.2   0.8    43   143   655   754   652   758 0.85 -
scaffold_1:33649579-33647078  -            834 139105at71240        -            215   0.00023   19.8  15.3   1   4       1.4        83    1.6   0.1    97   152   138   190   114   195 0.72 -
scaffold_1:33649579-33647078  -            834 139105at71240        -            215   0.00023   19.8  15.3   2   4   0.00017      0.01   14.4   0.1    61   145   269   352   255   359 0.86 -
scaffold_1:33649579-33647078  -            834 139105at71240        -            215   0.00023   19.8  15.3   3   4       1.1        66    1.9   0.0    45   124   373   454   367   460 0.70 -
scaffold_1:33649579-33647078  -            834 139105at71240        -            215   0.00023   19.8  15.3   4   4     0.012      0.72    8.4   0.9    59   134   605   679   554   688 0.75 -
scaffold_5:29943327-29942461  -            289 139105at71240        -            215   0.00028   19.5  11.0   1   3       1.8   1.1e+02    1.2   0.0    55   125    46   119    36   141 0.55 -
scaffold_5:29943327-29942461  -            289 139105at71240        -            215   0.00028   19.5  11.0   2   3   0.00037     0.022   13.3   2.5    60   128   151   218   146   228 0.90 -
scaffold_5:29943327-29942461  -            289 139105at71240        -            215   0.00028   19.5  11.0   3   3    0.0077      0.47    9.0   0.7    63   125   226   288   219   289 0.83 -
scaffold_14:1848292-1851246   -            640 139105at71240        -            215   0.00031   19.4  15.1   1   4    0.0029      0.18   10.3   2.5    48   128    83   164    76   183 0.74 -
scaffold_14:1848292-1851246   -            640 139105at71240        -            215   0.00031   19.4  15.1   2   4       7.8   4.8e+02   -0.9   0.0    70    99   227   257   213   263 0.77 -
scaffold_14:1848292-1851246   -            640 139105at71240        -            215   0.00031   19.4  15.1   3   4     0.014      0.84    8.1   0.3    63   115   269   323   226   332 0.72 -
scaffold_14:1848292-1851246   -            640 139105at71240        -            215   0.00031   19.4  15.1   4   4     0.027       1.7    7.2   0.6    63   126   339   401   325   425 0.52 -
scaffold_10:20612507-20610735 -            591 139105at71240        -            215   0.00035   19.2  26.8   1   7    0.0074      0.45    9.0   0.5    77   142    56   119    42   126 0.79 -
scaffold_10:20612507-20610735 -            591 139105at71240        -            215   0.00035   19.2  26.8   2   7       1.3        81    1.7   0.7    46   100   142   198   134   213 0.75 -
scaffold_10:20612507-20610735 -            591 139105at71240        -            215   0.00035   19.2  26.8   3   7       2.6   1.6e+02    0.7   0.2    60   124   182   246   169   250 0.78 -
scaffold_10:20612507-20610735 -            591 139105at71240        -            215   0.00035   19.2  26.8   4   7       0.1       6.3    5.3   0.7    61   119   256   312   204   325 0.83 -
scaffold_10:20612507-20610735 -            591 139105at71240        -            215   0.00035   19.2  26.8   5   7      0.19        12    4.4   0.6    82   142   331   390   312   393 0.62 -
scaffold_10:20612507-20610735 -            591 139105at71240        -            215   0.00035   19.2  26.8   6   7      0.09       5.5    5.5   0.5    65   126   338   398   330   420 0.65 -
scaffold_10:20612507-20610735 -            591 139105at71240        -            215   0.00035   19.2  26.8   7   7   0.00035     0.021   13.3   0.7    59   143   477   560   458   566 0.79 -
scaffold_60:271728-269956     -            591 139105at71240        -            215   0.00037   19.1  15.8   1   5     0.003      0.19   10.3   1.2    60   127    86   152    68   175 0.75 -
scaffold_60:271728-269956     -            591 139105at71240        -            215   0.00037   19.1  15.8   2   5       1.4        84    1.6   0.1    61   126   183   248   169   255 0.89 -
scaffold_60:271728-269956     -            591 139105at71240        -            215   0.00037   19.1  15.8   3   5       4.4   2.7e+02   -0.0   0.1    39   126   311   398   299   409 0.71 -
scaffold_60:271728-269956     -            591 139105at71240        -            215   0.00037   19.1  15.8   4   5       4.4   2.7e+02   -0.1   0.4    59   127   380   447   340   465 0.68 -
scaffold_60:271728-269956     -            591 139105at71240        -            215   0.00037   19.1  15.8   5   5   0.00035     0.021   13.4   0.1    46   131   462   549   457   579 0.77 -
scaffold_12:8704859-8703948   -            304 139105at71240        -            215   0.00038   19.1   0.4   1   2   0.00048      0.03   12.9   0.0    43   151    44   161    12   180 0.73 -
scaffold_12:8704859-8703948   -            304 139105at71240        -            215   0.00038   19.1   0.4   2   2      0.17        10    4.6   0.1    44   124   193   274   179   281 0.77 -
scaffold_3:12086863-12086153  -            237 139105at71240        -            215   0.00042   18.9   4.2   1   2    0.0042      0.26    9.8   0.4    45   116    88   163    65   173 0.72 -
scaffold_3:12086863-12086153  -            237 139105at71240        -            215   0.00042   18.9   4.2   2   2    0.0019      0.12   10.9   0.7    50   122   165   233   158   237 0.69 -
scaffold_5:30350531-30349866  -            222 139105at71240        -            215   0.00046   18.8   6.3   1   3       2.8   1.7e+02    0.6   0.0   102   128    30    56    13    73 0.80 -
scaffold_5:30350531-30349866  -            222 139105at71240        -            215   0.00046   18.8   6.3   2   3   0.00058     0.036   12.6   0.5    61   128    86   152    80   158 0.83 -
scaffold_5:30350531-30349866  -            222 139105at71240        -            215   0.00046   18.8   6.3   3   3     0.026       1.6    7.2   0.5    62   124   159   221   153   222 0.87 -
scaffold_11:4570666-4572729   -            688 139105at71240        -            215    0.0005   18.7  27.0   1   5    0.0073      0.45    9.0   0.5    43   126    72   161    17   185 0.79 -
scaffold_11:4570666-4572729   -            688 139105at71240        -            215    0.0005   18.7  27.0   2   5      0.27        16    3.9   1.0    72   126   203   256   188   285 0.79 -
scaffold_11:4570666-4572729   -            688 139105at71240        -            215    0.0005   18.7  27.0   3   5      0.58        35    2.8   1.8    28   100   227   306   219   333 0.50 -
scaffold_11:4570666-4572729   -            688 139105at71240        -            215    0.0005   18.7  27.0   4   5   3.9e-05    0.0024   16.5   2.9    25   133   418   532   412   541 0.77 -
scaffold_11:4570666-4572729   -            688 139105at71240        -            215    0.0005   18.7  27.0   5   5      0.48        29    3.1   0.4    43   104   580   643   565   667 0.71 -
scaffold_11:8197359-8200356   -            972 139105at71240        -            215   0.00058   18.5  17.9   1   5    0.0023      0.14   10.7   0.5    61   128    91   157    86   171 0.82 -
scaffold_11:8197359-8200356   -            972 139105at71240        -            215   0.00058   18.5  17.9   2   5      0.25        15    4.0   0.1    62   116   164   220   159   233 0.77 -
scaffold_11:8197359-8200356   -            972 139105at71240        -            215   0.00058   18.5  17.9   3   5      0.62        38    2.7   0.2    61   119   187   245   176   255 0.53 -
scaffold_11:8197359-8200356   -            972 139105at71240        -            215   0.00058   18.5  17.9   4   5    0.0015     0.091   11.3   0.3    66   129   338   400   329   417 0.82 -
scaffold_11:8197359-8200356   -            972 139105at71240        -            215   0.00058   18.5  17.9   5   5       1.6     1e+02    1.3   0.0    53   142   476   558   457   578 0.69 -
scaffold_2:20951582-20954671  -            985 139105at71240        -            215   0.00065   18.3  16.3   1   5    0.0016     0.098   11.2   0.1    59   126    89   155    55   173 0.81 -
scaffold_2:20951582-20954671  -            985 139105at71240        -            215   0.00065   18.3  16.3   2   5      0.83        51    2.3   0.0    60   124   186   250   172   258 0.80 -
scaffold_2:20951582-20954671  -            985 139105at71240        -            215   0.00065   18.3  16.3   3   5      0.24        14    4.1   0.1    71   144   221   293   208   298 0.80 -
scaffold_2:20951582-20954671  -            985 139105at71240        -            215   0.00065   18.3  16.3   4   5    0.0048      0.29    9.6   0.8    65   129   342   405   334   420 0.82 -
scaffold_2:20951582-20954671  -            985 139105at71240        -            215   0.00065   18.3  16.3   5   5       1.5        89    1.5   0.4    60   129   482   550   466   569 0.77 -
scaffold_6:26681369-26683276  -            636 139105at71240        -            215   0.00071   18.2   6.9   1   3      0.38        23    3.4   0.2    24   123   193   290   170   294 0.73 -
scaffold_6:26681369-26683276  -            636 139105at71240        -            215   0.00071   18.2   6.9   2   3   0.00055     0.033   12.7   0.0    17   101   328   415   319   428 0.85 -
scaffold_6:26681369-26683276  -            636 139105at71240        -            215   0.00071   18.2   6.9   3   3      0.28        17    3.9   0.2    43   125   503   586   494   592 0.80 -
scaffold_2:5427730-5426132    -            533 139105at71240        -            215   0.00071   18.2   7.3   1   4      0.78        48    2.4   0.1    86   130    15    58     2    73 0.78 -
scaffold_2:5427730-5426132    -            533 139105at71240        -            215   0.00071   18.2   7.3   2   4      0.13       7.8    5.0   0.0    25   126    95   197    88   250 0.72 -
scaffold_2:5427730-5426132    -            533 139105at71240        -            215   0.00071   18.2   7.3   3   4    0.0027      0.16   10.5   0.4    60   133   249   321   230   328 0.85 -
scaffold_2:5427730-5426132    -            533 139105at71240        -            215   0.00071   18.2   7.3   4   4       1.5        92    1.5   0.0    43    77   423   459   392   485 0.67 -
scaffold_13:10826547-10824928 -            540 139105at71240        -            215   0.00075   18.1   4.4   1   2   1.8e-05    0.0011   17.6   0.8    43   116    88   165    79   172 0.81 -
scaffold_13:10826547-10824928 -            540 139105at71240        -            215   0.00075   18.1   4.4   2   2      0.71        43    2.5   0.6    63   133   158   227   154   240 0.74 -
scaffold_2:20990066-20992678  -            871 139105at71240        -            215   0.00084   17.9  17.0   1   5    0.0013     0.079   11.5   0.2    59   127    99   166    61   184 0.81 -
scaffold_2:20990066-20992678  -            871 139105at71240        -            215   0.00084   17.9  17.0   2   5       0.6        37    2.8   0.1    60   124   196   260   178   270 0.81 -
scaffold_2:20990066-20992678  -            871 139105at71240        -            215   0.00084   17.9  17.0   3   5      0.43        26    3.2   0.1    71   144   231   303   215   306 0.78 -
scaffold_2:20990066-20992678  -            871 139105at71240        -            215   0.00084   17.9  17.0   4   5    0.0033       0.2   10.2   0.9    65   129   352   415   344   430 0.82 -
scaffold_2:20990066-20992678  -            871 139105at71240        -            215   0.00084   17.9  17.0   5   5         2   1.3e+02    1.0   0.3    60   129   492   560   476   579 0.77 -
scaffold_11:4555306-4553564   -            581 139105at71240        -            215     0.001   17.6  21.3   1   4      0.07       4.3    5.8   3.4    57   146    43   130    21   132 0.79 -
scaffold_11:4555306-4553564   -            581 139105at71240        -            215     0.001   17.6  21.3   2   4    0.0051      0.31    9.5   2.4    79   143    91   154    70   165 0.75 -
scaffold_11:4555306-4553564   -            581 139105at71240        -            215     0.001   17.6  21.3   3   4   6.2e-05    0.0038   15.8   0.7    26   127   297   401   290   418 0.84 -
scaffold_11:4555306-4553564   -            581 139105at71240        -            215     0.001   17.6  21.3   4   4       1.7     1e+02    1.3   0.3    44   106   454   518   443   538 0.65 -
scaffold_1:25648556-25650289  -            578 139105at71240        -            215    0.0013   17.4   8.4   1   3   4.9e-05     0.003   16.1   0.3    47   148    73   173    63   179 0.78 -
scaffold_1:25648556-25650289  -            578 139105at71240        -            215    0.0013   17.4   8.4   2   3      0.86        52    2.3   0.0    74   148   400   469   381   477 0.79 -
scaffold_1:25648556-25650289  -            578 139105at71240        -            215    0.0013   17.4   8.4   3   3       1.7     1e+02    1.3   0.2    44   101   513   571   502   575 0.74 -
scaffold_35:741725-742933     -            403 139105at71240        -            215    0.0013   17.3   2.8   1   2   0.00019     0.012   14.2   1.3    63   125   123   184   117   188 0.86 -
scaffold_35:741725-742933     -            403 139105at71240        -            215    0.0013   17.3   2.8   2   2       1.2        75    1.8   0.0    88   114   310   336   292   354 0.67 -
scaffold_38:4907-3699         -            403 139105at71240        -            215    0.0013   17.3   2.8   1   2   0.00019     0.012   14.2   1.3    63   125   123   184   117   188 0.86 -
scaffold_38:4907-3699         -            403 139105at71240        -            215    0.0013   17.3   2.8   2   2       1.2        75    1.8   0.0    88   114   310   336   292   354 0.67 -
scaffold_60:271797-269218     -            860 139105at71240        -            215    0.0015   17.2  15.0   1   5    0.0052      0.32    9.5   1.1    60   127   109   175    92   197 0.76 -
scaffold_60:271797-269218     -            860 139105at71240        -            215    0.0015   17.2  15.0   2   5       2.5   1.5e+02    0.8   0.1    61   126   206   271   192   275 0.89 -
scaffold_60:271797-269218     -            860 139105at71240        -            215    0.0015   17.2  15.0   3   5       6.6   4.1e+02   -0.6   0.2    39   126   334   421   321   445 0.72 -
scaffold_60:271797-269218     -            860 139105at71240        -            215    0.0015   17.2  15.0   4   5       5.9   3.6e+02   -0.5   0.2    59   126   403   469   357   485 0.63 -
scaffold_60:271797-269218     -            860 139105at71240        -            215    0.0015   17.2  15.0   5   5   0.00052     0.032   12.8   0.1    46   131   485   572   478   611 0.77 -
scaffold_3:12086878-12085331  -            516 139105at71240        -            215    0.0015   17.1   4.6   1   2      0.02       1.2    7.6   0.4    45   116    93   168    69   174 0.72 -
scaffold_3:12086878-12085331  -            516 139105at71240        -            215    0.0015   17.1   4.6   2   2    0.0028      0.17   10.4   0.7    57   123   177   239   166   265 0.48 -
scaffold_6:10755884-10683661  -            359 139105at71240        -            215    0.0017   17.0   0.1   1   2   0.00049      0.03   12.9   0.0    81   148   103   166    96   180 0.79 -
scaffold_6:10755884-10683661  -            359 139105at71240        -            215    0.0017   17.0   0.1   2   2       1.4        85    1.6   0.1    47   120   187   261   179   280 0.64 -
scaffold_60:271737-268704     -            980 139105at71240        -            215    0.0017   16.9  14.3   1   5    0.0063      0.39    9.2   1.2    60   127    89   155    70   177 0.74 -
scaffold_60:271737-268704     -            980 139105at71240        -            215    0.0017   16.9  14.3   2   5       2.8   1.7e+02    0.6   0.1    61   126   186   251   176   258 0.89 -
scaffold_60:271737-268704     -            980 139105at71240        -            215    0.0017   16.9  14.3   3   5       7.3   4.5e+02   -0.8   0.1    39   126   314   401   291   425 0.74 -
scaffold_60:271737-268704     -            980 139105at71240        -            215    0.0017   16.9  14.3   4   5       6.5     4e+02   -0.6   0.2    59   126   383   449   335   468 0.63 -
scaffold_60:271737-268704     -            980 139105at71240        -            215    0.0017   16.9  14.3   5   5   0.00063     0.038   12.5   0.1    46   131   465   552   460   591 0.77 -
scaffold_42:542301-540529     -            591 139105at71240        -            215    0.0021   16.7  15.3   1   4    0.0029      0.17   10.4   1.2    60   127    86   152    67   177 0.75 -
scaffold_42:542301-540529     -            591 139105at71240        -            215    0.0021   16.7  15.3   2   4       1.3        77    1.7   0.1    61   126   183   248   169   263 0.89 -
scaffold_42:542301-540529     -            591 139105at71240        -            215    0.0021   16.7  15.3   3   4       3.5   2.1e+02    0.3   0.4    59   127   380   447   334   467 0.64 -
scaffold_42:542301-540529     -            591 139105at71240        -            215    0.0021   16.7  15.3   4   4    0.0019      0.12   10.9   0.1    46   131   462   549   457   585 0.77 -
scaffold_5:1123451-1125949    -            833 139105at71240        -            215    0.0021   16.6   0.7   1   5       2.8   1.7e+02    0.6   0.2    78   122   188   238   175   262 0.69 -
scaffold_5:1123451-1125949    -            833 139105at71240        -            215    0.0021   16.6   0.7   2   5       1.8   1.1e+02    1.2   0.2    70   125   215   268   208   276 0.84 -
scaffold_5:1123451-1125949    -            833 139105at71240        -            215    0.0021   16.6   0.7   3   5   3.4e-05    0.0021   16.6   0.7    34   147   272   384   259   389 0.77 -
scaffold_5:1123451-1125949    -            833 139105at71240        -            215    0.0021   16.6   0.7   4   5       3.5   2.2e+02    0.3   0.0    74   153   609   688   575   720 0.71 -
scaffold_5:1123451-1125949    -            833 139105at71240        -            215    0.0021   16.6   0.7   5   5       2.6   1.6e+02    0.7   0.2    44   104   727   789   716   810 0.62 -
scaffold_9:14086381-14088243  -            621 139105at71240        -            215    0.0021   16.6  10.0   1   3     0.023       1.4    7.4   0.4    23   126    73   179    60   189 0.61 -
scaffold_9:14086381-14088243  -            621 139105at71240        -            215    0.0021   16.6  10.0   2   3     0.018       1.1    7.8   0.1    66   148   316   395   294   399 0.77 -
scaffold_9:14086381-14088243  -            621 139105at71240        -            215    0.0021   16.6  10.0   3   3     0.076       4.6    5.7   0.3    46   128   515   598   507   604 0.83 -
scaffold_7:22407636-22409822  -            729 139105at71240        -            215    0.0024   16.4  11.9   1   4       5.1   3.1e+02   -0.3   0.2    63   122    47   105    34   113 0.65 -
scaffold_7:22407636-22409822  -            729 139105at71240        -            215    0.0024   16.4  11.9   2   4       1.3        78    1.7   0.8    58   125   114   180    56   202 0.59 -
scaffold_7:22407636-22409822  -            729 139105at71240        -            215    0.0024   16.4  11.9   3   4    0.0035      0.21   10.1   0.2    42   101   264   325   238   329 0.76 -
scaffold_7:22407636-22409822  -            729 139105at71240        -            215    0.0024   16.4  11.9   4   4    0.0042      0.26    9.8   0.2    23   116   339   435   327   446 0.81 -
scaffold_2:5937896-5938705    -            270 139105at71240        -            215    0.0024   16.4   3.2   1   2      0.01      0.63    8.5   0.5    83   136    43    95    18   107 0.54 -
scaffold_2:5937896-5938705    -            270 139105at71240        -            215    0.0024   16.4   3.2   2   2     0.015       0.9    8.0   0.1    44   134   121   209   115   258 0.81 -
scaffold_6:33532007-33530238  -            590 139105at71240        -            215    0.0024   16.4  15.8   1   4    0.0044      0.27    9.7   1.0    60   124   105   168    69   191 0.77 -
scaffold_6:33532007-33530238  -            590 139105at71240        -            215    0.0024   16.4  15.8   2   4       6.5     4e+02   -0.6   0.0    62   100   276   313   230   340 0.73 -
scaffold_6:33532007-33530238  -            590 139105at71240        -            215    0.0024   16.4  15.8   3   4       3.9   2.4e+02    0.1   1.0    58   126   401   465   374   484 0.54 -
scaffold_6:33532007-33530238  -            590 139105at71240        -            215    0.0024   16.4  15.8   4   4   0.00017      0.01   14.4   0.2    47   128   482   564   479   586 0.76 -
scaffold_6:19088788-19090167  -            460 139105at71240        -            215    0.0028   16.3   2.1   1   3   0.00093     0.057   12.0   0.2    62   143   153   233   147   239 0.76 -
scaffold_6:19088788-19090167  -            460 139105at71240        -            215    0.0028   16.3   2.1   2   3      0.15       8.9    4.8   0.1    64   128   203   267   202   283 0.85 -
scaffold_6:19088788-19090167  -            460 139105at71240        -            215    0.0028   16.3   2.1   3   3       1.5        92    1.5   0.0    44    69   374   398   358   446 0.73 -
scaffold_11:7333387-7334082   -            232 139105at71240        -            215     0.003   16.1   0.1   1   1   7.4e-05    0.0045   15.6   0.1    47   124   132   210   128   219 0.85 -
scaffold_16:3389504-3388809   -            232 139105at71240        -            215    0.0033   16.0   0.1   1   1   8.2e-05     0.005   15.4   0.1    47   124   132   210   128   219 0.85 -
scaffold_6:33531758-33529053  -            868 139105at71240        -            215    0.0035   15.9  13.7   1   3    0.0074      0.45    9.0   0.5    61   125    23    86     7    94 0.82 -
scaffold_6:33531758-33529053  -            868 139105at71240        -            215    0.0035   15.9  13.7   2   3       5.2   3.2e+02   -0.3   0.5    59   126   319   382   292   399 0.53 -
scaffold_6:33531758-33529053  -            868 139105at71240        -            215    0.0035   15.9  13.7   3   3   0.00024     0.014   13.9   0.2    47   129   399   482   392   508 0.76 -
scaffold_7:6933958-6946628    -            504 139105at71240        -            215    0.0036   15.9   2.1   1   2   5.9e-05    0.0036   15.9   2.1    59   146    46   129    34   135 0.82 -
scaffold_7:6933958-6946628    -            504 139105at71240        -            215    0.0036   15.9   2.1   2   2      0.61        37    2.8   0.4    56   125   284   356   256   375 0.77 -
scaffold_12:9689944-9688160   -            595 139105at71240        -            215    0.0038   15.8  12.9   1   4       2.5   1.5e+02    0.8   0.1    87    98    92   103    82   114 0.87 -
scaffold_12:9689944-9688160   -            595 139105at71240        -            215    0.0038   15.8  12.9   2   4      0.49        30    3.0   0.0    49   122   128   204   118   211 0.79 -
scaffold_12:9689944-9688160   -            595 139105at71240        -            215    0.0038   15.8  12.9   3   4   6.9e-05    0.0042   15.6   3.1    46   147   271   371   241   377 0.84 -
scaffold_12:9689944-9688160   -            595 139105at71240        -            215    0.0038   15.8  12.9   4   4       9.8     6e+02   -1.2   0.1    43    76   482   518   456   587 0.61 -
scaffold_8:23388854-23386268  -            376 139105at71240        -            215     0.004   15.7   2.6   1   2   0.00047     0.029   12.9   0.2    34   116   178   260   155   268 0.72 -
scaffold_8:23388854-23386268  -            376 139105at71240        -            215     0.004   15.7   2.6   2   2      0.96        59    2.1   0.2    46   100   278   333   273   340 0.84 -
scaffold_8:26018104-26014931  -            264 139105at71240        -            215    0.0043   15.6   5.3   1   2    0.0013     0.077   11.5   0.8    29   125    61   153    52   158 0.73 -
scaffold_8:26018104-26014931  -            264 139105at71240        -            215    0.0043   15.6   5.3   2   2      0.11       6.6    5.2   0.1    95   156   198   258   187   262 0.81 -
scaffold_5:14400492-14399302  -            397 139105at71240        -            215    0.0046   15.5   0.1   1   2   0.00038     0.023   13.2   0.2    46   126    91   172    83   194 0.84 -
scaffold_5:14400492-14399302  -            397 139105at71240        -            215    0.0046   15.5   0.1   2   2       9.5   5.8e+02   -1.1   0.0    40    75   275   312   249   320 0.58 -
scaffold_7:11757819-11760452  -            878 139105at71240        -            215    0.0046   15.5   6.7   1   2   0.00021     0.013   14.1   0.5    58   148   344   431   323   440 0.83 -
scaffold_7:11757819-11760452  -            878 139105at71240        -            215    0.0046   15.5   6.7   2   2      0.75        46    2.5   0.3    44   105   772   835   761   856 0.67 -
scaffold_15:3364059-3360982   -           1002 139105at71240        -            215    0.0049   15.4   0.7   1   3      0.84        52    2.3   0.1    88   144    95   150    67   187 0.71 -
scaffold_15:3364059-3360982   -           1002 139105at71240        -            215    0.0049   15.4   0.7   2   3         5     3e+02   -0.2   0.4    59   125   269   331   235   339 0.72 -
scaffold_15:3364059-3360982   -           1002 139105at71240        -            215    0.0049   15.4   0.7   3   3   7.9e-05    0.0049   15.4   0.7    44   162   464   582   445   595 0.86 -
scaffold_2:17384867-17385952  -            362 139105at71240        -            215    0.0052   15.3   1.4   1   2   0.00058     0.036   12.6   0.0    47   127    85   166    79   176 0.77 -
scaffold_2:17384867-17385952  -            362 139105at71240        -            215    0.0052   15.3   1.4   2   2       1.4        86    1.6   0.3    66   101   177   211   172   241 0.75 -
scaffold_2:331744-330752      -            331 139105at71240        -            215    0.0056   15.2   0.6   1   2   0.00042     0.026   13.1   0.0    47   124    57   135    53   145 0.85 -
scaffold_2:331744-330752      -            331 139105at71240        -            215    0.0056   15.2   0.6   2   2       5.3   3.2e+02   -0.3   0.1    44   100   149   207   143   213 0.54 -
scaffold_7:22077130-22075253  -            626 139105at71240        -            215    0.0064   15.1   5.3   1   3     0.048       2.9    6.4   0.0    62   126   116   180   109   184 0.91 -
scaffold_7:22077130-22075253  -            626 139105at71240        -            215    0.0064   15.1   5.3   2   3      0.57        35    2.8   0.1    58   126   209   276   192   281 0.60 -
scaffold_7:22077130-22075253  -            626 139105at71240        -            215    0.0064   15.1   5.3   3   3     0.081       4.9    5.6   0.4    63   143   286   365   277   375 0.76 -
scaffold_42:542370-539791     -            860 139105at71240        -            215    0.0064   15.0  14.2   1   4    0.0047      0.29    9.6   1.1    60   127   109   175    91   199 0.75 -
scaffold_42:542370-539791     -            860 139105at71240        -            215    0.0064   15.0  14.2   2   4       2.7   1.6e+02    0.6   0.1    61   126   206   271   200   276 0.89 -
scaffold_42:542370-539791     -            860 139105at71240        -            215    0.0064   15.0  14.2   3   4       6.2   3.8e+02   -0.5   0.2    59   126   403   469   358   484 0.63 -
scaffold_42:542370-539791     -            860 139105at71240        -            215    0.0064   15.0  14.2   4   4    0.0032      0.19   10.2   0.1    46   131   485   572   480   611 0.77 -
scaffold_10:6950250-6952094   -            615 139105at71240        -            215    0.0064   15.0   0.2   1   5       1.7     1e+02    1.3   0.6    47   101   126   182   101   208 0.54 -
scaffold_10:6950250-6952094   -            615 139105at71240        -            215    0.0064   15.0   0.2   2   5         2   1.2e+02    1.1   4.1    58   115   211   270   195   276 0.72 -
scaffold_10:6950250-6952094   -            615 139105at71240        -            215    0.0064   15.0   0.2   3   5       0.8        49    2.4   2.1    62   126   311   374   304   392 0.66 -
scaffold_10:6950250-6952094   -            615 139105at71240        -            215    0.0064   15.0   0.2   4   5   0.00011    0.0064   15.0   0.2    22   123   436   539   426   552 0.70 -
scaffold_10:6950250-6952094   -            615 139105at71240        -            215    0.0064   15.0   0.2   5   5      0.39        24    3.4   0.5    71   122   559   605   536   611 0.77 -
scaffold_2:20943331-20945049  -            573 139105at71240        -            215    0.0072   14.9  12.3   1   3   0.00039     0.024   13.2   0.2    60   138    89   166    74   174 0.79 -
scaffold_2:20943331-20945049  -            573 139105at71240        -            215    0.0072   14.9  12.3   2   3      0.26        16    3.9   0.7    62   129   189   256   163   274 0.62 -
scaffold_2:20943331-20945049  -            573 139105at71240        -            215    0.0072   14.9  12.3   3   3      0.26        16    3.9   0.2    65   126   320   380   308   404 0.79 -
scaffold_42:542346-541474     -            291 139105at71240        -            215    0.0074   14.9   4.4   1   2   0.00098      0.06   11.9   1.2    60   127   101   167    82   189 0.74 -
scaffold_42:542346-541474     -            291 139105at71240        -            215    0.0074   14.9   4.4   2   2      0.42        26    3.3   0.1    60   126   197   263   180   271 0.89 -
scaffold_10:20612516-20608717 -            970 139105at71240        -            215    0.0079   14.8  26.8   1   7     0.014      0.86    8.1   0.5    77   142    59   122    45   129 0.79 -
scaffold_10:20612516-20608717 -            970 139105at71240        -            215    0.0079   14.8  26.8   2   7       2.8   1.7e+02    0.6   0.8    46   100   145   201   137   215 0.75 -
scaffold_10:20612516-20608717 -            970 139105at71240        -            215    0.0079   14.8  26.8   3   7       5.2   3.2e+02   -0.3   0.1    61   124   186   249   183   260 0.81 -
scaffold_10:20612516-20608717 -            970 139105at71240        -            215    0.0079   14.8  26.8   4   7      0.19        12    4.4   0.6    61   119   259   315   207   328 0.83 -
scaffold_10:20612516-20608717 -            970 139105at71240        -            215    0.0079   14.8  26.8   5   7       0.1       6.2    5.3   0.5    65   142   316   393   300   399 0.70 -
scaffold_10:20612516-20608717 -            970 139105at71240        -            215    0.0079   14.8  26.8   6   7      0.19        12    4.4   0.4    65   126   341   401   334   419 0.64 -
scaffold_10:20612516-20608717 -            970 139105at71240        -            215    0.0079   14.8  26.8   7   7   0.00075     0.046   12.3   0.8    59   143   480   563   462   569 0.79 -
scaffold_42:542310-539277     -            980 139105at71240        -            215    0.0079   14.8  13.6   1   4    0.0058      0.35    9.4   1.1    60   127    89   155    71   179 0.75 -
scaffold_42:542310-539277     -            980 139105at71240        -            215    0.0079   14.8  13.6   2   4       2.4   1.5e+02    0.8   0.1    60   126   185   251   169   262 0.89 -
scaffold_42:542310-539277     -            980 139105at71240        -            215    0.0079   14.8  13.6   3   4       6.8   4.2e+02   -0.7   0.3    59   127   383   450   340   471 0.65 -
scaffold_42:542310-539277     -            980 139105at71240        -            215    0.0079   14.8  13.6   4   4    0.0037      0.23   10.0   0.1    46   131   465   552   458   591 0.77 -
scaffold_5:1221448-1220756    -            231 139105at71240        -            215    0.0079   14.8   1.1   1   1   0.00024     0.015   13.9   0.8    72   145    74   144    47   168 0.72 -
scaffold_6:30855694-30856527  -            278 139105at71240        -            215    0.0082   14.7   8.0   1   3     0.061       3.7    6.0   0.0    63   127    35    98    29   104 0.83 -
scaffold_6:30855694-30856527  -            278 139105at71240        -            215    0.0082   14.7   8.0   2   3    0.0027      0.17   10.4   1.6    61   126   105   170   101   177 0.91 -
scaffold_6:30855694-30856527  -            278 139105at71240        -            215    0.0082   14.7   8.0   3   3       3.3     2e+02    0.3   0.0    43   111   190   260   181   275 0.59 -
scaffold_60:271788-270901     -            296 139105at71240        -            215    0.0086   14.6   4.5   1   2     0.001     0.063   11.8   1.3    60   127   106   172    87   194 0.74 -
scaffold_60:271788-270901     -            296 139105at71240        -            215    0.0086   14.6   4.5   2   2      0.51        31    3.0   0.1    61   126   203   268   196   278 0.90 -
scaffold_7:27829427-27827892  -            512 139105at71240        -            215      0.01   14.4   4.7   1   2      0.43        26    3.3   0.4    75   129   139   192   122   208 0.67 -
scaffold_7:27829427-27827892  -            512 139105at71240        -            215      0.01   14.4   4.7   2   2     0.001     0.063   11.8   2.7    42   125   176   261   156   266 0.81 -
scaffold_5:9903667-9902885    -            261 139105at71240        -            215     0.011   14.4   3.4   1   3   0.00064     0.039   12.5   0.7    60   146    44   125    25   131 0.78 -
scaffold_5:9903667-9902885    -            261 139105at71240        -            215     0.011   14.4   3.4   2   3      0.79        48    2.4   1.0    40   100    94   152    88   178 0.50 -
scaffold_5:9903667-9902885    -            261 139105at71240        -            215     0.011   14.4   3.4   3   3         1        61    2.1   0.5    59   127   134   202   116   212 0.55 -
scaffold_10:3498875-3500278   -            468 139105at71240        -            215     0.011   14.3   2.9   1   2       2.1   1.3e+02    1.0   0.1    83   124   128   171   120   175 0.70 -
scaffold_10:3498875-3500278   -            468 139105at71240        -            215     0.011   14.3   2.9   2   2   0.00049      0.03   12.9   0.4    43   103   349   411   342   433 0.76 -
scaffold_15:3364038-3362338   -            567 139105at71240        -            215     0.012   14.1   0.4   1   3      0.57        35    2.8   0.1    87   144    87   143    57   147 0.76 -
scaffold_15:3364038-3362338   -            567 139105at71240        -            215     0.012   14.1   0.4   2   3         3   1.8e+02    0.5   0.9    59   125   262   324   226   336 0.73 -
scaffold_15:3364038-3362338   -            567 139105at71240        -            215     0.012   14.1   0.4   3   3    0.0002     0.012   14.1   0.4    44   143   457   557   436   566 0.83 -
scaffold_2:20952569-20953234  -            222 139105at71240        -            215     0.012   14.1   5.7   1   2   0.00069     0.042   12.4   1.5    65   129    13    76     5    96 0.82 -
scaffold_2:20952569-20953234  -            222 139105at71240        -            215     0.012   14.1   5.7   2   2      0.26        16    4.0   0.2    60   128   153   220   126   222 0.80 -
scaffold_5:1116875-1118812    -            646 139105at71240        -            215     0.013   14.1   0.2   1   3       8.5   5.2e+02   -1.0   0.4    87   117    43    76    25   136 0.74 -
scaffold_5:1116875-1118812    -            646 139105at71240        -            215     0.013   14.1   0.2   2   3       8.4   5.1e+02   -1.0   0.1    81   125   242   288   216   309 0.65 -
scaffold_5:1116875-1118812    -            646 139105at71240        -            215     0.013   14.1   0.2   3   3   0.00021     0.013   14.1   0.2    46   147   304   405   284   411 0.53 -
scaffold_2:5423793-5422045    -            575 139105at71240        -            215     0.013   14.1   8.9   1   4      0.24        15    4.0   0.7    46   126    60   141    27   159 0.72 -
scaffold_2:5423793-5422045    -            575 139105at71240        -            215     0.013   14.1   8.9   2   4      0.15       8.9    4.8   0.0    25   115   182   276   171   296 0.72 -
scaffold_2:5423793-5422045    -            575 139105at71240        -            215     0.013   14.1   8.9   3   4     0.019       1.2    7.7   0.2    60   133   336   408   298   415 0.86 -
scaffold_2:5423793-5422045    -            575 139105at71240        -            215     0.013   14.1   8.9   4   4       5.8   3.5e+02   -0.4   0.0    24    55   506   538   494   561 0.58 -
scaffold_3:652658-649251      -            914 139105at71240        -            215     0.014   13.9  15.8   1   5    0.0052      0.32    9.5   1.2    59   145    23   108     8   113 0.82 -
scaffold_3:652658-649251      -            914 139105at71240        -            215     0.014   13.9  15.8   2   5       3.4   2.1e+02    0.3   0.4    71   126   156   185   129   209 0.52 -
scaffold_3:652658-649251      -            914 139105at71240        -            215     0.014   13.9  15.8   3   5       2.5   1.5e+02    0.8   0.1    47   123   177   255   167   263 0.60 -
scaffold_3:652658-649251      -            914 139105at71240        -            215     0.014   13.9  15.8   4   5    0.0024      0.14   10.6   0.1    47   125   298   377   285   385 0.81 -
scaffold_3:652658-649251      -            914 139105at71240        -            215     0.014   13.9  15.8   5   5      0.42        26    3.3   0.9    70   126   372   426   360   444 0.79 -
scaffold_5:20515477-20513921  -            519 139105at71240        -            215     0.016   13.8   0.3   1   5       5.3   3.2e+02   -0.3   0.1    62   101     3    42     1    67 0.46 -
scaffold_5:20515477-20513921  -            519 139105at71240        -            215     0.016   13.8   0.3   2   5      0.75        46    2.5   0.1    59   125    96   161    77   168 0.76 -
scaffold_5:20515477-20513921  -            519 139105at71240        -            215     0.016   13.8   0.3   3   5       1.6     1e+02    1.4   0.2    63   116   172   227   164   237 0.61 -
scaffold_5:20515477-20513921  -            519 139105at71240        -            215     0.016   13.8   0.3   4   5   0.00026     0.016   13.8   0.3    34   115   286   370   253   378 0.74 -
scaffold_5:20515477-20513921  -            519 139105at71240        -            215     0.016   13.8   0.3   5   5    0.0099      0.61    8.6   1.0    46   146   345   443   342   465 0.81 -
scaffold_9:14021212-14022135  -            308 139105at71240        -            215     0.016   13.8   5.7   1   2     0.024       1.5    7.3   0.7    71   148     9    83     3   112 0.71 -
scaffold_9:14021212-14022135  -            308 139105at71240        -            215     0.016   13.8   5.7   2   2     0.008      0.49    8.9   0.4    46   128   203   286   194   292 0.84 -
scaffold_5:20937125-20937664  -            180 139105at71240        -            215     0.016   13.7   0.9   1   1   0.00041     0.025   13.1   0.9    43   146    18   119    11   155 0.71 -
scaffold_5:1257617-1256550    -            356 139105at71240        -            215     0.016   13.7   1.1   1   3      0.86        53    2.3   0.1    84   102   169   187   137   233 0.61 -
scaffold_5:1257617-1256550    -            356 139105at71240        -            215     0.016   13.7   1.1   2   3       3.1   1.9e+02    0.5   0.1    70   123   208   259   198   267 0.77 -
scaffold_5:1257617-1256550    -            356 139105at71240        -            215     0.016   13.7   1.1   3   3      0.01      0.61    8.6   0.1    62   146   271   354   250   356 0.77 -
scaffold_8:19467044-19465353  -            564 139105at71240        -            215     0.016   13.7   0.1   1   1   0.00044     0.027   13.0   0.1    60   144    67   151    46   156 0.87 -
scaffold_5:30258511-30256880  -            544 139105at71240        -            215      0.02   13.4   9.3   1   2   0.00016    0.0095   14.5   2.4    43   148    30   134    21   155 0.87 -
scaffold_5:30258511-30256880  -            544 139105at71240        -            215      0.02   13.4   9.3   2   2       1.5        93    1.5   0.0    47   124   473   527   427   543 0.58 -
scaffold_1:4066974-4067984    -            337 139105at71240        -            215      0.02   13.4   0.0   1   1   0.00065      0.04   12.5   0.0    47   124    57   135    52   145 0.84 -
scaffold_3:652784-652035      -            250 139105at71240        -            215      0.02   13.4   6.3   1   2   0.00053     0.032   12.8   1.1    59   145    65   150    46   155 0.82 -
scaffold_3:652784-652035      -            250 139105at71240        -            215      0.02   13.4   6.3   2   2      0.45        28    3.2   0.2    83   126   186   227   161   249 0.58 -
scaffold_7:27823941-27823186  -            252 139105at71240        -            215     0.021   13.4   3.1   1   2       5.9   3.6e+02   -0.5   0.1   108   120    77    89    12    98 0.66 -
scaffold_7:27823941-27823186  -            252 139105at71240        -            215     0.021   13.4   3.1   2   2   0.00032      0.02   13.5   0.7    43   130   131   219   125   239 0.69 -
scaffold_5:30641987-30639954  -            678 139105at71240        -            215     0.024   13.2  10.7   1   3     0.063       3.8    6.0   0.1    87   128    86   126    58   142 0.73 -
scaffold_5:30641987-30639954  -            678 139105at71240        -            215     0.024   13.2  10.7   2   3    0.0075      0.46    9.0   1.0    62   126   133   197   129   216 0.88 -
scaffold_5:30641987-30639954  -            678 139105at71240        -            215     0.024   13.2  10.7   3   3      0.59        36    2.8   0.2    44   122   528   604   517   612 0.65 -
scaffold_9:14043824-14045545  -            574 139105at71240        -            215     0.024   13.2  14.4   1   4     0.036       2.2    6.8   0.5    43   123    34   115    11   120 0.65 -
scaffold_9:14043824-14045545  -            574 139105at71240        -            215     0.024   13.2  14.4   2   4     0.042       2.5    6.6   2.4    45   127    84   168    60   176 0.79 -
scaffold_9:14043824-14045545  -            574 139105at71240        -            215     0.024   13.2  14.4   3   4      0.37        23    3.5   0.3    71   106   309   344   272   409 0.70 -
scaffold_9:14043824-14045545  -            574 139105at71240        -            215     0.024   13.2  14.4   4   4     0.011      0.66    8.5   0.2    46   128   468   551   459   557 0.87 -
scaffold_7:16675306-16678348  -            957 139105at71240        -            215     0.027   13.0   8.9   1   3   0.00038     0.023   13.2   2.2    59   148    67   152    55   158 0.81 -
scaffold_7:16675306-16678348  -            957 139105at71240        -            215     0.027   13.0   8.9   2   3       3.9   2.4e+02    0.1   0.2    42   139   340   439   323   451 0.69 -
scaffold_7:16675306-16678348  -            957 139105at71240        -            215     0.027   13.0   8.9   3   3       1.7   1.1e+02    1.3   0.0    48   125   444   522   440   541 0.75 -
scaffold_5:5657733-5660309    -            859 139105at71240        -            215      0.03   12.9  18.3   1   4     0.019       1.1    7.7   1.8    59   125   116   181   101   187 0.85 -
scaffold_5:5657733-5660309    -            859 139105at71240        -            215      0.03   12.9  18.3   2   4       1.2        73    1.8   0.3    70   124   224   277   201   286 0.64 -
scaffold_5:5657733-5660309    -            859 139105at71240        -            215      0.03   12.9  18.3   3   4    0.0014     0.086   11.4   0.8    58   126   411   478   408   523 0.86 -
scaffold_5:5657733-5660309    -            859 139105at71240        -            215      0.03   12.9  18.3   4   4       9.1   5.5e+02   -1.1   0.0   109   127   558   576   537   590 0.83 -
scaffold_11:8606481-8603770   -            904 139105at71240        -            215     0.031   12.8   2.6   1   3       1.6        97    1.4   0.1    83   144    68   126    22   136 0.46 -
scaffold_11:8606481-8603770   -            904 139105at71240        -            215     0.031   12.8   2.6   2   3      0.73        44    2.5   0.2    89   145    98   151    74   156 0.80 -
scaffold_11:8606481-8603770   -            904 139105at71240        -            215     0.031   12.8   2.6   3   3    0.0092      0.56    8.7   0.2    66   127   246   306   238   329 0.83 -
scaffold_1:33271931-33268847  -            805 139105at71240        -            215     0.032   12.8   5.1   1   2    0.0027      0.16   10.5   0.6    43   127   112   197   101   214 0.82 -
scaffold_1:33271931-33268847  -            805 139105at71240        -            215     0.032   12.8   5.1   2   2      0.54        33    2.9   0.1    63   112   302   353   280   366 0.76 -
scaffold_5:1081943-1083748    -            602 139105at71240        -            215     0.033   12.7   8.1   1   3   0.00041     0.025   13.1   0.9    42   125    68   153    45   158 0.84 -
scaffold_5:1081943-1083748    -            602 139105at71240        -            215     0.033   12.7   8.1   2   3       5.2   3.2e+02   -0.3   0.0    86   147   385   446   339   459 0.68 -
scaffold_5:1081943-1083748    -            602 139105at71240        -            215     0.033   12.7   8.1   3   3       2.1   1.3e+02    1.0   0.5    44   104   491   553   483   574 0.61 -
scaffold_7:27846435-27844654  -            594 139105at71240        -            215     0.035   12.7  14.1   1   3   0.00018     0.011   14.3   1.6    46   148    41   142    29   147 0.83 -
scaffold_7:27846435-27844654  -            594 139105at71240        -            215     0.035   12.7  14.1   2   3       2.2   1.3e+02    0.9   0.1    60   124   355   420   316   448 0.71 -
scaffold_7:27846435-27844654  -            594 139105at71240        -            215     0.035   12.7  14.1   3   3      0.13       8.1    4.9   0.0     4   123   450   563   446   569 0.68 -
scaffold_8:20708926-20709684  -            253 139105at71240        -            215     0.036   12.6   3.3   1   2    0.0099       0.6    8.6   0.6    45   100    51   108    44   113 0.83 -
scaffold_8:20708926-20709684  -            253 139105at71240        -            215     0.036   12.6   3.3   2   2      0.33        20    3.6   0.1    47   137   125   212   117   223 0.68 -
scaffold_5:5649708-5652698    -            966 139105at71240        -            215     0.037   12.6  17.8   1   4      0.02       1.2    7.6   1.8    59   125    93   158    78   178 0.86 -
scaffold_5:5649708-5652698    -            966 139105at71240        -            215     0.037   12.6  17.8   2   4       1.6        95    1.4   0.2    70   124   201   254   185   263 0.68 -
scaffold_5:5649708-5652698    -            966 139105at71240        -            215     0.037   12.6  17.8   3   4    0.0016     0.097   11.2   0.5    58   125   388   454   384   478 0.87 -
scaffold_5:5649708-5652698    -            966 139105at71240        -            215     0.037   12.6  17.8   4   4       7.8   4.8e+02   -0.9   0.0   108   127   534   553   472   566 0.79 -
scaffold_7:22442395-22444398  -            668 139105at71240        -            215     0.039   12.5   0.1   1   6       1.4        84    1.6   2.5    60   123   149   208   139   233 0.69 -
scaffold_7:22442395-22444398  -            668 139105at71240        -            215     0.039   12.5   0.1   2   6       2.6   1.6e+02    0.7   0.9    64   106   270   312   238   349 0.54 -
scaffold_7:22442395-22444398  -            668 139105at71240        -            215     0.039   12.5   0.1   3   6       2.7   1.6e+02    0.7   0.5    66   116   296   348   285   381 0.47 -
scaffold_7:22442395-22444398  -            668 139105at71240        -            215     0.039   12.5   0.1   4   6       6.8   4.1e+02   -0.7   0.2    62   120   388   445   375   455 0.61 -
scaffold_7:22442395-22444398  -            668 139105at71240        -            215     0.039   12.5   0.1   5   6   0.00064     0.039   12.5   0.1    41   119   509   588   484   604 0.72 -
scaffold_7:22442395-22444398  -            668 139105at71240        -            215     0.039   12.5   0.1   6   6      0.19        12    4.4   0.2    63   121   603   660   594   666 0.67 -
scaffold_10:3498024-3498854   -            277 139105at71240        -            215     0.045   12.3   2.4   1   2     0.064       3.9    6.0   0.2    86   149    66   127    27   133 0.67 -
scaffold_10:3498024-3498854   -            277 139105at71240        -            215     0.045   12.3   2.4   2   2      0.09       5.5    5.5   0.1    85   131   141   188   135   202 0.86 -
scaffold_1:31190411-31191964  -            518 139105at71240        -            215     0.051   12.1  13.4   1   6     0.063       3.8    6.0   0.0    47   125    97   177    89   185 0.83 -
scaffold_1:31190411-31191964  -            518 139105at71240        -            215     0.051   12.1  13.4   2   6      0.76        46    2.4   0.1    86   129   187   230   181   247 0.78 -
scaffold_1:31190411-31191964  -            518 139105at71240        -            215     0.051   12.1  13.4   3   6     0.062       3.8    6.0   1.1    62   146   236   319   231   324 0.75 -
scaffold_1:31190411-31191964  -            518 139105at71240        -            215     0.051   12.1  13.4   4   6       1.3        80    1.7   0.5    66   121   337   391   329   412 0.63 -
scaffold_1:31190411-31191964  -            518 139105at71240        -            215     0.051   12.1  13.4   5   6       3.7   2.3e+02    0.2   0.4    62   104   381   423   377   438 0.71 -
scaffold_1:31190411-31191964  -            518 139105at71240        -            215     0.051   12.1  13.4   6   6         8   4.9e+02   -0.9   0.0    58   100   449   492   427   517 0.74 -
scaffold_6:30865105-30867234  -            710 139105at71240        -            215     0.055   12.0  16.2   1   4       3.2     2e+02    0.4   0.0    54   120    36   105     3   113 0.57 -
scaffold_6:30865105-30867234  -            710 139105at71240        -            215     0.055   12.0  16.2   2   4     0.076       4.7    5.7   0.3    89   127   147   184   135   189 0.68 -
scaffold_6:30865105-30867234  -            710 139105at71240        -            215     0.055   12.0  16.2   3   4     0.005       0.3    9.6   0.3    60   125   190   255   186   260 0.93 -
scaffold_6:30865105-30867234  -            710 139105at71240        -            215     0.055   12.0  16.2   4   4       0.2        12    4.3   0.4    42   122   591   669   574   676 0.69 -
scaffold_3:12199957-12198773  -            395 139105at71240        -            215     0.057   12.0   0.5   1   1    0.0015     0.093   11.3   0.5    65   128     5    64     1    92 0.53 -
scaffold_4:28716917-28717978  -            354 139105at71240        -            215     0.058   11.9   0.3   1   2    0.0082       0.5    8.9   0.1    62   133   102   173    95   190 0.64 -
scaffold_4:28716917-28717978  -            354 139105at71240        -            215     0.058   11.9   0.3   2   2       2.1   1.3e+02    1.0   0.1    62   104   199   241   174   265 0.49 -
scaffold_7:4645286-4644501    -            262 139105at71240        -            215     0.063   11.8   8.2   1   2   0.00054     0.033   12.7   3.6    42   102    33    98    12   153 0.64 -
scaffold_7:4645286-4644501    -            262 139105at71240        -            215     0.063   11.8   8.2   2   2       1.3        79    1.7   0.2    44   104   155   217   123   238 0.62 -
scaffold_10:11194929-11197097 -            723 139105at71240        -            215     0.068   11.7   6.4   1   2      0.14       8.3    4.9   1.0    60   125   119   183   101   203 0.80 -
scaffold_10:11194929-11197097 -            723 139105at71240        -            215     0.068   11.7   6.4   2   2     0.023       1.4    7.4   0.0    65   126   315   375   306   380 0.82 -
scaffold_10:2695615-2694290   -            442 139105at71240        -            215     0.069   11.7  10.7   1   5         4   2.4e+02    0.1   0.1    88   130    65   106    60   125 0.65 -
scaffold_10:2695615-2694290   -            442 139105at71240        -            215     0.069   11.7  10.7   2   5       1.9   1.1e+02    1.2   0.7    71   115   121   166   107   197 0.66 -
scaffold_10:2695615-2694290   -            442 139105at71240        -            215     0.069   11.7  10.7   3   5       2.6   1.6e+02    0.7   0.1    50   125   217   293   187   314 0.74 -
scaffold_10:2695615-2694290   -            442 139105at71240        -            215     0.069   11.7  10.7   4   5    0.0039      0.24    9.9   0.5    42   125   281   365   260   367 0.76 -
scaffold_10:2695615-2694290   -            442 139105at71240        -            215     0.069   11.7  10.7   5   5    0.0031      0.19   10.2   0.2    74   133   339   397   334   412 0.79 -
scaffold_5:1109337-1111280    -            648 139105at71240        -            215     0.069   11.7  11.7   1   4       7.7   4.7e+02   -0.8   0.0    78   124    38    82    29   104 0.75 -
scaffold_5:1109337-1111280    -            648 139105at71240        -            215     0.069   11.7  11.7   2   4    0.0013     0.082   11.4   1.0    43   126   120   205   109   209 0.86 -
scaffold_5:1109337-1111280    -            648 139105at71240        -            215     0.069   11.7  11.7   3   4      0.42        26    3.3   0.0    45   149   391   497   363   515 0.73 -
scaffold_5:1109337-1111280    -            648 139105at71240        -            215     0.069   11.7  11.7   4   4       1.6     1e+02    1.3   0.3    43   104   539   602   529   623 0.64 -
scaffold_6:34339428-34337614  -            605 139105at71240        -            215     0.075   11.6  21.8   1   4    0.0015     0.094   11.3   2.0    58   142    77   157    65   167 0.71 -
scaffold_6:34339428-34337614  -            605 139105at71240        -            215     0.075   11.6  21.8   2   4       4.5   2.8e+02   -0.1   0.0    70   102   159   190   146   243 0.64 -
scaffold_6:34339428-34337614  -            605 139105at71240        -            215     0.075   11.6  21.8   3   4       2.2   1.3e+02    1.0   0.2    68   124   277   337   267   341 0.68 -
scaffold_6:34339428-34337614  -            605 139105at71240        -            215     0.075   11.6  21.8   4   4    0.0012     0.076   11.5   0.8    59   126   491   557   470   574 0.79 -
scaffold_1:16735385-16734054  -            444 139105at71240        -            215     0.077   11.5   7.2   1   2     0.018       1.1    7.7   0.2    79   142   141   203    92   211 0.80 -
scaffold_1:16735385-16734054  -            444 139105at71240        -            215     0.077   11.5   7.2   2   2     0.032         2    6.9   0.6    61   140   315   393   304   402 0.70 -
scaffold_7:2129634-2126803    -            944 139105at71240        -            215     0.079   11.5   4.3   1   2      0.86        52    2.3   0.5    46   112   591   658   581   721 0.80 -
scaffold_7:2129634-2126803    -            944 139105at71240        -            215     0.079   11.5   4.3   2   2    0.0034      0.21   10.1   0.2    83   150   780   849   758   862 0.82 -
scaffold_1:34368935-34367313  -            541 139105at71240        -            215     0.086   11.4  14.6   1   5   0.00055     0.033   12.7   0.6    60   128   114   180    97   197 0.80 -
scaffold_1:34368935-34367313  -            541 139105at71240        -            215     0.086   11.4  14.6   2   5    0.0074      0.45    9.0   1.5    95   129   148   181   144   245 0.82 -
scaffold_1:34368935-34367313  -            541 139105at71240        -            215     0.086   11.4  14.6   3   5       9.6   5.9e+02   -1.2   0.0    85   123   283   319   249   324 0.61 -
scaffold_1:34368935-34367313  -            541 139105at71240        -            215     0.086   11.4  14.6   4   5     0.063       3.9    6.0   0.9    70   126   373   427   360   435 0.79 -
scaffold_1:34368935-34367313  -            541 139105at71240        -            215     0.086   11.4  14.6   5   5       1.8   1.1e+02    1.2   0.1    63   137   413   486   409   514 0.62 -
scaffold_6:34339377-34336828  -            850 139105at71240        -            215     0.089   11.3  19.7   1   3    0.0024      0.15   10.6   1.9    58   142    60   140    48   148 0.71 -
scaffold_6:34339377-34336828  -            850 139105at71240        -            215     0.089   11.3  19.7   2   3       3.4   2.1e+02    0.3   0.2    68   124   260   320   248   324 0.68 -
scaffold_6:34339377-34336828  -            850 139105at71240        -            215     0.089   11.3  19.7   3   3    0.0017       0.1   11.1   0.6    59   126   474   540   454   556 0.79 -
scaffold_2:19845634-19842439  -            345 139105at71240        -            215      0.11   11.1   0.0   1   1    0.0026      0.16   10.5   0.0    66   118    43    93    33   114 0.79 -
scaffold_1:38030176-38031156  -            327 139105at71240        -            215      0.11   11.0   0.3   1   1     0.005       0.3    9.6   0.1    47   124    63   141    59   152 0.83 -
scaffold_5:15922274-15923317  -            348 139105at71240        -            215      0.12   11.0   8.4   1   3    0.0027      0.17   10.4   0.6    59   124    74   138    51   160 0.80 -
scaffold_5:15922274-15923317  -            348 139105at71240        -            215      0.12   11.0   8.4   2   3      0.47        29    3.1   1.6    67   109   177   221   150   244 0.60 -
scaffold_5:15922274-15923317  -            348 139105at71240        -            215      0.12   11.0   8.4   3   3       3.3     2e+02    0.4   0.1    47    98   227   280   222   284 0.69 -
scaffold_5:5546316-5545684    -            211 139105at71240        -            215      0.14   10.7   5.5   1   2    0.0041      0.25    9.9   0.6    62   125     7    69     3    88 0.78 -
scaffold_5:5546316-5545684    -            211 139105at71240        -            215      0.14   10.7   5.5   2   2      0.94        57    2.1   0.2    59   115    76   134    72   163 0.67 -
scaffold_5:18132682-18129589  -            883 139105at71240        -            215      0.15   10.6   7.4   1   2     0.031       1.9    7.0   0.3    58   127   212   280   168   288 0.78 -
scaffold_5:18132682-18129589  -            883 139105at71240        -            215      0.15   10.6   7.4   2   2     0.076       4.6    5.7   1.9    46   102   414   472   380   492 0.81 -
scaffold_6:20824582-20827542  -            987 139105at71240        -            215      0.15   10.6  23.0   1   6      0.28        17    3.9   0.1    87   143   125   180    76   183 0.73 -
scaffold_6:20824582-20827542  -            987 139105at71240        -            215      0.15   10.6  23.0   2   6       5.7   3.5e+02   -0.4   0.1    60   123   218   280   203   290 0.70 -
scaffold_6:20824582-20827542  -            987 139105at71240        -            215      0.15   10.6  23.0   3   6     0.057       3.5    6.1   0.6    71   146   301   375   289   381 0.84 -
scaffold_6:20824582-20827542  -            987 139105at71240        -            215      0.15   10.6  23.0   4   6      0.28        17    3.8   0.0    88   145   414   470   385   475 0.76 -
scaffold_6:20824582-20827542  -            987 139105at71240        -            215      0.15   10.6  23.0   5   6       2.2   1.3e+02    1.0   0.3    63   126   485   547   471   570 0.72 -
scaffold_6:20824582-20827542  -            987 139105at71240        -            215      0.15   10.6  23.0   6   6      0.02       1.2    7.6   0.5    58   104   625   671   585   698 0.77 -
scaffold_4:4006790-4004482    -            610 139105at71240        -            215      0.17   10.4   5.5   1   2       2.2   1.4e+02    0.9   0.2   105   126    52    73    39    91 0.77 -
scaffold_4:4006790-4004482    -            610 139105at71240        -            215      0.17   10.4   5.5   2   2    0.0029      0.18   10.3   1.4    47   101   112   168   105   174 0.90 -
scaffold_5:30234892-30232958  -            645 139105at71240        -            215      0.19   10.2   9.8   1   2    0.0052      0.32    9.5   2.8    43   148    74   178    65   197 0.71 -
scaffold_5:30234892-30232958  -            645 139105at71240        -            215      0.19   10.2   9.8   2   2      0.64        39    2.7   0.1    44   122   515   591   508   600 0.60 -
scaffold_9:8095316-8094333    -            328 139105at71240        -            215      0.22   10.0   3.0   1   3     0.021       1.3    7.5   0.2    58   120    70   131    52   138 0.81 -
scaffold_9:8095316-8094333    -            328 139105at71240        -            215      0.22   10.0   3.0   2   3       2.9   1.8e+02    0.5   0.0    65   100   148   181   137   204 0.79 -
scaffold_9:8095316-8094333    -            328 139105at71240        -            215      0.22   10.0   3.0   3   3       3.3     2e+02    0.4   0.0    46    77   223   256   214   277 0.75 -
scaffold_2:31920734-31923640  -            969 139105at71240        -            215      0.24    9.9   9.9   1   3      0.44        27    3.2   0.2    47   101   104   160    86   187 0.52 -
scaffold_2:31920734-31923640  -            969 139105at71240        -            215      0.24    9.9   9.9   2   3      0.47        29    3.1   0.2    60   126   191   256   186   263 0.75 -
scaffold_2:31920734-31923640  -            969 139105at71240        -            215      0.24    9.9   9.9   3   3     0.032         2    6.9   0.8    77   124   426   472   369   486 0.83 -
scaffold_2:27636730-27554889  -            198 139105at71240        -            215      0.28    9.7   3.6   1   3      0.14       8.7    4.8   0.1   135   155    21    41    15    46 0.87 -
scaffold_2:27636730-27554889  -            198 139105at71240        -            215      0.28    9.7   3.6   2   3      0.83        51    2.3   0.1   116   154    61   104    45   114 0.63 -
scaffold_2:27636730-27554889  -            198 139105at71240        -            215      0.28    9.7   3.6   3   3       1.2        72    1.8   0.1    74   122   149   194   119   197 0.64 -
scaffold_13:10772175-10771471 -            235 139105at71240        -            215       0.3    9.6   5.2   1   2       2.4   1.5e+02    0.8   0.0    59   121    22    83     3   110 0.70 -
scaffold_13:10772175-10771471 -            235 139105at71240        -            215       0.3    9.6   5.2   2   2    0.0078      0.48    8.9   2.9    24   115   128   200   104   232 0.55 -
scaffold_3:376765-374474      -            764 139105at71240        -            215      0.31    9.6  18.9   1   6        10   6.1e+02   -1.2   0.1    87   144    63   119    44   128 0.78 -
scaffold_3:376765-374474      -            764 139105at71240        -            215      0.31    9.6  18.9   2   6       1.3        77    1.7   0.0   108   147   179   215   150   219 0.78 -
scaffold_3:376765-374474      -            764 139105at71240        -            215      0.31    9.6  18.9   3   6      0.18        11    4.5   0.8    60   147   229   317   208   321 0.73 -
scaffold_3:376765-374474      -            764 139105at71240        -            215      0.31    9.6  18.9   4   6       1.9   1.2e+02    1.1   0.8    47   123   408   485   398   506 0.74 -
scaffold_3:376765-374474      -            764 139105at71240        -            215      0.31    9.6  18.9   5   6       8.7   5.3e+02   -1.0   0.0    93   125   504   537   482   555 0.65 -
scaffold_3:376765-374474      -            764 139105at71240        -            215      0.31    9.6  18.9   6   6    0.0019      0.11   11.0   0.2    46   128   604   687   589   693 0.81 -
scaffold_12:11376434-11372683 -            578 139105at71240        -            215      0.31    9.5   3.7   1   3      0.55        33    2.9   0.1    65   142   138   214   113   223 0.67 -
scaffold_12:11376434-11372683 -            578 139105at71240        -            215      0.31    9.5   3.7   2   3       6.5     4e+02   -0.6   0.0    89   153   326   387   266   405 0.70 -
scaffold_12:11376434-11372683 -            578 139105at71240        -            215      0.31    9.5   3.7   3   3     0.079       4.8    5.6   0.1    94   146   416   467   405   473 0.81 -
scaffold_2:21178487-21177288  -            400 139105at71240        -            215       0.4    9.2   8.3   1   3     0.019       1.1    7.7   0.6    60   128    95   162    62   184 0.79 -
scaffold_2:21178487-21177288  -            400 139105at71240        -            215       0.4    9.2   8.3   2   3       1.5        91    1.5   0.1    58   126   189   258   172   263 0.61 -
scaffold_2:21178487-21177288  -            400 139105at71240        -            215       0.4    9.2   8.3   3   3      0.71        43    2.5   0.3    64   101   348   385   316   393 0.66 -
scaffold_6:19643168-19639342  -           1064 139105at71240        -            215      0.49    8.9  11.5   1   4      0.92        56    2.2   0.1    64   116    96   150    80   159 0.80 -
scaffold_6:19643168-19639342  -           1064 139105at71240        -            215      0.49    8.9  11.5   2   4      0.34        21    3.6   0.2    47   123   197   274   186   294 0.70 -
scaffold_6:19643168-19639342  -           1064 139105at71240        -            215      0.49    8.9  11.5   3   4     0.047       2.8    6.4   0.1    87   146   311   369   282   373 0.81 -
scaffold_6:19643168-19639342  -           1064 139105at71240        -            215      0.49    8.9  11.5   4   4       2.7   1.6e+02    0.7   0.6    43   126   553   638   507   647 0.58 -
scaffold_5:5648076-5646367    -            570 139105at71240        -            215      0.58    8.7  18.1   1   5     0.088       5.4    5.5   1.0    61   128    86   152    79   170 0.79 -
scaffold_5:5648076-5646367    -            570 139105at71240        -            215      0.58    8.7  18.1   2   5      0.53        32    3.0   0.4    73   136   123   184   108   194 0.72 -
scaffold_5:5648076-5646367    -            570 139105at71240        -            215      0.58    8.7  18.1   3   5       1.3        80    1.7   0.2    66   126   211   271   203   277 0.70 -
scaffold_5:5648076-5646367    -            570 139105at71240        -            215      0.58    8.7  18.1   4   5       0.5        31    3.0   0.2    64   105   258   298   252   324 0.71 -
scaffold_5:5648076-5646367    -            570 139105at71240        -            215      0.58    8.7  18.1   5   5     0.022       1.3    7.5   0.2    58   139   379   459   371   470 0.80 -
scaffold_3:572713-573375      -            221 139105at71240        -            215      0.75    8.3   6.2   1   3       8.6   5.2e+02   -1.0   0.1    82   109    18    48     8    64 0.63 -
scaffold_3:572713-573375      -            221 139105at71240        -            215      0.75    8.3   6.2   2   3       0.8        49    2.4   0.3    89   125    81   115    69   141 0.50 -
scaffold_3:572713-573375      -            221 139105at71240        -            215      0.75    8.3   6.2   3   3     0.013      0.81    8.2   0.2    58   103   171   216   150   220 0.76 -
scaffold_143:75899-73961      -            497 139105at71240        -            215       0.8    8.2  10.8   1   3       2.5   1.6e+02    0.7   0.1    43   125   102   185    70   205 0.58 -
scaffold_143:75899-73961      -            497 139105at71240        -            215       0.8    8.2  10.8   2   3      0.95        58    2.1   0.3    23   100   177   254   159   259 0.71 -
scaffold_143:75899-73961      -            497 139105at71240        -            215       0.8    8.2  10.8   3   3    0.0028      0.17   10.4   1.5    47   126   392   472   383   479 0.83 -
scaffold_3:12442456-12440474  -            661 139105at71240        -            215      0.96    8.0  25.7   1   5       2.6   1.6e+02    0.7   1.4    61   126   164   228   144   250 0.68 -
scaffold_3:12442456-12440474  -            661 139105at71240        -            215      0.96    8.0  25.7   2   5       3.4   2.1e+02    0.3   0.1    69   117   268   318   254   345 0.67 -
scaffold_3:12442456-12440474  -            661 139105at71240        -            215      0.96    8.0  25.7   3   5      0.52        32    3.0   0.6    57   117   379   438   355   446 0.77 -
scaffold_3:12442456-12440474  -            661 139105at71240        -            215      0.96    8.0  25.7   4   5     0.019       1.2    7.7   0.5    34   115   495   580   474   587 0.71 -
scaffold_3:12442456-12440474  -            661 139105at71240        -            215      0.96    8.0  25.7   5   5   0.00026     0.016   13.8   1.0    42   131   551   639   545   657 0.79 -
scaffold_13:10747566-10746100 -            489 139105at71240        -            215         1    7.9  18.1   1   4     0.076       4.6    5.7   0.8    59   142   114   196    94   201 0.75 -
scaffold_13:10747566-10746100 -            489 139105at71240        -            215         1    7.9  18.1   2   4    0.0056      0.34    9.4   3.0    60   116   331   389   315   396 0.80 -
scaffold_13:10747566-10746100 -            489 139105at71240        -            215         1    7.9  18.1   3   4       3.5   2.1e+02    0.3   0.2    77   126   397   444   383   458 0.74 -
scaffold_13:10747566-10746100 -            489 139105at71240        -            215         1    7.9  18.1   4   4       3.7   2.3e+02    0.2   0.3    47    94   436   479   404   488 0.48 -
scaffold_6:30878214-30880187  -            658 139105at71240        -            215         1    7.8  15.6   1   3     0.016      0.97    7.9   0.4    60   128    16    83     2   100 0.74 -
scaffold_6:30878214-30880187  -            658 139105at71240        -            215         1    7.8  15.6   2   3     0.031       1.9    7.0   1.0    64   125    92   153    86   158 0.85 -
scaffold_6:30878214-30880187  -            658 139105at71240        -            215         1    7.8  15.6   3   3       1.2        73    1.8   0.2    44   118   488   560   467   573 0.63 -
scaffold_6:30881739-30882746  -            336 139105at71240        -            215       1.1    7.8  11.4   1   4       3.1   1.9e+02    0.4   0.0    80   122    62   106    59   114 0.69 -
scaffold_6:30881739-30882746  -            336 139105at71240        -            215       1.1    7.8  11.4   2   4       1.7   1.1e+02    1.3   0.1   112   147   126   166   109   173 0.52 -
scaffold_6:30881739-30882746  -            336 139105at71240        -            215       1.1    7.8  11.4   3   4      0.13         8    4.9   1.5    61   128   177   243   153   260 0.63 -
scaffold_6:30881739-30882746  -            336 139105at71240        -            215       1.1    7.8  11.4   4   4       0.2        12    4.4   1.2    62   125   250   313   245   318 0.82 -
scaffold_5:30026482-30024881  -            534 139105at71240        -            215       1.1    7.8  11.1   1   3       1.6        99    1.4   0.1   109   128     2    21     1    26 0.89 -
scaffold_5:30026482-30024881  -            534 139105at71240        -            215       1.1    7.8  11.1   2   3      0.02       1.2    7.6   1.2    62   146    28   119    22   129 0.76 -
scaffold_5:30026482-30024881  -            534 139105at71240        -            215       1.1    7.8  11.1   3   3      0.49        30    3.1   0.1    44   122   407   483   400   492 0.61 -
scaffold_5:30710635-30708704  -            644 139105at71240        -            215       1.3    7.6  22.3   1   3   0.00068     0.041   12.4   2.2    60   128    69   136    65   153 0.88 -
scaffold_5:30710635-30708704  -            644 139105at71240        -            215       1.3    7.6  22.3   2   3     0.096       5.9    5.4   1.0    82   125   163   206   139   226 0.75 -
scaffold_5:30710635-30708704  -            644 139105at71240        -            215       1.3    7.6  22.3   3   3      0.52        32    3.0   0.1    43   122   537   614   495   624 0.61 -
scaffold_10:18562149-18564817 -            836 139105at71240        -            215       1.4    7.5  13.9   1   4       2.3   1.4e+02    0.9   0.3    62   125    16    78    12    97 0.78 -
scaffold_10:18562149-18564817 -            836 139105at71240        -            215       1.4    7.5  13.9   2   4       3.5   2.1e+02    0.3   0.0    43   126   188   272   178   277 0.63 -
scaffold_10:18562149-18564817 -            836 139105at71240        -            215       1.4    7.5  13.9   3   4   0.00091     0.056   12.0   1.0    42   119   283   361   264   370 0.80 -
scaffold_10:18562149-18564817 -            836 139105at71240        -            215       1.4    7.5  13.9   4   4       6.3   3.9e+02   -0.6   0.2    71   117   387   431   346   443 0.60 -
scaffold_7:11665910-11664474  -            479 139105at71240        -            215       1.5    7.3  11.8   1   1   0.00095     0.058   11.9   3.6    39   148   121   229    97   234 0.75 -
scaffold_8:21158829-21156883  -            649 139105at71240        -            215       1.7    7.1  13.4   1   4         8   4.9e+02   -0.9   0.1    47   124     5    82     1    91 0.70 -
scaffold_8:21158829-21156883  -            649 139105at71240        -            215       1.7    7.1  13.4   2   4      0.23        14    4.2   0.2    89   147    97   152    93   161 0.82 -
scaffold_8:21158829-21156883  -            649 139105at71240        -            215       1.7    7.1  13.4   3   4       1.1        70    1.9   0.5    43   121   311   388   290   419 0.65 -
scaffold_8:21158829-21156883  -            649 139105at71240        -            215       1.7    7.1  13.4   4   4     0.042       2.5    6.6   0.1    44   123   509   589   501   597 0.81 -
scaffold_1:246101-245028      -            358 139105at71240        -            215       1.8    7.1   7.2   1   3       1.2        72    1.8   0.0    55   125    67   136    60   155 0.82 -
scaffold_1:246101-245028      -            358 139105at71240        -            215       1.8    7.1   7.2   2   3      0.22        13    4.2   0.5    43   141   173   272   147   278 0.69 -
scaffold_1:246101-245028      -            358 139105at71240        -            215       1.8    7.1   7.2   3   3      0.38        23    3.4   0.6    59   101   287   329   271   342 0.82 -
scaffold_2:15984231-15979186  -           1056 139105at71240        -            215       1.8    7.0  14.0   1   4      0.57        35    2.8   0.0    55    98    85   128    45   173 0.69 -
scaffold_2:15984231-15979186  -           1056 139105at71240        -            215       1.8    7.0  14.0   2   4      0.21        13    4.3   1.2    42   126   292   376   265   380 0.78 -
scaffold_2:15984231-15979186  -           1056 139105at71240        -            215       1.8    7.0  14.0   3   4      0.26        16    4.0   0.2    47   124   389   466   384   470 0.83 -
scaffold_2:15984231-15979186  -           1056 139105at71240        -            215       1.8    7.0  14.0   4   4       1.1        70    1.9   0.2    87   125   478   516   469   523 0.91 -
scaffold_7:11629595-11627703  -            631 139105at71240        -            215       2.1    6.9  15.1   1   4       3.1   1.9e+02    0.4   0.1    95   142    63   109    47   120 0.64 -
scaffold_7:11629595-11627703  -            631 139105at71240        -            215       2.1    6.9  15.1   2   4     0.025       1.5    7.3   1.1    80   125   144   189   106   195 0.76 -
scaffold_7:11629595-11627703  -            631 139105at71240        -            215       2.1    6.9  15.1   3   4       1.2        71    1.8   0.1    64   127   397   461   372   490 0.67 -
scaffold_7:11629595-11627703  -            631 139105at71240        -            215       2.1    6.9  15.1   4   4      0.28        17    3.9   0.1    42   122   523   601   511   609 0.72 -
scaffold_2:10187382-10190904  -            913 139105at71240        -            215       2.2    6.8   5.9   1   2         2   1.2e+02    1.0   0.1    59   100   244   285   219   295 0.71 -
scaffold_2:10187382-10190904  -            913 139105at71240        -            215       2.2    6.8   5.9   2   2     0.023       1.4    7.4   0.4    79   126   373   418   358   434 0.69 -
scaffold_13:11349490-11375442 -            778 139105at71240        -            215       2.7    6.5  11.2   1   3       0.7        43    2.5   0.2    62   136    19    92    16   102 0.71 -
scaffold_13:11349490-11375442 -            778 139105at71240        -            215       2.7    6.5  11.2   2   3      0.21        13    4.3   0.7    46   127    49   131    39   151 0.72 -
scaffold_13:11349490-11375442 -            778 139105at71240        -            215       2.7    6.5  11.2   3   3     0.053       3.2    6.2   1.6    59   116   328   387   304   395 0.71 -
scaffold_7:2695354-2693489    -            622 139105at71240        -            215       2.9    6.4  25.1   1   4      0.18        11    4.5   0.6    85   129   105   148    72   168 0.74 -
scaffold_7:2695354-2693489    -            622 139105at71240        -            215       2.9    6.4  25.1   2   4         9   5.5e+02   -1.1   0.9    63   124   202   260   158   268 0.62 -
scaffold_7:2695354-2693489    -            622 139105at71240        -            215       2.9    6.4  25.1   3   4    0.0031      0.19   10.3   1.2    64   133   389   460   369   470 0.83 -
scaffold_7:2695354-2693489    -            622 139105at71240        -            215       2.9    6.4  25.1   4   4     0.056       3.4    6.1   1.4    43   124   509   591   495   595 0.76 -
scaffold_4:6485956-6483029    -            884 139105at71240        -            215       3.4    6.1   5.7   1   2       4.9     3e+02   -0.2   0.3    76   127   208   257   165   280 0.73 -
scaffold_4:6485956-6483029    -            884 139105at71240        -            215       3.4    6.1   5.7   2   2      0.02       1.2    7.6   0.2    87   127   434   473   412   485 0.80 -
scaffold_7:4483694-4481811    -            628 139105at71240        -            215       4.1    5.9  21.9   1   3      0.68        42    2.6   0.2    86   127   113   153   107   173 0.78 -
scaffold_7:4483694-4481811    -            628 139105at71240        -            215       4.1    5.9  21.9   2   3    0.0021      0.13   10.8   1.9    62   133   394   467   334   477 0.78 -
scaffold_7:4483694-4481811    -            628 139105at71240        -            215       4.1    5.9  21.9   3   3      0.11       6.6    5.2   1.8    43   124   516   598   502   602 0.72 -
scaffold_2:34997027-34999570  -            848 139105at71240        -            215       4.6    5.7  16.9   1   3       3.4   2.1e+02    0.3   0.1   108   133    61    86    32    98 0.76 -
scaffold_2:34997027-34999570  -            848 139105at71240        -            215       4.6    5.7  16.9   2   3       2.8   1.7e+02    0.6   0.2    85   143   187   247   152   255 0.73 -
scaffold_2:34997027-34999570  -            848 139105at71240        -            215       4.6    5.7  16.9   3   3   0.00068     0.041   12.4   0.4    70   127   632   688   603   694 0.84 -
scaffold_31:1343308-1340765   -            848 139105at71240        -            215       4.6    5.7  16.9   1   3       3.4   2.1e+02    0.3   0.1   108   133    61    86    32    98 0.76 -
scaffold_31:1343308-1340765   -            848 139105at71240        -            215       4.6    5.7  16.9   2   3       2.8   1.7e+02    0.6   0.2    85   143   187   247   152   255 0.73 -
scaffold_31:1343308-1340765   -            848 139105at71240        -            215       4.6    5.7  16.9   3   3   0.00068     0.041   12.4   0.4    70   127   632   688   603   694 0.84 -
scaffold_13:11387039-11387944 -            302 139105at71240        -            215       5.4    5.5  12.0   1   3      0.14       8.5    4.9   0.4    44   100   103   161    74   163 0.77 -
scaffold_13:11387039-11387944 -            302 139105at71240        -            215       5.4    5.5  12.0   2   3     0.015       0.9    8.0   1.8    62   116   147   203   144   211 0.82 -
scaffold_13:11387039-11387944 -            302 139105at71240        -            215       5.4    5.5  12.0   3   3       5.2   3.2e+02   -0.3   0.1    79   100   257   278   223   293 0.61 -
scaffold_7:4439324-4437480    -            615 139105at71240        -            215       5.6    5.4  20.1   1   4       2.9   1.8e+02    0.5   0.2    86   126    99   138    65   159 0.79 -
scaffold_7:4439324-4437480    -            615 139105at71240        -            215       5.6    5.4  20.1   2   4       8.9   5.4e+02   -1.0   0.1    70   123   202   252   148   259 0.57 -
scaffold_7:4439324-4437480    -            615 139105at71240        -            215       5.6    5.4  20.1   3   4    0.0022      0.13   10.8   2.1    63   133   381   453   312   463 0.78 -
scaffold_7:4439324-4437480    -            615 139105at71240        -            215       5.6    5.4  20.1   4   4      0.16       9.8    4.6   1.5    43   125   502   585   491   588 0.77 -
scaffold_5:5647815-5645132    -            838 139105at71240        -            215       8.9    4.8  16.7   1   5       0.4        24    3.4   0.7    63   128     1    65     1    83 0.77 -
scaffold_5:5647815-5645132    -            838 139105at71240        -            215       8.9    4.8  16.7   2   5      0.79        48    2.4   0.3    73   136    36    97    20   107 0.72 -
scaffold_5:5647815-5645132    -            838 139105at71240        -            215       8.9    4.8  16.7   3   5       1.5        90    1.5   0.3    66   127   124   185   116   202 0.71 -
scaffold_5:5647815-5645132    -            838 139105at71240        -            215       8.9    4.8  16.7   4   5      0.78        47    2.4   0.2    64   105   171   211   165   238 0.71 -
scaffold_5:5647815-5645132    -            838 139105at71240        -            215       8.9    4.8  16.7   5   5      0.04       2.4    6.6   0.2    58   139   292   372   289   383 0.80 -
scaffold_8:25156726-25158435  -            570 139105at71240        -            215       9.6    4.7   9.2   1   2       1.5        95    1.4   0.9    86   125   121   163    56   181 0.73 -
scaffold_8:25156726-25158435  -            570 139105at71240        -            215       9.6    4.7   9.2   2   2     0.026       1.6    7.3   0.6    44   126   273   359   252   377 0.85 -
#
# Program:         hmmsearch
# Version:         3.3.2 (Nov 2020)
# Pipeline mode:   SEARCH
# Query file:      /scratch/srb67793/Pelargonium/scripts/busco_downloads/lineages/eudicots_odb10/hmms/139105at71240.hmm
# Target file:     /scratch/srb67793/Pelargonium/scripts/scratch/srb67793/Pelargonium/Results2/HiFiASM_OmniC/P_citronellum_hap2-scaffolds-busco/run_eudicots_odb10/metaeuk_output/initial_results/P_citronellum-hap2_scaffolds_final.fa.modified.fas
# Option settings: hmmsearch --domtblout /scratch/srb67793/Pelargonium/scripts/scratch/srb67793/Pelargonium/Results2/HiFiASM_OmniC/P_citronellum_hap2-scaffolds-busco/run_eudicots_odb10/hmmer_output/initial_run_results/139105at71240.out --cpu 1 /scratch/srb67793/Pelargonium/scripts/busco_downloads/lineages/eudicots_odb10/hmms/139105at71240.hmm /scratch/srb67793/Pelargonium/scripts/scratch/srb67793/Pelargonium/Results2/HiFiASM_OmniC/P_citronellum_hap2-scaffolds-busco/run_eudicots_odb10/metaeuk_output/initial_results/P_citronellum-hap2_scaffolds_final.fa.modified.fas 
# Current dir:     /scratch/srb67793/Pelargonium/scripts
# Date:            Fri Jul 19 11:03:15 2024
# [ok]
