#                                                                                     --- full sequence --- -------------- this domain -------------   hmm coord   ali coord   env coord
# target name                 accession   tlen query name           accession   qlen   E-value  score  bias   #  of  c-Evalue  i-Evalue  score  bias  from    to  from    to  from    to  acc description of target
#         ------------------- ---------- ----- -------------------- ---------- ----- --------- ------ ----- --- --- --------- --------- ------ ----- ----- ----- ----- ----- ----- ----- ---- ---------------------
scaffold_1:36955423-36966326  -           1555 1506at71240          -           1203         0 2298.1  26.5   1   4  1.5e-211  9.3e-210  698.3   1.3     1   331     1   343     1   348 0.97 -
scaffold_1:36955423-36966326  -           1555 1506at71240          -           1203         0 2298.1  26.5   2   4  3.4e-246  2.1e-244  813.0   8.3   320   740   446   890   440   959 0.95 -
scaffold_1:36955423-36966326  -           1555 1506at71240          -           1203         0 2298.1  26.5   3   4   2.9e-15   1.8e-13   48.1   0.5   740   812   964  1079   953  1098 0.66 -
scaffold_1:36955423-36966326  -           1555 1506at71240          -           1203         0 2298.1  26.5   4   4  6.2e-225  3.8e-223  742.6   0.0   811  1203  1112  1555  1100  1555 0.93 -
scaffold_6:29799531-29789752  -           1673 1506at71240          -           1203   1.1e-10   38.8   1.2   1   4   0.00063     0.039   10.6   0.0   122   163   273   316   227   329 0.82 -
scaffold_6:29799531-29789752  -           1673 1506at71240          -           1203   1.1e-10   38.8   1.2   2   4   5.9e-06   0.00037   17.3   0.0   218   289   740   808   729   846 0.85 -
scaffold_6:29799531-29789752  -           1673 1506at71240          -           1203   1.1e-10   38.8   1.2   3   4       1.2        73   -0.3   0.0   824   870  1312  1362  1306  1399 0.67 -
scaffold_6:29799531-29789752  -           1673 1506at71240          -           1203   1.1e-10   38.8   1.2   4   4      0.03       1.9    5.0   0.0   829   871  1539  1580  1522  1593 0.89 -
scaffold_6:32758241-32760981  -            678 1506at71240          -           1203   1.5e-10   38.4   0.0   1   1     4e-12   2.4e-10   37.7   0.0    37   165   174   305   163   317 0.88 -
scaffold_5:2080711-2091202    -            494 1506at71240          -           1203     7e-10   36.2   1.8   1   2   1.8e-06   0.00011   19.0   0.1   847   916   202   273   192   276 0.92 -
scaffold_5:2080711-2091202    -            494 1506at71240          -           1203     7e-10   36.2   1.8   2   2   1.3e-05   0.00079   16.2   0.1   828   872   318   362   294   408 0.82 -
scaffold_4:8899051-8890464    -            504 1506at71240          -           1203     2e-09   34.7   0.0   1   2     1e-10   6.3e-09   33.1   0.0    50   165   176   294   156   301 0.88 -
scaffold_4:8899051-8890464    -            504 1506at71240          -           1203     2e-09   34.7   0.0   2   2       2.7   1.6e+02   -1.4   0.0   217   236   331   349   326   353 0.83 -
scaffold_1:11749722-11753367  -            355 1506at71240          -           1203   2.9e-09   34.2   0.0   1   2   3.5e-09   2.2e-07   28.0   0.0    50   165    66   184    41   197 0.81 -
scaffold_1:11749722-11753367  -            355 1506at71240          -           1203   2.9e-09   34.2   0.0   2   2     0.051       3.1    4.3   0.0   216   237   220   240   213   275 0.80 -
scaffold_5:5829618-5825006    -            650 1506at71240          -           1203   3.6e-09   33.9   0.0   1   1   9.3e-11   5.7e-09   33.2   0.0    40   167   151   283   138   288 0.83 -
scaffold_6:19334322-19331941  -            450 1506at71240          -           1203   4.9e-09   33.4   0.0   1   1   2.8e-10   1.7e-08   31.6   0.0    50   235   160   332   129   344 0.79 -
scaffold_7:29324058-29323444  -            205 1506at71240          -           1203   1.2e-08   32.1   0.0   1   1   2.3e-10   1.4e-08   31.9   0.0    86   166    66   145    16   148 0.88 -
scaffold_7:3791885-3797853    -            698 1506at71240          -           1203   4.1e-08   30.4   0.0   1   1   1.2e-09   7.6e-08   29.5   0.0    51   166   149   269   128   276 0.83 -
scaffold_6:30542136-30542831  -            210 1506at71240          -           1203   5.2e-08   30.0   0.0   1   2   1.5e-09   9.4e-08   29.2   0.0    50   165    22   145     4   163 0.80 -
scaffold_6:30542136-30542831  -            210 1506at71240          -           1203   5.2e-08   30.0   0.0   2   2       6.4     4e+02   -2.7   0.0   218   232   184   198   177   203 0.84 -
scaffold_11:3772021-3764598   -            715 1506at71240          -           1203   8.3e-08   29.4   0.0   1   1   2.5e-09   1.5e-07   28.5   0.0    51   167   159   280   138   289 0.83 -
scaffold_2:27355908-27357551  -            306 1506at71240          -           1203   1.1e-07   28.9   9.6   1   4     0.006      0.37    7.3   0.1   835   871    16    52    10    54 0.90 -
scaffold_2:27355908-27357551  -            306 1506at71240          -           1203   1.1e-07   28.9   9.6   2   4   1.4e-06   8.8e-05   19.3   0.5   831   913    54   131    51   138 0.75 -
scaffold_2:27355908-27357551  -            306 1506at71240          -           1203   1.1e-07   28.9   9.6   3   4     0.039       2.4    4.7   0.1   834   868   142   176   123   180 0.82 -
scaffold_2:27355908-27357551  -            306 1506at71240          -           1203   1.1e-07   28.9   9.6   4   4      0.39        24    1.3   0.0   971  1004   234   267   191   288 0.73 -
scaffold_3:30264261-30263608  -            218 1506at71240          -           1203     2e-07   28.1   0.0   1   1   3.7e-09   2.2e-07   27.9   0.0    33   165     7   143     2   177 0.79 -
scaffold_3:30242517-30243194  -            226 1506at71240          -           1203   2.8e-07   27.6   0.1   1   1   4.5e-09   2.8e-07   27.6   0.1    33   165    10   146     4   214 0.79 -
scaffold_1:15345276-15345809  -            178 1506at71240          -           1203   3.1e-07   27.4   1.6   1   3    0.0016     0.096    9.3   0.0   831   868     4    41     1    47 0.88 -
scaffold_1:15345276-15345809  -            178 1506at71240          -           1203   3.1e-07   27.4   1.6   2   3       1.7     1e+02   -0.8   0.0   850   868    69    87    53    93 0.78 -
scaffold_1:15345276-15345809  -            178 1506at71240          -           1203   3.1e-07   27.4   1.6   3   3   9.4e-06   0.00058   16.6   0.1   963  1043    91   173    84   177 0.89 -
scaffold_8:16634636-16630256  -            270 1506at71240          -           1203   4.2e-07   27.0   0.0   1   2     2e-06   0.00012   18.8   0.0    75   165    49   140    33   152 0.81 -
scaffold_8:16634636-16630256  -            270 1506at71240          -           1203   4.2e-07   27.0   0.0   2   2     0.012      0.74    6.3   0.0   214   242   174   205   166   228 0.80 -
scaffold_10:3954529-3951120   -            534 1506at71240          -           1203   7.1e-07   26.3   0.0   1   2   3.9e-08   2.4e-06   24.5   0.0    50   164   179   296   158   304 0.82 -
scaffold_10:3954529-3951120   -            534 1506at71240          -           1203   7.1e-07   26.3   0.0   2   2       2.3   1.4e+02   -1.2   0.0   217   237   334   353   329   370 0.85 -
scaffold_4:9079840-9080661    -            274 1506at71240          -           1203   7.8e-07   26.1   0.0   1   1   1.7e-08     1e-06   25.7   0.0    33   284    21   261    12   266 0.69 -
scaffold_2:37926121-37931305  -            412 1506at71240          -           1203   1.1e-06   25.6   0.0   1   2   3.8e-08   2.3e-06   24.6   0.0    52   167    92   212    72   221 0.82 -
scaffold_2:37926121-37931305  -            412 1506at71240          -           1203   1.1e-06   25.6   0.0   2   2       8.2     5e+02   -3.1   0.0   218   237   246   264   244   274 0.83 -
scaffold_12:13069937-13069464 -            158 1506at71240          -           1203   1.6e-06   25.1   0.0   1   1   2.7e-08   1.6e-06   25.1   0.0    29   165     7   152     3   158 0.70 -
scaffold_2:14411128-14411634  -            169 1506at71240          -           1203   1.6e-06   25.1   1.5   1   2    0.0075      0.46    7.0   0.0   838   868     2    32     1    38 0.82 -
scaffold_2:14411128-14411634  -            169 1506at71240          -           1203   1.6e-06   25.1   1.5   2   2   7.7e-06   0.00047   16.9   0.3   963  1043    82   164    64   168 0.89 -
scaffold_9:2750920-2750276    -            215 1506at71240          -           1203   2.8e-06   24.3   0.1   1   2   1.9e-06   0.00012   18.9   0.0   834   916    21   102     7   112 0.84 -
scaffold_9:2750920-2750276    -            215 1506at71240          -           1203   2.8e-06   24.3   0.1   2   2     0.064         4    3.9   0.1   834   868   114   146   102   208 0.84 -
scaffold_1:36353453-36356767  -            484 1506at71240          -           1203   3.1e-06   24.2   0.0   1   1   9.3e-08   5.7e-06   23.3   0.0    50   165    62   180    42   193 0.81 -
scaffold_10:10952290-10951820 -            157 1506at71240          -           1203   3.2e-06   24.1   0.0   1   1   5.6e-08   3.4e-06   24.0   0.0    28   155     4   137     1   150 0.82 -
scaffold_4:10299439-10300122  -            228 1506at71240          -           1203   3.4e-06   24.0   0.0   1   1   5.6e-08   3.4e-06   24.0   0.0    70   167     3   100     1   207 0.73 -
scaffold_4:35560581-35559772  -            270 1506at71240          -           1203   3.8e-06   23.8   0.1   1   1   7.2e-08   4.4e-06   23.6   0.1    33   165    23   159    15   200 0.81 -
scaffold_11:667425-666850     -            192 1506at71240          -           1203   4.2e-06   23.7   0.0   1   1   8.3e-08   5.1e-06   23.4   0.0    79   166    55   143    34   149 0.88 -
scaffold_3:8205517-8206125    -            203 1506at71240          -           1203   4.2e-06   23.7   0.0   1   1   7.6e-08   4.7e-06   23.6   0.0    66   166    44   144     4   184 0.74 -
scaffold_8:20871232-20870477  -            252 1506at71240          -           1203   4.6e-06   23.6   0.0   1   1   7.5e-08   4.6e-06   23.6   0.0    67   208    39   176     1   246 0.76 -
scaffold_5:13630297-13629833  -            155 1506at71240          -           1203   6.6e-06   23.0   0.0   1   1   1.2e-07   7.2e-06   22.9   0.0    30   156     4   136     1   148 0.80 -
scaffold_11:2217809-2218687   -            293 1506at71240          -           1203   7.1e-06   23.0   0.0   1   1   1.2e-07   7.1e-06   23.0   0.0    25   204    15   198     8   285 0.83 -
scaffold_2:21484741-21488972  -            417 1506at71240          -           1203   7.9e-06   22.8   0.0   1   2   2.8e-07   1.7e-05   21.7   0.0    52   165    64   180    47   193 0.79 -
scaffold_2:21484741-21488972  -            417 1506at71240          -           1203   7.9e-06   22.8   0.0   2   2       6.6   4.1e+02   -2.8   0.0   218   237   218   236   213   246 0.83 -
scaffold_6:18911169-18912050  -            294 1506at71240          -           1203   8.3e-06   22.7   0.0   1   3     0.003      0.18    8.3   0.0   835   869    44    78    28    85 0.89 -
scaffold_6:18911169-18912050  -            294 1506at71240          -           1203   8.3e-06   22.7   0.0   2   3    0.0051      0.32    7.6   0.0   832   870    83   122    78   138 0.83 -
scaffold_6:18911169-18912050  -            294 1506at71240          -           1203   8.3e-06   22.7   0.0   3   3     0.081         5    3.6   0.0   832   872   167   207   136   259 0.68 -
scaffold_6:20831224-20830241  -            328 1506at71240          -           1203   9.2e-06   22.6   0.0   1   1   1.7e-07   1.1e-05   22.4   0.0    67   174    50   161     6   182 0.83 -
scaffold_10:4451027-4452004   -            326 1506at71240          -           1203   9.6e-06   22.5   0.1   1   1   1.8e-07   1.1e-05   22.3   0.1    65   174    48   161     5   195 0.81 -
scaffold_6:24940817-24942619  -            288 1506at71240          -           1203   1.1e-05   22.4   0.9   1   1   5.9e-07   3.6e-05   20.6   0.9    40   169    18   152     8   243 0.76 -
scaffold_7:27579757-27574341  -            318 1506at71240          -           1203   1.1e-05   22.3   0.0   1   2   7.3e-06   0.00045   17.0   0.0    75   165    99   188    90   200 0.76 -
scaffold_7:27579757-27574341  -            318 1506at71240          -           1203   1.1e-05   22.3   0.0   2   2     0.096       5.9    3.3   0.0   214   238   222   245   216   259 0.84 -
scaffold_2:22105498-22104560  -            313 1506at71240          -           1203   1.3e-05   22.0   0.1   1   1     2e-06   0.00012   18.9   0.1    71   238    50   202    23   212 0.72 -
scaffold_1:37554635-37556453  -            289 1506at71240          -           1203   1.8e-05   21.6   0.0   1   2     6e-07   3.7e-05   20.6   0.0    79   168    66   155    41   163 0.75 -
scaffold_1:37554635-37556453  -            289 1506at71240          -           1203   1.8e-05   21.6   0.0   2   2         6   3.7e+02   -2.6   0.0   218   238   179   198   172   202 0.79 -
scaffold_6:22221793-22224744  -            272 1506at71240          -           1203   1.9e-05   21.6   6.4   1   4       4.7   2.9e+02   -2.3   0.0   841   876     3    38     1    47 0.88 -
scaffold_6:22221793-22224744  -            272 1506at71240          -           1203   1.9e-05   21.6   6.4   2   4   6.7e-06   0.00041   17.1   1.3   836   914    49   121    18   123 0.77 -
scaffold_6:22221793-22224744  -            272 1506at71240          -           1203   1.9e-05   21.6   6.4   3   4      0.84        52    0.2   0.0   835   868   132   165   124   176 0.84 -
scaffold_6:22221793-22224744  -            272 1506at71240          -           1203   1.9e-05   21.6   6.4   4   4      0.86        53    0.2   0.0   975  1002   204   231   182   257 0.65 -
scaffold_2:1634686-1635300    -            205 1506at71240          -           1203     2e-05   21.5   2.5   1   2      0.14       8.9    2.8   0.1   834   867    37    69    21    75 0.77 -
scaffold_2:1634686-1635300    -            205 1506at71240          -           1203     2e-05   21.5   2.5   2   2   1.7e-06    0.0001   19.1   0.2   827   915    75   159    69   201 0.82 -
scaffold_18:586183-575777     -           1352 1506at71240          -           1203   2.6e-05   21.1   0.1   1   2   1.6e-06   9.7e-05   19.2   0.0    29   165     8   146     3   153 0.91 -
scaffold_18:586183-575777     -           1352 1506at71240          -           1203   2.6e-05   21.1   0.1   2   2       2.7   1.7e+02   -1.5   0.0   647   724   475   554   453   560 0.68 -
scaffold_9:24094688-24105120  -           1352 1506at71240          -           1203   2.6e-05   21.1   0.1   1   2   1.6e-06   9.7e-05   19.2   0.0    29   165     8   146     3   153 0.91 -
scaffold_9:24094688-24105120  -           1352 1506at71240          -           1203   2.6e-05   21.1   0.1   2   2       2.9   1.8e+02   -1.5   0.0   647   724   475   554   454   558 0.68 -
scaffold_2:4979178-4980059    -            294 1506at71240          -           1203   2.8e-05   21.0  10.9   1   5       0.7        43    0.5   0.0   833   874     2    41     1    46 0.79 -
scaffold_2:4979178-4980059    -            294 1506at71240          -           1203   2.8e-05   21.0  10.9   2   5       0.1       6.2    3.3   0.1   839   881    60   100    54   124 0.78 -
scaffold_2:4979178-4980059    -            294 1506at71240          -           1203   2.8e-05   21.0  10.9   3   5    0.0029      0.18    8.4   0.3   837   869   132   164   110   174 0.88 -
scaffold_2:4979178-4980059    -            294 1506at71240          -           1203   2.8e-05   21.0  10.9   4   5   0.00049      0.03   10.9   0.3   837   914   175   249   168   254 0.77 -
scaffold_2:4979178-4980059    -            294 1506at71240          -           1203   2.8e-05   21.0  10.9   5   5    0.0023      0.14    8.7   0.2   829   875   212   257   203   292 0.79 -
scaffold_6:7314562-7294960    -            661 1506at71240          -           1203   4.3e-05   20.4   0.2   1   1     1e-06   6.4e-05   19.8   0.2    34   165   410   546   398   551 0.79 -
scaffold_8:21272866-21273318  -            151 1506at71240          -           1203   4.4e-05   20.3   0.0   1   1   8.8e-07   5.4e-05   20.0   0.0    32   154     7   135     2   142 0.85 -
scaffold_2:1378904-1376988    -            298 1506at71240          -           1203   4.8e-05   20.2   0.1   1   1     5e-06   0.00031   17.5   0.1    96   169    89   163    60   289 0.71 -
scaffold_4:3548416-3554754    -            939 1506at71240          -           1203   4.8e-05   20.2   4.3   1   6       1.4        85   -0.5   0.0   833   868   100   135    91   147 0.89 -
scaffold_4:3548416-3554754    -            939 1506at71240          -           1203   4.8e-05   20.2   4.3   2   6   0.00011    0.0067   13.1   0.0   831   916   393   469   385   475 0.82 -
scaffold_4:3548416-3554754    -            939 1506at71240          -           1203   4.8e-05   20.2   4.3   3   6      0.24        15    2.0   0.0   970  1007   480   515   470   535 0.72 -
scaffold_4:3548416-3554754    -            939 1506at71240          -           1203   4.8e-05   20.2   4.3   4   6      0.94        58    0.1   0.0   835   915   573   605   504   612 0.56 -
scaffold_4:3548416-3554754    -            939 1506at71240          -           1203   4.8e-05   20.2   4.3   5   6       1.7   1.1e+02   -0.8   0.0   836   867   574   605   568   630 0.86 -
scaffold_4:3548416-3554754    -            939 1506at71240          -           1203   4.8e-05   20.2   4.3   6   6       1.3        79   -0.4   0.0   832   868   654   690   644   694 0.86 -
scaffold_2:14132033-14131239  -            265 1506at71240          -           1203     5e-05   20.1   0.0   1   1   9.6e-07   5.9e-05   19.9   0.0    49   201    28   175     4   216 0.71 -
scaffold_1:29467734-29469717  -            280 1506at71240          -           1203   5.2e-05   20.1   0.1   1   1   4.3e-06   0.00027   17.7   0.1    96   167    78   150    39   219 0.80 -
scaffold_3:38932883-38934973  -            216 1506at71240          -           1203   5.8e-05   19.9   0.1   1   1   1.3e-06   7.7e-05   19.5   0.1    32   154    10   138     4   148 0.85 -
scaffold_8:15109800-15109141  -            220 1506at71240          -           1203   5.9e-05   19.9   0.0   1   1   9.7e-07   5.9e-05   19.9   0.0    68   165     9   106     3   210 0.80 -
scaffold_1:2684960-2684286    -            225 1506at71240          -           1203   6.4e-05   19.8   4.0   1   2     0.017         1    5.9   0.3   837   869   107   139   100   148 0.88 -
scaffold_1:2684960-2684286    -            225 1506at71240          -           1203   6.4e-05   19.8   4.0   2   2   3.5e-05    0.0022   14.7   0.2   837   913   150   223   142   225 0.85 -
scaffold_10:3979700-3980512   -            271 1506at71240          -           1203   6.8e-05   19.7   0.0   1   1   1.6e-06   9.9e-05   19.2   0.0   128   165   104   141    96   146 0.91 -
scaffold_10:13944626-13957239 -           1353 1506at71240          -           1203   7.8e-05   19.5   0.1   1   2   4.3e-06   0.00026   17.7   0.0    29   165     8   147     3   154 0.88 -
scaffold_10:13944626-13957239 -           1353 1506at71240          -           1203   7.8e-05   19.5   0.1   2   2       2.8   1.7e+02   -1.5   0.0   647   724   476   555   455   561 0.68 -
scaffold_1:21930588-21930037  -            184 1506at71240          -           1203     8e-05   19.5   0.0   1   1   1.3e-06     8e-05   19.5   0.0    79   165    69   159     8   173 0.76 -
scaffold_9:8425189-8426055    -            289 1506at71240          -           1203   8.6e-05   19.4   0.0   1   1   2.3e-06   0.00014   18.7   0.0    34   284     2   242     1   249 0.60 -
scaffold_16:3274097-3292135   -           1319 1506at71240          -           1203   9.3e-05   19.3   0.1   1   2   5.6e-06   0.00034   17.4   0.0    30   165     9   147     3   153 0.89 -
scaffold_16:3274097-3292135   -           1319 1506at71240          -           1203   9.3e-05   19.3   0.1   2   2       2.7   1.6e+02   -1.4   0.0   647   724   447   526   425   532 0.68 -
scaffold_12:435219-424792     -           1351 1506at71240          -           1203   9.5e-05   19.2   0.2   1   2   7.8e-06   0.00048   16.9   0.0    30   165     9   147     3   154 0.89 -
scaffold_12:435219-424792     -           1351 1506at71240          -           1203   9.5e-05   19.2   0.2   2   2       1.4        86   -0.5   0.0   643   724   472   555   434   564 0.68 -
scaffold_8:2390530-2391492    -            321 1506at71240          -           1203   9.9e-05   19.2   2.3   1   4         3   1.8e+02   -1.6   0.0   833   869     2    36     1    47 0.80 -
scaffold_8:2390530-2391492    -            321 1506at71240          -           1203   9.9e-05   19.2   2.3   2   4       3.7   2.3e+02   -1.9   0.0  1092  1114    57    79    44    87 0.78 -
scaffold_8:2390530-2391492    -            321 1506at71240          -           1203   9.9e-05   19.2   2.3   3   4   3.6e-05    0.0022   14.7   0.1   814   914   126   224   103   233 0.76 -
scaffold_8:2390530-2391492    -            321 1506at71240          -           1203   9.9e-05   19.2   2.3   4   4      0.17        11    2.5   0.0   834   903   239   304   230   308 0.64 -
scaffold_4:26239784-26239368  -            139 1506at71240          -           1203   0.00011   19.0   0.0   1   1   1.9e-06   0.00012   18.9   0.0   112   185    21   105    10   127 0.74 -
scaffold_6:24092044-24091052  -            331 1506at71240          -           1203   0.00014   18.6   3.5   1   2    0.0074      0.46    7.0   0.4   836   869   118   154    82   161 0.73 -
scaffold_6:24092044-24091052  -            331 1506at71240          -           1203   0.00014   18.6   3.5   2   2   0.00022     0.014   12.1   0.1   837   914   161   237   153   247 0.79 -
scaffold_8:27103668-27071899  -            264 1506at71240          -           1203   0.00018   18.3   0.0   1   1   5.5e-06   0.00034   17.4   0.0   127   292    45   195    38   208 0.79 -
scaffold_4:9096312-9096944    -            211 1506at71240          -           1203   0.00019   18.3   0.0   1   1   3.3e-06   0.00021   18.1   0.0    29   164     8   148     3   184 0.77 -
scaffold_611:9695-9063        -            211 1506at71240          -           1203   0.00019   18.3   0.0   1   1   3.3e-06   0.00021   18.1   0.0    29   164     8   148     3   184 0.77 -
scaffold_1:28969026-28968367  -            220 1506at71240          -           1203    0.0002   18.2   6.2   1   3     0.057       3.5    4.1   0.4   834   867    37    69    19    75 0.82 -
scaffold_1:28969026-28968367  -            220 1506at71240          -           1203    0.0002   18.2   6.2   2   3   2.4e-05    0.0015   15.3   0.1   828   869    76   117    71   159 0.83 -
scaffold_1:28969026-28968367  -            220 1506at71240          -           1203    0.0002   18.2   6.2   3   3      0.95        59    0.0   0.0   838   867   179   210   162   216 0.72 -
scaffold_2:22477210-22477947  -            246 1506at71240          -           1203   0.00022   18.0   0.3   1   3       1.9   1.1e+02   -0.9   0.1  1172  1203    11    42     4    42 0.77 -
scaffold_2:22477210-22477947  -            246 1506at71240          -           1203   0.00022   18.0   0.3   2   3      0.43        26    1.2   0.1   836   866   125   154   119   157 0.81 -
scaffold_2:22477210-22477947  -            246 1506at71240          -           1203   0.00022   18.0   0.3   3   3   3.6e-06   0.00022   18.0   0.3   826   882   164   218   157   246 0.76 -
scaffold_7:24608051-24607401  -            217 1506at71240          -           1203   0.00038   17.2   1.7   1   2    0.0054      0.33    7.5   0.5   838   867     1    30     1    42 0.87 -
scaffold_7:24608051-24607401  -            217 1506at71240          -           1203   0.00038   17.2   1.7   2   2    0.0015     0.092    9.3   0.1   836   914    41   118    34   133 0.77 -
scaffold_1:2422665-2423408    -            248 1506at71240          -           1203   0.00043   17.1   0.0   1   1   8.2e-06    0.0005   16.8   0.0    30   165     9   148     4   188 0.73 -
scaffold_8:10693358-10692342  -            339 1506at71240          -           1203   0.00051   16.8   0.0   1   1   1.3e-05   0.00077   16.2   0.0   105   165    88   147    86   166 0.87 -
scaffold_8:13326205-13327334  -            110 1506at71240          -           1203   0.00054   16.7   0.0   1   2   7.1e-05    0.0044   13.7   0.0   126   173     5    53     2    57 0.86 -
scaffold_8:13326205-13327334  -            110 1506at71240          -           1203   0.00054   16.7   0.0   2   2       0.5        31    1.0   0.0   218   238    77    96    68   105 0.83 -
scaffold_10:11428763-11424031 -            382 1506at71240          -           1203    0.0006   16.6   0.5   1   3    0.0023      0.14    8.7   0.0   832   917    10    93     2   107 0.87 -
scaffold_10:11428763-11424031 -            382 1506at71240          -           1203    0.0006   16.6   0.5   2   3       9.7     6e+02   -3.3   0.0   844   875   167   198   155   230 0.70 -
scaffold_10:11428763-11424031 -            382 1506at71240          -           1203    0.0006   16.6   0.5   3   3     0.022       1.3    5.5   0.0   836   867   346   376   325   378 0.88 -
scaffold_8:2326835-2326419    -            139 1506at71240          -           1203   0.00062   16.5   0.0   1   1   1.1e-05   0.00065   16.5   0.0   112   167    21    84    11   126 0.69 -
scaffold_8:13325163-13344596  -            198 1506at71240          -           1203   0.00065   16.5   0.0   1   1   1.8e-05    0.0011   15.7   0.0   121   174    64   118    58   174 0.75 -
scaffold_1:1314567-1321458    -            928 1506at71240          -           1203   0.00073   16.3   0.0   1   1   1.7e-05     0.001   15.8   0.0    24   169   639   791   621   844 0.76 -
scaffold_8:8690255-8691367    -            201 1506at71240          -           1203    0.0008   16.1   0.0   1   1   1.3e-05   0.00082   16.1   0.0   112   200    23   122    14   167 0.70 -
scaffold_6:30834430-30836902  -            281 1506at71240          -           1203   0.00085   16.1   2.0   1   2       1.3        78   -0.4   0.0   835   870    14    49    11    75 0.86 -
scaffold_6:30834430-30836902  -            281 1506at71240          -           1203   0.00085   16.1   2.0   2   2   0.00025     0.015   11.9   2.8   829  1010    91   263    59   270 0.79 -
scaffold_2:2408468-2410228    -            587 1506at71240          -           1203    0.0009   16.0   2.4   1   3         3   1.8e+02   -1.6   0.0   838   868   296   327   277   342 0.59 -
scaffold_2:2408468-2410228    -            587 1506at71240          -           1203    0.0009   16.0   2.4   2   3    0.0076      0.46    7.0   0.0   837   869   339   371   331   388 0.89 -
scaffold_2:2408468-2410228    -            587 1506at71240          -           1203    0.0009   16.0   2.4   3   3     0.005      0.31    7.6   0.1   829   867   417   455   379   458 0.86 -
scaffold_8:2002982-2002323    -            220 1506at71240          -           1203    0.0012   15.6   4.8   1   3      0.43        26    1.2   0.2   832   868     6    43     1    51 0.72 -
scaffold_8:2002982-2002323    -            220 1506at71240          -           1203    0.0012   15.6   4.8   2   3    0.0084      0.52    6.8   0.1   835   870    52    88    43    93 0.76 -
scaffold_8:2002982-2002323    -            220 1506at71240          -           1203    0.0012   15.6   4.8   3   3    0.0024      0.15    8.6   0.1   799   868   100   173    89   187 0.74 -
scaffold_11:1858039-1858746   -            236 1506at71240          -           1203    0.0015   15.3   0.0   1   1   2.8e-05    0.0017   15.1   0.0    34   165     2   138     1   148 0.72 -
scaffold_1:27960643-27958966  -            556 1506at71240          -           1203    0.0016   15.1   2.4   1   3     0.018       1.1    5.8   0.0   837   869   308   340   297   355 0.89 -
scaffold_1:27960643-27958966  -            556 1506at71240          -           1203    0.0016   15.1   2.4   2   3    0.0043      0.27    7.8   0.2   829   867   386   424   361   428 0.88 -
scaffold_1:27960643-27958966  -            556 1506at71240          -           1203    0.0016   15.1   2.4   3   3       8.2     5e+02   -3.1   0.0   970  1004   484   518   456   531 0.72 -
scaffold_6:14697171-14695946  -            278 1506at71240          -           1203    0.0018   15.0   0.0   1   1   3.3e-05     0.002   14.8   0.0    94   226    77   207    37   231 0.66 -
scaffold_1:23983101-23981352  -            331 1506at71240          -           1203    0.0018   15.0   0.4   1   3       6.7   4.1e+02   -2.8   0.0   834   856   114   136   109   147 0.69 -
scaffold_1:23983101-23981352  -            331 1506at71240          -           1203    0.0018   15.0   0.4   2   3    0.0011     0.066    9.8   0.0  1090  1123   208   241   192   261 0.79 -
scaffold_1:23983101-23981352  -            331 1506at71240          -           1203    0.0018   15.0   0.4   3   3      0.15       9.2    2.7   0.1   849   872   261   284   249   307 0.67 -
scaffold_483:6298-5316        -            297 1506at71240          -           1203    0.0019   14.9   0.0   1   1   3.6e-05    0.0022   14.7   0.0   115   168   107   163    45   184 0.74 -
scaffold_11:8834403-8835380   -            326 1506at71240          -           1203    0.0019   14.9   0.0   1   1   3.6e-05    0.0022   14.7   0.0    16   199    33   219    25   279 0.78 -
scaffold_6:17134431-17134742  -            104 1506at71240          -           1203    0.0023   14.6   0.0   1   1   0.00012    0.0072   13.0   0.0   124   238     4   100     2   103 0.73 -
scaffold_6:23434667-23433960  -            236 1506at71240          -           1203    0.0025   14.5   0.0   1   1   6.1e-05    0.0037   13.9   0.0   125   230   135   231   115   236 0.75 -
scaffold_4:10917104-10916493  -            204 1506at71240          -           1203    0.0034   14.1   0.0   1   1     6e-05    0.0037   13.9   0.0   125   155   117   147    57   169 0.76 -
scaffold_8:23535557-23534778  -            260 1506at71240          -           1203    0.0034   14.1   0.0   1   2   0.00036     0.022   11.4   0.0   125   166   103   145    40   152 0.91 -
scaffold_8:23535557-23534778  -            260 1506at71240          -           1203    0.0034   14.1   0.0   2   2       0.6        37    0.7   0.0   214   288   173   247   164   251 0.66 -
scaffold_1:10607252-10602126  -            518 1506at71240          -           1203     0.004   13.9   1.0   1   2      0.26        16    1.9   0.0   835   868   154   187   123   197 0.78 -
scaffold_1:10607252-10602126  -            518 1506at71240          -           1203     0.004   13.9   1.0   2   2    0.0011     0.067    9.8   0.2   837   928   217   310   199   391 0.76 -
scaffold_1:3590344-3592828    -            203 1506at71240          -           1203     0.004   13.8   0.0   1   1   0.00011    0.0067   13.1   0.0   119   165    25    71    17    81 0.88 -
scaffold_11:9897483-9894495   -            236 1506at71240          -           1203    0.0045   13.7   0.2   1   2   0.00027     0.017   11.8   0.1   832   893    33    98    16   114 0.75 -
scaffold_11:9897483-9894495   -            236 1506at71240          -           1203    0.0045   13.7   0.2   2   2       1.2        72   -0.3   0.0   827   868   193   234   165   236 0.85 -
scaffold_11:1155716-1161855   -            660 1506at71240          -           1203    0.0049   13.5   0.0   1   1   0.00016    0.0099   12.5   0.0    12   165    17   169    10   178 0.74 -
scaffold_5:17332408-17325356  -            435 1506at71240          -           1203    0.0055   13.4   2.9   1   4       1.5        95   -0.6   0.1  1166  1202    35    71    17    75 0.74 -
scaffold_5:17332408-17325356  -            435 1506at71240          -           1203    0.0055   13.4   2.9   2   4     0.067       4.1    3.9   0.0   833   878    97   143    86   183 0.79 -
scaffold_5:17332408-17325356  -            435 1506at71240          -           1203    0.0055   13.4   2.9   3   4      0.97        59    0.0   0.0  1164  1202   180   218   169   219 0.84 -
scaffold_5:17332408-17325356  -            435 1506at71240          -           1203    0.0055   13.4   2.9   4   4    0.0098       0.6    6.6   0.0   837   905   310   376   279   394 0.82 -
scaffold_4:10605449-10607642  -            366 1506at71240          -           1203    0.0055   13.4   0.0   1   1   0.00011    0.0069   13.1   0.0   123   167   175   219   126   236 0.77 -
scaffold_10:12433403-12434314 -            304 1506at71240          -           1203    0.0056   13.4   3.4   1   3      0.88        54    0.2   0.0  1084  1112    26    54    19    72 0.79 -
scaffold_10:12433403-12434314 -            304 1506at71240          -           1203    0.0056   13.4   3.4   2   3      0.12       7.6    3.0   0.2   837   872    94   132    89   134 0.85 -
scaffold_10:12433403-12434314 -            304 1506at71240          -           1203    0.0056   13.4   3.4   3   3     0.002      0.12    8.9   0.1   836   914   135   211   130   225 0.73 -
scaffold_10:4316917-4317573   -            219 1506at71240          -           1203    0.0056   13.4   1.3   1   3      0.94        57    0.1   0.1   838   880     6    48     3    89 0.64 -
scaffold_10:4316917-4317573   -            219 1506at71240          -           1203    0.0056   13.4   1.3   2   3      0.17        10    2.5   0.1   837   867    62    92    57   106 0.78 -
scaffold_10:4316917-4317573   -            219 1506at71240          -           1203    0.0056   13.4   1.3   3   3    0.0023      0.14    8.7   0.1   833   870   150   187   132   205 0.88 -
scaffold_7:9330853-9338593    -            783 1506at71240          -           1203    0.0057   13.3   0.9   1   4     0.045       2.7    4.4   0.0   821   867    97   143    71   154 0.79 -
scaffold_7:9330853-9338593    -            783 1506at71240          -           1203    0.0057   13.3   0.9   2   4       5.5   3.4e+02   -2.5   0.0  1186  1203   235   252   226   252 0.87 -
scaffold_7:9330853-9338593    -            783 1506at71240          -           1203    0.0057   13.3   0.9   3   4     0.019       1.1    5.7   0.0   825   914   395   486   384   557 0.82 -
scaffold_7:9330853-9338593    -            783 1506at71240          -           1203    0.0057   13.3   0.9   4   4       5.3   3.3e+02   -2.4   0.0   854   915   653   716   632   731 0.63 -
scaffold_2:5128001-5127288    -            238 1506at71240          -           1203    0.0059   13.3   0.0   1   1   9.6e-05    0.0059   13.3   0.0   127   165   109   147     8   183 0.88 -
scaffold_1:34251901-34256122  -           1054 1506at71240          -           1203    0.0063   13.2   0.0   1   1   0.00015    0.0089   12.7   0.0    30   154   777   910   765   923 0.86 -
scaffold_6:12910058-12909088  -            289 1506at71240          -           1203    0.0064   13.2   0.1   1   1   0.00014    0.0087   12.7   0.1    46   165    34   158    18   172 0.76 -
scaffold_2:16249303-16250067  -            255 1506at71240          -           1203    0.0067   13.1   0.0   1   1   0.00013    0.0079   12.9   0.0   123   165    21    63     9   104 0.88 -
scaffold_1:33062603-33073292  -            904 1506at71240          -           1203    0.0067   13.1   1.7   1   3    0.0094      0.58    6.7   0.0   949  1057   150   272   143   285 0.81 -
scaffold_1:33062603-33073292  -            904 1506at71240          -           1203    0.0067   13.1   1.7   2   3       1.3        79   -0.4   0.1   838   869   473   504   462   546 0.77 -
scaffold_1:33062603-33073292  -            904 1506at71240          -           1203    0.0067   13.1   1.7   3   3     0.071       4.3    3.8   0.0   832   868   550   586   546   605 0.89 -
scaffold_2:15984231-15979186  -           1056 1506at71240          -           1203    0.0077   12.9   0.0   1   1   0.00018     0.011   12.4   0.0    30   154   785   913   776   926 0.92 -
scaffold_4:425419-426210      -            264 1506at71240          -           1203    0.0077   12.9   0.0   1   1   0.00013     0.008   12.9   0.0   125   168   104   147    95   258 0.84 -
scaffold_1:35224385-35225218  -            278 1506at71240          -           1203     0.008   12.8   8.6   1   3      0.55        34    0.8   0.1   829   868    27    66    18    73 0.87 -
scaffold_1:35224385-35225218  -            278 1506at71240          -           1203     0.008   12.8   8.6   2   3    0.0067      0.41    7.2   0.3   835   887    75   133    67   147 0.65 -
scaffold_1:35224385-35225218  -            278 1506at71240          -           1203     0.008   12.8   8.6   3   3    0.0025      0.15    8.6   0.3   829   917   153   239   146   248 0.85 -
scaffold_5:14432457-14432972  -            172 1506at71240          -           1203    0.0083   12.8   2.5   1   2     0.021       1.3    5.6   0.3   841   868    37    64    25    71 0.79 -
scaffold_5:14432457-14432972  -            172 1506at71240          -           1203    0.0083   12.8   2.5   2   2    0.0039      0.24    7.9   0.2   825   874    64   112    63   125 0.82 -
scaffold_2:9358719-9354433    -            624 1506at71240          -           1203    0.0087   12.7   0.0   1   1   0.00019     0.012   12.3   0.0    30   165   361   497   346   531 0.76 -
scaffold_13:9074424-9073948   -            159 1506at71240          -           1203    0.0094   12.6   0.0   1   1   0.00017     0.011   12.4   0.0    33   157    11   141     4   155 0.74 -
scaffold_4:25422357-25414657  -            461 1506at71240          -           1203     0.011   12.4   0.7   1   2   0.00037     0.023   11.3   0.2   832   911   186   269   171   289 0.80 -
scaffold_4:25422357-25414657  -            461 1506at71240          -           1203     0.011   12.4   0.7   2   2       3.1   1.9e+02   -1.7   0.0   826   868   415   457   393   460 0.79 -
scaffold_13:3012283-3013119   -            279 1506at71240          -           1203     0.012   12.3   0.0   1   1   0.00028     0.017   11.7   0.0   130   181   118   167   108   176 0.83 -
scaffold_95:188988-191004     -            277 1506at71240          -           1203     0.012   12.2   0.0   1   1   0.00036     0.022   11.4   0.0   123   156   116   148    96   273 0.87 -
scaffold_5:19610052-19621384  -            758 1506at71240          -           1203     0.012   12.2   0.2   1   1   0.00037     0.023   11.3   0.0   835   920    46   128    31   183 0.77 -
scaffold_10:6528852-6526079   -            514 1506at71240          -           1203     0.013   12.2   0.6   1   4       1.1        68   -0.2   0.1   834   868   216   250   210   269 0.87 -
scaffold_10:6528852-6526079   -            514 1506at71240          -           1203     0.013   12.2   0.6   2   4       7.4   4.5e+02   -2.9   0.0  1092  1112   274   295   241   303 0.76 -
scaffold_10:6528852-6526079   -            514 1506at71240          -           1203     0.013   12.2   0.6   3   4       0.5        31    1.0   0.0   846   867   442   463   416   466 0.71 -
scaffold_10:6528852-6526079   -            514 1506at71240          -           1203     0.013   12.2   0.6   4   4    0.0037      0.23    8.0   0.0   825   871   463   510   448   513 0.83 -
scaffold_3:25018912-25019748  -            279 1506at71240          -           1203     0.015   12.0   0.0   1   1    0.0003     0.019   11.6   0.0   129   197   104   172    93   197 0.83 -
scaffold_1:11229432-11241506  -            469 1506at71240          -           1203     0.015   11.9   0.9   1   3      0.73        45    0.4   0.0   833   872   120   159   115   163 0.91 -
scaffold_1:11229432-11241506  -            469 1506at71240          -           1203     0.015   11.9   0.9   2   3     0.028       1.7    5.1   0.1   831  1000   176   334   162   345 0.75 -
scaffold_1:11229432-11241506  -            469 1506at71240          -           1203     0.015   11.9   0.9   3   3      0.15       9.5    2.7   0.0   847   867   358   378   341   389 0.63 -
scaffold_95:235361-237662     -            286 1506at71240          -           1203     0.016   11.9   0.0   1   1   0.00031     0.019   11.6   0.0    46   155    41   153     8   175 0.74 -
scaffold_2:22456045-22455158  -            296 1506at71240          -           1203     0.017   11.8   8.3   1   3     0.081         5    3.6   2.5  1161  1202    84   125    11   126 0.58 -
scaffold_2:22456045-22455158  -            296 1506at71240          -           1203     0.017   11.8   8.3   2   3    0.0035      0.21    8.1   1.1   834   892    92   155    73   170 0.69 -
scaffold_2:22456045-22455158  -            296 1506at71240          -           1203     0.017   11.8   8.3   3   3     0.017       1.1    5.8   0.3   829   917   171   257   166   265 0.85 -
scaffold_8:23258397-23264118  -            887 1506at71240          -           1203      0.02   11.5   0.4   1   2     0.077       4.7    3.7   0.0   832   867   370   405   360   409 0.85 -
scaffold_8:23258397-23264118  -            887 1506at71240          -           1203      0.02   11.5   0.4   2   2     0.018       1.1    5.7   0.1   833   931   413   502   407   575 0.74 -
scaffold_12:8483495-8484235   -            247 1506at71240          -           1203     0.022   11.4   0.0   1   1   0.00051     0.032   10.9   0.0   125   163    96   133    16   146 0.82 -
scaffold_4:10686357-10684139  -            580 1506at71240          -           1203     0.024   11.2   0.0   1   1   0.00053     0.033   10.8   0.0    30   164   315   453   291   466 0.79 -
scaffold_95:130827-130442     -            104 1506at71240          -           1203     0.028   11.0   0.5   1   2      0.91        56    0.1   0.0   844   868     2    26     1    28 0.88 -
scaffold_95:130827-130442     -            104 1506at71240          -           1203     0.028   11.0   0.5   2   2   0.00084     0.051   10.2   0.5   827   868    27    68     8    92 0.87 -
scaffold_10:11676768-11676211 -            186 1506at71240          -           1203     0.029   11.0   0.1   1   1    0.0032       0.2    8.2   0.1   126   230     7    95     2   114 0.65 -
scaffold_1:38426645-38427430  -            262 1506at71240          -           1203      0.03   11.0   0.0   1   1   0.00061     0.037   10.6   0.0   124   173     3    53     1    56 0.88 -
scaffold_3:34517729-34517338  -            105 1506at71240          -           1203     0.032   10.8   0.6   1   2      0.86        53    0.2   0.0   844   868     2    26     1    29 0.88 -
scaffold_3:34517729-34517338  -            105 1506at71240          -           1203     0.032   10.8   0.6   2   2    0.0011     0.067    9.8   0.5   827   868    27    68     8    80 0.88 -
scaffold_8:21117335-21119053  -            573 1506at71240          -           1203     0.033   10.8   0.0   1   1   0.00075     0.046   10.3   0.0    58   165   330   443   301   456 0.76 -
scaffold_3:32949915-32949619  -             99 1506at71240          -           1203      0.04   10.5   0.1   1   1    0.0011     0.069    9.8   0.1   127   170     2    45     1    96 0.77 -
scaffold_5:8218250-8217521    -            167 1506at71240          -           1203      0.04   10.5   0.1   1   3       3.7   2.3e+02   -1.9   0.0    51    88    22    59    10    82 0.72 -
scaffold_5:8218250-8217521    -            167 1506at71240          -           1203      0.04   10.5   0.1   2   3     0.032         2    4.9   0.0   138   165    81   108    60   120 0.87 -
scaffold_5:8218250-8217521    -            167 1506at71240          -           1203      0.04   10.5   0.1   3   3       0.1       6.3    3.3   0.0   216   236   144   163   135   166 0.82 -
scaffold_9:9800332-9799586    -            249 1506at71240          -           1203     0.041   10.5   0.0   1   1    0.0011     0.066    9.8   0.0   126   176    97   146    92   243 0.91 -
scaffold_2:31920734-31923640  -            969 1506at71240          -           1203     0.041   10.5   0.0   1   1    0.0009     0.056   10.1   0.0    78   196   711   838   687   898 0.71 -
scaffold_3:29705142-29705882  -            247 1506at71240          -           1203     0.042   10.5   0.0   1   2    0.0027      0.17    8.5   0.0   125   166    97   137    33   148 0.85 -
scaffold_3:29705142-29705882  -            247 1506at71240          -           1203     0.042   10.5   0.0   2   2       1.1        66   -0.1   0.0   213   288   168   243   159   245 0.71 -
scaffold_7:30442439-30443254  -            272 1506at71240          -           1203     0.045   10.4   0.0   1   1   0.00089     0.055   10.1   0.0   124   165     2    43     1    61 0.86 -
scaffold_2:8883494-8883790    -             99 1506at71240          -           1203     0.047   10.3   0.1   1   1    0.0019      0.11    9.0   0.1   127   230     2    88     1    97 0.67 -
scaffold_6:34153366-34101018  -            278 1506at71240          -           1203     0.048   10.3   0.4   1   1   0.00098      0.06    9.9   0.4    71   154    77   165    27   171 0.64 -
scaffold_10:9631296-9632108   -            271 1506at71240          -           1203     0.049   10.2   0.0   1   1     0.001     0.063    9.9   0.0   126   238   106   211    86   216 0.80 -
scaffold_5:374461-379833      -            431 1506at71240          -           1203     0.049   10.2   0.1   1   1    0.0053      0.32    7.5   0.1   122   241   111   219    87   241 0.70 -
scaffold_5:2071824-2078701    -           1050 1506at71240          -           1203      0.05   10.2   0.0   1   1    0.0012     0.071    9.7   0.0    31   158   776   911   771   922 0.83 -
scaffold_1:20310705-20311387  -            167 1506at71240          -           1203      0.05   10.2   0.1   1   2     0.041       2.5    4.6   0.0   138   165    81   108    64   113 0.87 -
scaffold_1:20310705-20311387  -            167 1506at71240          -           1203      0.05   10.2   0.1   2   2       0.1       6.2    3.3   0.0   217   237   145   164   136   166 0.82 -
scaffold_2:31915835-31918494  -            857 1506at71240          -           1203      0.05   10.2   0.0   1   1    0.0011     0.071    9.7   0.0   140   202   700   758   679   794 0.83 -
scaffold_5:4122040-4124713    -            505 1506at71240          -           1203     0.055   10.1   2.7   1   3       0.1       6.4    3.2   0.4   824   869   247   294   227   302 0.78 -
scaffold_5:4122040-4124713    -            505 1506at71240          -           1203     0.055   10.1   2.7   2   3       1.5        91   -0.6   0.0   848   867   441   460   417   465 0.72 -
scaffold_5:4122040-4124713    -            505 1506at71240          -           1203     0.055   10.1   2.7   3   3     0.021       1.3    5.6   0.1   825   867   460   503   444   505 0.83 -
scaffold_4:7923947-7923027    -            307 1506at71240          -           1203      0.06    9.9   0.0   1   1    0.0013      0.08    9.5   0.0    57   165   109   222    94   227 0.81 -
scaffold_5:23556996-23555887  -            370 1506at71240          -           1203      0.07    9.7   0.0   1   1    0.0014     0.087    9.4   0.0    47   198   102   251    79   263 0.71 -
scaffold_26:540877-540104     -            258 1506at71240          -           1203     0.075    9.6   0.0   1   1    0.0015     0.091    9.4   0.0   124   165     2    43     1    61 0.88 -
scaffold_3:35952215-35953207  -            331 1506at71240          -           1203     0.081    9.5   0.8   1   2      0.68        42    0.5   0.1   834   878   158   202   144   239 0.69 -
scaffold_3:35952215-35953207  -            331 1506at71240          -           1203     0.081    9.5   0.8   2   2    0.0056      0.34    7.4   0.2   831   869   244   283   225   290 0.83 -
scaffold_2:20232114-20232785  -            224 1506at71240          -           1203     0.088    9.4   0.0   1   1    0.0018      0.11    9.1   0.0   124   165     2    43     1    56 0.91 -
scaffold_11:12006002-12006967 -            322 1506at71240          -           1203     0.088    9.4   0.0   1   1    0.0016       0.1    9.2   0.0    32   165    21   165     8   231 0.78 -
scaffold_11:13721804-13723217 -            282 1506at71240          -           1203     0.092    9.3   0.0   1   1    0.0021      0.13    8.8   0.0    65   154    54   147    38   155 0.78 -
scaffold_3:34337992-34338747  -            252 1506at71240          -           1203     0.095    9.3   0.0   1   1    0.0019      0.12    9.0   0.0   124   165     3    44     1    55 0.90 -
scaffold_95:234500-237674     -            578 1506at71240          -           1203     0.097    9.2   0.0   1   1    0.0022      0.13    8.8   0.0    47   155   329   441   295   463 0.71 -
scaffold_8:18532374-18531682  -            231 1506at71240          -           1203       0.1    9.2   0.4   1   2      0.11         7    3.1   0.1   828   869   102   144    87   157 0.87 -
scaffold_8:18532374-18531682  -            231 1506at71240          -           1203       0.1    9.2   0.4   2   2     0.042       2.6    4.5   0.6   835  1005   152   189   131   199 0.60 -
scaffold_3:39473460-39475250  -            597 1506at71240          -           1203      0.11    9.1   0.0   1   1    0.0022      0.14    8.8   0.0    50   166   339   459   302   496 0.75 -
scaffold_12:6995048-6995800   -            251 1506at71240          -           1203      0.12    9.0   0.0   1   1    0.0023      0.14    8.7   0.0   128   165     6    43     1    62 0.84 -
scaffold_6:34220119-34219346  -            258 1506at71240          -           1203      0.12    8.9   0.0   1   1    0.0029      0.18    8.4   0.0   126   167   109   149   100   160 0.85 -
scaffold_2:16869358-16864542  -            276 1506at71240          -           1203      0.13    8.8   0.0   1   1    0.0028      0.17    8.4   0.0    77   154    65   146    55   154 0.70 -
scaffold_7:25378039-25378902  -            288 1506at71240          -           1203      0.17    8.5   0.0   1   1    0.0032       0.2    8.2   0.0   125   169   117   161    72   214 0.84 -
scaffold_6:29375633-29368130  -            494 1506at71240          -           1203      0.24    7.9   1.6   1   1      0.03       1.8    5.0   1.6    70   174    80   195    60   254 0.62 -
scaffold_5:12660120-12659467  -            218 1506at71240          -           1203       1.5    5.3   6.8   1   4       0.1       6.5    3.2   0.3   834   924     2    85     1    91 0.62 -
scaffold_5:12660120-12659467  -            218 1506at71240          -           1203       1.5    5.3   6.8   2   4      0.03       1.8    5.0   0.2   837   913    47   122    42   130 0.71 -
scaffold_5:12660120-12659467  -            218 1506at71240          -           1203       1.5    5.3   6.8   3   4     0.018       1.1    5.8   0.2   968  1049    92   173    83   179 0.77 -
scaffold_5:12660120-12659467  -            218 1506at71240          -           1203       1.5    5.3   6.8   4   4       7.2   4.5e+02   -2.9   0.1  1183  1203   195   216   193   216 0.79 -
#
# Program:         hmmsearch
# Version:         3.3.2 (Nov 2020)
# Pipeline mode:   SEARCH
# Query file:      /scratch/srb67793/Pelargonium/scripts/busco_downloads/lineages/eudicots_odb10/hmms/1506at71240.hmm
# Target file:     /scratch/srb67793/Pelargonium/scripts/scratch/srb67793/Pelargonium/Results2/HiFiASM_OmniC/P_citronellum_hap2-scaffolds-busco/run_eudicots_odb10/metaeuk_output/initial_results/P_citronellum-hap2_scaffolds_final.fa.modified.fas
# Option settings: hmmsearch --domtblout /scratch/srb67793/Pelargonium/scripts/scratch/srb67793/Pelargonium/Results2/HiFiASM_OmniC/P_citronellum_hap2-scaffolds-busco/run_eudicots_odb10/hmmer_output/initial_run_results/1506at71240.out --cpu 1 /scratch/srb67793/Pelargonium/scripts/busco_downloads/lineages/eudicots_odb10/hmms/1506at71240.hmm /scratch/srb67793/Pelargonium/scripts/scratch/srb67793/Pelargonium/Results2/HiFiASM_OmniC/P_citronellum_hap2-scaffolds-busco/run_eudicots_odb10/metaeuk_output/initial_results/P_citronellum-hap2_scaffolds_final.fa.modified.fas 
# Current dir:     /scratch/srb67793/Pelargonium/scripts
# Date:            Fri Jul 19 11:03:48 2024
# [ok]
