#                                                                                     --- full sequence --- -------------- this domain -------------   hmm coord   ali coord   env coord
# target name                 accession   tlen query name           accession   qlen   E-value  score  bias   #  of  c-Evalue  i-Evalue  score  bias  from    to  from    to  from    to  acc description of target
#         ------------------- ---------- ----- -------------------- ---------- ----- --------- ------ ----- --- --- --------- --------- ------ ----- ----- ----- ----- ----- ----- ----- ---- ---------------------
scaffold_2:4487457-4485818    -            153 151409at71240        -            133   3.6e-71  236.6   9.0   1   1   5.7e-71   3.8e-69  230.0   9.0     7   133     1   151     1   151 0.90 -
scaffold_4:3449341-3451296    -             89 151409at71240        -            133     8e-14   50.9   0.0   1   1   1.3e-15   8.9e-14   50.8   0.0     5    82     2    79     1    88 0.95 -
scaffold_10:3153403-3154250   -             83 151409at71240        -            133     9e-14   50.8   0.0   1   1   1.4e-15   9.4e-14   50.7   0.0     6    83     3    80     1    83 0.96 -
scaffold_4:7907247-7908065    -             81 151409at71240        -            133   2.6e-13   49.3   0.0   1   1   4.2e-15   2.8e-13   49.2   0.0     5    81     5    81     2    81 0.97 -
scaffold_4:16248564-16245259  -             81 151409at71240        -            133   5.3e-13   48.3   0.0   1   1   8.4e-15   5.6e-13   48.2   0.0     5    82     3    80     1    81 0.97 -
scaffold_4:20625440-20624846  -             92 151409at71240        -            133   5.6e-13   48.2   0.0   1   1     1e-14   6.7e-13   47.9   0.0     5    79    16    91    13    92 0.94 -
scaffold_1:259837-260364      -             79 151409at71240        -            133   5.8e-13   48.1   0.0   1   1     9e-15     6e-13   48.1   0.0     6    79     3    76     1    79 0.97 -
scaffold_3:31684279-31684515  -             79 151409at71240        -            133   6.8e-13   47.9   0.0   1   1   1.1e-14   7.3e-13   47.8   0.0     3    81     1    79     1    79 0.96 -
scaffold_6:30997831-30998157  -            109 151409at71240        -            133   1.2e-12   47.1   0.0   1   1   2.1e-14   1.4e-12   46.9   0.0     4    86    19   100    16   104 0.93 -
scaffold_9:10777643-10777383  -             87 151409at71240        -            133   2.3e-12   46.2   0.0   1   1   3.7e-14   2.5e-12   46.1   0.0     5    87     2    83     1    86 0.94 -
scaffold_6:10426074-10425796  -             93 151409at71240        -            133   3.4e-12   45.7   0.0   1   1   6.3e-14   4.2e-12   45.4   0.0     5    82    13    90    10    92 0.96 -
scaffold_12:7608639-7608911   -             91 151409at71240        -            133     5e-12   45.1   0.0   1   1   8.3e-14   5.5e-12   45.0   0.0     4    87     5    87     2    90 0.88 -
scaffold_5:10928659-10925265  -             85 151409at71240        -            133   5.5e-12   45.0   0.0   1   1     9e-14     6e-12   44.8   0.0     5    82     3    80     1    84 0.97 -
scaffold_9:3719427-3721978    -             77 151409at71240        -            133   6.7e-12   44.7   0.0   1   1   1.1e-13   7.4e-12   44.6   0.0     5    82     2    75     1    77 0.94 -
scaffold_9:5033386-5051630    -            137 151409at71240        -            133   7.7e-12   44.5   0.0   1   1   1.5e-13     1e-11   44.1   0.0     5    82    38   115    35   119 0.97 -
scaffold_5:7600638-7600315    -            108 151409at71240        -            133   9.1e-12   44.3   0.0   1   1   1.7e-13   1.1e-11   44.0   0.0     4    85    21   101    18   105 0.88 -
scaffold_1:43398332-43397979  -            118 151409at71240        -            133   1.2e-11   43.9   0.0   1   1   2.2e-13   1.5e-11   43.6   0.0     4    86    30   111    27   115 0.89 -
scaffold_4:22001458-22001063  -            132 151409at71240        -            133   1.7e-10   40.2   0.0   1   1   3.2e-12   2.2e-10   39.8   0.0     4    94    38   129    35   131 0.95 -
scaffold_10:12672609-12672337 -             91 151409at71240        -            133   2.5e-10   39.6   0.0   1   1     4e-12   2.7e-10   39.5   0.0     4    84     8    89     5    91 0.93 -
scaffold_5:16176726-16176466  -             87 151409at71240        -            133   3.3e-10   39.2   0.0   1   1   5.2e-12   3.5e-10   39.2   0.0     5    86     1    83     1    87 0.94 -
scaffold_3:35614813-35621978  -           1065 151409at71240        -            133   3.5e-10   39.2   0.1   1   2     0.017       1.2    8.3   0.0     4    72   293   363   291   382 0.86 -
scaffold_3:35614813-35621978  -           1065 151409at71240        -            133   3.5e-10   39.2   0.1   2   2   1.3e-08   8.8e-07   28.1   0.1     4    91   455   544   453   568 0.84 -
scaffold_2:20748835-20749167  -            111 151409at71240        -            133   5.2e-10   38.6   0.2   1   1   1.2e-11   8.2e-10   38.0   0.2     3    76    30   102    25   109 0.88 -
scaffold_4:16308081-16307335  -            249 151409at71240        -            133   6.3e-10   38.3   0.0   1   1   1.5e-11     1e-09   37.6   0.0     2    78    43   119    42   128 0.95 -
scaffold_1:34484508-34484744  -             79 151409at71240        -            133   7.5e-10   38.1   0.0   1   1   1.2e-11     8e-10   38.0   0.0     4    81     2    79     1    79 0.98 -
scaffold_6:30222839-30222615  -             75 151409at71240        -            133   1.1e-09   37.5   0.1   1   1   1.7e-11   1.2e-09   37.4   0.1     5    78     1    74     1    75 0.97 -
scaffold_1:15795182-15795418  -             79 151409at71240        -            133   1.3e-09   37.3   0.0   1   1   2.3e-11   1.5e-09   37.1   0.0     6    81     1    76     1    78 0.97 -
scaffold_1:34483842-34484195  -            118 151409at71240        -            133   2.2e-09   36.5   0.0   1   1     4e-11   2.7e-09   36.3   0.0     4    79    23    98    20   112 0.93 -
scaffold_6:22443380-22443144  -             79 151409at71240        -            133   3.4e-09   36.0   0.0   1   1   5.6e-11   3.7e-09   35.8   0.0     4    63    10    69     8    79 0.91 -
scaffold_3:26605385-26605095  -             97 151409at71240        -            133   4.2e-09   35.6   0.0   1   1   7.6e-11   5.1e-09   35.4   0.0     5    76    25    96    22    97 0.96 -
scaffold_8:22314612-22324870  -            509 151409at71240        -            133   5.1e-09   35.4   0.0   1   1   1.6e-10   1.1e-08   34.3   0.0     4    83    18    96    15   102 0.93 -
scaffold_3:37574156-37544748  -           2264 151409at71240        -            133   7.1e-09   34.9   0.4   1   2       0.1         7    5.8   0.0    23    54  1937  1968  1929  1992 0.86 -
scaffold_3:37574156-37544748  -           2264 151409at71240        -            133   7.1e-09   34.9   0.4   2   2   3.6e-08   2.4e-06   26.7   0.0     4    57  2006  2058  2003  2080 0.89 -
scaffold_2:29896050-29896307  -             86 151409at71240        -            133   1.1e-08   34.3   0.0   1   1   1.8e-10   1.2e-08   34.2   0.0     5    87     2    83     1    86 0.90 -
scaffold_1:1970799-1971056    -             86 151409at71240        -            133   1.4e-08   34.0   0.0   1   1   2.2e-10   1.4e-08   33.9   0.0     5    87     2    83     1    86 0.89 -
scaffold_10:20534054-20533830 -             75 151409at71240        -            133   1.4e-08   33.9   0.1   1   1   2.2e-10   1.5e-08   33.9   0.1     6    78     2    73     1    75 0.89 -
scaffold_493:6666-6890        -             75 151409at71240        -            133   1.4e-08   33.9   0.1   1   1   2.2e-10   1.5e-08   33.9   0.1     6    78     2    73     1    75 0.89 -
scaffold_6:22413252-22413031  -             74 151409at71240        -            133     2e-08   33.5   0.0   1   1     3e-10     2e-08   33.4   0.0     4    73     3    72     1    74 0.91 -
scaffold_3:10300035-10300262  -             76 151409at71240        -            133   2.2e-08   33.3   0.0   1   1   3.5e-10   2.3e-08   33.2   0.0     6    74     3    71     1    75 0.93 -
scaffold_5:12474890-12475126  -             79 151409at71240        -            133   3.1e-08   32.8   0.0   1   1     5e-10   3.3e-08   32.7   0.0     5    81     1    78     1    79 0.93 -
scaffold_2:22503876-22503679  -             66 151409at71240        -            133   3.8e-08   32.6   0.0   1   1   6.4e-10   4.3e-08   32.4   0.0     5    66     4    65     2    66 0.89 -
scaffold_12:3297563-3297817   -             85 151409at71240        -            133   3.9e-08   32.5   0.0   1   1   6.1e-10   4.1e-08   32.4   0.0     5    85     2    81     1    85 0.88 -
scaffold_5:7383592-7384811    -            102 151409at71240        -            133   4.6e-08   32.3   0.0   1   1   7.9e-10   5.3e-08   32.1   0.0     8    70    19    81    12    91 0.92 -
scaffold_2:17039797-17042809  -            156 151409at71240        -            133   6.9e-08   31.7   0.0   1   1   1.4e-09   9.5e-08   31.3   0.0    14    83    56   124    51   153 0.87 -
scaffold_10:2945208-2944993   -             72 151409at71240        -            133   1.1e-07   31.1   0.0   1   1   1.8e-09   1.2e-07   30.9   0.0     5    63     1    59     1    64 0.95 -
scaffold_7:5121010-5123306    -             81 151409at71240        -            133   1.9e-07   30.3   0.0   1   1   3.2e-09   2.1e-07   30.1   0.0     9    81     3    75     1    77 0.95 -
scaffold_6:32468128-32468840  -             75 151409at71240        -            133   1.9e-07   30.3   0.0   1   1     3e-09     2e-07   30.2   0.0    11    81     3    73     1    75 0.93 -
scaffold_11:7146102-7146380   -             93 151409at71240        -            133   2.1e-07   30.1   0.0   1   1   3.3e-09   2.2e-07   30.1   0.0     4    76     2    75     1    91 0.87 -
scaffold_31:783458-783153     -            102 151409at71240        -            133   2.2e-07   30.1   0.0   1   1   3.8e-09   2.5e-07   29.9   0.0     5    79     1    74     1    83 0.92 -
scaffold_8:18326737-18325669  -             66 151409at71240        -            133   2.4e-07   30.0   0.1   1   1   3.9e-09   2.6e-07   29.8   0.1     9    66     1    60     1    65 0.89 -
scaffold_4:3153245-3153042    -             68 151409at71240        -            133   3.9e-07   29.3   0.0   1   1   6.5e-09   4.4e-07   29.1   0.0     5    67     2    64     1    67 0.97 -
scaffold_7:11525033-11525317  -             95 151409at71240        -            133   6.5e-07   28.6   0.0   1   1   1.2e-08   7.8e-07   28.3   0.0     3    81    10    87     8    93 0.88 -
scaffold_12:7607087-7607293   -             69 151409at71240        -            133     7e-07   28.5   0.0   1   1   1.1e-08   7.3e-07   28.4   0.0     5    57     2    54     1    68 0.89 -
scaffold_1:20789777-20790001  -             75 151409at71240        -            133   7.1e-07   28.4   0.0   1   1   1.2e-08   7.7e-07   28.3   0.0     5    62     2    59     1    69 0.94 -
scaffold_4:23010965-23010717  -             83 151409at71240        -            133   9.1e-07   28.1   0.1   1   1   1.7e-08   1.1e-06   27.8   0.1     3    67    17    80    15    82 0.92 -
scaffold_8:19219409-19219681  -             91 151409at71240        -            133   9.8e-07   28.0   0.0   1   1   1.9e-08   1.3e-06   27.6   0.0     4    79    21    90    19    91 0.95 -
scaffold_9:15637823-15636934  -             69 151409at71240        -            133     1e-06   27.9   0.0   1   1   1.7e-08   1.2e-06   27.8   0.0     9    66     8    65     3    68 0.90 -
scaffold_7:2466427-2507397    -             96 151409at71240        -            133   1.1e-06   27.9   0.0   1   1   1.9e-08   1.3e-06   27.6   0.0     5    63    20    78    17    94 0.86 -
scaffold_12:9074755-9074384   -            124 151409at71240        -            133   1.3e-06   27.6   0.0   1   1   2.6e-08   1.7e-06   27.2   0.0     4    68    43   108    41   122 0.91 -
scaffold_12:2670278-2670562   -             95 151409at71240        -            133   1.4e-06   27.5   0.0   1   2       8.1   5.4e+02   -0.3   0.0    68    79     3    14     2    21 0.80 -
scaffold_12:2670278-2670562   -             95 151409at71240        -            133   1.4e-06   27.5   0.0   2   2   8.2e-08   5.5e-06   25.6   0.0     4    67    30    93    27    95 0.95 -
scaffold_9:10779050-10778826  -             75 151409at71240        -            133   1.7e-06   27.2   0.0   1   1   2.6e-08   1.7e-06   27.2   0.0     5    58     2    55     1    72 0.87 -
scaffold_10:196240-195845     -            132 151409at71240        -            133   1.9e-06   27.1   0.0   1   1   3.9e-08   2.6e-06   26.6   0.0     4    86    49   132    47   132 0.94 -
scaffold_4:4659285-4659019    -             89 151409at71240        -            133   1.9e-06   27.0   0.0   1   1     3e-08     2e-06   27.0   0.0     2    72     3    73     2    87 0.92 -
scaffold_4:1384943-1385152    -             70 151409at71240        -            133   2.1e-06   26.9   0.0   1   1   3.3e-08   2.2e-06   26.8   0.0    19    74    13    68     8    70 0.83 -
scaffold_1:22696794-22697027  -             78 151409at71240        -            133   2.3e-06   26.8   0.0   1   1     4e-08   2.7e-06   26.6   0.0     3    77     2    75     1    77 0.93 -
scaffold_1:29074781-29075032  -             84 151409at71240        -            133   2.8e-06   26.5   0.0   1   1   4.3e-08   2.9e-06   26.5   0.0     5    85     1    81     1    84 0.94 -
scaffold_9:19165102-19164803  -            100 151409at71240        -            133   3.7e-06   26.1   0.0   1   1   6.6e-08   4.4e-06   25.9   0.0     3    79    24    99    22   100 0.93 -
scaffold_2:8385751-8385503    -             83 151409at71240        -            133   3.7e-06   26.1   0.0   1   1   8.5e-08   5.7e-06   25.5   0.0     3    74    15    80    13    83 0.88 -
scaffold_6:14307303-14257929  -            567 151409at71240        -            133   4.2e-06   26.0   0.0   1   1   1.4e-07   9.1e-06   24.9   0.0     3    78     4    79     2    89 0.96 -
scaffold_10:13346767-13346555 -             71 151409at71240        -            133   4.7e-06   25.8   0.1   1   1     7e-08   4.7e-06   25.8   0.1     7    69     3    64     1    71 0.88 -
scaffold_13:9448331-9448071   -             87 151409at71240        -            133   4.9e-06   25.7   0.0   1   1   7.9e-08   5.3e-06   25.6   0.0     5    77     1    74     1    86 0.86 -
scaffold_8:20351640-20380215  -            115 151409at71240        -            133   5.2e-06   25.6   0.0   1   1   9.4e-08   6.3e-06   25.4   0.0     5    66    41   102    38   113 0.88 -
scaffold_2:5853698-5853961    -             88 151409at71240        -            133   5.2e-06   25.6   0.0   1   1     9e-08     6e-06   25.4   0.0     4    65    22    83    19    88 0.93 -
scaffold_10:20534327-20534067 -             87 151409at71240        -            133   5.3e-06   25.6   0.1   1   1   8.1e-08   5.4e-06   25.6   0.1     7    77     3    72     1    85 0.88 -
scaffold_493:6393-6653        -             87 151409at71240        -            133   5.3e-06   25.6   0.1   1   1   8.1e-08   5.4e-06   25.6   0.1     7    77     3    72     1    85 0.88 -
scaffold_9:15616888-15616203  -             59 151409at71240        -            133   5.3e-06   25.6   0.0   1   1   8.2e-08   5.5e-06   25.6   0.0    10    60     9    59     3    59 0.90 -
scaffold_2:7921295-7921074    -             74 151409at71240        -            133   5.4e-06   25.6   0.1   1   1   8.5e-08   5.7e-06   25.5   0.1     5    64     1    60     1    71 0.93 -
scaffold_10:13346494-13346261 -             78 151409at71240        -            133   5.6e-06   25.5   0.1   1   1   9.1e-08   6.1e-06   25.4   0.1     5    69     1    64     1    75 0.90 -
scaffold_6:25786175-25785969  -             69 151409at71240        -            133   5.7e-06   25.5   0.1   1   1   8.5e-08   5.7e-06   25.5   0.1    10    71     4    64     1    69 0.87 -
scaffold_4:22818373-22818137  -             79 151409at71240        -            133   6.7e-06   25.3   0.0   1   1   1.2e-07   7.8e-06   25.1   0.0     4    66    18    79    15    79 0.92 -
scaffold_5:5433685-5434410    -             77 151409at71240        -            133   6.7e-06   25.3   0.0   1   1     1e-07     7e-06   25.2   0.0     3    76     2    75     1    77 0.94 -
scaffold_1:35182692-35182889  -             66 151409at71240        -            133   7.5e-06   25.1   0.0   1   1   1.2e-07   8.3e-06   25.0   0.0     5    66     4    65     2    66 0.90 -
scaffold_6:30997320-30997526  -             69 151409at71240        -            133     8e-06   25.0   0.0   1   1   1.3e-07   8.7e-06   24.9   0.0     5    58     2    55     1    68 0.86 -
scaffold_6:22442702-22442457  -             82 151409at71240        -            133   9.5e-06   24.8   0.0   1   1   1.6e-07     1e-05   24.7   0.0     5    82     2    77     1    81 0.83 -
scaffold_6:25785914-25785726  -             63 151409at71240        -            133   1.2e-05   24.5   0.0   1   1   1.9e-07   1.3e-05   24.4   0.0     3    66     1    63     1    63 0.92 -
scaffold_5:10168494-10150523  -            912 151409at71240        -            133   1.5e-05   24.2   0.0   1   1   5.9e-07   3.9e-05   22.8   0.0     2    86   152   239   151   276 0.81 -
scaffold_4:3856769-3857020    -             84 151409at71240        -            133   1.5e-05   24.1   0.0   1   1   2.8e-07   1.9e-05   23.8   0.0     4    69    11    75     8    81 0.90 -
scaffold_5:7601203-7600997    -             69 151409at71240        -            133   1.6e-05   24.0   0.0   1   1   2.7e-07   1.8e-05   23.9   0.0     5    58     2    55     1    68 0.86 -
scaffold_9:2286113-2285883    -             77 151409at71240        -            133   1.7e-05   23.9   0.1   1   1   2.9e-07   1.9e-05   23.8   0.1     4    63    17    75    14    77 0.90 -
scaffold_11:3010799-3011068   -             90 151409at71240        -            133   1.8e-05   23.9   0.0   1   1   2.8e-07   1.9e-05   23.8   0.0     4    63    16    75    13    90 0.85 -
scaffold_6:22412804-22412568  -             79 151409at71240        -            133   1.9e-05   23.8   0.0   1   1   2.8e-07   1.9e-05   23.8   0.0     4    79     3    76     1    79 0.80 -
scaffold_8:23790060-23789797  -             88 151409at71240        -            133   1.9e-05   23.8   0.0   1   1   3.4e-07   2.3e-05   23.6   0.0     3    64     6    61     4    81 0.88 -
scaffold_3:40240989-40239832  -             58 151409at71240        -            133     2e-05   23.7   0.0   1   1     3e-07     2e-05   23.7   0.0     9    65     2    58     1    58 0.88 -
scaffold_2:1571248-1570988    -             87 151409at71240        -            133   2.5e-05   23.4   0.0   1   1   4.2e-07   2.8e-05   23.3   0.0     4    82     8    86     6    87 0.95 -
scaffold_2:16492996-16492655  -            114 151409at71240        -            133   2.9e-05   23.2   0.0   1   1     9e-07   6.1e-05   22.2   0.0    28    77    10    57     2    62 0.84 -
scaffold_10:7329020-7328019   -            152 151409at71240        -            133   3.7e-05   22.9   0.0   1   1   7.2e-07   4.8e-05   22.5   0.0     4    80    15    94    12   139 0.81 -
scaffold_3:31299455-31299105  -            117 151409at71240        -            133   6.3e-05   22.1   0.0   1   1   1.4e-06   9.2e-05   21.6   0.0     3    64     6    61     4   111 0.89 -
scaffold_12:5405656-5405447   -             70 151409at71240        -            133   7.2e-05   22.0   0.0   1   1   1.1e-06   7.5e-05   21.9   0.0     4    72     1    68     1    70 0.90 -
scaffold_8:9957716-9957432    -             95 151409at71240        -            133   7.2e-05   22.0   0.0   1   1   1.2e-06   8.2e-05   21.8   0.0     5    80     1    75     1    84 0.94 -
scaffold_8:17260420-17260073  -            116 151409at71240        -            133   7.2e-05   21.9   0.0   1   1   1.5e-06   9.9e-05   21.5   0.0     4    79     1    75     1   114 0.88 -
scaffold_1:1969295-1969501    -             69 151409at71240        -            133   7.2e-05   21.9   0.0   1   1   1.1e-06   7.2e-05   21.9   0.0     5    53     2    50     1    66 0.94 -
scaffold_2:29894828-29895037  -             70 151409at71240        -            133   7.2e-05   21.9   0.0   1   1   1.1e-06   7.4e-05   21.9   0.0     5    53     2    50     1    66 0.94 -
scaffold_4:5355682-5355437    -             82 151409at71240        -            133   9.2e-05   21.6   0.0   1   1   1.9e-06   0.00012   21.2   0.0     3    66    19    82    17    82 0.94 -
scaffold_7:11642898-11642611  -             96 151409at71240        -            133   9.7e-05   21.5   0.0   1   1   1.7e-06   0.00011   21.3   0.0     2    80     7    84     6    89 0.92 -
scaffold_1:43398874-43398620  -             85 151409at71240        -            133   0.00011   21.4   0.0   1   1   1.7e-06   0.00012   21.3   0.0     5    58    14    67    11    85 0.86 -
scaffold_9:13718642-13718376  -             89 151409at71240        -            133   0.00012   21.2   0.0   1   1     2e-06   0.00014   21.1   0.0     5    79     1    74     1    85 0.86 -
scaffold_4:3856373-3856609    -             79 151409at71240        -            133   0.00016   20.8   0.0   1   1   2.7e-06   0.00018   20.7   0.0    10    74    14    77     6    79 0.83 -
scaffold_8:23786531-23786400  -             44 151409at71240        -            133   0.00017   20.7   0.0   1   1   2.8e-06   0.00019   20.6   0.0    37    76     4    43     2    44 0.93 -
scaffold_8:16484844-16484557  -             96 151409at71240        -            133   0.00018   20.7   0.0   1   1   3.2e-06   0.00022   20.4   0.0     4    62    30    88    27    92 0.93 -
scaffold_7:20850833-20851096  -             88 151409at71240        -            133   0.00018   20.6   0.0   1   1   3.2e-06   0.00021   20.4   0.0     3    64    26    87    24    88 0.94 -
scaffold_1:872200-871937      -             88 151409at71240        -            133   0.00019   20.6   0.0   1   1   3.3e-06   0.00022   20.4   0.0     5    84     1    79     1    86 0.91 -
scaffold_9:2285762-2285475    -             96 151409at71240        -            133    0.0002   20.5   0.0   1   1   3.8e-06   0.00025   20.2   0.0     3    66    33    95    31    96 0.87 -
scaffold_12:12256197-12256066 -             44 151409at71240        -            133    0.0002   20.5   0.0   1   1   3.1e-06    0.0002   20.5   0.0    37    76     4    43     1    44 0.93 -
scaffold_9:4039022-4038786    -             79 151409at71240        -            133   0.00021   20.5   0.0   1   1   3.4e-06   0.00023   20.3   0.0     5    69     8    71     6    79 0.84 -
scaffold_4:11461247-11461495  -             83 151409at71240        -            133    0.0003   20.0   0.0   1   1     5e-06   0.00034   19.8   0.0     5    81     1    76     1    81 0.91 -
scaffold_8:26119973-26122105  -            198 151409at71240        -            133    0.0003   19.9   0.0   1   1     8e-06   0.00053   19.1   0.0    31    79   148   196   131   198 0.91 -
scaffold_10:9289435-9289692   -             86 151409at71240        -            133   0.00032   19.9   0.0   1   1   5.2e-06   0.00035   19.7   0.0     3    66    20    83    18    86 0.92 -
scaffold_12:3296425-3296631   -             69 151409at71240        -            133   0.00046   19.4   0.0   1   1   7.3e-06   0.00049   19.3   0.0     5    56     2    53     1    67 0.88 -
scaffold_7:8895726-8895986    -             87 151409at71240        -            133    0.0005   19.2   0.0   1   1   8.7e-06   0.00058   19.0   0.0     4    80     8    82     5    86 0.90 -
scaffold_7:9493421-9493194    -             76 151409at71240        -            133   0.00052   19.2   0.0   1   1   8.1e-06   0.00054   19.1   0.0     5    78     3    75     1    76 0.91 -
scaffold_2:31805513-31805277  -             79 151409at71240        -            133   0.00077   18.6   0.0   1   1   1.5e-05   0.00099   18.3   0.0     4    51    32    79    29    79 0.95 -
scaffold_11:7766354-7765537   -             80 151409at71240        -            133   0.00082   18.5   0.1   1   1   1.3e-05   0.00085   18.5   0.1     4    56    14    65    11    80 0.81 -
scaffold_3:31292380-31292249  -             44 151409at71240        -            133   0.00087   18.4   0.0   1   1   1.4e-05   0.00096   18.3   0.0    37    76     4    43     2    44 0.93 -
scaffold_5:12832252-12832482  -             77 151409at71240        -            133   0.00087   18.4   0.0   1   1   1.8e-05    0.0012   18.0   0.0     4    49    31    76    26    77 0.95 -
scaffold_2:6557845-6540914    -            675 151409at71240        -            133     0.001   18.2   0.2   1   2       1.3        88    2.2   0.0    45    93   337   390   326   417 0.73 -
scaffold_2:6557845-6540914    -            675 151409at71240        -            133     0.001   18.2   0.2   2   2    0.0004     0.027   13.6   0.1    43    82   429   468   412   485 0.87 -
scaffold_2:16500011-16498167  -            186 151409at71240        -            133    0.0011   18.1   0.0   1   1     3e-05     0.002   17.2   0.0     5    76   109   180   105   185 0.91 -
scaffold_7:9137057-9137326    -             90 151409at71240        -            133    0.0012   17.9   0.0   1   1   1.9e-05    0.0012   17.9   0.0    40    80    35    75     2    83 0.88 -
scaffold_6:9708256-9708618    -            121 151409at71240        -            133    0.0015   17.7   0.0   1   1   2.6e-05    0.0018   17.5   0.0     5    89     1    84     1   105 0.86 -
scaffold_14:2416257-2416018   -             80 151409at71240        -            133    0.0019   17.4   0.0   1   1   3.2e-05    0.0021   17.2   0.0     5    80     1    75     1    79 0.91 -
scaffold_4:7817332-7817177    -             52 151409at71240        -            133    0.0026   16.9   0.0   1   1   3.9e-05    0.0026   16.9   0.0     9    58     1    50     1    52 0.90 -
scaffold_6:15484713-15484952  -             80 151409at71240        -            133    0.0028   16.8   0.0   1   1   9.1e-05    0.0061   15.7   0.0     4    49    34    79    31    80 0.95 -
scaffold_2:7920043-7919861    -             61 151409at71240        -            133    0.0029   16.7   0.0   1   1   4.4e-05    0.0029   16.7   0.0    26    69     6    49     2    61 0.88 -
scaffold_3:25268349-25268639  -             97 151409at71240        -            133     0.003   16.7   0.0   1   1   5.4e-05    0.0036   16.4   0.0     3    75    20    92    18    96 0.91 -
scaffold_9:15980670-15980257  -            138 151409at71240        -            133    0.0031   16.6   0.0   1   1   7.3e-05    0.0049   16.0   0.0     5    79     1    74     1    85 0.84 -
scaffold_8:1618451-1618161    -             97 151409at71240        -            133    0.0036   16.5   0.0   1   1   6.6e-05    0.0044   16.2   0.0     3    75    20    92    18    96 0.91 -
scaffold_4:1957329-1957117    -             71 151409at71240        -            133    0.0041   16.3   0.0   1   1     7e-05    0.0047   16.1   0.0     4    66     9    70     6    71 0.88 -
scaffold_9:4038703-4038449    -             85 151409at71240        -            133    0.0077   15.4   0.0   1   1   0.00014    0.0095   15.1   0.0     4    61    28    84    25    85 0.89 -
scaffold_8:19225119-19225421  -            101 151409at71240        -            133    0.0082   15.3   0.0   1   1   0.00019     0.013   14.7   0.0    13    71    25    76    13    88 0.83 -
scaffold_2:17398117-17403010  -            707 151409at71240        -            133    0.0094   15.1   0.0   1   1   0.00027     0.018   14.2   0.0     5    59     2    53     1    71 0.89 -
scaffold_4:12197585-12197788  -             68 151409at71240        -            133      0.01   15.0   0.0   1   1   0.00016     0.011   14.9   0.0     5    66     1    64     1    67 0.70 -
scaffold_4:1958709-1958449    -             87 151409at71240        -            133     0.012   14.8   0.0   1   1   0.00022     0.014   14.5   0.0     5    61    31    86    28    87 0.91 -
scaffold_13:6925920-6926144   -             75 151409at71240        -            133     0.033   13.3   0.0   1   1   0.00049     0.033   13.3   0.0    42    80    21    59     4    72 0.87 -
scaffold_4:1384272-1384487    -             72 151409at71240        -            133      0.04   13.1   0.0   1   1   0.00062     0.042   13.0   0.0    21    56    31    66    19    72 0.86 -
scaffold_4:5452214-5451891    -            108 151409at71240        -            133     0.042   13.0   0.0   1   1   0.00064     0.043   13.0   0.0    40    88    35    83     1    94 0.77 -
scaffold_7:9990446-9990709    -             88 151409at71240        -            133     0.046   12.9   0.0   1   1   0.00069     0.046   12.9   0.0    41    80    36    75     1    87 0.82 -
scaffold_11:6020275-6020499   -             75 151409at71240        -            133     0.098   11.8   0.0   1   1    0.0016      0.11   11.7   0.0     5    79     1    74     1    75 0.92 -
scaffold_2:33755296-33755072  -             75 151409at71240        -            133     0.098   11.8   0.0   1   1    0.0016      0.11   11.7   0.0     5    79     1    74     1    75 0.92 -
#
# Program:         hmmsearch
# Version:         3.3.2 (Nov 2020)
# Pipeline mode:   SEARCH
# Query file:      /scratch/srb67793/Pelargonium/scripts/busco_downloads/lineages/eudicots_odb10/hmms/151409at71240.hmm
# Target file:     /scratch/srb67793/Pelargonium/scripts/scratch/srb67793/Pelargonium/Results2/HiFiASM_OmniC/P_citronellum_hap2-scaffolds-busco/run_eudicots_odb10/metaeuk_output/initial_results/P_citronellum-hap2_scaffolds_final.fa.modified.fas
# Option settings: hmmsearch --domtblout /scratch/srb67793/Pelargonium/scripts/scratch/srb67793/Pelargonium/Results2/HiFiASM_OmniC/P_citronellum_hap2-scaffolds-busco/run_eudicots_odb10/hmmer_output/initial_run_results/151409at71240.out --cpu 1 /scratch/srb67793/Pelargonium/scripts/busco_downloads/lineages/eudicots_odb10/hmms/151409at71240.hmm /scratch/srb67793/Pelargonium/scripts/scratch/srb67793/Pelargonium/Results2/HiFiASM_OmniC/P_citronellum_hap2-scaffolds-busco/run_eudicots_odb10/metaeuk_output/initial_results/P_citronellum-hap2_scaffolds_final.fa.modified.fas 
# Current dir:     /scratch/srb67793/Pelargonium/scripts
# Date:            Fri Jul 19 11:03:13 2024
# [ok]
