#                                                                                    --- full sequence --- -------------- this domain -------------   hmm coord   ali coord   env coord
# target name                accession   tlen query name           accession   qlen   E-value  score  bias   #  of  c-Evalue  i-Evalue  score  bias  from    to  from    to  from    to  acc description of target
#        ------------------- ---------- ----- -------------------- ---------- ----- --------- ------ ----- --- --- --------- --------- ------ ----- ----- ----- ----- ----- ----- ----- ---- ---------------------
scaffold_4:18902298-18907387 -            864 15178at71240         -            721         0 1135.2 186.7   1   1         0         0 1132.4 186.7     5   721    56   858    52   858 0.91 -
scaffold_6:32108906-32110705 -            581 15178at71240         -            721   1.2e-59  201.3 185.7   1   4   6.2e-34   1.5e-30  105.1  25.8    22   165    19   163     4   167 0.86 -
scaffold_6:32108906-32110705 -            581 15178at71240         -            721   1.2e-59  201.3 185.7   2   4   3.9e-09   9.5e-06   23.1  20.4   318   387   148   218   145   226 0.90 -
scaffold_6:32108906-32110705 -            581 15178at71240         -            721   1.2e-59  201.3 185.7   3   4   3.1e-25   7.4e-22   76.4  88.1   209   429   234   480   223   484 0.79 -
scaffold_6:32108906-32110705 -            581 15178at71240         -            721   1.2e-59  201.3 185.7   4   4   2.7e-07   0.00065   17.1  35.8   291   385   471   581   469   581 0.79 -
scaffold_2:19559069-19525165 -            250 15178at71240         -            721   0.00065   17.1   0.1   1   1   3.6e-07   0.00086   16.7   0.1     1    65    63   126    63   134 0.86 -
scaffold_6:30618375-30624275 -            419 15178at71240         -            721     0.026   11.8   0.4   1   1   1.6e-05     0.038   11.2   0.4    26    89    24    79    19    98 0.76 -
#
# Program:         hmmsearch
# Version:         3.3.2 (Nov 2020)
# Pipeline mode:   SEARCH
# Query file:      /scratch/srb67793/Pelargonium/scripts/busco_downloads/lineages/eudicots_odb10/hmms/15178at71240.hmm
# Target file:     /scratch/srb67793/Pelargonium/scripts/scratch/srb67793/Pelargonium/Results2/HiFiASM_OmniC/P_citronellum_hap2-scaffolds-busco/run_eudicots_odb10/metaeuk_output/initial_results/P_citronellum-hap2_scaffolds_final.fa.modified.fas
# Option settings: hmmsearch --domtblout /scratch/srb67793/Pelargonium/scripts/scratch/srb67793/Pelargonium/Results2/HiFiASM_OmniC/P_citronellum_hap2-scaffolds-busco/run_eudicots_odb10/hmmer_output/initial_run_results/15178at71240.out --cpu 1 /scratch/srb67793/Pelargonium/scripts/busco_downloads/lineages/eudicots_odb10/hmms/15178at71240.hmm /scratch/srb67793/Pelargonium/scripts/scratch/srb67793/Pelargonium/Results2/HiFiASM_OmniC/P_citronellum_hap2-scaffolds-busco/run_eudicots_odb10/metaeuk_output/initial_results/P_citronellum-hap2_scaffolds_final.fa.modified.fas 
# Current dir:     /scratch/srb67793/Pelargonium/scripts
# Date:            Fri Jul 19 11:03:21 2024
# [ok]
