#                                                                                    --- full sequence --- -------------- this domain -------------   hmm coord   ali coord   env coord
# target name                accession   tlen query name           accession   qlen   E-value  score  bias   #  of  c-Evalue  i-Evalue  score  bias  from    to  from    to  from    to  acc description of target
#        ------------------- ---------- ----- -------------------- ---------- ----- --------- ------ ----- --- --- --------- --------- ------ ----- ----- ----- ----- ----- ----- ----- ---- ---------------------
scaffold_5:14108879-14110601 -            154 154183at71240        -            117   1.2e-68  227.9   4.2   1   1   1.5e-71   1.6e-68  227.6   4.2     6   117    43   154    38   154 0.99 -
scaffold_8:12075330-12073350 -            175 154183at71240        -            117   6.5e-06   25.6   8.8   1   2   5.8e-05     0.062   12.8   3.4    77   108    79   109     6   117 0.78 -
scaffold_8:12075330-12073350 -            175 154183at71240        -            117   6.5e-06   25.6   8.8   2   2   7.5e-08   8.1e-05   22.1   6.4    54   109    89   147    84   156 0.82 -
scaffold_3:28488654-28490887 -             97 154183at71240        -            117   0.00015   21.2   7.5   1   1   1.9e-07    0.0002   20.8   7.5    55   114    32    94    11    96 0.84 -
scaffold_6:25559146-25555135 -            374 154183at71240        -            117   0.00054   19.4   2.1   1   2   7.4e-07   0.00079   18.9   0.9    63   103   134   174   110   179 0.83 -
scaffold_6:25559146-25555135 -            374 154183at71240        -            117   0.00054   19.4   2.1   2   2       8.6   9.3e+03   -3.9   0.0     9    21   348   360   345   362 0.78 -
scaffold_8:19890890-19893351 -            143 154183at71240        -            117    0.0012   18.3   7.4   1   1   1.1e-06    0.0012   18.3   7.4    54   114    73   136    51   138 0.81 -
scaffold_7:3622403-3635878   -            381 154183at71240        -            117    0.0016   17.9   6.6   1   2     1e-05     0.011   15.2   0.7    37   108    47   119    41   128 0.81 -
scaffold_7:3622403-3635878   -            381 154183at71240        -            117    0.0016   17.9   6.6   2   2    0.0069       7.5    6.1   0.7    88   107   168   187   121   193 0.78 -
scaffold_2:3271951-3267186   -            324 154183at71240        -            117      0.42   10.1  17.0   1   3   3.2e-05     0.035   13.6   3.3    67   109    43    85    26    91 0.90 -
scaffold_2:3271951-3267186   -            324 154183at71240        -            117      0.42   10.1  17.0   2   3       1.3   1.4e+03   -1.3   2.1    82    82   261   261   215   292 0.57 -
scaffold_2:3271951-3267186   -            324 154183at71240        -            117      0.42   10.1  17.0   3   3     0.023        25    4.4   0.1    52    74   293   315   288   321 0.84 -
scaffold_4:4628354-4629451   -            366 154183at71240        -            117      0.74    9.3   8.0   1   1    0.0014       1.5    8.3   8.0    57   104   319   366   312   366 0.86 -
scaffold_7:27469602-27468919 -            228 154183at71240        -            117      0.95    9.0  12.6   1   2     0.016        17    4.9  13.3    55   108    23    87    17    93 0.76 -
scaffold_7:27469602-27468919 -            228 154183at71240        -            117      0.95    9.0  12.6   2   2       1.3   1.5e+03   -1.3   0.0    45    62   136   153   127   165 0.76 -
#
# Program:         hmmsearch
# Version:         3.3.2 (Nov 2020)
# Pipeline mode:   SEARCH
# Query file:      /scratch/srb67793/Pelargonium/scripts/busco_downloads/lineages/eudicots_odb10/hmms/154183at71240.hmm
# Target file:     /scratch/srb67793/Pelargonium/scripts/scratch/srb67793/Pelargonium/Results2/HiFiASM_OmniC/P_citronellum_hap2-scaffolds-busco/run_eudicots_odb10/metaeuk_output/initial_results/P_citronellum-hap2_scaffolds_final.fa.modified.fas
# Option settings: hmmsearch --domtblout /scratch/srb67793/Pelargonium/scripts/scratch/srb67793/Pelargonium/Results2/HiFiASM_OmniC/P_citronellum_hap2-scaffolds-busco/run_eudicots_odb10/hmmer_output/initial_run_results/154183at71240.out --cpu 1 /scratch/srb67793/Pelargonium/scripts/busco_downloads/lineages/eudicots_odb10/hmms/154183at71240.hmm /scratch/srb67793/Pelargonium/scripts/scratch/srb67793/Pelargonium/Results2/HiFiASM_OmniC/P_citronellum_hap2-scaffolds-busco/run_eudicots_odb10/metaeuk_output/initial_results/P_citronellum-hap2_scaffolds_final.fa.modified.fas 
# Current dir:     /scratch/srb67793/Pelargonium/scripts
# Date:            Fri Jul 19 11:03:15 2024
# [ok]
