#                                                                                     --- full sequence --- -------------- this domain -------------   hmm coord   ali coord   env coord
# target name                 accession   tlen query name           accession   qlen   E-value  score  bias   #  of  c-Evalue  i-Evalue  score  bias  from    to  from    to  from    to  acc description of target
#         ------------------- ---------- ----- -------------------- ---------- ----- --------- ------ ----- --- --- --------- --------- ------ ----- ----- ----- ----- ----- ----- ----- ---- ---------------------
scaffold_10:7329020-7328019   -            152 165047at71240        -            119   1.7e-65  217.5   2.2   1   2   2.2e-59   1.6e-57  191.7   0.1     1    98     9   106     9   119 0.91 -
scaffold_10:7329020-7328019   -            152 165047at71240        -            119   1.7e-65  217.5   2.2   2   2   5.5e-08     4e-06   25.9   0.6    88   115   118   145   112   152 0.85 -
scaffold_2:20748835-20749167  -            111 165047at71240        -            119   1.6e-14   53.0   0.1   1   1   2.8e-16     2e-14   52.7   0.1     6    89    30   109    25   111 0.93 -
scaffold_4:16308081-16307335  -            249 165047at71240        -            119   3.4e-12   45.5   0.0   1   1   6.9e-14     5e-12   45.0   0.0     4    96    42   131    40   142 0.88 -
scaffold_7:11525033-11525317  -             95 165047at71240        -            119   1.2e-11   43.8   0.1   1   1   1.8e-13   1.3e-11   43.6   0.1     6    90    10    90     5    95 0.88 -
scaffold_10:20534327-20534067 -             87 165047at71240        -            119   2.8e-11   42.6   0.0   1   1   4.6e-13   3.3e-11   42.3   0.0     8    85     1    74     1    84 0.89 -
scaffold_493:6393-6653        -             87 165047at71240        -            119   2.8e-11   42.6   0.0   1   1   4.6e-13   3.3e-11   42.3   0.0     8    85     1    74     1    84 0.89 -
scaffold_6:32468128-32468840  -             75 165047at71240        -            119   3.5e-11   42.2   0.0   1   1   5.3e-13   3.8e-11   42.1   0.0    13    86     2    72     1    75 0.89 -
scaffold_12:2670278-2670562   -             95 165047at71240        -            119     5e-11   41.7   0.0   1   1     9e-13   6.5e-11   41.4   0.0     4    72    27    92    25    95 0.93 -
scaffold_4:16248564-16245259  -             81 165047at71240        -            119   9.9e-11   40.8   0.0   1   1   1.4e-12     1e-10   40.7   0.0     7    85     2    77     1    81 0.90 -
scaffold_4:3856769-3857020    -             84 165047at71240        -            119   1.5e-10   40.2   0.0   1   1   2.8e-12     2e-10   39.8   0.0     6    73    10    73     6    81 0.88 -
scaffold_1:34484508-34484744  -             79 165047at71240        -            119     2e-10   39.8   0.0   1   1   3.3e-12   2.4e-10   39.5   0.0     7    85     2    77     1    78 0.93 -
scaffold_9:3719427-3721978    -             77 165047at71240        -            119   5.3e-10   38.4   0.0   1   1   1.4e-11     1e-09   37.5   0.0     7    88     1    75     1    77 0.93 -
scaffold_5:10928659-10925265  -             85 165047at71240        -            119   8.8e-10   37.7   0.0   1   1   1.4e-11     1e-09   37.5   0.0     7    86     2    78     1    83 0.89 -
scaffold_4:17721306-17714433  -            688 165047at71240        -            119   1.1e-09   37.4   0.0   1   2      0.47        34    3.6   0.0     4    58    55   106    52   109 0.90 -
scaffold_4:17721306-17714433  -            688 165047at71240        -            119   1.1e-09   37.4   0.0   2   2   1.5e-09   1.1e-07   31.0   0.0     6    91   136   216   133   247 0.77 -
scaffold_6:30222839-30222615  -             75 165047at71240        -            119   2.5e-09   36.3   0.0   1   1   3.8e-11   2.8e-09   36.1   0.0     8    85     1    75     1    75 0.93 -
scaffold_4:20625440-20624846  -             92 165047at71240        -            119   2.5e-09   36.2   0.0   1   1   3.8e-11   2.7e-09   36.1   0.0     4    83    12    89     9    92 0.94 -
scaffold_4:1957329-1957117    -             71 165047at71240        -            119   3.3e-09   35.8   0.0   1   1   5.3e-11   3.8e-09   35.6   0.0     4    73     6    71     3    71 0.92 -
scaffold_8:20351640-20380215  -            115 165047at71240        -            119   3.5e-09   35.8   0.0   1   1   6.1e-11   4.4e-09   35.5   0.0     6    82    39   112    36   115 0.91 -
scaffold_4:3449341-3451296    -             89 165047at71240        -            119   3.6e-09   35.7   0.0   1   1     6e-11   4.3e-09   35.5   0.0     7    86     1    77     1    83 0.88 -
scaffold_10:13346767-13346555 -             71 165047at71240        -            119   4.1e-09   35.6   0.0   1   1   6.3e-11   4.5e-09   35.4   0.0     8    80     1    69     1    71 0.89 -
scaffold_5:7383592-7384811    -            102 165047at71240        -            119   6.5e-09   34.9   0.0   1   1   1.1e-10   7.8e-09   34.6   0.0    13    76    21    81    11    92 0.89 -
scaffold_6:10426074-10425796  -             93 165047at71240        -            119   8.2e-09   34.6   0.0   1   1   1.3e-10     9e-09   34.4   0.0     4    88     9    90     6    93 0.89 -
scaffold_6:25786175-25785969  -             69 165047at71240        -            119   9.3e-09   34.4   0.0   1   1   1.4e-10     1e-08   34.3   0.0    10    79     1    66     1    69 0.89 -
scaffold_1:29074781-29075032  -             84 165047at71240        -            119   1.7e-08   33.6   0.0   1   1   2.6e-10   1.8e-08   33.4   0.0     8    90     1    80     1    84 0.91 -
scaffold_1:34483842-34484195  -            118 165047at71240        -            119   2.2e-08   33.2   0.0   1   1     4e-10   2.9e-08   32.8   0.0     7    85    23    98    18   103 0.93 -
scaffold_2:17039797-17042809  -            156 165047at71240        -            119   2.6e-08   32.9   0.0   1   1   4.8e-10   3.5e-08   32.6   0.0    11    91    50   126    40   151 0.81 -
scaffold_9:2285762-2285475    -             96 165047at71240        -            119   4.2e-08   32.3   0.0   1   1   7.8e-10   5.6e-08   31.9   0.0     4    73    31    96    28    96 0.90 -
scaffold_2:1571248-1570988    -             87 165047at71240        -            119   4.5e-08   32.2   0.0   1   1   6.9e-10     5e-08   32.0   0.0     7    87     8    85     3    87 0.90 -
scaffold_1:259837-260364      -             79 165047at71240        -            119   6.2e-08   31.7   0.0   1   1   9.4e-10   6.7e-08   31.6   0.0     7    86     1    77     1    79 0.91 -
scaffold_10:2945208-2944993   -             72 165047at71240        -            119   1.2e-07   30.8   0.0   1   1   1.9e-09   1.3e-07   30.7   0.0     8    69     1    59     1    68 0.87 -
scaffold_9:2286113-2285883    -             77 165047at71240        -            119   1.2e-07   30.8   0.0   1   1     2e-09   1.4e-07   30.6   0.0     6    70    16    76    11    77 0.90 -
scaffold_8:22314612-22324870  -            509 165047at71240        -            119     2e-07   30.1   0.0   1   1   5.8e-09   4.2e-07   29.1   0.0     7   100    18   107    13   112 0.85 -
scaffold_2:8385751-8385503    -             83 165047at71240        -            119   2.1e-07   30.0   0.1   1   1   6.3e-09   4.5e-07   29.0   0.1     6    80    15    80    10    83 0.89 -
scaffold_2:5408419-5413628    -            462 165047at71240        -            119   2.4e-07   29.8   0.1   1   2    0.0028       0.2   10.8   0.0     9    99    40   123    32   138 0.80 -
scaffold_2:5408419-5413628    -            462 165047at71240        -            119   2.4e-07   29.8   0.1   2   2   4.5e-05    0.0032   16.5   0.0     6    90   373   458   369   462 0.91 -
scaffold_12:7608639-7608911   -             91 165047at71240        -            119   3.4e-07   29.3   0.0   1   1   5.7e-09   4.1e-07   29.1   0.0     6    89     4    83     2    90 0.80 -
scaffold_9:13718642-13718376  -             89 165047at71240        -            119   4.1e-07   29.1   0.0   1   1   6.9e-09     5e-07   28.8   0.0     8    86     1    75     1    85 0.85 -
scaffold_9:5033386-5051630    -            137 165047at71240        -            119   4.5e-07   29.0   0.0   1   1     9e-09   6.5e-07   28.5   0.0     7    86    37   113    33   121 0.90 -
scaffold_4:12811650-12808602  -            523 165047at71240        -            119   4.9e-07   28.9   0.0   1   2   0.00017     0.012   14.7   0.0     6    50   203   251   197   280 0.82 -
scaffold_4:12811650-12808602  -            523 165047at71240        -            119   4.9e-07   28.9   0.0   2   2    0.0015      0.11   11.6   0.0     6    69   314   378   310   404 0.87 -
scaffold_2:5853698-5853961    -             88 165047at71240        -            119   5.2e-07   28.8   0.1   1   1   9.3e-09   6.7e-07   28.4   0.1     5    69    20    81    16    85 0.90 -
scaffold_8:23790060-23789797  -             88 165047at71240        -            119   5.3e-07   28.7   0.1   1   1   5.7e-08   4.1e-06   25.9   0.1     1    76     1    67     1    79 0.89 -
scaffold_9:4038703-4038449    -             85 165047at71240        -            119   5.7e-07   28.6   0.0   1   1   1.1e-08   7.9e-07   28.2   0.0     6    67    27    84    23    85 0.86 -
scaffold_3:31299455-31299105  -            117 165047at71240        -            119   5.9e-07   28.6   0.1   1   1   5.5e-08   3.9e-06   25.9   0.1     1    76     1    67     1   100 0.88 -
scaffold_10:9289435-9289692   -             86 165047at71240        -            119   6.5e-07   28.4   0.0   1   1     1e-08   7.4e-07   28.3   0.0     4    74    18    85    15    86 0.92 -
scaffold_4:3153245-3153042    -             68 165047at71240        -            119   6.9e-07   28.4   0.0   1   1   1.1e-08   8.1e-07   28.2   0.0     7    74     1    65     1    67 0.92 -
scaffold_2:7921295-7921074    -             74 165047at71240        -            119   7.6e-07   28.2   0.0   1   1   1.1e-08   8.3e-07   28.1   0.0     8    71     1    61     1    72 0.87 -
scaffold_4:3856373-3856609    -             79 165047at71240        -            119   9.9e-07   27.9   0.0   1   1   1.7e-08   1.2e-06   27.6   0.0    12    81    13    78     6    79 0.88 -
scaffold_3:37574156-37544748  -           2264 165047at71240        -            119   1.1e-06   27.8   0.5   1   2   0.00055     0.039   13.0   0.0    19    60  1930  1968  1924  1992 0.78 -
scaffold_3:37574156-37544748  -           2264 165047at71240        -            119   1.1e-06   27.8   0.5   2   2    0.0023      0.16   11.0   0.0     5    62  2004  2058  2000  2068 0.81 -
scaffold_3:31684279-31684515  -             79 165047at71240        -            119   1.3e-06   27.5   0.0   1   1   1.9e-08   1.4e-06   27.4   0.0     9    72     4    64     1    75 0.89 -
scaffold_2:22503876-22503679  -             66 165047at71240        -            119   1.5e-06   27.3   0.0   1   1   2.2e-08   1.6e-06   27.2   0.0     7    70     3    63     1    66 0.86 -
scaffold_5:5433685-5434410    -             77 165047at71240        -            119   1.9e-06   27.0   0.0   1   1   3.2e-08   2.3e-06   26.7   0.0     7    82     3    75     1    77 0.86 -
scaffold_9:4039022-4038786    -             79 165047at71240        -            119   2.2e-06   26.8   0.0   1   1   3.6e-08   2.6e-06   26.5   0.0     8    78     8    74     4    79 0.87 -
scaffold_8:19219409-19219681  -             91 165047at71240        -            119   2.3e-06   26.7   0.0   1   1   2.4e-07   1.7e-05   23.9   0.0     6    85    20    90    16    91 0.90 -
scaffold_8:19225119-19225421  -            101 165047at71240        -            119   2.6e-06   26.5   0.0   1   1   4.6e-07   3.3e-05   23.0   0.0    13    82    22    81    11   100 0.77 -
scaffold_3:26605385-26605095  -             97 165047at71240        -            119   3.5e-06   26.1   0.0   1   1   5.5e-08   3.9e-06   25.9   0.0     4    80    21    94    18    97 0.88 -
scaffold_7:5121010-5123306    -             81 165047at71240        -            119   3.8e-06   26.0   0.0   1   1     6e-08   4.3e-06   25.8   0.0    13    78     4    66     1    76 0.86 -
scaffold_4:22001458-22001063  -            132 165047at71240        -            119   4.7e-06   25.7   0.0   1   1   9.8e-08     7e-06   25.1   0.0     4    95    35   124    32   131 0.84 -
scaffold_5:7600638-7600315    -            108 165047at71240        -            119   5.8e-06   25.4   0.0   1   1     1e-07   7.2e-06   25.1   0.0     6    71    20    82    17   106 0.75 -
scaffold_10:12672609-12672337 -             91 165047at71240        -            119   6.6e-06   25.2   0.0   1   1     1e-07   7.2e-06   25.1   0.0     2    87     3    86     2    91 0.87 -
scaffold_1:1969295-1969501    -             69 165047at71240        -            119   6.9e-06   25.1   0.0   1   1     1e-07   7.4e-06   25.1   0.0     7    64     1    55     1    69 0.76 -
scaffold_4:7907247-7908065    -             81 165047at71240        -            119   6.9e-06   25.1   0.0   1   1   1.2e-07   8.6e-06   24.8   0.0     5    83     2    77     1    80 0.91 -
scaffold_31:783458-783153     -            102 165047at71240        -            119   8.5e-06   24.9   0.0   1   1   1.4e-07   9.9e-06   24.6   0.0     8    87     1    76     1    89 0.86 -
scaffold_6:30997831-30998157  -            109 165047at71240        -            119   9.1e-06   24.8   0.0   1   1   1.6e-07   1.1e-05   24.5   0.0     6    80    18    88    15   104 0.75 -
scaffold_1:15795182-15795418  -             79 165047at71240        -            119     1e-05   24.6   0.0   1   1   1.6e-07   1.1e-05   24.4   0.0     9    75     1    64     1    76 0.91 -
scaffold_2:16492996-16492655  -            114 165047at71240        -            119   1.2e-05   24.4   0.0   1   1     2e-07   1.5e-05   24.1   0.0    44    84    18    58     6    79 0.87 -
scaffold_2:29894828-29895037  -             70 165047at71240        -            119   1.2e-05   24.4   0.0   1   1   1.8e-07   1.3e-05   24.3   0.0     7    61     1    52     1    69 0.81 -
scaffold_2:4487457-4485818    -            153 165047at71240        -            119   1.3e-05   24.3   0.0   1   1   3.5e-07   2.5e-05   23.3   0.0    10    88     1    76     1    92 0.84 -
scaffold_4:5355682-5355437    -             82 165047at71240        -            119   1.3e-05   24.2   0.0   1   1   2.2e-07   1.6e-05   24.0   0.0     5    70    18    80    15    82 0.90 -
scaffold_10:20534054-20533830 -             75 165047at71240        -            119   1.4e-05   24.2   0.0   1   1   2.1e-07   1.5e-05   24.0   0.0     9    82     2    71     1    75 0.90 -
scaffold_493:6666-6890        -             75 165047at71240        -            119   1.4e-05   24.2   0.0   1   1   2.1e-07   1.5e-05   24.0   0.0     9    82     2    71     1    75 0.90 -
scaffold_5:12474890-12475126  -             79 165047at71240        -            119   1.5e-05   24.1   0.0   1   1   2.5e-07   1.8e-05   23.8   0.0     8    86     1    77     1    79 0.85 -
scaffold_1:43398332-43397979  -            118 165047at71240        -            119     2e-05   23.7   0.0   1   1   3.5e-07   2.5e-05   23.3   0.0     6    83    29   102    26   115 0.76 -
scaffold_10:13346494-13346261 -             78 165047at71240        -            119   2.2e-05   23.5   0.0   1   1   3.4e-07   2.4e-05   23.4   0.0     8    78     1    67     1    78 0.86 -
scaffold_8:26119973-26122105  -            198 165047at71240        -            119   2.9e-05   23.1   0.1   1   1   1.1e-06   8.2e-05   21.7   0.0    49    85   160   196   143   198 0.89 -
scaffold_9:15637823-15636934  -             69 165047at71240        -            119   3.2e-05   23.0   0.0   1   1   4.9e-07   3.5e-05   22.9   0.0    20    74    16    67     8    69 0.87 -
scaffold_9:10777643-10777383  -             87 165047at71240        -            119   3.6e-05   22.8   0.0   1   1   5.7e-07   4.1e-05   22.7   0.0     7    83     1    73     1    85 0.76 -
scaffold_2:16500011-16498167  -            186 165047at71240        -            119   3.7e-05   22.8   0.0   1   1   8.2e-07   5.9e-05   22.1   0.0     6    87   107   185   101   186 0.86 -
scaffold_3:35614813-35621978  -           1065 165047at71240        -            119   3.8e-05   22.7   0.0   1   2      0.02       1.4    8.0   0.0    13    70   299   353   291   378 0.69 -
scaffold_3:35614813-35621978  -           1065 165047at71240        -            119   3.8e-05   22.7   0.0   2   2    0.0011     0.082   12.0   0.0    46    90   491   535   454   555 0.78 -
scaffold_3:40240989-40239832  -             58 165047at71240        -            119   4.4e-05   22.5   0.1   1   1   6.5e-07   4.7e-05   22.5   0.1    14    70     4    57     1    58 0.84 -
scaffold_8:18326737-18325669  -             66 165047at71240        -            119   4.8e-05   22.4   0.0   1   1     7e-07   5.1e-05   22.4   0.0    18    74     7    62     1    64 0.86 -
scaffold_12:3296425-3296631   -             69 165047at71240        -            119   5.1e-05   22.3   0.0   1   1   7.5e-07   5.4e-05   22.3   0.0     7    60     1    51     1    69 0.78 -
scaffold_11:7146102-7146380   -             93 165047at71240        -            119     6e-05   22.1   0.0   1   1   9.3e-07   6.7e-05   22.0   0.0     8    95     3    89     1    93 0.78 -
scaffold_5:7601203-7600997    -             69 165047at71240        -            119   6.1e-05   22.1   0.1   1   1   9.1e-07   6.5e-05   22.0   0.1     7    74     1    68     1    69 0.78 -
scaffold_2:6557845-6540914    -            675 165047at71240        -            119     8e-05   21.7   0.0   1   2       1.4     1e+02    2.0   0.0     8    36   303   331   298   376 0.79 -
scaffold_2:6557845-6540914    -            675 165047at71240        -            119     8e-05   21.7   0.0   2   2   0.00018     0.013   14.6   0.0     6    87   396   467   391   475 0.80 -
scaffold_4:23010965-23010717  -             83 165047at71240        -            119   8.7e-05   21.6   0.0   1   1   1.6e-06   0.00011   21.2   0.0     6    73    17    80    12    82 0.88 -
scaffold_5:10168494-10150523  -            912 165047at71240        -            119     9e-05   21.6   0.0   1   1     3e-06   0.00021   20.3   0.0     3    96   150   243   148   251 0.85 -
scaffold_6:30997320-30997526  -             69 165047at71240        -            119     9e-05   21.5   0.0   1   1   1.3e-06   9.7e-05   21.4   0.0     7    74     1    68     1    69 0.78 -
scaffold_10:3153403-3154250   -             83 165047at71240        -            119   9.1e-05   21.5   0.0   1   1   1.5e-06   0.00011   21.3   0.0     7    86     1    77     1    82 0.89 -
scaffold_5:16176726-16176466  -             87 165047at71240        -            119   9.7e-05   21.4   0.0   1   1   1.5e-06    0.0001   21.3   0.0     8    91     1    82     1    87 0.87 -
scaffold_95:112594-112908     -            105 165047at71240        -            119   0.00015   20.8   0.0   1   1   2.5e-06   0.00018   20.6   0.0     8    92     1    81     1    90 0.90 -
scaffold_12:9074755-9074384   -            124 165047at71240        -            119   0.00016   20.8   0.0   1   1   2.8e-06    0.0002   20.4   0.0     2    88    38   122    37   124 0.84 -
scaffold_6:14307303-14257929  -            567 165047at71240        -            119   0.00016   20.8   0.0   1   1   5.7e-06   0.00041   19.4   0.0     6    87     4    82     2    88 0.85 -
scaffold_4:12197585-12197788  -             68 165047at71240        -            119   0.00016   20.8   0.0   1   1   2.4e-06   0.00017   20.6   0.0     8    74     1    66     1    68 0.86 -
scaffold_4:1958709-1958449    -             87 165047at71240        -            119   0.00017   20.7   0.0   1   1   3.2e-06   0.00023   20.2   0.0     7    66    30    85    25    87 0.88 -
scaffold_13:9448331-9448071   -             87 165047at71240        -            119   0.00025   20.1   0.0   1   1     4e-06   0.00029   19.9   0.0    43    94    34    85     1    87 0.75 -
scaffold_1:43398874-43398620  -             85 165047at71240        -            119   0.00026   20.1   0.0   1   1   4.2e-06    0.0003   19.9   0.0     6    77    12    83     6    85 0.78 -
scaffold_11:3010799-3011068   -             90 165047at71240        -            119   0.00032   19.8   0.0   1   1   5.2e-06   0.00038   19.5   0.0     4    75    13    85    10    90 0.76 -
scaffold_9:10779050-10778826  -             75 165047at71240        -            119   0.00037   19.5   0.0   1   1     6e-06   0.00043   19.4   0.0     7    73     1    67     1    73 0.74 -
scaffold_6:22413252-22413031  -             74 165047at71240        -            119   0.00038   19.5   0.0   1   1   6.1e-06   0.00044   19.3   0.0     6    71     2    64     1    72 0.78 -
scaffold_1:35182692-35182889  -             66 165047at71240        -            119   0.00041   19.4   0.0   1   1   6.1e-06   0.00044   19.3   0.0     7    71     3    64     1    66 0.88 -
scaffold_2:29896050-29896307  -             86 165047at71240        -            119   0.00043   19.4   0.0   1   1   6.8e-06   0.00049   19.2   0.0     7    69     1    60     1    77 0.81 -
scaffold_12:7607087-7607293   -             69 165047at71240        -            119   0.00047   19.2   0.0   1   1   6.9e-06   0.00049   19.2   0.0     7    66     1    57     1    69 0.75 -
scaffold_12:3297563-3297817   -             85 165047at71240        -            119   0.00048   19.2   0.0   1   1     7e-06    0.0005   19.1   0.0     7    74     1    65     1    83 0.80 -
scaffold_1:1970799-1971056    -             86 165047at71240        -            119    0.0005   19.2   0.0   1   1   7.8e-06   0.00056   19.0   0.0     7    69     1    60     1    77 0.81 -
scaffold_4:7817332-7817177    -             52 165047at71240        -            119   0.00054   19.0   0.0   1   1     8e-06   0.00058   18.9   0.0    13    66     2    52     1    52 0.88 -
scaffold_10:196240-195845     -            132 165047at71240        -            119    0.0006   18.9   0.0   1   1   1.1e-05   0.00078   18.5   0.0     5    89    47   129    43   132 0.78 -
scaffold_4:1384943-1385152    -             70 165047at71240        -            119   0.00061   18.9   0.0   1   1   8.7e-06   0.00063   18.8   0.0    22    64    13    52     3    70 0.69 -
scaffold_3:10300035-10300262  -             76 165047at71240        -            119   0.00081   18.5   0.0   1   1   1.2e-05   0.00087   18.4   0.0     8    82     2    73     1    75 0.86 -
scaffold_6:22443380-22443144  -             79 165047at71240        -            119   0.00089   18.3   0.0   1   1   1.3e-05   0.00097   18.2   0.0     3    73     6    73     4    79 0.81 -
scaffold_6:22442702-22442457  -             82 165047at71240        -            119    0.0011   18.0   0.1   1   1   1.8e-05    0.0013   17.8   0.1     7    71     1    62     1    79 0.78 -
scaffold_8:17260420-17260073  -            116 165047at71240        -            119    0.0014   17.7   0.0   1   1   2.5e-05    0.0018   17.4   0.0     8    98     2    88     1   112 0.85 -
scaffold_6:25785914-25785726  -             63 165047at71240        -            119     0.002   17.2   0.0   1   1   3.3e-05    0.0024   17.0   0.0     7    72     2    63     1    63 0.87 -
scaffold_9:15616888-15616203  -             59 165047at71240        -            119    0.0027   16.8   0.0   1   1   3.8e-05    0.0027   16.8   0.0    19    65    15    58     4    59 0.85 -
scaffold_11:7766354-7765537   -             80 165047at71240        -            119    0.0033   16.5   0.0   1   1   5.7e-05    0.0041   16.2   0.0     6    63    13    66    10    77 0.78 -
scaffold_4:12194230-12194466  -             79 165047at71240        -            119    0.0043   16.1   0.1   1   1   7.2e-05    0.0052   15.9   0.1     7    74     2    65     1    69 0.72 -
scaffold_7:2466427-2507397    -             96 165047at71240        -            119    0.0044   16.1   0.0   1   1   7.5e-05    0.0054   15.8   0.0     6    82    18    90    15    95 0.74 -
scaffold_4:1384272-1384487    -             72 165047at71240        -            119     0.005   15.9   0.0   1   1   7.4e-05    0.0054   15.8   0.0    23    62    30    66    17    72 0.80 -
scaffold_7:11642898-11642611  -             96 165047at71240        -            119    0.0066   15.5   0.0   1   1   0.00012    0.0086   15.2   0.0     4    81     6    79     3    93 0.78 -
scaffold_6:22412804-22412568  -             79 165047at71240        -            119    0.0072   15.4   0.1   1   1   0.00015     0.011   14.9   0.1     7    71     3    64     1    75 0.76 -
scaffold_7:9137057-9137326    -             90 165047at71240        -            119    0.0085   15.2   0.0   1   1   0.00013    0.0095   15.0   0.0    43    98    32    87     1    89 0.76 -
scaffold_1:872200-871937      -             88 165047at71240        -            119    0.0095   15.0   0.0   1   1   0.00016     0.011   14.8   0.0     8    87     1    76     1    87 0.80 -
scaffold_2:17398117-17403010  -            707 165047at71240        -            119     0.012   14.7   0.0   1   1   0.00046     0.033   13.3   0.0     7    87     1    77     1    96 0.78 -
scaffold_4:11461247-11461495  -             83 165047at71240        -            119     0.014   14.5   0.0   1   1   0.00022     0.016   14.3   0.0     8    86     1    75     1    82 0.78 -
scaffold_7:9493421-9493194    -             76 165047at71240        -            119     0.015   14.3   0.0   1   1   0.00023     0.017   14.2   0.0     7    76     2    67     1    76 0.86 -
scaffold_3:31292380-31292249  -             44 165047at71240        -            119     0.018   14.1   0.0   1   1   0.00026     0.018   14.1   0.0    47    82     8    43     3    44 0.84 -
scaffold_9:15980670-15980257  -            138 165047at71240        -            119     0.019   14.1   0.0   1   1   0.00035     0.025   13.7   0.0     8    82     1    71     1    97 0.79 -
scaffold_6:9708256-9708618    -            121 165047at71240        -            119     0.019   14.0   0.0   1   1   0.00037     0.027   13.6   0.0     8    99     1    88     1   105 0.84 -
scaffold_8:16484844-16484557  -             96 165047at71240        -            119     0.028   13.5   0.0   1   1   0.00051     0.037   13.1   0.0     5    66    28    86    24    94 0.80 -
scaffold_6:13950281-13951033  -            251 165047at71240        -            119     0.041   13.0   0.1   1   1    0.0016      0.11   11.5   0.0    13    70   170   226   158   239 0.80 -
scaffold_7:9990446-9990709    -             88 165047at71240        -            119     0.054   12.6   0.0   1   1   0.00091     0.065   12.3   0.0     8    87     1    76     1    86 0.86 -
scaffold_8:23786531-23786400  -             44 165047at71240        -            119     0.057   12.5   0.0   1   1   0.00081     0.058   12.5   0.0    47    82     8    43     3    44 0.83 -
scaffold_7:8895726-8895986    -             87 165047at71240        -            119     0.059   12.4   0.0   1   1   0.00091     0.065   12.3   0.0     6    83     7    79     1    86 0.70 -
scaffold_3:36196998-36196249  -            250 165047at71240        -            119     0.072   12.2   0.1   1   1    0.0029      0.21   10.7   0.0    13    70   169   225   157   238 0.80 -
scaffold_9:19165102-19164803  -            100 165047at71240        -            119     0.077   12.1   0.0   1   1    0.0014       0.1   11.7   0.0     6    85    24    99    19   100 0.77 -
scaffold_8:9957716-9957432    -             95 165047at71240        -            119     0.083   12.0   0.0   1   1    0.0018      0.13   11.3   0.0     8    82     1    71     1    81 0.80 -
scaffold_14:2416257-2416018   -             80 165047at71240        -            119     0.093   11.8   0.0   1   1    0.0017      0.13   11.4   0.0     8    88     1    77     1    80 0.84 -
#
# Program:         hmmsearch
# Version:         3.3.2 (Nov 2020)
# Pipeline mode:   SEARCH
# Query file:      /scratch/srb67793/Pelargonium/scripts/busco_downloads/lineages/eudicots_odb10/hmms/165047at71240.hmm
# Target file:     /scratch/srb67793/Pelargonium/scripts/scratch/srb67793/Pelargonium/Results2/HiFiASM_OmniC/P_citronellum_hap2-scaffolds-busco/run_eudicots_odb10/metaeuk_output/initial_results/P_citronellum-hap2_scaffolds_final.fa.modified.fas
# Option settings: hmmsearch --domtblout /scratch/srb67793/Pelargonium/scripts/scratch/srb67793/Pelargonium/Results2/HiFiASM_OmniC/P_citronellum_hap2-scaffolds-busco/run_eudicots_odb10/hmmer_output/initial_run_results/165047at71240.out --cpu 1 /scratch/srb67793/Pelargonium/scripts/busco_downloads/lineages/eudicots_odb10/hmms/165047at71240.hmm /scratch/srb67793/Pelargonium/scripts/scratch/srb67793/Pelargonium/Results2/HiFiASM_OmniC/P_citronellum_hap2-scaffolds-busco/run_eudicots_odb10/metaeuk_output/initial_results/P_citronellum-hap2_scaffolds_final.fa.modified.fas 
# Current dir:     /scratch/srb67793/Pelargonium/scripts
# Date:            Fri Jul 19 11:03:17 2024
# [ok]
