#                                                                                    --- full sequence --- -------------- this domain -------------   hmm coord   ali coord   env coord
# target name                accession   tlen query name           accession   qlen   E-value  score  bias   #  of  c-Evalue  i-Evalue  score  bias  from    to  from    to  from    to  acc description of target
#        ------------------- ---------- ----- -------------------- ---------- ----- --------- ------ ----- --- --- --------- --------- ------ ----- ----- ----- ----- ----- ----- ----- ---- ---------------------
scaffold_4:8626355-8627020   -            222 171500at71240        -            176   2.1e-61  206.0  12.5   1   2   5.2e-20   1.7e-16   59.7   0.0     1    41     1    41     1    55 0.89 -
scaffold_4:8626355-8627020   -            222 171500at71240        -            176   2.1e-61  206.0  12.5   2   2   3.6e-46   1.2e-42  144.9  10.2    40   175    68   216    54   217 0.79 -
scaffold_5:14065461-14065859 -            133 171500at71240        -            176   6.3e-07   28.6  10.4   1   1   2.4e-09   7.7e-06   25.0  10.4    53   166     4   133     1   133 0.65 -
scaffold_9:11118372-11120132 -            587 171500at71240        -            176     0.019   14.0   0.1   1   6   5.9e-06     0.019   14.0   0.1     5    52    12    60     8    65 0.77 -
scaffold_9:11118372-11120132 -            587 171500at71240        -            176     0.019   14.0   0.1   2   6      0.38   1.2e+03   -1.7   1.2    32    69   107   143    89   154 0.47 -
scaffold_9:11118372-11120132 -            587 171500at71240        -            176     0.019   14.0   0.1   3   6      0.25     8e+02   -1.1   3.4    95   139   215   261   207   280 0.50 -
scaffold_9:11118372-11120132 -            587 171500at71240        -            176     0.019   14.0   0.1   4   6      0.53   1.7e+03   -2.2  18.8    47   126   326   403   304   438 0.66 -
scaffold_9:11118372-11120132 -            587 171500at71240        -            176     0.019   14.0   0.1   5   6       2.7   8.8e+03   -4.5  11.0    30   114   394   482   391   489 0.73 -
scaffold_9:11118372-11120132 -            587 171500at71240        -            176     0.019   14.0   0.1   6   6       0.5   1.6e+03   -2.1   0.2    96   115   563   582   536   586 0.77 -
#
# Program:         hmmsearch
# Version:         3.3.2 (Nov 2020)
# Pipeline mode:   SEARCH
# Query file:      /scratch/srb67793/Pelargonium/scripts/busco_downloads/lineages/eudicots_odb10/hmms/171500at71240.hmm
# Target file:     /scratch/srb67793/Pelargonium/scripts/scratch/srb67793/Pelargonium/Results2/HiFiASM_OmniC/P_citronellum_hap2-scaffolds-busco/run_eudicots_odb10/metaeuk_output/initial_results/P_citronellum-hap2_scaffolds_final.fa.modified.fas
# Option settings: hmmsearch --domtblout /scratch/srb67793/Pelargonium/scripts/scratch/srb67793/Pelargonium/Results2/HiFiASM_OmniC/P_citronellum_hap2-scaffolds-busco/run_eudicots_odb10/hmmer_output/initial_run_results/171500at71240.out --cpu 1 /scratch/srb67793/Pelargonium/scripts/busco_downloads/lineages/eudicots_odb10/hmms/171500at71240.hmm /scratch/srb67793/Pelargonium/scripts/scratch/srb67793/Pelargonium/Results2/HiFiASM_OmniC/P_citronellum_hap2-scaffolds-busco/run_eudicots_odb10/metaeuk_output/initial_results/P_citronellum-hap2_scaffolds_final.fa.modified.fas 
# Current dir:     /scratch/srb67793/Pelargonium/scripts
# Date:            Fri Jul 19 11:03:21 2024
# [ok]
