#                                                                                    --- full sequence --- -------------- this domain -------------   hmm coord   ali coord   env coord
# target name                accession   tlen query name           accession   qlen   E-value  score  bias   #  of  c-Evalue  i-Evalue  score  bias  from    to  from    to  from    to  acc description of target
#        ------------------- ---------- ----- -------------------- ---------- ----- --------- ------ ----- --- --- --------- --------- ------ ----- ----- ----- ----- ----- ----- ----- ---- ---------------------
scaffold_4:23439006-23438576 -             86 173601at71240        -             70   5.1e-38  127.8   2.1   1   1   3.1e-41     6e-38  127.6   2.1     1    70     6    81     6    81 0.92 -
scaffold_2:20881172-20856567 -            522 173601at71240        -             70    0.0016   17.3   2.3   1   2   3.1e-06     0.006   15.5   0.4     3    39   438   474   437   484 0.89 -
scaffold_2:20881172-20856567 -            522 173601at71240        -             70    0.0016   17.3   2.3   2   2      0.16   3.1e+02    0.4   0.1    17    32   485   500   483   510 0.82 -
scaffold_1:34299386-34300381 -            332 173601at71240        -             70    0.0057   15.5   0.8   1   2     5e-06    0.0097   14.8   0.1     9    39   249   279   246   287 0.90 -
scaffold_1:34299386-34300381 -            332 173601at71240        -             70    0.0057   15.5   0.8   2   2       1.9   3.6e+03   -3.0   0.0    25    36   299   310   290   315 0.72 -
scaffold_2:20929180-20930816 -            502 173601at71240        -             70      0.01   14.7   0.3   1   2      0.28   5.4e+02   -0.4   0.0    41    53   332   344   329   360 0.77 -
scaffold_2:20929180-20930816 -            502 173601at71240        -             70      0.01   14.7   0.3   2   2   4.3e-05     0.084   11.8   0.2     9    39   424   454   419   470 0.87 -
scaffold_1:34302710-34301721 -            330 173601at71240        -             70     0.026   13.5   0.4   1   2   2.6e-05     0.051   12.5   0.1    11    38   251   278   246   285 0.91 -
scaffold_1:34302710-34301721 -            330 173601at71240        -             70     0.026   13.5   0.4   2   2       2.5   4.9e+03   -3.4   0.0    25    33   299   307   291   313 0.72 -
#
# Program:         hmmsearch
# Version:         3.3.2 (Nov 2020)
# Pipeline mode:   SEARCH
# Query file:      /scratch/srb67793/Pelargonium/scripts/busco_downloads/lineages/eudicots_odb10/hmms/173601at71240.hmm
# Target file:     /scratch/srb67793/Pelargonium/scripts/scratch/srb67793/Pelargonium/Results2/HiFiASM_OmniC/P_citronellum_hap2-scaffolds-busco/run_eudicots_odb10/metaeuk_output/initial_results/P_citronellum-hap2_scaffolds_final.fa.modified.fas
# Option settings: hmmsearch --domtblout /scratch/srb67793/Pelargonium/scripts/scratch/srb67793/Pelargonium/Results2/HiFiASM_OmniC/P_citronellum_hap2-scaffolds-busco/run_eudicots_odb10/hmmer_output/initial_run_results/173601at71240.out --cpu 1 /scratch/srb67793/Pelargonium/scripts/busco_downloads/lineages/eudicots_odb10/hmms/173601at71240.hmm /scratch/srb67793/Pelargonium/scripts/scratch/srb67793/Pelargonium/Results2/HiFiASM_OmniC/P_citronellum_hap2-scaffolds-busco/run_eudicots_odb10/metaeuk_output/initial_results/P_citronellum-hap2_scaffolds_final.fa.modified.fas 
# Current dir:     /scratch/srb67793/Pelargonium/scripts
# Date:            Fri Jul 19 11:03:22 2024
# [ok]
