#                                                                                     --- full sequence --- -------------- this domain -------------   hmm coord   ali coord   env coord
# target name                 accession   tlen query name           accession   qlen   E-value  score  bias   #  of  c-Evalue  i-Evalue  score  bias  from    to  from    to  from    to  acc description of target
#         ------------------- ---------- ----- -------------------- ---------- ----- --------- ------ ----- --- --- --------- --------- ------ ----- ----- ----- ----- ----- ----- ----- ---- ---------------------
scaffold_7:13893616-13885895  -            875 19245at71240         -            597  5.5e-295  978.3  12.4   1   5         4   8.1e+02   -3.1   0.0     2    23    26    51    25    56 0.70 -
scaffold_7:13893616-13885895  -            875 19245at71240         -            597  5.5e-295  978.3  12.4   2   5    2e-132    4e-130  433.9   0.6    27   265   153   390   145   416 0.95 -
scaffold_7:13893616-13885895  -            875 19245at71240         -            597  5.5e-295  978.3  12.4   3   5   1.1e-11   2.2e-09   35.1   0.1   261   295   455   489   445   493 0.88 -
scaffold_7:13893616-13885895  -            875 19245at71240         -            597  5.5e-295  978.3  12.4   4   5  5.6e-110  1.1e-107  359.7   0.0   293   480   524   715   520   723 0.97 -
scaffold_7:13893616-13885895  -            875 19245at71240         -            597  5.5e-295  978.3  12.4   5   5   4.8e-48   9.6e-46  155.2   0.2   471   592   726   854   718   860 0.86 -
scaffold_5:2567291-2573169    -            586 19245at71240         -            597   1.5e-84  283.4   4.2   1   2   1.4e-53   2.8e-51  173.5   0.0    40   246   183   389   169   410 0.86 -
scaffold_5:2567291-2573169    -            586 19245at71240         -            597   1.5e-84  283.4   4.2   2   2   4.6e-34   9.4e-32  109.0   3.5   296   456   410   584   395   586 0.86 -
scaffold_8:18219629-18229684  -            709 19245at71240         -            597   1.7e-71  240.2   0.7   1   2     7e-50   1.4e-47  161.3   0.0    33   249    24   237    16   252 0.85 -
scaffold_8:18219629-18229684  -            709 19245at71240         -            597   1.7e-71  240.2   0.7   2   2   1.3e-24   2.7e-22   77.8   0.3   284   458   245   416   238   433 0.81 -
scaffold_10:3630105-3626898   -            311 19245at71240         -            597   1.1e-59  201.3   0.0   1   2     4e-47   8.1e-45  152.2   0.0    38   248    10   208     3   222 0.89 -
scaffold_10:3630105-3626898   -            311 19245at71240         -            597   1.1e-59  201.3   0.0   2   2   1.4e-15   2.7e-13   48.0   0.0   296   377   227   311   207   311 0.87 -
scaffold_1:29404901-29445546  -           1969 19245at71240         -            597   2.3e-44  150.6   1.7   1   2   1.7e-31   3.5e-29  100.5   1.0    32   263  1467  1672  1461  1683 0.85 -
scaffold_1:29404901-29445546  -           1969 19245at71240         -            597   2.3e-44  150.6   1.7   2   2   1.1e-15   2.2e-13   48.3   0.0   317   377  1688  1748  1669  1757 0.89 -
scaffold_2:14048189-14034940  -           1147 19245at71240         -            597   1.4e-14   52.3   0.0   1   2   8.8e-07   0.00018   18.9   0.0    39    82   418   461   392   565 0.77 -
scaffold_2:14048189-14034940  -           1147 19245at71240         -            597   1.4e-14   52.3   0.0   2   2   1.9e-10   3.8e-08   31.1   0.0   319   391   700   772   692   778 0.92 -
scaffold_8:26682510-26683796  -            429 19245at71240         -            597   5.9e-14   50.2   0.0   1   2   0.00021     0.043   11.1   0.1    41   173    69   216    53   230 0.65 -
scaffold_8:26682510-26683796  -            429 19245at71240         -            597   5.9e-14   50.2   0.0   2   2   3.9e-12   7.9e-10   36.6   0.0   295   399   298   406   267   422 0.83 -
scaffold_5:31856298-31857614  -            439 19245at71240         -            597   3.9e-12   44.2   0.0   1   2   5.3e-05     0.011   13.1   0.0    42    88    49    95    42   103 0.83 -
scaffold_5:31856298-31857614  -            439 19245at71240         -            597   3.9e-12   44.2   0.0   2   2   7.7e-10   1.6e-07   29.0   0.0   296   414   287   409   259   423 0.81 -
scaffold_6:29841623-29844320  -            392 19245at71240         -            597   9.9e-12   42.9   0.0   1   2   9.4e-06    0.0019   15.5   0.0    42   173    10   153     2   165 0.69 -
scaffold_6:29841623-29844320  -            392 19245at71240         -            597   9.9e-12   42.9   0.0   2   2   9.7e-09     2e-06   25.4   0.0   296   388   238   332   214   341 0.87 -
scaffold_5:3393510-3395691    -            254 19245at71240         -            597   2.9e-11   41.3   0.0   1   2    0.0025       0.5    7.5   0.0    61   148     4    92     1   121 0.71 -
scaffold_5:3393510-3395691    -            254 19245at71240         -            597   2.9e-11   41.3   0.0   2   2   8.1e-11   1.6e-08   32.3   0.0   298   394   154   252   135   254 0.90 -
scaffold_1:30235901-30234633  -            423 19245at71240         -            597   4.9e-11   40.6   0.1   1   3     0.019       3.9    4.6   0.0    50    82    57    89    40    93 0.87 -
scaffold_1:30235901-30234633  -            423 19245at71240         -            597   4.9e-11   40.6   0.1   2   3       2.3   4.7e+02   -2.3   0.0   305   318   124   137   106   141 0.75 -
scaffold_1:30235901-30234633  -            423 19245at71240         -            597   4.9e-11   40.6   0.1   3   3   4.6e-11   9.3e-09   33.1   0.0   296   400   295   402   268   414 0.82 -
scaffold_3:28693049-28690160  -            408 19245at71240         -            597     6e-11   40.3   0.0   1   2   0.00026     0.052   10.8   0.0    42    83    29    70    19   121 0.86 -
scaffold_3:28693049-28690160  -            408 19245at71240         -            597     6e-11   40.3   0.0   2   2   2.4e-09   4.8e-07   27.4   0.0   296   388   257   351   240   360 0.88 -
scaffold_10:10118813-10117047 -            589 19245at71240         -            597   1.8e-10   38.7   0.0   1   2   7.1e-06    0.0014   15.9   0.0    46    83   210   247   188   372 0.83 -
scaffold_10:10118813-10117047 -            589 19245at71240         -            597   1.8e-10   38.7   0.0   2   2   2.4e-07     5e-05   20.8   0.0   333   425   476   572   423   583 0.76 -
scaffold_10:10099798-10101576 -            593 19245at71240         -            597   3.3e-10   37.8   0.0   1   2   7.2e-06    0.0014   15.9   0.0    46    83   214   251   192   376 0.83 -
scaffold_10:10099798-10101576 -            593 19245at71240         -            597   3.3e-10   37.8   0.0   2   2   4.6e-07   9.2e-05   19.9   0.0   333   427   480   578   427   587 0.76 -
scaffold_4:9696392-9698659    -            445 19245at71240         -            597   4.1e-10   37.5   0.0   1   2    0.0015       0.3    8.3   0.0    44    83    81   120    65   131 0.85 -
scaffold_4:9696392-9698659    -            445 19245at71240         -            597   4.1e-10   37.5   0.0   2   2   3.1e-09   6.2e-07   27.0   0.0   296   407   313   428   286   439 0.82 -
scaffold_8:14381575-14379611  -            401 19245at71240         -            597   4.9e-10   37.3   0.0   1   2   0.00062      0.12    9.5   0.0    49    84    12    47     2   152 0.80 -
scaffold_8:14381575-14379611  -            401 19245at71240         -            597   4.9e-10   37.3   0.0   2   2   6.8e-09   1.4e-06   25.9   0.0   296   388   233   327   212   341 0.88 -
scaffold_3:2729684-2735760    -            500 19245at71240         -            597   1.6e-09   35.6   0.1   1   2     0.065        13    2.9   0.0    42    95    47   106    36   123 0.67 -
scaffold_3:2729684-2735760    -            500 19245at71240         -            597   1.6e-09   35.6   0.1   2   2   2.5e-10     5e-08   30.7   0.0   316   394   359   438   335   468 0.82 -
scaffold_5:13891087-13884551  -            704 19245at71240         -            597   1.5e-08   32.4   3.9   1   3   5.9e-05     0.012   12.9   0.0    39   168   134   275   119   310 0.72 -
scaffold_5:13891087-13884551  -            704 19245at71240         -            597   1.5e-08   32.4   3.9   2   3   7.6e-07   0.00015   19.1   0.1   296   392   365   464   345   494 0.81 -
scaffold_5:13891087-13884551  -            704 19245at71240         -            597   1.5e-08   32.4   3.9   3   3      0.64   1.3e+02   -0.4   0.2   545   592   537   585   475   590 0.82 -
scaffold_4:1668782-1675359    -            542 19245at71240         -            597   2.9e-08   31.4   0.1   1   2    0.0098         2    5.6   0.0    57    85   133   161   113   179 0.79 -
scaffold_4:1668782-1675359    -            542 19245at71240         -            597   2.9e-08   31.4   0.1   2   2   3.3e-08   6.7e-06   23.6   0.0   298   389   385   479   352   498 0.80 -
scaffold_3:25493101-25487726  -            584 19245at71240         -            597   5.2e-08   30.6   0.0   1   2   0.00023     0.046   11.0   0.0    33    81    33    81    19    90 0.89 -
scaffold_3:25493101-25487726  -            584 19245at71240         -            597   5.2e-08   30.6   0.0   2   2   2.7e-06   0.00055   17.3   0.0   311   395   356   440   312   521 0.89 -
scaffold_1:35035349-35028997  -            814 19245at71240         -            597   1.6e-07   29.0   0.0   1   2    0.0052       1.1    6.5   0.0    56    84   283   311   265   425 0.79 -
scaffold_1:35035349-35028997  -            814 19245at71240         -            597   1.6e-07   29.0   0.0   2   2   2.8e-07   5.8e-05   20.6   0.0   325   389   527   591   452   607 0.75 -
scaffold_4:5881753-5878704    -            353 19245at71240         -            597   2.9e-07   28.2   0.0   1   2    0.0067       1.4    6.1   0.0    49    81    39    71    23    79 0.84 -
scaffold_4:5881753-5878704    -            353 19245at71240         -            597   2.9e-07   28.2   0.0   2   2     5e-07    0.0001   19.7   0.0   296   392   200   298   192   322 0.84 -
scaffold_6:18511202-18506802  -            433 19245at71240         -            597   1.5e-06   25.8   0.0   1   2    0.0018      0.36    8.0   0.0    39    82    16    59    11    68 0.91 -
scaffold_6:18511202-18506802  -            433 19245at71240         -            597   1.5e-06   25.8   0.0   2   2   9.6e-06     0.002   15.5   0.0   320   394   255   329   230   336 0.84 -
scaffold_12:8940205-8948875   -            476 19245at71240         -            597     2e-06   25.4   0.1   1   2      0.35        70    0.5   0.0    59    95    68   106    36   122 0.66 -
scaffold_12:8940205-8948875   -            476 19245at71240         -            597     2e-06   25.4   0.1   2   2   7.5e-08   1.5e-05   22.5   0.0   341   397   350   406   346   432 0.87 -
scaffold_10:5182467-5180011   -            415 19245at71240         -            597   3.2e-06   24.7   0.1   1   2   0.00049     0.099    9.9   0.0    50    83    92   125    82   198 0.84 -
scaffold_10:5182467-5180011   -            415 19245at71240         -            597   3.2e-06   24.7   0.1   2   2     5e-05      0.01   13.1   0.0   296   392   311   410   236   414 0.81 -
scaffold_9:6117993-6120981    -            389 19245at71240         -            597   3.5e-06   24.6   0.0   1   2    0.0049      0.99    6.6   0.0    48    81    87   120    72   129 0.84 -
scaffold_9:6117993-6120981    -            389 19245at71240         -            597   3.5e-06   24.6   0.0   2   2     8e-06    0.0016   15.8   0.0   298   394   240   338   231   360 0.81 -
scaffold_1:22119644-22117938  -            569 19245at71240         -            597   1.3e-05   22.7   0.0   1   2    0.0026      0.52    7.5   0.0    42    82   146   186   137   190 0.89 -
scaffold_1:22119644-22117938  -            569 19245at71240         -            597   1.3e-05   22.7   0.0   2   2   5.5e-05     0.011   13.0   0.0   313   392   451   530   426   547 0.89 -
scaffold_13:9436815-9442246   -            737 19245at71240         -            597   1.4e-05   22.5   0.0   1   3   4.2e-06   0.00085   16.7   0.0    42   142    80   194    62   201 0.75 -
scaffold_13:9436815-9442246   -            737 19245at71240         -            597   1.4e-05   22.5   0.0   2   3       3.5   7.1e+02   -2.9   0.0   464   511   210   258   204   272 0.73 -
scaffold_13:9436815-9442246   -            737 19245at71240         -            597   1.4e-05   22.5   0.0   3   3     0.074        15    2.7   0.0   326   394   342   410   331   420 0.80 -
scaffold_1:38524881-38527404  -            244 19245at71240         -            597   1.8e-05   22.2   0.0   1   1   1.2e-07   2.4e-05   21.8   0.0   295   395    86   188    79   205 0.84 -
scaffold_6:16405522-16402784  -            426 19245at71240         -            597   1.9e-05   22.1   0.1   1   2      0.13        25    1.9   0.0    61    82     2    23     1   133 0.93 -
scaffold_6:16405522-16402784  -            426 19245at71240         -            597   1.9e-05   22.1   0.1   2   2   1.4e-06   0.00029   18.2   0.0   299   394   223   321   190   325 0.82 -
scaffold_8:12410507-12406893  -            276 19245at71240         -            597     4e-05   21.1   0.0   1   2    0.0068       1.4    6.1   0.0    48    81    25    58    11    68 0.83 -
scaffold_8:12410507-12406893  -            276 19245at71240         -            597     4e-05   21.1   0.0   2   2   7.5e-05     0.015   12.6   0.0   335   389   213   267   204   275 0.89 -
scaffold_10:1845387-1818778   -           1606 19245at71240         -            597   5.1e-05   20.7   0.0   1   2   5.4e-05     0.011   13.0   0.0    41    82  1164  1205  1135  1212 0.87 -
scaffold_10:1845387-1818778   -           1606 19245at71240         -            597   5.1e-05   20.7   0.0   2   2     0.013       2.7    5.1   0.0   322   393  1427  1500  1398  1506 0.80 -
scaffold_3:26681684-26675119  -            335 19245at71240         -            597   7.8e-05   20.1   0.0   1   1     6e-07   0.00012   19.5   0.0   296   394   221   322   182   329 0.83 -
scaffold_3:26684934-26686159  -            355 19245at71240         -            597   8.2e-05   20.0   0.0   1   1   6.8e-07   0.00014   19.3   0.0   296   395   224   326   186   339 0.83 -
scaffold_9:876401-875014      -            354 19245at71240         -            597   8.8e-05   19.9   0.0   1   1   6.7e-07   0.00014   19.3   0.0   296   394   223   324   194   338 0.82 -
scaffold_4:1344144-1345714    -            354 19245at71240         -            597   9.2e-05   19.9   0.0   1   1   7.2e-07   0.00014   19.2   0.0   296   394   222   323   188   337 0.83 -
scaffold_15:4197076-4206105   -            443 19245at71240         -            597   9.5e-05   19.8   0.0   1   2   2.7e-05    0.0055   14.0   0.0    41    78    65   102    40   212 0.84 -
scaffold_15:4197076-4206105   -            443 19245at71240         -            597   9.5e-05   19.8   0.0   2   2     0.034         7    3.8   0.0   333   390   355   412   347   430 0.80 -
scaffold_8:17010394-17009153  -            353 19245at71240         -            597   9.5e-05   19.8   0.0   1   1   7.8e-07   0.00016   19.1   0.0   296   394   221   322   189   333 0.83 -
scaffold_8:17013342-17015039  -            329 19245at71240         -            597    0.0001   19.7   0.0   1   1   7.3e-07   0.00015   19.2   0.0   296   392   223   322   184   327 0.83 -
scaffold_8:18614236-18616161  -            356 19245at71240         -            597   0.00011   19.6   0.0   1   1   8.5e-07   0.00017   19.0   0.0   296   394   224   325   197   335 0.82 -
scaffold_14:4387786-4378840   -            408 19245at71240         -            597   0.00014   19.3   0.0   1   2   2.5e-05     0.005   14.1   0.0    41    78    28    65     4   175 0.83 -
scaffold_14:4387786-4378840   -            408 19245at71240         -            597   0.00014   19.3   0.0   2   2     0.056        11    3.1   0.0   344   390   330   376   315   397 0.84 -
scaffold_6:31986964-31991356  -            294 19245at71240         -            597   0.00016   19.1   0.0   1   2   0.00017     0.035   11.3   0.0    41    82    17    58     7    79 0.88 -
scaffold_6:31986964-31991356  -            294 19245at71240         -            597   0.00016   19.1   0.0   2   2     0.012       2.4    5.3   0.0   310   392   190   274   151   282 0.77 -
scaffold_2:2671386-2675320    -            569 19245at71240         -            597   0.00025   18.4   0.2   1   3     0.053        11    3.1   0.0    50    80   107   137    89   142 0.84 -
scaffold_2:2671386-2675320    -            569 19245at71240         -            597   0.00025   18.4   0.2   2   3       1.9   3.8e+02   -2.0   0.0   540   560   233   254   224   257 0.74 -
scaffold_2:2671386-2675320    -            569 19245at71240         -            597   0.00025   18.4   0.2   3   3    0.0001     0.021   12.1   0.1   273   391   409   528   393   548 0.79 -
scaffold_1:27225170-27220649  -            575 19245at71240         -            597   0.00031   18.1   0.1   1   3     0.088        18    2.4   0.0    50    80   110   140    92   144 0.86 -
scaffold_1:27225170-27220649  -            575 19245at71240         -            597   0.00031   18.1   0.1   2   3       1.5   3.1e+02   -1.7   0.0   537   558   233   255   226   260 0.73 -
scaffold_1:27225170-27220649  -            575 19245at71240         -            597   0.00031   18.1   0.1   3   3   8.6e-05     0.017   12.4   0.0   291   389   429   529   398   547 0.82 -
scaffold_12:12792884-12798211 -            811 19245at71240         -            597    0.0047   14.2   0.1   1   3    0.0032      0.64    7.2   0.0    54    82   403   431   371   438 0.79 -
scaffold_12:12792884-12798211 -            811 19245at71240         -            597    0.0047   14.2   0.1   2   3         9   1.8e+03   -4.2   0.0   153   177   523   545   502   553 0.62 -
scaffold_12:12792884-12798211 -            811 19245at71240         -            597    0.0047   14.2   0.1   3   3     0.025         5    4.2   0.0   326   394   637   706   606   709 0.86 -
scaffold_4:19481880-19480380  -            204 19245at71240         -            597     0.017   12.4   0.0   1   1   0.00011     0.022   12.0   0.0    43    82    15    54     7    89 0.76 -
scaffold_6:9211170-9199818    -           2046 19245at71240         -            597     0.045   11.0   0.0   1   1   0.00037     0.074   10.3   0.0   329   415   848   935   830   945 0.83 -
scaffold_4:18940002-18942411  -            405 19245at71240         -            597       0.1    9.8   0.0   1   2    0.0019      0.38    7.9   0.0    39    82    18    61    11   188 0.86 -
scaffold_4:18940002-18942411  -            405 19245at71240         -            597       0.1    9.8   0.0   2   2       0.7   1.4e+02   -0.6   0.0   340   389   295   343   240   355 0.75 -
#
# Program:         hmmsearch
# Version:         3.3.2 (Nov 2020)
# Pipeline mode:   SEARCH
# Query file:      /scratch/srb67793/Pelargonium/scripts/busco_downloads/lineages/eudicots_odb10/hmms/19245at71240.hmm
# Target file:     /scratch/srb67793/Pelargonium/scripts/scratch/srb67793/Pelargonium/Results2/HiFiASM_OmniC/P_citronellum_hap2-scaffolds-busco/run_eudicots_odb10/metaeuk_output/initial_results/P_citronellum-hap2_scaffolds_final.fa.modified.fas
# Option settings: hmmsearch --domtblout /scratch/srb67793/Pelargonium/scripts/scratch/srb67793/Pelargonium/Results2/HiFiASM_OmniC/P_citronellum_hap2-scaffolds-busco/run_eudicots_odb10/hmmer_output/initial_run_results/19245at71240.out --cpu 1 /scratch/srb67793/Pelargonium/scripts/busco_downloads/lineages/eudicots_odb10/hmms/19245at71240.hmm /scratch/srb67793/Pelargonium/scripts/scratch/srb67793/Pelargonium/Results2/HiFiASM_OmniC/P_citronellum_hap2-scaffolds-busco/run_eudicots_odb10/metaeuk_output/initial_results/P_citronellum-hap2_scaffolds_final.fa.modified.fas 
# Current dir:     /scratch/srb67793/Pelargonium/scripts
# Date:            Fri Jul 19 11:03:24 2024
# [ok]
