#                                                                                     --- full sequence --- -------------- this domain -------------   hmm coord   ali coord   env coord
# target name                 accession   tlen query name           accession   qlen   E-value  score  bias   #  of  c-Evalue  i-Evalue  score  bias  from    to  from    to  from    to  acc description of target
#         ------------------- ---------- ----- -------------------- ---------- ----- --------- ------ ----- --- --- --------- --------- ------ ----- ----- ----- ----- ----- ----- ----- ---- ---------------------
scaffold_10:2147916-2139903   -           1500 2018at71240          -           1056         0 1646.7  68.5   1   8   5.9e-60     1e-57  195.1  10.8     1   124     1   150     1   155 0.89 -
scaffold_10:2147916-2139903   -           1500 2018at71240          -           1056         0 1646.7  68.5   2   8   3.5e-20   5.9e-18   63.4   0.0   122   181   176   244   172   246 0.86 -
scaffold_10:2147916-2139903   -           1500 2018at71240          -           1056         0 1646.7  68.5   3   8     0.047       7.8    3.4   0.3   177   211   270   311   262   316 0.83 -
scaffold_10:2147916-2139903   -           1500 2018at71240          -           1056         0 1646.7  68.5   4   8   0.00091      0.15    9.1   1.0   217   268   350   430   314   443 0.66 -
scaffold_10:2147916-2139903   -           1500 2018at71240          -           1056         0 1646.7  68.5   5   8  5.7e-112  9.6e-110  367.3   1.1   270   497   499   750   484   757 0.90 -
scaffold_10:2147916-2139903   -           1500 2018at71240          -           1056         0 1646.7  68.5   6   8   1.2e-10     2e-08   31.8   0.0   483   529   784   835   761   848 0.73 -
scaffold_10:2147916-2139903   -           1500 2018at71240          -           1056         0 1646.7  68.5   7   8   8.3e-84   1.4e-81  274.1   2.1   520   678   882  1043   860  1056 0.94 -
scaffold_10:2147916-2139903   -           1500 2018at71240          -           1056         0 1646.7  68.5   8   8  1.9e-218  3.1e-216  719.9  14.3   674  1056  1084  1500  1078  1500 0.93 -
scaffold_5:6148613-6141502    -           1504 2018at71240          -           1056         0 1580.3  70.4   1   9   2.4e-32     4e-30  103.7   0.5     1    72     1    77     1    99 0.87 -
scaffold_5:6148613-6141502    -           1504 2018at71240          -           1056         0 1580.3  70.4   2   9   2.2e-28   3.7e-26   90.6   5.8    69   122    99   152    87   159 0.94 -
scaffold_5:6148613-6141502    -           1504 2018at71240          -           1056         0 1580.3  70.4   3   9     1e-19   1.7e-17   61.9   0.0   122   181   180   248   176   251 0.86 -
scaffold_5:6148613-6141502    -           1504 2018at71240          -           1056         0 1580.3  70.4   4   9     0.019       3.1    4.7   0.1   177   212   274   316   261   329 0.82 -
scaffold_5:6148613-6141502    -           1504 2018at71240          -           1056         0 1580.3  70.4   5   9   0.00096      0.16    9.0   0.2   218   270   355   436   338   466 0.66 -
scaffold_5:6148613-6141502    -           1504 2018at71240          -           1056         0 1580.3  70.4   6   9  5.7e-108  9.6e-106  354.1   2.3   274   496   507   753   496   760 0.92 -
scaffold_5:6148613-6141502    -           1504 2018at71240          -           1056         0 1580.3  70.4   7   9   1.2e-10     2e-08   31.8   0.1   475   529   784   840   766   849 0.73 -
scaffold_5:6148613-6141502    -           1504 2018at71240          -           1056         0 1580.3  70.4   8   9   3.7e-82   6.2e-80  268.6   4.3   520   678   889  1046   844  1077 0.91 -
scaffold_5:6148613-6141502    -           1504 2018at71240          -           1056         0 1580.3  70.4   9   9  1.6e-206  2.6e-204  680.4  13.4   674  1056  1088  1504  1085  1504 0.92 -
scaffold_7:24608051-24607401  -            217 2018at71240          -           1056   1.1e-12   45.9   2.0   1   3     0.022       3.7    4.5   0.1   330   371    10    51     3    56 0.86 -
scaffold_7:24608051-24607401  -            217 2018at71240          -           1056   1.1e-12   45.9   2.0   2   3   7.1e-08   1.2e-05   22.7   0.3    17    89    93   164    74   170 0.74 -
scaffold_7:24608051-24607401  -            217 2018at71240          -           1056   1.1e-12   45.9   2.0   3   3     4e-06   0.00067   16.9   0.0   309   351   171   213   165   217 0.93 -
scaffold_6:18911169-18912050  -            294 2018at71240          -           1056     3e-12   44.5   0.2   1   4   1.6e-06   0.00026   18.2   0.0    29    91    18    82     4    95 0.81 -
scaffold_6:18911169-18912050  -            294 2018at71240          -           1056     3e-12   44.5   0.2   2   4      0.42        71    0.2   0.0   336   355   105   124    97   130 0.84 -
scaffold_6:18911169-18912050  -            294 2018at71240          -           1056     3e-12   44.5   0.2   3   4     1e-06   0.00017   18.9   0.0    15    86   132   203   124   216 0.85 -
scaffold_6:18911169-18912050  -            294 2018at71240          -           1056     3e-12   44.5   0.2   4   4      0.18        30    1.5   0.0   337   375   239   277   223   284 0.84 -
scaffold_6:22221793-22224744  -            272 2018at71240          -           1056   3.3e-12   44.4   7.6   1   5       5.4   9.1e+02   -3.4   0.0   948   963     3    18     2    34 0.71 -
scaffold_6:22221793-22224744  -            272 2018at71240          -           1056   3.3e-12   44.4   7.6   2   5     5e-06   0.00085   16.5   0.0   332   375    62   105    52   108 0.87 -
scaffold_6:22221793-22224744  -            272 2018at71240          -           1056   3.3e-12   44.4   7.6   3   5   2.2e-06   0.00036   17.8   0.0   333   369   105   141    98   146 0.91 -
scaffold_6:22221793-22224744  -            272 2018at71240          -           1056   3.3e-12   44.4   7.6   4   5     0.042       7.1    3.5   0.1   336   358   150   172   144   195 0.60 -
scaffold_6:22221793-22224744  -            272 2018at71240          -           1056   3.3e-12   44.4   7.6   5   5   0.00062       0.1    9.6   0.0   332   378   211   257   184   271 0.81 -
scaffold_2:27355908-27357551  -            306 2018at71240          -           1056   3.5e-11   41.0  11.5   1   4   7.7e-05     0.013   12.6   1.4    16    91    20    97    12   103 0.77 -
scaffold_2:27355908-27357551  -            306 2018at71240          -           1056   3.5e-11   41.0  11.5   2   4   1.5e-05    0.0026   14.9   0.0   334   370   117   153    99   158 0.83 -
scaffold_2:27355908-27357551  -            306 2018at71240          -           1056   3.5e-11   41.0  11.5   3   4     0.089        15    2.5   0.0   335   359   160   184   154   204 0.80 -
scaffold_2:27355908-27357551  -            306 2018at71240          -           1056   3.5e-11   41.0  11.5   4   4   1.4e-05    0.0023   15.1   0.1   309   375   227   288   222   297 0.85 -
scaffold_4:21415231-21416175  -            315 2018at71240          -           1056   1.5e-10   38.9   1.9   1   3     0.032       5.4    3.9   0.1   331   371   112   152    86   156 0.81 -
scaffold_4:21415231-21416175  -            315 2018at71240          -           1056   1.5e-10   38.9   1.9   2   3   4.3e-07   7.3e-05   20.1   0.2    17    89   194   265   189   273 0.84 -
scaffold_4:21415231-21416175  -            315 2018at71240          -           1056   1.5e-10   38.9   1.9   3   3   0.00017     0.029   11.5   0.0   309   349   273   314   269   315 0.88 -
scaffold_6:24092044-24091052  -            331 2018at71240          -           1056   2.5e-10   38.2   5.0   1   4       1.1   1.8e+02   -1.1   0.0   335   362    60    85    27   106 0.73 -
scaffold_6:24092044-24091052  -            331 2018at71240          -           1056   2.5e-10   38.2   5.0   2   4     0.014       2.4    5.1   0.2   330   372   129   171   102   176 0.81 -
scaffold_6:24092044-24091052  -            331 2018at71240          -           1056   2.5e-10   38.2   5.0   3   4   1.1e-07   1.8e-05   22.1   0.6    17    89   212   283   193   289 0.81 -
scaffold_6:24092044-24091052  -            331 2018at71240          -           1056   2.5e-10   38.2   5.0   4   4   0.00058     0.098    9.7   0.0   309   349   290   330   285   331 0.95 -
scaffold_5:12660120-12659467  -            218 2018at71240          -           1056   1.7e-08   32.1   1.2   1   3     0.015       2.4    5.1   0.0   334   373    19    58     5    81 0.57 -
scaffold_5:12660120-12659467  -            218 2018at71240          -           1056   1.7e-08   32.1   1.2   2   3   3.1e-05    0.0051   14.0   0.5    18    88    99   165    89   172 0.76 -
scaffold_5:12660120-12659467  -            218 2018at71240          -           1056   1.7e-08   32.1   1.2   3   3   0.00034     0.058   10.5   0.0   309   350   174   216   168   218 0.86 -
scaffold_1:28969026-28968367  -            220 2018at71240          -           1056     4e-08   30.9   0.7   1   3   6.6e-07   0.00011   19.5   0.1     6    88    32   118    27   124 0.84 -
scaffold_1:28969026-28968367  -            220 2018at71240          -           1056     4e-08   30.9   0.7   2   3     0.014       2.4    5.1   0.0   333   371   142   183   125   197 0.78 -
scaffold_1:28969026-28968367  -            220 2018at71240          -           1056     4e-08   30.9   0.7   3   3    0.0029      0.48    7.4   0.0   309   355   171   215   162   218 0.87 -
scaffold_10:12433403-12434314 -            304 2018at71240          -           1056   5.2e-08   30.5   6.2   1   5     0.018         3    4.8   0.0    25    68    33    76    23   103 0.81 -
scaffold_10:12433403-12434314 -            304 2018at71240          -           1056   5.2e-08   30.5   6.2   2   5      0.26        44    0.9   0.1   335   371   109   145    83   149 0.79 -
scaffold_10:12433403-12434314 -            304 2018at71240          -           1056   5.2e-08   30.5   6.2   3   5      0.47        78    0.1   0.1   331   352   146   167   118   183 0.78 -
scaffold_10:12433403-12434314 -            304 2018at71240          -           1056   5.2e-08   30.5   6.2   4   5   1.2e-05     0.002   15.3   0.5    19    88   188   257   180   264 0.74 -
scaffold_10:12433403-12434314 -            304 2018at71240          -           1056   5.2e-08   30.5   6.2   5   5    0.0012       0.2    8.6   0.0   309   351   265   304   260   304 0.84 -
scaffold_1:35224385-35225218  -            278 2018at71240          -           1056   7.9e-08   29.9  11.8   1   4    0.0003      0.05   10.7   0.2    27    92     7    72     3    75 0.80 -
scaffold_1:35224385-35225218  -            278 2018at71240          -           1056   7.9e-08   29.9  11.8   2   4   0.00063      0.11    9.6   0.2   309   363    74   123    72   131 0.67 -
scaffold_1:35224385-35225218  -            278 2018at71240          -           1056   7.9e-08   29.9  11.8   3   4    0.0051      0.85    6.6   0.1   333   374   132   173   127   201 0.81 -
scaffold_1:35224385-35225218  -            278 2018at71240          -           1056   7.9e-08   29.9  11.8   4   4   0.00098      0.16    9.0   0.3   329   367   216   254   190   261 0.87 -
scaffold_8:18532374-18531682  -            231 2018at71240          -           1056   1.1e-07   29.5   0.0   1   2   0.00026     0.043   10.9   0.0   333   376    82   125    70   138 0.87 -
scaffold_8:18532374-18531682  -            231 2018at71240          -           1056   1.1e-07   29.5   0.0   2   2   6.4e-06    0.0011   16.2   0.0   336   395   170   230   148   231 0.82 -
scaffold_8:2002982-2002323    -            220 2018at71240          -           1056   1.5e-07   28.9   3.2   1   4    0.0091       1.5    5.8   0.0   334   376    26    68     2    73 0.62 -
scaffold_8:2002982-2002323    -            220 2018at71240          -           1056   1.5e-07   28.9   3.2   2   4   0.00044     0.073   10.1   0.0   334   361    69    96    65   105 0.73 -
scaffold_8:2002982-2002323    -            220 2018at71240          -           1056   1.5e-07   28.9   3.2   3   4     6e-05      0.01   13.0   0.4    29    85   114   172   108   183 0.77 -
scaffold_8:2002982-2002323    -            220 2018at71240          -           1056   1.5e-07   28.9   3.2   4   4     0.063        11    3.0   0.1   333   358   155   180   150   193 0.78 -
scaffold_2:22456045-22455158  -            296 2018at71240          -           1056   3.2e-07   27.9  14.9   1   4   7.3e-05     0.012   12.7   0.3    26    93    24    91     9    94 0.86 -
scaffold_2:22456045-22455158  -            296 2018at71240          -           1056   3.2e-07   27.9  14.9   2   4    0.0016      0.26    8.3   0.1   328   361   104   138    90   145 0.67 -
scaffold_2:22456045-22455158  -            296 2018at71240          -           1056   3.2e-07   27.9  14.9   3   4    0.0059      0.98    6.4   0.1   331   373   148   190   141   220 0.78 -
scaffold_2:22456045-22455158  -            296 2018at71240          -           1056   3.2e-07   27.9  14.9   4   4   0.00069      0.12    9.5   1.1    31    84   243   296   219   296 0.75 -
scaffold_4:3548416-3554754    -            939 2018at71240          -           1056   5.6e-07   27.1   1.3   1   5   0.00076      0.13    9.3   0.0   278   372    65   156    39   161 0.77 -
scaffold_4:3548416-3554754    -            939 2018at71240          -           1056   5.6e-07   27.1   1.3   2   5     0.083        14    2.6   0.0   335   372   161   198   157   204 0.83 -
scaffold_4:3548416-3554754    -            939 2018at71240          -           1056   5.6e-07   27.1   1.3   3   5       0.6     1e+02   -0.3   0.1    45    93   387   436   377   440 0.85 -
scaffold_4:3548416-3554754    -            939 2018at71240          -           1056   5.6e-07   27.1   1.3   4   5      0.22        37    1.2   0.0   335   376   453   494   448   499 0.90 -
scaffold_4:3548416-3554754    -            939 2018at71240          -           1056   5.6e-07   27.1   1.3   5   5    0.0036       0.6    7.1   0.0   318   372   571   627   526   662 0.76 -
scaffold_8:2390530-2391492    -            321 2018at71240          -           1056   1.4e-06   25.8   0.2   1   3     0.011       1.8    5.5   0.0    18    86   110   178    99   186 0.81 -
scaffold_8:2390530-2391492    -            321 2018at71240          -           1056   1.4e-06   25.8   0.2   2   3   2.9e-05    0.0049   14.0   0.0    20    92   202   277   186   280 0.78 -
scaffold_8:2390530-2391492    -            321 2018at71240          -           1056   1.4e-06   25.8   0.2   3   3      0.11        18    2.2   0.0   309   349   283   321   280   321 0.84 -
scaffold_9:2750920-2750276    -            215 2018at71240          -           1056   4.9e-06   24.0   2.1   1   3    0.0017      0.28    8.2   0.0    36    88     5    56     1    65 0.82 -
scaffold_9:2750920-2750276    -            215 2018at71240          -           1056   4.9e-06   24.0   2.1   2   3     0.003       0.5    7.4   0.4    26    87    84   147    65   156 0.68 -
scaffold_9:2750920-2750276    -            215 2018at71240          -           1056   4.9e-06   24.0   2.1   3   3    0.0058      0.97    6.4   0.0   309   357   157   206   152   212 0.78 -
scaffold_2:1634686-1635300    -            205 2018at71240          -           1056   8.5e-06   23.1   0.1   1   2   7.8e-06    0.0013   15.9   0.1     7    88    33   118    27   123 0.76 -
scaffold_2:1634686-1635300    -            205 2018at71240          -           1056   8.5e-06   23.1   0.1   2   2     0.012       2.1    5.3   0.0   334   370   143   182   123   187 0.76 -
scaffold_1:1676831-1682279    -            512 2018at71240          -           1056   1.8e-05   22.1   1.7   1   2   5.6e-05    0.0094   13.1   0.4   307   447   207   340   177   383 0.79 -
scaffold_1:1676831-1682279    -            512 2018at71240          -           1056   1.8e-05   22.1   1.7   2   2    0.0018       0.3    8.1   0.0   330   376   447   493   431   509 0.84 -
scaffold_10:4316917-4317573   -            219 2018at71240          -           1056   6.8e-05   20.2   2.8   1   2    0.0015      0.26    8.3   0.4   324   353    66    95    48   104 0.84 -
scaffold_10:4316917-4317573   -            219 2018at71240          -           1056   6.8e-05   20.2   2.8   2   2   0.00013     0.021   11.9   0.1    29    92   119   191   102   207 0.69 -
scaffold_4:34812797-34803840  -            460 2018at71240          -           1056   7.9e-05   20.0   0.2   1   2   4.8e-05     0.008   13.3   0.1    27    93   160   227   137   276 0.78 -
scaffold_4:34812797-34803840  -            460 2018at71240          -           1056   7.9e-05   20.0   0.2   2   2     0.027       4.5    4.2   0.0    22    88   390   458   378   460 0.83 -
scaffold_2:26522567-26521788  -            260 2018at71240          -           1056   8.9e-05   19.8   0.1   1   3       0.5        84   -0.0   0.0   336   368    37    69    29    76 0.85 -
scaffold_2:26522567-26521788  -            260 2018at71240          -           1056   8.9e-05   19.8   0.1   2   3   5.1e-06   0.00086   16.5   0.0   316   375    57   120    45   123 0.80 -
scaffold_2:26522567-26521788  -            260 2018at71240          -           1056   8.9e-05   19.8   0.1   3   3      0.38        64    0.4   0.0   342   372   128   159   120   194 0.82 -
scaffold_2:22477210-22477947  -            246 2018at71240          -           1056   0.00017   18.9   6.0   1   3         1   1.7e+02   -1.0   0.0    26    46    25    45     9    60 0.77 -
scaffold_2:22477210-22477947  -            246 2018at71240          -           1056   0.00017   18.9   6.0   2   3    0.0037      0.63    7.0   0.4    29    96    99   166    83   173 0.83 -
scaffold_2:22477210-22477947  -            246 2018at71240          -           1056   0.00017   18.9   6.0   3   3   3.9e-05    0.0065   13.6   0.3    16    84   178   246   170   246 0.83 -
scaffold_4:25422357-25414657  -            461 2018at71240          -           1056   0.00019   18.7   0.5   1   2   4.8e-05     0.008   13.3   0.3    30   115   165   248   141   292 0.78 -
scaffold_4:25422357-25414657  -            461 2018at71240          -           1056   0.00019   18.7   0.5   2   2     0.053       8.9    3.2   0.0    21    88   390   459   379   461 0.83 -
scaffold_7:9330853-9338593    -            783 2018at71240          -           1056   0.00021   18.5   2.0   1   5    0.0062         1    6.3   0.0   309   352    49    95    40   119 0.88 -
scaffold_7:9330853-9338593    -            783 2018at71240          -           1056   0.00021   18.5   2.0   2   5       2.1   3.6e+02   -2.1   0.0   331   351   124   144    99   148 0.76 -
scaffold_7:9330853-9338593    -            783 2018at71240          -           1056   0.00021   18.5   2.0   3   5     0.067        11    2.9   0.0   309   351   211   253   195   258 0.88 -
scaffold_7:9330853-9338593    -            783 2018at71240          -           1056   0.00021   18.5   2.0   4   5       1.2     2e+02   -1.2   0.1   334   359   321   346   291   359 0.77 -
scaffold_7:9330853-9338593    -            783 2018at71240          -           1056   0.00021   18.5   2.0   5   5     0.018         3    4.8   0.0   292   367   602   686   573   722 0.65 -
scaffold_1:23983101-23981352  -            331 2018at71240          -           1056   0.00022   18.5   0.1   1   3    0.0017      0.28    8.2   0.0   338   412    46   121    31   136 0.72 -
scaffold_1:23983101-23981352  -            331 2018at71240          -           1056   0.00022   18.5   0.1   2   3    0.0081       1.3    5.9   0.0   337   407    92   155    88   202 0.81 -
scaffold_1:23983101-23981352  -            331 2018at71240          -           1056   0.00022   18.5   0.1   3   3    0.0037      0.62    7.1   0.0    26   126   210   310   191   320 0.74 -
scaffold_8:23258397-23264118  -            887 2018at71240          -           1056   0.00027   18.2   0.6   1   4       1.7   2.9e+02   -1.8   0.0   948   977    95   123    89   127 0.78 -
scaffold_8:23258397-23264118  -            887 2018at71240          -           1056   0.00027   18.2   0.6   2   4     0.016       2.8    4.9   0.1   335   393   390   443   368   461 0.52 -
scaffold_8:23258397-23264118  -            887 2018at71240          -           1056   0.00027   18.2   0.6   3   4    0.0011      0.19    8.8   0.0   322   376   462   517   456   528 0.89 -
scaffold_8:23258397-23264118  -            887 2018at71240          -           1056   0.00027   18.2   0.6   4   4      0.58        98   -0.2   0.0   335   374   517   556   516   560 0.79 -
scaffold_11:9897483-9894495   -            236 2018at71240          -           1056   0.00044   17.5   1.3   1   2   3.3e-05    0.0055   13.8   0.5    33    93    15    76     7    95 0.89 -
scaffold_11:9897483-9894495   -            236 2018at71240          -           1056   0.00044   17.5   1.3   2   2     0.099        17    2.3   0.0    21    87   167   235   154   236 0.82 -
scaffold_1:27960643-27958966  -            556 2018at71240          -           1056    0.0006   17.0   0.1   1   2    0.0041      0.69    6.9   0.0    29    89   281   342   256   357 0.60 -
scaffold_1:27960643-27958966  -            556 2018at71240          -           1056    0.0006   17.0   0.1   2   2     0.002      0.34    7.9   0.0   331   373   363   405   352   415 0.88 -
scaffold_2:2408468-2410228    -            587 2018at71240          -           1056   0.00061   17.0   0.1   1   2     0.001      0.18    8.9   0.0    29    90   312   374   287   389 0.65 -
scaffold_2:2408468-2410228    -            587 2018at71240          -           1056   0.00061   17.0   0.1   2   2    0.0091       1.5    5.8   0.0   331   373   394   436   386   448 0.88 -
scaffold_5:2080711-2091202    -            494 2018at71240          -           1056    0.0011   16.2   0.2   1   2     0.003      0.49    7.4   0.0   292   420   220   338   207   345 0.72 -
scaffold_5:2080711-2091202    -            494 2018at71240          -           1056    0.0011   16.2   0.2   2   2    0.0058      0.97    6.4   0.2   337   358   344   365   338   397 0.81 -
scaffold_2:4979178-4980059    -            294 2018at71240          -           1056    0.0011   16.1   5.9   1   4       7.7   1.3e+03   -3.9   0.0    29    43    20    34    12    40 0.77 -
scaffold_2:4979178-4980059    -            294 2018at71240          -           1056    0.0011   16.1   5.9   2   4       3.9   6.5e+02   -3.0   0.0   329   354    65    90    42   102 0.71 -
scaffold_2:4979178-4980059    -            294 2018at71240          -           1056    0.0011   16.1   5.9   3   4   8.9e-05     0.015   12.4   0.0     7    87   167   252   162   258 0.79 -
scaffold_2:4979178-4980059    -            294 2018at71240          -           1056    0.0011   16.1   5.9   4   4    0.0083       1.4    5.9   0.2   310   350   263   293   254   294 0.85 -
scaffold_1:10607252-10602126  -            518 2018at71240          -           1056    0.0018   15.4   0.0   1   3      0.34        58    0.5   0.0    15    46   158   189   154   193 0.86 -
scaffold_1:10607252-10602126  -            518 2018at71240          -           1056    0.0018   15.4   0.0   2   3   0.00023     0.039   11.0   0.0   309   368   261   312   243   333 0.84 -
scaffold_1:10607252-10602126  -            518 2018at71240          -           1056    0.0018   15.4   0.0   3   3         2   3.4e+02   -2.0   0.0   337   360   362   385   356   391 0.76 -
scaffold_5:9049247-9048324    -            308 2018at71240          -           1056     0.002   15.3   4.3   1   3      0.11        19    2.1   0.3    29    87   115   171    98   180 0.71 -
scaffold_5:9049247-9048324    -            308 2018at71240          -           1056     0.002   15.3   4.3   2   3   0.00032     0.054   10.6   0.4     7    87   180   262   174   270 0.79 -
scaffold_5:9049247-9048324    -            308 2018at71240          -           1056     0.002   15.3   4.3   3   3     0.063        11    3.0   0.0   309   349   272   308   267   308 0.86 -
scaffold_95:130827-130442     -            104 2018at71240          -           1056    0.0024   15.1   0.7   1   1   1.9e-05    0.0033   14.6   0.2   334   374     9    49     3    58 0.89 -
scaffold_1:2684960-2684286    -            225 2018at71240          -           1056    0.0028   14.8   0.2   1   2      0.63   1.1e+02   -0.3   0.0    57   351   108   138    87   154 0.56 -
scaffold_1:2684960-2684286    -            225 2018at71240          -           1056    0.0028   14.8   0.2   2   2   4.4e-05    0.0074   13.4   0.0     8    84   143   224   137   225 0.79 -
scaffold_3:34517729-34517338  -            105 2018at71240          -           1056    0.0029   14.8   0.9   1   1   2.1e-05    0.0035   14.5   0.2   334   374     9    49     4    58 0.89 -
scaffold_6:29799531-29789752  -           1673 2018at71240          -           1056     0.003   14.7   0.5   1   2     0.006         1    6.4   0.1    18    90  1330  1403  1315  1410 0.79 -
scaffold_6:29799531-29789752  -           1673 2018at71240          -           1056     0.003   14.7   0.5   2   2    0.0057      0.95    6.4   0.0   321   352  1547  1578  1483  1596 0.79 -
scaffold_5:17332408-17325356  -            435 2018at71240          -           1056    0.0032   14.6   3.9   1   4         3   5.1e+02   -2.6   0.0   333   353    55    75    36    80 0.77 -
scaffold_5:17332408-17325356  -            435 2018at71240          -           1056    0.0032   14.6   3.9   2   4     0.001      0.17    8.9   0.3   333   426   115   205    83   234 0.72 -
scaffold_5:17332408-17325356  -            435 2018at71240          -           1056    0.0032   14.6   3.9   3   4      0.23        39    1.1   0.0   335   360   325   350   306   381 0.72 -
scaffold_5:17332408-17325356  -            435 2018at71240          -           1056    0.0032   14.6   3.9   4   4       0.8   1.3e+02   -0.7   0.0    25    45   409   429   386   433 0.79 -
scaffold_5:14432457-14432972  -            172 2018at71240          -           1056    0.0041   14.3   2.3   1   2    0.0024       0.4    7.7   0.2   334   368    47    81    37    89 0.82 -
scaffold_5:14432457-14432972  -            172 2018at71240          -           1056    0.0041   14.3   2.3   2   2   0.00088      0.15    9.1   0.2   317   354    72   109    70   117 0.82 -
scaffold_10:6528852-6526079   -            514 2018at71240          -           1056    0.0047   14.1   0.4   1   3      0.12        21    2.0   0.0   930   974   248   292   232   312 0.74 -
scaffold_10:6528852-6526079   -            514 2018at71240          -           1056    0.0047   14.1   0.4   2   3       4.7   7.9e+02   -3.2   0.0    30    79   321   370   316   383 0.51 -
scaffold_10:6528852-6526079   -            514 2018at71240          -           1056    0.0047   14.1   0.4   3   3   0.00099      0.17    8.9   0.0   331   377   444   490   418   511 0.87 -
scaffold_5:1358269-1362649    -            548 2018at71240          -           1056    0.0094   13.1   1.1   1   3      0.68   1.1e+02   -0.4   0.0   944   974    63    93    54   110 0.75 -
scaffold_5:1358269-1362649    -            548 2018at71240          -           1056    0.0094   13.1   1.1   2   3   0.00048      0.08   10.0   0.1   331   374   122   165   106   174 0.82 -
scaffold_5:1358269-1362649    -            548 2018at71240          -           1056    0.0094   13.1   1.1   3   3      0.73   1.2e+02   -0.5   0.0    46    78   323   356   308   367 0.79 -
scaffold_2:15930920-15936009  -            511 2018at71240          -           1056      0.01   12.9   0.0   1   3       1.9   3.2e+02   -1.9   0.0    16    45   157   186   153   190 0.78 -
scaffold_2:15930920-15936009  -            511 2018at71240          -           1056      0.01   12.9   0.0   2   3      0.31        51    0.7   0.0   323   368   218   263   216   272 0.86 -
scaffold_2:15930920-15936009  -            511 2018at71240          -           1056      0.01   12.9   0.0   3   3    0.0004     0.066   10.3   0.0   308   367   253   304   248   312 0.83 -
scaffold_2:18857380-18857006  -            125 2018at71240          -           1056     0.014   12.5   0.1   1   2     0.067        11    2.9   0.0   334   368    53    87    36    93 0.86 -
scaffold_2:18857380-18857006  -            125 2018at71240          -           1056     0.014   12.5   0.1   2   2   0.00059     0.099    9.7   0.0   317   360    76   122    71   125 0.73 -
scaffold_1:33062603-33073292  -            904 2018at71240          -           1056     0.015   12.4   1.7   1   2     0.038       6.4    3.7   0.1   942   978   220   256   165   349 0.60 -
scaffold_1:33062603-33073292  -            904 2018at71240          -           1056     0.015   12.4   1.7   2   2    0.0027      0.46    7.5   0.2   324   375   559   609   494   615 0.88 -
scaffold_4:5585889-5586374    -            162 2018at71240          -           1056     0.015   12.4   0.0   1   1   0.00015     0.025   11.7   0.0    27    89    21    84     8    92 0.85 -
scaffold_2:25984919-25987709  -            390 2018at71240          -           1056     0.018   12.1   0.8   1   2     0.049       8.2    3.3   0.1   332   362    91   121    74   131 0.82 -
scaffold_2:25984919-25987709  -            390 2018at71240          -           1056     0.018   12.1   0.8   2   2    0.0033      0.56    7.2   0.1    29    89   138   199   134   220 0.82 -
scaffold_11:11316975-11316811 -             55 2018at71240          -           1056     0.019   12.1   1.2   1   2   0.00044     0.074   10.1   0.2   337   369     1    33     1    42 0.83 -
scaffold_11:11316975-11316811 -             55 2018at71240          -           1056     0.019   12.1   1.2   2   2     0.021       3.6    4.5   0.1   321   349    27    55    23    55 0.82 -
scaffold_9:15947019-15946855  -             55 2018at71240          -           1056     0.019   12.1   1.2   1   2   0.00044     0.074   10.1   0.2   337   369     1    33     1    42 0.83 -
scaffold_9:15947019-15946855  -             55 2018at71240          -           1056     0.019   12.1   1.2   2   2     0.021       3.6    4.5   0.1   321   349    27    55    23    55 0.82 -
scaffold_8:22849582-22849815  -             78 2018at71240          -           1056     0.022   11.9   0.0   1   1   0.00013     0.022   11.8   0.0   330   381    15    67     3    76 0.76 -
scaffold_5:4122040-4124713    -            505 2018at71240          -           1056     0.022   11.9   2.2   1   5      0.39        65    0.4   0.1    33    92   239   299   229   310 0.67 -
scaffold_5:4122040-4124713    -            505 2018at71240          -           1056     0.022   11.9   2.2   2   5       3.8   6.4e+02   -2.9   0.0    36    73   327   363   318   377 0.45 -
scaffold_5:4122040-4124713    -            505 2018at71240          -           1056     0.022   11.9   2.2   3   5     0.055       9.3    3.2   0.0   532   588   410   463   392   465 0.48 -
scaffold_5:4122040-4124713    -            505 2018at71240          -           1056     0.022   11.9   2.2   4   5   0.00082      0.14    9.2   0.0   331   377   441   487   430   493 0.86 -
scaffold_5:4122040-4124713    -            505 2018at71240          -           1056     0.022   11.9   2.2   5   5      0.25        42    1.0   0.0   310   351   470   504   468   505 0.77 -
scaffold_1:15345276-15345809  -            178 2018at71240          -           1056     0.023   11.8   2.2   1   2    0.0021      0.34    7.9   0.4   328   419    18   108     3   134 0.54 -
scaffold_1:15345276-15345809  -            178 2018at71240          -           1056     0.023   11.8   2.2   2   2      0.33        56    0.6   0.1   334   357   152   175   135   177 0.67 -
scaffold_2:23050161-23050706  -            182 2018at71240          -           1056     0.024   11.7   0.1   1   1   0.00014     0.023   11.8   0.1    17    89    12    88     1   144 0.75 -
scaffold_1:83460-83636        -             59 2018at71240          -           1056     0.033   11.3   0.0   1   1   0.00022     0.037   11.1   0.0   336   374    11    49     7    55 0.92 -
scaffold_2:54265-54074        -             64 2018at71240          -           1056     0.038   11.1   0.0   1   1   0.00024     0.041   11.0   0.0   336   374    16    54     7    60 0.92 -
scaffold_2:14411128-14411634  -            169 2018at71240          -           1056     0.039   11.0   2.8   1   4      0.13        21    2.0   0.1   324   352     5    33     2    63 0.69 -
scaffold_2:14411128-14411634  -            169 2018at71240          -           1056     0.039   11.0   2.8   2   4     0.012         2    5.4   0.1   334   375    61   102    36   110 0.88 -
scaffold_2:14411128-14411634  -            169 2018at71240          -           1056     0.039   11.0   2.8   3   4     0.004      0.67    6.9   0.1    28    87    62   121    55   128 0.65 -
scaffold_2:14411128-14411634  -            169 2018at71240          -           1056     0.039   11.0   2.8   4   4      0.31        51    0.7   0.1   334   357   143   166   126   168 0.67 -
scaffold_2:29531933-29528542  -            701 2018at71240          -           1056     0.066   10.3   0.1   1   3     0.038       6.3    3.7   0.0   312   387   202   269   189   283 0.63 -
scaffold_2:29531933-29528542  -            701 2018at71240          -           1056     0.066   10.3   0.1   2   3       2.3   3.9e+02   -2.2   0.0   333   353   347   367   338   399 0.79 -
scaffold_2:29531933-29528542  -            701 2018at71240          -           1056     0.066   10.3   0.1   3   3     0.046       7.7    3.4   0.0    25    85   394   458   379   467 0.73 -
#
# Program:         hmmsearch
# Version:         3.3.2 (Nov 2020)
# Pipeline mode:   SEARCH
# Query file:      /scratch/srb67793/Pelargonium/scripts/busco_downloads/lineages/eudicots_odb10/hmms/2018at71240.hmm
# Target file:     /scratch/srb67793/Pelargonium/scripts/scratch/srb67793/Pelargonium/Results2/HiFiASM_OmniC/P_citronellum_hap2-scaffolds-busco/run_eudicots_odb10/metaeuk_output/initial_results/P_citronellum-hap2_scaffolds_final.fa.modified.fas
# Option settings: hmmsearch --domtblout /scratch/srb67793/Pelargonium/scripts/scratch/srb67793/Pelargonium/Results2/HiFiASM_OmniC/P_citronellum_hap2-scaffolds-busco/run_eudicots_odb10/hmmer_output/initial_run_results/2018at71240.out --cpu 1 /scratch/srb67793/Pelargonium/scripts/busco_downloads/lineages/eudicots_odb10/hmms/2018at71240.hmm /scratch/srb67793/Pelargonium/scripts/scratch/srb67793/Pelargonium/Results2/HiFiASM_OmniC/P_citronellum_hap2-scaffolds-busco/run_eudicots_odb10/metaeuk_output/initial_results/P_citronellum-hap2_scaffolds_final.fa.modified.fas 
# Current dir:     /scratch/srb67793/Pelargonium/scripts
# Date:            Fri Jul 19 11:03:49 2024
# [ok]
