#                                                                                     --- full sequence --- -------------- this domain -------------   hmm coord   ali coord   env coord
# target name                 accession   tlen query name           accession   qlen   E-value  score  bias   #  of  c-Evalue  i-Evalue  score  bias  from    to  from    to  from    to  acc description of target
#         ------------------- ---------- ----- -------------------- ---------- ----- --------- ------ ----- --- --- --------- --------- ------ ----- ----- ----- ----- ----- ----- ----- ---- ---------------------
scaffold_5:2567291-2573169    -            586 28700at71240         -            603  5.6e-118  393.6   0.3   1   1  3.2e-120  7.4e-118  393.2   0.3    54   449   179   584   164   586 0.91 -
scaffold_8:18219629-18229684  -            709 28700at71240         -            603  9.1e-110  366.5   0.2   1   1  5.7e-112  1.3e-109  366.0   0.2    59   455    32   420    20   432 0.93 -
scaffold_10:3630105-3626898   -            311 28700at71240         -            603  5.3e-109  364.0   0.1   1   1  2.8e-111  6.4e-109  363.7   0.1    56   373    10   311     3   311 0.97 -
scaffold_7:13893616-13885895  -            875 28700at71240         -            603   6.4e-71  238.2   0.2   1   2     4e-41   9.1e-39  132.0   0.0    45   262   153   366   146   398 0.87 -
scaffold_7:13893616-13885895  -            875 28700at71240         -            603   6.4e-71  238.2   0.2   2   2   1.1e-32   2.6e-30  104.1   0.0   290   479   528   720   524   753 0.84 -
scaffold_1:29404901-29445546  -           1969 28700at71240         -            603   3.2e-42  143.4   3.6   1   1   9.1e-41   2.1e-38  130.8   3.6    58   374  1475  1749  1464  1771 0.88 -
scaffold_2:14048189-14034940  -           1147 28700at71240         -            603   6.7e-14   49.9   0.1   1   2   8.4e-09   1.9e-06   25.2   0.0    55   125   416   491   407   518 0.85 -
scaffold_2:14048189-14034940  -           1147 28700at71240         -            603   6.7e-14   49.9   0.1   2   2   6.7e-08   1.6e-05   22.3   0.0   289   388   666   773   642   789 0.83 -
scaffold_3:28693049-28690160  -            408 28700at71240         -            603   1.8e-13   48.5   0.0   1   2    0.0078       1.8    5.5   0.0    75   101    44    70    30   103 0.90 -
scaffold_3:28693049-28690160  -            408 28700at71240         -            603   1.8e-13   48.5   0.0   2   2   1.2e-13   2.8e-11   41.2   0.0   283   403   251   370   147   385 0.85 -
scaffold_4:1668782-1675359    -            542 28700at71240         -            603   4.6e-13   47.1   0.1   1   2   0.00045       0.1    9.6   0.0    76   114   134   172   126   179 0.83 -
scaffold_4:1668782-1675359    -            542 28700at71240         -            603   4.6e-13   47.1   0.1   2   2   6.2e-12   1.4e-09   35.6   0.0   291   396   385   490   230   503 0.88 -
scaffold_1:35035349-35028997  -            814 28700at71240         -            603   7.4e-13   46.5   0.1   1   1   4.6e-14   1.1e-11   42.6   0.1    76   397   285   603   277   616 0.78 -
scaffold_6:29841623-29844320  -            392 28700at71240         -            603   1.1e-12   45.8   0.0   1   1   8.6e-15     2e-12   45.0   0.0    75   396    25   344     5   359 0.77 -
scaffold_8:14381575-14379611  -            401 28700at71240         -            603   1.6e-12   45.4   0.0   1   2     0.028       6.4    3.7   0.0    75   101    20    46    11    79 0.89 -
scaffold_8:14381575-14379611  -            401 28700at71240         -            603   1.6e-12   45.4   0.0   2   2   3.5e-13   8.1e-11   39.7   0.0   286   403   230   346   150   358 0.89 -
scaffold_5:3393510-3395691    -            254 28700at71240         -            603   3.3e-12   44.3   0.0   1   2      0.15        36    1.3   0.0    77   115     2    39     1    47 0.84 -
scaffold_5:3393510-3395691    -            254 28700at71240         -            603   3.3e-12   44.3   0.0   2   2   1.5e-13   3.5e-11   40.9   0.0   290   391   153   253   142   254 0.94 -
scaffold_5:31856298-31857614  -            439 28700at71240         -            603   3.8e-12   44.1   0.1   1   2   4.7e-05     0.011   12.9   0.0    59   104    48    93    43   103 0.83 -
scaffold_5:31856298-31857614  -            439 28700at71240         -            603   3.8e-12   44.1   0.1   2   2   5.4e-10   1.3e-07   29.2   0.0   291   386   289   384   270   396 0.91 -
scaffold_4:9696392-9698659    -            445 28700at71240         -            603   3.2e-10   37.7   0.2   1   2   0.00068      0.16    9.0   0.1    67   102    86   121    73   132 0.82 -
scaffold_4:9696392-9698659    -            445 28700at71240         -            603   3.2e-10   37.7   0.2   2   2   3.1e-09   7.1e-07   26.7   0.0   291   385   315   409   291   422 0.93 -
scaffold_1:30235901-30234633  -            423 28700at71240         -            603   1.7e-09   35.4   0.0   1   2      0.93   2.2e+02   -1.3   0.0    76    99    65    88    55    91 0.86 -
scaffold_1:30235901-30234633  -            423 28700at71240         -            603   1.7e-09   35.4   0.0   2   2   2.5e-11   5.8e-09   33.6   0.0   288   395   294   401   284   417 0.92 -
scaffold_10:10118813-10117047 -            589 28700at71240         -            603   6.6e-09   33.4   0.0   1   2   0.00076      0.17    8.9   0.0    68   100   214   246   205   275 0.88 -
scaffold_10:10118813-10117047 -            589 28700at71240         -            603   6.6e-09   33.4   0.0   2   2   6.5e-08   1.5e-05   22.3   0.0   285   397   432   543   426   552 0.90 -
scaffold_10:10099798-10101576 -            593 28700at71240         -            603   7.8e-09   33.2   0.0   1   2   0.00076      0.18    8.9   0.0    68   100   218   250   209   279 0.88 -
scaffold_10:10099798-10101576 -            593 28700at71240         -            603   7.8e-09   33.2   0.0   2   2   7.7e-08   1.8e-05   22.1   0.0   285   397   436   547   430   556 0.90 -
scaffold_3:17115067-17139545  -           2043 28700at71240         -            603   7.9e-09   33.1   0.1   1   3      0.52   1.2e+02   -0.5   0.1    60   123   482   551   476   557 0.76 -
scaffold_3:17115067-17139545  -           2043 28700at71240         -            603   7.9e-09   33.1   0.1   2   3    0.0052       1.2    6.1   0.0   267   308   720   761   668   775 0.80 -
scaffold_3:17115067-17139545  -           2043 28700at71240         -            603   7.9e-09   33.1   0.1   3   3   4.7e-08   1.1e-05   22.8   0.0   314   399   807   898   796   907 0.84 -
scaffold_8:18614236-18616161  -            356 28700at71240         -            603   1.5e-08   32.3   0.3   1   2      0.53   1.2e+02   -0.5   0.1    70   134    12    86     2   102 0.62 -
scaffold_8:18614236-18616161  -            356 28700at71240         -            603   1.5e-08   32.3   0.3   2   2   2.5e-10   5.8e-08   30.3   0.0   290   403   225   338   216   352 0.89 -
scaffold_8:17013342-17015039  -            329 28700at71240         -            603   2.7e-08   31.4   0.2   1   2      0.22        50    0.8   0.1    68   138     9    89     1   102 0.64 -
scaffold_8:17013342-17015039  -            329 28700at71240         -            603   2.7e-08   31.4   0.2   2   2   7.9e-10   1.8e-07   28.6   0.0   290   390   224   324   212   329 0.92 -
scaffold_3:26684934-26686159  -            355 28700at71240         -            603     3e-08   31.2   0.3   1   2      0.28        64    0.4   0.1    69   145    10    97     1   103 0.65 -
scaffold_3:26684934-26686159  -            355 28700at71240         -            603     3e-08   31.2   0.3   2   2   7.2e-10   1.7e-07   28.8   0.0   290   395   225   330   216   348 0.91 -
scaffold_3:26681684-26675119  -            335 28700at71240         -            603   3.8e-08   30.9   0.2   1   2      0.49   1.1e+02   -0.4   0.1    73   143    14    95     2   103 0.62 -
scaffold_3:26681684-26675119  -            335 28700at71240         -            603   3.8e-08   30.9   0.2   2   2   7.3e-10   1.7e-07   28.8   0.0   290   391   222   323   210   330 0.91 -
scaffold_8:17010394-17009153  -            353 28700at71240         -            603   6.1e-08   30.2   0.2   1   2       1.6   3.6e+02   -2.1   0.1    74   127    15    74     4    98 0.60 -
scaffold_8:17010394-17009153  -            353 28700at71240         -            603   6.1e-08   30.2   0.2   2   2   5.9e-10   1.4e-07   29.1   0.0   290   395   222   327   213   346 0.89 -
scaffold_4:1344144-1345714    -            354 28700at71240         -            603   6.9e-08   30.0   0.4   1   2      0.83   1.9e+02   -1.2   0.1    72   134    13    85     3   100 0.59 -
scaffold_4:1344144-1345714    -            354 28700at71240         -            603   6.9e-08   30.0   0.4   2   2     8e-10   1.8e-07   28.6   0.0   290   393   223   326   214   346 0.90 -
scaffold_2:2671386-2675320    -            569 28700at71240         -            603   8.4e-08   29.8   0.1   1   2    0.0023      0.53    7.3   0.0    60   100    99   139    64   146 0.83 -
scaffold_2:2671386-2675320    -            569 28700at71240         -            603   8.4e-08   29.8   0.1   2   2   2.7e-07   6.2e-05   20.3   0.1   290   393   432   534   416   545 0.88 -
scaffold_3:2729684-2735760    -            500 28700at71240         -            603   8.6e-08   29.7   0.2   1   2      0.17        39    1.1   0.0    78   103    69    94    50   132 0.80 -
scaffold_3:2729684-2735760    -            500 28700at71240         -            603   8.6e-08   29.7   0.2   2   2   3.5e-09   8.1e-07   26.5   0.0   333   405   381   453   332   468 0.89 -
scaffold_9:876401-875014      -            354 28700at71240         -            603   1.5e-07   28.9   0.3   1   2       2.7   6.2e+02   -2.8   0.1    74   126    15    73     5    98 0.57 -
scaffold_9:876401-875014      -            354 28700at71240         -            603   1.5e-07   28.9   0.3   2   2   1.2e-09   2.7e-07   28.1   0.0   290   392   224   326   215   346 0.90 -
scaffold_1:38524881-38527404  -            244 28700at71240         -            603   1.3e-06   25.8   0.0   1   1   7.4e-09   1.7e-06   25.4   0.0   286   403    84   200    73   210 0.89 -
scaffold_12:8940205-8948875   -            476 28700at71240         -            603   1.4e-06   25.8   0.3   1   2      0.71   1.6e+02   -0.9   0.0    79   103    70    94    55   140 0.76 -
scaffold_12:8940205-8948875   -            476 28700at71240         -            603   1.4e-06   25.8   0.3   2   2   2.1e-08   4.8e-06   23.9   0.0   317   403   329   416   317   429 0.87 -
scaffold_3:25493101-25487726  -            584 28700at71240         -            603   1.6e-06   25.6   0.0   1   2   0.00067      0.16    9.1   0.0    66   100    48    82    32    88 0.87 -
scaffold_3:25493101-25487726  -            584 28700at71240         -            603   1.6e-06   25.6   0.0   2   2   1.7e-05     0.004   14.3   0.0   317   397   366   446   347   469 0.90 -
scaffold_8:26682510-26683796  -            429 28700at71240         -            603     4e-06   24.2   0.0   1   2      0.28        64    0.4   0.0    68   102    78   112    65   120 0.86 -
scaffold_8:26682510-26683796  -            429 28700at71240         -            603     4e-06   24.2   0.0   2   2   1.2e-07   2.9e-05   21.4   0.0   290   392   300   403   186   410 0.78 -
scaffold_1:27225170-27220649  -            575 28700at71240         -            603   6.9e-06   23.4   0.0   1   2    0.0056       1.3    6.0   0.0    60   100   102   142    71   147 0.84 -
scaffold_1:27225170-27220649  -            575 28700at71240         -            603   6.9e-06   23.4   0.0   2   2   8.9e-06     0.002   15.3   0.0   286   384   431   528   408   551 0.84 -
scaffold_6:16405522-16402784  -            426 28700at71240         -            603   1.9e-05   22.0   0.0   1   2       4.4     1e+03   -3.5   0.0    78   100     1    23     1    24 0.91 -
scaffold_6:16405522-16402784  -            426 28700at71240         -            603   1.9e-05   22.0   0.0   2   2   1.6e-07   3.8e-05   21.0   0.0   292   393   223   324   208   333 0.91 -
scaffold_4:18940002-18942411  -            405 28700at71240         -            603   2.6e-05   21.5   0.0   1   2     0.025       5.8    3.9   0.0    67   102    28    63    10    91 0.81 -
scaffold_4:18940002-18942411  -            405 28700at71240         -            603   2.6e-05   21.5   0.0   2   2   7.1e-06    0.0016   15.6   0.0   279   397   237   355   227   363 0.91 -
scaffold_9:6117993-6120981    -            389 28700at71240         -            603   3.7e-05   21.0   0.0   1   2     0.092        21    2.0   0.0    67   100    88   121    73   129 0.87 -
scaffold_9:6117993-6120981    -            389 28700at71240         -            603   3.7e-05   21.0   0.0   2   2   3.1e-06   0.00071   16.8   0.0   288   397   237   345   228   358 0.88 -
scaffold_4:5881753-5878704    -            353 28700at71240         -            603   0.00015   19.1   0.0   1   2      0.37        86   -0.0   0.0    67   100    39    72    27    79 0.86 -
scaffold_4:5881753-5878704    -            353 28700at71240         -            603   0.00015   19.1   0.0   2   2   3.6e-06   0.00084   16.5   0.0   291   395   202   305   187   319 0.89 -
scaffold_6:18511202-18506802  -            433 28700at71240         -            603   0.00016   18.9   0.1   1   2      0.23        53    0.7   0.0    65   100    24    59    15    66 0.85 -
scaffold_6:18511202-18506802  -            433 28700at71240         -            603   0.00016   18.9   0.1   2   2   5.8e-06    0.0013   15.9   0.0   303   393   242   332   228   342 0.88 -
scaffold_1:22119644-22117938  -            569 28700at71240         -            603   0.00059   17.0   0.0   1   2     0.022       5.1    4.0   0.0    68   100   154   186   140   191 0.85 -
scaffold_1:22119644-22117938  -            569 28700at71240         -            603   0.00059   17.0   0.0   2   2    0.0002     0.047   10.8   0.1   286   385   428   527   406   538 0.85 -
scaffold_10:5182467-5180011   -            415 28700at71240         -            603    0.0014   15.8   0.0   1   2    0.0021      0.48    7.5   0.0    68   111    92   141    85   163 0.76 -
scaffold_10:5182467-5180011   -            415 28700at71240         -            603    0.0014   15.8   0.0   2   2    0.0049       1.1    6.2   0.0   289   386   311   408   296   414 0.76 -
scaffold_8:12410507-12406893  -            276 28700at71240         -            603     0.025   11.7   0.0   1   2      0.29        68    0.3   0.0    67   100    26    59    15    66 0.87 -
scaffold_8:12410507-12406893  -            276 28700at71240         -            603     0.025   11.7   0.0   2   2   0.00071      0.16    9.0   0.0   334   391   216   273   205   276 0.83 -
scaffold_14:4387786-4378840   -            408 28700at71240         -            603     0.031   11.4   0.2   1   3    0.0083       1.9    5.5   0.0    66    98    35    67    23   112 0.80 -
scaffold_14:4387786-4378840   -            408 28700at71240         -            603     0.031   11.4   0.2   2   3      0.68   1.6e+02   -0.9   0.1   405   443   177   215   166   233 0.89 -
scaffold_14:4387786-4378840   -            408 28700at71240         -            603     0.031   11.4   0.2   3   3     0.067        15    2.5   0.0   320   388   310   379   303   395 0.80 -
scaffold_15:4197076-4206105   -            443 28700at71240         -            603     0.038   11.1   0.2   1   3    0.0098       2.3    5.2   0.0    66    98    72   104    60   143 0.80 -
scaffold_15:4197076-4206105   -            443 28700at71240         -            603     0.038   11.1   0.2   2   3       0.8   1.9e+02   -1.1   0.1   405   443   214   252   204   269 0.89 -
scaffold_15:4197076-4206105   -            443 28700at71240         -            603     0.038   11.1   0.2   3   3     0.065        15    2.5   0.0   320   388   347   415   339   431 0.77 -
#
# Program:         hmmsearch
# Version:         3.3.2 (Nov 2020)
# Pipeline mode:   SEARCH
# Query file:      /scratch/srb67793/Pelargonium/scripts/busco_downloads/lineages/eudicots_odb10/hmms/28700at71240.hmm
# Target file:     /scratch/srb67793/Pelargonium/scripts/scratch/srb67793/Pelargonium/Results2/HiFiASM_OmniC/P_citronellum_hap2-scaffolds-busco/run_eudicots_odb10/metaeuk_output/initial_results/P_citronellum-hap2_scaffolds_final.fa.modified.fas
# Option settings: hmmsearch --domtblout /scratch/srb67793/Pelargonium/scripts/scratch/srb67793/Pelargonium/Results2/HiFiASM_OmniC/P_citronellum_hap2-scaffolds-busco/run_eudicots_odb10/hmmer_output/initial_run_results/28700at71240.out --cpu 1 /scratch/srb67793/Pelargonium/scripts/busco_downloads/lineages/eudicots_odb10/hmms/28700at71240.hmm /scratch/srb67793/Pelargonium/scripts/scratch/srb67793/Pelargonium/Results2/HiFiASM_OmniC/P_citronellum_hap2-scaffolds-busco/run_eudicots_odb10/metaeuk_output/initial_results/P_citronellum-hap2_scaffolds_final.fa.modified.fas 
# Current dir:     /scratch/srb67793/Pelargonium/scripts
# Date:            Fri Jul 19 11:03:51 2024
# [ok]
