#                                                                                     --- full sequence --- -------------- this domain -------------   hmm coord   ali coord   env coord
# target name                 accession   tlen query name           accession   qlen   E-value  score  bias   #  of  c-Evalue  i-Evalue  score  bias  from    to  from    to  from    to  acc description of target
#         ------------------- ---------- ----- -------------------- ---------- ----- --------- ------ ----- --- --- --------- --------- ------ ----- ----- ----- ----- ----- ----- ----- ---- ---------------------
scaffold_8:20801393-20807271  -            667 29518at71240         -            516  5.7e-299  991.1   0.7   1   3   1.3e-45   2.2e-43  147.8   0.1     1   132    35   173    35   211 0.91 -
scaffold_8:20801393-20807271  -            667 29518at71240         -            516  5.7e-299  991.1   0.7   2   3       3.6     6e+02   -2.1   0.0   137   175   214   252   178   265 0.83 -
scaffold_8:20801393-20807271  -            667 29518at71240         -            516  5.7e-299  991.1   0.7   3   3  8.1e-256  1.4e-253  841.4   0.0   119   516   266   667   251   667 0.97 -
scaffold_6:7314562-7294960    -            661 29518at71240         -            516     5e-86  288.5   0.0   1   1     5e-88   8.3e-86  287.8   0.0   217   486   142   404   128   408 0.87 -
scaffold_8:23013714-23016188  -            289 29518at71240         -            516   1.7e-71  240.6   0.0   1   1   1.1e-73   1.9e-71  240.4   0.0   219   513     2   289     1   289 0.90 -
scaffold_2:4450471-4455929    -            607 29518at71240         -            516   1.3e-65  221.1   0.1   1   2   3.6e-32   6.1e-30  103.5   0.0   239   462    14   243     3   275 0.83 -
scaffold_2:4450471-4455929    -            607 29518at71240         -            516   1.3e-65  221.1   0.1   2   2   7.9e-36   1.3e-33  115.5   0.0   232   466   278   514   269   552 0.86 -
scaffold_5:10393094-10391087  -            262 29518at71240         -            516   2.2e-64  217.1   0.0   1   1   1.6e-66   2.7e-64  216.8   0.0   220   415    63   257    48   260 0.94 -
scaffold_3:29152273-29150236  -            275 29518at71240         -            516   6.8e-64  215.5   0.1   1   2   6.1e-51     1e-48  165.4   0.0   226   395    12   179     5   188 0.88 -
scaffold_3:29152273-29150236  -            275 29518at71240         -            516   6.8e-64  215.5   0.1   2   2   1.2e-15   2.1e-13   48.9   0.0   429   513   187   275   179   275 0.89 -
scaffold_10:8457819-8455604   -            228 29518at71240         -            516   6.2e-63  212.3   0.0   1   1   4.1e-65   6.8e-63  212.2   0.0   235   463     1   228     1   228 0.96 -
scaffold_2:32232157-32235056  -            228 29518at71240         -            516     9e-62  208.5   0.0   1   1     6e-64     1e-61  208.3   0.0   235   461     1   227     1   228 0.95 -
scaffold_3:3495286-3493413    -            199 29518at71240         -            516   2.5e-59  200.4   0.0   1   1   1.6e-61   2.7e-59  200.3   0.0   265   460     1   197     1   199 0.93 -
scaffold_12:12060469-12061053 -            195 29518at71240         -            516   8.5e-58  195.3   0.0   1   1   6.2e-60     1e-57  195.1   0.0   233   403     6   177     2   191 0.93 -
scaffold_10:7546948-7546424   -            175 29518at71240         -            516     3e-57  193.6   0.0   1   1     2e-59   3.4e-57  193.4   0.0   235   400     8   175     2   175 0.95 -
scaffold_2:34916410-34916934  -            175 29518at71240         -            516   4.9e-57  192.8   0.0   1   1   3.4e-59   5.6e-57  192.6   0.0   235   400     8   175     2   175 0.95 -
scaffold_31:1437311-1436787   -            175 29518at71240         -            516   4.9e-57  192.8   0.0   1   1   3.4e-59   5.6e-57  192.6   0.0   235   400     8   175     2   175 0.95 -
scaffold_10:2286418-2233725   -            262 29518at71240         -            516   8.9e-57  192.0   0.0   1   1   6.4e-59   1.1e-56  191.7   0.0   236   401    94   261    83   262 0.95 -
scaffold_3:34532658-34528567  -            225 29518at71240         -            516   2.9e-53  180.4   0.1   1   2   1.5e-52   2.6e-50  170.7   0.0   224   366    53   195    38   196 0.94 -
scaffold_3:34532658-34528567  -            225 29518at71240         -            516   2.9e-53  180.4   0.1   2   2    0.0013      0.21    9.3   0.0   391   416   195   220   192   224 0.87 -
scaffold_3:33863580-33862149  -            330 29518at71240         -            516   4.3e-53  179.8   0.1   1   2    0.0022      0.37    8.5   0.0   431   495     2    69     1    75 0.73 -
scaffold_3:33863580-33862149  -            330 29518at71240         -            516   4.3e-53  179.8   0.1   2   2   2.6e-52   4.4e-50  169.9   0.0   233   470    75   314    70   319 0.93 -
scaffold_95:139187-135023     -            220 29518at71240         -            516   4.5e-53  179.8   0.2   1   2   1.1e-52   1.9e-50  171.1   0.0   206   366    40   195    35   197 0.94 -
scaffold_95:139187-135023     -            220 29518at71240         -            516   4.5e-53  179.8   0.2   2   2    0.0023      0.39    8.4   0.0   391   414   195   218   192   220 0.87 -
scaffold_8:25355817-25354545  -            307 29518at71240         -            516   1.3e-50  171.7   0.0   1   2    0.0031      0.53    8.0   0.0   431   496     2    70     1    75 0.73 -
scaffold_8:25355817-25354545  -            307 29518at71240         -            516   1.3e-50  171.7   0.0   2   2   5.1e-50   8.6e-48  162.3   0.0   233   462    75   306    70   307 0.93 -
scaffold_9:3530775-3529347    -            302 29518at71240         -            516   1.3e-50  171.7   0.0   1   2     0.005      0.84    7.3   0.0   431   495     2    69     1    75 0.69 -
scaffold_9:3530775-3529347    -            302 29518at71240         -            516   1.3e-50  171.7   0.0   2   2     3e-50     5e-48  163.1   0.0   233   462    75   301    66   302 0.94 -
scaffold_2:22898504-22897154  -            237 29518at71240         -            516   1.9e-49  167.8   0.0   1   1   1.4e-51   2.3e-49  167.5   0.0   234   466     4   235     2   237 0.94 -
scaffold_2:8135358-8128036    -           1210 29518at71240         -            516   2.6e-41  140.9   0.0   1   1     4e-43   6.8e-41  139.6   0.0   232   465   375   613   370   649 0.86 -
scaffold_5:8097422-8096597    -            251 29518at71240         -            516   2.2e-39  134.6   0.0   1   1   1.5e-41   2.5e-39  134.4   0.0   236   458     4   227     1   244 0.87 -
scaffold_10:6168335-6161150   -            456 29518at71240         -            516   7.7e-39  132.8   0.0   1   1     7e-41   1.2e-38  132.2   0.0   230   457   203   431   196   447 0.85 -
scaffold_96:145237-154694     -           2065 29518at71240         -            516     2e-37  128.2   0.0   1   1   2.5e-39   4.2e-37  127.1   0.0   238   461   784  1012   777  1061 0.88 -
scaffold_10:10674214-10672408 -            359 29518at71240         -            516   4.4e-37  127.0   0.0   1   1   3.4e-39   5.7e-37  126.6   0.0   235   464   116   346   109   355 0.87 -
scaffold_1:24397489-24403958  -            600 29518at71240         -            516   5.9e-37  126.6   0.0   1   1   4.9e-39   8.2e-37  126.1   0.0   235   507   308   575   295   581 0.88 -
scaffold_457:228-1274         -            219 29518at71240         -            516   8.3e-37  126.1   0.0   1   1   3.4e-37   5.7e-35  120.0   0.0   234   462     4   218     2   219 0.90 -
scaffold_5:13354020-13352655  -            227 29518at71240         -            516   1.6e-36  125.2   0.0   1   1     1e-38   1.8e-36  125.0   0.0   236   456     1   222     1   227 0.87 -
scaffold_5:9646369-9643980    -            299 29518at71240         -            516   1.9e-35  121.6   0.1   1   2   8.5e-16   1.4e-13   49.4   0.1   315   455     2   157     1   181 0.80 -
scaffold_5:9646369-9643980    -            299 29518at71240         -            516   1.9e-35  121.6   0.1   2   2   6.4e-22   1.1e-19   69.6   0.0   232   340   188   297   180   299 0.94 -
scaffold_9:3531450-3530872    -            193 29518at71240         -            516   2.9e-35  121.0   0.0   1   1   1.9e-37   3.3e-35  120.8   0.0   238   406     2   171     1   187 0.89 -
scaffold_3:26817294-26818494  -            225 29518at71240         -            516   1.5e-34  118.6   0.0   1   1   1.1e-36   1.9e-34  118.3   0.0   273   458     4   182     2   207 0.89 -
scaffold_2:16358763-16343864  -           1126 29518at71240         -            516   1.8e-34  118.4   0.0   1   2   0.00078      0.13   10.0   0.0   273   446   588   777   565   829 0.69 -
scaffold_2:16358763-16343864  -           1126 29518at71240         -            516   1.8e-34  118.4   0.0   2   2   5.4e-33     9e-31  106.2   0.0   237   508   846  1117   824  1125 0.86 -
scaffold_3:39982856-39983614  -            253 29518at71240         -            516   6.6e-34  116.5   0.0   1   1   4.6e-36   7.7e-34  116.3   0.0   237   460     2   228     1   242 0.88 -
scaffold_5:1339696-1346773    -            770 29518at71240         -            516   8.4e-34  116.2   0.0   1   1   8.5e-36   1.4e-33  115.4   0.0   235   463   228   463   218   470 0.86 -
scaffold_3:31883953-31884633  -            227 29518at71240         -            516   2.4e-33  114.7   0.0   1   1   1.6e-35   2.6e-33  114.5   0.0   239   456     2   223     1   227 0.89 -
scaffold_2:26223460-26196029  -           2484 29518at71240         -            516     1e-31  109.3   0.0   1   2      0.13        22    2.6   0.0   375   455   498   580   493   591 0.82 -
scaffold_2:26223460-26196029  -           2484 29518at71240         -            516     1e-31  109.3   0.0   2   2   2.7e-31   4.5e-29  100.6   0.0   232   458   644   858   627   898 0.85 -
scaffold_4:2335387-2347852    -           1176 29518at71240         -            516   4.4e-31  107.2   0.0   1   1   4.7e-33   7.9e-31  106.4   0.0   233   462   600   830   593   844 0.89 -
scaffold_4:500681-499749      -            242 29518at71240         -            516   1.7e-24   85.5   0.0   1   1   1.5e-26   2.4e-24   85.0   0.0   270   416     7   154     2   171 0.88 -
scaffold_110:106105-112671    -            940 29518at71240         -            516   1.1e-23   82.8   0.0   1   1   1.3e-25   2.2e-23   81.8   0.0   233   462   432   665   424   676 0.78 -
scaffold_7:29279537-29276304  -            363 29518at71240         -            516   9.4e-23   79.7   0.5   1   4   4.4e-16   7.4e-14   50.4   0.2   314   461     2   164     1   225 0.71 -
scaffold_7:29279537-29276304  -            363 29518at71240         -            516   9.4e-23   79.7   0.5   2   4     0.019       3.3    5.4   0.0   233   263   225   255   218   259 0.84 -
scaffold_7:29279537-29276304  -            363 29518at71240         -            516   9.4e-23   79.7   0.5   3   4    0.0013      0.22    9.3   0.0   308   339   261   292   256   294 0.94 -
scaffold_7:29279537-29276304  -            363 29518at71240         -            516   9.4e-23   79.7   0.5   4   4    0.0024       0.4    8.3   0.0   384   424   295   337   293   363 0.77 -
scaffold_6:12546459-12546897  -             84 29518at71240         -            516   3.6e-21   74.5   0.1   1   1   2.5e-23   4.1e-21   74.3   0.1   271   346     8    83     3    84 0.94 -
scaffold_8:16929461-16929162  -            100 29518at71240         -            516     4e-21   74.4   0.0   1   1   2.6e-23   4.4e-21   74.2   0.0   273   353    10    90     4   100 0.91 -
scaffold_6:19953306-19968046  -           1257 29518at71240         -            516   1.5e-20   72.5   0.0   1   1   2.6e-22   4.4e-20   70.9   0.0   232   416   764   952   755   987 0.86 -
scaffold_10:5255082-5269300   -            993 29518at71240         -            516   1.1e-19   69.6   0.0   1   1   1.2e-21   1.9e-19   68.8   0.0   273   465   515   710   496   753 0.75 -
scaffold_3:31225381-31224605  -             90 29518at71240         -            516     1e-17   63.1   0.0   1   1   6.6e-20   1.1e-17   63.0   0.0   261   340    10    90     3    90 0.89 -
scaffold_9:1851313-1851671    -             82 29518at71240         -            516     3e-17   61.6   0.1   1   1   1.9e-19   3.2e-17   61.5   0.1   270   343     7    78     2    82 0.94 -
scaffold_2:22695027-22690877  -            473 29518at71240         -            516   8.2e-13   46.9   0.1   1   2   1.5e-14   2.5e-12   45.4   0.0   272   421   181   346   177   366 0.78 -
scaffold_2:22695027-22690877  -            473 29518at71240         -            516   8.2e-13   46.9   0.1   2   2       2.5   4.2e+02   -1.6   0.0   388   450   376   437   368   444 0.82 -
scaffold_6:30369634-30368993  -            214 29518at71240         -            516   2.6e-07   28.8   0.0   1   1     2e-09   3.4e-07   28.4   0.0   274   343    38   112    24   120 0.77 -
scaffold_3:21775609-21776367  -            253 29518at71240         -            516   0.00034   18.5   0.6   1   2   7.1e-05     0.012   13.4   0.1   271   294    52    75    42    93 0.83 -
scaffold_3:21775609-21776367  -            253 29518at71240         -            516   0.00034   18.5   0.6   2   2     0.097        16    3.1   0.0   367   420   179   235   151   247 0.64 -
scaffold_3:21765055-21765822  -            256 29518at71240         -            516    0.0026   15.6   0.0   1   2   4.3e-05    0.0072   14.1   0.0   271   353    70   147    63   155 0.56 -
scaffold_3:21765055-21765822  -            256 29518at71240         -            516    0.0026   15.6   0.0   2   2       3.2   5.3e+02   -1.9   0.0   363   414   178   232   151   248 0.59 -
scaffold_8:19415986-19415312  -            225 29518at71240         -            516    0.0026   15.6   0.2   1   1   3.6e-05     0.006   14.4   0.2   274   384     1   106     1   116 0.73 -
scaffold_2:18964318-18964022  -             99 29518at71240         -            516    0.0029   15.4   0.0   1   1   1.8e-05    0.0029   15.4   0.0   266   293    32    59    12    73 0.86 -
scaffold_11:12071190-12071456 -             89 29518at71240         -            516    0.0029   15.4   0.0   1   1   1.7e-05    0.0029   15.4   0.0   270   309    13    49     5    89 0.60 -
scaffold_8:19420962-19420216  -            249 29518at71240         -            516    0.0033   15.3   0.0   1   1   3.2e-05    0.0053   14.5   0.0   271   355    34   113    26   207 0.74 -
scaffold_8:15233558-15228966  -            588 29518at71240         -            516    0.0039   15.0   0.1   1   2     0.022       3.6    5.2   0.0   276   443    43   204     9   275 0.73 -
scaffold_8:15233558-15228966  -            588 29518at71240         -            516    0.0039   15.0   0.1   2   2    0.0044      0.73    7.5   0.0   273   295   332   354   321   374 0.84 -
scaffold_2:14484818-14486866  -            472 29518at71240         -            516    0.0052   14.6   0.0   1   2    0.0032      0.54    7.9   0.0   276   361   201   299   192   383 0.66 -
scaffold_2:14484818-14486866  -            472 29518at71240         -            516    0.0052   14.6   0.0   2   2     0.037       6.2    4.4   0.0   270   294   445   469   416   471 0.76 -
scaffold_6:14733218-14732493  -            242 29518at71240         -            516    0.0074   14.1   0.0   1   1   6.8e-05     0.011   13.5   0.0   266   418    49   208    21   240 0.58 -
scaffold_11:12073175-12072429 -            249 29518at71240         -            516     0.013   13.3   0.0   1   1   0.00013     0.021   12.6   0.0   272   298    25    51    12   106 0.61 -
#
# Program:         hmmsearch
# Version:         3.3.2 (Nov 2020)
# Pipeline mode:   SEARCH
# Query file:      /scratch/srb67793/Pelargonium/scripts/busco_downloads/lineages/eudicots_odb10/hmms/29518at71240.hmm
# Target file:     /scratch/srb67793/Pelargonium/scripts/scratch/srb67793/Pelargonium/Results2/HiFiASM_OmniC/P_citronellum_hap2-scaffolds-busco/run_eudicots_odb10/metaeuk_output/initial_results/P_citronellum-hap2_scaffolds_final.fa.modified.fas
# Option settings: hmmsearch --domtblout /scratch/srb67793/Pelargonium/scripts/scratch/srb67793/Pelargonium/Results2/HiFiASM_OmniC/P_citronellum_hap2-scaffolds-busco/run_eudicots_odb10/hmmer_output/initial_run_results/29518at71240.out --cpu 1 /scratch/srb67793/Pelargonium/scripts/busco_downloads/lineages/eudicots_odb10/hmms/29518at71240.hmm /scratch/srb67793/Pelargonium/scripts/scratch/srb67793/Pelargonium/Results2/HiFiASM_OmniC/P_citronellum_hap2-scaffolds-busco/run_eudicots_odb10/metaeuk_output/initial_results/P_citronellum-hap2_scaffolds_final.fa.modified.fas 
# Current dir:     /scratch/srb67793/Pelargonium/scripts
# Date:            Fri Jul 19 11:04:06 2024
# [ok]
