#                                                                                     --- full sequence --- -------------- this domain -------------   hmm coord   ali coord   env coord
# target name                 accession   tlen query name           accession   qlen   E-value  score  bias   #  of  c-Evalue  i-Evalue  score  bias  from    to  from    to  from    to  acc description of target
#         ------------------- ---------- ----- -------------------- ---------- ----- --------- ------ ----- --- --- --------- --------- ------ ----- ----- ----- ----- ----- ----- ----- ---- ---------------------
scaffold_5:11300040-11313821  -           1058 29596at71240         -            638         0 1049.4   8.6   1   5   1.4e-52   4.1e-50  169.9   0.0     1   119    19   154    19   165 0.92 -
scaffold_5:11300040-11313821  -           1058 29596at71240         -            638         0 1049.4   8.6   2   5  1.7e-145  4.7e-143  476.9   0.0   117   388   174   461   169   465 0.93 -
scaffold_5:11300040-11313821  -           1058 29596at71240         -            638         0 1049.4   8.6   3   5  3.1e-101   8.8e-99  330.6   0.3   352   531   472   652   464   669 0.96 -
scaffold_5:11300040-11313821  -           1058 29596at71240         -            638         0 1049.4   8.6   4   5     2e-20   5.8e-18   63.6   0.3   531   586   682   736   654   753 0.91 -
scaffold_5:11300040-11313821  -           1058 29596at71240         -            638         0 1049.4   8.6   5   5   0.00073      0.21    8.9   0.0   577   603   767   793   761   812 0.88 -
scaffold_4:13282143-13284061  -            436 29596at71240         -            638   1.9e-94  316.3   0.0   1   1   8.5e-97   2.4e-94  316.0   0.0   123   507    38   425    14   435 0.94 -
scaffold_64:212948-194606     -            706 29596at71240         -            638   8.8e-93  310.8   0.0   1   1   9.1e-95   2.6e-92  309.3   0.0    94   525    90   533    84   557 0.89 -
scaffold_9:17004801-17015164  -            784 29596at71240         -            638   5.9e-92  308.1   0.0   1   1   2.9e-94   8.4e-92  307.6   0.0    74   523   125   585    67   596 0.89 -
scaffold_8:14083928-14101760  -            599 29596at71240         -            638   1.6e-90  303.4   0.0   1   1   7.8e-93   2.2e-90  302.9   0.0   124   531   101   511    97   522 0.94 -
scaffold_3:11602235-11525949  -            860 29596at71240         -            638   1.1e-76  257.6   0.0   1   2   5.4e-38   1.5e-35  121.7   0.1    94   280    67   259    62   264 0.87 -
scaffold_3:11602235-11525949  -            860 29596at71240         -            638   1.1e-76  257.6   0.0   2   2   1.3e-41   3.8e-39  133.6   0.0   323   525   278   477   265   501 0.90 -
scaffold_10:21479113-21465969 -            651 29596at71240         -            638   1.3e-70  237.6   0.1   1   1   7.7e-72   2.2e-69  233.5   0.1    56   529    54   494    51   527 0.86 -
scaffold_4:20215406-20219487  -            508 29596at71240         -            638   1.6e-38  131.6   0.0   1   1     9e-41   2.6e-38  130.9   0.0   125   429   108   420    96   481 0.84 -
scaffold_11:5039100-5040764   -            261 29596at71240         -            638   4.1e-20   70.7   0.0   1   2   4.9e-21   1.4e-18   65.7   0.0   123   310     2   201     1   207 0.84 -
scaffold_11:5039100-5040764   -            261 29596at71240         -            638   4.1e-20   70.7   0.0   2   2     0.019       5.5    4.2   0.0   338   361   202   225   198   261 0.63 -
scaffold_4:10605449-10607642  -            366 29596at71240         -            638   0.00018   19.1   0.0   1   1   8.4e-07   0.00024   18.6   0.0   327   373   174   220   159   229 0.83 -
scaffold_10:3979700-3980512   -            271 29596at71240         -            638   0.00059   17.4   0.0   1   1   2.8e-06    0.0008   16.9   0.0   301   377    72   148    64   158 0.92 -
scaffold_10:20597457-20596822 -            208 29596at71240         -            638    0.0016   15.9   0.2   1   2     0.028         8    3.7   0.0   189   218    26    55    14    68 0.84 -
scaffold_10:20597457-20596822 -            208 29596at71240         -            638    0.0016   15.9   0.2   2   2   0.00028      0.08   10.3   0.0   300   373    99   180    83   192 0.72 -
scaffold_4:18912370-18911474  -            299 29596at71240         -            638    0.0074   13.7   0.0   1   1   3.6e-05      0.01   13.3   0.0   189   215    15    41     4    50 0.85 -
scaffold_5:33623003-33624124  -            374 29596at71240         -            638    0.0075   13.7   0.0   1   2    0.0042       1.2    6.4   0.0   189   220    88   119    56   124 0.79 -
scaffold_5:33623003-33624124  -            374 29596at71240         -            638    0.0075   13.7   0.0   2   2      0.01       2.9    5.1   0.0   332   381   203   254   195   265 0.88 -
scaffold_6:19472207-19473238  -            344 29596at71240         -            638    0.0089   13.5   0.0   1   2   0.00034     0.098   10.0   0.0   169   220    52   104    43   112 0.78 -
scaffold_6:19472207-19473238  -            344 29596at71240         -            638    0.0089   13.5   0.0   2   2      0.19        54    1.0   0.0   332   374   174   218   133   221 0.84 -
scaffold_6:19464739-19465806  -            356 29596at71240         -            638     0.014   12.8   0.0   1   2    0.0013      0.36    8.2   0.0   188   220    77   109    56   118 0.77 -
scaffold_6:19464739-19465806  -            356 29596at71240         -            638     0.014   12.8   0.0   2   2     0.066        19    2.5   0.0   299   375   145   229   117   236 0.72 -
scaffold_3:4156031-4154313    -            496 29596at71240         -            638     0.015   12.7   0.4   1   2    0.0011       0.3    8.4   0.1   182   215   213   247   208   255 0.82 -
scaffold_3:4156031-4154313    -            496 29596at71240         -            638     0.015   12.7   0.4   2   2      0.13        38    1.5   0.0   298   355   407   464   380   469 0.77 -
scaffold_6:34324010-34323381  -            210 29596at71240         -            638     0.015   12.7   0.1   1   2    0.0074       2.1    5.6   0.0   189   217    24    52     8    64 0.84 -
scaffold_6:34324010-34323381  -            210 29596at71240         -            638     0.015   12.7   0.1   2   2    0.0084       2.4    5.4   0.0   339   373   148   182    95   193 0.77 -
scaffold_6:33504261-33503623  -            213 29596at71240         -            638     0.027   11.9   0.1   1   2    0.0032      0.92    6.8   0.0   189   217    27    55    11    68 0.86 -
scaffold_6:33504261-33503623  -            213 29596at71240         -            638     0.027   11.9   0.1   2   2     0.036        10    3.3   0.0   332   372   144   184    89   195 0.69 -
scaffold_11:2217809-2218687   -            293 29596at71240         -            638     0.032   11.6   0.0   1   1   0.00014     0.039   11.3   0.0   301   373    88   162    47   177 0.78 -
scaffold_5:33827727-33826783  -            315 29596at71240         -            638     0.036   11.5   0.0   1   1   0.00019     0.054   10.9   0.0   186   215    28    57    12    69 0.78 -
scaffold_6:19478967-19480284  -            357 29596at71240         -            638     0.039   11.4   0.0   1   2      0.24        68    0.6   0.0   193   212    73    92    55   105 0.79 -
scaffold_6:19478967-19480284  -            357 29596at71240         -            638     0.039   11.4   0.0   2   2    0.0012      0.33    8.3   0.0   326   381   183   236   171   241 0.82 -
scaffold_7:9109100-9108231    -            290 29596at71240         -            638     0.042   11.2   0.0   1   2    0.0052       1.5    6.1   0.0   194   217    17    40     4    44 0.86 -
scaffold_7:9109100-9108231    -            290 29596at71240         -            638     0.042   11.2   0.0   2   2     0.041        12    3.2   0.0   296   377    75   164    45   174 0.73 -
scaffold_4:10299439-10300122  -            228 29596at71240         -            638     0.046   11.1   0.0   1   1   0.00021     0.061   10.7   0.0   300   384    30   112     6   117 0.70 -
scaffold_6:22080019-22078507  -            332 29596at71240         -            638     0.056   10.8   0.1   1   1    0.0003     0.087   10.2   0.1   194   217    18    41     6    47 0.86 -
scaffold_10:9631296-9632108   -            271 29596at71240         -            638     0.057   10.8   0.0   1   1   0.00022     0.063   10.6   0.0   301   374    77   148    12   159 0.88 -
scaffold_1:1314567-1321458    -            928 29596at71240         -            638      0.06   10.7   0.0   1   2     0.029       8.3    3.6   0.0   196   217   650   671   636   692 0.83 -
scaffold_1:1314567-1321458    -            928 29596at71240         -            638      0.06   10.7   0.0   2   2     0.016       4.7    4.5   0.0   295   375   706   792   692   829 0.76 -
scaffold_8:18559889-18560713  -            204 29596at71240         -            638     0.061   10.7   0.0   1   1   0.00027     0.076   10.4   0.0   301   377    38   114    19   121 0.84 -
scaffold_7:9488029-9487187    -            281 29596at71240         -            638     0.061   10.7   0.1   1   2      0.12        35    1.6   0.0   197   216    18    37    11    43 0.87 -
scaffold_7:9488029-9487187    -            281 29596at71240         -            638     0.061   10.7   0.1   2   2    0.0026      0.74    7.1   0.0   292   376    70   160    40   169 0.70 -
scaffold_2:14132033-14131239  -            265 29596at71240         -            638     0.062   10.7   0.2   1   2      0.82   2.3e+02   -1.1   0.0   206   233    28    55    15    65 0.76 -
scaffold_2:14132033-14131239  -            265 29596at71240         -            638     0.062   10.7   0.2   2   2   0.00066      0.19    9.1   0.0   289   373    66   149    57   158 0.83 -
scaffold_10:11676768-11676211 -            186 29596at71240         -            638     0.065   10.6   0.0   1   1    0.0003     0.086   10.2   0.0   341   381    17    57     7    64 0.86 -
scaffold_1:29556726-29558933  -            305 29596at71240         -            638     0.071   10.5   0.1   1   2     0.028       8.1    3.7   0.0   189   217    25    53    13    69 0.84 -
scaffold_1:29556726-29558933  -            305 29596at71240         -            638     0.071   10.5   0.1   2   2     0.014       3.9    4.7   0.0   304   372   111   183   105   199 0.78 -
scaffold_7:16677285-16697445  -            235 29596at71240         -            638     0.074   10.4   0.4   1   2    0.0034      0.97    6.7   0.0   188   217    18    47     5    61 0.84 -
scaffold_7:16677285-16697445  -            235 29596at71240         -            638     0.074   10.4   0.4   2   2       0.1        30    1.8   0.0   339   373   143   177    91   188 0.81 -
scaffold_3:577332-575956      -            459 29596at71240         -            638     0.096   10.0   0.0   1   1   0.00051      0.14    9.5   0.0   194   229   279   317   269   337 0.76 -
#
# Program:         hmmsearch
# Version:         3.3.2 (Nov 2020)
# Pipeline mode:   SEARCH
# Query file:      /scratch/srb67793/Pelargonium/scripts/busco_downloads/lineages/eudicots_odb10/hmms/29596at71240.hmm
# Target file:     /scratch/srb67793/Pelargonium/scripts/scratch/srb67793/Pelargonium/Results2/HiFiASM_OmniC/P_citronellum_hap2-scaffolds-busco/run_eudicots_odb10/metaeuk_output/initial_results/P_citronellum-hap2_scaffolds_final.fa.modified.fas
# Option settings: hmmsearch --domtblout /scratch/srb67793/Pelargonium/scripts/scratch/srb67793/Pelargonium/Results2/HiFiASM_OmniC/P_citronellum_hap2-scaffolds-busco/run_eudicots_odb10/hmmer_output/initial_run_results/29596at71240.out --cpu 1 /scratch/srb67793/Pelargonium/scripts/busco_downloads/lineages/eudicots_odb10/hmms/29596at71240.hmm /scratch/srb67793/Pelargonium/scripts/scratch/srb67793/Pelargonium/Results2/HiFiASM_OmniC/P_citronellum_hap2-scaffolds-busco/run_eudicots_odb10/metaeuk_output/initial_results/P_citronellum-hap2_scaffolds_final.fa.modified.fas 
# Current dir:     /scratch/srb67793/Pelargonium/scripts
# Date:            Fri Jul 19 11:03:27 2024
# [ok]
