#                                                                                    --- full sequence --- -------------- this domain -------------   hmm coord   ali coord   env coord
# target name                accession   tlen query name           accession   qlen   E-value  score  bias   #  of  c-Evalue  i-Evalue  score  bias  from    to  from    to  from    to  acc description of target
#        ------------------- ---------- ----- -------------------- ---------- ----- --------- ------ ----- --- --- --------- --------- ------ ----- ----- ----- ----- ----- ----- ----- ---- ---------------------
scaffold_6:29990725-30000385 -            913 31971at71240         -            508  5.7e-296  981.1   4.7   1   2   2.2e-33     8e-31  106.4   0.0     1    72    10    85    10    89 0.94 -
scaffold_6:29990725-30000385 -            913 31971at71240         -            508  5.7e-296  981.1   4.7   2   2  1.7e-266  6.1e-264  875.5   1.9    70   506   130   581   104   583 0.96 -
scaffold_4:29214531-29112049 -            447 31971at71240         -            508   2.8e-32  111.2   4.8   1   2   4.7e-19   1.7e-16   59.1   0.0   100   224    69   190    52   231 0.87 -
scaffold_4:29214531-29112049 -            447 31971at71240         -            508   2.8e-32  111.2   4.8   2   2   6.5e-17   2.3e-14   52.1   2.3   298   438   305   444   288   447 0.80 -
scaffold_8:11604574-11426084 -            450 31971at71240         -            508     5e-32  110.4   3.2   1   2   2.5e-16   8.9e-14   50.1   0.0   102   225    81   200    76   259 0.84 -
scaffold_8:11604574-11426084 -            450 31971at71240         -            508     5e-32  110.4   3.2   2   2   6.7e-19   2.4e-16   58.6   1.9   301   438   312   447   276   450 0.81 -
scaffold_7:5966191-5958552   -            508 31971at71240         -            508   2.3e-31  108.2   3.8   1   2   9.9e-19   3.6e-16   58.1   0.3    97   236    70   206    55   292 0.77 -
scaffold_7:5966191-5958552   -            508 31971at71240         -            508   2.3e-31  108.2   3.8   2   2     1e-16   3.7e-14   51.4   0.3   285   438   327   504   309   508 0.71 -
scaffold_2:4312381-4306543   -            472 31971at71240         -            508     6e-31  106.8   2.0   1   2   3.1e-17   1.1e-14   53.1   0.0   102   225    67   186    52   221 0.89 -
scaffold_2:4312381-4306543   -            472 31971at71240         -            508     6e-31  106.8   2.0   2   2   6.5e-17   2.4e-14   52.1   0.9   300   438   303   469   282   472 0.66 -
scaffold_4:29410924-29406662 -            369 31971at71240         -            508   1.8e-28   98.6   3.6   1   2     4e-19   1.4e-16   59.4   0.1   102   317    69   282    62   317 0.79 -
scaffold_4:29410924-29406662 -            369 31971at71240         -            508   1.8e-28   98.6   3.6   2   2   3.4e-13   1.2e-10   39.8   0.9   389   439   317   367   307   369 0.93 -
scaffold_24:564711-580082    -            390 31971at71240         -            508   3.4e-28   97.7   3.0   1   2    0.0018      0.64    7.7   0.0   101   126    64    89    54    92 0.90 -
scaffold_24:564711-580082    -            390 31971at71240         -            508   3.4e-28   97.7   3.0   2   2   1.7e-28   6.1e-26   90.3   1.1   155   437    90   385    89   390 0.78 -
scaffold_6:31463796-31467723 -            310 31971at71240         -            508   5.2e-28   97.1   4.1   1   2   3.6e-21   1.3e-18   66.1   0.1   103   363     2   252     1   254 0.80 -
scaffold_6:31463796-31467723 -            310 31971at71240         -            508   5.2e-28   97.1   4.1   2   2   3.3e-11   1.2e-08   33.3   0.9   389   439   253   303   246   308 0.90 -
scaffold_44:334806-322926    -            390 31971at71240         -            508   5.6e-28   97.0   2.9   1   2    0.0016      0.58    7.9   0.0   101   126    64    89    54    94 0.89 -
scaffold_44:334806-322926    -            390 31971at71240         -            508   5.6e-28   97.0   2.9   2   2   2.8e-28     1e-25   89.6   1.0   155   437    90   385    89   390 0.78 -
scaffold_6:10307624-10334857 -            394 31971at71240         -            508   2.4e-25   88.3   4.4   1   2   7.3e-16   2.6e-13   48.6   0.0   102   257     3   153     1   188 0.82 -
scaffold_6:10307624-10334857 -            394 31971at71240         -            508   2.4e-25   88.3   4.4   2   2   2.7e-13   9.8e-11   40.1   1.8   298   439   230   392   203   394 0.77 -
scaffold_4:33962163-33950089 -            451 31971at71240         -            508     8e-24   83.3   2.8   1   2   1.7e-12   6.1e-10   37.5   0.0   102   226    76   196    61   228 0.86 -
scaffold_4:33962163-33950089 -            451 31971at71240         -            508     8e-24   83.3   2.8   2   2   9.5e-15   3.4e-12   44.9   0.9   299   441   301   448   283   451 0.80 -
scaffold_7:4570279-4573195   -            389 31971at71240         -            508   6.1e-23   80.4   0.7   1   3     0.061        22    2.7   0.0   102   126     3    27     1    35 0.86 -
scaffold_7:4570279-4573195   -            389 31971at71240         -            508   6.1e-23   80.4   0.7   2   3   4.6e-11   1.6e-08   32.8   0.0   154   257    33   138    27   145 0.78 -
scaffold_7:4570279-4573195   -            389 31971at71240         -            508   6.1e-23   80.4   0.7   3   3   8.4e-14     3e-11   41.8   0.1   299   437   220   382   203   388 0.69 -
scaffold_6:31537129-31519139 -            426 31971at71240         -            508   2.4e-22   78.4   6.0   1   3    0.0021      0.75    7.5   0.0    99   126    59    86    53    90 0.89 -
scaffold_6:31537129-31519139 -            426 31971at71240         -            508   2.4e-22   78.4   6.0   2   3   2.8e-07    0.0001   20.3   0.1   159   256    91   191    86   219 0.77 -
scaffold_6:31537129-31519139 -            426 31971at71240         -            508   2.4e-22   78.4   6.0   3   3   5.8e-17   2.1e-14   52.2   0.8   274   439   246   418   236   425 0.75 -
scaffold_12:9239008-9237037  -            379 31971at71240         -            508   3.1e-22   78.0   6.9   1   3   5.2e-15   1.9e-12   45.8   0.0   101   225     6   127     2   162 0.88 -
scaffold_12:9239008-9237037  -            379 31971at71240         -            508   3.1e-22   78.0   6.9   2   3    0.0016      0.56    7.9   0.6   295   364   238   323   208   326 0.60 -
scaffold_12:9239008-9237037  -            379 31971at71240         -            508   3.1e-22   78.0   6.9   3   3   5.9e-09   2.1e-06   25.8   0.5   389   435   323   368   323   376 0.86 -
scaffold_11:5443802-5432862  -            794 31971at71240         -            508   1.7e-21   75.6   0.2   1   2   2.9e-10   1.1e-07   30.1   0.0   138   231    85   180    78   218 0.79 -
scaffold_11:5443802-5432862  -            794 31971at71240         -            508   1.7e-21   75.6   0.2   2   2   3.3e-14   1.2e-11   43.1   0.1   375   440   374   440   286   451 0.76 -
scaffold_1:15409255-15405749 -            431 31971at71240         -            508   2.9e-21   74.9   3.5   1   2   4.1e-11   1.5e-08   32.9   0.0   110   224    52   164    34   202 0.83 -
scaffold_1:15409255-15405749 -            431 31971at71240         -            508   2.9e-21   74.9   3.5   2   2   6.8e-14   2.5e-11   42.1   1.4   294   439   269   429   220   431 0.75 -
scaffold_9:9353942-9355914   -            360 31971at71240         -            508     4e-19   67.8   2.2   1   4   8.1e-14   2.9e-11   41.9   0.0   102   225     3   117     1   154 0.86 -
scaffold_9:9353942-9355914   -            360 31971at71240         -            508     4e-19   67.8   2.2   2   4      0.27        97    0.5   0.0   297   314   228   245   222   268 0.76 -
scaffold_9:9353942-9355914   -            360 31971at71240         -            508     4e-19   67.8   2.2   3   4     0.022       7.9    4.1   0.0   335   363   289   315   279   317 0.92 -
scaffold_9:9353942-9355914   -            360 31971at71240         -            508     4e-19   67.8   2.2   4   4   1.3e-06   0.00045   18.1   0.2   393   433   317   356   316   360 0.88 -
scaffold_8:15454590-15450131 -            388 31971at71240         -            508   4.8e-19   67.5   2.0   1   2   3.7e-07   0.00013   19.9   0.0   135   229    54   144    48   199 0.80 -
scaffold_8:15454590-15450131 -            388 31971at71240         -            508   4.8e-19   67.5   2.0   2   2   2.3e-15   8.2e-13   47.0   0.7   334   440   272   386   234   388 0.77 -
scaffold_6:10332703-10334857 -            367 31971at71240         -            508   7.3e-19   66.9   6.0   1   3   1.9e-12   6.8e-10   37.3   0.0   102   223     3   146     1   185 0.71 -
scaffold_6:10332703-10334857 -            367 31971at71240         -            508   7.3e-19   66.9   6.0   2   3     0.054        20    2.8   0.2   324   363   272   309   254   312 0.73 -
scaffold_6:10332703-10334857 -            367 31971at71240         -            508   7.3e-19   66.9   6.0   3   3   3.8e-09   1.4e-06   26.4   0.7   388   439   314   365   305   367 0.92 -
scaffold_8:16570498-16602147 -            351 31971at71240         -            508   1.9e-18   65.6   0.0   1   3   2.9e-14   1.1e-11   43.3   0.0   103   223     2   118     1   126 0.90 -
scaffold_8:16570498-16602147 -            351 31971at71240         -            508   1.9e-18   65.6   0.0   2   3       5.1   1.8e+03   -3.7   0.0   299   310   239   250   222   255 0.83 -
scaffold_8:16570498-16602147 -            351 31971at71240         -            508   1.9e-18   65.6   0.0   3   3     4e-07   0.00014   19.8   0.0   383   447   281   346   276   350 0.90 -
scaffold_6:31463024-31495268 -            365 31971at71240         -            508   2.1e-17   62.1   9.9   1   4    0.0025      0.89    7.3   0.0   102   126    46    70    39    76 0.90 -
scaffold_6:31463024-31495268 -            365 31971at71240         -            508   2.1e-17   62.1   9.9   2   4     1e-06   0.00036   18.4   0.0   155   221    74   142    70   182 0.83 -
scaffold_6:31463024-31495268 -            365 31971at71240         -            508   2.1e-17   62.1   9.9   3   4     6e-06    0.0022   15.9   0.2   274   364   234   316   225   318 0.78 -
scaffold_6:31463024-31495268 -            365 31971at71240         -            508   2.1e-17   62.1   9.9   4   4   4.4e-09   1.6e-06   26.2   1.5   393   438   316   361   310   365 0.90 -
scaffold_6:31465261-31467708 -            234 31971at71240         -            508   1.2e-16   59.6   4.2   1   2     2e-09   7.4e-07   27.3   0.2   195   363    13   176     1   181 0.75 -
scaffold_6:31465261-31467708 -            234 31971at71240         -            508   1.2e-16   59.6   4.2   2   2     2e-11   7.2e-09   34.0   0.5   388   437   181   230   178   234 0.92 -
scaffold_5:35788508-35790215 -            339 31971at71240         -            508   3.9e-13   48.0   6.3   1   3   4.2e-06    0.0015   16.4   0.4   160   216     3    61     2   133 0.77 -
scaffold_5:35788508-35790215 -            339 31971at71240         -            508   3.9e-13   48.0   6.3   2   3         4   1.5e+03   -3.3   0.0   299   310   215   226   211   229 0.83 -
scaffold_5:35788508-35790215 -            339 31971at71240         -            508   3.9e-13   48.0   6.3   3   3   1.5e-11   5.5e-09   34.3   0.2   351   440   245   335   235   338 0.73 -
scaffold_3:27373643-27366180 -            359 31971at71240         -            508   2.2e-12   45.6   0.6   1   4    0.0015      0.55    7.9   0.0   102   132     3    33     1    37 0.84 -
scaffold_3:27373643-27366180 -            359 31971at71240         -            508   2.2e-12   45.6   0.6   2   4   5.4e-07    0.0002   19.3   0.0   154   224    31   103    27   140 0.86 -
scaffold_3:27373643-27366180 -            359 31971at71240         -            508   2.2e-12   45.6   0.6   3   4       2.4   8.7e+02   -2.6   0.0   297   323   219   247   198   286 0.65 -
scaffold_3:27373643-27366180 -            359 31971at71240         -            508   2.2e-12   45.6   0.6   4   4   5.7e-06    0.0021   16.0   0.0   390   449   290   350   278   359 0.88 -
scaffold_1:35504112-35507560 -            332 31971at71240         -            508   7.6e-12   43.8   0.0   1   2   3.1e-13   1.1e-10   39.9   0.0   101   221    63   178    58   242 0.81 -
scaffold_1:35504112-35507560 -            332 31971at71240         -            508   7.6e-12   43.8   0.0   2   2      0.12        45    1.6   0.0   299   311   294   306   288   319 0.80 -
scaffold_1:41734096-41736611 -            281 31971at71240         -            508   2.5e-09   35.5   0.1   1   3     0.002      0.72    7.6   0.0   102   126     3    27     1    33 0.89 -
scaffold_1:41734096-41736611 -            281 31971at71240         -            508   2.5e-09   35.5   0.1   2   3     5e-09   1.8e-06   26.0   0.0   159   224    32    98    27   165 0.75 -
scaffold_1:41734096-41736611 -            281 31971at71240         -            508   2.5e-09   35.5   0.1   3   3       3.7   1.3e+03   -3.2   0.0   124   181   205   260   200   267 0.60 -
scaffold_3:27368430-27366875 -            211 31971at71240         -            508   6.7e-06   24.2   0.1   1   1   2.5e-08   9.1e-06   23.7   0.1   159   314     5   162     1   211 0.65 -
#
# Program:         hmmsearch
# Version:         3.3.2 (Nov 2020)
# Pipeline mode:   SEARCH
# Query file:      /scratch/srb67793/Pelargonium/scripts/busco_downloads/lineages/eudicots_odb10/hmms/31971at71240.hmm
# Target file:     /scratch/srb67793/Pelargonium/scripts/scratch/srb67793/Pelargonium/Results2/HiFiASM_OmniC/P_citronellum_hap2-scaffolds-busco/run_eudicots_odb10/metaeuk_output/initial_results/P_citronellum-hap2_scaffolds_final.fa.modified.fas
# Option settings: hmmsearch --domtblout /scratch/srb67793/Pelargonium/scripts/scratch/srb67793/Pelargonium/Results2/HiFiASM_OmniC/P_citronellum_hap2-scaffolds-busco/run_eudicots_odb10/hmmer_output/initial_run_results/31971at71240.out --cpu 1 /scratch/srb67793/Pelargonium/scripts/busco_downloads/lineages/eudicots_odb10/hmms/31971at71240.hmm /scratch/srb67793/Pelargonium/scripts/scratch/srb67793/Pelargonium/Results2/HiFiASM_OmniC/P_citronellum_hap2-scaffolds-busco/run_eudicots_odb10/metaeuk_output/initial_results/P_citronellum-hap2_scaffolds_final.fa.modified.fas 
# Current dir:     /scratch/srb67793/Pelargonium/scripts
# Date:            Fri Jul 19 11:03:53 2024
# [ok]
