#                                                                                     --- full sequence --- -------------- this domain -------------   hmm coord   ali coord   env coord
# target name                 accession   tlen query name           accession   qlen   E-value  score  bias   #  of  c-Evalue  i-Evalue  score  bias  from    to  from    to  from    to  acc description of target
#         ------------------- ---------- ----- -------------------- ---------- ----- --------- ------ ----- --- --- --------- --------- ------ ----- ----- ----- ----- ----- ----- ----- ---- ---------------------
scaffold_9:7388311-7404070    -            687 33438at71240         -            546  2.7e-237  788.0  32.9   1   3   4.8e-25   2.3e-21   75.2   0.1     1    69     3    85     3   104 0.84 -
scaffold_9:7388311-7404070    -            687 33438at71240         -            546  2.7e-237  788.0  32.9   2   3  4.4e-194  2.1e-190  633.2  23.7    65   473   127   573   113   584 0.90 -
scaffold_9:7388311-7404070    -            687 33438at71240         -            546  2.7e-237  788.0  32.9   3   3   5.9e-28   2.9e-24   84.8   0.3   472   546   603   684   600   684 0.90 -
scaffold_12:10353940-10349160 -            776 33438at71240         -            546  1.2e-218  726.4  61.9   1   5   1.3e-22   6.1e-19   67.2   0.2     2    73     4    89     3   102 0.84 -
scaffold_12:10353940-10349160 -            776 33438at71240         -            546  1.2e-218  726.4  61.9   2   5   1.6e-25   7.7e-22   76.8   0.3    65   156   130   242   123   261 0.79 -
scaffold_12:10353940-10349160 -            776 33438at71240         -            546  1.2e-218  726.4  61.9   3   5    1e-161    5e-158  526.3  37.5   151   473   268   629   255   639 0.89 -
scaffold_12:10353940-10349160 -            776 33438at71240         -            546  1.2e-218  726.4  61.9   4   5   1.5e-12   7.5e-09   34.0   0.2   473   520   660   709   657   723 0.90 -
scaffold_12:10353940-10349160 -            776 33438at71240         -            546  1.2e-218  726.4  61.9   5   5   8.8e-13   4.3e-09   34.7   0.8   504   546   734   776   721   776 0.78 -
#
# Program:         hmmsearch
# Version:         3.3.2 (Nov 2020)
# Pipeline mode:   SEARCH
# Query file:      /scratch/srb67793/Pelargonium/scripts/busco_downloads/lineages/eudicots_odb10/hmms/33438at71240.hmm
# Target file:     /scratch/srb67793/Pelargonium/scripts/scratch/srb67793/Pelargonium/Results2/HiFiASM_OmniC/P_citronellum_hap2-scaffolds-busco/run_eudicots_odb10/metaeuk_output/initial_results/P_citronellum-hap2_scaffolds_final.fa.modified.fas
# Option settings: hmmsearch --domtblout /scratch/srb67793/Pelargonium/scripts/scratch/srb67793/Pelargonium/Results2/HiFiASM_OmniC/P_citronellum_hap2-scaffolds-busco/run_eudicots_odb10/hmmer_output/initial_run_results/33438at71240.out --cpu 1 /scratch/srb67793/Pelargonium/scripts/busco_downloads/lineages/eudicots_odb10/hmms/33438at71240.hmm /scratch/srb67793/Pelargonium/scripts/scratch/srb67793/Pelargonium/Results2/HiFiASM_OmniC/P_citronellum_hap2-scaffolds-busco/run_eudicots_odb10/metaeuk_output/initial_results/P_citronellum-hap2_scaffolds_final.fa.modified.fas 
# Current dir:     /scratch/srb67793/Pelargonium/scripts
# Date:            Fri Jul 19 11:03:33 2024
# [ok]
