#                                                                                    --- full sequence --- -------------- this domain -------------   hmm coord   ali coord   env coord
# target name                accession   tlen query name           accession   qlen   E-value  score  bias   #  of  c-Evalue  i-Evalue  score  bias  from    to  from    to  from    to  acc description of target
#        ------------------- ---------- ----- -------------------- ---------- ----- --------- ------ ----- --- --- --------- --------- ------ ----- ----- ----- ----- ----- ----- ----- ---- ---------------------
scaffold_2:21897809-21899761 -            651 36428at71240         -            509  7.1e-263  871.9  14.8   1   3   2.5e-14   1.8e-11   42.5   0.4     2    36    11    51    10    75 0.88 -
scaffold_2:21897809-21899761 -            651 36428at71240         -            509  7.1e-263  871.9  14.8   2   3   4.3e-17   3.2e-14   51.6   0.2    51   101   120   171    80   185 0.79 -
scaffold_2:21897809-21899761 -            651 36428at71240         -            509  7.1e-263  871.9  14.8   3   3  2.3e-237  1.7e-234  778.3   3.2    87   509   190   651   180   651 0.93 -
scaffold_1:35584415-35582484 -            644 36428at71240         -            509  9.5e-259  858.3  12.3   1   4   1.4e-13     1e-10   40.0   0.1     2    36    10    50     9    59 0.87 -
scaffold_1:35584415-35582484 -            644 36428at71240         -            509  9.5e-259  858.3  12.3   2   4   1.3e-18   9.5e-16   56.6   0.3    32   114    82   177    61   181 0.81 -
scaffold_1:35584415-35582484 -            644 36428at71240         -            509  9.5e-259  858.3  12.3   3   4  2.4e-118  1.8e-115  385.6   0.1    89   310   185   424   176   433 0.93 -
scaffold_1:35584415-35582484 -            644 36428at71240         -            509  9.5e-259  858.3  12.3   4   4    2e-117  1.5e-114  382.6   0.2   307   509   441   644   434   644 0.98 -
scaffold_9:1812638-1814407   -            590 36428at71240         -            509  6.7e-158  525.6   1.0   1   3   3.1e-09   2.3e-06   25.7   0.1    57    90    57    90    17   105 0.72 -
scaffold_9:1812638-1814407   -            590 36428at71240         -            509  6.7e-158  525.6   1.0   2   3   2.1e-76   1.6e-73  247.3   0.0    87   310   122   363   116   373 0.89 -
scaffold_9:1812638-1814407   -            590 36428at71240         -            509  6.7e-158  525.6   1.0   3   3   3.1e-77   2.3e-74  250.0   0.0   310   508   387   590   382   590 0.95 -
scaffold_4:917478-919277     -            600 36428at71240         -            509    1e-153  511.8   1.0   1   3   1.7e-09   1.3e-06   26.5   0.1    45    91    33    90    19   109 0.75 -
scaffold_4:917478-919277     -            600 36428at71240         -            509    1e-153  511.8   1.0   2   3   2.7e-77     2e-74  250.2   0.0    98   311   143   374   126   383 0.89 -
scaffold_4:917478-919277     -            600 36428at71240         -            509    1e-153  511.8   1.0   3   3   7.3e-72   5.4e-69  232.3   0.0   312   507   399   599   393   600 0.92 -
scaffold_1:19912403-19914100 -            566 36428at71240         -            509  4.4e-149  496.5   5.2   1   3     1e-06   0.00077   17.3   0.1    54    88    37    71    10    83 0.85 -
scaffold_1:19912403-19914100 -            566 36428at71240         -            509  4.4e-149  496.5   5.2   2   3   5.5e-80   4.1e-77  259.1   0.0    95   310   110   342    95   350 0.92 -
scaffold_1:19912403-19914100 -            566 36428at71240         -            509  4.4e-149  496.5   5.2   3   3   2.8e-68   2.1e-65  220.4   1.1   313   507   375   566   371   566 0.95 -
scaffold_3:30127531-30129405 -            625 36428at71240         -            509  1.6e-130  435.3   1.7   1   3   5.6e-05     0.042   11.6   0.0     1    37     5    46     5    50 0.84 -
scaffold_3:30127531-30129405 -            625 36428at71240         -            509  1.6e-130  435.3   1.7   2   3   2.1e-05     0.016   13.0   0.0    53    96   119   165   114   175 0.84 -
scaffold_3:30127531-30129405 -            625 36428at71240         -            509  1.6e-130  435.3   1.7   3   3  4.1e-125    3e-122  408.0   0.2    97   497   196   625   191   625 0.90 -
scaffold_8:26998066-26999385 -            440 36428at71240         -            509    2e-110  369.0   2.7   1   2   2.2e-48   1.6e-45  154.8   0.2   110   317     1   226     1   231 0.91 -
scaffold_8:26998066-26999385 -            440 36428at71240         -            509    2e-110  369.0   2.7   2   2   1.6e-66   1.2e-63  214.7   0.2   312   496   254   439   244   440 0.96 -
scaffold_8:24266424-24268100 -            559 36428at71240         -            509  3.5e-109  364.9   6.3   1   2   0.00032      0.24    9.1   0.0    56    89    63    96    38   105 0.85 -
scaffold_8:24266424-24268100 -            559 36428at71240         -            509  3.5e-109  364.9   6.3   2   2  1.6e-108  1.2e-105  353.2   3.7    99   497   130   559   118   559 0.88 -
scaffold_9:5471217-5467426   -            399 36428at71240         -            509   1.8e-99  332.8   4.6   1   2   1.5e-11   1.1e-08   33.3   0.6   134   183     1    50     1    59 0.93 -
scaffold_9:5471217-5467426   -            399 36428at71240         -            509   1.8e-99  332.8   4.6   2   2   7.5e-93   5.6e-90  301.5   0.2   177   495    69   399    62   399 0.91 -
scaffold_5:11833531-11835252 -            574 36428at71240         -            509   1.2e-90  303.7   0.1   1   2   0.00087      0.65    7.7   0.0    58    87    70    99    47   110 0.86 -
scaffold_5:11833531-11835252 -            574 36428at71240         -            509   1.2e-90  303.7   0.1   2   2   1.7e-88   1.2e-85  287.2   0.1   102   497   142   574   132   574 0.86 -
scaffold_9:16866204-16861585 -            331 36428at71240         -            509     7e-77  258.3  11.8   1   3   5.3e-12     4e-09   34.8   1.4   134   181     1    48     1    65 0.90 -
scaffold_9:16866204-16861585 -            331 36428at71240         -            509     7e-77  258.3  11.8   2   3   1.9e-56   1.4e-53  181.5   0.9   177   393    70   281    62   282 0.91 -
scaffold_9:16866204-16861585 -            331 36428at71240         -            509     7e-77  258.3  11.8   3   3   2.2e-16   1.6e-13   49.3   0.1   417   466   281   330   280   331 0.97 -
scaffold_9:1504012-1502741   -            424 36428at71240         -            509   3.8e-53  180.0   0.1   1   1     6e-56   4.5e-53  179.8   0.1   107   494     1   423     1   424 0.85 -
scaffold_5:17382857-17381712 -            382 36428at71240         -            509   9.7e-42  142.4   0.6   1   1   2.7e-44     2e-41  141.3   0.6   153   471     1   360     1   380 0.82 -
#
# Program:         hmmsearch
# Version:         3.3.2 (Nov 2020)
# Pipeline mode:   SEARCH
# Query file:      /scratch/srb67793/Pelargonium/scripts/busco_downloads/lineages/eudicots_odb10/hmms/36428at71240.hmm
# Target file:     /scratch/srb67793/Pelargonium/scripts/scratch/srb67793/Pelargonium/Results2/HiFiASM_OmniC/P_citronellum_hap2-scaffolds-busco/run_eudicots_odb10/metaeuk_output/initial_results/P_citronellum-hap2_scaffolds_final.fa.modified.fas
# Option settings: hmmsearch --domtblout /scratch/srb67793/Pelargonium/scripts/scratch/srb67793/Pelargonium/Results2/HiFiASM_OmniC/P_citronellum_hap2-scaffolds-busco/run_eudicots_odb10/hmmer_output/initial_run_results/36428at71240.out --cpu 1 /scratch/srb67793/Pelargonium/scripts/busco_downloads/lineages/eudicots_odb10/hmms/36428at71240.hmm /scratch/srb67793/Pelargonium/scripts/scratch/srb67793/Pelargonium/Results2/HiFiASM_OmniC/P_citronellum_hap2-scaffolds-busco/run_eudicots_odb10/metaeuk_output/initial_results/P_citronellum-hap2_scaffolds_final.fa.modified.fas 
# Current dir:     /scratch/srb67793/Pelargonium/scripts
# Date:            Fri Jul 19 11:03:27 2024
# [ok]
