#                                                                                     --- full sequence --- -------------- this domain -------------   hmm coord   ali coord   env coord
# target name                 accession   tlen query name           accession   qlen   E-value  score  bias   #  of  c-Evalue  i-Evalue  score  bias  from    to  from    to  from    to  acc description of target
#         ------------------- ---------- ----- -------------------- ---------- ----- --------- ------ ----- --- --- --------- --------- ------ ----- ----- ----- ----- ----- ----- ----- ---- ---------------------
scaffold_1:26049032-26051504  -            526 39591at71240         -            433  4.9e-246  815.8   4.7   1   2  7.2e-148  4.3e-146  486.5   1.5     1   274    33   338    33   354 0.92 -
scaffold_1:26049032-26051504  -            526 39591at71240         -            433  4.9e-246  815.8   4.7   2   2    2e-100   1.2e-98  330.2   0.1   273   433   365   526   353   526 0.98 -
scaffold_6:23803174-23807771  -            481 39591at71240         -            433  3.3e-139  463.8   0.9   1   1  6.7e-141    4e-139  463.5   0.9     4   428    15   477    12   481 0.87 -
scaffold_1:22446415-22444510  -            469 39591at71240         -            433  3.5e-139  463.7   0.4   1   1  7.3e-141  4.4e-139  463.4   0.4     8   428     1   465     1   469 0.87 -
scaffold_6:23806112-23807774  -            405 39591at71240         -            433  1.1e-124  415.9   1.0   1   1  2.1e-126  1.3e-124  415.7   1.0    61   429     5   401     1   405 0.89 -
scaffold_2:6731471-6729882    -            419 39591at71240         -            433  1.5e-115  385.8   0.2   1   1  4.5e-117  2.7e-115  385.0   0.2     3   375     2   419     1   419 0.87 -
scaffold_8:23735845-23734346  -            500 39591at71240         -            433  2.5e-112  375.2   0.0   1   1  1.6e-113  9.7e-112  373.3   0.0     2   432    20   499    19   500 0.86 -
scaffold_2:254679-256821      -            503 39591at71240         -            433  9.7e-112  373.3   0.0   1   1  2.5e-113  1.5e-111  372.6   0.0    40   432    73   501    22   502 0.85 -
scaffold_12:12506323-12507849 -            509 39591at71240         -            433  1.3e-107  359.7   0.0   1   1  4.8e-109  2.9e-107  358.5   0.0     2   430    26   507    25   509 0.85 -
scaffold_95:2386-1064         -            441 39591at71240         -            433  2.3e-102  342.4   0.0   1   1  4.5e-104  2.7e-102  342.2   0.0    39   406    28   410     1   437 0.87 -
scaffold_3:36873745-36875205  -            487 39591at71240         -            433  6.5e-102  340.9   0.0   1   1  1.3e-103  7.6e-102  340.7   0.0     3   430    25   485    23   487 0.85 -
scaffold_11:1104677-1103280   -            466 39591at71240         -            433  1.1e-100  336.9   0.0   1   1    2e-102  1.2e-100  336.7   0.0     5   432     3   466     1   466 0.85 -
scaffold_12:11521885-11520494 -            464 39591at71240         -            433    7e-100  334.2   0.0   1   1  1.4e-101  8.5e-100  333.9   0.0     4   407     1   454     1   464 0.86 -
scaffold_3:34448032-34446785  -            416 39591at71240         -            433     4e-99  331.7   0.0   1   1  7.8e-101   4.7e-99  331.5   0.0    20   406     2   413     1   415 0.87 -
scaffold_4:15721266-15722480  -            405 39591at71240         -            433     8e-99  330.7   0.0   1   1  1.4e-100   8.7e-99  330.6   0.0    37   401    25   405     1   405 0.88 -
scaffold_1:28951922-28950654  -            423 39591at71240         -            433     1e-96  323.8   0.1   1   1   2.1e-98   1.2e-96  323.5   0.1    42   429     3   420     1   423 0.87 -
scaffold_1:40405264-40403870  -            465 39591at71240         -            433   2.6e-93  312.6   0.0   1   1   5.1e-95     3e-93  312.3   0.0     4   395    33   457    30   465 0.87 -
scaffold_5:6361393-6362838    -            482 39591at71240         -            433   3.9e-84  282.3   0.0   1   1   1.9e-85   1.1e-83  280.8   0.0     4   433     7   482     3   482 0.82 -
scaffold_5:4776087-4777511    -            475 39591at71240         -            433     2e-83  280.0   0.0   1   1   5.7e-85   3.4e-83  279.2   0.0     4   433     6   475     4   475 0.84 -
scaffold_2:28355066-28353666  -            467 39591at71240         -            433   4.6e-83  278.8   0.0   1   1   9.1e-85   5.5e-83  278.5   0.0     3   406     2   440     1   465 0.86 -
scaffold_1:40501635-40503050  -            472 39591at71240         -            433   4.7e-83  278.8   0.0   1   1   9.6e-85   5.7e-83  278.5   0.0     4   432    10   472     7   472 0.85 -
scaffold_4:6813691-6815121    -            477 39591at71240         -            433   7.5e-83  278.1   0.0   1   1   1.8e-84   1.1e-82  277.6   0.0     4   433    10   474     7   474 0.86 -
scaffold_3:13047351-13045921  -            477 39591at71240         -            433   1.5e-80  270.5   0.0   1   1   3.2e-82   1.9e-80  270.1   0.0     5   433    22   477    17   477 0.85 -
scaffold_3:14742272-14741028  -            415 39591at71240         -            433   1.2e-78  264.2   0.0   1   1   2.3e-80   1.4e-78  264.0   0.0    42   432     9   415     2   415 0.87 -
scaffold_1:40512847-40514214  -            456 39591at71240         -            433   1.4e-76  257.4   0.0   1   1   2.8e-78   1.7e-76  257.2   0.0    16   432     6   456     1   456 0.87 -
scaffold_2:28323306-28324418  -            371 39591at71240         -            433   8.3e-76  254.9   0.0   1   1   1.6e-77   9.7e-76  254.6   0.0     3   340     5   371     3   371 0.87 -
scaffold_5:4723830-4722328    -            501 39591at71240         -            433   9.1e-76  254.7   0.0   1   2   1.7e-28     1e-26   93.1   0.0     7   215    20   246    13   256 0.77 -
scaffold_5:4723830-4722328    -            501 39591at71240         -            433   9.1e-76  254.7   0.0   2   2   1.1e-48   6.3e-47  159.7   0.0   229   432   289   501   284   501 0.90 -
scaffold_5:3546583-3547854    -            424 39591at71240         -            433   2.6e-75  253.2   0.1   1   1   5.1e-77     3e-75  253.0   0.1    42   432     4   424     1   424 0.82 -
scaffold_5:3550982-3552325    -            448 39591at71240         -            433   6.1e-75  252.0   1.0   1   1     2e-75   1.2e-73  247.7   1.0    40   433    19   448    14   448 0.82 -
scaffold_9:4629645-4628433    -            347 39591at71240         -            433   1.9e-74  250.4   0.4   1   2   2.6e-49   1.5e-47  161.7   0.0    38   250    26   257     1   258 0.83 -
scaffold_9:4629645-4628433    -            347 39591at71240         -            433   1.9e-74  250.4   0.4   2   2   5.7e-27   3.4e-25   88.1   0.1   301   391   257   346   255   347 0.94 -
scaffold_5:3554593-3555873    -            427 39591at71240         -            433   1.3e-73  247.7   0.1   1   1   2.6e-75   1.6e-73  247.4   0.1    41   432     3   426     1   427 0.83 -
scaffold_6:14639332-14640318  -            329 39591at71240         -            433   2.4e-73  246.8   0.0   1   1   4.9e-75   2.9e-73  246.5   0.0   134   432     1   328     1   329 0.86 -
scaffold_316:622-2076         -            485 39591at71240         -            433   9.7e-73  244.8   0.0   1   1   2.4e-74   1.4e-72  244.2   0.0     6   430    23   484    17   485 0.85 -
scaffold_5:4690349-4688859    -            497 39591at71240         -            433   5.4e-72  242.3   0.0   1   1   1.7e-72     1e-70  238.1   0.0     6   432    24   497    20   497 0.81 -
scaffold_5:4621883-4620375    -            503 39591at71240         -            433   1.1e-71  241.3   0.0   1   1   3.8e-72   2.3e-70  236.9   0.0    38   432    73   503    25   503 0.80 -
scaffold_10:6115265-6113811   -            485 39591at71240         -            433   3.2e-69  233.2   0.0   1   1   1.8e-70   1.1e-68  231.4   0.0     5   432     8   484     3   485 0.80 -
scaffold_10:6195036-6193570   -            489 39591at71240         -            433   3.7e-69  233.0   0.0   1   1   1.5e-70   8.9e-69  231.7   0.0     6   433    13   489     8   489 0.80 -
scaffold_3:30695257-30696312  -            352 39591at71240         -            433   5.2e-68  229.2   0.0   1   1   1.1e-69   6.4e-68  228.9   0.0    42   360     8   339     3   348 0.89 -
scaffold_5:4592318-4590885    -            478 39591at71240         -            433   8.4e-68  228.5   0.0   1   1   5.5e-69   3.3e-67  226.5   0.0    40   427    54   478     4   478 0.81 -
scaffold_3:36879488-36881276  -            324 39591at71240         -            433   3.9e-62  209.8   0.0   1   1   7.5e-64   4.5e-62  209.6   0.0     3   306     1   324     1   324 0.85 -
scaffold_5:4681999-4682859    -            287 39591at71240         -            433   5.7e-52  176.3   0.0   1   2     0.055       3.3    5.8   0.0   186   214     1    29     1    44 0.85 -
scaffold_5:4681999-4682859    -            287 39591at71240         -            433   5.7e-52  176.3   0.0   2   2   1.4e-51   8.2e-50  169.2   0.0   228   432    74   287    29   287 0.87 -
scaffold_11:6905919-6906383   -            155 39591at71240         -            433   5.9e-25   87.3   0.0   1   1   1.1e-26   6.7e-25   87.1   0.0   275   383    46   155    21   155 0.87 -
scaffold_38:1023412-1000485   -            510 39591at71240         -            433   2.7e-24   85.1   0.0   1   1   1.6e-24   9.3e-23   80.1   0.0    21   431    59   509    41   510 0.74 -
scaffold_90:133192-112996     -            510 39591at71240         -            433   2.7e-24   85.1   0.0   1   1   1.6e-24   9.3e-23   80.1   0.0    21   431    59   509    41   510 0.74 -
scaffold_5:28615530-28614068  -            461 39591at71240         -            433     1e-22   79.9   0.0   1   1   2.3e-24   1.4e-22   79.5   0.0    80   403    87   430    43   442 0.79 -
scaffold_5:28660251-28658791  -            461 39591at71240         -            433     1e-22   79.9   0.0   1   1   2.3e-24   1.4e-22   79.5   0.0    80   403    87   430    43   442 0.79 -
scaffold_5:16993034-16994536  -            434 39591at71240         -            433   2.4e-22   78.7   0.0   1   1     8e-24   4.8e-22   77.7   0.0    80   407    64   410    52   417 0.75 -
scaffold_2:22582184-22580612  -            471 39591at71240         -            433   2.9e-21   75.2   0.0   1   1   6.6e-23     4e-21   74.7   0.0    74   406    90   442    71   462 0.80 -
scaffold_3:34014079-34015548  -            420 39591at71240         -            433   3.2e-21   75.0   0.0   1   1   7.5e-23   4.5e-21   74.5   0.0   225   403   206   387   166   398 0.85 -
scaffold_6:28826632-28825837  -            235 39591at71240         -            433   5.3e-21   74.3   0.0   1   1     1e-22   6.1e-21   74.1   0.0   228   406    57   235    35   235 0.89 -
scaffold_1:25329231-25327707  -            250 39591at71240         -            433   1.1e-20   73.2   0.0   1   1   2.4e-22   1.4e-20   72.9   0.0   236   412    66   235    53   248 0.86 -
scaffold_2:30784572-30783173  -            346 39591at71240         -            433   2.4e-20   72.1   0.0   1   1   4.9e-22   2.9e-20   71.8   0.0    96   412     3   324     1   339 0.80 -
scaffold_12:13553499-13535567 -            491 39591at71240         -            433   6.1e-20   70.8   0.0   1   1   1.7e-21     1e-19   70.1   0.0    42   399    68   452    56   462 0.72 -
scaffold_5:16847415-16845897  -            477 39591at71240         -            433     2e-19   69.1   0.0   1   1   7.7e-21   4.6e-19   67.9   0.0    72   406   104   455    67   464 0.70 -
scaffold_4:14856064-14851611  -            461 39591at71240         -            433   6.1e-19   67.5   0.0   1   1   1.2e-20   7.5e-19   67.2   0.0    45   406    56   428     9   440 0.78 -
scaffold_10:11316019-11314321 -            479 39591at71240         -            433   1.3e-18   66.4   0.0   1   1     6e-20   3.6e-18   65.0   0.0    89   406   113   449    99   459 0.82 -
scaffold_5:15874806-15873073  -            538 39591at71240         -            433   4.1e-18   64.8   0.0   1   1   1.3e-19   7.5e-18   63.9   0.0   238   403   330   498   137   509 0.75 -
scaffold_4:4073607-4101465    -            495 39591at71240         -            433   6.3e-18   64.2   0.0   1   1   1.6e-19   9.6e-18   63.6   0.0   229   406   285   463   213   480 0.90 -
scaffold_10:13725266-13765123 -            488 39591at71240         -            433     1e-17   63.5   0.0   1   2     0.026       1.6    6.8   0.0    81   142   113   179    89   193 0.79 -
scaffold_10:13725266-13765123 -            488 39591at71240         -            433     1e-17   63.5   0.0   2   2   8.5e-17   5.1e-15   54.6   0.0   228   407   282   460   259   476 0.86 -
scaffold_4:4078732-4080251    -            463 39591at71240         -            433   1.1e-17   63.4   0.0   1   1   3.5e-19   2.1e-17   62.4   0.0   194   411   215   437   188   455 0.80 -
scaffold_5:3508776-3504086    -            331 39591at71240         -            433   1.4e-17   63.0   0.4   1   3   2.6e-10   1.6e-08   33.2   0.0    36   154    37   156    27   167 0.84 -
scaffold_5:3508776-3504086    -            331 39591at71240         -            433   1.4e-17   63.0   0.4   2   3   0.00024     0.014   13.5   0.1   217   259   203   247   188   250 0.82 -
scaffold_5:3508776-3504086    -            331 39591at71240         -            433   1.4e-17   63.0   0.4   3   3   0.00015    0.0088   14.2   0.0   296   384   247   323   244   329 0.90 -
scaffold_11:2647312-2647872   -            187 39591at71240         -            433   1.6e-17   62.8   0.0   1   1   3.2e-19   1.9e-17   62.5   0.0   241   407     1   167     1   178 0.89 -
scaffold_4:4115640-4117164    -            483 39591at71240         -            433   2.2e-17   62.4   0.0   1   1   5.3e-19   3.2e-17   61.8   0.0   183   407   212   452    10   472 0.71 -
scaffold_2:30866818-30870789  -            472 39591at71240         -            433   2.9e-17   62.0   0.0   1   1   6.8e-19   4.1e-17   61.5   0.0    77   406    93   446    61   468 0.80 -
scaffold_1:35139910-35154489  -            484 39591at71240         -            433   4.4e-17   61.4   0.0   1   2     0.025       1.5    6.9   0.0    51   145    74   176    59   213 0.77 -
scaffold_1:35139910-35154489  -            484 39591at71240         -            433   4.4e-17   61.4   0.0   2   2   3.8e-16   2.3e-14   52.4   0.0   233   406   279   453   272   467 0.88 -
scaffold_7:6532625-6536288    -            244 39591at71240         -            433   8.4e-17   60.4   0.0   1   1     2e-18   1.2e-16   59.9   0.0   233   412    50   230    39   238 0.82 -
scaffold_11:502927-530207     -            438 39591at71240         -            433   8.8e-17   60.4   0.0   1   1   2.4e-18   1.4e-16   59.7   0.0   208   403   238   437   226   438 0.80 -
scaffold_7:6542003-6541140    -            229 39591at71240         -            433   8.8e-17   60.4   0.0   1   1   1.9e-18   1.1e-16   60.0   0.0   233   409    50   227    41   229 0.80 -
scaffold_13:6651982-6653499   -            446 39591at71240         -            433   9.3e-17   60.3   0.0   1   1     2e-18   1.2e-16   60.0   0.0    40   406    48   421     4   439 0.76 -
scaffold_6:25126300-25129130  -            443 39591at71240         -            433   1.2e-16   59.9   0.0   1   1   2.5e-18   1.5e-16   59.6   0.0    48   398    85   437    73   443 0.79 -
scaffold_1:43609343-43607833  -            471 39591at71240         -            433   1.3e-16   59.9   0.0   1   1   6.2e-18   3.7e-16   58.3   0.0    77   406    88   436    39   457 0.71 -
scaffold_3:28583302-28586023  -            481 39591at71240         -            433   1.7e-16   59.4   0.0   1   1   6.6e-18     4e-16   58.2   0.0     3   420    16   459    14   470 0.72 -
scaffold_10:10682482-10683426 -            315 39591at71240         -            433   2.1e-16   59.1   0.0   1   2      0.94        56    1.7   0.0   128   161     7    38     2    48 0.73 -
scaffold_10:10682482-10683426 -            315 39591at71240         -            433   2.1e-16   59.1   0.0   2   2   4.8e-17   2.9e-15   55.4   0.0   202   405   104   314    94   315 0.83 -
scaffold_7:16878210-16880987  -            454 39591at71240         -            433   2.7e-16   58.8   0.0   1   1   6.5e-18   3.9e-16   58.2   0.0    48   406    62   416    50   433 0.79 -
scaffold_6:23067919-23068536  -            206 39591at71240         -            433     5e-16   57.9   0.0   1   1   9.6e-18   5.8e-16   57.7   0.0   241   405     2   163     1   173 0.89 -
scaffold_13:10455164-10452792 -            495 39591at71240         -            433   5.9e-16   57.7   0.0   1   1   2.5e-17   1.5e-15   56.3   0.0    73   403   104   460    67   466 0.69 -
scaffold_2:22617301-22613149  -            466 39591at71240         -            433   6.4e-16   57.5   0.0   1   1   1.5e-17   9.1e-16   57.0   0.0    80   402    87   429    43   435 0.78 -
scaffold_11:457291-455340     -            490 39591at71240         -            433   6.6e-16   57.5   0.0   1   1   5.1e-17     3e-15   55.3   0.0    42   405    73   460    64   468 0.74 -
scaffold_8:27306063-27308014  -            490 39591at71240         -            433   6.6e-16   57.5   0.0   1   1   5.1e-17     3e-15   55.3   0.0    42   405    73   460    64   468 0.74 -
scaffold_2:1767745-1683364    -            487 39591at71240         -            433     9e-16   57.1   0.0   1   1     2e-17   1.2e-15   56.6   0.0    77   407   108   460    96   481 0.81 -
scaffold_8:11276085-11275267  -            228 39591at71240         -            433   9.1e-16   57.0   0.0   1   1   1.7e-17     1e-15   56.9   0.0   219   401    46   227    11   228 0.83 -
scaffold_11:5542255-5543686   -            412 39591at71240         -            433   1.6e-15   56.3   0.0   1   1   3.3e-17     2e-15   55.9   0.0    78   397    67   406    34   412 0.77 -
scaffold_10:1541763-1540471   -            431 39591at71240         -            433   2.4e-15   55.7   0.0   1   1   6.8e-17   4.1e-15   54.9   0.0   234   406   249   422   198   427 0.87 -
scaffold_11:1047293-1049723   -            474 39591at71240         -            433     3e-15   55.4   0.0   1   2      0.65        39    2.2   0.0    48   149    66   174    16   193 0.62 -
scaffold_11:1047293-1049723   -            474 39591at71240         -            433     3e-15   55.4   0.0   2   2     1e-15   6.2e-14   51.0   0.0   233   406   272   446   265   457 0.87 -
scaffold_11:560556-491683     -            444 39591at71240         -            433   3.3e-15   55.2   0.0   1   1   8.1e-17   4.8e-15   54.6   0.0   198   402   225   442   218   444 0.80 -
scaffold_1:36071217-36065610  -            419 39591at71240         -            433   3.6e-15   55.1   0.0   1   1     1e-16   6.1e-15   54.3   0.0    65   399    56   405    23   417 0.66 -
scaffold_13:6642095-6643619   -            479 39591at71240         -            433   4.1e-15   54.9   0.0   1   1   3.2e-16   1.9e-14   52.7   0.0    43   406    66   448    58   462 0.74 -
scaffold_7:26970781-26971281  -            167 39591at71240         -            433   5.7e-15   54.4   0.0   1   1     1e-16   6.2e-15   54.3   0.0   242   402     4   165     1   167 0.83 -
scaffold_96:70514-71101       -            196 39591at71240         -            433   6.2e-15   54.3   0.0   1   1   1.2e-16   7.4e-15   54.0   0.0   241   407     2   169     1   177 0.87 -
scaffold_7:6529575-6536294    -            280 39591at71240         -            433   7.1e-15   54.1   0.0   1   1   1.4e-16   8.5e-15   53.8   0.0   235   412    74   264    21   280 0.75 -
scaffold_115:100439-99852     -            196 39591at71240         -            433   7.5e-15   54.0   0.0   1   1   1.5e-16   8.8e-15   53.8   0.0   241   408     2   170     1   179 0.86 -
scaffold_1:13289837-13288251  -            493 39591at71240         -            433   8.1e-15   53.9   0.0   1   1     3e-16   1.8e-14   52.8   0.0    42   406    79   462    33   476 0.70 -
scaffold_12:13547923-13547351 -            191 39591at71240         -            433   8.3e-15   53.9   0.0   1   1   1.6e-16   9.6e-15   53.7   0.0   240   401     2   163     1   175 0.82 -
scaffold_8:24218538-24237578  -            487 39591at71240         -            433   9.1e-15   53.7   0.0   1   1   6.3e-16   3.8e-14   51.7   0.0    45   406    56   447    46   456 0.73 -
scaffold_1:13255204-13253708  -            463 39591at71240         -            433     1e-14   53.6   0.0   1   1     6e-16   3.6e-14   51.8   0.0    76   406    84   432     3   445 0.66 -
scaffold_4:6379314-6378709    -            202 39591at71240         -            433   1.1e-14   53.5   0.0   1   1   2.1e-16   1.2e-14   53.3   0.0   237   407     2   172     1   181 0.89 -
scaffold_11:5620402-5617127   -            421 39591at71240         -            433   1.1e-14   53.5   0.0   1   1   2.6e-16   1.5e-14   53.0   0.0    68   398    57   412    18   420 0.74 -
scaffold_5:16889996-16889040  -            319 39591at71240         -            433   1.1e-14   53.4   0.1   1   1   4.5e-16   2.7e-14   52.2   0.1    82   307    60   305    34   317 0.74 -
scaffold_5:2094702-2091508    -            467 39591at71240         -            433   1.2e-14   53.3   0.0   1   1   3.8e-16   2.3e-14   52.4   0.0    41   406    54   434    11   451 0.77 -
scaffold_1:36103201-36101677  -            479 39591at71240         -            433   1.2e-14   53.3   0.0   1   1   3.2e-16   1.9e-14   52.7   0.0   236   398   271   436   260   460 0.82 -
scaffold_2:22639892-22641378  -            460 39591at71240         -            433   1.5e-14   53.0   0.1   1   1   3.4e-16     2e-14   52.6   0.1    75   409    88   438    55   457 0.72 -
scaffold_9:1355127-1352880    -            482 39591at71240         -            433   1.5e-14   53.0   0.0   1   1   3.2e-16   1.9e-14   52.7   0.0     3   406    11   444     9   467 0.77 -
scaffold_13:4786889-4789806   -            457 39591at71240         -            433   2.1e-14   52.6   0.0   1   1   5.1e-16     3e-14   52.0   0.0     3   385     5   398     3   417 0.78 -
scaffold_45:437156-434246     -            457 39591at71240         -            433   2.1e-14   52.6   0.0   1   1   5.1e-16     3e-14   52.0   0.0     3   385     5   398     3   417 0.78 -
scaffold_10:19492821-19495524 -            512 39591at71240         -            433   2.1e-14   52.5   0.0   1   2      0.54        32    2.5   0.0    50   106    79   138    26   158 0.60 -
scaffold_10:19492821-19495524 -            512 39591at71240         -            433   2.1e-14   52.5   0.0   2   2   9.9e-15     6e-13   47.8   0.0   237   406   297   471   283   482 0.86 -
scaffold_3:31106474-31107079  -            202 39591at71240         -            433   2.7e-14   52.2   0.0   1   1     5e-16     3e-14   52.0   0.0   239   405     3   172     1   190 0.84 -
scaffold_7:21950932-21948749  -            452 39591at71240         -            433   3.3e-14   51.9   0.0   1   1   1.8e-15   1.1e-13   50.2   0.0    48   406    62   414    50   423 0.79 -
scaffold_5:16938955-16940466  -            504 39591at71240         -            433   3.4e-14   51.8   0.0   1   2       1.4        86    1.1   0.0    79   100    93   114    71   153 0.83 -
scaffold_5:16938955-16940466  -            504 39591at71240         -            433   3.4e-14   51.8   0.0   2   2   6.2e-15   3.7e-13   48.4   0.0   240   408   310   477   282   494 0.89 -
scaffold_12:13552290-13551760 -            177 39591at71240         -            433     4e-14   51.6   0.0   1   1   7.9e-16   4.7e-14   51.4   0.0   240   401     2   163     1   173 0.81 -
scaffold_5:10473138-10471735  -            468 39591at71240         -            433   4.1e-14   51.6   0.0   1   2       4.4   2.6e+02   -0.5   0.0   133   215    78   164    47   175 0.68 -
scaffold_5:10473138-10471735  -            468 39591at71240         -            433   4.1e-14   51.6   0.0   2   2   3.1e-15   1.9e-13   49.4   0.0   233   400   293   463   286   468 0.82 -
scaffold_6:18381241-18383422  -            519 39591at71240         -            433   6.9e-14   50.8   0.0   1   1   2.2e-15   1.3e-13   49.9   0.0   230   402   300   477   118   484 0.82 -
scaffold_11:5543201-5543683   -            161 39591at71240         -            433   1.1e-13   50.2   0.0   1   1     2e-15   1.2e-13   50.1   0.0   244   397     1   156     1   161 0.84 -
scaffold_10:1519181-1517766   -            472 39591at71240         -            433   1.2e-13   50.0   0.0   1   1   2.9e-15   1.7e-13   49.5   0.0   167   406   200   444    99   456 0.75 -
scaffold_10:297777-299132     -            452 39591at71240         -            433   1.5e-13   49.7   0.0   1   2       7.8   4.7e+02   -1.3   0.0   188   208   101   121    91   125 0.81 -
scaffold_10:297777-299132     -            452 39591at71240         -            433   1.5e-13   49.7   0.0   2   2   1.1e-14   6.5e-13   47.6   0.0   236   431   241   449   231   451 0.75 -
scaffold_7:3070327-3070707    -            127 39591at71240         -            433   2.1e-13   49.3   0.0   1   1     4e-15   2.4e-13   49.1   0.0   282   406     2   124     1   126 0.93 -
scaffold_4:20147274-20185448  -            488 39591at71240         -            433   2.8e-13   48.8   0.0   1   2      0.23        14    3.7   0.0    73    95    92   114    10   127 0.58 -
scaffold_4:20147274-20185448  -            488 39591at71240         -            433   2.8e-13   48.8   0.0   2   2   4.4e-13   2.6e-11   42.3   0.0   189   401   226   452   196   462 0.77 -
scaffold_1:35108278-35104767  -            461 39591at71240         -            433   3.6e-13   48.5   0.0   1   1   7.8e-15   4.7e-13   48.1   0.0    50   414    59   440    33   456 0.73 -
scaffold_4:15827565-15826135  -            477 39591at71240         -            433   4.8e-13   48.1   0.0   1   1     1e-14     6e-13   47.8   0.0   230   403   298   475    41   477 0.77 -
scaffold_10:12089405-12088625 -            214 39591at71240         -            433   1.2e-12   46.7   0.0   1   1   2.6e-14   1.5e-12   46.4   0.0   238   401    54   213    39   214 0.72 -
scaffold_12:13303589-13305914 -            498 39591at71240         -            433   1.6e-12   46.3   0.0   1   1   4.2e-14   2.5e-12   45.7   0.0   238   406   300   469   288   475 0.88 -
scaffold_1:35118816-35119226  -            137 39591at71240         -            433   1.7e-12   46.2   0.0   1   1   3.2e-14   1.9e-12   46.1   0.0   281   399    16   133     4   137 0.91 -
scaffold_3:6087257-6088812    -            474 39591at71240         -            433     2e-12   46.0   0.0   1   1   8.1e-14   4.9e-12   44.8   0.0    45   419    54   451     6   462 0.64 -
scaffold_10:2409979-2408435   -            462 39591at71240         -            433   2.2e-12   45.9   0.0   1   1   4.8e-14   2.9e-12   45.5   0.0    78   385    88   412    48   439 0.81 -
scaffold_9:6618903-6618388    -            172 39591at71240         -            433     3e-12   45.4   0.0   1   1   5.5e-14   3.3e-12   45.3   0.0   242   402     4   170     1   172 0.85 -
scaffold_6:8035761-8009018    -            456 39591at71240         -            433   4.2e-12   45.0   0.0   1   1   8.9e-14   5.3e-12   44.6   0.0    78   391    88   412    48   450 0.79 -
scaffold_9:9398663-9400153    -            497 39591at71240         -            433   5.1e-12   44.7   0.0   1   1   1.4e-13   8.4e-12   44.0   0.0   239   405   296   467   285   475 0.83 -
scaffold_11:2022785-2023402   -            206 39591at71240         -            433   5.3e-12   44.6   0.0   1   1   1.1e-13   6.5e-12   44.3   0.0   243   406     7   171     2   190 0.87 -
scaffold_2:4473157-4473678    -            174 39591at71240         -            433   6.5e-12   44.3   0.0   1   1   1.4e-13   8.5e-12   44.0   0.0   240   403     6   171     2   173 0.85 -
scaffold_11:560547-506324     -            451 39591at71240         -            433   6.7e-12   44.3   0.0   1   1   1.7e-13     1e-11   43.7   0.0   198   402   222   449   215   451 0.72 -
scaffold_11:2009917-2009309   -            203 39591at71240         -            433   1.2e-11   43.4   0.0   1   1   2.4e-13   1.4e-11   43.2   0.0   241   407     7   174     1   195 0.83 -
scaffold_9:4104960-4105465    -            151 39591at71240         -            433   2.9e-11   42.2   0.0   1   1   1.5e-10   8.9e-09   34.0   0.0   241   396     2   143     1   151 0.65 -
scaffold_4:20113667-20112132  -            512 39591at71240         -            433   3.7e-11   41.9   0.0   1   1   1.7e-12     1e-10   40.4   0.0   232   398   336   506   313   512 0.84 -
scaffold_2:13739069-13735559  -            483 39591at71240         -            433   3.7e-11   41.8   0.0   1   1   9.6e-13   5.7e-11   41.2   0.0    43   409    87   461    36   483 0.68 -
scaffold_4:6377092-6375386    -            476 39591at71240         -            433   4.3e-11   41.6   0.0   1   1   9.7e-13   5.8e-11   41.2   0.0   231   406   266   447   217   465 0.81 -
scaffold_3:7094927-7096518    -            469 39591at71240         -            433   5.3e-11   41.3   0.0   1   2       2.3   1.4e+02    0.4   0.0     3   105    19   129    18   149 0.61 -
scaffold_3:7094927-7096518    -            469 39591at71240         -            433   5.3e-11   41.3   0.0   2   2   6.5e-12   3.9e-10   38.5   0.0   236   418   259   445   232   457 0.86 -
scaffold_11:2373632-2373246   -            129 39591at71240         -            433   6.7e-11   41.0   0.0   1   1   1.2e-12   7.3e-11   40.9   0.0   281   399     9   125     2   129 0.87 -
scaffold_2:5218662-5217862    -            267 39591at71240         -            433   9.9e-11   40.4   0.0   1   1   2.8e-12   1.7e-10   39.7   0.0   233   359   132   261   120   265 0.82 -
scaffold_12:13315594-13317107 -            468 39591at71240         -            433   1.6e-10   39.8   0.0   1   1   4.6e-12   2.7e-10   39.0   0.0   237   406   270   440   246   444 0.89 -
scaffold_6:31144079-31143669  -            137 39591at71240         -            433   1.9e-10   39.5   0.0   1   1   3.6e-12   2.1e-10   39.3   0.0   295   411     1   116     1   136 0.84 -
scaffold_6:32020637-32018960  -            354 39591at71240         -            433   2.8e-10   38.9   0.0   1   1   7.9e-12   4.7e-10   38.2   0.0   240   399   194   350   145   354 0.77 -
scaffold_11:5862231-5860281   -            471 39591at71240         -            433   4.2e-10   38.4   0.0   1   2      0.19        12    4.0   0.0     3    93     7   108     5   121 0.62 -
scaffold_11:5862231-5860281   -            471 39591at71240         -            433   4.2e-10   38.4   0.0   2   2   4.6e-10   2.8e-08   32.4   0.0   236   425   261   451   184   455 0.79 -
scaffold_6:24064828-24065256  -            143 39591at71240         -            433   7.3e-10   37.6   0.0   1   1   1.3e-11     8e-10   37.4   0.0   283   398    18   135     5   143 0.84 -
scaffold_3:30319571-30317086  -            455 39591at71240         -            433   7.5e-10   37.5   0.0   1   2     0.032       1.9    6.5   0.0    42    99    81   140    45   161 0.78 -
scaffold_3:30319571-30317086  -            455 39591at71240         -            433   7.5e-10   37.5   0.0   2   2     5e-09     3e-07   29.0   0.0   243   384   275   419   238   440 0.78 -
scaffold_2:17708612-17709187  -            192 39591at71240         -            433     2e-08   32.8   0.0   1   1   4.4e-10   2.6e-08   32.5   0.0   231   387    16   177     4   192 0.78 -
scaffold_13:9621190-9623135   -            277 39591at71240         -            433   2.1e-08   32.8   0.0   1   1   2.2e-09   1.3e-07   30.2   0.0   192   408    55   269     1   274 0.67 -
scaffold_10:13649729-13649232 -            166 39591at71240         -            433   4.6e-08   31.6   0.0   1   1   8.2e-10   4.9e-08   31.6   0.0   241   402     2   164     1   166 0.87 -
scaffold_11:527388-527744     -            119 39591at71240         -            433   4.9e-08   31.6   0.0   1   1   8.9e-10   5.4e-08   31.4   0.0   286   402     3   118     1   119 0.91 -
scaffold_8:24955189-24953613  -            383 39591at71240         -            433   2.3e-07   29.4   0.0   1   1   7.4e-09   4.4e-07   28.4   0.0   282   407   233   359   213   374 0.82 -
scaffold_2:7928691-7931415    -            274 39591at71240         -            433   6.9e-06   24.5   0.0   1   1   1.5e-07     9e-06   24.1   0.0   215   403    77   270    48   274 0.75 -
scaffold_5:3559619-3556280    -            404 39591at71240         -            433   1.1e-05   23.8   0.5   1   2   2.1e-05    0.0012   17.0   0.2   197   307   201   322   190   332 0.74 -
scaffold_5:3559619-3556280    -            404 39591at71240         -            433   1.1e-05   23.8   0.5   2   2     0.098       5.9    4.9   0.0   368   406   340   378   325   402 0.84 -
scaffold_1:39208005-39206522  -            348 39591at71240         -            433   1.2e-05   23.7   0.0   1   2   4.7e-05    0.0028   15.9   0.0   208   307   163   279   152   299 0.69 -
scaffold_1:39208005-39206522  -            348 39591at71240         -            433   1.2e-05   23.7   0.0   2   2     0.066         4    5.5   0.0   368   394   312   338   302   348 0.75 -
scaffold_2:1748601-1748209    -            131 39591at71240         -            433     6e-05   21.4   0.0   1   1   1.1e-06   6.6e-05   21.2   0.0   282   396    15   128     3   131 0.85 -
scaffold_34:170699-168125     -            399 39591at71240         -            433     7e-05   21.2   0.0   1   1   2.2e-06   0.00013   20.3   0.0   322   396   322   393   310   399 0.82 -
scaffold_2:1743082-1742678    -            135 39591at71240         -            433   8.9e-05   20.8   0.0   1   1   1.7e-06    0.0001   20.6   0.0   282   398    15   130     3   135 0.85 -
scaffold_3:28562721-28564958  -            403 39591at71240         -            433    0.0001   20.6   0.0   1   2   8.8e-06   0.00053   18.3   0.0   217   326   223   340   163   353 0.73 -
scaffold_3:28562721-28564958  -            403 39591at71240         -            433    0.0001   20.6   0.0   2   2       3.8   2.3e+02   -0.3   0.0   371   405   364   398   349   402 0.80 -
scaffold_3:33984884-33984477  -            136 39591at71240         -            433   0.00012   20.4   0.0   1   1   2.2e-06   0.00013   20.2   0.0   320   404    19   104     2   122 0.83 -
scaffold_2:22643545-22643970  -            142 39591at71240         -            433   0.00052   18.3   0.0   1   1   9.8e-06   0.00059   18.1   0.0   284   406    18   139     5   142 0.88 -
scaffold_10:13653477-13653121 -            119 39591at71240         -            433   0.00065   18.0   0.0   1   1   1.2e-05    0.0007   17.9   0.0   286   401     3   117     1   119 0.88 -
scaffold_10:20176010-20181209 -            414 39591at71240         -            433    0.0035   15.6   0.0   1   1   0.00011    0.0065   14.7   0.0   366   424   351   409   321   414 0.78 -
scaffold_5:8695579-8697225    -            332 39591at71240         -            433    0.0037   15.5   0.1   1   2     0.024       1.4    7.0   0.0   213   281   172   248   136   257 0.75 -
scaffold_5:8695579-8697225    -            332 39591at71240         -            433    0.0037   15.5   0.1   2   2     0.031       1.9    6.6   0.0   349   386   280   315   261   331 0.83 -
scaffold_6:24375919-24376788  -            290 39591at71240         -            433     0.026   12.7   0.2   1   1   0.00059     0.035   12.3   0.2   197   270   204   285   183   290 0.63 -
scaffold_7:25889456-25887639  -            283 39591at71240         -            433     0.035   12.3   0.0   1   2      0.17        10    4.1   0.0    77   129    87   139    51   178 0.81 -
scaffold_7:25889456-25887639  -            283 39591at71240         -            433     0.035   12.3   0.0   2   2     0.031       1.9    6.6   0.0   229   256   255   282   200   283 0.85 -
scaffold_4:18826226-18830072  -            321 39591at71240         -            433     0.052   11.7   0.1   1   1     0.011      0.68    8.0   0.1   215   290   160   238   100   321 0.74 -
#
# Program:         hmmsearch
# Version:         3.3.2 (Nov 2020)
# Pipeline mode:   SEARCH
# Query file:      /scratch/srb67793/Pelargonium/scripts/busco_downloads/lineages/eudicots_odb10/hmms/39591at71240.hmm
# Target file:     /scratch/srb67793/Pelargonium/scripts/scratch/srb67793/Pelargonium/Results2/HiFiASM_OmniC/P_citronellum_hap2-scaffolds-busco/run_eudicots_odb10/metaeuk_output/initial_results/P_citronellum-hap2_scaffolds_final.fa.modified.fas
# Option settings: hmmsearch --domtblout /scratch/srb67793/Pelargonium/scripts/scratch/srb67793/Pelargonium/Results2/HiFiASM_OmniC/P_citronellum_hap2-scaffolds-busco/run_eudicots_odb10/hmmer_output/initial_run_results/39591at71240.out --cpu 1 /scratch/srb67793/Pelargonium/scripts/busco_downloads/lineages/eudicots_odb10/hmms/39591at71240.hmm /scratch/srb67793/Pelargonium/scripts/scratch/srb67793/Pelargonium/Results2/HiFiASM_OmniC/P_citronellum_hap2-scaffolds-busco/run_eudicots_odb10/metaeuk_output/initial_results/P_citronellum-hap2_scaffolds_final.fa.modified.fas 
# Current dir:     /scratch/srb67793/Pelargonium/scripts
# Date:            Fri Jul 19 11:04:18 2024
# [ok]
