#                                                                                     --- full sequence --- -------------- this domain -------------   hmm coord   ali coord   env coord
# target name                 accession   tlen query name           accession   qlen   E-value  score  bias   #  of  c-Evalue  i-Evalue  score  bias  from    to  from    to  from    to  acc description of target
#         ------------------- ---------- ----- -------------------- ---------- ----- --------- ------ ----- --- --- --------- --------- ------ ----- ----- ----- ----- ----- ----- ----- ---- ---------------------
scaffold_13:9436815-9442246   -            737 39685at71240         -            619         0 1089.3  26.1   1   2  2.2e-296  4.4e-294  975.7   0.1     3   493     8   506     5   517 0.97 -
scaffold_13:9436815-9442246   -            737 39685at71240         -            619         0 1089.3  26.1   2   2   1.2e-35   2.5e-33  114.3  21.6   493   618   572   737   563   737 0.76 -
scaffold_4:18940002-18942411  -            405 39685at71240         -            619   3.4e-66  222.9   0.0   1   1   2.1e-68   4.2e-66  222.6   0.0    72   409    26   360     4   388 0.92 -
scaffold_6:16405522-16402784  -            426 39685at71240         -            619   2.3e-65  220.2   0.2   1   1   1.4e-67   2.8e-65  219.9   0.2    85   487     1   408     1   415 0.84 -
scaffold_6:18511202-18506802  -            433 39685at71240         -            619   1.9e-64  217.2   0.3   1   2   4.2e-44   8.4e-42  142.3   0.0    60   241     9   201     1   203 0.84 -
scaffold_6:18511202-18506802  -            433 39685at71240         -            619   1.9e-64  217.2   0.3   2   2   1.9e-23   3.9e-21   74.1   0.1   266   487   201   418   198   425 0.80 -
scaffold_5:13891087-13884551  -            704 39685at71240         -            619   4.3e-63  212.7  19.9   1   1   1.2e-64   2.4e-62  210.2  19.8    53   576   117   664    80   689 0.74 -
scaffold_3:25493101-25487726  -            584 39685at71240         -            619   2.4e-62  210.2   5.2   1   3   1.6e-36   3.2e-34  117.3   0.1    66   262    40   256     7   270 0.83 -
scaffold_3:25493101-25487726  -            584 39685at71240         -            619   2.4e-62  210.2   5.2   2   3   1.2e-26   2.4e-24   84.7   0.0   266   412   289   454   278   466 0.81 -
scaffold_3:25493101-25487726  -            584 39685at71240         -            619   2.4e-62  210.2   5.2   3   3     0.014       2.8    5.2   0.6   429   486   495   554   486   581 0.78 -
scaffold_10:5182467-5180011   -            415 39685at71240         -            619     3e-61  206.6   0.0   1   1   1.7e-63   3.4e-61  206.4   0.0    65   399    82   414    39   415 0.86 -
scaffold_3:28693049-28690160  -            408 39685at71240         -            619   1.4e-58  197.7   0.0   1   1   9.2e-61   1.9e-58  197.3   0.0    72   403    34   363    23   381 0.90 -
scaffold_8:14381575-14379611  -            401 39685at71240         -            619   3.6e-58  196.4   0.0   1   1   2.3e-60   4.7e-58  196.0   0.0    72   405    10   341     7   359 0.91 -
scaffold_6:29841623-29844320  -            392 39685at71240         -            619   8.3e-58  195.2   0.0   1   1   5.3e-60   1.1e-57  194.8   0.0    72   404    15   345     9   360 0.92 -
scaffold_1:35035349-35028997  -            814 39685at71240         -            619     1e-57  194.9   0.0   1   1   7.1e-60   1.4e-57  194.4   0.0    71   408   273   607   256   618 0.91 -
scaffold_10:10118813-10117047 -            589 39685at71240         -            619     4e-55  186.3   0.0   1   1     2e-57     4e-55  186.3   0.0    73   404   212   544   198   563 0.89 -
scaffold_10:10099798-10101576 -            593 39685at71240         -            619   9.5e-55  185.1   0.0   1   1   4.7e-57   9.5e-55  185.1   0.0    73   404   216   548   202   566 0.89 -
scaffold_4:1668782-1675359    -            542 39685at71240         -            619   2.9e-54  183.5   0.0   1   2   2.9e-09   5.9e-07   27.2   0.0    69   107   120   158   104   164 0.86 -
scaffold_4:1668782-1675359    -            542 39685at71240         -            619   2.9e-54  183.5   0.0   2   2   1.1e-47   2.1e-45  154.2   0.0   117   408   203   495   188   512 0.91 -
scaffold_4:9696392-9698659    -            445 39685at71240         -            619   6.3e-53  179.1   0.0   1   1   4.1e-55   8.3e-53  178.7   0.0    64   407    76   426    60   442 0.82 -
scaffold_5:31856298-31857614  -            439 39685at71240         -            619   8.5e-52  175.3   0.0   1   1   5.3e-54   1.1e-51  175.0   0.0    72   417    54   413    40   432 0.80 -
scaffold_4:19481880-19480380  -            204 39685at71240         -            619   1.2e-48  164.9   0.0   1   1     7e-51   1.4e-48  164.7   0.0    71   259    18   203     2   204 0.91 -
scaffold_1:30235901-30234633  -            423 39685at71240         -            619   1.5e-47  161.3   0.0   1   1     2e-49   4.1e-47  159.9   0.0    73   412    55   411    43   418 0.86 -
scaffold_10:1845387-1818778   -           1606 39685at71240         -            619   3.1e-45  153.7   0.2   1   1   2.6e-47   5.3e-45  152.9   0.2    53   412  1145  1515  1134  1581 0.86 -
scaffold_4:5881753-5878704    -            353 39685at71240         -            619   4.8e-44  149.7   0.0   1   3   1.8e-14   3.7e-12   44.4   0.0    69   136    34   107    13   116 0.83 -
scaffold_4:5881753-5878704    -            353 39685at71240         -            619   4.8e-44  149.7   0.0   2   3   7.4e-17   1.5e-14   52.3   0.1   170   250   115   198   108   212 0.86 -
scaffold_4:5881753-5878704    -            353 39685at71240         -            619   4.8e-44  149.7   0.0   3   3     3e-16   6.1e-14   50.3   0.0   296   409   202   312   197   324 0.85 -
scaffold_9:6117993-6120981    -            389 39685at71240         -            619   1.5e-42  144.8   0.0   1   3     3e-15     6e-13   47.0   0.0    65   137    79   157    17   162 0.79 -
scaffold_9:6117993-6120981    -            389 39685at71240         -            619   1.5e-42  144.8   0.0   2   3   2.2e-15   4.4e-13   47.5   0.0   170   241   165   239   156   248 0.89 -
scaffold_9:6117993-6120981    -            389 39685at71240         -            619   1.5e-42  144.8   0.0   3   3     2e-15   4.1e-13   47.6   0.0   316   409   258   350   239   362 0.86 -
scaffold_3:26684934-26686159  -            355 39685at71240         -            619     2e-42  144.4   0.8   1   1   1.2e-44   2.5e-42  144.1   0.8    78   410    13   338     4   347 0.89 -
scaffold_5:3393510-3395691    -            254 39685at71240         -            619     4e-42  143.4   0.0   1   2   5.5e-29   1.1e-26   92.4   0.1    83   247     1   151     1   154 0.93 -
scaffold_5:3393510-3395691    -            254 39685at71240         -            619     4e-42  143.4   0.0   2   2   7.3e-16   1.5e-13   49.0   0.0   312   397   167   252   150   254 0.89 -
scaffold_6:31986964-31991356  -            294 39685at71240         -            619   6.2e-42  142.8   0.9   1   3   9.7e-17     2e-14   51.9   0.0    72   144    23    91     7    97 0.90 -
scaffold_6:31986964-31991356  -            294 39685at71240         -            619   6.2e-42  142.8   0.9   2   3     4e-13     8e-11   40.0   0.1   197   240    99   142    95   147 0.94 -
scaffold_6:31986964-31991356  -            294 39685at71240         -            619   6.2e-42  142.8   0.9   3   3   1.3e-15   2.7e-13   48.2   0.0   296   402   175   281   158   291 0.80 -
scaffold_8:26682510-26683796  -            429 39685at71240         -            619   6.6e-42  142.7   0.1   1   1     4e-44   8.2e-42  142.4   0.1    67   405    69   409    12   417 0.84 -
scaffold_8:18614236-18616161  -            356 39685at71240         -            619     2e-41  141.1   0.5   1   1   1.3e-43   2.6e-41  140.7   0.5    78   411    14   339     5   349 0.89 -
scaffold_3:26681684-26675119  -            335 39685at71240         -            619     4e-41  140.1   0.3   1   1   2.3e-43   4.6e-41  139.9   0.3    78   408    13   333     4   335 0.90 -
scaffold_9:876401-875014      -            354 39685at71240         -            619     3e-40  137.2   0.2   1   1   1.9e-42   3.7e-40  136.9   0.2    76   410    10   337     4   346 0.88 -
scaffold_8:17013342-17015039  -            329 39685at71240         -            619   4.6e-40  136.6   0.4   1   1   2.6e-42   5.3e-40  136.4   0.4    75   399     9   326     4   329 0.90 -
scaffold_8:17010394-17009153  -            353 39685at71240         -            619   1.5e-39  134.9   0.3   1   1   9.3e-42   1.9e-39  134.6   0.3    78   411    13   336     4   346 0.88 -
scaffold_4:1344144-1345714    -            354 39685at71240         -            619   2.3e-38  131.0   0.2   1   1   1.4e-40   2.8e-38  130.7   0.2    76   410    10   336     4   347 0.88 -
scaffold_8:12410507-12406893  -            276 39685at71240         -            619   5.9e-38  129.6   0.4   1   3   1.8e-13   3.7e-11   41.1   0.0    69   136    21    95     9   107 0.80 -
scaffold_8:12410507-12406893  -            276 39685at71240         -            619   5.9e-38  129.6   0.4   2   3     7e-16   1.4e-13   49.1   0.1   170   243   107   183    99   200 0.86 -
scaffold_8:12410507-12406893  -            276 39685at71240         -            619   5.9e-38  129.6   0.4   3   3   4.2e-12   8.4e-10   36.6   0.0   332   396   208   271   201   275 0.82 -
scaffold_12:12792884-12798211 -            811 39685at71240         -            619   2.8e-37  127.4   0.8   1   2   1.1e-30   2.3e-28   98.0   0.1    51   241   373   573   329   576 0.79 -
scaffold_12:12792884-12798211 -            811 39685at71240         -            619   2.8e-37  127.4   0.8   2   2   3.6e-12   7.3e-10   36.8   0.1   266   412   574   721   569   799 0.79 -
scaffold_1:22119644-22117938  -            569 39685at71240         -            619     8e-35  119.3   2.1   1   3       2.4   4.8e+02   -2.2   0.7   553   593    62   107    53   122 0.60 -
scaffold_1:22119644-22117938  -            569 39685at71240         -            619     8e-35  119.3   2.1   2   3   5.9e-22   1.2e-19   69.1   0.0    72   225   151   314   124   369 0.83 -
scaffold_1:22119644-22117938  -            569 39685at71240         -            619     8e-35  119.3   2.1   3   3   7.2e-16   1.5e-13   49.0   0.0   260   417   397   553   385   559 0.88 -
scaffold_3:2729684-2735760    -            500 39685at71240         -            619   3.1e-33  114.0   0.4   1   2   1.7e-16   3.4e-14   51.2   0.1    85   234    69   236    54   240 0.79 -
scaffold_3:2729684-2735760    -            500 39685at71240         -            619   3.1e-33  114.0   0.4   2   2     4e-18     8e-16   56.5   0.1   229   441   268   487   262   497 0.85 -
scaffold_7:12168031-12162719  -            684 39685at71240         -            619   1.7e-29  101.7   0.1   1   1   7.9e-31   1.6e-28   98.5   0.1    71   403   301   657   272   669 0.77 -
scaffold_1:38524881-38527404  -            244 39685at71240         -            619   5.1e-28   96.8   0.0   1   2   5.5e-16   1.1e-13   49.4   0.1   171   246     9    87     3    93 0.88 -
scaffold_1:38524881-38527404  -            244 39685at71240         -            619   5.1e-28   96.8   0.0   2   2   4.7e-15   9.5e-13   46.4   0.0   295   399    88   189    83   211 0.84 -
scaffold_1:24423000-24426743  -            509 39685at71240         -            619   3.5e-26   90.8   0.0   1   2   1.7e-28   3.5e-26   90.8   0.0    72   225   180   352   153   365 0.84 -
scaffold_1:24423000-24426743  -            509 39685at71240         -            619   3.5e-26   90.8   0.0   2   2     0.026       5.2    4.3   0.5   219   255   370   409   358   509 0.67 -
scaffold_2:2671386-2675320    -            569 39685at71240         -            619   2.4e-24   84.7   0.0   1   2     6e-14   1.2e-11   42.7   0.0    59   224    85   266    70   291 0.69 -
scaffold_2:2671386-2675320    -            569 39685at71240         -            619   2.4e-24   84.7   0.0   2   2   6.4e-13   1.3e-10   39.3   0.0   293   409   430   543   388   554 0.79 -
scaffold_1:27225170-27220649  -            575 39685at71240         -            619   2.6e-23   81.3   0.0   1   2   4.9e-13   9.9e-11   39.7   0.0    57   223    86   268    75   285 0.74 -
scaffold_1:27225170-27220649  -            575 39685at71240         -            619   2.6e-23   81.3   0.0   2   2   6.3e-13   1.3e-10   39.3   0.0   262   412   392   549   351   562 0.76 -
scaffold_12:8940205-8948875   -            476 39685at71240         -            619   1.8e-22   78.5   0.3   1   2   4.5e-10   9.1e-08   29.9   0.0    85   219    69   196    54   213 0.73 -
scaffold_12:8940205-8948875   -            476 39685at71240         -            619   1.8e-22   78.5   0.3   2   2   5.8e-15   1.2e-12   46.1   0.1   231   443   246   454   239   474 0.69 -
scaffold_14:4387786-4378840   -            408 39685at71240         -            619   3.6e-20   70.9   0.2   1   1     3e-22     6e-20   70.1   0.2    72   410    34   396    20   401 0.75 -
scaffold_15:4197076-4206105   -            443 39685at71240         -            619     5e-20   70.4   0.4   1   1   5.9e-22   1.2e-19   69.2   0.4    72   410    71   432    57   436 0.72 -
scaffold_5:29436378-29442834  -            404 39685at71240         -            619     4e-12   44.3   1.0   1   1     5e-14     1e-11   43.0   1.0    72   410    27   392    14   396 0.70 -
scaffold_2:14048189-14034940  -           1147 39685at71240         -            619   7.2e-05   20.3   0.0   1   2   8.5e-07   0.00017   19.1   0.0    61   204   409   557   387   568 0.71 -
scaffold_2:14048189-14034940  -           1147 39685at71240         -            619   7.2e-05   20.3   0.0   2   2       5.3   1.1e+03   -3.4   0.0   329   388   708   766   691   775 0.78 -
scaffold_7:27382447-27380561  -            629 39685at71240         -            619   8.3e-05   20.1   0.0   1   1   6.9e-07   0.00014   19.4   0.0   292   358   200   264   186   275 0.84 -
scaffold_1:34424644-34451758  -           1560 39685at71240         -            619    0.0016   15.9   0.4   1   2     0.029       5.8    4.1   0.2    94   204    21   128     7   134 0.69 -
scaffold_1:34424644-34451758  -           1560 39685at71240         -            619    0.0016   15.9   0.4   2   2   0.00065      0.13    9.6   0.0   336   387   411   462   393   504 0.77 -
scaffold_8:18219629-18229684  -            709 39685at71240         -            619     0.009   13.4   0.1   1   2      0.13        27    1.9   0.0    78   109    44    75    37    77 0.88 -
scaffold_8:18219629-18229684  -            709 39685at71240         -            619     0.009   13.4   0.1   2   2    0.0011      0.22    8.8   0.0   316   410   276   370   271   379 0.90 -
#
# Program:         hmmsearch
# Version:         3.3.2 (Nov 2020)
# Pipeline mode:   SEARCH
# Query file:      /scratch/srb67793/Pelargonium/scripts/busco_downloads/lineages/eudicots_odb10/hmms/39685at71240.hmm
# Target file:     /scratch/srb67793/Pelargonium/scripts/scratch/srb67793/Pelargonium/Results2/HiFiASM_OmniC/P_citronellum_hap2-scaffolds-busco/run_eudicots_odb10/metaeuk_output/initial_results/P_citronellum-hap2_scaffolds_final.fa.modified.fas
# Option settings: hmmsearch --domtblout /scratch/srb67793/Pelargonium/scripts/scratch/srb67793/Pelargonium/Results2/HiFiASM_OmniC/P_citronellum_hap2-scaffolds-busco/run_eudicots_odb10/hmmer_output/initial_run_results/39685at71240.out --cpu 1 /scratch/srb67793/Pelargonium/scripts/busco_downloads/lineages/eudicots_odb10/hmms/39685at71240.hmm /scratch/srb67793/Pelargonium/scripts/scratch/srb67793/Pelargonium/Results2/HiFiASM_OmniC/P_citronellum_hap2-scaffolds-busco/run_eudicots_odb10/metaeuk_output/initial_results/P_citronellum-hap2_scaffolds_final.fa.modified.fas 
# Current dir:     /scratch/srb67793/Pelargonium/scripts
# Date:            Fri Jul 19 11:03:29 2024
# [ok]
