#                                                                                     --- full sequence --- -------------- this domain -------------   hmm coord   ali coord   env coord
# target name                 accession   tlen query name           accession   qlen   E-value  score  bias   #  of  c-Evalue  i-Evalue  score  bias  from    to  from    to  from    to  acc description of target
#         ------------------- ---------- ----- -------------------- ---------- ----- --------- ------ ----- --- --- --------- --------- ------ ----- ----- ----- ----- ----- ----- ----- ---- ---------------------
scaffold_5:33096567-33098111  -            515 41797at71240         -            417  2.4e-232  770.6   7.6   1   1  3.1e-234  3.7e-232  770.0   7.6     1   410    67   496    67   515 0.93 -
scaffold_1:42220259-42218688  -            524 41797at71240         -            417  2.5e-145  483.9   5.4   1   1  2.9e-147  3.4e-145  483.5   5.4    17   404    97   506    90   512 0.92 -
scaffold_4:13885010-13881669  -            553 41797at71240         -            417     1e-43  149.2  14.3   1   5   1.5e-08   1.8e-06   26.5   0.0    94   189   187   281   171   283 0.86 -
scaffold_4:13885010-13881669  -            553 41797at71240         -            417     1e-43  149.2  14.3   2   5   8.5e-12     1e-09   37.2   0.1    89   215   218   343   211   356 0.82 -
scaffold_4:13885010-13881669  -            553 41797at71240         -            417     1e-43  149.2  14.3   3   5   1.9e-10   2.3e-08   32.8   0.8    51   164   283   400   281   403 0.88 -
scaffold_4:13885010-13881669  -            553 41797at71240         -            417     1e-43  149.2  14.3   4   5   5.8e-15   6.9e-13   47.7   0.7    76   190   348   463   345   469 0.93 -
scaffold_4:13885010-13881669  -            553 41797at71240         -            417     1e-43  149.2  14.3   5   5   1.9e-13   2.3e-11   42.7   0.1   317   390   464   537   461   547 0.93 -
scaffold_4:95627-91631        -            549 41797at71240         -            417   4.8e-34  117.3   0.4   1   3   3.3e-10   3.9e-08   32.0   0.1    92   214   190   311   167   314 0.87 -
scaffold_4:95627-91631        -            549 41797at71240         -            417   4.8e-34  117.3   0.4   2   3   1.1e-13   1.3e-11   43.5   0.0    72   237   313   477   308   479 0.90 -
scaffold_4:95627-91631        -            549 41797at71240         -            417   4.8e-34  117.3   0.4   3   3   1.9e-12   2.2e-10   39.4   0.0   326   382   476   532   474   539 0.93 -
scaffold_10:15250439-15249462 -            326 41797at71240         -            417   1.5e-32  112.4   4.9   1   3   3.1e-20   3.7e-18   65.0   0.3    90   241    48   201    21   202 0.93 -
scaffold_10:15250439-15249462 -            326 41797at71240         -            417   1.5e-32  112.4   4.9   2   3   1.9e-08   2.2e-06   26.2   0.1   105   205   172   272   169   273 0.91 -
scaffold_10:15250439-15249462 -            326 41797at71240         -            417   1.5e-32  112.4   4.9   3   3   2.4e-10   2.9e-08   32.4   0.3   330   381   272   323   268   326 0.93 -
scaffold_8:20683961-20682996  -            322 41797at71240         -            417   3.5e-31  107.9   0.6   1   3   1.8e-06   0.00021   19.7   0.0   159   221    51   113    44   115 0.91 -
scaffold_8:20683961-20682996  -            322 41797at71240         -            417   3.5e-31  107.9   0.6   2   3   1.1e-14   1.4e-12   46.7   0.0    74   232   110   265   106   273 0.89 -
scaffold_8:20683961-20682996  -            322 41797at71240         -            417   3.5e-31  107.9   0.6   3   3   6.9e-13   8.1e-11   40.8   0.0   329   380   271   322   259   322 0.91 -
scaffold_4:5113586-5112744    -            281 41797at71240         -            417   2.2e-23   82.2   0.3   1   3   1.4e-06   0.00016   20.1   0.0    53   171    48   166    41   167 0.89 -
scaffold_4:5113586-5112744    -            281 41797at71240         -            417   2.2e-23   82.2   0.3   2   3   1.9e-05    0.0022   16.3   0.0    56   119   155   216   147   222 0.88 -
scaffold_4:5113586-5112744    -            281 41797at71240         -            417   2.2e-23   82.2   0.3   3   3   6.4e-17   7.5e-15   54.1   0.2   304   380   199   280   197   281 0.90 -
scaffold_1:43466831-43468216  -            333 41797at71240         -            417   2.9e-23   81.9   3.2   1   3     8e-15   9.4e-13   47.2   0.1    73   214     7   149     5   155 0.89 -
scaffold_1:43466831-43468216  -            333 41797at71240         -            417   2.9e-23   81.9   3.2   2   3   6.4e-07   7.6e-05   21.2   0.0    96   167   176   247   162   248 0.92 -
scaffold_1:43466831-43468216  -            333 41797at71240         -            417   2.9e-23   81.9   3.2   3   3     3e-05    0.0035   15.7   0.2   319   361   238   280   232   288 0.89 -
scaffold_9:5360859-5360089    -            257 41797at71240         -            417   1.7e-22   79.3   0.6   1   3   3.2e-06   0.00037   18.9   0.0    49   171    17   139     7   141 0.88 -
scaffold_9:5360859-5360089    -            257 41797at71240         -            417   1.7e-22   79.3   0.6   2   3   3.1e-06   0.00037   18.9   0.0    56   120   128   190   121   200 0.84 -
scaffold_9:5360859-5360089    -            257 41797at71240         -            417   1.7e-22   79.3   0.6   3   3   1.6e-13   1.9e-11   42.9   0.2   323   383   196   256   186   257 0.90 -
scaffold_1:23942419-23941520  -            300 41797at71240         -            417   2.8e-21   75.3   1.7   1   3   1.6e-07   1.9e-05   23.2   0.1    83   209    84   209    47   210 0.84 -
scaffold_1:23942419-23941520  -            300 41797at71240         -            417   2.8e-21   75.3   1.7   2   3   2.1e-05    0.0024   16.2   0.0    53   119   159   227   153   233 0.75 -
scaffold_1:23942419-23941520  -            300 41797at71240         -            417   2.8e-21   75.3   1.7   3   3   4.3e-15   5.1e-13   48.1   0.1   307   385   213   296   209   298 0.87 -
scaffold_2:26227995-26226952  -            348 41797at71240         -            417   5.9e-15   54.5   0.4   1   3   0.00026     0.031   12.6   0.0   164   218    52   106    41   110 0.87 -
scaffold_2:26227995-26226952  -            348 41797at71240         -            417   5.9e-15   54.5   0.4   2   3   6.7e-07     8e-05   21.1   0.0    75   177   107   208   103   216 0.88 -
scaffold_2:26227995-26226952  -            348 41797at71240         -            417   5.9e-15   54.5   0.4   3   3   4.3e-06   0.00051   18.4   0.1   320   391   260   337   244   346 0.79 -
scaffold_5:2741063-2741854    -            264 41797at71240         -            417   7.1e-15   54.2   0.6   1   2   3.4e-13     4e-11   41.8   0.1    72   197     2   128     1   162 0.90 -
scaffold_5:2741063-2741854    -            264 41797at71240         -            417   7.1e-15   54.2   0.6   2   2   0.00071     0.084   11.1   0.1   134   212   171   244   145   257 0.71 -
scaffold_5:12754374-12754997  -            208 41797at71240         -            417   4.6e-14   51.5   0.1   1   2   6.1e-06   0.00072   17.9   0.0    31    94    84   155    75   157 0.85 -
scaffold_5:12754374-12754997  -            208 41797at71240         -            417   4.6e-14   51.5   0.1   2   2   7.9e-11   9.3e-09   34.0   0.0   324   379   152   207   149   208 0.91 -
scaffold_5:8941713-8942561    -            283 41797at71240         -            417   4.8e-14   51.5   0.5   1   2   1.3e-12   1.5e-10   39.9   0.0    72   197    15   140    11   166 0.91 -
scaffold_5:8941713-8942561    -            283 41797at71240         -            417   4.8e-14   51.5   0.5   2   2    0.0019      0.22    9.7   0.4   323   361   217   253   202   282 0.74 -
scaffold_5:2490810-2489956    -            285 41797at71240         -            417     5e-14   51.4   1.2   1   2   1.6e-10   1.9e-08   33.1   0.0   126   244     1   121     1   152 0.85 -
scaffold_5:2490810-2489956    -            285 41797at71240         -            417     5e-14   51.4   1.2   2   2   8.9e-06    0.0011   17.4   0.3   321   361   215   253   180   280 0.89 -
scaffold_11:4427436-4426447   -            330 41797at71240         -            417   8.1e-14   50.7   0.3   1   2   3.9e-10   4.6e-08   31.8   0.2    58   189    35   171     2   207 0.81 -
scaffold_11:4427436-4426447   -            330 41797at71240         -            417   8.1e-14   50.7   0.3   2   2   1.1e-05    0.0013   17.1   0.0   325   365   250   293   241   322 0.81 -
scaffold_5:2744450-2745199    -            250 41797at71240         -            417     1e-13   50.4   0.4   1   2   4.9e-11   5.7e-09   34.7   0.1    86   197     2   113     1   147 0.90 -
scaffold_5:2744450-2745199    -            250 41797at71240         -            417     1e-13   50.4   0.4   2   2   8.5e-05      0.01   14.2   0.1   320   360   180   220   126   249 0.75 -
scaffold_5:8973964-8973191    -            258 41797at71240         -            417   2.1e-13   49.3   0.6   1   1   2.3e-15   2.7e-13   49.0   0.6   126   359     1   256     1   258 0.73 -
scaffold_5:8931256-8932101    -            282 41797at71240         -            417   7.1e-13   47.6   0.1   1   2   3.4e-11     4e-09   35.3   0.0    72   185    18   131    11   155 0.90 -
scaffold_5:8931256-8932101    -            282 41797at71240         -            417   7.1e-13   47.6   0.1   2   2    0.0011      0.13   10.5   0.2   324   361   216   253   155   271 0.78 -
scaffold_5:2736058-2736876    -            273 41797at71240         -            417   8.2e-13   47.4   0.1   1   2   2.2e-10   2.6e-08   32.6   0.0    79   205    10   138     2   151 0.90 -
scaffold_5:2736058-2736876    -            273 41797at71240         -            417   8.2e-13   47.4   0.1   2   2   0.00019     0.022   13.0   0.0   312   361   183   236   166   259 0.78 -
scaffold_5:4496993-4496160    -            278 41797at71240         -            417   2.8e-12   45.7   0.0   1   1     4e-14   4.8e-12   44.9   0.0   121   361    20   278     7   278 0.77 -
scaffold_5:2451365-2452210    -            282 41797at71240         -            417   5.1e-12   44.8   0.3   1   1   9.4e-14   1.1e-11   43.7   0.3   128   361     2   252     1   281 0.71 -
scaffold_13:10959929-10958898 -            344 41797at71240         -            417   6.3e-12   44.5   0.0   1   3   2.2e-05    0.0027   16.1   0.0    88   153    40   105    21   108 0.91 -
scaffold_13:10959929-10958898 -            344 41797at71240         -            417   6.3e-12   44.5   0.0   2   3   2.8e-07   3.3e-05   22.4   0.0    59   153    79   178    78   209 0.67 -
scaffold_13:10959929-10958898 -            344 41797at71240         -            417   6.3e-12   44.5   0.0   3   3   0.00098      0.12   10.7   0.0    63    92   261   292   245   333 0.79 -
scaffold_5:10702043-10702888  -            282 41797at71240         -            417   8.1e-12   44.1   0.3   1   2   6.3e-09   7.5e-07   27.8   0.0   135   244    38   149    18   205 0.60 -
scaffold_5:10702043-10702888  -            282 41797at71240         -            417   8.1e-12   44.1   0.3   2   2   5.8e-05    0.0068   14.7   0.2   320   361   241   282   233   282 0.93 -
scaffold_5:8999738-8998956    -            261 41797at71240         -            417   5.7e-11   41.3   0.0   1   1   1.4e-12   1.7e-10   39.8   0.0   126   357     8   261     4   261 0.73 -
scaffold_5:2782560-2783345    -            262 41797at71240         -            417   5.8e-11   41.3   0.1   1   2   8.4e-11     1e-08   33.9   0.0    73   272     3   211     1   212 0.85 -
scaffold_5:2782560-2783345    -            262 41797at71240         -            417   5.8e-11   41.3   0.1   2   2    0.0035      0.41    8.9   0.0   324   361   201   236   197   247 0.80 -
scaffold_5:2457787-2458566    -            260 41797at71240         -            417     6e-11   41.3   0.1   1   1   5.7e-12   6.7e-10   37.8   0.1    72   270    26   233     4   236 0.80 -
scaffold_5:8972262-8971342    -            307 41797at71240         -            417     7e-11   41.0   0.5   1   1   7.7e-13   9.1e-11   40.7   0.5   129   383     3   285     1   300 0.70 -
scaffold_5:9376097-9375273    -            275 41797at71240         -            417   8.8e-11   40.7   0.1   1   2   3.4e-10   4.1e-08   31.9   0.0    72   199     6   131     2   145 0.92 -
scaffold_5:9376097-9375273    -            275 41797at71240         -            417   8.8e-11   40.7   0.1   2   2     0.015       1.7    6.8   0.0   326   361   202   237   184   246 0.83 -
scaffold_5:2314649-2313840    -            270 41797at71240         -            417   1.2e-10   40.3   0.2   1   1   2.7e-12   3.2e-10   38.9   0.2   139   361     6   245     1   255 0.73 -
scaffold_5:2279765-2278752    -            338 41797at71240         -            417   1.5e-10   40.0   0.0   1   1   3.2e-12   3.8e-10   38.6   0.0   126   361    38   290    31   327 0.72 -
scaffold_5:10692521-10693282  -            254 41797at71240         -            417     3e-10   38.9   0.5   1   2   2.7e-08   3.2e-06   25.7   0.0    72   187    20   137     3   183 0.81 -
scaffold_5:10692521-10693282  -            254 41797at71240         -            417     3e-10   38.9   0.5   2   2   0.00051     0.061   11.6   0.2   320   359   214   253   208   254 0.93 -
scaffold_5:10853791-10853006  -            262 41797at71240         -            417   3.2e-10   38.8   0.4   1   2   7.3e-10   8.6e-08   30.9   0.0    72   184    30   143     1   182 0.72 -
scaffold_5:10853791-10853006  -            262 41797at71240         -            417   3.2e-10   38.8   0.4   2   2     0.017         2    6.6   0.1   320   357   224   261   218   262 0.84 -
scaffold_5:2487389-2486598    -            264 41797at71240         -            417   3.8e-10   38.6   0.1   1   2   2.8e-10   3.3e-08   32.2   0.0    81   216    12   151     2   211 0.80 -
scaffold_5:2487389-2486598    -            264 41797at71240         -            417   3.8e-10   38.6   0.1   2   2     0.051         6    5.0   0.0    55    86   195   227   182   254 0.65 -
scaffold_11:4412955-4412062   -            298 41797at71240         -            417     4e-10   38.5   0.0   1   2   7.9e-05    0.0093   14.3   0.0    77   176    24   124     2   147 0.69 -
scaffold_11:4412955-4412062   -            298 41797at71240         -            417     4e-10   38.5   0.0   2   2   2.8e-07   3.3e-05   22.4   0.0   323   366   214   260   198   288 0.83 -
scaffold_5:2272628-2271693    -            312 41797at71240         -            417   4.3e-10   38.4   0.1   1   2   2.2e-09   2.6e-07   29.3   0.0    80   205    62   189    28   207 0.85 -
scaffold_5:2272628-2271693    -            312 41797at71240         -            417   4.3e-10   38.4   0.1   2   2     0.011       1.3    7.3   0.0   324   361   252   287   225   302 0.79 -
scaffold_8:20508678-20507644  -            345 41797at71240         -            417   5.1e-10   38.2   0.0   1   2   1.1e-08   1.3e-06   27.0   0.1    90   303    47   266    42   268 0.87 -
scaffold_8:20508678-20507644  -            345 41797at71240         -            417   5.1e-10   38.2   0.0   2   2    0.0007     0.083   11.1   0.0   325   365   262   305   247   334 0.77 -
scaffold_316:68941-67919      -            341 41797at71240         -            417   6.6e-10   37.8   0.0   1   2   2.6e-10   3.1e-08   32.3   0.0    72   187    55   170    48   197 0.93 -
scaffold_316:68941-67919      -            341 41797at71240         -            417   6.6e-10   37.8   0.0   2   2      0.18        21    3.2   0.1   326   361   258   293   233   323 0.72 -
scaffold_5:2963332-2962472    -            287 41797at71240         -            417   7.8e-10   37.6   0.0   1   1     3e-11   3.6e-09   35.4   0.0   125   361     6   259     3   286 0.76 -
scaffold_5:2778060-2778854    -            265 41797at71240         -            417   8.6e-10   37.5   0.1   1   1   1.4e-11   1.6e-09   36.6   0.1   126   361    12   264     9   265 0.74 -
scaffold_13:11241561-11242652 -            364 41797at71240         -            417   9.8e-10   37.3   0.0   1   3   2.1e-06   0.00025   19.4   0.0    78   156    51   129    39   129 0.88 -
scaffold_13:11241561-11242652 -            364 41797at71240         -            417   9.8e-10   37.3   0.0   2   3   0.00017      0.02   13.2   0.0    74   156   119   201   117   232 0.83 -
scaffold_13:11241561-11242652 -            364 41797at71240         -            417   9.8e-10   37.3   0.0   3   3     0.069       8.2    4.6   0.0   334   365   288   319   269   357 0.69 -
scaffold_5:2465830-2464973    -            286 41797at71240         -            417     1e-09   37.2   0.0   1   1   4.2e-11     5e-09   34.9   0.0   126   361     7   259     3   266 0.76 -
scaffold_5:2747221-2748090    -            290 41797at71240         -            417   1.3e-09   36.9   0.0   1   2   2.1e-08   2.5e-06   26.1   0.0    77   195    32   150     7   164 0.80 -
scaffold_5:2747221-2748090    -            290 41797at71240         -            417   1.3e-09   36.9   0.0   2   2    0.0034       0.4    8.9   0.0   324   361   225   260   211   281 0.81 -
scaffold_13:10834579-10833716 -            288 41797at71240         -            417   1.4e-09   36.8   0.0   1   3   1.3e-09   1.5e-07   30.0   0.0    90   170     1    81     1   129 0.75 -
scaffold_13:10834579-10833716 -            288 41797at71240         -            417   1.4e-09   36.8   0.0   2   3    0.0023      0.27    9.4   0.0    76   155    59   138    59   162 0.82 -
scaffold_13:10834579-10833716 -            288 41797at71240         -            417   1.4e-09   36.8   0.0   3   3      0.76        90    1.2   0.0   312   361   198   253   188   284 0.60 -
scaffold_5:2969837-2969004    -            278 41797at71240         -            417   1.5e-09   36.7   0.1   1   2   1.5e-08   1.8e-06   26.5   0.0    80   196    14   130     1   164 0.79 -
scaffold_5:2969837-2969004    -            278 41797at71240         -            417   1.5e-09   36.7   0.1   2   2    0.0044      0.52    8.5   0.0   333   361   211   239   190   272 0.71 -
scaffold_5:2449043-2450053    -            337 41797at71240         -            417   3.9e-09   35.3   0.2   1   2   3.7e-10   4.4e-08   31.8   0.0    79   272    63   264    47   266 0.83 -
scaffold_5:2449043-2450053    -            337 41797at71240         -            417   3.9e-09   35.3   0.2   2   2     0.026         3    6.0   0.0    62   361   256   289   244   331 0.59 -
scaffold_5:2299928-2299140    -            263 41797at71240         -            417   4.7e-09   35.0   0.0   1   2   1.2e-07   1.4e-05   23.6   0.0    81   171    14   104     2   127 0.59 -
scaffold_5:2299928-2299140    -            263 41797at71240         -            417   4.7e-09   35.0   0.0   2   2     0.002      0.23    9.7   0.1   329   361   206   238   166   263 0.83 -
scaffold_5:1952394-1953314    -            307 41797at71240         -            417   6.8e-09   34.5   0.0   1   1   5.2e-10   6.2e-08   31.3   0.0   126   361    25   277    22   306 0.71 -
scaffold_11:4438308-4437529   -            260 41797at71240         -            417   7.2e-09   34.4   0.2   1   2   2.9e-05    0.0034   15.7   0.1    74   196     4   127     1   159 0.82 -
scaffold_11:4438308-4437529   -            260 41797at71240         -            417   7.2e-09   34.4   0.2   2   2   1.4e-05    0.0016   16.8   0.0   326   380   200   260   190   260 0.81 -
scaffold_5:2297218-2296475    -            248 41797at71240         -            417   8.7e-09   34.1   0.1   1   1   4.2e-10     5e-08   31.6   0.1   138   360     8   247     4   248 0.69 -
scaffold_5:1003017-1002157    -            287 41797at71240         -            417   1.1e-08   33.8   0.0   1   1   1.9e-10   2.3e-08   32.8   0.0   116   361    18   276    11   285 0.80 -
scaffold_5:2750322-2751104    -            261 41797at71240         -            417   1.4e-08   33.5   0.0   1   2   9.5e-09   1.1e-06   27.2   0.0    72   195    28   152     4   165 0.89 -
scaffold_5:2750322-2751104    -            261 41797at71240         -            417   1.4e-08   33.5   0.0   2   2      0.12        14    3.8   0.0   323   358   226   259   220   261 0.80 -
scaffold_11:4433579-4432758   -            274 41797at71240         -            417   2.7e-08   32.5   0.4   1   2   3.9e-06   0.00046   18.6   0.1    43   150    26   131     3   167 0.66 -
scaffold_11:4433579-4432758   -            274 41797at71240         -            417   2.7e-08   32.5   0.4   2   2   0.00034      0.04   12.2   0.0   325   364   213   255   200   269 0.82 -
scaffold_5:9572844-9573605    -            254 41797at71240         -            417   3.1e-08   32.3   0.4   1   3      0.96   1.1e+02    0.8   0.0   302   318    15    31     7    36 0.80 -
scaffold_5:9572844-9573605    -            254 41797at71240         -            417   3.1e-08   32.3   0.4   2   3   7.6e-05     0.009   14.3   0.0    81   172    33   124    29   153 0.87 -
scaffold_5:9572844-9573605    -            254 41797at71240         -            417   3.1e-08   32.3   0.4   3   3   0.00015     0.017   13.4   0.4   319   357   216   254   209   254 0.95 -
scaffold_1:30832851-30833873  -            341 41797at71240         -            417   4.5e-08   31.8   0.0   1   2   3.8e-08   4.5e-06   25.2   0.0    89   218    36   166    26   176 0.81 -
scaffold_1:30832851-30833873  -            341 41797at71240         -            417   4.5e-08   31.8   0.0   2   2     0.099        12    4.1   0.0    43   135   201   296   172   307 0.67 -
scaffold_2:26470677-26469934  -            248 41797at71240         -            417   4.5e-08   31.8   0.0   1   1   5.8e-10   6.9e-08   31.2   0.0    72   207    34   169     8   180 0.84 -
scaffold_11:13738250-13737555 -            232 41797at71240         -            417   4.6e-08   31.8   0.6   1   1   3.7e-09   4.4e-07   28.5   0.5    84   235    71   222    34   224 0.83 -
scaffold_5:2292980-2292213    -            256 41797at71240         -            417   7.6e-08   31.1   0.0   1   2   2.6e-06   0.00031   19.2   0.0   142   242     3   105     1   124 0.89 -
scaffold_5:2292980-2292213    -            256 41797at71240         -            417   7.6e-08   31.1   0.0   2   2    0.0016      0.19   10.0   0.0   321   360   201   238   196   248 0.85 -
scaffold_5:9874669-9873824    -            282 41797at71240         -            417   9.1e-08   30.8   0.0   1   2   3.8e-05    0.0045   15.3   0.0    74   175    38   143    18   149 0.87 -
scaffold_5:9874669-9873824    -            282 41797at71240         -            417   9.1e-08   30.8   0.0   2   2   0.00014     0.017   13.5   0.0    17    95   190   273   180   281 0.75 -
scaffold_5:2454383-2455141    -            253 41797at71240         -            417     1e-07   30.6   0.0   1   1   2.8e-09   3.4e-07   28.9   0.0   128   359     3   251     1   253 0.56 -
scaffold_5:10689059-10690030  -            324 41797at71240         -            417   1.1e-07   30.5   0.1   1   1   1.9e-09   2.3e-07   29.5   0.1   120   361    38   296    14   304 0.78 -
scaffold_11:4442392-4441382   -            337 41797at71240         -            417   2.2e-07   29.5   0.1   1   3   0.00035     0.041   12.2   0.0   131   214    66   151    56   178 0.78 -
scaffold_11:4442392-4441382   -            337 41797at71240         -            417   2.2e-07   29.5   0.1   2   3     0.023       2.8    6.1   0.1    70   149   113   193   111   228 0.81 -
scaffold_11:4442392-4441382   -            337 41797at71240         -            417   2.2e-07   29.5   0.1   3   3   0.00016     0.019   13.3   0.0   326   365   277   319   269   337 0.76 -
scaffold_5:9017483-9017022    -            154 41797at71240         -            417   2.5e-07   29.4   0.0   1   1   2.4e-09   2.8e-07   29.2   0.0    72   184    16   129     8   153 0.86 -
scaffold_10:13277602-13278411 -            270 41797at71240         -            417   2.7e-07   29.3   0.1   1   2   2.2e-05    0.0026   16.1   0.0    72   187     5   117     3   136 0.81 -
scaffold_10:13277602-13278411 -            270 41797at71240         -            417   2.7e-07   29.3   0.1   2   2   0.00071     0.084   11.1   0.1   302   380   183   270   170   270 0.71 -
scaffold_4:15225402-15224596  -            269 41797at71240         -            417   3.3e-07   29.0   0.0   1   1   3.8e-09   4.5e-07   28.5   0.0   145   383     3   264     1   269 0.73 -
scaffold_6:27086517-27085579  -            313 41797at71240         -            417   6.7e-07   27.9   0.0   1   2   3.8e-07   4.5e-05   21.9   0.0    89   217    25   154    11   177 0.85 -
scaffold_6:27086517-27085579  -            313 41797at71240         -            417   6.7e-07   27.9   0.0   2   2     0.099        12    4.1   0.0   322   361   238   277   202   305 0.80 -
scaffold_1:30806632-30807330  -            233 41797at71240         -            417   9.5e-07   27.4   0.0   1   1   1.1e-08   1.3e-06   27.0   0.0    86   199    41   155     8   172 0.90 -
scaffold_5:8996866-8996486    -            127 41797at71240         -            417     2e-06   26.4   0.0   1   1   1.8e-08   2.2e-06   26.2   0.0    73   171    25   124     4   127 0.59 -
scaffold_4:15206224-15205271  -            318 41797at71240         -            417   3.5e-06   25.6   0.1   1   2   5.9e-05     0.007   14.7   0.0   168   245    42   120    28   147 0.83 -
scaffold_4:15206224-15205271  -            318 41797at71240         -            417   3.5e-06   25.6   0.1   2   2    0.0035      0.41    8.9   0.0    55    97   249   291   238   309 0.78 -
scaffold_1:30830570-30831268  -            233 41797at71240         -            417   4.4e-06   25.2   0.0   1   1   5.8e-08   6.9e-06   24.6   0.0    76   200     7   132     2   150 0.91 -
scaffold_1:30794924-30795736  -            271 41797at71240         -            417   4.7e-06   25.1   0.0   1   2     3e-06   0.00035   19.0   0.0    93   197     4   109     1   134 0.59 -
scaffold_1:30794924-30795736  -            271 41797at71240         -            417   4.7e-06   25.1   0.0   2   2       0.1        12    4.0   0.0    57    92   179   220   167   240 0.68 -
scaffold_5:2496522-2495890    -            211 41797at71240         -            417   6.3e-06   24.7   0.0   1   2   3.4e-05     0.004   15.5   0.0   165   246     3    85     1   106 0.85 -
scaffold_5:2496522-2495890    -            211 41797at71240         -            417   6.3e-06   24.7   0.0   2   2    0.0089       1.1    7.5   0.0   326   356   180   210   165   211 0.77 -
scaffold_4:6255586-6254309    -            426 41797at71240         -            417   6.4e-06   24.7   0.1   1   3    0.0027      0.32    9.2   0.0    96   188   128   219   113   226 0.83 -
scaffold_4:6255586-6254309    -            426 41797at71240         -            417   6.4e-06   24.7   0.1   2   3   0.00075     0.089   11.1   0.1   101   212   237   357   230   382 0.67 -
scaffold_4:6255586-6254309    -            426 41797at71240         -            417   6.4e-06   24.7   0.1   3   3   0.00043     0.051   11.8   0.1   302   386   317   410   304   416 0.69 -
scaffold_13:10831434-10830799 -            212 41797at71240         -            417     7e-06   24.6   0.0   1   2   3.6e-06   0.00042   18.7   0.0    89   155    12    78     2   106 0.82 -
scaffold_13:10831434-10830799 -            212 41797at71240         -            417     7e-06   24.6   0.0   2   2      0.12        14    3.8   0.0   334   366   166   198   129   205 0.75 -
scaffold_9:11166861-11167202  -            114 41797at71240         -            417   1.9e-05   23.1   0.5   1   1   1.9e-07   2.2e-05   22.9   0.5   301   369    16    87     5   110 0.74 -
scaffold_4:6260007-6259189    -            273 41797at71240         -            417   2.2e-05   22.9   0.0   1   3     0.022       2.6    6.2   0.0    73   152     3    82     1    89 0.77 -
scaffold_4:6260007-6259189    -            273 41797at71240         -            417   2.2e-05   22.9   0.0   2   3   0.00015     0.017   13.4   0.0    94   211    93   219    83   223 0.77 -
scaffold_4:6260007-6259189    -            273 41797at71240         -            417   2.2e-05   22.9   0.0   3   3   0.00044     0.052   11.8   0.1   302   382   180   269   169   272 0.61 -
scaffold_1:30888986-30888300  -            229 41797at71240         -            417   2.3e-05   22.9   0.0   1   2   3.8e-07   4.5e-05   21.9   0.0    85   200    15   131     2   148 0.87 -
scaffold_1:30888986-30888300  -            229 41797at71240         -            417   2.3e-05   22.9   0.0   2   2       8.4     1e+03   -2.3   0.0    63    87   203   229   190   229 0.70 -
scaffold_1:30926870-30926382  -            163 41797at71240         -            417   3.7e-05   22.2   0.0   1   1   3.6e-07   4.3e-05   22.0   0.0    90   212    35   158    19   163 0.58 -
scaffold_1:30835846-30836481  -            212 41797at71240         -            417   4.9e-05   21.8   0.0   1   2   9.6e-06    0.0011   17.3   0.0    93   198     3   109     1   121 0.77 -
scaffold_1:30835846-30836481  -            212 41797at71240         -            417   4.9e-05   21.8   0.0   2   2      0.28        33    2.6   0.0    56    89   175   211   157   212 0.73 -
scaffold_24:1121300-1120740   -            187 41797at71240         -            417   0.00014   20.3   0.0   1   1   1.5e-06   0.00018   19.9   0.0   125   191   103   170    91   178 0.79 -
scaffold_5:10850637-10849978  -            220 41797at71240         -            417   0.00031   19.1   0.0   1   1   3.4e-06    0.0004   18.8   0.0   128   244    77   195    64   213 0.70 -
scaffold_4:13883838-13883599  -             80 41797at71240         -            417    0.0012   17.2   0.0   1   1   1.1e-05    0.0013   17.0   0.0   163   232     1    71     1    78 0.67 -
#
# Program:         hmmsearch
# Version:         3.3.2 (Nov 2020)
# Pipeline mode:   SEARCH
# Query file:      /scratch/srb67793/Pelargonium/scripts/busco_downloads/lineages/eudicots_odb10/hmms/41797at71240.hmm
# Target file:     /scratch/srb67793/Pelargonium/scripts/scratch/srb67793/Pelargonium/Results2/HiFiASM_OmniC/P_citronellum_hap2-scaffolds-busco/run_eudicots_odb10/metaeuk_output/initial_results/P_citronellum-hap2_scaffolds_final.fa.modified.fas
# Option settings: hmmsearch --domtblout /scratch/srb67793/Pelargonium/scripts/scratch/srb67793/Pelargonium/Results2/HiFiASM_OmniC/P_citronellum_hap2-scaffolds-busco/run_eudicots_odb10/hmmer_output/initial_run_results/41797at71240.out --cpu 1 /scratch/srb67793/Pelargonium/scripts/busco_downloads/lineages/eudicots_odb10/hmms/41797at71240.hmm /scratch/srb67793/Pelargonium/scripts/scratch/srb67793/Pelargonium/Results2/HiFiASM_OmniC/P_citronellum_hap2-scaffolds-busco/run_eudicots_odb10/metaeuk_output/initial_results/P_citronellum-hap2_scaffolds_final.fa.modified.fas 
# Current dir:     /scratch/srb67793/Pelargonium/scripts
# Date:            Fri Jul 19 11:03:47 2024
# [ok]
