#                                                                                     --- full sequence --- -------------- this domain -------------   hmm coord   ali coord   env coord
# target name                 accession   tlen query name           accession   qlen   E-value  score  bias   #  of  c-Evalue  i-Evalue  score  bias  from    to  from    to  from    to  acc description of target
#         ------------------- ---------- ----- -------------------- ---------- ----- --------- ------ ----- --- --- --------- --------- ------ ----- ----- ----- ----- ----- ----- ----- ---- ---------------------
scaffold_2:29531933-29528542  -            701 45877at71240         -            571         0 1148.2  23.0   1   4   4.3e-20     5e-18   63.9   3.0     1    87     3   106     3   109 0.89 -
scaffold_2:29531933-29528542  -            701 45877at71240         -            571         0 1148.2  23.0   2   4     0.077       9.1    3.6   6.1    56    86   112   150   107   154 0.74 -
scaffold_2:29531933-29528542  -            701 45877at71240         -            571         0 1148.2  23.0   3   4   1.2e-63   1.4e-61  207.6   0.1    58   179   153   278   151   282 0.95 -
scaffold_2:29531933-29528542  -            701 45877at71240         -            571         0 1148.2  23.0   4   4  8.9e-266  1.1e-263  875.0   0.0   177   571   306   701   296   701 0.99 -
scaffold_1:33062603-33073292  -            904 45877at71240         -            571   1.3e-20   72.4   5.5   1   4   0.00076      0.09   10.2   0.2   215   329   146   254   105   254 0.77 -
scaffold_1:33062603-33073292  -            904 45877at71240         -            571   1.3e-20   72.4   5.5   2   4   9.5e-08   1.1e-05   23.1   0.1   236   327   207   295   193   303 0.84 -
scaffold_1:33062603-33073292  -            904 45877at71240         -            571   1.3e-20   72.4   5.5   3   4   1.7e-06    0.0002   19.0   0.1   210   330   380   504   373   539 0.85 -
scaffold_1:33062603-33073292  -            904 45877at71240         -            571   1.3e-20   72.4   5.5   4   4   1.3e-09   1.6e-07   29.2   0.1   297   368   554   620   548   625 0.81 -
scaffold_6:18911169-18912050  -            294 45877at71240         -            571   1.6e-20   72.1   2.1   1   3     4e-08   4.8e-06   24.3   0.1   258   339     8    87     3    94 0.89 -
scaffold_6:18911169-18912050  -            294 45877at71240         -            571   1.6e-20   72.1   2.1   2   3   7.9e-06   0.00093   16.8   0.2   258   333    93   165    83   171 0.80 -
scaffold_6:18911169-18912050  -            294 45877at71240         -            571   1.6e-20   72.1   2.1   3   3   9.1e-14   1.1e-11   43.0   0.4   223   417   107   288   106   291 0.80 -
scaffold_2:27355908-27357551  -            306 45877at71240         -            571   3.8e-20   70.9   8.1   1   3   0.00012     0.014   12.9   0.1   296   329    16    49    10    57 0.90 -
scaffold_2:27355908-27357551  -            306 45877at71240         -            571   3.8e-20   70.9   8.1   2   3   0.00012     0.014   12.9   0.3   297   339    59   101    50   103 0.91 -
scaffold_2:27355908-27357551  -            306 45877at71240         -            571   3.8e-20   70.9   8.1   3   3   9.7e-14   1.1e-11   42.9   0.4   203   412   102   294   102   303 0.78 -
scaffold_6:22221793-22224744  -            272 45877at71240         -            571   6.1e-19   66.9   5.5   1   5   0.00089       0.1   10.0   0.1   302   328     3    29     1    38 0.89 -
scaffold_6:22221793-22224744  -            272 45877at71240         -            571   6.1e-19   66.9   5.5   2   5   2.3e-06   0.00028   18.5   0.1   295   330    47    82    37    91 0.87 -
scaffold_6:22221793-22224744  -            272 45877at71240         -            571   6.1e-19   66.9   5.5   3   5   0.00039     0.047   11.2   0.0   297   330    91   124    87   133 0.66 -
scaffold_6:22221793-22224744  -            272 45877at71240         -            571   6.1e-19   66.9   5.5   4   5   1.4e-07   1.6e-05   22.6   0.0   297   364   133   198   129   207 0.85 -
scaffold_6:22221793-22224744  -            272 45877at71240         -            571   6.1e-19   66.9   5.5   5   5     0.073       8.6    3.7   0.0   265   327   211   272   202   272 0.59 -
scaffold_4:3548416-3554754    -            939 45877at71240         -            571   6.4e-17   60.2  12.7   1   6   4.8e-08   5.7e-06   24.1   0.1   233   329    43   135    31   143 0.89 -
scaffold_4:3548416-3554754    -            939 45877at71240         -            571   6.4e-17   60.2  12.7   2   6    0.0032      0.38    8.2   0.1   296   332   144   180   139   212 0.74 -
scaffold_4:3548416-3554754    -            939 45877at71240         -            571   6.4e-17   60.2  12.7   3   6    0.0091       1.1    6.7   0.1   293   328   394   428   359   440 0.84 -
scaffold_4:3548416-3554754    -            939 45877at71240         -            571   6.4e-17   60.2  12.7   4   6     0.073       8.7    3.7   0.0   211   334   445   569   436   576 0.69 -
scaffold_4:3548416-3554754    -            939 45877at71240         -            571   6.4e-17   60.2  12.7   5   6     9e-06    0.0011   16.6   0.2   255   331   577   650   565   655 0.88 -
scaffold_4:3548416-3554754    -            939 45877at71240         -            571   6.4e-17   60.2  12.7   6   6     0.026       3.1    5.1   0.0   100   133   656   689   650   693 0.83 -
scaffold_8:23258397-23264118  -            887 45877at71240         -            571   7.5e-16   56.7   0.4   1   4    0.0017       0.2    9.1   0.0   255   328    93   169    56   180 0.78 -
scaffold_8:23258397-23264118  -            887 45877at71240         -            571   7.5e-16   56.7   0.4   2   4     4e-09   4.8e-07   27.6   0.0   257   333   379   452   356   459 0.89 -
scaffold_8:23258397-23264118  -            887 45877at71240         -            571   7.5e-16   56.7   0.4   3   4   4.5e-05    0.0054   14.3   0.1   260   357   467   558   455   566 0.77 -
scaffold_8:23258397-23264118  -            887 45877at71240         -            571   7.5e-16   56.7   0.4   4   4       0.2        24    2.2   0.0   299   328   545   574   539   578 0.87 -
scaffold_5:2080711-2091202    -            494 45877at71240         -            571   1.6e-15   55.6   1.5   1   3     0.011       1.3    6.4   0.0   304   337   198   233   186   244 0.80 -
scaffold_5:2080711-2091202    -            494 45877at71240         -            571   1.6e-15   55.6   1.5   2   3   5.5e-11   6.5e-09   33.8   0.1   257   332   246   319   241   326 0.90 -
scaffold_5:2080711-2091202    -            494 45877at71240         -            571   1.6e-15   55.6   1.5   3   3   0.00016     0.019   12.5   0.0   297   339   326   367   323   375 0.82 -
scaffold_1:11229432-11241506  -            469 45877at71240         -            571   1.3e-13   49.4   0.4   1   3   0.00013     0.015   12.8   0.0   295   336   121   162   108   171 0.87 -
scaffold_1:11229432-11241506  -            469 45877at71240         -            571   1.3e-13   49.4   0.4   2   3   2.4e-07   2.9e-05   21.8   0.0   103   182   182   258   172   264 0.90 -
scaffold_1:11229432-11241506  -            469 45877at71240         -            571   1.3e-13   49.4   0.4   3   3   0.00038     0.045   11.2   0.1   266   330   317   380   298   422 0.75 -
scaffold_5:17332408-17325356  -            435 45877at71240         -            571   1.8e-13   48.8   4.3   1   2     9e-10   1.1e-07   29.8   1.9   141   332    32   223    28   238 0.77 -
scaffold_5:17332408-17325356  -            435 45877at71240         -            571   1.8e-13   48.8   4.3   2   2   1.2e-05    0.0014   16.2   0.0   277   347   291   359   267   422 0.83 -
scaffold_10:6528852-6526079   -            514 45877at71240         -            571     2e-13   48.7   5.0   1   3     1e-06   0.00012   19.7   0.0   295   387   216   310   206   311 0.77 -
scaffold_10:6528852-6526079   -            514 45877at71240         -            571     2e-13   48.7   5.0   2   3   1.5e-06   0.00018   19.1   0.4   259   360   310   404   304   412 0.83 -
scaffold_10:6528852-6526079   -            514 45877at71240         -            571     2e-13   48.7   5.0   3   3   0.00035     0.041   11.4   0.2   233   334   415   512   398   514 0.79 -
scaffold_1:35224385-35225218  -            278 45877at71240         -            571   2.1e-12   45.3  12.8   1   4   8.2e-07   9.7e-05   20.0   2.0   220   331     8   111     3   127 0.79 -
scaffold_1:35224385-35225218  -            278 45877at71240         -            571   2.1e-12   45.3  12.8   2   4   9.3e-09   1.1e-06   26.5   0.6   267   363    92   181    83   185 0.82 -
scaffold_1:35224385-35225218  -            278 45877at71240         -            571   2.1e-12   45.3  12.8   3   4   1.2e-06   0.00014   19.5   0.1   263   360   129   224   122   228 0.74 -
scaffold_1:35224385-35225218  -            278 45877at71240         -            571   2.1e-12   45.3  12.8   4   4     0.023       2.8    5.3   0.2   222   282   224   278   217   278 0.62 -
scaffold_2:22456045-22455158  -            296 45877at71240         -            571   1.6e-11   42.4   9.5   1   3   1.8e-06   0.00022   18.9   1.6   218   331    24   129    10   144 0.81 -
scaffold_2:22456045-22455158  -            296 45877at71240         -            571   1.6e-11   42.4   9.5   2   3   3.5e-07   4.1e-05   21.2   0.1   261   363   145   245   136   247 0.79 -
scaffold_2:22456045-22455158  -            296 45877at71240         -            571   1.6e-11   42.4   9.5   3   3     0.015       1.8    5.9   0.2   222   282   242   296   236   296 0.72 -
scaffold_8:2002982-2002323    -            220 45877at71240         -            571   1.7e-11   42.3   1.2   1   1   6.5e-13   7.7e-11   40.2   0.7   205   366    12   164     6   167 0.85 -
scaffold_1:15345276-15345809  -            178 45877at71240         -            571   1.2e-10   39.6   2.9   1   3   0.00011     0.013   13.0   0.1   298   328    10    40     5    53 0.87 -
scaffold_1:15345276-15345809  -            178 45877at71240         -            571   1.2e-10   39.6   2.9   2   3   4.1e-05    0.0048   14.4   0.0   297   338    53    98    48   112 0.72 -
scaffold_1:15345276-15345809  -            178 45877at71240         -            571   1.2e-10   39.6   2.9   3   3   8.8e-05      0.01   13.3   0.1   258   330   103   170    93   177 0.87 -
scaffold_2:14411128-14411634  -            169 45877at71240         -            571   3.9e-10   37.8   3.4   1   3   0.00023     0.027   12.0   0.1   299   328     2    31     1    44 0.90 -
scaffold_2:14411128-14411634  -            169 45877at71240         -            571   3.9e-10   37.8   3.4   2   3   0.00014     0.016   12.7   0.0   297   333    44    82    39    95 0.82 -
scaffold_2:14411128-14411634  -            169 45877at71240         -            571   3.9e-10   37.8   3.4   3   3   7.1e-05    0.0084   13.6   0.1   258   330    94   161    83   168 0.86 -
scaffold_6:24092044-24091052  -            331 45877at71240         -            571   1.6e-09   35.8   2.7   1   4      0.35        42    1.4   0.0   115   140    57    82    31   106 0.71 -
scaffold_6:24092044-24091052  -            331 45877at71240         -            571   1.6e-09   35.8   2.7   2   4   5.6e-05    0.0067   14.0   0.3   298   333   119   154   109   161 0.88 -
scaffold_6:24092044-24091052  -            331 45877at71240         -            571   1.6e-09   35.8   2.7   3   4   1.5e-05    0.0017   15.9   0.0   296   382   159   240   152   245 0.81 -
scaffold_6:24092044-24091052  -            331 45877at71240         -            571   1.6e-09   35.8   2.7   4   4      0.39        46    1.3   0.0   100   136   248   282   241   292 0.79 -
scaffold_5:4122040-4124713    -            505 45877at71240         -            571   4.1e-09   34.5   8.7   1   3   2.5e-05     0.003   15.1   0.4   296   376   217   299   206   304 0.61 -
scaffold_5:4122040-4124713    -            505 45877at71240         -            571   4.1e-09   34.5   8.7   2   3   1.1e-05    0.0013   16.3   1.7   203   318   261   366   255   383 0.80 -
scaffold_5:4122040-4124713    -            505 45877at71240         -            571   4.1e-09   34.5   8.7   3   3     0.034         4    4.8   0.0   203   235   471   503   465   505 0.91 -
scaffold_6:30834430-30836902  -            281 45877at71240         -            571   1.1e-08   33.1   0.7   1   3     0.083       9.8    3.5   0.0   296   328    14    46     7    58 0.71 -
scaffold_6:30834430-30836902  -            281 45877at71240         -            571   1.1e-08   33.1   0.7   2   3   1.4e-06   0.00017   19.2   0.1   271   342    75   144    56   154 0.83 -
scaffold_6:30834430-30836902  -            281 45877at71240         -            571   1.1e-08   33.1   0.7   3   3     0.022       2.6    5.4   0.1   303   341   184   221   147   272 0.55 -
scaffold_10:11428763-11424031 -            382 45877at71240         -            571   1.3e-08   32.8   2.3   1   2   1.7e-07   2.1e-05   22.2   0.2   203   306    14   115    10   139 0.84 -
scaffold_10:11428763-11424031 -            382 45877at71240         -            571   1.3e-08   32.8   2.3   2   2    0.0016      0.19    9.1   0.1   222   361   236   364   227   378 0.74 -
scaffold_11:8385727-8381009   -            293 45877at71240         -            571   1.6e-08   32.6   0.2   1   2   1.8e-09   2.1e-07   28.8   0.3   257   358    21   120    11   145 0.83 -
scaffold_11:8385727-8381009   -            293 45877at71240         -            571   1.6e-08   32.6   0.2   2   2      0.37        44    1.3   0.0   251   288   218   255   212   276 0.89 -
scaffold_7:24608051-24607401  -            217 45877at71240         -            571   1.6e-08   32.5   1.7   1   4   0.00013     0.015   12.8   0.2   299   333     1    35     1    40 0.92 -
scaffold_7:24608051-24607401  -            217 45877at71240         -            571   1.6e-08   32.5   1.7   2   4   7.8e-05    0.0092   13.5   0.0   296   365    40   111    33   124 0.78 -
scaffold_7:24608051-24607401  -            217 45877at71240         -            571   1.6e-08   32.5   1.7   3   4     0.077       9.1    3.6   0.0    95   133   124   160   119   172 0.79 -
scaffold_7:24608051-24607401  -            217 45877at71240         -            571   1.6e-08   32.5   1.7   4   4       3.4     4e+02   -1.8   0.0   314   328   198   212   179   215 0.80 -
scaffold_8:18532374-18531682  -            231 45877at71240         -            571   4.7e-08   31.0   0.2   1   2   2.2e-06   0.00026   18.6   0.0   102   187    68   149    62   154 0.80 -
scaffold_8:18532374-18531682  -            231 45877at71240         -            571   4.7e-08   31.0   0.2   2   2    0.0006     0.071   10.6   0.0   101   143   152   193   147   208 0.81 -
scaffold_1:28969026-28968367  -            220 45877at71240         -            571   1.1e-07   29.8   3.6   1   3   4.7e-07   5.5e-05   20.8   1.0   220   330    13   117     9   129 0.78 -
scaffold_1:28969026-28968367  -            220 45877at71240         -            571   1.1e-07   29.8   3.6   2   3     0.014       1.6    6.1   0.0   100   151   128   176   121   186 0.79 -
scaffold_1:28969026-28968367  -            220 45877at71240         -            571   1.1e-07   29.8   3.6   3   3      0.56        66    0.8   0.0   309   329   191   211   182   217 0.82 -
scaffold_2:26522567-26521788  -            260 45877at71240         -            571   2.8e-07   28.4   0.0   1   1   3.1e-09   3.7e-07   28.0   0.0   201   357    60   213    17   224 0.79 -
scaffold_2:4979178-4980059    -            294 45877at71240         -            571   3.1e-07   28.3   9.0   1   5      0.44        52    1.1   0.0   100   136     3    37     2    58 0.77 -
scaffold_2:4979178-4980059    -            294 45877at71240         -            571   3.1e-07   28.3   9.0   2   5       1.4   1.6e+02   -0.5   0.0   220   244    71    95    54   109 0.81 -
scaffold_2:4979178-4980059    -            294 45877at71240         -            571   3.1e-07   28.3   9.0   3   5   7.8e-05    0.0093   13.5   0.5   298   356   132   188   123   194 0.71 -
scaffold_2:4979178-4980059    -            294 45877at71240         -            571   3.1e-07   28.3   9.0   4   5   1.5e-05    0.0017   15.9   0.2   259   329   181   251   178   259 0.85 -
scaffold_2:4979178-4980059    -            294 45877at71240         -            571   3.1e-07   28.3   9.0   5   5      0.87     1e+02    0.1   0.0   101   132   263   292   256   294 0.77 -
scaffold_1:1676831-1682279    -            512 45877at71240         -            571   3.6e-07   28.1   3.1   1   3   1.1e-05    0.0013   16.3   0.2   297   385   219   300   206   335 0.69 -
scaffold_1:1676831-1682279    -            512 45877at71240         -            571   3.6e-07   28.1   3.1   2   3     0.037       4.4    4.6   0.1   213   347   316   441   301   462 0.66 -
scaffold_1:1676831-1682279    -            512 45877at71240         -            571   3.6e-07   28.1   3.1   3   3     0.014       1.6    6.1   0.0   203   234   478   509   460   511 0.89 -
scaffold_10:929068-930099     -            344 45877at71240         -            571   6.6e-07   27.2   0.3   1   2   1.2e-07   1.4e-05   22.8   0.1   219   340   100   218    85   246 0.82 -
scaffold_10:929068-930099     -            344 45877at71240         -            571   6.6e-07   27.2   0.3   2   2      0.17        20    2.5   0.0   154   179   270   296   259   302 0.78 -
scaffold_4:15285481-15286434  -            318 45877at71240         -            571     9e-07   26.7   0.2   1   2   1.6e-05    0.0019   15.8   0.2   228   287     1    56     1    64 0.89 -
scaffold_4:15285481-15286434  -            318 45877at71240         -            571     9e-07   26.7   0.2   2   2    0.0018      0.22    9.0   0.0   302   344   173   216   131   223 0.86 -
scaffold_2:1634686-1635300    -            205 45877at71240         -            571   1.5e-06   26.0   1.1   1   2   1.1e-05    0.0013   16.3   0.9   222   331    15   118    11   132 0.78 -
scaffold_2:1634686-1635300    -            205 45877at71240         -            571   1.5e-06   26.0   1.1   2   2    0.0078      0.93    6.9   0.0   100   158   128   182   121   188 0.80 -
scaffold_1:27960643-27958966  -            556 45877at71240         -            571     2e-06   25.6   5.6   1   3    0.0039      0.46    7.9   0.1   264   329   362   425   343   468 0.76 -
scaffold_1:27960643-27958966  -            556 45877at71240         -            571     2e-06   25.6   5.6   2   3    0.0012      0.15    9.5   0.4   218   333   407   519   372   532 0.64 -
scaffold_1:27960643-27958966  -            556 45877at71240         -            571     2e-06   25.6   5.6   3   3      0.46        54    1.0   0.1   204   234   526   556   518   556 0.77 -
scaffold_2:2408468-2410228    -            587 45877at71240         -            571   2.2e-06   25.5   5.2   1   5     0.004      0.48    7.8   0.0   202   238   293   329   277   336 0.75 -
scaffold_2:2408468-2410228    -            587 45877at71240         -            571   2.2e-06   25.5   5.2   2   5     0.022       2.6    5.4   0.1   298   339   339   379   336   433 0.62 -
scaffold_2:2408468-2410228    -            587 45877at71240         -            571   2.2e-06   25.5   5.2   3   5     0.004      0.47    7.9   0.1   265   329   395   456   373   496 0.76 -
scaffold_2:2408468-2410228    -            587 45877at71240         -            571   2.2e-06   25.5   5.2   4   5   0.00047     0.055   10.9   0.1   220   334   440   551   425   564 0.79 -
scaffold_2:2408468-2410228    -            587 45877at71240         -            571   2.2e-06   25.5   5.2   5   5       2.4   2.9e+02   -1.4   0.1   208   234   560   587   545   587 0.77 -
scaffold_6:6674222-6680060    -            432 45877at71240         -            571   2.3e-06   25.4   0.5   1   2    0.0098       1.2    6.6   0.0   296   316    86   106    80   145 0.91 -
scaffold_6:6674222-6680060    -            432 45877at71240         -            571   2.3e-06   25.4   0.5   2   2   6.2e-06   0.00073   17.1   0.3   200   309   288   401   229   428 0.66 -
scaffold_1:2684960-2684286    -            225 45877at71240         -            571   4.9e-06   24.3   5.5   1   3       4.3   5.1e+02   -2.2   0.0   222   244    48    70    44    86 0.75 -
scaffold_1:2684960-2684286    -            225 45877at71240         -            571   4.9e-06   24.3   5.5   2   3   4.4e-05    0.0052   14.3   0.6   298   342   107   154    99   162 0.77 -
scaffold_1:2684960-2684286    -            225 45877at71240         -            571   4.9e-06   24.3   5.5   3   3   0.00022     0.026   12.0   0.4   258   328   155   225   151   225 0.86 -
scaffold_7:5029190-5033182    -            438 45877at71240         -            571   7.3e-06   23.7   1.3   1   3   0.00038     0.045   11.2   0.3   258   365   144   248   135   249 0.78 -
scaffold_7:5029190-5033182    -            438 45877at71240         -            571   7.3e-06   23.7   1.3   2   3    0.0078      0.92    6.9   0.0   212   252   233   269   227   328 0.61 -
scaffold_7:5029190-5033182    -            438 45877at71240         -            571   7.3e-06   23.7   1.3   3   3     0.025       2.9    5.2   0.0   307   332   374   399   361   433 0.68 -
scaffold_9:2750920-2750276    -            215 45877at71240         -            571   7.8e-06   23.6   0.7   1   3       1.6   1.8e+02   -0.7   0.0   225   242     2    19     1    39 0.68 -
scaffold_9:2750920-2750276    -            215 45877at71240         -            571   7.8e-06   23.6   0.7   2   3   3.2e-07   3.8e-05   21.4   0.1   221   329    39   146    29   161 0.80 -
scaffold_9:2750920-2750276    -            215 45877at71240         -            571   7.8e-06   23.6   0.7   3   3       2.2   2.7e+02   -1.2   0.0   222   236   186   200   179   208 0.59 -
scaffold_2:14784413-14790433  -            937 45877at71240         -            571   8.5e-06   23.5   0.1   1   1   5.6e-06   0.00066   17.3   0.0    94   334    52   273    42   282 0.79 -
scaffold_11:9897483-9894495   -            236 45877at71240         -            571   9.2e-06   23.4   0.1   1   2   6.5e-07   7.7e-05   20.4   0.0   268   331    10    71     5    98 0.82 -
scaffold_11:9897483-9894495   -            236 45877at71240         -            571   9.2e-06   23.4   0.1   2   2       0.5        59    0.9   0.0   218   272   172   222   153   234 0.69 -
scaffold_5:14432457-14432972  -            172 45877at71240         -            571   9.2e-06   23.4   0.9   1   2     0.001      0.12    9.8   0.2   276   330    14    65     4    73 0.86 -
scaffold_5:14432457-14432972  -            172 45877at71240         -            571   9.2e-06   23.4   0.9   2   2   5.6e-07   6.6e-05   20.6   0.6   259   336    39   113    33   131 0.86 -
scaffold_8:2390530-2391492    -            321 45877at71240         -            571   1.1e-05   23.1   0.2   1   1   3.3e-06    0.0004   18.0   0.2    87   328    26   270    19   287 0.63 -
scaffold_2:15930920-15936009  -            511 45877at71240         -            571   1.2e-05   23.1   0.2   1   5         2   2.4e+02   -1.1   0.0   301   332   157   188   138   206 0.70 -
scaffold_2:15930920-15936009  -            511 45877at71240         -            571   1.2e-05   23.1   0.2   2   5   0.00064     0.076   10.5   0.2   292   335   209   251   155   257 0.85 -
scaffold_2:15930920-15936009  -            511 45877at71240         -            571   1.2e-05   23.1   0.2   3   5     0.023       2.7    5.4   0.0   103   134   257   288   252   297 0.61 -
scaffold_2:15930920-15936009  -            511 45877at71240         -            571   1.2e-05   23.1   0.2   4   5       3.5   4.1e+02   -1.9   0.0   266   284   352   369   308   383 0.58 -
scaffold_2:15930920-15936009  -            511 45877at71240         -            571   1.2e-05   23.1   0.2   5   5      0.35        42    1.4   0.0   312   367   432   487   409   507 0.73 -
scaffold_10:4316917-4317573   -            219 45877at71240         -            571   1.2e-05   23.0   1.1   1   3      0.12        14    2.9   0.0   296   334     3    41     2    61 0.79 -
scaffold_10:4316917-4317573   -            219 45877at71240         -            571   1.2e-05   23.0   1.1   2   3    0.0097       1.2    6.6   0.1   298   331    62    95    56   124 0.88 -
scaffold_10:4316917-4317573   -            219 45877at71240         -            571   1.2e-05   23.0   1.1   3   3    0.0004     0.048   11.1   0.1   290   335   146   191   107   203 0.78 -
scaffold_10:12433403-12434314 -            304 45877at71240         -            571   2.5e-05   22.0   4.8   1   4      0.65        77    0.5   0.0   221   238    37    54    29    64 0.86 -
scaffold_10:12433403-12434314 -            304 45877at71240         -            571   2.5e-05   22.0   4.8   2   4   0.00067     0.079   10.4   0.2   298   364    94   156    85   159 0.78 -
scaffold_10:12433403-12434314 -            304 45877at71240         -            571   2.5e-05   22.0   4.8   3   4     0.014       1.6    6.1   0.0    98   135   221   256   210   266 0.79 -
scaffold_10:12433403-12434314 -            304 45877at71240         -            571   2.5e-05   22.0   4.8   4   4      0.92   1.1e+02    0.0   0.0   101   132   266   302   258   304 0.57 -
scaffold_4:25422357-25414657  -            461 45877at71240         -            571   2.9e-05   21.8   0.3   1   2   4.8e-06   0.00057   17.5   0.1   269   331   164   224   158   265 0.76 -
scaffold_4:25422357-25414657  -            461 45877at71240         -            571   2.9e-05   21.8   0.3   2   2      0.29        34    1.7   0.0   218   283   395   456   376   460 0.82 -
scaffold_3:35952215-35953207  -            331 45877at71240         -            571   3.9e-05   21.3   2.2   1   2   5.8e-06   0.00069   17.2   0.5   220   340    85   202    78   228 0.84 -
scaffold_3:35952215-35953207  -            331 45877at71240         -            571   3.9e-05   21.3   2.2   2   2      0.13        15    2.9   0.0   154   182   254   283   236   294 0.72 -
scaffold_4:34812797-34803840  -            460 45877at71240         -            571   4.1e-05   21.3   0.3   1   2   2.3e-06   0.00028   18.5   0.1   269   362   162   249   155   261 0.72 -
scaffold_4:34812797-34803840  -            460 45877at71240         -            571   4.1e-05   21.3   0.3   2   2      0.77        91    0.3   0.0   328   328   358   358   266   458 0.47 -
scaffold_1:10607252-10602126  -            518 45877at71240         -            571     7e-05   20.5   1.8   1   4      0.83        98    0.2   0.0   295   333   154   191   136   199 0.73 -
scaffold_1:10607252-10602126  -            518 45877at71240         -            571     7e-05   20.5   1.8   2   4   7.8e-06   0.00092   16.8   0.5   231   330   194   296   158   307 0.74 -
scaffold_1:10607252-10602126  -            518 45877at71240         -            571     7e-05   20.5   1.8   3   4       1.5   1.8e+02   -0.7   0.0   222   236   362   376   347   390 0.66 -
scaffold_1:10607252-10602126  -            518 45877at71240         -            571     7e-05   20.5   1.8   4   4       4.1   4.9e+02   -2.1   0.0   270   288   442   460   428   494 0.47 -
scaffold_4:4842883-4841909    -            325 45877at71240         -            571   9.6e-05   20.0   0.8   1   2   6.5e-06   0.00077   17.1   0.2   223   341    79   194    72   228 0.82 -
scaffold_4:4842883-4841909    -            325 45877at71240         -            571   9.6e-05   20.0   0.8   2   2      0.38        45    1.3   0.0   154   178   245   270   227   281 0.69 -
scaffold_11:11316254-11315790 -            155 45877at71240         -            571   0.00013   19.6   0.1   1   2   4.6e-06   0.00054   17.6   0.0   202   238     6    41     2    52 0.84 -
scaffold_11:11316254-11315790 -            155 45877at71240         -            571   0.00013   19.6   0.1   2   2       1.2   1.4e+02   -0.3   0.0   126   169    99   144    86   151 0.65 -
scaffold_9:15946047-15945550  -            166 45877at71240         -            571   0.00015   19.4   0.2   1   2   5.2e-06   0.00061   17.4   0.0   202   238     6    41     2    52 0.84 -
scaffold_9:15946047-15945550  -            166 45877at71240         -            571   0.00015   19.4   0.2   2   2       1.1   1.3e+02   -0.2   0.0   126   170    99   145    86   156 0.65 -
scaffold_2:22477210-22477947  -            246 45877at71240         -            571    0.0002   19.0   2.6   1   4      0.64        76    0.6   0.0   293   331     7    45     4    72 0.72 -
scaffold_2:22477210-22477947  -            246 45877at71240         -            571    0.0002   19.0   2.6   2   4      0.17        20    2.5   0.0   299   339    86   124    79   141 0.66 -
scaffold_2:22477210-22477947  -            246 45877at71240         -            571    0.0002   19.0   2.6   3   4   7.5e-05    0.0089   13.5   0.6   270   330   142   207   106   216 0.77 -
scaffold_2:22477210-22477947  -            246 45877at71240         -            571    0.0002   19.0   2.6   4   4       2.2   2.7e+02   -1.2   0.0   102   132   218   246   211   246 0.74 -
scaffold_4:2308613-2310318    -            301 45877at71240         -            571    0.0002   19.0  16.2   1   3     0.045       5.3    4.4   0.4   102   154     8    55     2    64 0.72 -
scaffold_4:2308613-2310318    -            301 45877at71240         -            571    0.0002   19.0  16.2   2   3     5e-05     0.006   14.1   2.8   204   331    53   194    45   220 0.70 -
scaffold_4:2308613-2310318    -            301 45877at71240         -            571    0.0002   19.0  16.2   3   3    0.0078      0.93    6.9   2.7   218   283   224   286   211   296 0.86 -
scaffold_5:9049247-9048324    -            308 45877at71240         -            571   0.00021   18.9   8.3   1   4       6.9   8.2e+02   -2.8   0.0   221   237    43    59    35    75 0.64 -
scaffold_5:9049247-9048324    -            308 45877at71240         -            571   0.00021   18.9   8.3   2   4     0.018       2.2    5.7   0.1   299   343   102   146    94   151 0.80 -
scaffold_5:9049247-9048324    -            308 45877at71240         -            571   0.00021   18.9   8.3   3   4     1e-05    0.0012   16.4   2.0   219   328   153   260   147   272 0.89 -
scaffold_5:9049247-9048324    -            308 45877at71240         -            571   0.00021   18.9   8.3   4   4       4.8   5.6e+02   -2.3   0.0   312   327   293   308   270   308 0.75 -
scaffold_5:1358269-1362649    -            548 45877at71240         -            571   0.00028   18.5   0.2   1   2   2.3e-06   0.00028   18.5   0.2   257   348    67   159    28   180 0.78 -
scaffold_5:1358269-1362649    -            548 45877at71240         -            571   0.00028   18.5   0.2   2   2       7.6     9e+02   -3.0   0.2    52    85   409   442   403   451 0.79 -
scaffold_9:2553653-2554555    -            301 45877at71240         -            571   0.00031   18.4  15.2   1   4    0.0066      0.78    7.1   0.1   102   133     8    39     2    51 0.88 -
scaffold_9:2553653-2554555    -            301 45877at71240         -            571   0.00031   18.4  15.2   2   4   0.00066     0.078   10.4   1.3   199   309    48   158    41   209 0.70 -
scaffold_9:2553653-2554555    -            301 45877at71240         -            571   0.00031   18.4  15.2   3   4      0.19        22    2.3   0.0   119   163   177   220   164   223 0.79 -
scaffold_9:2553653-2554555    -            301 45877at71240         -            571   0.00031   18.4  15.2   4   4    0.0083      0.98    6.8   2.9   218   283   224   286   208   295 0.84 -
scaffold_8:22849582-22849815  -             78 45877at71240         -            571   0.00059   17.4   0.1   1   1     6e-06   0.00071   17.2   0.1   296   367     3    72     2    77 0.87 -
scaffold_2:23050161-23050706  -            182 45877at71240         -            571   0.00092   16.8   0.0   1   1   1.1e-05    0.0014   16.2   0.0   275   335    30    91     7    97 0.63 -
scaffold_7:9330853-9338593    -            783 45877at71240         -            571   0.00093   16.8   5.1   1   4     0.047       5.6    4.3   0.0   180   236    84   144    38   158 0.47 -
scaffold_7:9330853-9338593    -            783 45877at71240         -            571   0.00093   16.8   5.1   2   4       2.1   2.5e+02   -1.1   0.0   296   329   212   253   180   262 0.75 -
scaffold_7:9330853-9338593    -            783 45877at71240         -            571   0.00093   16.8   5.1   3   4     0.011       1.3    6.4   0.2   220   326   322   431   313   446 0.82 -
scaffold_7:9330853-9338593    -            783 45877at71240         -            571   0.00093   16.8   5.1   4   4      0.02       2.4    5.5   0.0   258   287   641   670   617   721 0.67 -
scaffold_10:633146-632637     -            170 45877at71240         -            571    0.0019   15.8   0.4   1   3   0.00039     0.046   11.2   0.0   297   331     2    36     1    72 0.68 -
scaffold_10:633146-632637     -            170 45877at71240         -            571    0.0019   15.8   0.4   2   3      0.21        25    2.2   0.0   261   317    62   114    52   151 0.67 -
scaffold_10:633146-632637     -            170 45877at71240         -            571    0.0019   15.8   0.4   3   3       2.5     3e+02   -1.4   0.0   262   283   148   169   138   170 0.57 -
scaffold_2:54265-54074        -             64 45877at71240         -            571    0.0022   15.5   0.0   1   1   2.5e-05     0.003   15.1   0.0   299   363     1    62     1    64 0.82 -
scaffold_2:25984919-25987709  -            390 45877at71240         -            571    0.0032   15.0   0.2   1   3   0.00059     0.069   10.6   0.0   296   335    75   116    46   123 0.80 -
scaffold_2:25984919-25987709  -            390 45877at71240         -            571    0.0032   15.0   0.2   2   3      0.22        26    2.1   0.0   300   380   124   196   117   202 0.58 -
scaffold_2:25984919-25987709  -            390 45877at71240         -            571    0.0032   15.0   0.2   3   3      0.87     1e+02    0.1   0.1   297   329   164   197   145   220 0.77 -
scaffold_1:36955423-36966326  -           1555 45877at71240         -            571    0.0035   14.9   0.7   1   2   0.00035     0.041   11.3   0.0   287   338  1126  1179  1099  1195 0.85 -
scaffold_1:36955423-36966326  -           1555 45877at71240         -            571    0.0035   14.9   0.7   2   2       0.5        60    0.9   0.1   298   327  1524  1554  1517  1555 0.83 -
scaffold_14:4046804-4039727   -            474 45877at71240         -            571    0.0052   14.3   0.3   1   2   0.00013     0.015   12.8   0.1   281   331   219   273   170   280 0.76 -
scaffold_14:4046804-4039727   -            474 45877at71240         -            571    0.0052   14.3   0.3   2   2       3.6   4.3e+02   -1.9   0.0   158   170   289   301   283   349 0.59 -
scaffold_136:55858-48739      -            449 45877at71240         -            571    0.0053   14.3   0.5   1   2   0.00012     0.014   12.9   0.1   281   331   190   244   141   251 0.76 -
scaffold_136:55858-48739      -            449 45877at71240         -            571    0.0053   14.3   0.5   2   2       6.4   7.6e+02   -2.7   0.0   156   170   258   272   254   288 0.78 -
scaffold_4:5585889-5586374    -            162 45877at71240         -            571    0.0065   14.0   0.0   1   1   6.7e-05    0.0079   13.7   0.0   100   173    47   121    12   138 0.80 -
scaffold_2:18857380-18857006  -            125 45877at71240         -            571    0.0067   14.0   0.1   1   2      0.65        77    0.5   0.0   264   329     7    70     1    75 0.63 -
scaffold_2:18857380-18857006  -            125 45877at71240         -            571    0.0067   14.0   0.1   2   2   0.00034      0.04   11.4   0.0   201   241    78   118    73   123 0.73 -
scaffold_1:83460-83636        -             59 45877at71240         -            571    0.0074   13.8   0.0   1   1   8.3e-05    0.0098   13.4   0.0   306   363     3    57     1    59 0.79 -
scaffold_5:12660120-12659467  -            218 45877at71240         -            571    0.0098   13.4   2.9   1   4      0.02       2.3    5.5   0.2   299   347     6    50     2    74 0.69 -
scaffold_5:12660120-12659467  -            218 45877at71240         -            571    0.0098   13.4   2.9   2   4      0.18        22    2.4   0.0   296   328    45    76    37    88 0.83 -
scaffold_5:12660120-12659467  -            218 45877at71240         -            571    0.0098   13.4   2.9   3   4     0.034       4.1    4.8   0.1   101   170    92   160    87   167 0.73 -
scaffold_5:12660120-12659467  -            218 45877at71240         -            571    0.0098   13.4   2.9   4   4       2.1   2.5e+02   -1.1   0.0   314   328   202   216   174   218 0.78 -
scaffold_9:5798048-5798344    -             99 45877at71240         -            571     0.014   12.9   0.1   1   1   0.00027     0.031   11.7   0.0   297   346     2    53     1    73 0.65 -
scaffold_15:4083952-4001066   -           1204 45877at71240         -            571     0.015   12.8   0.1   1   1   0.00026      0.03   11.8   0.1   252   313    59   116    22   123 0.87 -
scaffold_14:4447088-4539766   -           1204 45877at71240         -            571     0.015   12.8   0.1   1   1   0.00026      0.03   11.8   0.1   252   313    59   116    22   123 0.87 -
scaffold_11:11316975-11316811 -             55 45877at71240         -            571     0.019   12.4   0.3   1   1   0.00017      0.02   12.4   0.3   273   327     4    55     1    55 0.88 -
scaffold_9:15947019-15946855  -             55 45877at71240         -            571     0.019   12.4   0.3   1   1   0.00017      0.02   12.4   0.3   273   327     4    55     1    55 0.88 -
scaffold_4:7284296-7284493    -             66 45877at71240         -            571     0.021   12.3   0.0   1   1   0.00027     0.032   11.7   0.0   264   326     4    64     1    65 0.61 -
scaffold_509:17294-20709      -            478 45877at71240         -            571     0.021   12.3   0.4   1   2    0.0031      0.37    8.2   0.1   297   330    63    96    33   116 0.86 -
scaffold_509:17294-20709      -            478 45877at71240         -            571     0.021   12.3   0.4   2   2      0.21        25    2.2   0.0   301   326   158   183   108   201 0.84 -
scaffold_3:34517729-34517338  -            105 45877at71240         -            571     0.024   12.1   0.9   1   2   0.00062     0.073   10.5   0.8   262   328     4    67     1    73 0.85 -
scaffold_3:34517729-34517338  -            105 45877at71240         -            571     0.024   12.1   0.9   2   2    0.0051       0.6    7.5   0.1    99   134    33    68    25   104 0.68 -
scaffold_4:21415231-21416175  -            315 45877at71240         -            571     0.029   11.8   3.5   1   2       2.1   2.5e+02   -1.1   0.0   220   236    42    58    19    75 0.74 -
scaffold_4:21415231-21416175  -            315 45877at71240         -            571     0.029   11.8   3.5   2   2     0.011       1.3    6.4   2.2   276   365   124   212    96   315 0.59 -
scaffold_8:16353927-16345601  -            212 45877at71240         -            571     0.031   11.7   0.8   1   3      0.32        38    1.5   0.0   104   135     2    33     1    44 0.70 -
scaffold_8:16353927-16345601  -            212 45877at71240         -            571     0.031   11.7   0.8   2   3     0.003      0.36    8.2   0.2   222   338    18   133    13   145 0.61 -
scaffold_8:16353927-16345601  -            212 45877at71240         -            571     0.031   11.7   0.8   3   3      0.68        81    0.5   0.0   290   328   167   205   142   210 0.76 -
scaffold_14:1336380-1331844   -           1097 45877at71240         -            571     0.033   11.7   0.0   1   1   0.00049     0.058   10.9   0.0   271   326   832   886   820   901 0.89 -
scaffold_5:19610052-19621384  -            758 45877at71240         -            571     0.033   11.7   0.6   1   2   0.00078     0.092   10.2   0.0    95   136    40    81    27   181 0.79 -
scaffold_5:19610052-19621384  -            758 45877at71240         -            571     0.033   11.7   0.6   2   2       9.2   1.1e+03   -3.3   0.1   266   327   637   695   630   696 0.49 -
scaffold_95:130827-130442     -            104 45877at71240         -            571     0.033   11.7   1.1   1   2   0.00064     0.076   10.5   1.0   262   328     4    67     1    76 0.85 -
scaffold_95:130827-130442     -            104 45877at71240         -            571     0.033   11.7   1.1   2   2    0.0076       0.9    6.9   0.1    99   133    33    67    25   102 0.76 -
scaffold_6:29799531-29789752  -           1673 45877at71240         -            571      0.11   10.0   0.1   1   2       6.9   8.2e+02   -2.8   0.0   297   334  1324  1365  1312  1412 0.40 -
scaffold_6:29799531-29789752  -           1673 45877at71240         -            571      0.11   10.0   0.1   2   2    0.0021      0.25    8.7   0.1   270   332  1522  1580  1453  1595 0.75 -
#
# Program:         hmmsearch
# Version:         3.3.2 (Nov 2020)
# Pipeline mode:   SEARCH
# Query file:      /scratch/srb67793/Pelargonium/scripts/busco_downloads/lineages/eudicots_odb10/hmms/45877at71240.hmm
# Target file:     /scratch/srb67793/Pelargonium/scripts/scratch/srb67793/Pelargonium/Results2/HiFiASM_OmniC/P_citronellum_hap2-scaffolds-busco/run_eudicots_odb10/metaeuk_output/initial_results/P_citronellum-hap2_scaffolds_final.fa.modified.fas
# Option settings: hmmsearch --domtblout /scratch/srb67793/Pelargonium/scripts/scratch/srb67793/Pelargonium/Results2/HiFiASM_OmniC/P_citronellum_hap2-scaffolds-busco/run_eudicots_odb10/hmmer_output/initial_run_results/45877at71240.out --cpu 1 /scratch/srb67793/Pelargonium/scripts/busco_downloads/lineages/eudicots_odb10/hmms/45877at71240.hmm /scratch/srb67793/Pelargonium/scripts/scratch/srb67793/Pelargonium/Results2/HiFiASM_OmniC/P_citronellum_hap2-scaffolds-busco/run_eudicots_odb10/metaeuk_output/initial_results/P_citronellum-hap2_scaffolds_final.fa.modified.fas 
# Current dir:     /scratch/srb67793/Pelargonium/scripts
# Date:            Fri Jul 19 11:03:32 2024
# [ok]
