#                                                                                     --- full sequence --- -------------- this domain -------------   hmm coord   ali coord   env coord
# target name                 accession   tlen query name           accession   qlen   E-value  score  bias   #  of  c-Evalue  i-Evalue  score  bias  from    to  from    to  from    to  acc description of target
#         ------------------- ---------- ----- -------------------- ---------- ----- --------- ------ ----- --- --- --------- --------- ------ ----- ----- ----- ----- ----- ----- ----- ---- ---------------------
scaffold_4:9500345-9501745    -            467 48059at71240         -            431  2.4e-235  780.3  13.6   1   1  1.1e-237  2.9e-235  780.1  13.6     1   431     1   467     1   467 0.94 -
scaffold_6:30700987-30705334  -            643 48059at71240         -            431   9.4e-29   99.6  43.0   1   7    0.0057       1.6    6.6   0.1     2    60     7    71     6    85 0.78 -
scaffold_6:30700987-30705334  -            643 48059at71240         -            431   9.4e-29   99.6  43.0   2   7   3.4e-08   9.5e-06   23.8   1.8   331   417    96   193    90   209 0.79 -
scaffold_6:30700987-30705334  -            643 48059at71240         -            431   9.4e-29   99.6  43.0   3   7   0.00012     0.034   12.1   0.2    71   160   209   304   192   317 0.66 -
scaffold_6:30700987-30705334  -            643 48059at71240         -            431   9.4e-29   99.6  43.0   4   7   1.3e-05    0.0036   15.3   6.4    82   171   327   421   307   421 0.82 -
scaffold_6:30700987-30705334  -            643 48059at71240         -            431   9.4e-29   99.6  43.0   5   7   3.2e-09   8.8e-07   27.2   1.1    81   145   405   468   393   471 0.87 -
scaffold_6:30700987-30705334  -            643 48059at71240         -            431   9.4e-29   99.6  43.0   6   7   5.7e-13   1.6e-10   39.6   1.8    75   184   470   587   467   595 0.83 -
scaffold_6:30700987-30705334  -            643 48059at71240         -            431   9.4e-29   99.6  43.0   7   7    0.0021      0.59    8.0   1.2    71   138   543   618   539   636 0.74 -
scaffold_4:10006018-10003252  -            483 48059at71240         -            431   2.3e-25   88.5  31.1   1   7      0.55   1.5e+02    0.1   0.0     2    32     9    41     8    69 0.81 -
scaffold_4:10006018-10003252  -            483 48059at71240         -            431   2.3e-25   88.5  31.1   2   7   8.5e-06    0.0024   15.9   0.4    83   136    68   123    57   130 0.86 -
scaffold_4:10006018-10003252  -            483 48059at71240         -            431   2.3e-25   88.5  31.1   3   7   4.4e-06    0.0012   16.9   3.0    75   171   135   238   127   252 0.67 -
scaffold_4:10006018-10003252  -            483 48059at71240         -            431   2.3e-25   88.5  31.1   4   7   9.2e-05     0.025   12.5   5.1   355   422   223   299   191   306 0.65 -
scaffold_4:10006018-10003252  -            483 48059at71240         -            431   2.3e-25   88.5  31.1   5   7     0.018         5    5.0   0.3    84   118   275   310   273   333 0.82 -
scaffold_4:10006018-10003252  -            483 48059at71240         -            431   2.3e-25   88.5  31.1   6   7   3.2e-08   8.8e-06   23.9   0.9    71   135   335   403   309   406 0.88 -
scaffold_4:10006018-10003252  -            483 48059at71240         -            431   2.3e-25   88.5  31.1   7   7   8.7e-11   2.4e-08   32.4   0.4    84   147   403   467   401   478 0.91 -
scaffold_8:21017508-21020177  -            519 48059at71240         -            431   4.4e-23   80.9  39.8   1   5     0.069        19    3.0   0.0     2    35     6    41     5    64 0.82 -
scaffold_8:21017508-21020177  -            519 48059at71240         -            431   4.4e-23   80.9  39.8   2   5   2.4e-06   0.00068   17.7   0.5    82   136    64   120    56   131 0.88 -
scaffold_8:21017508-21020177  -            519 48059at71240         -            431   4.4e-23   80.9  39.8   3   5   7.1e-09     2e-06   26.1  12.1   214   376   141   312   132   336 0.75 -
scaffold_8:21017508-21020177  -            519 48059at71240         -            431   4.4e-23   80.9  39.8   4   5   1.1e-05    0.0031   15.5   5.5    26   135   323   440   314   442 0.72 -
scaffold_8:21017508-21020177  -            519 48059at71240         -            431   4.4e-23   80.9  39.8   5   5   5.3e-10   1.5e-07   29.8   1.5    84   146   440   503   438   510 0.91 -
scaffold_2:132284-130274      -            403 48059at71240         -            431   1.2e-17   63.1  25.3   1   3   1.2e-10   3.3e-08   31.9   0.5     4   146     7   161     4   164 0.78 -
scaffold_2:132284-130274      -            403 48059at71240         -            431   1.2e-17   63.1  25.3   2   3   5.9e-11   1.6e-08   32.9  15.4    83   259   148   323   148   335 0.83 -
scaffold_2:132284-130274      -            403 48059at71240         -            431   1.2e-17   63.1  25.3   3   3    0.0013      0.35    8.8   0.2   374   416   336   379   328   384 0.82 -
scaffold_1:126795-125283      -            367 48059at71240         -            431   2.2e-16   58.9  18.7   1   3   1.6e-10   4.5e-08   31.5   2.3    45   168    22   153    14   154 0.80 -
scaffold_1:126795-125283      -            367 48059at71240         -            431   2.2e-16   58.9  18.7   2   3   1.5e-10   4.3e-08   31.6   4.5    82   188   140   251   129   256 0.85 -
scaffold_1:126795-125283      -            367 48059at71240         -            431   2.2e-16   58.9  18.7   3   3   0.00025      0.07   11.1   1.0   325   416   238   343   234   349 0.76 -
scaffold_3:30161324-30158078  -            504 48059at71240         -            431   3.2e-16   58.3  36.1   1   6      0.13        36    2.1   0.2    84   136    61   117    53   121 0.79 -
scaffold_3:30161324-30158078  -            504 48059at71240         -            431   3.2e-16   58.3  36.1   2   6   1.8e-07   4.9e-05   21.5   3.1    81   152   113   187   104   197 0.86 -
scaffold_3:30161324-30158078  -            504 48059at71240         -            431   3.2e-16   58.3  36.1   3   6     0.044        12    3.7   0.2    81   113   214   244   205   274 0.64 -
scaffold_3:30161324-30158078  -            504 48059at71240         -            431   3.2e-16   58.3  36.1   4   6   0.00029     0.081   10.9   3.7    82   147   274   341   253   362 0.76 -
scaffold_3:30161324-30158078  -            504 48059at71240         -            431   3.2e-16   58.3  36.1   5   6     1e-06   0.00029   18.9   4.4    78   137   366   426   325   430 0.82 -
scaffold_3:30161324-30158078  -            504 48059at71240         -            431   3.2e-16   58.3  36.1   6   6   6.7e-07   0.00019   19.6   0.3    85   151   425   492   422   501 0.89 -
scaffold_6:19033262-19032003  -            420 48059at71240         -            431   1.1e-15   56.6  20.3   1   5   1.5e-09   4.2e-07   28.3   1.0   322   415     6   112     1   120 0.82 -
scaffold_6:19033262-19032003  -            420 48059at71240         -            431   1.1e-15   56.6  20.3   2   5     7e-06     0.002   16.2   0.3    83   186    68   176    63   188 0.82 -
scaffold_6:19033262-19032003  -            420 48059at71240         -            431   1.1e-15   56.6  20.3   3   5   1.1e-09   2.9e-07   28.8   1.5    83   177   199   300   184   303 0.83 -
scaffold_6:19033262-19032003  -            420 48059at71240         -            431   1.1e-15   56.6  20.3   4   5    0.0012      0.34    8.8   1.5   214   301   303   385   301   399 0.75 -
scaffold_6:19033262-19032003  -            420 48059at71240         -            431   1.1e-15   56.6  20.3   5   5      0.29        81    1.0   0.1    84   111   385   411   383   419 0.76 -
scaffold_1:38644891-38646261  -            457 48059at71240         -            431   5.6e-14   50.9  23.2   1   5   4.1e-06    0.0011   17.0   0.1   355   421    16    92     2    99 0.71 -
scaffold_1:38644891-38646261  -            457 48059at71240         -            431   5.6e-14   50.9  23.2   2   5    0.0023      0.65    7.9   1.0    83   181    94   199    92   206 0.72 -
scaffold_1:38644891-38646261  -            457 48059at71240         -            431   5.6e-14   50.9  23.2   3   5   2.3e-09   6.4e-07   27.7   3.1    73   178   191   302   153   310 0.77 -
scaffold_1:38644891-38646261  -            457 48059at71240         -            431   5.6e-14   50.9  23.2   4   5     0.023       6.4    4.6   0.1   323   378   297   356   290   359 0.76 -
scaffold_1:38644891-38646261  -            457 48059at71240         -            431   5.6e-14   50.9  23.2   5   5    0.0011      0.29    9.0   3.0    83   170   360   452   342   456 0.72 -
scaffold_5:35095312-35094167  -            382 48059at71240         -            431   1.4e-13   49.6  18.9   1   4       1.3   3.7e+02   -1.2   0.0     3    31     2    31     1    38 0.73 -
scaffold_5:35095312-35094167  -            382 48059at71240         -            431   1.4e-13   49.6  18.9   2   4     1e-05    0.0028   15.7   0.3   355   419   114   188    95   191 0.66 -
scaffold_5:35095312-35094167  -            382 48059at71240         -            431   1.4e-13   49.6  18.9   3   4   2.1e-10   5.9e-08   31.1   3.2    83   186   192   302   189   307 0.83 -
scaffold_5:35095312-35094167  -            382 48059at71240         -            431   1.4e-13   49.6  18.9   4   4    0.0002     0.054   11.4   3.2   107   298   296   374   293   380 0.44 -
scaffold_2:24269300-24267930  -            457 48059at71240         -            431   6.2e-13   47.5  25.0   1   4   1.4e-05    0.0038   15.2   0.2   356   420    17    91     2    99 0.62 -
scaffold_2:24269300-24267930  -            457 48059at71240         -            431   6.2e-13   47.5  25.0   2   4    0.0048       1.3    6.9   0.4    84   173    95   191    92   197 0.74 -
scaffold_2:24269300-24267930  -            457 48059at71240         -            431   6.2e-13   47.5  25.0   3   4   6.4e-10   1.8e-07   29.5   2.4    82   178   199   302   189   313 0.83 -
scaffold_2:24269300-24267930  -            457 48059at71240         -            431   6.2e-13   47.5  25.0   4   4     0.011       3.1    5.6   5.0   334   412   336   427   314   455 0.45 -
scaffold_8:19106477-19107559  -            361 48059at71240         -            431   6.3e-12   44.2  20.3   1   4   2.2e-07   6.1e-05   21.2   2.9     4   148     1   141     1   152 0.83 -
scaffold_8:19106477-19107559  -            361 48059at71240         -            431   6.3e-12   44.2  20.3   2   4   2.4e-07   6.8e-05   21.0   1.8    82   125   151   195   138   202 0.86 -
scaffold_8:19106477-19107559  -            361 48059at71240         -            431   6.3e-12   44.2  20.3   3   4       0.2        54    1.6   0.0   352   375   250   273   215   277 0.64 -
scaffold_8:19106477-19107559  -            361 48059at71240         -            431   6.3e-12   44.2  20.3   4   4    0.0009      0.25    9.3   2.2   198   251   287   340   250   349 0.52 -
scaffold_4:5875778-5867867    -            350 48059at71240         -            431   3.8e-11   41.6  16.6   1   3   1.1e-06   0.00029   18.9   0.5    50   147    76   175    58   179 0.80 -
scaffold_4:5875778-5867867    -            350 48059at71240         -            431   3.8e-11   41.6  16.6   2   3   8.4e-05     0.023   12.7   1.4   322   381   151   211   146   230 0.74 -
scaffold_4:5875778-5867867    -            350 48059at71240         -            431   3.8e-11   41.6  16.6   3   3   1.2e-07   3.2e-05   22.1   4.7    78   140   233   296   221   328 0.82 -
scaffold_9:12984812-12990272  -            188 48059at71240         -            431   7.9e-10   37.3   6.1   1   2   1.3e-07   3.5e-05   21.9   0.7   230   304    11    81     2    86 0.82 -
scaffold_9:12984812-12990272  -            188 48059at71240         -            431   7.9e-10   37.3   6.1   2   2   1.6e-07   4.4e-05   21.6   1.3   213   306    73   163    72   181 0.92 -
scaffold_1:16439467-16441167  -            567 48059at71240         -            431     6e-09   34.4  14.1   1   4       2.5     7e+02   -2.1   0.0    40    68    47    75     8   124 0.62 -
scaffold_1:16439467-16441167  -            567 48059at71240         -            431     6e-09   34.4  14.1   2   4   3.5e-05    0.0096   13.9   0.0    43   125   127   218   100   229 0.80 -
scaffold_1:16439467-16441167  -            567 48059at71240         -            431     6e-09   34.4  14.1   3   4     0.023       6.4    4.6   0.4    54   111   285   345   266   371 0.67 -
scaffold_1:16439467-16441167  -            567 48059at71240         -            431     6e-09   34.4  14.1   4   4   7.3e-06     0.002   16.1   5.9   102   260   378   527   372   535 0.83 -
scaffold_3:37597709-37598701  -            331 48059at71240         -            431   2.1e-07   29.3  10.6   1   3    0.0022      0.62    8.0   0.1    83   177    26   124     8   137 0.64 -
scaffold_3:37597709-37598701  -            331 48059at71240         -            431   2.1e-07   29.3  10.6   2   3     0.012       3.3    5.6   0.5   107   143   179   217   153   238 0.64 -
scaffold_3:37597709-37598701  -            331 48059at71240         -            431   2.1e-07   29.3  10.6   3   3   5.7e-08   1.6e-05   23.1   1.9   155   259   206   304   202   322 0.79 -
scaffold_11:8673999-8672857   -            381 48059at71240         -            431   2.4e-06   25.8  14.7   1   3   0.00027     0.075   11.0   2.9    85   142    72   129    52   168 0.69 -
scaffold_11:8673999-8672857   -            381 48059at71240         -            431   2.4e-06   25.8  14.7   2   3    0.0026      0.73    7.7   1.1   348   383   165   200   141   216 0.67 -
scaffold_11:8673999-8672857   -            381 48059at71240         -            431   2.4e-06   25.8  14.7   3   3   7.3e-05      0.02   12.9   1.0    70   146   205   291   201   308 0.75 -
scaffold_3:5128751-5130202    -            484 48059at71240         -            431   4.5e-06   24.9  10.5   1   4      0.52   1.4e+02    0.2   0.1   263   361    17   120     4   139 0.64 -
scaffold_3:5128751-5130202    -            484 48059at71240         -            431   4.5e-06   24.9  10.5   2   4      0.07        19    3.0   0.2    73   131   155   218   113   226 0.53 -
scaffold_3:5128751-5130202    -            484 48059at71240         -            431   4.5e-06   24.9  10.5   3   4     0.048        13    3.6   0.3    81   117   287   324   276   336 0.74 -
scaffold_3:5128751-5130202    -            484 48059at71240         -            431   4.5e-06   24.9  10.5   4   4   2.2e-07     6e-05   21.2   2.0   311   385   318   394   304   421 0.76 -
scaffold_10:13538113-13537154 -            320 48059at71240         -            431   4.9e-06   24.8  10.9   1   4   0.00016     0.043   11.8   1.4     4   112     1   119     1   121 0.74 -
scaffold_10:13538113-13537154 -            320 48059at71240         -            431   4.9e-06   24.8  10.9   2   4    0.0095       2.6    5.9   0.2   213   256   112   154   110   159 0.88 -
scaffold_10:13538113-13537154 -            320 48059at71240         -            431   4.9e-06   24.8  10.9   3   4      0.67   1.9e+02   -0.2   0.0   332   375   170   213   164   229 0.76 -
scaffold_10:13538113-13537154 -            320 48059at71240         -            431   4.9e-06   24.8  10.9   4   4   0.00011      0.03   12.3   0.1    95   138   230   274   217   282 0.90 -
scaffold_5:16755286-16754306  -            327 48059at71240         -            431   1.9e-05   22.8  19.3   1   4      0.21        59    1.4   0.1   234   257    16    39     7    44 0.67 -
scaffold_5:16755286-16754306  -            327 48059at71240         -            431   1.9e-05   22.8  19.3   2   4    0.0031      0.86    7.5   0.3   213   256    47    89    42    96 0.89 -
scaffold_5:16755286-16754306  -            327 48059at71240         -            431   1.9e-05   22.8  19.3   3   4   1.3e-05    0.0036   15.3   0.5    95   138   164   208   126   211 0.89 -
scaffold_5:16755286-16754306  -            327 48059at71240         -            431   1.9e-05   22.8  19.3   4   4   3.3e-05    0.0092   14.0   7.7   214   372   175   324   174   327 0.80 -
scaffold_7:2612432-2613514    -            361 48059at71240         -            431     7e-05   21.0   3.4   1   3   6.7e-05     0.018   13.0   0.1     5    62     2    69     1   101 0.74 -
scaffold_7:2612432-2613514    -            361 48059at71240         -            431     7e-05   21.0   3.4   2   3    0.0036      0.99    7.3   0.0    72   134   160   227   116   236 0.76 -
scaffold_7:2612432-2613514    -            361 48059at71240         -            431     7e-05   21.0   3.4   3   3      0.96   2.7e+02   -0.7   0.1    84   115   276   309   232   319 0.77 -
scaffold_3:36546940-36548124  -            395 48059at71240         -            431     7e-05   21.0   1.6   1   3    0.0031      0.85    7.5   0.0   105   136   133   164   125   177 0.88 -
scaffold_3:36546940-36548124  -            395 48059at71240         -            431     7e-05   21.0   1.6   2   3     0.023       6.5    4.6   0.0   222   298   200   275   191   285 0.66 -
scaffold_3:36546940-36548124  -            395 48059at71240         -            431     7e-05   21.0   1.6   3   3    0.0063       1.7    6.5   0.2    79   160   305   387   264   394 0.82 -
scaffold_1:30788371-30789324  -            318 48059at71240         -            431   0.00014   20.0  10.9   1   1   0.00027     0.075   11.0  10.2     4   256     1   288     1   309 0.65 -
scaffold_12:11376434-11372683 -            578 48059at71240         -            431   0.00022   19.3   6.0   1   4       4.1   1.1e+03   -2.8   0.0   147   169    76   101    69   110 0.66 -
scaffold_12:11376434-11372683 -            578 48059at71240         -            431   0.00022   19.3   6.0   2   4   1.2e-06   0.00034   18.7   0.8    83   172   113   202   104   218 0.73 -
scaffold_12:11376434-11372683 -            578 48059at71240         -            431   0.00022   19.3   6.0   3   4       1.3   3.5e+02   -1.1   0.1    80   173   226   317   221   338 0.72 -
scaffold_12:11376434-11372683 -            578 48059at71240         -            431   0.00022   19.3   6.0   4   4      0.17        48    1.7   0.1   331   396   326   393   299   407 0.74 -
scaffold_2:7364732-7363758    -            325 48059at71240         -            431   0.00032   18.8  11.2   1   1   0.00019     0.052   11.5   8.5     4   252     2   286     1   298 0.64 -
scaffold_2:29213593-29214042  -            150 48059at71240         -            431   0.00071   17.7   0.4   1   2    0.0022      0.61    8.0   0.1   335   377     8    52     1   101 0.52 -
scaffold_2:29213593-29214042  -            150 48059at71240         -            431   0.00071   17.7   0.4   2   2    0.0023      0.63    7.9   0.0   230   260   115   145   105   149 0.90 -
scaffold_7:2726161-2727411    -            417 48059at71240         -            431   0.00093   17.3   0.7   1   2   0.00028     0.078   10.9   0.2     4    61     4    68     1    97 0.77 -
scaffold_7:2726161-2727411    -            417 48059at71240         -            431   0.00093   17.3   0.7   2   2      0.02       5.4    4.8   0.0    41   135   131   230    89   239 0.70 -
scaffold_6:23177391-23178527  -            379 48059at71240         -            431    0.0016   16.5  22.6   1   5     0.005       1.4    6.8   0.2    10   102     5   106     1   108 0.65 -
scaffold_6:23177391-23178527  -            379 48059at71240         -            431    0.0016   16.5  22.6   2   5    0.0017      0.46    8.4   1.6   210   259    81   131    63   140 0.81 -
scaffold_6:23177391-23178527  -            379 48059at71240         -            431    0.0016   16.5  22.6   3   5      0.34        94    0.8   0.2   118   144   173   200   150   216 0.62 -
scaffold_6:23177391-23178527  -            379 48059at71240         -            431    0.0016   16.5  22.6   4   5   0.00015     0.041   11.9   0.3    95   136   226   267   215   279 0.90 -
scaffold_6:23177391-23178527  -            379 48059at71240         -            431    0.0016   16.5  22.6   5   5      0.03       8.2    4.3   1.0   230   270   306   346   270   364 0.62 -
scaffold_3:4907738-4906656    -            361 48059at71240         -            431    0.0055   14.7   0.2   1   3       2.1   5.7e+02   -1.8   1.2    84   134    58   109    14   139 0.67 -
scaffold_3:4907738-4906656    -            361 48059at71240         -            431    0.0055   14.7   0.2   2   3     2e-05    0.0055   14.7   0.2   282   376   184   279   173   293 0.81 -
scaffold_3:4907738-4906656    -            361 48059at71240         -            431    0.0055   14.7   0.2   3   3     0.061        17    3.2   0.1   230   260   324   354   302   360 0.66 -
scaffold_3:8580799-8579708    -            364 48059at71240         -            431    0.0069   14.4   3.4   1   4         4   1.1e+03   -2.8   0.0   288   299     8    19     2    35 0.52 -
scaffold_3:8580799-8579708    -            364 48059at71240         -            431    0.0069   14.4   3.4   2   4     0.091        25    2.7   0.0    81   120    63   105    43   112 0.73 -
scaffold_3:8580799-8579708    -            364 48059at71240         -            431    0.0069   14.4   3.4   3   4   0.00028     0.079   10.9   0.9   103   155   116   169   106   206 0.72 -
scaffold_3:8580799-8579708    -            364 48059at71240         -            431    0.0069   14.4   3.4   4   4       5.2   1.5e+03   -3.1   0.0    93   117   322   346   302   350 0.70 -
scaffold_11:4276015-4276911   -            299 48059at71240         -            431    0.0069   14.4   0.3   1   2     0.095        26    2.6   0.0     2    34     4    36     3    47 0.91 -
scaffold_11:4276015-4276911   -            299 48059at71240         -            431    0.0069   14.4   0.3   2   2   0.00047      0.13   10.2   0.1    67   115   137   187    68   247 0.85 -
scaffold_7:3890755-3889838    -            306 48059at71240         -            431     0.014   13.4   0.2   1   2     0.074        21    3.0   0.0     2    41    13    52    12    77 0.88 -
scaffold_7:3890755-3889838    -            306 48059at71240         -            431     0.014   13.4   0.2   2   2    0.0014      0.39    8.6   0.1    69   115   151   200   126   251 0.88 -
scaffold_11:3943260-3942460   -            267 48059at71240         -            431     0.016   13.2   0.5   1   2     0.046        13    3.6   0.0     2    34     8    40     7    50 0.89 -
scaffold_11:3943260-3942460   -            267 48059at71240         -            431     0.016   13.2   0.5   2   2     0.003      0.83    7.5   0.1   236   286   179   229   164   243 0.87 -
scaffold_11:5189942-5196084   -            224 48059at71240         -            431     0.021   12.8   0.0   1   1   0.00012     0.033   12.2   0.0   315   364    40    89    32   103 0.91 -
scaffold_7:4002404-4001517    -            296 48059at71240         -            431     0.025   12.6   0.1   1   2      0.43   1.2e+02    0.4   0.0     2    34     4    36     3    56 0.89 -
scaffold_7:4002404-4001517    -            296 48059at71240         -            431     0.025   12.6   0.1   2   2   0.00066      0.18    9.7   0.0    73   115   149   191   138   213 0.91 -
#
# Program:         hmmsearch
# Version:         3.3.2 (Nov 2020)
# Pipeline mode:   SEARCH
# Query file:      /scratch/srb67793/Pelargonium/scripts/busco_downloads/lineages/eudicots_odb10/hmms/48059at71240.hmm
# Target file:     /scratch/srb67793/Pelargonium/scripts/scratch/srb67793/Pelargonium/Results2/HiFiASM_OmniC/P_citronellum_hap2-scaffolds-busco/run_eudicots_odb10/metaeuk_output/initial_results/P_citronellum-hap2_scaffolds_final.fa.modified.fas
# Option settings: hmmsearch --domtblout /scratch/srb67793/Pelargonium/scripts/scratch/srb67793/Pelargonium/Results2/HiFiASM_OmniC/P_citronellum_hap2-scaffolds-busco/run_eudicots_odb10/hmmer_output/initial_run_results/48059at71240.out --cpu 1 /scratch/srb67793/Pelargonium/scripts/busco_downloads/lineages/eudicots_odb10/hmms/48059at71240.hmm /scratch/srb67793/Pelargonium/scripts/scratch/srb67793/Pelargonium/Results2/HiFiASM_OmniC/P_citronellum_hap2-scaffolds-busco/run_eudicots_odb10/metaeuk_output/initial_results/P_citronellum-hap2_scaffolds_final.fa.modified.fas 
# Current dir:     /scratch/srb67793/Pelargonium/scripts
# Date:            Fri Jul 19 11:03:45 2024
# [ok]
