#                                                                                     --- full sequence --- -------------- this domain -------------   hmm coord   ali coord   env coord
# target name                 accession   tlen query name           accession   qlen   E-value  score  bias   #  of  c-Evalue  i-Evalue  score  bias  from    to  from    to  from    to  acc description of target
#         ------------------- ---------- ----- -------------------- ---------- ----- --------- ------ ----- --- --- --------- --------- ------ ----- ----- ----- ----- ----- ----- ----- ---- ---------------------
scaffold_4:7011525-7034355    -           1876 526at71240           -           1581         0 2845.6  48.9   1   4  1.4e-218  1.3e-216  721.4  13.4     1   417    29   493    29   497 0.93 -
scaffold_4:7011525-7034355    -           1876 526at71240           -           1581         0 2845.6  48.9   2   4  1.7e-187  1.6e-185  618.3   5.1   421   743   536   884   524   892 0.94 -
scaffold_4:7011525-7034355    -           1876 526at71240           -           1581         0 2845.6  48.9   3   4  2.2e-238  2.1e-236  787.0  12.5   737  1167   935  1384   924  1389 0.94 -
scaffold_4:7011525-7034355    -           1876 526at71240           -           1581         0 2845.6  48.9   4   4  1.9e-218  1.8e-216  720.9   0.0  1170  1580  1424  1875  1414  1876 0.94 -
scaffold_4:6994326-7032936    -           2432 526at71240           -           1581         0 2450.8  52.6   1   5   5.7e-83   5.3e-81  271.9   0.1     1   186   739   928   739   941 0.92 -
scaffold_4:6994326-7032936    -           2432 526at71240           -           1581         0 2450.8  52.6   2   5  1.9e-123  1.8e-121  406.0   9.2   178   417   945  1178   934  1181 0.95 -
scaffold_4:6994326-7032936    -           2432 526at71240           -           1581         0 2450.8  52.6   3   5  6.7e-188  6.2e-186  619.7   6.6   421   743  1221  1571  1209  1578 0.93 -
scaffold_4:6994326-7032936    -           2432 526at71240           -           1581         0 2450.8  52.6   4   5  2.1e-211    2e-209  697.6  12.2   737  1162  1622  2040  1611  2049 0.93 -
scaffold_4:6994326-7032936    -           2432 526at71240           -           1581         0 2450.8  52.6   5   5  8.5e-143  7.9e-141  470.2   0.1  1170  1497  2086  2432  2076  2432 0.92 -
scaffold_6:29085077-29083332  -            582 526at71240           -           1581   3.2e-23   80.4   0.2   1   1   3.5e-25   3.2e-23   80.4   0.2   469   650    18   215     9   229 0.86 -
scaffold_10:7491258-7489513   -            582 526at71240           -           1581   2.3e-21   74.2   0.0   1   1   4.4e-23   4.1e-21   73.4   0.0   459   647    46   244    27   270 0.80 -
scaffold_10:5862479-5864278   -            600 526at71240           -           1581   1.1e-19   68.6   0.0   1   1   2.1e-21   1.9e-19   67.8   0.0   467   653    50   254    31   275 0.84 -
scaffold_10:9603446-9602633   -            244 526at71240           -           1581   5.8e-18   63.0   0.0   1   1   8.5e-20   7.9e-18   62.5   0.0   439   646     3   222     2   235 0.79 -
scaffold_10:762855-767609     -            917 526at71240           -           1581     1e-17   62.1   0.1   1   1   1.8e-19   1.7e-17   61.4   0.1   417   645   339   579   286   596 0.78 -
scaffold_4:12759138-12758259  -            264 526at71240           -           1581   2.3e-17   61.0   0.1   1   1   3.1e-19   2.9e-17   60.6   0.1   438   646    22   242     3   261 0.80 -
scaffold_8:12856194-12853411  -            332 526at71240           -           1581   7.2e-17   59.3   0.0   1   1   8.8e-19   8.2e-17   59.1   0.0  1198  1365    88   272    69   324 0.79 -
scaffold_33:1407441-1409366   -            642 526at71240           -           1581   1.2e-16   58.6   0.0   1   1   1.2e-18   1.2e-16   58.6   0.0  1208  1378    85   268    60   306 0.82 -
scaffold_37:1248688-1250613   -            642 526at71240           -           1581   1.2e-16   58.6   0.0   1   1   1.2e-18   1.2e-16   58.6   0.0  1208  1378    85   268    60   306 0.82 -
scaffold_2:1420464-1416325    -           1001 526at71240           -           1581   1.2e-16   58.6   0.7   1   2   1.8e-08   1.6e-06   25.0   0.1   458   598   344   483   314   498 0.77 -
scaffold_2:1420464-1416325    -           1001 526at71240           -           1581   1.2e-16   58.6   0.7   2   2   1.4e-10   1.3e-08   32.0   0.1   471   619   821   976   791   999 0.82 -
scaffold_9:4848070-4844945    -            579 526at71240           -           1581   1.2e-16   58.6   0.3   1   1     2e-18   1.9e-16   57.9   0.3   456   642   358   557   327   568 0.83 -
scaffold_11:5992800-5993632   -            249 526at71240           -           1581   2.6e-16   57.5   0.0   1   1   3.4e-18   3.2e-16   57.2   0.0   440   624     4   201     2   220 0.80 -
scaffold_6:30907742-30909550  -            603 526at71240           -           1581   4.2e-16   56.8   0.1   1   1   6.1e-18   5.7e-16   56.4   0.1   468   653    13   217     3   223 0.81 -
scaffold_10:9601204-9600180   -            313 526at71240           -           1581   4.2e-16   56.8   0.5   1   1   5.8e-18   5.4e-16   56.4   0.5   438   641    82   297    22   309 0.84 -
scaffold_1:29008844-29006033  -            242 526at71240           -           1581   4.3e-16   56.8   0.0   1   1   5.4e-18     5e-16   56.5   0.0   453   661    16   239     3   242 0.78 -
scaffold_11:3003428-3001650   -            593 526at71240           -           1581   4.6e-16   56.7   0.0   1   1   9.2e-18   8.6e-16   55.8   0.0   468   639    57   246    22   265 0.54 -
scaffold_4:12756735-12755921  -            241 526at71240           -           1581     6e-16   56.3   0.1   1   1   7.3e-18   6.8e-16   56.1   0.1   439   642     3   218     1   240 0.79 -
scaffold_8:19504167-19523301  -            243 526at71240           -           1581   6.6e-16   56.1   0.0   1   1   8.7e-18   8.1e-16   55.8   0.0   457   648    21   225     3   240 0.80 -
scaffold_7:11940389-11945088  -            343 526at71240           -           1581   6.8e-16   56.1   0.0   1   1     9e-18   8.4e-16   55.8   0.0  1200  1364    90   270    69   296 0.79 -
scaffold_10:16623246-16623962 -            239 526at71240           -           1581   6.8e-16   56.1   0.2   1   1   9.2e-18   8.6e-16   55.8   0.2   469   621    15   185     4   204 0.77 -
scaffold_1:28995515-28994653  -            247 526at71240           -           1581   9.1e-16   55.7   0.0   1   1   1.1e-17   1.1e-15   55.5   0.0   457   647    24   222     6   245 0.78 -
scaffold_4:16479093-16480272  -            171 526at71240           -           1581   9.3e-16   55.6   0.2   1   1   1.2e-17   1.1e-15   55.4   0.2   469   607    15   164     5   169 0.78 -
scaffold_10:11160099-11158972 -            376 526at71240           -           1581     1e-15   55.5   0.2   1   1   1.9e-17   1.8e-15   54.7   0.2   439   647   137   357   114   372 0.75 -
scaffold_8:19569556-19570596  -            290 526at71240           -           1581   2.8e-15   54.0   0.0   1   1   3.9e-17   3.7e-15   53.7   0.0   458   647    73   275    42   287 0.79 -
scaffold_6:29648821-29647774  -            246 526at71240           -           1581   3.3e-15   53.8   0.1   1   1   4.5e-17   4.2e-15   53.5   0.1   441   641    13   225     5   238 0.81 -
scaffold_4:17190445-17188415  -            677 526at71240           -           1581     4e-15   53.5   0.2   1   1   6.1e-17   5.7e-15   53.0   0.2   467   653    75   280    63   286 0.80 -
scaffold_2:24848033-24847277  -            221 526at71240           -           1581   4.5e-15   53.4   0.0   1   1   6.1e-17   5.7e-15   53.0   0.0   459   640    22   216     3   220 0.78 -
scaffold_3:21468706-21467687  -            340 526at71240           -           1581   8.4e-15   52.5   0.1   1   2   3.2e-09     3e-07   27.4   0.0   441   536    81   175    50   205 0.80 -
scaffold_3:21468706-21467687  -            340 526at71240           -           1581   8.4e-15   52.5   0.1   2   2   6.6e-08   6.1e-06   23.1   0.1   565   646   246   326   235   337 0.87 -
scaffold_8:19559010-19559777  -            256 526at71240           -           1581   9.9e-15   52.2   0.0   1   1   1.4e-16   1.3e-14   51.8   0.0   457   647    40   243    10   252 0.78 -
scaffold_1:28994391-28992578  -            576 526at71240           -           1581   1.1e-14   52.0   0.1   1   1     2e-16   1.9e-14   51.3   0.1   452   661   350   573   324   576 0.78 -
scaffold_4:2595518-2597716    -            678 526at71240           -           1581   1.2e-14   52.0   0.1   1   1   2.1e-16   1.9e-14   51.3   0.1   465   646    80   280    59   289 0.79 -
scaffold_1:29348075-29352334  -           1010 526at71240           -           1581   1.4e-14   51.8   0.2   1   2   7.8e-08   7.3e-06   22.8   0.1   428   601   296   471   272   477 0.75 -
scaffold_1:29348075-29352334  -           1010 526at71240           -           1581   1.4e-14   51.8   0.2   2   2   5.1e-09   4.8e-07   26.8   0.0   471   619   841   981   812   993 0.84 -
scaffold_5:3578527-3581433    -            336 526at71240           -           1581   2.5e-14   50.9   0.0   1   1   3.3e-16   3.1e-14   50.6   0.0   457   612    99   273    60   287 0.67 -
scaffold_12:11862833-11869738 -           1023 526at71240           -           1581   2.6e-14   50.9   0.1   1   2   2.4e-05    0.0023   14.6   0.0   458   598   401   541   384   546 0.76 -
scaffold_12:11862833-11869738 -           1023 526at71240           -           1581   2.6e-14   50.9   0.1   2   2   3.4e-11   3.2e-09   34.0   0.0   467   600   816   961   797   989 0.82 -
scaffold_5:11790159-11781223  -            602 526at71240           -           1581   4.8e-14   50.0   0.1   1   1   5.2e-16   4.8e-14   50.0   0.1   467   646    21   211     9   229 0.76 -
scaffold_7:7896793-7896095    -            233 526at71240           -           1581   5.2e-14   49.9   0.0   1   1   7.7e-16   7.2e-14   49.4   0.0   469   641    40   229    27   233 0.75 -
scaffold_2:12841217-12841852  -            212 526at71240           -           1581   7.7e-14   49.3   0.0   1   1   1.1e-15     1e-13   48.9   0.0   469   645    15   208     4   210 0.77 -
scaffold_3:30439832-30439101  -            244 526at71240           -           1581     8e-14   49.2   0.0   1   1     1e-15   9.7e-14   49.0   0.0   468   642    12   204     2   234 0.73 -
scaffold_7:26846902-26849412  -            543 526at71240           -           1581   8.8e-14   49.1   0.1   1   1   1.3e-15   1.2e-13   48.6   0.1   470   643    14   201     4   213 0.79 -
scaffold_8:19525174-19526529  -            452 526at71240           -           1581     1e-13   48.9   0.1   1   1   1.7e-15   1.6e-13   48.3   0.1  1210  1402   231   430   224   446 0.75 -
scaffold_1:21917842-21925168  -            652 526at71240           -           1581   1.5e-13   48.3   0.4   1   2       5.7   5.3e+02   -3.2   0.1  1051  1075   209   233   181   236 0.79 -
scaffold_1:21917842-21925168  -            652 526at71240           -           1581   1.5e-13   48.3   0.4   2   2     3e-15   2.8e-13   47.4   0.0   454   649   422   632   403   645 0.78 -
scaffold_8:19595650-19596897  -            416 526at71240           -           1581     3e-13   47.3   0.0   1   1   4.2e-15     4e-13   46.9   0.0  1205  1398   189   389   155   406 0.75 -
scaffold_3:87792-84175        -            515 526at71240           -           1581     3e-13   47.3   0.0   1   1   3.3e-15     3e-13   47.3   0.0   468   638    16   200     4   203 0.81 -
scaffold_2:34142690-34147097  -            881 526at71240           -           1581   9.1e-13   45.7   0.1   1   2   6.4e-05    0.0059   13.2   0.0   458   597   402   538   339   553 0.71 -
scaffold_2:34142690-34147097  -            881 526at71240           -           1581   9.1e-13   45.7   0.1   2   2   4.2e-10   3.9e-08   30.4   0.0   470   600   719   843   696   869 0.86 -
scaffold_2:31253089-31252337  -            251 526at71240           -           1581   9.3e-13   45.7   0.2   1   2   1.9e-11   1.8e-09   34.8   0.0   454   600    17   177     6   178 0.78 -
scaffold_2:31253089-31252337  -            251 526at71240           -           1581   9.3e-13   45.7   0.2   2   2     9e-06   0.00084   16.0   0.2  1318  1405   141   232   135   245 0.77 -
scaffold_13:11583020-11581866 -            385 526at71240           -           1581   1.6e-12   44.9   0.0   1   1   2.6e-14   2.4e-12   44.3   0.0   452   646   159   366   139   378 0.81 -
scaffold_8:19506079-19507026  -            316 526at71240           -           1581   1.8e-12   44.8   0.2   1   1   2.8e-14   2.6e-12   44.2   0.2   431   660    71   315    57   316 0.77 -
scaffold_3:5197631-5197113    -            173 526at71240           -           1581   1.8e-12   44.7   0.0   1   1   2.6e-14   2.4e-12   44.3   0.0   473   623     1   166     1   171 0.83 -
scaffold_3:21466600-21465299  -            434 526at71240           -           1581   1.9e-12   44.7   0.1   1   1   2.8e-14   2.6e-12   44.2   0.1  1209  1403   212   413   200   425 0.76 -
scaffold_10:767733-768479     -            249 526at71240           -           1581   2.2e-12   44.4   0.1   1   1   7.7e-14   7.2e-12   42.8   0.1   453   646    16   228     3   243 0.76 -
scaffold_3:21484114-21482951  -            388 526at71240           -           1581   2.4e-12   44.4   0.1   1   1   4.5e-14   4.2e-12   43.5   0.1   431   660   139   383   125   387 0.68 -
scaffold_11:9199735-9195056   -           1160 526at71240           -           1581   2.6e-12   44.2   0.2   1   2   0.00081     0.076    9.5   0.0   458   597   524   663   505   674 0.58 -
scaffold_11:9199735-9195056   -           1160 526at71240           -           1581   2.6e-12   44.2   0.2   2   2   1.1e-10   1.1e-08   32.3   0.1   459   623   975  1145   952  1155 0.78 -
scaffold_8:19571443-19572747  -            435 526at71240           -           1581   2.7e-12   44.1   0.0   1   1   4.6e-14   4.3e-12   43.5   0.0  1211  1406   219   421   211   434 0.77 -
scaffold_11:5994140-5995720   -            500 526at71240           -           1581     4e-12   43.6   0.2   1   1   5.7e-14   5.3e-12   43.2   0.2   435   647   258   481   235   500 0.78 -
scaffold_9:119409-147367      -           1018 526at71240           -           1581   4.1e-12   43.6   0.1   1   2    0.0015      0.14    8.6   0.0   469   599   424   550   405   564 0.52 -
scaffold_9:119409-147367      -           1018 526at71240           -           1581   4.1e-12   43.6   0.1   2   2   8.3e-11   7.8e-09   32.7   0.0   459   609   838   987   771  1009 0.85 -
scaffold_2:31257171-31253216  -            924 526at71240           -           1581     5e-12   43.3   0.1   1   1     9e-14   8.4e-12   42.5   0.1   439   645   369   588   297   607 0.75 -
scaffold_5:11933529-11934242  -            238 526at71240           -           1581     5e-12   43.3   0.2   1   2   1.2e-09   1.1e-07   28.8   0.0   453   565    16   127     2   138 0.82 -
scaffold_5:11933529-11934242  -            238 526at71240           -           1581     5e-12   43.3   0.2   2   2     7e-05    0.0065   13.1   0.1  1317  1414   140   234   130   238 0.81 -
scaffold_9:142643-147367      -           1142 526at71240           -           1581     5e-12   43.3   0.2   1   2    0.0011       0.1    9.1   0.0   457   609   492   639   448   653 0.70 -
scaffold_9:142643-147367      -           1142 526at71240           -           1581     5e-12   43.3   0.2   2   2   1.5e-10   1.4e-08   31.9   0.0   461   609   964  1111   954  1133 0.84 -
scaffold_9:1752554-1755063    -            573 526at71240           -           1581   6.2e-12   43.0   0.1   1   1   8.6e-14     8e-12   42.6   0.1   439   656   337   568   321   573 0.78 -
scaffold_8:19544333-19547024  -            387 526at71240           -           1581   7.5e-12   42.7   0.0   1   1   1.1e-13   9.9e-12   42.3   0.0  1211  1399   178   373   162   385 0.77 -
scaffold_7:4551566-4550823    -            248 526at71240           -           1581     2e-11   41.3   0.1   1   1   3.1e-13   2.9e-11   40.8   0.1   469   621    25   194    10   203 0.47 -
scaffold_7:9956379-9944338    -            857 526at71240           -           1581     2e-11   41.3   0.0   1   1   3.5e-13   3.2e-11   40.6   0.0  1204  1365    87   262    35   279 0.77 -
scaffold_4:7057291-7056857    -            145 526at71240           -           1581   2.6e-11   40.9   0.0   1   1   3.1e-13   2.9e-11   40.7   0.0   521   622     2   121     1   136 0.78 -
scaffold_4:17739591-17738653  -            313 526at71240           -           1581   2.7e-11   40.9   0.1   1   2   5.4e-09   5.1e-07   26.7   0.0   452   565    93   205    77   218 0.82 -
scaffold_4:17739591-17738653  -            313 526at71240           -           1581   2.7e-11   40.9   0.1   2   2   9.5e-05    0.0088   12.6   0.1  1317  1412   218   310   210   313 0.82 -
scaffold_8:19560489-19561793  -            435 526at71240           -           1581     3e-11   40.7   0.0   1   1   4.5e-13   4.2e-11   40.2   0.0   462   651   220   425   203   435 0.45 -
scaffold_2:29568498-29575133  -            979 526at71240           -           1581   3.9e-11   40.3   0.1   1   2   0.00024     0.023   11.3   0.0   470   601   445   572   412   596 0.73 -
scaffold_2:29568498-29575133  -            979 526at71240           -           1581   3.9e-11   40.3   0.1   2   2   5.2e-09   4.9e-07   26.7   0.1   471   616   821   957   806   969 0.82 -
scaffold_1:20361245-20359681  -            492 526at71240           -           1581   8.1e-11   39.3   0.1   1   1   1.1e-12     1e-10   38.9   0.1   452   646   267   472   236   492 0.77 -
scaffold_5:11929705-11930670  -            242 526at71240           -           1581   1.5e-10   38.4   0.0   1   2   7.1e-08   6.6e-06   23.0   0.0   452   535    15    98     2   134 0.80 -
scaffold_5:11929705-11930670  -            242 526at71240           -           1581   1.5e-10   38.4   0.0   2   2   4.6e-05    0.0043   13.7   0.0  1317  1417   139   235   132   241 0.77 -
scaffold_1:33990783-33992563  -            479 526at71240           -           1581   1.5e-10   38.4   0.0   1   1   2.3e-12   2.1e-10   37.9   0.0   461   633   291   473   281   479 0.82 -
scaffold_6:21399143-21395656  -            204 526at71240           -           1581   1.5e-10   38.4   0.1   1   2     0.011         1    5.8   0.0   469   502    20    53    11    66 0.89 -
scaffold_6:21399143-21395656  -            204 526at71240           -           1581   1.5e-10   38.4   0.1   2   2   2.9e-10   2.7e-08   30.9   0.0  1318  1397   106   185    87   197 0.88 -
scaffold_5:1982952-1980613    -            364 526at71240           -           1581     2e-10   38.0   0.6   1   3   4.4e-06   0.00041   17.0   0.1  1188  1249    28    92     3   167 0.68 -
scaffold_5:1982952-1980613    -            364 526at71240           -           1581     2e-10   38.0   0.6   2   3    0.0035      0.32    7.4   0.0   559   597   191   229   177   263 0.87 -
scaffold_5:1982952-1980613    -            364 526at71240           -           1581     2e-10   38.0   0.6   3   3   0.00033     0.031   10.8   0.0   425   500   294   363   256   364 0.66 -
scaffold_2:11405289-11413099  -            876 526at71240           -           1581   2.1e-10   37.9   0.0   1   1   3.5e-12   3.3e-10   37.3   0.0  1214  1372   100   271    71   317 0.78 -
scaffold_9:153549-125053      -           1039 526at71240           -           1581   2.6e-10   37.6   0.0   1   2    0.0042      0.39    7.2   0.0  1310  1362   518   570   443   620 0.76 -
scaffold_9:153549-125053      -           1039 526at71240           -           1581   2.6e-10   37.6   0.0   2   2   1.8e-09   1.7e-07   28.3   0.0   461   608   865  1007   853  1025 0.82 -
scaffold_13:11588053-11584169 -            765 526at71240           -           1581   3.3e-10   37.2   0.0   1   1   5.2e-12   4.9e-10   36.7   0.0   465   644   300   492   243   508 0.77 -
scaffold_415:3971-4429        -            153 526at71240           -           1581   3.4e-10   37.2   0.0   1   1   4.1e-12   3.8e-10   37.1   0.0   464   596    14   152     2   153 0.55 -
scaffold_8:9388691-9391015    -            257 526at71240           -           1581   6.9e-10   36.2   0.0   1   1   1.2e-11   1.1e-09   35.5   0.0  1267  1395    66   205    54   217 0.73 -
scaffold_3:29230976-29232631  -            552 526at71240           -           1581   1.3e-09   35.2   0.0   1   3      0.21        20    1.5   0.0  1214  1241    25    52    16    84 0.68 -
scaffold_3:29230976-29232631  -            552 526at71240           -           1581   1.3e-09   35.2   0.0   2   3   0.00077     0.072    9.6   0.0   561   612   155   206   123   232 0.71 -
scaffold_3:29230976-29232631  -            552 526at71240           -           1581   1.3e-09   35.2   0.0   3   3   9.1e-07   8.5e-05   19.3   0.0  1215  1350   358   489   351   504 0.69 -
scaffold_4:827783-829769      -            508 526at71240           -           1581   1.4e-09   35.2   0.0   1   1   2.2e-11   2.1e-09   34.6   0.0  1212  1384   291   473   266   505 0.63 -
scaffold_5:17978558-17932002  -            228 526at71240           -           1581   2.8e-09   34.2   0.0   1   1   3.9e-11   3.6e-09   33.8   0.0   471   641    15   190     6   198 0.78 -
scaffold_6:28979685-28981955  -            270 526at71240           -           1581   6.7e-09   32.9   0.0   1   1   1.7e-08   1.5e-06   25.1   0.0   437   645     9   248     3   259 0.65 -
scaffold_2:16201811-16199031  -            488 526at71240           -           1581     7e-09   32.9   0.1   1   1   9.7e-11     9e-09   32.5   0.1   467   626   306   476   295   488 0.76 -
scaffold_8:22958753-22957035  -            573 526at71240           -           1581   7.3e-09   32.8   0.0   1   3      0.22        21    1.5   0.0  1213  1240    43    70    34   103 0.69 -
scaffold_8:22958753-22957035  -            573 526at71240           -           1581   7.3e-09   32.8   0.0   2   3   0.00079     0.074    9.6   0.0   561   603   176   218   136   254 0.63 -
scaffold_8:22958753-22957035  -            573 526at71240           -           1581   7.3e-09   32.8   0.0   3   3     4e-06   0.00038   17.2   0.0  1218  1350   382   510   373   533 0.60 -
scaffold_10:2934278-2933287   -            228 526at71240           -           1581   7.6e-09   32.7   0.0   1   1   1.1e-10     1e-08   32.3   0.0   478   598    35   173    27   219 0.75 -
scaffold_6:30474100-30477897  -            359 526at71240           -           1581   8.5e-09   32.6   0.8   1   3   5.9e-07   5.5e-05   19.9   0.1  1197  1294     3   102     1   135 0.60 -
scaffold_6:30474100-30477897  -            359 526at71240           -           1581   8.5e-09   32.6   0.8   2   3      0.32        30    0.9   0.0   559   599   157   195   141   227 0.78 -
scaffold_6:30474100-30477897  -            359 526at71240           -           1581   8.5e-09   32.6   0.8   3   3    0.0014      0.13    8.7   0.0   456   499   282   325   239   341 0.79 -
scaffold_2:14014894-14017042  -            232 526at71240           -           1581   1.9e-08   31.4   0.2   1   1   2.2e-10   2.1e-08   31.3   0.2   564   656   133   224    14   231 0.84 -
scaffold_4:827117-827404      -             96 526at71240           -           1581   4.4e-08   30.2   0.0   1   1     5e-10   4.7e-08   30.1   0.0  1319  1386     1    68     1    95 0.74 -
scaffold_1:20362076-20361777  -            100 526at71240           -           1581   5.6e-08   29.9   0.1   1   1   6.1e-10   5.7e-08   29.8   0.1   565   640     1    75     1    93 0.83 -
scaffold_12:11011839-11005299 -            739 526at71240           -           1581   7.5e-08   29.4   0.2   1   3      0.54        51    0.2   0.0  1216  1238   195   217   186   230 0.81 -
scaffold_12:11011839-11005299 -            739 526at71240           -           1581   7.5e-08   29.4   0.2   2   3     0.052       4.9    3.5   0.0   559   592   332   365   307   372 0.68 -
scaffold_12:11011839-11005299 -            739 526at71240           -           1581   7.5e-08   29.4   0.2   3   3   4.7e-07   4.4e-05   20.3   0.0  1210  1350   547   679   543   687 0.83 -
scaffold_1:3162550-3162807    -             86 526at71240           -           1581   9.4e-08   29.1   0.1   1   1   1.1e-09   1.1e-07   28.9   0.1   564   641     5    81     3    86 0.93 -
scaffold_7:26847456-26849430  -            385 526at71240           -           1581   1.4e-07   28.5   0.1   1   1     2e-09   1.9e-07   28.1   0.1  1319  1413     8   101     2   145 0.65 -
scaffold_9:1752077-1752337    -             87 526at71240           -           1581   1.6e-07   28.3   0.1   1   1   1.8e-09   1.7e-07   28.2   0.1   565   626     1    62     1    83 0.70 -
scaffold_8:9398973-9399296    -            108 526at71240           -           1581   1.6e-07   28.3   0.0   1   1   1.8e-09   1.6e-07   28.3   0.0  1273  1359     5   103     1   108 0.72 -
scaffold_3:21485908-21485654  -             85 526at71240           -           1581   3.2e-07   27.4   0.1   1   1   3.8e-09   3.6e-07   27.2   0.1   565   641     6    81     3    85 0.92 -
scaffold_8:23128579-23068976  -            249 526at71240           -           1581   3.5e-07   27.2   0.0   1   1   4.5e-09   4.2e-07   26.9   0.0   470   622    33   187    24   218 0.74 -
scaffold_2:24845063-24844809  -             85 526at71240           -           1581   4.3e-07   26.9   0.1   1   1   4.8e-09   4.5e-07   26.9   0.1   565   640     6    80     2    85 0.84 -
scaffold_6:29650619-29650374  -             82 526at71240           -           1581   1.5e-06   25.1   0.2   1   1   1.7e-08   1.6e-06   25.0   0.2   565   639     1    74     1    81 0.66 -
scaffold_10:9602941-9602651   -             97 526at71240           -           1581   2.9e-06   24.2   0.0   1   1   3.3e-08   3.1e-06   24.1   0.0   565   646     1    81     1    93 0.93 -
scaffold_1:29008356-29008081  -             92 526at71240           -           1581   3.8e-06   23.8   0.0   1   1   4.7e-08   4.4e-06   23.6   0.0   564   646     5    86     2    91 0.75 -
scaffold_1:43538069-43536765  -            435 526at71240           -           1581   6.7e-05   19.7   0.0   1   1   9.7e-07   9.1e-05   19.2   0.0   457   596   295   434   287   435 0.85 -
scaffold_1:43545090-43543180  -            637 526at71240           -           1581   0.00011   18.9   0.0   1   1   1.6e-06   0.00015   18.5   0.0   468   598   498   628   483   637 0.83 -
scaffold_1:28994391-28993015  -            459 526at71240           -           1581   0.00031   17.5   0.0   1   1   6.5e-06    0.0006   16.5   0.0   452   528   350   427   323   440 0.82 -
scaffold_10:7698654-7694969   -            758 526at71240           -           1581   0.00087   16.0   0.0   1   1   1.4e-05    0.0013   15.4   0.0   458   598   420   557   335   567 0.64 -
#
# Program:         hmmsearch
# Version:         3.3.2 (Nov 2020)
# Pipeline mode:   SEARCH
# Query file:      /scratch/srb67793/Pelargonium/scripts/busco_downloads/lineages/eudicots_odb10/hmms/526at71240.hmm
# Target file:     /scratch/srb67793/Pelargonium/scripts/scratch/srb67793/Pelargonium/Results2/HiFiASM_OmniC/P_citronellum_hap2-scaffolds-busco/run_eudicots_odb10/metaeuk_output/initial_results/P_citronellum-hap2_scaffolds_final.fa.modified.fas
# Option settings: hmmsearch --domtblout /scratch/srb67793/Pelargonium/scripts/scratch/srb67793/Pelargonium/Results2/HiFiASM_OmniC/P_citronellum_hap2-scaffolds-busco/run_eudicots_odb10/hmmer_output/initial_run_results/526at71240.out --cpu 1 /scratch/srb67793/Pelargonium/scripts/busco_downloads/lineages/eudicots_odb10/hmms/526at71240.hmm /scratch/srb67793/Pelargonium/scripts/scratch/srb67793/Pelargonium/Results2/HiFiASM_OmniC/P_citronellum_hap2-scaffolds-busco/run_eudicots_odb10/metaeuk_output/initial_results/P_citronellum-hap2_scaffolds_final.fa.modified.fas 
# Current dir:     /scratch/srb67793/Pelargonium/scripts
# Date:            Fri Jul 19 11:03:56 2024
# [ok]
