#                                                                                    --- full sequence --- -------------- this domain -------------   hmm coord   ali coord   env coord
# target name                accession   tlen query name           accession   qlen   E-value  score  bias   #  of  c-Evalue  i-Evalue  score  bias  from    to  from    to  from    to  acc description of target
#        ------------------- ---------- ----- -------------------- ---------- ----- --------- ------ ----- --- --- --------- --------- ------ ----- ----- ----- ----- ----- ----- ----- ---- ---------------------
scaffold_1:3117817-3119649   -            611 54611at71240         -            469  1.7e-180  600.1  30.3   1   3   3.9e-08   0.00013   20.2   4.7     1   161     1   185     1   201 0.54 -
scaffold_1:3117817-3119649   -            611 54611at71240         -            469  1.7e-180  600.1  30.3   2   3    0.0022       7.1    4.6   9.6    88   153   251   316   201   320 0.49 -
scaffold_1:3117817-3119649   -            611 54611at71240         -            469  1.7e-180  600.1  30.3   3   3  1.5e-179    5e-176  585.4   0.8   177   467   317   610   314   611 0.96 -
scaffold_7:26946584-26965839 -            647 54611at71240         -            469   0.00017   19.8   1.0   1   3   0.00076       2.5    6.1   0.0   295   316   152   173   147   178 0.91 -
scaffold_7:26946584-26965839 -            647 54611at71240         -            469   0.00017   19.8   1.0   2   3    0.0004       1.3    7.0   0.1   381   415   254   287   245   292 0.83 -
scaffold_7:26946584-26965839 -            647 54611at71240         -            469   0.00017   19.8   1.0   3   3    0.0037        12    3.8   0.1   448   461   293   306   290   308 0.91 -
scaffold_11:9784806-9787432  -            220 54611at71240         -            469   0.00076   17.6   0.6   1   2    0.0001      0.33    8.9   0.0   295   408     7   115     3   126 0.78 -
scaffold_11:9784806-9787432  -            220 54611at71240         -            469   0.00076   17.6   0.6   2   2   0.00065       2.1    6.3   0.7   448   463   129   144   124   147 0.92 -
#
# Program:         hmmsearch
# Version:         3.3.2 (Nov 2020)
# Pipeline mode:   SEARCH
# Query file:      /scratch/srb67793/Pelargonium/scripts/busco_downloads/lineages/eudicots_odb10/hmms/54611at71240.hmm
# Target file:     /scratch/srb67793/Pelargonium/scripts/scratch/srb67793/Pelargonium/Results2/HiFiASM_OmniC/P_citronellum_hap2-scaffolds-busco/run_eudicots_odb10/metaeuk_output/initial_results/P_citronellum-hap2_scaffolds_final.fa.modified.fas
# Option settings: hmmsearch --domtblout /scratch/srb67793/Pelargonium/scripts/scratch/srb67793/Pelargonium/Results2/HiFiASM_OmniC/P_citronellum_hap2-scaffolds-busco/run_eudicots_odb10/hmmer_output/initial_run_results/54611at71240.out --cpu 1 /scratch/srb67793/Pelargonium/scripts/busco_downloads/lineages/eudicots_odb10/hmms/54611at71240.hmm /scratch/srb67793/Pelargonium/scripts/scratch/srb67793/Pelargonium/Results2/HiFiASM_OmniC/P_citronellum_hap2-scaffolds-busco/run_eudicots_odb10/metaeuk_output/initial_results/P_citronellum-hap2_scaffolds_final.fa.modified.fas 
# Current dir:     /scratch/srb67793/Pelargonium/scripts
# Date:            Fri Jul 19 11:04:02 2024
# [ok]
