#                                                                                    --- full sequence --- -------------- this domain -------------   hmm coord   ali coord   env coord
# target name                accession   tlen query name           accession   qlen   E-value  score  bias   #  of  c-Evalue  i-Evalue  score  bias  from    to  from    to  from    to  acc description of target
#        ------------------- ---------- ----- -------------------- ---------- ----- --------- ------ ----- --- --- --------- --------- ------ ----- ----- ----- ----- ----- ----- ----- ---- ---------------------
scaffold_2:10000885-9996157  -            646 55986at71240         -            503  1.7e-225  748.6  24.9   1   3   2.1e-39   2.6e-36  124.5   0.7     3   100    12   112    10   119 0.91 -
scaffold_2:10000885-9996157  -            646 55986at71240         -            503  1.7e-225  748.6  24.9   2   3  5.3e-159  6.5e-156  519.1   3.1   100   446   135   569   130   581 0.88 -
scaffold_2:10000885-9996157  -            646 55986at71240         -            503  1.7e-225  748.6  24.9   3   3   1.7e-33   2.1e-30  105.0   8.0   443   503   586   646   570   646 0.91 -
scaffold_3:35326197-35329651 -            645 55986at71240         -            503  2.4e-123  411.6  19.6   1   2   1.2e-74   1.5e-71  240.8   0.0     1   254     3   282     1   294 0.86 -
scaffold_3:35326197-35329651 -            645 55986at71240         -            503  2.4e-123  411.6  19.6   2   2   6.7e-48   8.1e-45  152.6  17.0   253   492   323   645   314   645 0.72 -
scaffold_5:35089873-35038060 -            531 55986at71240         -            503   2.2e-82  276.5  17.0   1   4   6.3e-07   0.00077   17.4   1.1    68   101     2    35     1    45 0.87 -
scaffold_5:35089873-35038060 -            531 55986at71240         -            503   2.2e-82  276.5  17.0   2   4   2.6e-57   3.2e-54  183.6   0.1   103   383    64   369    55   388 0.80 -
scaffold_5:35089873-35038060 -            531 55986at71240         -            503   2.2e-82  276.5  17.0   3   4   4.3e-05     0.052   11.4   0.0   388   426   399   437   397   453 0.91 -
scaffold_5:35089873-35038060 -            531 55986at71240         -            503   2.2e-82  276.5  17.0   4   4   3.4e-23   4.2e-20   71.1   3.7   445   492   484   531   470   531 0.93 -
scaffold_11:58792-55776      -            511 55986at71240         -            503   2.7e-78  263.0   8.4   1   3     2e-56   2.5e-53  180.7   0.1    78   382     1   347     1   369 0.77 -
scaffold_11:58792-55776      -            511 55986at71240         -            503   2.7e-78  263.0   8.4   2   3   3.4e-06    0.0041   15.0   0.0   388   427   379   418   359   431 0.90 -
scaffold_11:58792-55776      -            511 55986at71240         -            503   2.7e-78  263.0   8.4   3   3     4e-22   4.8e-19   67.5   4.0   434   492   453   511   438   511 0.92 -
scaffold_6:18936614-18933596 -            515 55986at71240         -            503     3e-76  256.3   8.9   1   4    0.0053       6.5    4.5   0.0    79    98     1    20     1    28 0.88 -
scaffold_6:18936614-18933596 -            515 55986at71240         -            503     3e-76  256.3   8.9   2   4   1.1e-53   1.4e-50  171.6   0.1   103   382    52   352    45   357 0.80 -
scaffold_6:18936614-18933596 -            515 55986at71240         -            503     3e-76  256.3   8.9   3   4   9.4e-06     0.011   13.5   0.0   388   425   382   419   379   432 0.92 -
scaffold_6:18936614-18933596 -            515 55986at71240         -            503     3e-76  256.3   8.9   4   4   4.7e-22   5.7e-19   67.3   2.8   444   493   466   515   451   515 0.92 -
scaffold_4:20211210-20195084 -           1668 55986at71240         -            503   4.6e-05   21.4   1.2   1   1   7.5e-08   9.1e-05   20.5   1.2   421   478   388   452   377   460 0.71 -
scaffold_110:97257-105275    -           1306 55986at71240         -            503    0.0047   14.8   1.7   1   1   6.3e-06    0.0077   14.1   1.7   454   495   119   162    75   169 0.77 -
scaffold_10:1945197-1929250  -           1698 55986at71240         -            503         9    4.0  18.9   1   3     0.045        54    1.4   1.3   442   492   242   294   189   299 0.76 -
scaffold_10:1945197-1929250  -           1698 55986at71240         -            503         9    4.0  18.9   2   3      0.83     1e+03   -2.8   1.6   449   493  1338  1381  1319  1383 0.77 -
scaffold_10:1945197-1929250  -           1698 55986at71240         -            503         9    4.0  18.9   3   3   5.1e-06    0.0062   14.4   1.8   448   496  1568  1612  1550  1618 0.84 -
#
# Program:         hmmsearch
# Version:         3.3.2 (Nov 2020)
# Pipeline mode:   SEARCH
# Query file:      /scratch/srb67793/Pelargonium/scripts/busco_downloads/lineages/eudicots_odb10/hmms/55986at71240.hmm
# Target file:     /scratch/srb67793/Pelargonium/scripts/scratch/srb67793/Pelargonium/Results2/HiFiASM_OmniC/P_citronellum_hap2-scaffolds-busco/run_eudicots_odb10/metaeuk_output/initial_results/P_citronellum-hap2_scaffolds_final.fa.modified.fas
# Option settings: hmmsearch --domtblout /scratch/srb67793/Pelargonium/scripts/scratch/srb67793/Pelargonium/Results2/HiFiASM_OmniC/P_citronellum_hap2-scaffolds-busco/run_eudicots_odb10/hmmer_output/initial_run_results/55986at71240.out --cpu 1 /scratch/srb67793/Pelargonium/scripts/busco_downloads/lineages/eudicots_odb10/hmms/55986at71240.hmm /scratch/srb67793/Pelargonium/scripts/scratch/srb67793/Pelargonium/Results2/HiFiASM_OmniC/P_citronellum_hap2-scaffolds-busco/run_eudicots_odb10/metaeuk_output/initial_results/P_citronellum-hap2_scaffolds_final.fa.modified.fas 
# Current dir:     /scratch/srb67793/Pelargonium/scripts
# Date:            Fri Jul 19 11:03:50 2024
# [ok]
