#                                                                                    --- full sequence --- -------------- this domain -------------   hmm coord   ali coord   env coord
# target name                accession   tlen query name           accession   qlen   E-value  score  bias   #  of  c-Evalue  i-Evalue  score  bias  from    to  from    to  from    to  acc description of target
#        ------------------- ---------- ----- -------------------- ---------- ----- --------- ------ ----- --- --- --------- --------- ------ ----- ----- ----- ----- ----- ----- ----- ---- ---------------------
scaffold_2:25901552-25897247 -            521 56666at71240         -            444  8.9e-254  841.1  27.6   1   3  1.3e-129  6.2e-126  419.8   3.4     1   213    11   230    11   235 0.97 -
scaffold_2:25901552-25897247 -            521 56666at71240         -            444  8.9e-254  841.1  27.6   2   3     0.004        19    2.9   0.0   211   235   255   280   244   293 0.74 -
scaffold_2:25901552-25897247 -            521 56666at71240         -            444  8.9e-254  841.1  27.6   3   3  2.8e-131  1.4e-127  425.2  14.0   222   444   295   521   284   521 0.97 -
scaffold_1:41665930-41661887 -            562 56666at71240         -            444  2.3e-247  820.0  36.7   1   4    6e-122  2.9e-118  394.5   7.6     1   199    24   230    24   235 0.97 -
scaffold_1:41665930-41661887 -            562 56666at71240         -            444  2.3e-247  820.0  36.7   2   4   7.5e-05      0.36    8.6   0.2   199   214   253   268   243   281 0.85 -
scaffold_1:41665930-41661887 -            562 56666at71240         -            444  2.3e-247  820.0  36.7   3   4     0.022   1.1e+02    0.4   0.0   207   222   288   303   280   330 0.81 -
scaffold_1:41665930-41661887 -            562 56666at71240         -            444  2.3e-247  820.0  36.7   4   4    1e-131  5.1e-128  426.6  13.4   222   444   337   562   322   562 0.97 -
#
# Program:         hmmsearch
# Version:         3.3.2 (Nov 2020)
# Pipeline mode:   SEARCH
# Query file:      /scratch/srb67793/Pelargonium/scripts/busco_downloads/lineages/eudicots_odb10/hmms/56666at71240.hmm
# Target file:     /scratch/srb67793/Pelargonium/scripts/scratch/srb67793/Pelargonium/Results2/HiFiASM_OmniC/P_citronellum_hap2-scaffolds-busco/run_eudicots_odb10/metaeuk_output/initial_results/P_citronellum-hap2_scaffolds_final.fa.modified.fas
# Option settings: hmmsearch --domtblout /scratch/srb67793/Pelargonium/scripts/scratch/srb67793/Pelargonium/Results2/HiFiASM_OmniC/P_citronellum_hap2-scaffolds-busco/run_eudicots_odb10/hmmer_output/initial_run_results/56666at71240.out --cpu 1 /scratch/srb67793/Pelargonium/scripts/busco_downloads/lineages/eudicots_odb10/hmms/56666at71240.hmm /scratch/srb67793/Pelargonium/scripts/scratch/srb67793/Pelargonium/Results2/HiFiASM_OmniC/P_citronellum_hap2-scaffolds-busco/run_eudicots_odb10/metaeuk_output/initial_results/P_citronellum-hap2_scaffolds_final.fa.modified.fas 
# Current dir:     /scratch/srb67793/Pelargonium/scripts
# Date:            Fri Jul 19 11:03:57 2024
# [ok]
