#                                                                                   --- full sequence --- -------------- this domain -------------   hmm coord   ali coord   env coord
# target name               accession   tlen query name           accession   qlen   E-value  score  bias   #  of  c-Evalue  i-Evalue  score  bias  from    to  from    to  from    to  acc description of target
#       ------------------- ---------- ----- -------------------- ---------- ----- --------- ------ ----- --- --- --------- --------- ------ ----- ----- ----- ----- ----- ----- ----- ---- ---------------------
scaffold_10:5305198-5296161 -           1374 6146at71240          -           1044         0 1522.0  42.7   1   7   2.3e-11   2.2e-07   28.1   2.4     1    48    33    86    33    92 0.88 -
scaffold_10:5305198-5296161 -           1374 6146at71240          -           1044         0 1522.0  42.7   2   7   1.3e-84   1.3e-80  270.6   9.4    72   265    81   311    79   324 0.84 -
scaffold_10:5305198-5296161 -           1374 6146at71240          -           1044         0 1522.0  42.7   3   7   1.2e-42   1.2e-38  131.7   0.8   264   365   352   460   325   465 0.90 -
scaffold_10:5305198-5296161 -           1374 6146at71240          -           1044         0 1522.0  42.7   4   7   2.4e-36   2.4e-32  110.8   0.3   362   444   490   579   482   588 0.94 -
scaffold_10:5305198-5296161 -           1374 6146at71240          -           1044         0 1522.0  42.7   5   7     8e-18   7.7e-14   49.5   0.1   442   487   610   655   586   667 0.87 -
scaffold_10:5305198-5296161 -           1374 6146at71240          -           1044         0 1522.0  42.7   6   7  3.3e-149  3.2e-145  484.5   1.9   473   763   673  1002   670  1016 0.89 -
scaffold_10:5305198-5296161 -           1374 6146at71240          -           1044         0 1522.0  42.7   7   7  2.3e-141  2.3e-137  458.5   0.0   757  1044  1041  1366  1030  1366 0.90 -
#
# Program:         hmmsearch
# Version:         3.3.2 (Nov 2020)
# Pipeline mode:   SEARCH
# Query file:      /scratch/srb67793/Pelargonium/scripts/busco_downloads/lineages/eudicots_odb10/hmms/6146at71240.hmm
# Target file:     /scratch/srb67793/Pelargonium/scripts/scratch/srb67793/Pelargonium/Results2/HiFiASM_OmniC/P_citronellum_hap2-scaffolds-busco/run_eudicots_odb10/metaeuk_output/initial_results/P_citronellum-hap2_scaffolds_final.fa.modified.fas
# Option settings: hmmsearch --domtblout /scratch/srb67793/Pelargonium/scripts/scratch/srb67793/Pelargonium/Results2/HiFiASM_OmniC/P_citronellum_hap2-scaffolds-busco/run_eudicots_odb10/hmmer_output/initial_run_results/6146at71240.out --cpu 1 /scratch/srb67793/Pelargonium/scripts/busco_downloads/lineages/eudicots_odb10/hmms/6146at71240.hmm /scratch/srb67793/Pelargonium/scripts/scratch/srb67793/Pelargonium/Results2/HiFiASM_OmniC/P_citronellum_hap2-scaffolds-busco/run_eudicots_odb10/metaeuk_output/initial_results/P_citronellum-hap2_scaffolds_final.fa.modified.fas 
# Current dir:     /scratch/srb67793/Pelargonium/scripts
# Date:            Fri Jul 19 11:04:12 2024
# [ok]
