#                                                                                    --- full sequence --- -------------- this domain -------------   hmm coord   ali coord   env coord
# target name                accession   tlen query name           accession   qlen   E-value  score  bias   #  of  c-Evalue  i-Evalue  score  bias  from    to  from    to  from    to  acc description of target
#        ------------------- ---------- ----- -------------------- ---------- ----- --------- ------ ----- --- --- --------- --------- ------ ----- ----- ----- ----- ----- ----- ----- ---- ---------------------
scaffold_5:14063209-14054481 -            582 65356at71240         -            408    6e-180  597.4   1.8   1   2   1.7e-24   3.3e-21   74.6   0.1     1    52    41    94    41   105 0.92 -
scaffold_5:14063209-14054481 -            582 65356at71240         -            408    6e-180  597.4   1.8   2   2  1.7e-160  3.3e-157  522.5   0.2    89   407    99   450    94   451 0.92 -
scaffold_1:3111454-3116450   -            465 65356at71240         -            408  3.9e-166  551.9   0.0   1   1  3.6e-169    7e-166  551.1   0.0     2   408    16   464    15   464 0.93 -
scaffold_9:2378664-2382609   -            454 65356at71240         -            408  2.2e-162  539.6   0.0   1   1  1.5e-165  2.9e-162  539.1   0.0     2   408     1   454     1   454 0.92 -
scaffold_1:37025243-37030133 -            424 65356at71240         -            408  3.8e-144  479.5   0.7   1   2   2.2e-95   4.3e-92  308.0   0.0     2   233     1   245     1   246 0.94 -
scaffold_1:37025243-37030133 -            424 65356at71240         -            408  3.8e-144  479.5   0.7   2   2   1.5e-53   2.9e-50  170.3   0.1   254   408   245   424   240   424 0.88 -
scaffold_8:8857965-8850104   -            427 65356at71240         -            408  1.9e-137  457.4   2.9   1   1  2.1e-139    4e-136  453.1   2.9     3   406     5   427     3   427 0.89 -
#
# Program:         hmmsearch
# Version:         3.3.2 (Nov 2020)
# Pipeline mode:   SEARCH
# Query file:      /scratch/srb67793/Pelargonium/scripts/busco_downloads/lineages/eudicots_odb10/hmms/65356at71240.hmm
# Target file:     /scratch/srb67793/Pelargonium/scripts/scratch/srb67793/Pelargonium/Results2/HiFiASM_OmniC/P_citronellum_hap2-scaffolds-busco/run_eudicots_odb10/metaeuk_output/initial_results/P_citronellum-hap2_scaffolds_final.fa.modified.fas
# Option settings: hmmsearch --domtblout /scratch/srb67793/Pelargonium/scripts/scratch/srb67793/Pelargonium/Results2/HiFiASM_OmniC/P_citronellum_hap2-scaffolds-busco/run_eudicots_odb10/hmmer_output/initial_run_results/65356at71240.out --cpu 1 /scratch/srb67793/Pelargonium/scripts/busco_downloads/lineages/eudicots_odb10/hmms/65356at71240.hmm /scratch/srb67793/Pelargonium/scripts/scratch/srb67793/Pelargonium/Results2/HiFiASM_OmniC/P_citronellum_hap2-scaffolds-busco/run_eudicots_odb10/metaeuk_output/initial_results/P_citronellum-hap2_scaffolds_final.fa.modified.fas 
# Current dir:     /scratch/srb67793/Pelargonium/scripts
# Date:            Fri Jul 19 11:04:08 2024
# [ok]
