#                                                                                     --- full sequence --- -------------- this domain -------------   hmm coord   ali coord   env coord
# target name                 accession   tlen query name           accession   qlen   E-value  score  bias   #  of  c-Evalue  i-Evalue  score  bias  from    to  from    to  from    to  acc description of target
#         ------------------- ---------- ----- -------------------- ---------- ----- --------- ------ ----- --- --- --------- --------- ------ ----- ----- ----- ----- ----- ----- ----- ---- ---------------------
scaffold_2:37914797-37918200  -            625 66590at71240         -            526  1.1e-285  947.3   3.5   1   1  1.7e-287  1.2e-284  943.9   3.5    17   526    51   625    38   625 0.94 -
scaffold_5:14544529-14533950  -            632 66590at71240         -            526   1.5e-63  214.3   0.1   1   2    0.0024       1.8    6.2   0.0    75    95   209   229   157   245 0.89 -
scaffold_5:14544529-14533950  -            632 66590at71240         -            526   1.5e-63  214.3   0.1   2   2   8.1e-64   6.1e-61  205.7   0.1   112   375   270   558   264   571 0.85 -
scaffold_3:32148817-32148071  -            249 66590at71240         -            526   2.1e-47  161.0   0.2   1   1   5.1e-50   3.8e-47  160.2   0.2   178   388    15   245     1   249 0.81 -
scaffold_5:1999522-1993433    -            366 66590at71240         -            526   5.4e-15   54.1   0.0   1   1     1e-17   7.7e-15   53.6   0.0   233   356    66   186    36   219 0.84 -
scaffold_9:1085781-1082002    -            275 66590at71240         -            526   1.9e-12   45.7   0.0   1   1   3.3e-15   2.5e-12   45.3   0.0   235   323    62   151    42   169 0.88 -
scaffold_5:24532318-24535334  -            330 66590at71240         -            526   1.5e-10   39.4   0.0   1   1   2.9e-13   2.2e-10   38.9   0.0   235   303    64   131    47   143 0.92 -
scaffold_10:11645478-11652303 -            536 66590at71240         -            526   1.5e-09   36.1   0.1   1   1   3.2e-12   2.4e-09   35.5   0.1   232   401   318   482   314   490 0.85 -
scaffold_13:10602045-10595570 -            360 66590at71240         -            526   1.6e-09   36.0   0.0   1   1   3.1e-12   2.3e-09   35.5   0.0   236   292   194   249   180   282 0.90 -
scaffold_433:31766-30696      -            357 66590at71240         -            526   0.00018   19.4   0.0   1   1     4e-07    0.0003   18.6   0.0   236   295   167   225   163   347 0.73 -
scaffold_4:12243963-12245033  -            357 66590at71240         -            526   0.00049   17.9   0.0   1   1   1.1e-06   0.00082   17.2   0.0   236   295   167   225   163   347 0.73 -
scaffold_8:10174962-10186910  -            507 66590at71240         -            526     0.033   11.9   0.1   1   2    0.0066       4.9    4.7   0.0   231   256     5    30     3    69 0.71 -
scaffold_8:10174962-10186910  -            507 66590at71240         -            526     0.033   11.9   0.1   2   2    0.0079       5.9    4.5   0.0   229   252   211   234   198   246 0.76 -
scaffold_6:22578422-22588194  -           1044 66590at71240         -            526     0.042   11.5   0.0   1   2      0.45   3.4e+02   -1.3   0.0   234   254    21    41    10    61 0.83 -
scaffold_6:22578422-22588194  -           1044 66590at71240         -            526     0.042   11.5   0.0   2   2   0.00028      0.21    9.3   0.0   306   410    72   176    66   191 0.76 -
scaffold_2:17109538-17128115  -            797 66590at71240         -            526     0.046   11.4   0.0   1   1   9.3e-05      0.07   10.8   0.0   233   274   134   176   112   190 0.74 -
#
# Program:         hmmsearch
# Version:         3.3.2 (Nov 2020)
# Pipeline mode:   SEARCH
# Query file:      /scratch/srb67793/Pelargonium/scripts/busco_downloads/lineages/eudicots_odb10/hmms/66590at71240.hmm
# Target file:     /scratch/srb67793/Pelargonium/scripts/scratch/srb67793/Pelargonium/Results2/HiFiASM_OmniC/P_citronellum_hap2-scaffolds-busco/run_eudicots_odb10/metaeuk_output/initial_results/P_citronellum-hap2_scaffolds_final.fa.modified.fas
# Option settings: hmmsearch --domtblout /scratch/srb67793/Pelargonium/scripts/scratch/srb67793/Pelargonium/Results2/HiFiASM_OmniC/P_citronellum_hap2-scaffolds-busco/run_eudicots_odb10/hmmer_output/initial_run_results/66590at71240.out --cpu 1 /scratch/srb67793/Pelargonium/scripts/busco_downloads/lineages/eudicots_odb10/hmms/66590at71240.hmm /scratch/srb67793/Pelargonium/scripts/scratch/srb67793/Pelargonium/Results2/HiFiASM_OmniC/P_citronellum_hap2-scaffolds-busco/run_eudicots_odb10/metaeuk_output/initial_results/P_citronellum-hap2_scaffolds_final.fa.modified.fas 
# Current dir:     /scratch/srb67793/Pelargonium/scripts
# Date:            Fri Jul 19 11:04:09 2024
# [ok]
