#                                                                                    --- full sequence --- -------------- this domain -------------   hmm coord   ali coord   env coord
# target name                accession   tlen query name           accession   qlen   E-value  score  bias   #  of  c-Evalue  i-Evalue  score  bias  from    to  from    to  from    to  acc description of target
#        ------------------- ---------- ----- -------------------- ---------- ----- --------- ------ ----- --- --- --------- --------- ------ ----- ----- ----- ----- ----- ----- ----- ---- ---------------------
scaffold_8:17118508-17123702 -            497 70727at71240         -            381  3.4e-197  653.9   1.9   1   2   4.1e-33   9.9e-30  102.6   1.3     1    62    10    71    10    76 0.96 -
scaffold_8:17118508-17123702 -            497 70727at71240         -            381  3.4e-197  653.9   1.9   2   2  5.8e-169  1.4e-165  549.8   0.0    59   381   100   458    88   458 0.94 -
scaffold_5:4001844-4008254   -            642 70727at71240         -            381   1.7e-14   52.5   0.1   1   2   1.1e-11   2.7e-08   32.1   0.0   184   252   334   402   326   441 0.87 -
scaffold_5:4001844-4008254   -            642 70727at71240         -            381   1.7e-14   52.5   0.1   2   2     3e-07   0.00074   17.5   0.0   265   332   505   576   491   637 0.81 -
scaffold_5:32170001-32168723 -            224 70727at71240         -            381   1.7e-09   36.0   0.1   1   2      0.21   5.1e+02   -1.7   0.0   167   187     4    24     2    28 0.87 -
scaffold_5:32170001-32168723 -            224 70727at71240         -            381   1.7e-09   36.0   0.1   2   2   2.3e-12   5.6e-09   34.3   0.0   184   252    66   134    57   147 0.86 -
scaffold_6:21443625-21442634 -            105 70727at71240         -            381     0.016   13.1   0.6   1   1   3.3e-05     0.079   10.8   0.6   309   324    90   105     1   105 0.88 -
#
# Program:         hmmsearch
# Version:         3.3.2 (Nov 2020)
# Pipeline mode:   SEARCH
# Query file:      /scratch/srb67793/Pelargonium/scripts/busco_downloads/lineages/eudicots_odb10/hmms/70727at71240.hmm
# Target file:     /scratch/srb67793/Pelargonium/scripts/scratch/srb67793/Pelargonium/Results2/HiFiASM_OmniC/P_citronellum_hap2-scaffolds-busco/run_eudicots_odb10/metaeuk_output/initial_results/P_citronellum-hap2_scaffolds_final.fa.modified.fas
# Option settings: hmmsearch --domtblout /scratch/srb67793/Pelargonium/scripts/scratch/srb67793/Pelargonium/Results2/HiFiASM_OmniC/P_citronellum_hap2-scaffolds-busco/run_eudicots_odb10/hmmer_output/initial_run_results/70727at71240.out --cpu 1 /scratch/srb67793/Pelargonium/scripts/busco_downloads/lineages/eudicots_odb10/hmms/70727at71240.hmm /scratch/srb67793/Pelargonium/scripts/scratch/srb67793/Pelargonium/Results2/HiFiASM_OmniC/P_citronellum_hap2-scaffolds-busco/run_eudicots_odb10/metaeuk_output/initial_results/P_citronellum-hap2_scaffolds_final.fa.modified.fas 
# Current dir:     /scratch/srb67793/Pelargonium/scripts
# Date:            Fri Jul 19 11:04:16 2024
# [ok]
