#                                                                                     --- full sequence --- -------------- this domain -------------   hmm coord   ali coord   env coord
# target name                 accession   tlen query name           accession   qlen   E-value  score  bias   #  of  c-Evalue  i-Evalue  score  bias  from    to  from    to  from    to  acc description of target
#         ------------------- ---------- ----- -------------------- ---------- ----- --------- ------ ----- --- --- --------- --------- ------ ----- ----- ----- ----- ----- ----- ----- ---- ---------------------
scaffold_2:24117626-24114593  -            479 75392at71240         -            406    3e-204  677.4   5.2   1   2         3   4.6e+02   -1.7   0.0     1    14     1    14     1    30 0.76 -
scaffold_2:24117626-24114593  -            479 75392at71240         -            406    3e-204  677.4   5.2   2   2    4e-206  6.1e-204  676.4   4.8    10   402    36   461    34   465 0.93 -
scaffold_4:9507196-9502281    -            478 75392at71240         -            406  1.1e-134  448.3  18.5   1   1  8.7e-137  1.3e-134  448.0  18.5    12   397    59   476    55   478 0.89 -
scaffold_4:23772722-23770746  -            131 75392at71240         -            406   1.2e-09   36.5   7.9   1   1   9.4e-12   1.4e-09   36.2   7.9   176   236    43   103    12   107 0.86 -
scaffold_13:10721668-10721865 -             66 75392at71240         -            406   6.6e-08   30.8   2.3   1   1   4.3e-10   6.6e-08   30.8   2.3   127   170    22    64     3    66 0.82 -
scaffold_5:5082051-5082335    -             95 75392at71240         -            406   9.2e-07   27.0   4.9   1   1   6.7e-09     1e-06   26.8   4.9   102   173    24    92    15    95 0.84 -
scaffold_14:2077595-2078200   -            202 75392at71240         -            406     1e-06   26.8   0.5   1   2   6.6e-09     1e-06   26.8   0.5   117   172    44    98    37   109 0.82 -
scaffold_14:2077595-2078200   -            202 75392at71240         -            406     1e-06   26.8   0.5   2   2       4.5   6.8e+02   -2.2   0.1   163   182   125   144   120   150 0.77 -
scaffold_1:33353494-33353255  -             80 75392at71240         -            406   1.2e-06   26.6   4.7   1   1   8.3e-09   1.3e-06   26.5   4.7   127   174    27    75     8    79 0.79 -
scaffold_3:40188918-40188640  -             93 75392at71240         -            406   3.1e-06   25.3   1.7   1   1   2.1e-08   3.2e-06   25.2   1.7   127   169    33    77    16    90 0.87 -
scaffold_6:14376138-14376440  -            101 75392at71240         -            406   7.6e-06   24.0   4.2   1   1   5.8e-08   8.7e-06   23.8   4.2   119   176    30    91    13    96 0.79 -
scaffold_6:14374007-14376479  -            181 75392at71240         -            406   8.6e-06   23.8   2.9   1   1   7.8e-08   1.2e-05   23.3   2.9   119   177    97   159    76   173 0.80 -
scaffold_110:23457-23200      -             86 75392at71240         -            406   3.2e-05   21.9   2.7   1   1   2.4e-07   3.7e-05   21.7   2.7   126   176    29    78    13    83 0.78 -
scaffold_6:20752761-20752940  -             60 75392at71240         -            406   5.2e-05   21.2   4.7   1   1   3.6e-07   5.5e-05   21.1   4.7   127   169    17    60     7    60 0.84 -
scaffold_1:26153835-26153611  -             75 75392at71240         -            406   0.00012   20.0   0.2   1   1   8.5e-07   0.00013   19.9   0.2   127   169    28    71    11    73 0.85 -
scaffold_1:37306209-37306511  -            101 75392at71240         -            406   0.00016   19.6   0.9   1   1   1.2e-06   0.00018   19.4   0.9   127   175    26    73    13    88 0.76 -
scaffold_3:35469905-35469639  -             89 75392at71240         -            406    0.0003   18.7   3.6   1   1   2.5e-06   0.00038   18.4   3.6   127   169    41    84    31    86 0.83 -
scaffold_6:9389055-9388489    -            189 75392at71240         -            406   0.00035   18.5   1.8   1   1   3.4e-06   0.00051   17.9   1.8   119   168    94   145    86   152 0.89 -
scaffold_12:11360070-11360216 -             49 75392at71240         -            406   0.00038   18.4   4.2   1   1   2.5e-06   0.00038   18.4   4.2   128   170     1    45     1    49 0.87 -
scaffold_7:27362650-27362216  -            145 75392at71240         -            406   0.00041   18.3   2.7   1   1   3.2e-06   0.00048   18.0   2.7   125   171   100   145    84   145 0.88 -
scaffold_11:9674591-9673893   -            233 75392at71240         -            406   0.00042   18.2   3.1   1   1   2.8e-06   0.00042   18.2   3.1   127   170   109   154    96   165 0.87 -
scaffold_558:21081-20935      -             49 75392at71240         -            406   0.00046   18.1   8.9   1   1   3.8e-06   0.00057   17.8   8.9   128   169     5    47     3    48 0.82 -
scaffold_3:22089388-22089173  -             72 75392at71240         -            406   0.00047   18.1   1.9   1   1   3.1e-06   0.00047   18.1   1.9   127   172    21    65     7    72 0.84 -
scaffold_10:9309736-9309494   -             81 75392at71240         -            406   0.00067   17.6   1.3   1   1   4.4e-06   0.00067   17.6   1.3   127   168    31    74    16    81 0.86 -
scaffold_110:14275-13880      -            132 75392at71240         -            406   0.00077   17.4   0.4   1   1     6e-06    0.0009   17.1   0.4   118   168    80   132    64   132 0.85 -
scaffold_3:34045530-34045060  -            157 75392at71240         -            406    0.0011   16.8   1.7   1   1   9.4e-06    0.0014   16.5   1.7   127   169    71   115    57   127 0.86 -
scaffold_4:3760288-3760710    -            141 75392at71240         -            406    0.0013   16.6   3.4   1   1   1.1e-05    0.0017   16.2   3.4   125   168    77   122    64   126 0.86 -
scaffold_6:31263782-31263273  -            170 75392at71240         -            406    0.0017   16.2   3.4   1   1   1.6e-05    0.0024   15.8   3.4   127   168   122   165   115   167 0.89 -
scaffold_8:997948-998667      -            240 75392at71240         -            406    0.0017   16.2   1.0   1   1   1.6e-05    0.0025   15.7   1.0   126   170    77   123    66   138 0.82 -
scaffold_8:4235712-4234963    -            250 75392at71240         -            406    0.0018   16.1   1.0   1   1   1.8e-05    0.0027   15.6   1.0   126   170    87   133    76   148 0.82 -
scaffold_9:4071101-4070559    -            181 75392at71240         -            406    0.0019   16.1   1.4   1   1   1.6e-05    0.0024   15.7   1.4   126   168   108   152    93   162 0.86 -
scaffold_2:5451174-5451971    -            266 75392at71240         -            406    0.0019   16.0   2.0   1   1   1.9e-05    0.0029   15.4   2.0   124   175   210   262   195   265 0.78 -
scaffold_12:11354374-11354613 -             80 75392at71240         -            406    0.0021   15.9   1.2   1   1   1.5e-05    0.0022   15.9   1.2   126   168    27    71    13    79 0.79 -
scaffold_5:5528940-5528695    -             82 75392at71240         -            406    0.0021   15.9   0.3   1   1   1.5e-05    0.0022   15.8   0.3   116   171    25    76     3    79 0.76 -
scaffold_3:33894571-33895782  -            404 75392at71240         -            406     0.003   15.4   0.8   1   1   2.9e-05    0.0043   14.9   0.8   127   170   103   148    92   158 0.81 -
scaffold_9:3197880-3197728    -             51 75392at71240         -            406    0.0033   15.3   0.5   1   1   2.2e-05    0.0033   15.3   0.5   145   172    19    45     2    51 0.71 -
scaffold_10:9293045-9293698   -            218 75392at71240         -            406    0.0035   15.2   1.2   1   1   3.3e-05     0.005   14.7   1.2   121   171   103   152    92   156 0.84 -
scaffold_2:32846711-32847091  -            127 75392at71240         -            406    0.0035   15.2   3.8   1   1   2.8e-05    0.0043   14.9   3.8   120   171    74   124    61   126 0.80 -
scaffold_4:12213032-12212574  -            153 75392at71240         -            406    0.0035   15.2   1.5   1   2       7.5   1.1e+03   -3.0   0.6   189   196    15    22     2    30 0.64 -
scaffold_4:12213032-12212574  -            153 75392at71240         -            406    0.0035   15.2   1.5   2   2   2.3e-05    0.0035   15.2   1.5   127   168    88   131    74   141 0.86 -
scaffold_594:10776-10952      -             59 75392at71240         -            406    0.0043   14.9   4.1   1   1   3.3e-05     0.005   14.7   4.1   124   169     9    55     3    57 0.81 -
scaffold_6:16334078-16334326  -             83 75392at71240         -            406    0.0044   14.9   6.4   1   1   2.9e-05    0.0044   14.8   6.4   126   167    40    83    18    83 0.85 -
scaffold_4:21324896-21326152  -            419 75392at71240         -            406    0.0051   14.7   0.9   1   1   4.8e-05    0.0073   14.1   0.9   127   168   163   206   149   214 0.83 -
scaffold_13:10978725-10978411 -            105 75392at71240         -            406    0.0056   14.5   2.7   1   1   4.1e-05    0.0062   14.4   2.7   126   176    44    95    25   104 0.71 -
scaffold_10:17703184-17702210 -            325 75392at71240         -            406    0.0058   14.5   0.8   1   1   5.3e-05     0.008   14.0   0.8   127   169   135   179   126   197 0.87 -
scaffold_3:40193159-40192935  -             75 75392at71240         -            406    0.0076   14.1   5.5   1   1   4.6e-05     0.007   14.2   5.5   126   170    31    74     2    75 0.80 -
scaffold_2:19559069-19525165  -            250 75392at71240         -            406    0.0082   14.0   1.3   1   1   8.6e-05     0.013   13.3   1.3   127   168    91   134    82   142 0.86 -
scaffold_5:12915830-12915543  -             96 75392at71240         -            406    0.0085   13.9   1.6   1   1   6.8e-05      0.01   13.6   1.6   117   168    40    93    33    95 0.84 -
scaffold_1:40175774-40176400  -            209 75392at71240         -            406      0.01   13.6   2.4   1   1   9.7e-05     0.015   13.1   2.4   114   171    85   141    66   150 0.81 -
scaffold_11:3842047-3841751   -             99 75392at71240         -            406     0.012   13.4   4.8   1   1   9.3e-05     0.014   13.2   4.8   126   168    49    93    31    98 0.81 -
scaffold_2:23442162-23441260  -            301 75392at71240         -            406     0.017   12.9   1.8   1   1   0.00018     0.027   12.3   1.8   124   171   137   183   119   190 0.84 -
scaffold_11:3541643-3542167   -            175 75392at71240         -            406     0.018   12.8   0.4   1   1   0.00016     0.024   12.4   0.4   126   169   128   172   107   174 0.79 -
scaffold_4:19317406-19317110  -             99 75392at71240         -            406     0.021   12.6   4.7   1   1   0.00015     0.023   12.5   4.7   126   169    47    92    34    99 0.84 -
scaffold_41:795315-795464     -             50 75392at71240         -            406     0.024   12.4   2.7   1   1   0.00016     0.024   12.4   2.7   127   168    11    50     3    50 0.77 -
scaffold_7:28691000-28691263  -             88 75392at71240         -            406     0.026   12.3   3.4   1   1   0.00019     0.028   12.2   3.4   127   168    45    88    27    88 0.84 -
scaffold_3:30197349-30182722  -           1866 75392at71240         -            406     0.028   12.2   2.2   1   1   0.00035     0.053   11.3   2.2   121   171  1809  1863  1789  1865 0.83 -
scaffold_13:10998060-10997830 -             77 75392at71240         -            406     0.031   12.1   4.2   1   1   0.00022     0.034   11.9   4.2   126   169    30    74    11    76 0.74 -
scaffold_11:598288-620756     -            556 75392at71240         -            406      0.04   11.7   1.3   1   1   0.00058     0.087   10.6   1.3   122   168   122   170   113   177 0.83 -
scaffold_8:19848474-19849337  -            288 75392at71240         -            406     0.041   11.7   3.2   1   1   0.00039      0.06   11.1   3.2   126   171   133   177   122   180 0.83 -
scaffold_1:3385888-3386508    -            207 75392at71240         -            406     0.054   11.3   3.4   1   1   0.00047     0.072   10.9   3.4   127   182   118   174   108   181 0.76 -
scaffold_3:20514197-20513376  -            274 75392at71240         -            406     0.056   11.2   3.0   1   1   0.00064     0.097   10.4   3.0   126   171   115   159   104   162 0.83 -
scaffold_13:1217340-1216729   -            204 75392at71240         -            406      0.18    9.6   5.2   1   1    0.0016      0.24    9.2   5.2   126   168    96   140    84   159 0.80 -
scaffold_53:164237-163626     -            204 75392at71240         -            406      0.18    9.6   5.2   1   1    0.0016      0.24    9.2   5.2   126   168    96   140    84   159 0.80 -
scaffold_2:12357474-12354968  -            229 75392at71240         -            406      0.41    8.4   5.7   1   1    0.0029      0.45    8.3   5.7   318   377    89   147    30   176 0.82 -
scaffold_11:3885254-3885592   -            113 75392at71240         -            406      0.55    8.0   4.9   1   1    0.0042      0.63    7.8   4.9   127   183    49    98    28   108 0.70 -
scaffold_5:2530065-2530547    -             93 75392at71240         -            406         1    7.1  13.5   1   1    0.0076       1.2    6.9  13.5   128   197     1    71     1    78 0.87 -
scaffold_4:7398715-7401288    -            154 75392at71240         -            406       1.1    7.0   5.7   1   1    0.0081       1.2    6.8   5.7   283   357    59   132    29   146 0.75 -
#
# Program:         hmmsearch
# Version:         3.3.2 (Nov 2020)
# Pipeline mode:   SEARCH
# Query file:      /scratch/srb67793/Pelargonium/scripts/busco_downloads/lineages/eudicots_odb10/hmms/75392at71240.hmm
# Target file:     /scratch/srb67793/Pelargonium/scripts/scratch/srb67793/Pelargonium/Results2/HiFiASM_OmniC/P_citronellum_hap2-scaffolds-busco/run_eudicots_odb10/metaeuk_output/initial_results/P_citronellum-hap2_scaffolds_final.fa.modified.fas
# Option settings: hmmsearch --domtblout /scratch/srb67793/Pelargonium/scripts/scratch/srb67793/Pelargonium/Results2/HiFiASM_OmniC/P_citronellum_hap2-scaffolds-busco/run_eudicots_odb10/hmmer_output/initial_run_results/75392at71240.out --cpu 1 /scratch/srb67793/Pelargonium/scripts/busco_downloads/lineages/eudicots_odb10/hmms/75392at71240.hmm /scratch/srb67793/Pelargonium/scripts/scratch/srb67793/Pelargonium/Results2/HiFiASM_OmniC/P_citronellum_hap2-scaffolds-busco/run_eudicots_odb10/metaeuk_output/initial_results/P_citronellum-hap2_scaffolds_final.fa.modified.fas 
# Current dir:     /scratch/srb67793/Pelargonium/scripts
# Date:            Fri Jul 19 11:04:21 2024
# [ok]
