#                                                                                     --- full sequence --- -------------- this domain -------------   hmm coord   ali coord   env coord
# target name                 accession   tlen query name           accession   qlen   E-value  score  bias   #  of  c-Evalue  i-Evalue  score  bias  from    to  from    to  from    to  acc description of target
#         ------------------- ---------- ----- -------------------- ---------- ----- --------- ------ ----- --- --- --------- --------- ------ ----- ----- ----- ----- ----- ----- ----- ---- ---------------------
scaffold_2:25984919-25987709  -            390 77821at71240         -            312  1.3e-156  519.5  17.1   1   1    2e-158  5.5e-156  517.4  17.1     1   310    23   378    23   390 0.91 -
scaffold_2:27355908-27357551  -            306 77821at71240         -            312   6.6e-14   50.7   6.0   1   2   6.1e-12   1.7e-09   36.2   2.7    23   161    28   176    11   181 0.81 -
scaffold_2:27355908-27357551  -            306 77821at71240         -            312   6.6e-14   50.7   6.0   2   2   1.5e-05    0.0043   15.2   0.1    72   154   208   299   201   303 0.76 -
scaffold_6:18911169-18912050  -            294 77821at71240         -            312   4.5e-12   44.7   1.5   1   3   0.00022     0.062   11.3   0.0    53    97    44    91    33    99 0.80 -
scaffold_6:18911169-18912050  -            294 77821at71240         -            312   4.5e-12   44.7   1.5   2   3   3.6e-09     1e-06   27.1   0.2    46   161    79   203    77   214 0.78 -
scaffold_6:18911169-18912050  -            294 77821at71240         -            312   4.5e-12   44.7   1.5   3   3    0.0069       1.9    6.5   0.0    21    78   230   290   212   292 0.79 -
scaffold_4:3548416-3554754    -            939 77821at71240         -            312   5.8e-12   44.3   8.4   1   6     0.009       2.5    6.1   0.1    66   122    76   136    52   144 0.70 -
scaffold_4:3548416-3554754    -            939 77821at71240         -            312   5.8e-12   44.3   8.4   2   6   0.00017     0.046   11.8   0.0    53   106   144   200   135   234 0.83 -
scaffold_4:3548416-3554754    -            939 77821at71240         -            312   5.8e-12   44.3   8.4   3   6   0.00033     0.093   10.8   0.1    19    82   359   428   344   431 0.76 -
scaffold_4:3548416-3554754    -            939 77821at71240         -            312   5.8e-12   44.3   8.4   4   6    0.0036         1    7.4   0.0    28   125   413   515   407   522 0.78 -
scaffold_4:3548416-3554754    -            939 77821at71240         -            312   5.8e-12   44.3   8.4   5   6    0.0004      0.11   10.5   0.1     8   136   528   663   521   666 0.76 -
scaffold_4:3548416-3554754    -            939 77821at71240         -            312   5.8e-12   44.3   8.4   6   6     0.024       6.6    4.7   0.1    56   121   618   690   607   700 0.73 -
scaffold_6:22221793-22224744  -            272 77821at71240         -            312   1.2e-10   39.9   4.8   1   2   1.8e-11   4.9e-09   34.7   1.7    50   162    45   166     7   178 0.80 -
scaffold_6:22221793-22224744  -            272 77821at71240         -            312   1.2e-10   39.9   4.8   2   2     0.022       6.2    4.8   0.1    36    65   222   251   194   272 0.51 -
scaffold_8:23258397-23264118  -            887 77821at71240         -            312   5.8e-10   37.7   4.5   1   3      0.15        43    2.0   0.1   103   138   344   380   308   388 0.70 -
scaffold_8:23258397-23264118  -            887 77821at71240         -            312   5.8e-10   37.7   4.5   2   3   7.4e-07    0.0002   19.5   1.3    26   102   388   468   373   481 0.79 -
scaffold_8:23258397-23264118  -            887 77821at71240         -            312   5.8e-10   37.7   4.5   3   3   8.5e-06    0.0024   16.0   0.0    30   120   478   574   458   581 0.79 -
scaffold_8:2002982-2002323    -            220 77821at71240         -            312   1.2e-09   36.6   0.4   1   1   6.1e-12   1.7e-09   36.2   0.4    37   185    36   201    14   217 0.76 -
scaffold_6:30834430-30836902  -            281 77821at71240         -            312     4e-09   35.0   3.6   1   3   0.00016     0.045   11.8   0.0    54   123    15    90     7    94 0.69 -
scaffold_6:30834430-30836902  -            281 77821at71240         -            312     4e-09   35.0   3.6   2   3   1.4e-07   3.8e-05   21.9   0.2    45   130    89   181    88   186 0.79 -
scaffold_6:30834430-30836902  -            281 77821at71240         -            312     4e-09   35.0   3.6   3   3      0.17        49    1.8   0.1    28    84   194   255   181   276 0.55 -
scaffold_8:16353927-16345601  -            212 77821at71240         -            312   6.8e-07   27.6   7.1   1   3     0.029       8.1    4.4   0.2   151   168    72    89     2    95 0.74 -
scaffold_8:16353927-16345601  -            212 77821at71240         -            312   6.8e-07   27.6   7.1   2   3   0.00026     0.071   11.1   0.1    65   134   108   176    94   181 0.84 -
scaffold_8:16353927-16345601  -            212 77821at71240         -            312   6.8e-07   27.6   7.1   3   3   1.7e-05    0.0047   15.0   0.2   269   294   181   206   169   211 0.81 -
scaffold_5:2080711-2091202    -            494 77821at71240         -            312   7.6e-07   27.5   3.1   1   2   0.00056      0.15   10.0   0.4    66   153   206   308   184   311 0.68 -
scaffold_5:2080711-2091202    -            494 77821at71240         -            312   7.6e-07   27.5   3.1   2   2   2.1e-06   0.00058   18.0   0.4    37    86   309   361   296   368 0.81 -
scaffold_1:27960643-27958966  -            556 77821at71240         -            312   2.4e-06   25.8   3.5   1   2   0.00014     0.039   12.0   0.1    53   128   262   346   247   353 0.73 -
scaffold_1:27960643-27958966  -            556 77821at71240         -            312   2.4e-06   25.8   3.5   2   2   3.7e-05      0.01   13.9   0.3    17   128   355   475   342   514 0.70 -
scaffold_8:18532374-18531682  -            231 77821at71240         -            312   2.5e-06   25.7   0.0   1   2       0.2        57    1.6   0.0    59    90    19    52     5    60 0.57 -
scaffold_8:18532374-18531682  -            231 77821at71240         -            312   2.5e-06   25.7   0.0   2   2   1.2e-07   3.4e-05   22.1   0.0    17   145    73   208    64   224 0.84 -
scaffold_2:1634686-1635300    -            205 77821at71240         -            312   5.3e-06   24.7   0.7   1   2   8.7e-05     0.024   12.7   0.2    37   123    22   118     6   125 0.69 -
scaffold_2:1634686-1635300    -            205 77821at71240         -            312   5.3e-06   24.7   0.7   2   2   0.00055      0.15   10.1   0.0    50    83   126   160   118   171 0.84 -
scaffold_2:26522567-26521788  -            260 77821at71240         -            312   7.2e-06   24.3   0.0   1   1   4.9e-08   1.4e-05   23.3   0.0    65   143    77   159    37   191 0.74 -
scaffold_9:2750920-2750276    -            215 77821at71240         -            312   9.3e-06   23.9   2.9   1   3   1.6e-05    0.0044   15.1   0.1    37    83     6    54     1   102 0.81 -
scaffold_9:2750920-2750276    -            215 77821at71240         -            312   9.3e-06   23.9   2.9   2   3    0.0017      0.47    8.4   0.2    47    82   109   145   100   153 0.85 -
scaffold_9:2750920-2750276    -            215 77821at71240         -            312   9.3e-06   23.9   2.9   3   3       1.3   3.6e+02   -1.0   0.0   266   294   159   187   150   205 0.71 -
scaffold_6:29799531-29789752  -           1673 77821at71240         -            312   1.7e-05   23.0   0.4   1   2    0.0051       1.4    6.9   0.0    53    96  1369  1412  1353  1431 0.86 -
scaffold_6:29799531-29789752  -           1673 77821at71240         -            312   1.7e-05   23.0   0.4   2   2   3.8e-05     0.011   13.9   0.1    29   105  1521  1601  1509  1621 0.83 -
scaffold_5:14432457-14432972  -            172 77821at71240         -            312   1.8e-05   22.9   1.3   1   2   7.1e-07    0.0002   19.5   1.1    39   125    17   110     3   119 0.78 -
scaffold_5:14432457-14432972  -            172 77821at71240         -            312   1.8e-05   22.9   1.3   2   2    0.0034      0.93    7.5   0.0    67    94    90   117    86   139 0.82 -
scaffold_1:23983101-23981352  -            331 77821at71240         -            312   0.00011   20.3   0.1   1   3      0.05        14    3.6   0.0    38    85    53   108    33   142 0.60 -
scaffold_1:23983101-23981352  -            331 77821at71240         -            312   0.00011   20.3   0.1   2   3    0.0049       1.4    6.9   0.0   105   153   211   260   191   262 0.80 -
scaffold_1:23983101-23981352  -            331 77821at71240         -            312   0.00011   20.3   0.1   3   3      0.01       2.8    5.9   0.1    68    85   265   282   262   290 0.87 -
scaffold_5:4122040-4124713    -            505 77821at71240         -            312   0.00019   19.6   2.5   1   3     0.011       2.9    5.8   0.3    55   133   219   305   211   339 0.53 -
scaffold_5:4122040-4124713    -            505 77821at71240         -            312   0.00019   19.6   2.5   2   3    0.0084       2.3    6.2   0.6    53   140   260   353   250   424 0.68 -
scaffold_5:4122040-4124713    -            505 77821at71240         -            312   0.00019   19.6   2.5   3   3   0.00016     0.044   11.8   0.0    35    82   452   503   442   505 0.85 -
scaffold_1:28969026-28968367  -            220 77821at71240         -            312   0.00019   19.6   1.5   1   2   0.00078      0.22    9.6   0.3    38   123    23   118    12   125 0.65 -
scaffold_1:28969026-28968367  -            220 77821at71240         -            312   0.00019   19.6   1.5   2   2    0.0032       0.9    7.5   0.0    50    82   126   159   118   166 0.84 -
scaffold_10:6528852-6526079   -            514 77821at71240         -            312   0.00072   17.7   0.3   1   2     0.065        18    3.2   0.2    54   164   218   338   208   353 0.74 -
scaffold_10:6528852-6526079   -            514 77821at71240         -            312   0.00072   17.7   0.3   2   2   0.00017     0.046   11.8   0.0    29    82   449   506   436   513 0.84 -
scaffold_8:22849582-22849815  -             78 77821at71240         -            312   0.00087   17.4   0.0   1   1   3.3e-06   0.00092   17.3   0.0   107   158    22    77     5    78 0.86 -
scaffold_11:8385727-8381009   -            293 77821at71240         -            312   0.00097   17.3   0.1   1   2       0.8   2.2e+02   -0.3   0.0    52    81    14    46     5    56 0.75 -
scaffold_11:8385727-8381009   -            293 77821at71240         -            312   0.00097   17.3   0.1   2   2   1.8e-05    0.0049   15.0   0.0    52   125    60   140    41   145 0.69 -
scaffold_5:12660120-12659467  -            218 77821at71240         -            312    0.0011   17.0   3.6   1   2    0.0025       0.7    7.9   0.2    37    82    29    76    17    82 0.81 -
scaffold_5:12660120-12659467  -            218 77821at71240         -            312    0.0011   17.0   3.6   2   2   0.00059      0.16   10.0   0.4    62   131   104   173    78   180 0.77 -
scaffold_5:19610052-19621384  -            758 77821at71240         -            312    0.0012   17.0   1.0   1   3   0.00085      0.24    9.4   0.1    52   104    45   101    25   124 0.81 -
scaffold_5:19610052-19621384  -            758 77821at71240         -            312    0.0012   17.0   1.0   2   3      0.07        20    3.1   0.0    64    88   158   182   140   205 0.73 -
scaffold_5:19610052-19621384  -            758 77821at71240         -            312    0.0012   17.0   1.0   3   3      0.34        95    0.9   0.0    47   119   616   695   606   704 0.59 -
scaffold_10:11428763-11424031 -            382 77821at71240         -            312    0.0065   14.6   2.9   1   3   0.00044      0.12   10.4   0.5    53   120    13    91     9    98 0.62 -
scaffold_10:11428763-11424031 -            382 77821at71240         -            312    0.0065   14.6   2.9   2   3      0.43   1.2e+02    0.5   0.0    82   134   150   204   132   227 0.70 -
scaffold_10:11428763-11424031 -            382 77821at71240         -            312    0.0065   14.6   2.9   3   3      0.34        94    0.9   0.0   110   159   325   375   313   378 0.55 -
scaffold_1:36955423-36966326  -           1555 77821at71240         -            312     0.013   13.6   1.4   1   3   0.00036       0.1   10.6   0.1    50    88  1134  1175  1128  1186 0.81 -
scaffold_1:36955423-36966326  -           1555 77821at71240         -            312     0.013   13.6   1.4   2   3      0.63   1.7e+02    0.0   0.0    67   140  1262  1341  1253  1356 0.63 -
scaffold_1:36955423-36966326  -           1555 77821at71240         -            312     0.013   13.6   1.4   3   3       1.9   5.2e+02   -1.5   0.1    63    81  1535  1554  1506  1555 0.68 -
scaffold_2:29531933-29528542  -            701 77821at71240         -            312     0.014   13.4   0.0   1   3       2.8   7.9e+02   -2.1   0.0    54    85   201   235   196   242 0.74 -
scaffold_2:29531933-29528542  -            701 77821at71240         -            312     0.014   13.4   0.0   2   3      0.19        54    1.7   0.0    69    88   351   370   328   380 0.83 -
scaffold_2:29531933-29528542  -            701 77821at71240         -            312     0.014   13.4   0.0   3   3    0.0018       0.5    8.4   0.0    54    87   427   463   398   518 0.85 -
scaffold_11:11316975-11316811 -             55 77821at71240         -            312     0.016   13.3   0.3   1   1   8.3e-05     0.023   12.7   0.3    70   105     2    37     1    55 0.71 -
scaffold_9:15947019-15946855  -             55 77821at71240         -            312     0.016   13.3   0.3   1   1   8.3e-05     0.023   12.7   0.3    70   105     2    37     1    55 0.71 -
scaffold_11:11316254-11315790 -            155 77821at71240         -            312     0.024   12.7   0.0   1   1   0.00011     0.032   12.3   0.0    53   122     6    81     3    94 0.72 -
scaffold_10:2147916-2139903   -           1500 77821at71240         -            312     0.026   12.6   0.4   1   2      0.74   2.1e+02   -0.2   0.0   146   161    97   112    80   122 0.81 -
scaffold_10:2147916-2139903   -           1500 77821at71240         -            312     0.026   12.6   0.4   2   2   0.00099      0.27    9.2   0.1    56    86   575   605   535   618 0.80 -
scaffold_9:15946047-15945550  -            166 77821at71240         -            312     0.028   12.5   0.0   1   1   0.00014     0.038   12.0   0.0    53   122     6    81     3    94 0.72 -
scaffold_5:17332408-17325356  -            435 77821at71240         -            312     0.035   12.1   5.7   1   5       3.8   1.1e+03   -2.6   0.0    47    83    33    73    19    83 0.56 -
scaffold_5:17332408-17325356  -            435 77821at71240         -            312     0.035   12.1   5.7   2   5      0.28        79    1.1   0.0    69    95   119   145    97   177 0.66 -
scaffold_5:17332408-17325356  -            435 77821at71240         -            312     0.035   12.1   5.7   3   5    0.0008      0.22    9.5   0.1    35    85   168   222   146   236 0.63 -
scaffold_5:17332408-17325356  -            435 77821at71240         -            312     0.035   12.1   5.7   4   5      0.18        50    1.8   0.3    69    85   327   343   308   409 0.64 -
scaffold_5:17332408-17325356  -            435 77821at71240         -            312     0.035   12.1   5.7   5   5       1.2   3.4e+02   -0.9   0.1    37    66   379   408   345   429 0.57 -
scaffold_5:6148613-6141502    -           1504 77821at71240         -            312     0.046   11.8   1.2   1   3      0.62   1.7e+02    0.0   0.0   146   161   101   116    85   167 0.86 -
scaffold_5:6148613-6141502    -           1504 77821at71240         -            312     0.046   11.8   1.2   2   3    0.0013      0.36    8.8   0.0    61    87   584   610   539   625 0.82 -
scaffold_5:6148613-6141502    -           1504 77821at71240         -            312     0.046   11.8   1.2   3   3       4.5   1.3e+03   -2.8   0.1    66    92   868   895   853   900 0.80 -
#
# Program:         hmmsearch
# Version:         3.3.2 (Nov 2020)
# Pipeline mode:   SEARCH
# Query file:      /scratch/srb67793/Pelargonium/scripts/busco_downloads/lineages/eudicots_odb10/hmms/77821at71240.hmm
# Target file:     /scratch/srb67793/Pelargonium/scripts/scratch/srb67793/Pelargonium/Results2/HiFiASM_OmniC/P_citronellum_hap2-scaffolds-busco/run_eudicots_odb10/metaeuk_output/initial_results/P_citronellum-hap2_scaffolds_final.fa.modified.fas
# Option settings: hmmsearch --domtblout /scratch/srb67793/Pelargonium/scripts/scratch/srb67793/Pelargonium/Results2/HiFiASM_OmniC/P_citronellum_hap2-scaffolds-busco/run_eudicots_odb10/hmmer_output/initial_run_results/77821at71240.out --cpu 1 /scratch/srb67793/Pelargonium/scripts/busco_downloads/lineages/eudicots_odb10/hmms/77821at71240.hmm /scratch/srb67793/Pelargonium/scripts/scratch/srb67793/Pelargonium/Results2/HiFiASM_OmniC/P_citronellum_hap2-scaffolds-busco/run_eudicots_odb10/metaeuk_output/initial_results/P_citronellum-hap2_scaffolds_final.fa.modified.fas 
# Current dir:     /scratch/srb67793/Pelargonium/scripts
# Date:            Fri Jul 19 11:04:14 2024
# [ok]
