#                                                                                     --- full sequence --- -------------- this domain -------------   hmm coord   ali coord   env coord
# target name                 accession   tlen query name           accession   qlen   E-value  score  bias   #  of  c-Evalue  i-Evalue  score  bias  from    to  from    to  from    to  acc description of target
#         ------------------- ---------- ----- -------------------- ---------- ----- --------- ------ ----- --- --- --------- --------- ------ ----- ----- ----- ----- ----- ----- ----- ---- ---------------------
scaffold_10:929068-930099     -            344 88282at71240         -            281  3.4e-159  527.4  12.9   1   1  2.9e-160  5.6e-158  523.4  12.9     4   280    14   344    12   344 0.92 -
scaffold_3:35952215-35953207  -            331 88282at71240         -            281  5.2e-126  418.5   1.5   1   1  4.9e-128  9.6e-126  417.6   1.5     6   281     9   331     5   331 0.90 -
scaffold_4:4842883-4841909    -            325 88282at71240         -            281   3.2e-97  324.1   0.3   1   1   2.7e-99   5.2e-97  323.4   0.3     7   281     1   325     1   325 0.87 -
scaffold_8:2002982-2002323    -            220 88282at71240         -            281   2.3e-16   58.8   2.4   1   1   1.6e-18   3.1e-16   58.4   2.4    75   235    11   173     5   198 0.86 -
scaffold_5:1358269-1362649    -            548 88282at71240         -            281   1.8e-08   32.9   0.1   1   3     0.009       1.7    6.7   0.0   208   264    67   124    51   130 0.84 -
scaffold_5:1358269-1362649    -            548 88282at71240         -            281   1.8e-08   32.9   0.1   2   3   1.5e-07   2.9e-05   22.4   0.1    95   146   130   182   124   191 0.90 -
scaffold_5:1358269-1362649    -            548 88282at71240         -            281   1.8e-08   32.9   0.1   3   3       1.4   2.8e+02   -0.5   0.0   119   147   335   364   311   374 0.65 -
scaffold_2:27355908-27357551  -            306 88282at71240         -            281   3.1e-07   28.8   7.2   1   3   7.3e-06    0.0014   16.8   0.5    93   149    35    92    22   110 0.81 -
scaffold_2:27355908-27357551  -            306 88282at71240         -            281   3.1e-07   28.8   7.2   2   3   0.00042     0.082   11.1   0.6    92   168   119   196   111   265 0.70 -
scaffold_2:27355908-27357551  -            306 88282at71240         -            281   3.1e-07   28.8   7.2   3   3      0.06        12    4.0   0.1    60   127   222   284   189   306 0.47 -
scaffold_1:35224385-35225218  -            278 88282at71240         -            281     1e-06   27.1   4.7   1   3   3.7e-07   7.3e-05   21.1   0.9    57   148    55   150    49   151 0.82 -
scaffold_1:35224385-35225218  -            278 88282at71240         -            281     1e-06   27.1   4.7   2   3    0.0095       1.9    6.6   0.0    89   153   132   197   125   206 0.82 -
scaffold_1:35224385-35225218  -            278 88282at71240         -            281     1e-06   27.1   4.7   3   3      0.15        29    2.7   0.1    92   130   223   261   210   277 0.73 -
scaffold_7:5029190-5033182    -            438 88282at71240         -            281   2.3e-06   26.0   2.3   1   3   8.8e-05     0.017   13.3   0.5   205   237   140   173   130   198 0.82 -
scaffold_7:5029190-5033182    -            438 88282at71240         -            281   2.3e-06   26.0   2.3   2   3    0.0014      0.27    9.4   0.0    93   170   201   276   172   314 0.76 -
scaffold_7:5029190-5033182    -            438 88282at71240         -            281   2.3e-06   26.0   2.3   3   3      0.36        70    1.4   0.0    93   146   382   437   373   438 0.63 -
scaffold_6:22221793-22224744  -            272 88282at71240         -            281   3.5e-06   25.4   0.4   1   3    0.0003     0.058   11.5   0.1    92   149    66   124    17   132 0.84 -
scaffold_6:22221793-22224744  -            272 88282at71240         -            281   3.5e-06   25.4   0.4   2   3   0.00029     0.057   11.6   0.1    60   117   115   175   111   186 0.65 -
scaffold_6:22221793-22224744  -            272 88282at71240         -            281   3.5e-06   25.4   0.4   3   3      0.12        23    3.0   0.0   201   237   195   232   169   252 0.75 -
scaffold_1:1676831-1682279    -            512 88282at71240         -            281   4.1e-06   25.2   0.2   1   2   3.1e-05    0.0061   14.8   0.0   114   234   215   339   190   350 0.81 -
scaffold_1:1676831-1682279    -            512 88282at71240         -            281   4.1e-06   25.2   0.2   2   2    0.0033      0.64    8.1   0.0   129   233   403   509   377   511 0.64 -
scaffold_2:2408468-2410228    -            587 88282at71240         -            281   1.3e-05   23.5   0.7   1   2   1.8e-07   3.4e-05   22.1   0.1    95   236   315   457   308   490 0.80 -
scaffold_2:2408468-2410228    -            587 88282at71240         -            281   1.3e-05   23.5   0.7   2   2         6   1.2e+03   -2.6   0.0   212   236   523   547   515   558 0.82 -
scaffold_2:22456045-22455158  -            296 88282at71240         -            281   1.8e-05   23.1   4.2   1   3   3.3e-06   0.00065   17.9   0.6    57   149    73   169    68   172 0.81 -
scaffold_2:22456045-22455158  -            296 88282at71240         -            281   1.8e-05   23.1   4.2   2   3    0.0087       1.7    6.7   0.0    89   153   150   215   143   225 0.83 -
scaffold_2:22456045-22455158  -            296 88282at71240         -            281   1.8e-05   23.1   4.2   3   3      0.12        22    3.1   0.1    92   130   241   279   222   295 0.72 -
scaffold_8:18532374-18531682  -            231 88282at71240         -            281   1.8e-05   23.1   0.0   1   3   0.00038     0.074   11.2   0.0    89   151    82   146    63   156 0.86 -
scaffold_8:18532374-18531682  -            231 88282at71240         -            281   1.8e-05   23.1   0.0   2   3   0.00028     0.054   11.6   0.0    78   149   114   186   107   193 0.88 -
scaffold_8:18532374-18531682  -            231 88282at71240         -            281   1.8e-05   23.1   0.0   3   3    0.0014      0.27    9.4   0.0    91   145   169   230   151   231 0.78 -
scaffold_11:8385727-8381009   -            293 88282at71240         -            281   4.9e-05   21.6   0.1   1   2     3e-06   0.00059   18.1   0.0   118   233    17   134     8   141 0.76 -
scaffold_11:8385727-8381009   -            293 88282at71240         -            281   4.9e-05   21.6   0.1   2   2      0.42        82    1.2   0.0   208   229   265   286   236   290 0.87 -
scaffold_6:18911169-18912050  -            294 88282at71240         -            281   5.3e-05   21.5   0.3   1   3       1.7   3.2e+02   -0.8   0.0   213   263    12    58     4    71 0.57 -
scaffold_6:18911169-18912050  -            294 88282at71240         -            281   5.3e-05   21.5   0.3   2   3   1.8e-06   0.00034   18.9   0.2    57   235    66   253    57   258 0.70 -
scaffold_6:18911169-18912050  -            294 88282at71240         -            281   5.3e-05   21.5   0.3   3   3    0.0013      0.24    9.5   0.1    91   229   145   289   132   292 0.61 -
scaffold_11:9897483-9894495   -            236 88282at71240         -            281   0.00012   20.4   0.3   1   2   4.3e-06   0.00084   17.6   0.1    98   158    17    79     3    85 0.79 -
scaffold_11:9897483-9894495   -            236 88282at71240         -            281   0.00012   20.4   0.3   2   2       0.7   1.4e+02    0.5   0.0   100   232   183   231   161   236 0.49 -
scaffold_1:27960643-27958966  -            556 88282at71240         -            281   0.00023   19.4   0.7   1   2   3.4e-06   0.00067   17.9   0.1    95   236   284   426   276   459 0.79 -
scaffold_1:27960643-27958966  -            556 88282at71240         -            281   0.00023   19.4   0.7   2   2       5.4     1e+03   -2.4   0.0   212   236   492   516   484   528 0.81 -
scaffold_4:25422357-25414657  -            461 88282at71240         -            281   0.00036   18.8   0.3   1   3   1.9e-05    0.0037   15.5   0.1    98   158   170   232   154   238 0.79 -
scaffold_4:25422357-25414657  -            461 88282at71240         -            281   0.00036   18.8   0.3   2   3       1.4   2.6e+02   -0.5   0.0   212   230   240   258   234   271 0.84 -
scaffold_4:25422357-25414657  -            461 88282at71240         -            281   0.00036   18.8   0.3   3   3       2.9   5.6e+02   -1.5   0.0   100   224   406   446   390   459 0.42 -
scaffold_5:17332408-17325356  -            435 88282at71240         -            281   0.00048   18.4   1.0   1   3      0.65   1.3e+02    0.6   0.1    69   112    95   138    86   155 0.80 -
scaffold_5:17332408-17325356  -            435 88282at71240         -            281   0.00048   18.4   1.0   2   3    0.0021      0.41    8.8   0.1    91   183   161   259   103   267 0.73 -
scaffold_5:17332408-17325356  -            435 88282at71240         -            281   0.00048   18.4   1.0   3   3     0.027       5.2    5.1   0.0   136   234   329   427   308   434 0.68 -
scaffold_8:23258397-23264118  -            887 88282at71240         -            281    0.0006   18.0   0.1   1   4      0.23        44    2.1   0.0   203   233   138   168   134   184 0.82 -
scaffold_8:23258397-23264118  -            887 88282at71240         -            281    0.0006   18.0   0.1   2   4     0.054        11    4.1   0.0   208   235   379   406   365   411 0.92 -
scaffold_8:23258397-23264118  -            887 88282at71240         -            281    0.0006   18.0   0.1   3   4     0.031       6.1    4.9   0.1   209   236   380   407   377   489 0.70 -
scaffold_8:23258397-23264118  -            887 88282at71240         -            281    0.0006   18.0   0.1   4   4     0.022       4.4    5.4   0.1    95   150   479   535   410   569 0.76 -
scaffold_1:15345276-15345809  -            178 88282at71240         -            281   0.00065   17.9   0.5   1   1   9.2e-06    0.0018   16.5   0.5   112   277     4   165     1   169 0.73 -
scaffold_6:24092044-24091052  -            331 88282at71240         -            281   0.00067   17.9   1.4   1   1   6.9e-06    0.0013   16.9   1.1    94   147   137   190   120   205 0.89 -
scaffold_6:30834430-30836902  -            281 88282at71240         -            281   0.00075   17.7   2.8   1   4      0.28        54    1.8   0.0    96   140    36    80    27    84 0.84 -
scaffold_6:30834430-30836902  -            281 88282at71240         -            281   0.00075   17.7   2.8   2   4   5.9e-05     0.011   13.9   0.4    89   152    70   134    62   143 0.87 -
scaffold_6:30834430-30836902  -            281 88282at71240         -            281   0.00075   17.7   2.8   3   4      0.31        61    1.6   0.0   126   149   151   173   138   183 0.77 -
scaffold_6:30834430-30836902  -            281 88282at71240         -            281   0.00075   17.7   2.8   4   4       3.8   7.3e+02   -1.9   0.0   219   236   238   255   211   271 0.73 -
scaffold_2:14784413-14790433  -            937 88282at71240         -            281   0.00087   17.5   0.1   1   2    0.0016      0.31    9.2   0.0    81   269    23   212    14   223 0.70 -
scaffold_2:14784413-14790433  -            937 88282at71240         -            281   0.00087   17.5   0.1   2   2     0.015       2.9    5.9   0.1    79   128   241   288   227   308 0.64 -
scaffold_8:22849582-22849815  -             78 88282at71240         -            281     0.001   17.3   0.0   1   1   5.9e-06    0.0011   17.1   0.0    95   146    24    78    14    78 0.88 -
scaffold_2:29531933-29528542  -            701 88282at71240         -            281    0.0017   16.6   0.1   1   2       3.2   6.2e+02   -1.7   0.0   208   226   253   272   197   300 0.66 -
scaffold_2:29531933-29528542  -            701 88282at71240         -            281    0.0017   16.6   0.1   2   2   9.8e-05     0.019   13.1   0.1    72   154   330   419   314   491 0.66 -
scaffold_4:2308613-2310318    -            301 88282at71240         -            281    0.0017   16.6   6.3   1   3   5.3e-05      0.01   14.0   0.7   118   229     9   125     3   160 0.74 -
scaffold_4:2308613-2310318    -            301 88282at71240         -            281    0.0017   16.6   6.3   2   3       1.2   2.3e+02   -0.3   0.0   219   236   176   193   171   207 0.87 -
scaffold_4:2308613-2310318    -            301 88282at71240         -            281    0.0017   16.6   6.3   3   3      0.12        24    2.9   0.2   209   236   212   243   198   285 0.64 -
scaffold_9:2750920-2750276    -            215 88282at71240         -            281    0.0019   16.4   0.1   1   1   1.8e-05    0.0034   15.6   0.1    96   157     2    67     1    83 0.83 -
scaffold_95:130827-130442     -            104 88282at71240         -            281    0.0021   16.3   0.3   1   1   1.4e-05    0.0028   15.9   0.3    93   150    12    70     2    80 0.85 -
scaffold_3:34517729-34517338  -            105 88282at71240         -            281    0.0021   16.3   0.6   1   2   1.7e-05    0.0034   15.6   0.5    93   149    12    69     2    77 0.84 -
scaffold_3:34517729-34517338  -            105 88282at71240         -            281    0.0021   16.3   0.6   2   2   0.00099      0.19    9.8   0.1   209   246    42    79    34   104 0.76 -
scaffold_10:6528852-6526079   -            514 88282at71240         -            281    0.0031   15.7   1.4   1   3     0.059        11    4.0   0.0   209   236   224   251   207   282 0.63 -
scaffold_10:6528852-6526079   -            514 88282at71240         -            281    0.0031   15.7   1.4   2   3      0.47        91    1.1   0.0   212   236   312   336   304   341 0.90 -
scaffold_10:6528852-6526079   -            514 88282at71240         -            281    0.0031   15.7   1.4   3   3     0.012       2.4    6.3   0.1   208   236   479   508   471   513 0.83 -
scaffold_7:24608051-24607401  -            217 88282at71240         -            281    0.0037   15.5   0.1   1   1   2.7e-05    0.0052   15.0   0.1    94   147    18    71     6   103 0.87 -
scaffold_8:2390530-2391492    -            321 88282at71240         -            281    0.0041   15.3   0.1   1   1   5.4e-05     0.011   14.0   0.0    94   155   123   185   111   212 0.79 -
scaffold_2:14411128-14411634  -            169 88282at71240         -            281    0.0045   15.2   0.5   1   1   0.00011     0.021   13.0   0.5   205   277    90   156     1   160 0.59 -
scaffold_4:34812797-34803840  -            460 88282at71240         -            281    0.0058   14.8   0.1   1   3       4.7   9.2e+02   -2.2   0.0    44    78    82   116    79   125 0.70 -
scaffold_4:34812797-34803840  -            460 88282at71240         -            281    0.0058   14.8   0.1   2   3   0.00016     0.031   12.4   0.1    97   158   167   230   152   238 0.78 -
scaffold_4:34812797-34803840  -            460 88282at71240         -            281    0.0058   14.8   0.1   3   3       5.2     1e+03   -2.4   0.0   139   174   403   437   393   448 0.70 -
scaffold_7:9330853-9338593    -            783 88282at71240         -            281    0.0058   14.8   0.3   1   4      0.18        36    2.4   0.0   131   148   127   144   103   148 0.84 -
scaffold_7:9330853-9338593    -            783 88282at71240         -            281    0.0058   14.8   0.3   2   4       1.3   2.6e+02   -0.4   0.0    89   110   320   341   288   352 0.79 -
scaffold_7:9330853-9338593    -            783 88282at71240         -            281    0.0058   14.8   0.3   3   4      0.68   1.3e+02    0.5   0.0   119   145   404   431   389   445 0.81 -
scaffold_7:9330853-9338593    -            783 88282at71240         -            281    0.0058   14.8   0.3   4   4     0.033       6.3    4.9   0.0   118   176   636   695   619   727 0.75 -
scaffold_5:4122040-4124713    -            505 88282at71240         -            281    0.0067   14.6   2.6   1   3     0.011       2.1    6.4   0.1    91   160   234   304   225   310 0.77 -
scaffold_5:4122040-4124713    -            505 88282at71240         -            281    0.0067   14.6   2.6   2   3       2.6     5e+02   -1.4   0.0   211   236   311   336   307   342 0.87 -
scaffold_5:4122040-4124713    -            505 88282at71240         -            281    0.0067   14.6   2.6   3   3     0.017       3.3    5.8   0.1   208   235   476   504   461   505 0.84 -
scaffold_1:10607252-10602126  -            518 88282at71240         -            281    0.0092   14.2   0.0   1   3      0.17        33    2.5   0.0   198   236   211   249   199   257 0.75 -
scaffold_1:10607252-10602126  -            518 88282at71240         -            281    0.0092   14.2   0.0   2   3     0.003      0.58    8.3   0.0    95   161   283   347   272   353 0.83 -
scaffold_1:10607252-10602126  -            518 88282at71240         -            281    0.0092   14.2   0.0   3   3       9.5   1.8e+03   -3.2   0.0   134   157   362   385   358   393 0.76 -
scaffold_5:12660120-12659467  -            218 88282at71240         -            281     0.019   13.1   0.0   1   1   0.00016      0.03   12.5   0.0    95   146    24    75    14    85 0.90 -
scaffold_2:26522567-26521788  -            260 88282at71240         -            281     0.021   13.0   0.0   1   2    0.0006      0.12   10.6   0.0    87   150    75   139    64   159 0.82 -
scaffold_2:26522567-26521788  -            260 88282at71240         -            281     0.021   13.0   0.0   2   2      0.47        92    1.0   0.0   104   149   134   190   131   220 0.59 -
scaffold_9:5798048-5798344    -             99 88282at71240         -            281     0.022   12.9   0.4   1   2     0.046       8.9    4.4   0.1   208   237     7    36     3    43 0.83 -
scaffold_9:5798048-5798344    -             99 88282at71240         -            281     0.022   12.9   0.4   2   2    0.0041       0.8    7.8   0.1   197   246    41    96    35    99 0.74 -
scaffold_2:22477210-22477947  -            246 88282at71240         -            281     0.026   12.7   1.5   1   3       2.1     4e+02   -1.0   0.0   123   150    19    45     6    76 0.68 -
scaffold_2:22477210-22477947  -            246 88282at71240         -            281     0.026   12.7   1.5   2   3    0.0091       1.8    6.7   0.6    96   146   103   154    94   157 0.81 -
scaffold_2:22477210-22477947  -            246 88282at71240         -            281     0.026   12.7   1.5   3   3      0.09        18    3.4   0.0   206   235   177   206   165   212 0.83 -
scaffold_10:12433403-12434314 -            304 88282at71240         -            281     0.029   12.5   1.1   1   2       4.2   8.2e+02   -2.1   0.0   127   152    32    56    19    69 0.74 -
scaffold_10:12433403-12434314 -            304 88282at71240         -            281     0.029   12.5   1.1   2   2    0.0005     0.098   10.8   0.7    95   147   113   165   105   176 0.91 -
scaffold_10:11428763-11424031 -            382 88282at71240         -            281     0.031   12.4   1.5   1   4      0.49        95    1.0   0.0   118   149    15    47    10    62 0.77 -
scaffold_10:11428763-11424031 -            382 88282at71240         -            281     0.031   12.4   1.5   2   4       1.8   3.5e+02   -0.9   0.0   107   237   168   193   128   211 0.57 -
scaffold_10:11428763-11424031 -            382 88282at71240         -            281     0.031   12.4   1.5   3   4       5.1   9.9e+02   -2.3   0.0   192   209   247   264   241   299 0.75 -
scaffold_10:11428763-11424031 -            382 88282at71240         -            281     0.031   12.4   1.5   4   4    0.0063       1.2    7.2   0.1   195   235   337   377   283   381 0.79 -
scaffold_1:23983101-23981352  -            331 88282at71240         -            281     0.038   12.1   0.0   1   2    0.0098       1.9    6.6   0.0    61   143    52   143    20   156 0.69 -
scaffold_1:23983101-23981352  -            331 88282at71240         -            281     0.038   12.1   0.0   2   2     0.088        17    3.4   0.0   132   150   264   282   217   303 0.85 -
scaffold_4:3548416-3554754    -            939 88282at71240         -            281      0.04   12.1   3.0   1   4     0.016       3.2    5.8   0.0    98   148    84   135    56   141 0.85 -
scaffold_4:3548416-3554754    -            939 88282at71240         -            281      0.04   12.1   3.0   2   4      0.42        81    1.2   0.0    91   149   161   220   154   244 0.82 -
scaffold_4:3548416-3554754    -            939 88282at71240         -            281      0.04   12.1   3.0   3   4      0.75   1.5e+02    0.4   0.0    99   155   461   518   451   570 0.62 -
scaffold_4:3548416-3554754    -            939 88282at71240         -            281      0.04   12.1   3.0   4   4      0.51        99    0.9   0.0    93   151   592   650   576   679 0.80 -
scaffold_1:83460-83636        -             59 88282at71240         -            281     0.045   11.9   0.0   1   2    0.0045      0.87    7.7   0.0    95   123    14    42     4    51 0.65 -
scaffold_1:83460-83636        -             59 88282at71240         -            281     0.045   11.9   0.0   2   2     0.048       9.4    4.3   0.0   206   226    39    59    35    59 0.91 -
scaffold_5:19610052-19621384  -            758 88282at71240         -            281      0.05   11.8   0.3   1   3    0.0064       1.2    7.2   0.0   205   237    46    81    36    95 0.83 -
scaffold_5:19610052-19621384  -            758 88282at71240         -            281      0.05   11.8   0.3   2   3      0.85   1.7e+02    0.2   0.0   119   150   146   179   140   185 0.79 -
scaffold_5:19610052-19621384  -            758 88282at71240         -            281      0.05   11.8   0.3   3   3       2.2   4.2e+02   -1.1   0.0   217   236   637   656   611   659 0.79 -
scaffold_2:54265-54074        -             64 88282at71240         -            281     0.056   11.6   0.0   1   2     0.013       2.5    6.2   0.0    95   151    19    34     6    45 0.63 -
scaffold_2:54265-54074        -             64 88282at71240         -            281     0.056   11.6   0.0   2   2     0.054        11    4.1   0.0   206   226    44    64    39    64 0.91 -
scaffold_4:21415231-21416175  -            315 88282at71240         -            281     0.057   11.6   0.9   1   2   0.00095      0.19    9.9   0.4    93   147   118   172    72   185 0.84 -
scaffold_4:21415231-21416175  -            315 88282at71240         -            281     0.057   11.6   0.9   2   2       1.3   2.5e+02   -0.4   0.0    82   144   197   258   181   268 0.71 -
#
# Program:         hmmsearch
# Version:         3.3.2 (Nov 2020)
# Pipeline mode:   SEARCH
# Query file:      /scratch/srb67793/Pelargonium/scripts/busco_downloads/lineages/eudicots_odb10/hmms/88282at71240.hmm
# Target file:     /scratch/srb67793/Pelargonium/scripts/scratch/srb67793/Pelargonium/Results2/HiFiASM_OmniC/P_citronellum_hap2-scaffolds-busco/run_eudicots_odb10/metaeuk_output/initial_results/P_citronellum-hap2_scaffolds_final.fa.modified.fas
# Option settings: hmmsearch --domtblout /scratch/srb67793/Pelargonium/scripts/scratch/srb67793/Pelargonium/Results2/HiFiASM_OmniC/P_citronellum_hap2-scaffolds-busco/run_eudicots_odb10/hmmer_output/initial_run_results/88282at71240.out --cpu 1 /scratch/srb67793/Pelargonium/scripts/busco_downloads/lineages/eudicots_odb10/hmms/88282at71240.hmm /scratch/srb67793/Pelargonium/scripts/scratch/srb67793/Pelargonium/Results2/HiFiASM_OmniC/P_citronellum_hap2-scaffolds-busco/run_eudicots_odb10/metaeuk_output/initial_results/P_citronellum-hap2_scaffolds_final.fa.modified.fas 
# Current dir:     /scratch/srb67793/Pelargonium/scripts
# Date:            Fri Jul 19 11:04:16 2024
# [ok]
