#                                                                                    --- full sequence --- -------------- this domain -------------   hmm coord   ali coord   env coord
# target name                accession   tlen query name           accession   qlen   E-value  score  bias   #  of  c-Evalue  i-Evalue  score  bias  from    to  from    to  from    to  acc description of target
#        ------------------- ---------- ----- -------------------- ---------- ----- --------- ------ ----- --- --- --------- --------- ------ ----- ----- ----- ----- ----- ----- ----- ---- ---------------------
scaffold_2:28972925-28964834 -            356 94559at71240         -            296  2.8e-162  538.1   7.5   1   2  6.6e-149  3.6e-146  485.2   4.0     2   247    11   257    10   268 0.97 -
scaffold_2:28972925-28964834 -            356 94559at71240         -            296  2.8e-162  538.1   7.5   2   2   1.1e-17     6e-15   54.4   0.1   244   296   276   330   267   330 0.92 -
scaffold_6:12441385-12442005 -            207 94559at71240         -            296   4.2e-41  140.3   0.0   1   1   8.4e-44   4.5e-41  140.2   0.0     4   200     2   203     1   207 0.92 -
scaffold_2:26108091-26108699 -            203 94559at71240         -            296   2.4e-40  137.8   0.0   1   1   5.3e-43   2.9e-40  137.6   0.0     7   204     1   201     1   202 0.91 -
scaffold_4:25010333-25009716 -            206 94559at71240         -            296   5.1e-40  136.7   0.0   1   1     1e-42   5.6e-40  136.6   0.0     4   205     2   205     1   206 0.94 -
scaffold_443:18258-18878     -            207 94559at71240         -            296   1.1e-39  135.6   0.0   1   1   2.2e-42   1.2e-39  135.5   0.0     4   200     2   203     1   207 0.91 -
scaffold_7:13820296-13820916 -            207 94559at71240         -            296   1.1e-39  135.6   0.0   1   1   2.2e-42   1.2e-39  135.5   0.0     4   200     2   203     1   207 0.91 -
scaffold_2:26104386-26104967 -            194 94559at71240         -            296     1e-30  106.2   0.0   1   1   2.1e-33   1.1e-30  106.0   0.0     4   197     2   194     1   194 0.91 -
scaffold_8:3948668-3948369   -            100 94559at71240         -            296   5.2e-11   41.5   0.0   1   1     1e-13   5.6e-11   41.4   0.0     3    94     1    99     1   100 0.85 -
scaffold_2:22456045-22455158 -            296 94559at71240         -            296   9.9e-06   24.2   0.8   1   2   7.5e-05      0.04   12.3   0.3    99   188   114   199    24   207 0.81 -
scaffold_2:22456045-22455158 -            296 94559at71240         -            296   9.9e-06   24.2   0.8   2   2   0.00029      0.16   10.4   0.0   108   194   207   293   195   295 0.81 -
scaffold_1:35224385-35225218 -            278 94559at71240         -            296   1.4e-05   23.7   0.6   1   2   8.8e-05     0.047   12.1   0.2   101   188    98   181     5   187 0.63 -
scaffold_1:35224385-35225218 -            278 94559at71240         -            296   1.4e-05   23.7   0.6   2   2   0.00067      0.36    9.2   0.0   108   193   189   274   183   277 0.81 -
scaffold_6:22221793-22224744 -            272 94559at71240         -            296   0.00067   18.2   0.0   1   4       2.2   1.2e+03   -2.3   0.0   173   194     4    25     2    48 0.78 -
scaffold_6:22221793-22224744 -            272 94559at71240         -            296   0.00067   18.2   0.0   2   4     0.018       9.7    4.5   0.0   167   208    49    89    38   110 0.74 -
scaffold_6:22221793-22224744 -            272 94559at71240         -            296   0.00067   18.2   0.0   3   4     0.014       7.7    4.8   0.0   151   194   117   159   108   169 0.86 -
scaffold_6:22221793-22224744 -            272 94559at71240         -            296   0.00067   18.2   0.0   4   4     0.029        16    3.8   0.0   165   200   174   209   164   226 0.83 -
scaffold_6:6674222-6680060   -            432 94559at71240         -            296    0.0024   16.3   0.1   1   2     0.099        53    2.1   0.0   167   246    87   164    78   178 0.76 -
scaffold_6:6674222-6680060   -            432 94559at71240         -            296    0.0024   16.3   0.1   2   2   9.6e-05     0.052   12.0   0.0   112   196   232   319   219   373 0.87 -
scaffold_2:27355908-27357551 -            306 94559at71240         -            296    0.0029   16.1   0.6   1   3   0.00076      0.41    9.0   0.1   129   197    23    88    13   119 0.73 -
scaffold_2:27355908-27357551 -            306 94559at71240         -            296    0.0029   16.1   0.6   2   3     0.093        50    2.2   0.0   158   193   135   170    95   175 0.75 -
scaffold_2:27355908-27357551 -            306 94559at71240         -            296    0.0029   16.1   0.6   3   3       2.7   1.5e+03   -2.6   0.0   179   193   244   258   230   285 0.76 -
scaffold_1:15345276-15345809 -            178 94559at71240         -            296    0.0052   15.2   0.0   1   2      0.25   1.4e+02    0.7   0.0   164   235     6    76     3    79 0.71 -
scaffold_1:15345276-15345809 -            178 94559at71240         -            296    0.0052   15.2   0.0   2   2   4.3e-05     0.023   13.1   0.0   150   226    80   152    59   167 0.85 -
scaffold_15:1215103-1206727  -            544 94559at71240         -            296     0.013   14.0   0.4   1   2    0.0065       3.5    5.9   0.2   122   196   112   184   106   189 0.77 -
scaffold_15:1215103-1206727  -            544 94559at71240         -            296     0.013   14.0   0.4   2   2   0.00014     0.077   11.4   0.1   126   205   158   233   155   241 0.89 -
scaffold_2:14411128-14411634 -            169 94559at71240         -            296     0.014   13.8   0.0   1   1   4.8e-05     0.026   13.0   0.0   151   226    72   143    51   158 0.86 -
scaffold_9:2750920-2750276   -            215 94559at71240         -            296     0.018   13.5   0.0   1   1   5.1e-05     0.027   12.9   0.0   150   197     6    51     1    66 0.87 -
scaffold_2:16319441-16322647 -            381 94559at71240         -            296     0.022   13.2   0.1   1   2      0.02        11    4.3   0.1   121   197   113   187   105   192 0.78 -
scaffold_2:16319441-16322647 -            381 94559at71240         -            296     0.022   13.2   0.1   2   2   0.00016     0.084   11.3   0.1   125   205   159   235   142   242 0.89 -
#
# Program:         hmmsearch
# Version:         3.3.2 (Nov 2020)
# Pipeline mode:   SEARCH
# Query file:      /scratch/srb67793/Pelargonium/scripts/busco_downloads/lineages/eudicots_odb10/hmms/94559at71240.hmm
# Target file:     /scratch/srb67793/Pelargonium/scripts/scratch/srb67793/Pelargonium/Results2/HiFiASM_OmniC/P_citronellum_hap2-scaffolds-busco/run_eudicots_odb10/metaeuk_output/initial_results/P_citronellum-hap2_scaffolds_final.fa.modified.fas
# Option settings: hmmsearch --domtblout /scratch/srb67793/Pelargonium/scripts/scratch/srb67793/Pelargonium/Results2/HiFiASM_OmniC/P_citronellum_hap2-scaffolds-busco/run_eudicots_odb10/hmmer_output/initial_run_results/94559at71240.out --cpu 1 /scratch/srb67793/Pelargonium/scripts/busco_downloads/lineages/eudicots_odb10/hmms/94559at71240.hmm /scratch/srb67793/Pelargonium/scripts/scratch/srb67793/Pelargonium/Results2/HiFiASM_OmniC/P_citronellum_hap2-scaffolds-busco/run_eudicots_odb10/metaeuk_output/initial_results/P_citronellum-hap2_scaffolds_final.fa.modified.fas 
# Current dir:     /scratch/srb67793/Pelargonium/scripts
# Date:            Fri Jul 19 11:04:18 2024
# [ok]
