#                                                                                     --- full sequence --- -------------- this domain -------------   hmm coord   ali coord   env coord
# target name                 accession   tlen query name           accession   qlen   E-value  score  bias   #  of  c-Evalue  i-Evalue  score  bias  from    to  from    to  from    to  acc description of target
#         ------------------- ---------- ----- -------------------- ---------- ----- --------- ------ ----- --- --- --------- --------- ------ ----- ----- ----- ----- ----- ----- ----- ---- ---------------------
scaffold_1:24423000-24426743  -            509 31173at71240         -            607  1.5e-194  644.3   1.7   1   2   5.7e-10   3.4e-08   28.7   0.1     1    35    15    59    15    67 0.80 -
scaffold_1:24423000-24426743  -            509 31173at71240         -            607  1.5e-194  644.3   1.7   2   2  6.4e-190  3.8e-188  623.1   0.2    37   363   146   509   134   509 0.93 -
scaffold_1:30235901-30234633  -            423 31173at71240         -            607     4e-60  200.3   0.0   1   1   8.5e-60   5.1e-58  193.3   0.0    46   439    29   411    17   419 0.85 -
scaffold_10:10099798-10101576 -            593 31173at71240         -            607   2.5e-51  171.2   0.1   1   2   5.1e-33   3.1e-31  104.9   0.0    43   248   187   381   165   398 0.83 -
scaffold_10:10099798-10101576 -            593 31173at71240         -            607   2.5e-51  171.2   0.1   2   2   1.5e-20   8.8e-19   63.7   0.0   321   439   437   556   400   587 0.84 -
scaffold_10:10118813-10117047 -            589 31173at71240         -            607   2.8e-51  171.1   0.1   1   2   6.7e-33     4e-31  104.5   0.0    44   247   184   376   165   392 0.83 -
scaffold_10:10118813-10117047 -            589 31173at71240         -            607   2.8e-51  171.1   0.1   2   2   1.4e-20   8.3e-19   63.8   0.0   321   433   433   546   380   562 0.85 -
scaffold_4:18940038-18942432  -            400 31173at71240         -            607   1.9e-50  168.3   0.0   1   2   1.9e-28   1.1e-26   89.8   0.1    64   246     8   173     1   186 0.85 -
scaffold_4:18940038-18942432  -            400 31173at71240         -            607   1.9e-50  168.3   0.0   2   2   1.4e-24   8.2e-23   77.0   0.0   275   436   185   348   173   376 0.88 -
scaffold_8:12410657-12406767  -            399 31173at71240         -            607   1.6e-47  158.7   0.0   1   2   2.9e-29   1.7e-27   92.5   0.0    51   249    54   245    48   267 0.84 -
scaffold_8:12410657-12406767  -            399 31173at71240         -            607   1.6e-47  158.7   0.0   2   2   9.4e-21   5.6e-19   64.4   0.0   346   446   274   374   252   384 0.87 -
scaffold_4:1670155-1674536    -            391 31173at71240         -            607   4.2e-47  157.3   0.0   1   3   3.7e-12   2.2e-10   36.0   0.0    46   106    40   100    13   106 0.83 -
scaffold_4:1670155-1674536    -            391 31173at71240         -            607   4.2e-47  157.3   0.0   2   3   3.9e-18   2.3e-16   55.7   0.0   129   223   152   248   150   260 0.88 -
scaffold_4:1670155-1674536    -            391 31173at71240         -            607   4.2e-47  157.3   0.0   3   3   4.7e-20   2.8e-18   62.1   0.0   323   429   262   369   251   383 0.89 -
scaffold_1:35034649-35031518  -            405 31173at71240         -            607   5.2e-47  157.0   0.0   1   2   1.8e-29   1.1e-27   93.1   0.0    63   225    66   223    23   243 0.85 -
scaffold_1:35034649-35031518  -            405 31173at71240         -            607   5.2e-47  157.0   0.0   2   2   5.6e-20   3.3e-18   61.8   0.0   323   434   272   383   262   398 0.88 -
scaffold_3:28693046-28690187  -            392 31173at71240         -            607   1.5e-45  152.1   0.0   1   2   8.7e-26   5.2e-24   81.0   0.0    63   232    26   184     7   197 0.85 -
scaffold_3:28693046-28690187  -            392 31173at71240         -            607   1.5e-45  152.1   0.0   2   2   3.3e-22     2e-20   69.2   0.0   307   441   232   367   198   376 0.81 -
scaffold_1:38523947-38527431  -            389 31173at71240         -            607     6e-45  150.1   0.1   1   2   1.8e-31   1.1e-29   99.8   0.0    53   249    27   215    20   231 0.83 -
scaffold_1:38523947-38527431  -            389 31173at71240         -            607     6e-45  150.1   0.1   2   2   5.7e-16   3.4e-14   48.6   0.0   367   428   265   327   220   345 0.86 -
scaffold_8:14381560-14379620  -            395 31173at71240         -            607     3e-44  147.9   0.0   1   2   5.2e-24   3.1e-22   75.1   0.0    66   232     1   164     1   179 0.81 -
scaffold_8:14381560-14379620  -            395 31173at71240         -            607     3e-44  147.9   0.0   2   2   9.3e-23   5.5e-21   71.0   0.0   308   441   213   347   178   358 0.81 -
scaffold_4:9696392-9698659    -            445 31173at71240         -            607   1.9e-43  145.2   0.0   1   2   5.8e-23   3.4e-21   71.7   0.0    49   246    62   267    58   277 0.78 -
scaffold_4:9696392-9698659    -            445 31173at71240         -            607   1.9e-43  145.2   0.0   2   2   8.2e-23   4.9e-21   71.2   0.0   309   443   296   433   287   441 0.85 -
scaffold_9:6118134-6121089    -            397 31173at71240         -            607   5.6e-43  143.6   0.0   1   2   2.7e-26   1.6e-24   82.7   0.0    54   248    22   206    14   226 0.81 -
scaffold_9:6118134-6121089    -            397 31173at71240         -            607   5.6e-43  143.6   0.0   2   2   3.6e-19   2.1e-17   59.2   0.0   348   433   235   319   213   335 0.85 -
scaffold_5:31856298-31857479  -            394 31173at71240         -            607     2e-42  141.8   0.0   1   2   6.3e-22   3.7e-20   68.3   0.0    51   248    34   230    30   241 0.77 -
scaffold_5:31856298-31857479  -            394 31173at71240         -            607     2e-42  141.8   0.0   2   2     1e-22   5.9e-21   70.9   0.0   320   427   283   391   255   394 0.88 -
scaffold_1:22119503-22118049  -            485 31173at71240         -            607   1.3e-39  132.5   0.7   1   2     2e-30   1.2e-28   96.3   0.0    48   252    81   298    65   303 0.80 -
scaffold_1:22119503-22118049  -            485 31173at71240         -            607   1.3e-39  132.5   0.7   2   2   8.8e-12   5.2e-10   34.7   0.2   324   422   384   483   349   485 0.86 -
scaffold_4:5881759-5878758    -            325 31173at71240         -            607   4.9e-39  130.6   0.2   1   2   3.7e-22   2.2e-20   69.0   0.1    50   248    18   190    13   202 0.85 -
scaffold_4:5881759-5878758    -            325 31173at71240         -            607   4.9e-39  130.6   0.2   2   2   5.8e-18   3.4e-16   55.2   0.0   370   433   236   299   196   315 0.84 -
scaffold_3:26681684-26675152  -            326 31173at71240         -            607   1.1e-38  129.4   0.4   1   2   6.9e-24   4.1e-22   74.7   0.1    65   229     1   156     1   165 0.87 -
scaffold_3:26681684-26675152  -            326 31173at71240         -            607   1.1e-38  129.4   0.4   2   2   2.5e-17   1.5e-15   53.1   0.0   298   425   196   325   174   326 0.86 -
scaffold_8:26682543-26683865  -            441 31173at71240         -            607   1.7e-38  128.8   0.0   1   2   1.2e-27   7.3e-26   87.1   0.1    57   229    50   221    39   231 0.85 -
scaffold_8:26682543-26683865  -            441 31173at71240         -            607   1.7e-38  128.8   0.0   2   2   2.6e-13   1.5e-11   39.8   0.0   279   437   241   403   226   417 0.79 -
scaffold_8:17013342-17015039  -            329 31173at71240         -            607   6.1e-38  127.0   0.5   1   2   7.9e-23   4.7e-21   71.2   0.1    65   229     1   156     1   165 0.87 -
scaffold_8:17013342-17015039  -            329 31173at71240         -            607   6.1e-38  127.0   0.5   2   2   1.2e-17   6.9e-16   54.2   0.0   298   428   196   328   174   329 0.86 -
scaffold_3:26684931-26686159  -            354 31173at71240         -            607   1.3e-37  125.9   0.4   1   2   6.5e-22   3.9e-20   68.2   0.1    65   229     2   156     1   165 0.85 -
scaffold_3:26684931-26686159  -            354 31173at71240         -            607   1.3e-37  125.9   0.4   2   2   3.4e-18     2e-16   55.9   0.0   324   438   223   338   195   352 0.84 -
scaffold_8:17010394-17009195  -            327 31173at71240         -            607   1.2e-36  122.7   0.8   1   2   1.6e-21   9.2e-20   67.0   0.3    65   286     1   215     1   229 0.85 -
scaffold_8:17010394-17009195  -            327 31173at71240         -            607   1.2e-36  122.7   0.8   2   2   3.4e-18     2e-16   55.9   0.1   324   438   209   324   181   327 0.86 -
scaffold_6:29841650-29843932  -            268 31173at71240         -            607   1.6e-34  115.7   0.2   1   2   6.9e-28   4.1e-26   87.9   0.0    65   232     1   159     1   173 0.85 -
scaffold_6:29841650-29843932  -            268 31173at71240         -            607   1.6e-34  115.7   0.2   2   2   3.8e-09   2.2e-07   26.1   0.2   325   391   201   267   194   268 0.78 -
scaffold_5:4750240-4748205    -            204 31173at71240         -            607   1.1e-33  113.0   0.5   1   2   2.4e-12   1.4e-10   36.6   0.1   164   232     8    73     1    89 0.88 -
scaffold_5:4750240-4748205    -            204 31173at71240         -            607   1.1e-33  113.0   0.5   2   2   5.1e-24     3e-22   75.2   0.0   348   427   122   202    89   204 0.86 -
scaffold_13:9437055-9440290   -            262 31173at71240         -            607   1.2e-25   86.4   0.9   1   2   6.6e-18     4e-16   55.0   0.4    68   248     3   146     1   160 0.82 -
scaffold_13:9437055-9440290   -            262 31173at71240         -            607   1.2e-25   86.4   0.9   2   2   4.6e-08   2.8e-06   22.5   0.0   343   389   210   256   198   262 0.84 -
scaffold_10:3630072-3625410   -            376 31173at71240         -            607   2.1e-09   32.8   0.0   1   2      0.13       7.8    1.2   0.0    74   106    12    43     5    45 0.83 -
scaffold_10:3630072-3625410   -            376 31173at71240         -            607   2.1e-09   32.8   0.0   2   2   4.3e-10   2.5e-08   29.2   0.0   318   419   210   312   173   336 0.83 -
scaffold_5:2570123-2572888    -            244 31173at71240         -            607   2.7e-08   29.1   0.0   1   1   5.4e-10   3.2e-08   28.8   0.0   325   418   135   230   122   244 0.83 -
scaffold_3:28161446-28160274  -            391 31173at71240         -            607   1.5e-05   20.0   0.0   1   2   5.7e-07   3.4e-05   18.9   0.0    71   206     4   138     1   181 0.79 -
scaffold_3:28161446-28160274  -            391 31173at71240         -            607   1.5e-05   20.0   0.0   2   2       1.4        86   -2.3   0.0   351   394   305   349   294   354 0.80 -
scaffold_4:13707304-13708578  -            425 31173at71240         -            607    0.0008   14.3   0.2   1   2   2.3e-05    0.0014   13.5   0.1    82   206     3   126     1   164 0.72 -
scaffold_4:13707304-13708578  -            425 31173at71240         -            607    0.0008   14.3   0.2   2   2       4.3   2.6e+02   -3.9   0.0   353   393   295   336   285   338 0.75 -
#
# Program:         hmmsearch
# Version:         3.3.2 (Nov 2020)
# Pipeline mode:   SEARCH
# Query file:      /scratch/srb67793/Pelargonium/scripts/busco_downloads/lineages/eudicots_odb10/hmms/31173at71240.hmm
# Target file:     /scratch/srb67793/Pelargonium/scripts/scratch/srb67793/Pelargonium/Results2/HiFiASM_OmniC/P_citronellum_hap2-scaffolds-busco/run_eudicots_odb10/metaeuk_output/rerun_results/P_citronellum-hap2_scaffolds_final.fa.modified.fas
# Option settings: hmmsearch --domtblout /scratch/srb67793/Pelargonium/scripts/scratch/srb67793/Pelargonium/Results2/HiFiASM_OmniC/P_citronellum_hap2-scaffolds-busco/run_eudicots_odb10/hmmer_output/rerun_results/31173at71240.out --cpu 1 /scratch/srb67793/Pelargonium/scripts/busco_downloads/lineages/eudicots_odb10/hmms/31173at71240.hmm /scratch/srb67793/Pelargonium/scripts/scratch/srb67793/Pelargonium/Results2/HiFiASM_OmniC/P_citronellum_hap2-scaffolds-busco/run_eudicots_odb10/metaeuk_output/rerun_results/P_citronellum-hap2_scaffolds_final.fa.modified.fas 
# Current dir:     /scratch/srb67793/Pelargonium/scripts
# Date:            Fri Jul 19 11:19:33 2024
# [ok]
