#                                                                                    --- full sequence --- -------------- this domain -------------   hmm coord   ali coord   env coord
# target name                accession   tlen query name           accession   qlen   E-value  score  bias   #  of  c-Evalue  i-Evalue  score  bias  from    to  from    to  from    to  acc description of target
#        ------------------- ---------- ----- -------------------- ---------- ----- --------- ------ ----- --- --- --------- --------- ------ ----- ----- ----- ----- ----- ----- ----- ---- ---------------------
scaffold_1:19355256-19354717 -            180 49724at71240         -            399   1.7e-07   27.9   0.4   1   2   6.3e-09   4.1e-06   23.4   0.6    34   145    19   131     3   145 0.79 -
scaffold_1:19355256-19354717 -            180 49724at71240         -            399   1.7e-07   27.9   0.4   2   2     0.016        11    2.3   0.0    83   106   154   177   142   179 0.82 -
scaffold_8:9674494-9674973   -            160 49724at71240         -            399   0.00024   17.6   0.2   1   2   0.00037      0.24    7.7   0.0   223   249     2    28     1    43 0.83 -
scaffold_8:9674494-9674973   -            160 49724at71240         -            399   0.00024   17.6   0.2   2   2   0.00023      0.15    8.3   0.1   181   247    47   111    40   130 0.83 -
scaffold_9:14622501-14621854 -            216 49724at71240         -            399   0.00034   17.1   0.2   1   3      0.26   1.7e+02   -1.7   0.0   180   191    18    29     9    55 0.65 -
scaffold_9:14622501-14621854 -            216 49724at71240         -            399   0.00034   17.1   0.2   2   3   0.00012     0.078    9.3   0.0    40   118    92   168    83   172 0.87 -
scaffold_9:14622501-14621854 -            216 49724at71240         -            399   0.00034   17.1   0.2   3   3    0.0014      0.89    5.8   0.1   204   245   171   214   160   216 0.76 -
#
# Program:         hmmsearch
# Version:         3.3.2 (Nov 2020)
# Pipeline mode:   SEARCH
# Query file:      /scratch/srb67793/Pelargonium/scripts/busco_downloads/lineages/eudicots_odb10/hmms/49724at71240.hmm
# Target file:     /scratch/srb67793/Pelargonium/scripts/scratch/srb67793/Pelargonium/Results2/HiFiASM_OmniC/P_citronellum-hap1-scaffolds-busco/run_eudicots_odb10/metaeuk_output/rerun_results/P_citronellum-hap1_scaffolds_final.fa.modified.fas
# Option settings: hmmsearch --domtblout /scratch/srb67793/Pelargonium/scripts/scratch/srb67793/Pelargonium/Results2/HiFiASM_OmniC/P_citronellum-hap1-scaffolds-busco/run_eudicots_odb10/hmmer_output/rerun_results/49724at71240.out --cpu 1 /scratch/srb67793/Pelargonium/scripts/busco_downloads/lineages/eudicots_odb10/hmms/49724at71240.hmm /scratch/srb67793/Pelargonium/scripts/scratch/srb67793/Pelargonium/Results2/HiFiASM_OmniC/P_citronellum-hap1-scaffolds-busco/run_eudicots_odb10/metaeuk_output/rerun_results/P_citronellum-hap1_scaffolds_final.fa.modified.fas 
# Current dir:     /scratch/srb67793/Pelargonium/scripts
# Date:            Fri Jul 19 10:49:32 2024
# [ok]
