#                                                                                   --- full sequence --- -------------- this domain -------------   hmm coord   ali coord   env coord
# target name               accession   tlen query name           accession   qlen   E-value  score  bias   #  of  c-Evalue  i-Evalue  score  bias  from    to  from    to  from    to  acc description of target
#       ------------------- ---------- ----- -------------------- ---------- ----- --------- ------ ----- --- --- --------- --------- ------ ----- ----- ----- ----- ----- ----- ----- ---- ---------------------
h2tg000649l:101962-106564   -            328 105398at71240        -            232   7.8e-88  293.2   3.5   1   2   1.4e-88   4.7e-85  284.1   1.6    14   213     1   213     1   226 0.92 -
h2tg000649l:101962-106564   -            328 105398at71240        -            232   7.8e-88  293.2   3.5   2   2   0.00023      0.77    8.6   0.0   215   232   302   319   293   319 0.84 -
h2tg000584l:120272-121168   -            299 105398at71240        -            232     0.055   12.3   0.1   1   2      0.49   1.7e+03   -2.4   0.0    96   106    44    54    10    67 0.54 -
h2tg000584l:120272-121168   -            299 105398at71240        -            232     0.055   12.3   0.1   2   2   4.4e-05      0.15   10.9   0.0   100   125   106   131   102   149 0.89 -
h2tg000033l:1029475-1028333 -            381 105398at71240        -            232     0.058   12.2   0.0   1   2   9.1e-05      0.31    9.8   0.0   194   227    45    78    35    81 0.89 -
h2tg000033l:1029475-1028333 -            381 105398at71240        -            232     0.058   12.2   0.0   2   2      0.16   5.4e+02   -0.8   0.0   194   209   205   220   191   245 0.73 -
h2tg000466l:116478-120307   -            390 105398at71240        -            232      0.18   10.6   0.2   1   2    0.0001      0.35    9.7   0.0    75   129   123   177   114   186 0.90 -
h2tg000466l:116478-120307   -            390 105398at71240        -            232      0.18   10.6   0.2   2   2       1.3   4.3e+03   -3.7   0.0    90   108   234   252   232   255 0.87 -
#
# Program:         hmmsearch
# Version:         3.3.2 (Nov 2020)
# Pipeline mode:   SEARCH
# Query file:      /scratch/srb67793/Pelargonium/busco_downloads/lineages/eudicots_odb10/hmms/105398at71240.hmm
# Target file:     /scratch/srb67793/Pelargonium/P_citronellum_omnic-hap1-busco/run_eudicots_odb10/metaeuk_output/initial_results/P_citronellum_OmniC.hic.bp.hap1.p_ctg.fa.modified.fas
# Option settings: hmmsearch --domtblout /scratch/srb67793/Pelargonium/P_citronellum_omnic-hap1-busco/run_eudicots_odb10/hmmer_output/initial_run_results/105398at71240.out --cpu 1 /scratch/srb67793/Pelargonium/busco_downloads/lineages/eudicots_odb10/hmms/105398at71240.hmm /scratch/srb67793/Pelargonium/P_citronellum_omnic-hap1-busco/run_eudicots_odb10/metaeuk_output/initial_results/P_citronellum_OmniC.hic.bp.hap1.p_ctg.fa.modified.fas 
# Current dir:     /scratch/srb67793/Pelargonium
# Date:            Tue Jul 16 10:01:06 2024
# [ok]
