#                                                                                 --- full sequence --- -------------- this domain -------------   hmm coord   ali coord   env coord
# target name             accession   tlen query name           accession   qlen   E-value  score  bias   #  of  c-Evalue  i-Evalue  score  bias  from    to  from    to  from    to  acc description of target
#     ------------------- ---------- ----- -------------------- ---------- ----- --------- ------ ----- --- --- --------- --------- ------ ----- ----- ----- ----- ----- ----- ----- ---- ---------------------
h2tg000442l:131148-133848 -            292 109614at71240        -            226  4.8e-123  408.2   0.8   1   1  5.2e-126  8.9e-123  407.3   0.8     1   226    39   287    39   287 0.96 -
h2tg000062l:276453-273050 -            321 109614at71240        -            226     1e-47  161.8   0.0   1   1   8.8e-51   1.5e-47  161.3   0.0     3   213    80   298    78   306 0.90 -
h2tg000229l:767208-739404 -           1040 109614at71240        -            226   3.2e-19   68.6   0.0   1   1   3.6e-22   6.2e-19   67.7   0.0     2   220    77   296    76   299 0.79 -
h2tg001160l:367003-372726 -            369 109614at71240        -            226   7.2e-10   38.0   0.0   1   2   8.5e-08   0.00014   20.7   0.0     3   124    76   201    75   233 0.85 -
h2tg001160l:367003-372726 -            369 109614at71240        -            226   7.2e-10   38.0   0.0   2   2   3.9e-06    0.0066   15.2   0.0   169   213   309   353   296   367 0.87 -
h2tg001071l:181576-188239 -            397 109614at71240        -            226   1.2e-07   30.7   0.5   1   3       0.2   3.4e+02   -0.2   0.0     3    27    77   102    76   141 0.60 -
h2tg001071l:181576-188239 -            397 109614at71240        -            226   1.2e-07   30.7   0.5   2   3     6e-05       0.1   11.3   0.0    55   131   165   237   155   246 0.84 -
h2tg001071l:181576-188239 -            397 109614at71240        -            226   1.2e-07   30.7   0.5   3   3   2.9e-06     0.005   15.6   0.1   169   212   338   381   327   394 0.87 -
h2tg000075l:803572-800370 -            251 109614at71240        -            226    0.0058   15.4   0.1   1   1   1.4e-05     0.024   13.4   0.1    80   170   116   205   107   248 0.73 -
h2tg000555l:726113-729456 -            249 109614at71240        -            226     0.021   13.6   0.0   1   1   1.6e-05     0.026   13.3   0.0   149   189   181   224   119   240 0.89 -
h2tg000937l:249761-247407 -            246 109614at71240        -            226     0.041   12.6   0.0   1   1   3.8e-05     0.064   12.0   0.0   104   169   144   208   123   222 0.81 -
#
# Program:         hmmsearch
# Version:         3.3.2 (Nov 2020)
# Pipeline mode:   SEARCH
# Query file:      /scratch/srb67793/Pelargonium/busco_downloads/lineages/eudicots_odb10/hmms/109614at71240.hmm
# Target file:     /scratch/srb67793/Pelargonium/P_citronellum_omnic-hap1-busco/run_eudicots_odb10/metaeuk_output/initial_results/P_citronellum_OmniC.hic.bp.hap1.p_ctg.fa.modified.fas
# Option settings: hmmsearch --domtblout /scratch/srb67793/Pelargonium/P_citronellum_omnic-hap1-busco/run_eudicots_odb10/hmmer_output/initial_run_results/109614at71240.out --cpu 1 /scratch/srb67793/Pelargonium/busco_downloads/lineages/eudicots_odb10/hmms/109614at71240.hmm /scratch/srb67793/Pelargonium/P_citronellum_omnic-hap1-busco/run_eudicots_odb10/metaeuk_output/initial_results/P_citronellum_OmniC.hic.bp.hap1.p_ctg.fa.modified.fas 
# Current dir:     /scratch/srb67793/Pelargonium
# Date:            Tue Jul 16 10:00:58 2024
# [ok]
