#                                                                                   --- full sequence --- -------------- this domain -------------   hmm coord   ali coord   env coord
# target name               accession   tlen query name           accession   qlen   E-value  score  bias   #  of  c-Evalue  i-Evalue  score  bias  from    to  from    to  from    to  acc description of target
#       ------------------- ---------- ----- -------------------- ---------- ----- --------- ------ ----- --- --- --------- --------- ------ ----- ----- ----- ----- ----- ----- ----- ---- ---------------------
h2tg000131l:1267915-1273935 -            937 10998at71240         -            736         0 1394.1   0.0   1   2  7.5e-193  1.3e-190  634.9   0.0     1   342     1   369     1   376 0.93 -
h2tg000131l:1267915-1273935 -            937 10998at71240         -            736         0 1394.1   0.0   2   2  7.3e-230  1.2e-227  757.3   0.0   338   733   417   826   399   829 0.96 -
h2tg000336l:486655-488298   -            306 10998at71240         -            736   7.7e-27   93.4   3.0   1   1   9.7e-28   1.6e-25   89.0   3.0     4   282    11   298     9   306 0.81 -
h2tg000267l:258045-252324   -            887 10998at71240         -            736   4.2e-26   91.0   0.1   1   3   4.2e-08   7.1e-06   24.1   0.0   137   246    53   167    38   179 0.83 -
h2tg000267l:258045-252324   -            887 10998at71240         -            736   4.2e-26   91.0   0.1   2   3   0.00024      0.04   11.7   0.0   130   202   328   402   310   409 0.86 -
h2tg000267l:258045-252324   -            887 10998at71240         -            736   4.2e-26   91.0   0.1   3   3   4.8e-16     8e-14   50.4   0.1    49   259   416   647   405   656 0.76 -
h2tg000062l:193933-194820   -            296 10998at71240         -            736   4.4e-24   84.3   5.3   1   2   7.7e-19   1.3e-16   59.6   0.9    43   248     4   209     1   210 0.92 -
h2tg000062l:193933-194820   -            296 10998at71240         -            736   4.4e-24   84.3   5.3   2   2   3.7e-11   6.2e-09   34.2   0.2   157   288   160   296   154   296 0.84 -
h2tg000169l:79349-85687     -            939 10998at71240         -            736     2e-22   78.8   6.2   1   3   4.7e-12   7.9e-10   37.2   0.0    54   177    67   189    48   208 0.90 -
h2tg000169l:79349-85687     -            939 10998at71240         -            736     2e-22   78.8   6.2   2   3   5.2e-11   8.8e-09   33.7   0.8    33   250   383   607   362   616 0.79 -
h2tg000169l:79349-85687     -            939 10998at71240         -            736     2e-22   78.8   6.2   3   3    0.0022      0.37    8.5   0.1   200   249   642   690   617   706 0.82 -
h2tg000564l:391392-392264   -            291 10998at71240         -            736   8.6e-22   76.7   1.0   1   4   5.9e-15   9.9e-13   46.8   0.0    97   252     9   165     5   166 0.88 -
h2tg000564l:391392-392264   -            291 10998at71240         -            736   8.6e-22   76.7   1.0   2   4   5.2e-10   8.7e-08   30.4   0.1   156   249   112   204   105   212 0.94 -
h2tg000564l:391392-392264   -            291 10998at71240         -            736   8.6e-22   76.7   1.0   3   4    0.0032      0.54    8.0   0.0   221   252   226   257   213   262 0.85 -
h2tg000564l:391392-392264   -            291 10998at71240         -            736   8.6e-22   76.7   1.0   4   4    0.0023      0.38    8.4   0.0   105   154   236   285   232   291 0.48 -
h2tg001070l:279503-280123   -            207 10998at71240         -            736   2.5e-20   71.9   0.5   1   1   1.1e-21   1.9e-19   69.0   0.2    32   199    37   205    25   207 0.89 -
h2tg000160l:122001-132690   -            904 10998at71240         -            736   3.4e-20   71.4   1.2   1   2   7.9e-11   1.3e-08   33.1   0.0   109   254   196   348   188   365 0.82 -
h2tg000160l:122001-132690   -            904 10998at71240         -            736   3.4e-20   71.4   1.2   2   2   1.2e-11     2e-09   35.9   1.3   134   320   472   657   462   680 0.77 -
h2tg000939l:115525-105034   -            494 10998at71240         -            736   2.2e-17   62.1   0.3   1   2   2.2e-11   3.8e-09   34.9   0.0    58   214   200   366   176   375 0.80 -
h2tg000939l:115525-105034   -            494 10998at71240         -            736   2.2e-17   62.1   0.3   2   2   5.9e-11   9.9e-09   33.5   0.1    48   277   240   481   232   493 0.76 -
h2tg000561l:168054-168887   -            278 10998at71240         -            736   3.4e-17   61.5   4.4   1   2   6.4e-16   1.1e-13   50.0   2.5    61   250     4   193     1   212 0.92 -
h2tg000561l:168054-168887   -            278 10998at71240         -            736   3.4e-17   61.5   4.4   2   2   0.00053     0.089   10.6   0.0    59   113   216   270   211   277 0.72 -
h2tg000023l:275057-277830   -            514 10998at71240         -            736   5.2e-16   57.6   2.0   1   3   2.9e-12   4.8e-10   37.9   0.1   128   253   213   339   207   344 0.90 -
h2tg000023l:275057-277830   -            514 10998at71240         -            736   5.2e-16   57.6   2.0   2   3   4.5e-07   7.5e-05   20.7   0.1   128   252   256   380   252   416 0.84 -
h2tg000023l:275057-277830   -            514 10998at71240         -            736   5.2e-16   57.6   2.0   3   3   8.8e-05     0.015   13.1   0.0   129   273   340   489   335   505 0.81 -
h2tg000555l:180423-177750   -            505 10998at71240         -            736   1.6e-15   56.0   0.5   1   2   2.8e-12   4.6e-10   37.9   0.1   128   253   213   339   206   342 0.89 -
h2tg000555l:180423-177750   -            505 10998at71240         -            736   1.6e-15   56.0   0.5   2   2   1.2e-05     0.002   16.0   0.0   131   273   342   486   336   493 0.80 -
h2tg000065l:254864-242790   -            469 10998at71240         -            736   4.3e-15   54.6   1.3   1   3    0.0038      0.65    7.7   0.0    46    81   120   155    93   161 0.73 -
h2tg000065l:254864-242790   -            469 10998at71240         -            736   4.3e-15   54.6   1.3   2   3   0.00019     0.031   12.0   0.0    46   125   178   261   171   269 0.82 -
h2tg000065l:254864-242790   -            469 10998at71240         -            736   4.3e-15   54.6   1.3   3   3   1.4e-10   2.4e-08   32.3   0.1    99   247   311   465   276   467 0.86 -
h2tg000316l:92114-86666     -            512 10998at71240         -            736   6.1e-15   54.1   1.5   1   2   1.6e-12   2.6e-10   38.7   0.3   122   250   208   341   206   347 0.86 -
h2tg000316l:92114-86666     -            512 10998at71240         -            736   6.1e-15   54.1   1.5   2   2   3.1e-05    0.0052   14.6   0.0   132   273   348   493   340   501 0.79 -
h2tg001557l:44494-46254     -            587 10998at71240         -            736   1.4e-14   52.9   7.0   1   2   5.8e-12   9.7e-10   36.9   0.6    34   259   279   509   275   517 0.84 -
h2tg001557l:44494-46254     -            587 10998at71240         -            736   1.4e-14   52.9   7.0   2   2   3.4e-09   5.7e-07   27.7   1.0   109   274   400   572   395   582 0.82 -
h2tg000119l:1358269-1362649 -            548 10998at71240         -            736   9.9e-13   46.8   0.1   1   3   2.6e-09   4.3e-07   28.1   0.1    94   246    13   181     3   200 0.77 -
h2tg000119l:1358269-1362649 -            548 10998at71240         -            736   9.9e-13   46.8   0.1   2   3      0.95   1.6e+02   -0.2   0.0   178   196   229   247   217   252 0.82 -
h2tg000119l:1358269-1362649 -            548 10998at71240         -            736   9.9e-13   46.8   0.1   3   3   4.5e-05    0.0076   14.1   0.0   193   242   310   358   303   367 0.87 -
h2tg000033l:741203-736485   -            293 10998at71240         -            736   2.1e-12   45.7   0.2   1   2   7.6e-09   1.3e-06   26.6   0.2   130   273    13   159     7   175 0.74 -
h2tg000033l:741203-736485   -            293 10998at71240         -            736   2.1e-12   45.7   0.2   2   2   7.6e-06    0.0013   16.6   0.0   136   196   222   282   206   291 0.91 -
h2tg000503l:207027-208704   -            556 10998at71240         -            736   3.4e-12   45.0   3.2   1   2   1.4e-09   2.3e-07   29.0   0.5   102   249   275   425   262   434 0.87 -
h2tg000503l:207027-208704   -            556 10998at71240         -            736   3.4e-12   45.0   3.2   2   2   6.3e-05     0.011   13.6   0.1   180   272   442   539   438   551 0.66 -
h2tg000138l:2292483-2291950 -            178 10998at71240         -            736   3.5e-12   45.0   0.1   1   1   2.8e-14   4.6e-12   44.5   0.1    51   205    11   168     2   176 0.67 -
h2tg000131l:894630-895136   -            169 10998at71240         -            736   1.2e-11   43.2   0.1   1   1   9.3e-14   1.6e-11   42.8   0.1    51   205     2   159     1   167 0.59 -
h2tg000153l:2671238-2677076 -            432 10998at71240         -            736   3.6e-11   41.6   0.8   1   3      0.13        22    2.6   0.0   131   152    85   106    66   152 0.79 -
h2tg000153l:2671238-2677076 -            432 10998at71240         -            736   3.6e-11   41.6   0.8   2   3   3.1e-10   5.2e-08   31.2   0.1   149   256   215   330   203   339 0.82 -
h2tg000153l:2671238-2677076 -            432 10998at71240         -            736   3.6e-11   41.6   0.8   3   3     0.029       4.9    4.8   0.0   226   276   356   407   345   427 0.52 -
h2tg000469l:62216-60511     -            301 10998at71240         -            736   7.2e-11   40.6   4.8   1   3   2.5e-08   4.2e-06   24.8   0.2    98   196    15   121    10   173 0.78 -
h2tg000469l:62216-60511     -            301 10998at71240         -            736   7.2e-11   40.6   4.8   2   3     0.033       5.6    4.6   0.0    11    84   100   195    97   202 0.62 -
h2tg000469l:62216-60511     -            301 10998at71240         -            736   7.2e-11   40.6   4.8   3   3     1e-05    0.0017   16.3   0.8   219   294   208   291   201   300 0.80 -
h2tg000047l:153094-152420   -            225 10998at71240         -            736   1.4e-10   39.6   0.1   1   1   1.2e-12     2e-10   39.2   0.1    44   164   101   225    88   225 0.84 -
h2tg000065l:877044-882170   -            518 10998at71240         -            736   2.8e-10   38.7   0.2   1   4     0.012         2    6.1   0.0   130   175   152   197   146   216 0.88 -
h2tg000065l:877044-882170   -            518 10998at71240         -            736   2.8e-10   38.7   0.2   2   4   1.1e-06   0.00018   19.5   0.0   218   255   217   254   212   260 0.90 -
h2tg000065l:877044-882170   -            518 10998at71240         -            736   2.8e-10   38.7   0.2   3   4     0.023       3.9    5.1   0.0    51    83   265   297   257   378 0.77 -
h2tg000065l:877044-882170   -            518 10998at71240         -            736   2.8e-10   38.7   0.2   4   4      0.13        21    2.7   0.0    54   112   429   490   415   495 0.77 -
h2tg000250l:103674-102772   -            301 10998at71240         -            736   3.6e-10   38.3   4.2   1   1   3.4e-10   5.7e-08   31.0   4.2    49   293     8   290     5   299 0.73 -
h2tg000045l:1509088-1502036 -            435 10998at71240         -            736   4.9e-10   37.8   1.4   1   2   3.8e-05    0.0064   14.3   0.1    63   167   115   222    41   234 0.72 -
h2tg000045l:1509088-1502036 -            435 10998at71240         -            736   4.9e-10   37.8   1.4   2   2   1.4e-06   0.00024   19.1   0.1   134   248   310   427   301   432 0.80 -
h2tg000512l:115822-115313   -            170 10998at71240         -            736   6.4e-10   37.5   0.4   1   2     3e-05     0.005   14.7   0.1   219   272     4    64     2    68 0.69 -
h2tg000512l:115822-115313   -            170 10998at71240         -            736   6.4e-10   37.5   0.4   2   2   6.1e-08     1e-05   23.6   0.1   132   249    49   170    39   170 0.87 -
h2tg000134l:1935384-1931277 -            234 10998at71240         -            736   1.5e-09   36.2   0.0   1   2    0.0051      0.86    7.3   0.0    96   151    16    68     7   106 0.80 -
h2tg000134l:1935384-1931277 -            234 10998at71240         -            736   1.5e-09   36.2   0.0   2   2   8.8e-09   1.5e-06   26.3   0.0    24   120   111   207   106   233 0.90 -
h2tg000018l:669632-668760   -            291 10998at71240         -            736   1.8e-09   36.0   4.7   1   5       9.3   1.6e+03   -3.5   0.0   499   523    63    87    50   101 0.54 -
h2tg000018l:669632-668760   -            291 10998at71240         -            736   1.8e-09   36.0   4.7   2   5   1.5e-05    0.0025   15.7   0.2    49   114   128   194   114   198 0.79 -
h2tg000018l:669632-668760   -            291 10998at71240         -            736   1.8e-09   36.0   4.7   3   5      0.02       3.3    5.4   0.0    44    85   166   206   161   212 0.81 -
h2tg000018l:669632-668760   -            291 10998at71240         -            736   1.8e-09   36.0   4.7   4   5   1.6e-05    0.0028   15.5   0.1    43    79   210   246   206   256 0.89 -
h2tg000018l:669632-668760   -            291 10998at71240         -            736   1.8e-09   36.0   4.7   5   5       0.2        34    2.0   0.0    48    80   260   290   253   291 0.77 -
h2tg000393l:1259488-1261960 -            281 10998at71240         -            736   1.9e-09   35.9   0.2   1   2   4.7e-07   7.8e-05   20.6   0.0   129   250    11   131     4   135 0.90 -
h2tg000393l:1259488-1261960 -            281 10998at71240         -            736   1.9e-09   35.9   0.2   2   2   9.4e-07   0.00016   19.6   0.1    84   249    91   254    70   269 0.79 -
h2tg000068l:1047153-1044165 -            236 10998at71240         -            736   2.3e-09   35.6   0.2   1   2   2.4e-08   4.1e-06   24.9   0.0   103   192     6    96     1   109 0.80 -
h2tg000068l:1047153-1044165 -            236 10998at71240         -            736   2.3e-09   35.6   0.2   2   2     0.005      0.84    7.3   0.0   126   164   195   233   170   236 0.82 -
h2tg000286l:8-8965          -            460 10998at71240         -            736   2.6e-09   35.4   0.1   1   2     2e-08   3.4e-06   25.1   0.0   103   196   157   251   111   297 0.84 -
h2tg000286l:8-8965          -            460 10998at71240         -            736   2.6e-09   35.4   0.1   2   2    0.0027      0.46    8.2   0.0   106   164   395   455   382   459 0.76 -
h2tg000042l:572038-579765   -            465 10998at71240         -            736   3.2e-09   35.2   0.3   1   3   5.5e-08   9.3e-06   23.7   0.0   100   199   162   263   121   307 0.85 -
h2tg000042l:572038-579765   -            465 10998at71240         -            736   3.2e-09   35.2   0.3   2   3       2.1   3.5e+02   -1.3   0.0    13    38   390   414   380   424 0.75 -
h2tg000042l:572038-579765   -            465 10998at71240         -            736   3.2e-09   35.2   0.3   3   3    0.0018      0.31    8.8   0.0   126   164   424   462   400   465 0.85 -
h2tg000438l:213525-208436   -            511 10998at71240         -            736   3.8e-09   34.9   0.0   1   4      0.69   1.2e+02    0.3   0.0   130   168   150   188   134   194 0.66 -
h2tg000438l:213525-208436   -            511 10998at71240         -            736   3.8e-09   34.9   0.0   2   4   8.7e-07   0.00015   19.7   0.0   218   255   215   252   210   256 0.91 -
h2tg000438l:213525-208436   -            511 10998at71240         -            736   3.8e-09   34.9   0.0   3   4    0.0087       1.5    6.5   0.0    50   155   257   360   251   384 0.67 -
h2tg000438l:213525-208436   -            511 10998at71240         -            736   3.8e-09   34.9   0.0   4   4      0.12        20    2.8   0.0    54   112   422   483   378   490 0.81 -
h2tg000711l:275676-275285   -            105 10998at71240         -            736   2.5e-08   32.2   0.3   1   1   1.7e-10   2.9e-08   32.0   0.3   105   190     8   103     2   105 0.80 -
h2tg000847l:185880-193620   -            783 10998at71240         -            736   2.5e-08   32.2   0.5   1   4      0.34        57    1.3   0.0   109   165    27    94    15   104 0.71 -
h2tg000847l:185880-193620   -            783 10998at71240         -            736   2.5e-08   32.2   0.5   2   4    0.0067       1.1    6.9   0.0   129   248   105   252    50   262 0.52 -
h2tg000847l:185880-193620   -            783 10998at71240         -            736   2.5e-08   32.2   0.5   3   4      0.53        89    0.6   0.0   129   158   398   427   365   442 0.79 -
h2tg000847l:185880-193620   -            783 10998at71240         -            736   2.5e-08   32.2   0.5   4   4   2.7e-06   0.00045   18.1   0.0   206   270   624   692   588   718 0.84 -
h2tg000717l:130827-130442   -            104 10998at71240         -            736   1.1e-07   30.1   0.2   1   1   7.2e-10   1.2e-07   29.9   0.2   105   189     8   101     2   104 0.71 -
h2tg000297l:686380-685865   -            172 10998at71240         -            736   1.6e-07   29.6   0.0   1   2   6.7e-09   1.1e-06   26.7   0.0    96   176    37   116     3   129 0.80 -
h2tg000297l:686380-685865   -            172 10998at71240         -            736   1.6e-07   29.6   0.0   2   2      0.43        72    0.9   0.0    41    78   135   172   121   172 0.69 -
h2tg000990l:70843-69851     -            331 10998at71240         -            736   3.7e-07   28.3   0.0   1   2   0.00017     0.029   12.2   0.0    47    91   116   160    93   190 0.77 -
h2tg000990l:70843-69851     -            331 10998at71240         -            736   3.7e-07   28.3   0.0   2   2   6.1e-05      0.01   13.7   0.0    47   148   205   307   197   310 0.78 -
h2tg000070l:184690-185304   -            205 10998at71240         -            736   9.7e-07   27.0   0.1   1   2    0.0012      0.21    9.3   0.0    45    86    35    75    12    81 0.80 -
h2tg000070l:184690-185304   -            205 10998at71240         -            736   9.7e-07   27.0   0.1   2   2   1.3e-05    0.0022   15.9   0.0    43   158    78   198    75   203 0.72 -
h2tg000640l:587169-586510   -            220 10998at71240         -            736   1.2e-06   26.7   0.6   1   2   1.9e-06   0.00032   18.6   0.2    31   119    17   112     8   125 0.73 -
h2tg000640l:587169-586510   -            220 10998at71240         -            736   1.2e-06   26.7   0.6   2   2   0.00012      0.02   12.7   0.1    43    81    78   116    75   211 0.65 -
h2tg000374l:1442350-1449427 -            474 10998at71240         -            736   2.2e-06   25.8   0.1   1   2       0.4        67    1.0   0.0   261   295   173   207   130   218 0.54 -
h2tg000374l:1442350-1449427 -            474 10998at71240         -            736   2.2e-06   25.8   0.1   2   2   1.2e-07     2e-05   22.6   0.0   215   292   236   314   177   327 0.80 -
h2tg000095l:55858-48739     -            449 10998at71240         -            736     3e-06   25.3   0.0   1   2      0.57        95    0.5   0.0   262   295   145   178   102   195 0.69 -
h2tg000095l:55858-48739     -            449 10998at71240         -            736     3e-06   25.3   0.0   2   2   8.9e-08   1.5e-05   23.0   0.0   214   292   206   285   147   299 0.76 -
h2tg000639l:391659-395050   -            701 10998at71240         -            736   3.3e-06   25.2   0.0   1   2   0.00072      0.12   10.1   0.0    43    85   195   237   169   249 0.85 -
h2tg000639l:391659-395050   -            701 10998at71240         -            736   3.3e-06   25.2   0.0   2   2   0.00018      0.03   12.1   0.0    71   170   355   464   319   495 0.67 -
h2tg000057l:229846-225854   -            438 10998at71240         -            736   3.8e-06   25.0   0.4   1   2   1.6e-06   0.00027   18.9   0.3   105   266   153   323   140   355 0.78 -
h2tg000057l:229846-225854   -            438 10998at71240         -            736   3.8e-06   25.0   0.4   2   2      0.12        21    2.7   0.0   101   163   374   437   365   438 0.77 -
h2tg000167l:213102-214055   -            318 10998at71240         -            736   4.6e-06   24.7   0.0   1   2   0.00018      0.03   12.1   0.0   218   262    22    66     3    82 0.84 -
h2tg000167l:213102-214055   -            318 10998at71240         -            736   4.6e-06   24.7   0.0   2   2   0.00089      0.15    9.8   0.0    15   163   173   318   156   318 0.78 -
h2tg001306l:28496-28011     -            162 10998at71240         -            736   5.6e-06   24.4   0.3   1   2   2.6e-06   0.00044   18.2   0.1   184   254    16    86     2   118 0.64 -
h2tg001306l:28496-28011     -            162 10998at71240         -            736   5.6e-06   24.4   0.3   2   2     0.026       4.3    5.0   0.0   133   188    97   155    90   161 0.50 -
h2tg000575l:595223-592433   -            390 10998at71240         -            736   7.2e-06   24.1   0.2   1   1   5.8e-08   9.8e-06   23.6   0.2   114   249    57   197    46   213 0.80 -
h2tg000575l:57542-58333     -            264 10998at71240         -            736     1e-05   23.6   0.1   1   2     0.067        11    3.6   0.0   188   250     2    64     1    70 0.85 -
h2tg000575l:57542-58333     -            264 10998at71240         -            736     1e-05   23.6   0.1   2   2   2.9e-06   0.00048   18.0   0.0    48   143    72   169    66   176 0.86 -
h2tg000138l:2771302-2771054 -             83 10998at71240         -            736   1.2e-05   23.3   0.0   1   1   7.8e-08   1.3e-05   23.2   0.0    97   163    17    83     7    83 0.92 -
h2tg001160l:174795-178001   -            381 10998at71240         -            736   1.4e-05   23.2   0.0   1   1   1.1e-07   1.9e-05   22.7   0.0   138   251   120   232    82   242 0.77 -
h2tg000388l:432175-433149   -            325 10998at71240         -            736   1.5e-05   23.0   0.2   1   2     0.006         1    7.1   0.1   220   269   111   162    94   166 0.79 -
h2tg000388l:432175-433149   -            325 10998at71240         -            736   1.5e-05   23.0   0.2   2   2   4.1e-05    0.0069   14.2   0.0    66   166   167   274   163   307 0.80 -
h2tg000088l:899294-899944   -            217 10998at71240         -            736   1.7e-05   22.8   0.1   1   3     0.021       3.5    5.3   0.0    51    81     1    31     1    43 0.89 -
h2tg000088l:899294-899944   -            217 10998at71240         -            736   1.7e-05   22.8   0.1   2   3   5.4e-05    0.0091   13.8   0.0    48   146    87   186    75   195 0.80 -
h2tg000088l:899294-899944   -            217 10998at71240         -            736   1.7e-05   22.8   0.1   3   3       1.2   1.9e+02   -0.5   0.0    66    81   198   213   193   216 0.82 -
h2tg000298l:65596-60864     -            382 10998at71240         -            736   1.9e-05   22.7   0.0   1   3     0.009       1.5    6.5   0.0   130   191    11    76     9    96 0.77 -
h2tg000298l:65596-60864     -            382 10998at71240         -            736   1.9e-05   22.7   0.0   2   3       8.9   1.5e+03   -3.4   0.0   191   219   175   204   172   223 0.58 -
h2tg000298l:65596-60864     -            382 10998at71240         -            736   1.9e-05   22.7   0.0   3   3     7e-05     0.012   13.5   0.0    51   166   263   378   252   382 0.83 -
h2tg000537l:53804-54457     -            218 10998at71240         -            736   4.1e-05   21.6   0.1   1   1   2.2e-06   0.00037   18.4   0.1    50   196     5   152     2   218 0.68 -
h2tg000615l:130362-131273   -            304 10998at71240         -            736   4.5e-05   21.4   0.7   1   1   7.2e-07   0.00012   20.0   0.7    49   248    93   303    74   304 0.77 -
h2tg000694l:77690-77457     -             78 10998at71240         -            736   8.8e-05   20.5   0.0   1   1   5.5e-07   9.2e-05   20.4   0.0    97   161    10    76     2    78 0.85 -
h2tg000884l:169480-169184   -             99 10998at71240         -            736   9.5e-05   20.4   0.1   1   2     4e-06   0.00067   17.6   0.1   217   272     3    64     1    71 0.66 -
h2tg000884l:169480-169184   -             99 10998at71240         -            736   9.5e-05   20.4   0.1   2   2     0.057       9.6    3.8   0.0    48    82    49    86    34    97 0.52 -
h2tg000019l:408882-421201   -            745 10998at71240         -            736   0.00015   19.7   0.2   1   2   9.3e-06    0.0016   16.4   0.0    47   191    13   164     5   168 0.75 -
h2tg000019l:408882-421201   -            745 10998at71240         -            736   0.00015   19.7   0.2   2   2      0.12        20    2.8   0.1     7   151   144   282   138   301 0.64 -
h2tg000512l:411744-412775   -            344 10998at71240         -            736    0.0002   19.3   0.1   1   2     0.082        14    3.3   0.0   224   269   140   187   129   190 0.68 -
h2tg000512l:411744-412775   -            344 10998at71240         -            736    0.0002   19.3   0.1   2   2   4.5e-05    0.0076   14.1   0.0   130   249   173   298   168   305 0.79 -
h2tg000060l:675396-674404   -            331 10998at71240         -            736   0.00023   19.1   0.5   1   2    0.0035      0.58    7.9   0.1   223   273   123   175   100   190 0.71 -
h2tg000060l:675396-674404   -            331 10998at71240         -            736   0.00023   19.1   0.5   2   2   0.00018     0.031   12.1   0.2   134   250   161   283   154   290 0.72 -
h2tg000430l:691369-691566   -             66 10998at71240         -            736   0.00071   17.5   0.0   1   1   4.2e-06   0.00071   17.5   0.0   226   255     1    30     1    62 0.90 -
h2tg000246l:490019-490183   -             55 10998at71240         -            736   0.00072   17.5   0.0   1   1   4.4e-06   0.00075   17.4   0.0   110   163     2    55     1    55 0.91 -
h2tg000450l:444224-444060   -             55 10998at71240         -            736   0.00072   17.5   0.0   1   1   4.4e-06   0.00075   17.4   0.0   110   163     2    55     1    55 0.91 -
h2tg000019l:638813-639487   -            225 10998at71240         -            736   0.00074   17.4   0.2   1   1   1.5e-05    0.0026   15.6   0.2    51   250     1   216     1   219 0.78 -
h2tg000062l:172768-172031   -            246 10998at71240         -            736   0.00097   17.0   0.1   1   2       6.4   1.1e+03   -2.9   0.0   136   163    16    41    11    51 0.73 -
h2tg000062l:172768-172031   -            246 10998at71240         -            736   0.00097   17.0   0.1   2   2   1.1e-05    0.0019   16.1   0.1    46   163   122   246    79   246 0.75 -
h2tg000058l:329073-340405   -            758 10998at71240         -            736     0.001   16.9   0.1   1   2     0.012       2.1    6.0   0.0   129   184    43    98    36   123 0.83 -
h2tg000058l:329073-340405   -            758 10998at71240         -            736     0.001   16.9   0.1   2   2    0.0022      0.37    8.5   0.0   146   201   636   692   620   700 0.87 -
h2tg000156l:580502-572126   -            544 10998at71240         -            736    0.0011   16.9   0.1   1   1   9.7e-06    0.0016   16.3   0.1   139   251   119   230    81   239 0.76 -
h2tg000619l:416825-417016   -             64 10998at71240         -            736    0.0029   15.5   0.0   1   1   2.6e-05    0.0043   14.9   0.0   223   271     5    54     1    61 0.63 -
h2tg000246l:490740-491204   -            155 10998at71240         -            736    0.0029   15.5   0.0   1   1   2.2e-05    0.0037   15.1   0.0   214   277     5    68     2    78 0.82 -
h2tg000450l:443252-442755   -            166 10998at71240         -            736    0.0034   15.3   0.0   1   1   2.6e-05    0.0044   14.9   0.0   214   277     5    68     2    78 0.82 -
h2tg001368l:12091-20709     -            789 10998at71240         -            736     0.004   15.0   0.0   1   1   4.2e-05     0.007   14.2   0.0    96   193   404   508   399   567 0.77 -
h2tg000374l:1042066-949388  -           1204 10998at71240         -            736    0.0056   14.5   0.1   1   1   5.3e-05    0.0089   13.9   0.1   142   232    27   115    16   122 0.61 -
h2tg000095l:506261-589147   -           1204 10998at71240         -            736    0.0056   14.5   0.1   1   1   5.3e-05    0.0089   13.9   0.1   142   232    27   115    16   122 0.61 -
h2tg001368l:17294-20709     -            478 10998at71240         -            736    0.0067   14.3   0.1   1   1   7.8e-05     0.013   13.3   0.1    96   193    68   173    63   232 0.73 -
h2tg000754l:26620-26279     -            114 10998at71240         -            736    0.0068   14.2   0.0   1   1   4.4e-05    0.0074   14.1   0.0   104   173     5    76     1   114 0.81 -
h2tg000266l:504845-503883   -            321 10998at71240         -            736    0.0076   14.1   0.0   1   2    0.0002     0.033   12.0   0.0    50   166   105   227    90   233 0.87 -
h2tg000266l:504845-503883   -            321 10998at71240         -            736    0.0076   14.1   0.0   2   2     0.014       2.3    5.9   0.0    11   143   147   295   142   305 0.58 -
h2tg000410l:300761-300585   -             59 10998at71240         -            736     0.008   14.0   0.0   1   1   7.4e-05     0.012   13.4   0.0   227   270     4    48     1    55 0.76 -
h2tg000637l:75598-73849     -            331 10998at71240         -            736     0.012   13.5   0.1   1   2    0.0003      0.05   11.4   0.0    96   196    34   138    26   164 0.79 -
h2tg000637l:75598-73849     -            331 10998at71240         -            736     0.012   13.5   0.1   2   2       1.3   2.1e+02   -0.6   0.0   147   165   262   280   187   320 0.51 -
h2tg000863l:363476-366918   -            325 10998at71240         -            736     0.052   11.3   0.8   1   2      0.21        35    2.0   0.0   260   297     8    45     4    62 0.80 -
h2tg000863l:363476-366918   -            325 10998at71240         -            736     0.052   11.3   0.8   2   2    0.0085       1.4    6.6   0.1   130   164   274   308   267   320 0.85 -
h2tg000277l:46193-54519     -            212 10998at71240         -            736     0.097   10.4   0.4   1   1    0.0042       0.7    7.6   0.4   132   248    94   205     1   211 0.73 -
#
# Program:         hmmsearch
# Version:         3.3.2 (Nov 2020)
# Pipeline mode:   SEARCH
# Query file:      /scratch/srb67793/Pelargonium/busco_downloads/lineages/eudicots_odb10/hmms/10998at71240.hmm
# Target file:     /scratch/srb67793/Pelargonium/P_citronellum_omnic-hap1-busco/run_eudicots_odb10/metaeuk_output/initial_results/P_citronellum_OmniC.hic.bp.hap1.p_ctg.fa.modified.fas
# Option settings: hmmsearch --domtblout /scratch/srb67793/Pelargonium/P_citronellum_omnic-hap1-busco/run_eudicots_odb10/hmmer_output/initial_run_results/10998at71240.out --cpu 1 /scratch/srb67793/Pelargonium/busco_downloads/lineages/eudicots_odb10/hmms/10998at71240.hmm /scratch/srb67793/Pelargonium/P_citronellum_omnic-hap1-busco/run_eudicots_odb10/metaeuk_output/initial_results/P_citronellum_OmniC.hic.bp.hap1.p_ctg.fa.modified.fas 
# Current dir:     /scratch/srb67793/Pelargonium
# Date:            Tue Jul 16 10:00:59 2024
# [ok]
