#                                                                                   --- full sequence --- -------------- this domain -------------   hmm coord   ali coord   env coord
# target name               accession   tlen query name           accession   qlen   E-value  score  bias   #  of  c-Evalue  i-Evalue  score  bias  from    to  from    to  from    to  acc description of target
#       ------------------- ---------- ----- -------------------- ---------- ----- --------- ------ ----- --- --- --------- --------- ------ ----- ----- ----- ----- ----- ----- ----- ---- ---------------------
h2tg000361l:975306-978717   -            295 121160at71240        -            240  1.8e-131  436.3   0.0   1   1  3.9e-134  2.1e-131  436.1   0.0     1   240    41   295    41   295 0.96 -
h2tg000409l:278351-279091   -            247 121160at71240        -            240   1.5e-08   33.9   0.2   1   1   5.3e-11   2.9e-08   32.9   0.2     1   176     1   172     1   184 0.77 -
h2tg000409l:332302-331559   -            248 121160at71240        -            240   1.7e-07   30.4   0.2   1   1   5.8e-10   3.1e-07   29.5   0.2     1   175     2   172     2   189 0.77 -
h2tg000018l:113790-114374   -            195 121160at71240        -            240     4e-07   29.2   0.0   1   1   1.3e-09     7e-07   28.4   0.0     5   193     1   184     1   189 0.74 -
h2tg000409l:209624-210391   -            256 121160at71240        -            240   6.4e-07   28.5   0.1   1   1   2.3e-09   1.3e-06   27.6   0.1     1   183     1   180     1   199 0.75 -
h2tg000356l:64290-64853     -            188 121160at71240        -            240     7e-07   28.4   0.2   1   1   2.6e-09   1.4e-06   27.4   0.2     6   182     2   176     1   185 0.74 -
h2tg000005l:123019-122216   -            268 121160at71240        -            240   2.4e-06   26.7   0.3   1   1   8.7e-09   4.7e-06   25.7   0.3     3   182     2   178     1   189 0.76 -
h2tg000388l:271382-270642   -            247 121160at71240        -            240   2.6e-06   26.5   0.1   1   1   8.9e-09   4.8e-06   25.6   0.1     1   174     1   171     1   192 0.73 -
h2tg000388l:289587-288859   -            243 121160at71240        -            240   1.7e-05   23.9   0.2   1   1   6.5e-08   3.5e-05   22.8   0.2     1   182     1   178     1   194 0.72 -
h2tg000409l:194602-194042   -            187 121160at71240        -            240   2.2e-05   23.5   0.1   1   1   7.2e-08   3.9e-05   22.7   0.1    45   182    49   175     1   186 0.76 -
h2tg000309l:906351-906058   -             98 121160at71240        -            240   2.8e-05   23.1   0.1   1   1   1.5e-06   0.00082   18.3   0.1     1    47     1    48     1    98 0.62 -
h2tg001288l:16894-17631     -            246 121160at71240        -            240   0.00015   20.8   0.5   1   1   3.2e-07   0.00018   20.5   0.5     3   175     2   174     1   217 0.72 -
h2tg000245l:894537-895319   -            261 121160at71240        -            240   0.00024   20.1   0.0   1   1   1.1e-06   0.00062   18.7   0.0     3   182     2   178     1   191 0.72 -
h2tg000409l:202010-201450   -            187 121160at71240        -            240   0.00025   20.0   0.6   1   1   1.2e-06   0.00063   18.7   0.6    45   182    49   175     1   184 0.75 -
h2tg000409l:206086-206673   -            196 121160at71240        -            240   0.00042   19.3   0.0   1   1   5.9e-06    0.0032   16.4   0.0    43   182    48   176     1   186 0.68 -
h2tg000409l:171172-171849   -            226 121160at71240        -            240     0.001   18.0   0.2   1   1   5.4e-06     0.003   16.5   0.2    46   197    32   170    28   197 0.69 -
h2tg000138l:1539622-1538849 -            258 121160at71240        -            240    0.0012   17.9   1.0   1   1   2.4e-05     0.013   14.4   1.0     4   197    18   226    15   235 0.59 -
h2tg001191l:13958-13221     -            246 121160at71240        -            240    0.0019   17.1   0.2   1   1   4.9e-06    0.0027   16.7   0.2     4   145     3   144     1   207 0.64 -
h2tg000138l:1537109-1536366 -            248 121160at71240        -            240    0.0021   17.0   0.2   1   1     1e-05    0.0055   15.6   0.2     4    80     6   100     3   219 0.76 -
h2tg000297l:269416-267968   -            281 121160at71240        -            240      0.02   13.8   0.0   1   1   5.2e-05     0.028   13.3   0.0     2    69     5    72     4    97 0.73 -
h2tg000309l:900228-898107   -            161 121160at71240        -            240      0.02   13.8   0.1   1   1   4.6e-05     0.025   13.5   0.1   107   194    21   104    14   118 0.69 -
h2tg000298l:456749-458507   -            257 121160at71240        -            240     0.023   13.6   0.0   1   1   5.9e-05     0.032   13.1   0.0     6    65     3    70     1    88 0.74 -
h2tg000245l:91504-96539     -            357 121160at71240        -            240     0.026   13.5   0.0   1   2     0.071        39    3.1   0.0     5    32    91   118    89   135 0.83 -
h2tg000245l:91504-96539     -            357 121160at71240        -            240     0.026   13.5   0.0   2   2    0.0021       1.1    8.1   0.0   151   193   239   282   229   295 0.86 -
h2tg000020l:50401-51156     -            252 121160at71240        -            240     0.044   12.7   0.7   1   1   0.00067      0.36    9.7   0.6     3   182     3   187     1   227 0.65 -
h2tg001063l:311566-300443   -            260 121160at71240        -            240      0.12   11.3   0.0   1   2    0.0007      0.38    9.6   0.0     6    85     5    93     2   127 0.64 -
h2tg001063l:311566-300443   -            260 121160at71240        -            240      0.12   11.3   0.0   2   2      0.57   3.1e+02    0.1   0.0   112   142    95   125    90   159 0.82 -
#
# Program:         hmmsearch
# Version:         3.3.2 (Nov 2020)
# Pipeline mode:   SEARCH
# Query file:      /scratch/srb67793/Pelargonium/busco_downloads/lineages/eudicots_odb10/hmms/121160at71240.hmm
# Target file:     /scratch/srb67793/Pelargonium/P_citronellum_omnic-hap1-busco/run_eudicots_odb10/metaeuk_output/initial_results/P_citronellum_OmniC.hic.bp.hap1.p_ctg.fa.modified.fas
# Option settings: hmmsearch --domtblout /scratch/srb67793/Pelargonium/P_citronellum_omnic-hap1-busco/run_eudicots_odb10/hmmer_output/initial_run_results/121160at71240.out --cpu 1 /scratch/srb67793/Pelargonium/busco_downloads/lineages/eudicots_odb10/hmms/121160at71240.hmm /scratch/srb67793/Pelargonium/P_citronellum_omnic-hap1-busco/run_eudicots_odb10/metaeuk_output/initial_results/P_citronellum_OmniC.hic.bp.hap1.p_ctg.fa.modified.fas 
# Current dir:     /scratch/srb67793/Pelargonium
# Date:            Tue Jul 16 10:00:59 2024
# [ok]
