#                                                                                   --- full sequence --- -------------- this domain -------------   hmm coord   ali coord   env coord
# target name               accession   tlen query name           accession   qlen   E-value  score  bias   #  of  c-Evalue  i-Evalue  score  bias  from    to  from    to  from    to  acc description of target
#       ------------------- ---------- ----- -------------------- ---------- ----- --------- ------ ----- --- --- --------- --------- ------ ----- ----- ----- ----- ----- ----- ----- ---- ---------------------
h2tg000038l:479805-473680   -            910 12607at71240         -            654         0 1258.6  15.3   1   4  1.4e-222  4.6e-219  728.7   0.8     1   344     9   355     9   368 0.97 -
h2tg000038l:479805-473680   -            910 12607at71240         -            654         0 1258.6  15.3   2   4      0.13   4.6e+02   -1.5   0.0   320   372   410   461   405   481 0.75 -
h2tg000038l:479805-473680   -            910 12607at71240         -            654         0 1258.6  15.3   3   4   3.3e-14   1.1e-10   40.1   1.1   346   392   479   524   466   544 0.83 -
h2tg000038l:479805-473680   -            910 12607at71240         -            654         0 1258.6  15.3   4   4    5e-152  1.7e-148  495.5   0.6   380   654   615   903   594   903 0.93 -
h2tg000016l:942596-961610   -            727 12607at71240         -            654     2e-53  181.4   1.2   1   1   7.5e-57   2.6e-53  181.0   1.2     2   350    29   375    28   398 0.88 -
h2tg000397l:42773-54634     -            727 12607at71240         -            654   4.5e-52  176.9   2.3   1   1   1.7e-55   5.6e-52  176.6   2.3     2   351    29   376    28   426 0.88 -
h2tg000147l:3055643-3045136 -           1114 12607at71240         -            654   2.2e-41  141.6   0.3   1   3     1e-31   3.6e-28   97.9   0.1     2   335     4   339     3   368 0.84 -
h2tg000147l:3055643-3045136 -           1114 12607at71240         -            654   2.2e-41  141.6   0.3   2   3   0.00026      0.89    7.4   0.0   449   496   847   894   836   912 0.88 -
h2tg000147l:3055643-3045136 -           1114 12607at71240         -            654   2.2e-41  141.6   0.3   3   3   5.8e-12     2e-08   32.7   0.0   588   654  1010  1076   995  1076 0.94 -
#
# Program:         hmmsearch
# Version:         3.3.2 (Nov 2020)
# Pipeline mode:   SEARCH
# Query file:      /scratch/srb67793/Pelargonium/busco_downloads/lineages/eudicots_odb10/hmms/12607at71240.hmm
# Target file:     /scratch/srb67793/Pelargonium/P_citronellum_omnic-hap1-busco/run_eudicots_odb10/metaeuk_output/initial_results/P_citronellum_OmniC.hic.bp.hap1.p_ctg.fa.modified.fas
# Option settings: hmmsearch --domtblout /scratch/srb67793/Pelargonium/P_citronellum_omnic-hap1-busco/run_eudicots_odb10/hmmer_output/initial_run_results/12607at71240.out --cpu 1 /scratch/srb67793/Pelargonium/busco_downloads/lineages/eudicots_odb10/hmms/12607at71240.hmm /scratch/srb67793/Pelargonium/P_citronellum_omnic-hap1-busco/run_eudicots_odb10/metaeuk_output/initial_results/P_citronellum_OmniC.hic.bp.hap1.p_ctg.fa.modified.fas 
# Current dir:     /scratch/srb67793/Pelargonium
# Date:            Tue Jul 16 10:01:00 2024
# [ok]
