#                                                                                   --- full sequence --- -------------- this domain -------------   hmm coord   ali coord   env coord
# target name               accession   tlen query name           accession   qlen   E-value  score  bias   #  of  c-Evalue  i-Evalue  score  bias  from    to  from    to  from    to  acc description of target
#       ------------------- ---------- ----- -------------------- ---------- ----- --------- ------ ----- --- --- --------- --------- ------ ----- ----- ----- ----- ----- ----- ----- ---- ---------------------
h2tg000150l:1035093-1025103 -           1513 1308at71240          -           1218         0 2444.8  23.9   1   3   2.8e-76     3e-73  246.4   6.8     1   178     1   240     1   251 0.87 -
h2tg000150l:1035093-1025103 -           1513 1308at71240          -           1218         0 2444.8  23.9   2   3  7.3e-298  7.6e-295  980.4   4.5   177   663   262   786   258   833 0.94 -
h2tg000150l:1035093-1025103 -           1513 1308at71240          -           1218         0 2444.8  23.9   3   3         0         0 1219.9   0.1   675  1218   850  1401   844  1401 0.99 -
h2tg000080l:101992-100427   -            522 1308at71240          -           1218   3.8e-23   80.5   0.2   1   3     0.002       2.1    5.1   0.0   720   740     2    22     1    29 0.89 -
h2tg000080l:101992-100427   -            522 1308at71240          -           1218   3.8e-23   80.5   0.2   2   3      0.18   1.9e+02   -1.4   0.0   737   769    70   102    54   145 0.85 -
h2tg000080l:101992-100427   -            522 1308at71240          -           1218   3.8e-23   80.5   0.2   3   3     1e-23   1.1e-20   72.3   0.0   916  1188   250   518   228   521 0.78 -
h2tg001341l:110572-111354   -            261 1308at71240          -           1218   6.4e-19   66.5   0.0   1   1   6.7e-22     7e-19   66.3   0.0   927  1182     7   260     1   261 0.78 -
h2tg000237l:390217-398383   -            647 1308at71240          -           1218   8.3e-19   66.1   0.0   1   2   3.5e-05     0.037   10.9   0.0   705   782   200   273   177   318 0.74 -
h2tg000237l:390217-398383   -            647 1308at71240          -           1218   8.3e-19   66.1   0.0   2   2   6.7e-18     7e-15   53.1   0.0   915  1189   346   614   321   628 0.77 -
h2tg000456l:148041-159905   -           2446 1308at71240          -           1218   2.2e-16   58.1   0.0   1   1   3.7e-19   3.9e-16   57.2   0.0   950  1190  1905  2155  1870  2171 0.77 -
h2tg000018l:337751-343805   -            849 1308at71240          -           1218   3.9e-15   53.9   0.0   1   2    0.0045       4.7    4.0   0.0   701   766   378   443   373   453 0.77 -
h2tg000018l:337751-343805   -            849 1308at71240          -           1218   3.9e-15   53.9   0.0   2   2   1.5e-15   1.6e-12   45.3   0.0   944  1194   554   810   530   825 0.77 -
h2tg000937l:11469-10060     -            470 1308at71240          -           1218   8.7e-10   36.2   0.0   1   2   2.1e-07   0.00022   18.3   0.0   719   768   101   150    76   165 0.85 -
h2tg000937l:11469-10060     -            470 1308at71240          -           1218   8.7e-10   36.2   0.0   2   2   1.1e-06    0.0011   16.0   0.0   943  1180   222   469   194   470 0.69 -
h2tg000018l:418037-416583   -            485 1308at71240          -           1218     2e-08   31.7   0.1   1   2   4.1e-07   0.00043   17.3   0.0   718   770   102   154    76   164 0.83 -
h2tg000018l:418037-416583   -            485 1308at71240          -           1218     2e-08   31.7   0.1   2   2   1.6e-05     0.017   12.1   0.0  1064  1183   351   473   200   483 0.66 -
h2tg001046l:92212-91961     -             84 1308at71240          -           1218   9.6e-08   29.4   0.0   1   1   9.6e-11     1e-07   29.4   0.0  1108  1184     2    81     1    84 0.92 -
h2tg000449l:144867-145136   -             90 1308at71240          -           1218   1.6e-07   28.7   0.1   1   1   1.6e-10   1.7e-07   28.6   0.1  1108  1191     2    86     1    90 0.85 -
h2tg000371l:80390-80160     -             77 1308at71240          -           1218   6.1e-07   26.8   0.0   1   1   6.3e-10   6.6e-07   26.7   0.0  1108  1182     2    77     1    77 0.89 -
h2tg000060l:165851-166087   -             79 1308at71240          -           1218   6.8e-05   20.0   0.0   1   1   6.6e-08   6.9e-05   20.0   0.0  1110  1182     4    79     1    79 0.87 -
h2tg001046l:77514-77780     -             89 1308at71240          -           1218   0.00011   19.2   0.0   1   1   1.1e-07   0.00012   19.2   0.0  1110  1183     4    80     1    87 0.81 -
#
# Program:         hmmsearch
# Version:         3.3.2 (Nov 2020)
# Pipeline mode:   SEARCH
# Query file:      /scratch/srb67793/Pelargonium/busco_downloads/lineages/eudicots_odb10/hmms/1308at71240.hmm
# Target file:     /scratch/srb67793/Pelargonium/P_citronellum_omnic-hap1-busco/run_eudicots_odb10/metaeuk_output/initial_results/P_citronellum_OmniC.hic.bp.hap1.p_ctg.fa.modified.fas
# Option settings: hmmsearch --domtblout /scratch/srb67793/Pelargonium/P_citronellum_omnic-hap1-busco/run_eudicots_odb10/hmmer_output/initial_run_results/1308at71240.out --cpu 1 /scratch/srb67793/Pelargonium/busco_downloads/lineages/eudicots_odb10/hmms/1308at71240.hmm /scratch/srb67793/Pelargonium/P_citronellum_omnic-hap1-busco/run_eudicots_odb10/metaeuk_output/initial_results/P_citronellum_OmniC.hic.bp.hap1.p_ctg.fa.modified.fas 
# Current dir:     /scratch/srb67793/Pelargonium
# Date:            Tue Jul 16 10:00:57 2024
# [ok]
