#                                                                                   --- full sequence --- -------------- this domain -------------   hmm coord   ali coord   env coord
# target name               accession   tlen query name           accession   qlen   E-value  score  bias   #  of  c-Evalue  i-Evalue  score  bias  from    to  from    to  from    to  acc description of target
#       ------------------- ---------- ----- -------------------- ---------- ----- --------- ------ ----- --- --- --------- --------- ------ ----- ----- ----- ----- ----- ----- ----- ---- ---------------------
h2tg000603l:609805-604597   -            208 133978at71240        -            181   9.3e-98  324.8   0.8   1   1  1.2e-100   4.1e-97  322.7   0.8     1   181     1   207     1   207 0.93 -
h2tg000067l:1269516-1265374 -            208 133978at71240        -            181   2.5e-97  323.4   1.0   1   1  3.6e-100   1.2e-96  321.1   1.0     1   181     1   207     1   207 0.91 -
h2tg000246l:266083-303193   -            419 133978at71240        -            181     0.012   14.9   0.3   1   3   7.3e-05      0.25   10.6   0.1   149   180     3    34     1    35 0.93 -
h2tg000246l:266083-303193   -            419 133978at71240        -            181     0.012   14.9   0.3   2   3     0.037   1.3e+02    1.8   0.0   148   179    39    70    35    72 0.88 -
h2tg000246l:266083-303193   -            419 133978at71240        -            181     0.012   14.9   0.3   3   3       1.9   6.6e+03   -3.8   0.0    11    30   117   136   112   147 0.77 -
h2tg000450l:601205-587550   -            315 133978at71240        -            181      0.03   13.6   0.3   1   3   4.5e-05      0.15   11.3   0.0   150   180     4    34     1    35 0.93 -
h2tg000450l:601205-587550   -            315 133978at71240        -            181      0.03   13.6   0.3   2   3      0.45   1.5e+03   -1.7   0.0   149   178    40    69    36    71 0.76 -
h2tg000450l:601205-587550   -            315 133978at71240        -            181      0.03   13.6   0.3   3   3      0.45   1.5e+03   -1.8   0.0     9    34   132   157   127   174 0.67 -
#
# Program:         hmmsearch
# Version:         3.3.2 (Nov 2020)
# Pipeline mode:   SEARCH
# Query file:      /scratch/srb67793/Pelargonium/busco_downloads/lineages/eudicots_odb10/hmms/133978at71240.hmm
# Target file:     /scratch/srb67793/Pelargonium/P_citronellum_omnic-hap1-busco/run_eudicots_odb10/metaeuk_output/initial_results/P_citronellum_OmniC.hic.bp.hap1.p_ctg.fa.modified.fas
# Option settings: hmmsearch --domtblout /scratch/srb67793/Pelargonium/P_citronellum_omnic-hap1-busco/run_eudicots_odb10/hmmer_output/initial_run_results/133978at71240.out --cpu 1 /scratch/srb67793/Pelargonium/busco_downloads/lineages/eudicots_odb10/hmms/133978at71240.hmm /scratch/srb67793/Pelargonium/P_citronellum_omnic-hap1-busco/run_eudicots_odb10/metaeuk_output/initial_results/P_citronellum_OmniC.hic.bp.hap1.p_ctg.fa.modified.fas 
# Current dir:     /scratch/srb67793/Pelargonium
# Date:            Tue Jul 16 10:01:07 2024
# [ok]
