#                                                                                   --- full sequence --- -------------- this domain -------------   hmm coord   ali coord   env coord
# target name               accession   tlen query name           accession   qlen   E-value  score  bias   #  of  c-Evalue  i-Evalue  score  bias  from    to  from    to  from    to  acc description of target
#       ------------------- ---------- ----- -------------------- ---------- ----- --------- ------ ----- --- --- --------- --------- ------ ----- ----- ----- ----- ----- ----- ----- ---- ---------------------
h2tg000039l:3162888-3157845 -            233 135744at71240        -            177   2.6e-84  280.9  16.3   1   2   2.3e-44   4.4e-41  140.1   5.1     8   101    13   115     8   128 0.89 -
h2tg000039l:3162888-3157845 -            233 135744at71240        -            177   2.6e-84  280.9  16.3   2   2   2.6e-46   5.1e-43  146.4   3.3   109   176   162   229   126   233 0.78 -
h2tg000035l:664637-679728   -           1706 135744at71240        -            177   0.00014   21.2   4.4   1   2     7e-08   0.00014   21.2   4.4    92   175   633   713   612   715 0.86 -
h2tg000035l:664637-679728   -           1706 135744at71240        -            177   0.00014   21.2   4.4   2   2       1.4   2.8e+03   -2.6   0.3   130   158  1540  1565  1524  1583 0.60 -
h2tg001101l:97369-82278     -           1706 135744at71240        -            177   0.00014   21.2   4.4   1   2     7e-08   0.00014   21.2   4.4    92   175   633   713   612   715 0.86 -
h2tg001101l:97369-82278     -           1706 135744at71240        -            177   0.00014   21.2   4.4   2   2       1.4   2.8e+03   -2.6   0.3   130   158  1540  1565  1524  1583 0.60 -
h2tg001101l:142495-148162   -           1320 135744at71240        -            177   0.00015   21.1   4.6   1   1   1.9e-07   0.00036   19.9   4.6    97   175   623   698   608   700 0.83 -
h2tg000035l:619511-609975   -           1788 135744at71240        -            177   0.00052   19.4   4.6   1   2   2.7e-07   0.00052   19.4   4.6    97   175   623   698   608   700 0.83 -
h2tg000035l:619511-609975   -           1788 135744at71240        -            177   0.00052   19.4   4.6   2   2      0.29   5.6e+02   -0.3   0.6   130   161  1624  1652  1608  1668 0.68 -
h2tg001337l:114623-98676    -           1698 135744at71240        -            177      0.01   15.2  20.4   1   3   9.9e-06     0.019   14.2   2.4   100   175   220   299   195   301 0.73 -
h2tg001337l:114623-98676    -           1698 135744at71240        -            177      0.01   15.2  20.4   2   3       1.9   3.6e+03   -2.9   1.4   122   142   611   631   607   650 0.77 -
h2tg001337l:114623-98676    -           1698 135744at71240        -            177      0.01   15.2  20.4   3   3   3.9e-05     0.076   12.3   2.0   126   172  1567  1610  1557  1615 0.81 -
h2tg000244l:487416-493191   -            718 135744at71240        -            177     0.019   14.2   1.8   1   1   1.9e-05     0.038   13.3   1.8   129   177    67   114    49   114 0.78 -
#
# Program:         hmmsearch
# Version:         3.3.2 (Nov 2020)
# Pipeline mode:   SEARCH
# Query file:      /scratch/srb67793/Pelargonium/busco_downloads/lineages/eudicots_odb10/hmms/135744at71240.hmm
# Target file:     /scratch/srb67793/Pelargonium/P_citronellum_omnic-hap1-busco/run_eudicots_odb10/metaeuk_output/initial_results/P_citronellum_OmniC.hic.bp.hap1.p_ctg.fa.modified.fas
# Option settings: hmmsearch --domtblout /scratch/srb67793/Pelargonium/P_citronellum_omnic-hap1-busco/run_eudicots_odb10/hmmer_output/initial_run_results/135744at71240.out --cpu 1 /scratch/srb67793/Pelargonium/busco_downloads/lineages/eudicots_odb10/hmms/135744at71240.hmm /scratch/srb67793/Pelargonium/P_citronellum_omnic-hap1-busco/run_eudicots_odb10/metaeuk_output/initial_results/P_citronellum_OmniC.hic.bp.hap1.p_ctg.fa.modified.fas 
# Current dir:     /scratch/srb67793/Pelargonium
# Date:            Tue Jul 16 10:01:02 2024
# [ok]
