#                                                                                   --- full sequence --- -------------- this domain -------------   hmm coord   ali coord   env coord
# target name               accession   tlen query name           accession   qlen   E-value  score  bias   #  of  c-Evalue  i-Evalue  score  bias  from    to  from    to  from    to  acc description of target
#       ------------------- ---------- ----- -------------------- ---------- ----- --------- ------ ----- --- --- --------- --------- ------ ----- ----- ----- ----- ----- ----- ----- ---- ---------------------
h2tg001071l:97475-92281     -           1069 13746at71240         -            716  6.2e-279  926.8  41.8   1   3   7.4e-06   0.00083   17.4   0.0     1    21     1    21     1    37 0.90 -
h2tg001071l:97475-92281     -           1069 13746at71240         -            716  6.2e-279  926.8  41.8   2   3   3.2e-95   3.6e-93  312.8  13.2    19   338    70   431    67   452 0.66 -
h2tg001071l:97475-92281     -           1069 13746at71240         -            716  6.2e-279  926.8  41.8   3   3  7.4e-182  8.3e-180  599.1  18.3   260   715   591  1068   570  1069 0.82 -
h2tg000652l:99814-90357     -           2065 13746at71240         -            716   6.6e-10   37.5   1.6   1   1   5.9e-12   6.6e-10   37.5   1.6   382   445   560   624   554   635 0.89 -
h2tg000035l:1059170-1059021 -             50 13746at71240         -            716   4.3e-09   34.8   3.1   1   1   4.2e-11   4.7e-09   34.7   3.1    13    54     9    50     4    50 0.97 -
h2tg000111l:795315-795464   -             50 13746at71240         -            716     5e-09   34.6   3.8   1   1   4.8e-11   5.4e-09   34.5   3.8    13    54     9    50     4    50 0.97 -
h2tg000318l:313641-312922   -            240 13746at71240         -            716   7.7e-09   34.0   0.7   1   1   8.2e-11   9.3e-09   33.7   0.7    13   102    76   171    67   228 0.73 -
h2tg000362l:1137475-1138224 -            250 13746at71240         -            716   8.6e-09   33.8   0.7   1   1   9.1e-11     1e-08   33.6   0.7    13   101    86   180    77   238 0.73 -
h2tg000612l:239018-238740   -             93 13746at71240         -            716   1.3e-08   33.2   2.5   1   1   1.4e-10   1.5e-08   33.0   2.5    15    60    33    82    20    91 0.77 -
h2tg000337l:176260-176454   -             65 13746at71240         -            716   1.5e-08   33.0   2.2   1   1   1.6e-10   1.8e-08   32.8   2.2     9    54    12    61     7    64 0.86 -
h2tg000782l:148056-148304   -             83 13746at71240         -            716     1e-07   30.3   1.0   1   1     1e-09   1.2e-07   30.1   1.0    15    65     4    61     2    75 0.76 -
h2tg000483l:328140-328397   -             86 13746at71240         -            716   1.9e-07   29.4   1.7   1   1   1.9e-09   2.2e-07   29.2   1.7     9    54    39    86    32    86 0.88 -
h2tg000449l:1088578-1088727 -             50 13746at71240         -            716   5.4e-07   27.9   8.0   1   1   5.4e-09   6.1e-07   27.7   8.0    16    55     1    43     1    47 0.87 -
h2tg000256l:195416-195658   -             81 13746at71240         -            716   5.5e-07   27.9   0.7   1   1   5.1e-09   5.7e-07   27.8   0.7    13    54    29    74    18    81 0.79 -
h2tg000258l:10948-10490     -            153 13746at71240         -            716   5.7e-07   27.8   1.5   1   1   6.6e-09   7.5e-07   27.4   1.5    13    54    86   131    75   135 0.81 -
h2tg000915l:249274-249125   -             50 13746at71240         -            716   7.6e-07   27.4   7.7   1   1   7.5e-09   8.4e-07   27.2   7.7    16    55     1    43     1    47 0.87 -
h2tg000038l:276886-276647   -             80 13746at71240         -            716   7.9e-07   27.3   0.9   1   1     8e-09     9e-07   27.2   0.9    11    57    29    79    25    80 0.86 -
h2tg000375l:54314-53985     -            110 13746at71240         -            716   2.1e-06   25.9   2.4   1   1   2.2e-08   2.4e-06   25.7   2.4    11    61    49   102    36   107 0.80 -
h2tg000835l:198868-199110   -             81 13746at71240         -            716   3.1e-06   25.4   0.4   1   1   2.9e-08   3.3e-06   25.3   0.4    11    57     2    52     1    66 0.84 -
h2tg000207l:448187-456408   -            839 13746at71240         -            716   3.4e-06   25.2   2.9   1   2       6.9   7.8e+02   -2.4   0.2   271   298   479   499   441   595 0.42 -
h2tg000207l:448187-456408   -            839 13746at71240         -            716   3.4e-06   25.2   2.9   2   2     3e-08   3.4e-06   25.2   2.9     7    63   778   835   772   838 0.87 -
h2tg000221l:117045-116848   -             66 13746at71240         -            716   5.1e-06   24.7   3.3   1   1   4.8e-08   5.4e-06   24.6   3.3    13    54    20    62    15    66 0.90 -
h2tg000191l:113544-113792   -             83 13746at71240         -            716   6.2e-06   24.4   2.0   1   1   6.6e-08   7.4e-06   24.1   2.0    14    57    35    82    33    83 0.86 -
h2tg000267l:22985-23365     -            127 13746at71240         -            716   7.7e-06   24.1   0.9   1   1   8.2e-08   9.2e-06   23.8   0.9    12    56    77   126    70   127 0.84 -
h2tg000705l:391153-392214   -            354 13746at71240         -            716   8.5e-06   23.9   1.1   1   2   7.5e-08   8.5e-06   23.9   1.1    14   102    83   176    74   223 0.80 -
h2tg000705l:391153-392214   -            354 13746at71240         -            716   8.5e-06   23.9   1.1   2   2       5.6   6.3e+02   -2.1   0.2   231   276   243   289   188   351 0.49 -
h2tg000483l:154334-153864   -            157 13746at71240         -            716   1.3e-05   23.3   0.6   1   1   1.4e-07   1.6e-05   23.1   0.6    14    54    70   114    66   142 0.89 -
h2tg000456l:523542-523733   -             64 13746at71240         -            716   2.4e-05   22.4   2.2   1   1   2.3e-07   2.5e-05   22.4   2.2     7    54    12    63     8    64 0.82 -
h2tg000908l:1258-1590       -            111 13746at71240         -            716   3.6e-05   21.8   1.8   1   1   3.9e-07   4.4e-05   21.6   1.8    10    54    57   106    50   110 0.83 -
h2tg000424l:504230-504796   -            189 13746at71240         -            716   3.8e-05   21.8   1.8   1   1   5.5e-07   6.2e-05   21.1   1.8    15    67   102   158    98   175 0.80 -
h2tg000080l:679752-680726   -            325 13746at71240         -            716     6e-05   21.1   1.4   1   1   7.3e-07   8.2e-05   20.7   1.4    13    55   133   179   124   187 0.84 -
h2tg000347l:27316-33683     -            344 13746at71240         -            716   6.1e-05   21.1   0.3   1   2      0.16        18    3.0   0.0   562   585    36    59    31    70 0.88 -
h2tg000347l:27316-33683     -            344 13746at71240         -            716   6.1e-05   21.1   0.3   2   2   1.9e-05    0.0021   16.0   0.3    11    42   195   227   186   298 0.77 -
h2tg000185l:81328-81119     -             70 13746at71240         -            716   6.8e-05   20.9   8.8   1   1   6.8e-07   7.7e-05   20.8   8.8    15    54    21    63    13    69 0.89 -
h2tg000155l:98930-99196     -             89 13746at71240         -            716     7e-05   20.9   3.7   1   1   7.4e-07   8.3e-05   20.7   3.7    15    57    41    86    37    88 0.88 -
h2tg000459l:11363-11211     -             51 13746at71240         -            716   7.6e-05   20.8   7.7   1   1   7.4e-07   8.4e-05   20.6   7.7    16    55     1    43     1    48 0.87 -
h2tg000976l:3081-2572       -            170 13746at71240         -            716    0.0001   20.4   1.7   1   1   1.2e-06   0.00013   20.0   1.7    10    54   116   165   110   169 0.84 -
h2tg000119l:1533766-1533566 -             67 13746at71240         -            716    0.0001   20.3   1.6   1   1   9.9e-07   0.00011   20.2   1.6     9    54    18    67    11    67 0.84 -
h2tg000392l:201861-201577   -             95 13746at71240         -            716   0.00012   20.1   3.7   1   1   1.4e-06   0.00015   19.8   3.7    15    55    46    91    39    94 0.81 -
h2tg001551l:4880-5137       -             86 13746at71240         -            716   0.00014   19.9   0.4   1   1   1.4e-06   0.00015   19.8   0.4    15    54    30    73    17    77 0.83 -
h2tg000705l:389815-390117   -            101 13746at71240         -            716   0.00015   19.9   1.0   1   1   1.4e-06   0.00016   19.7   1.0    12    63    23    78    15    95 0.81 -
h2tg000801l:71854-71693     -             54 13746at71240         -            716   0.00017   19.6   2.3   1   1   1.7e-06   0.00019   19.5   2.3    12    54     4    49     2    53 0.86 -
h2tg000256l:212107-211454   -            218 13746at71240         -            716   0.00018   19.5   1.6   1   1   2.3e-06   0.00026   19.0   1.6    15    54   109   152   103   156 0.86 -
h2tg000292l:247421-247855   -            145 13746at71240         -            716   0.00019   19.5   1.2   1   1     2e-06   0.00023   19.2   1.2    15    54   102   145    95   145 0.91 -
h2tg001154l:44751-44993     -             81 13746at71240         -            716    0.0002   19.4   0.5   1   1   1.9e-06   0.00021   19.3   0.5    15    54    31    74    18    77 0.78 -
h2tg000372l:315662-316594   -            311 13746at71240         -            716   0.00023   19.2   3.4   1   2      0.14        15    3.2   0.1   342   368    24    50     3    66 0.76 -
h2tg000372l:315662-316594   -            311 13746at71240         -            716   0.00023   19.2   3.4   2   2   1.5e-05    0.0017   16.4   0.8    11    55   243   290   235   305 0.84 -
h2tg000750l:359539-359853   -            105 13746at71240         -            716   0.00024   19.2   4.7   1   1   2.6e-06   0.00029   18.9   4.7    16    55    46    88    41   101 0.81 -
h2tg001384l:21081-20935     -             49 13746at71240         -            716   0.00028   18.9  10.4   1   1   2.5e-06   0.00028   18.9  10.4    15    55     4    47     1    49 0.88 -
h2tg001203l:132701-132997   -             99 13746at71240         -            716   0.00032   18.7   4.4   1   1   3.5e-06    0.0004   18.4   4.4    12    58    45    95    37    97 0.85 -
h2tg001551l:14062-14457     -            132 13746at71240         -            716   0.00034   18.6   2.4   1   1   3.8e-06   0.00042   18.3   2.4    15    54    89   132    84   132 0.82 -
h2tg000750l:340204-340434   -             77 13746at71240         -            716   0.00036   18.5   5.3   1   1     4e-06   0.00045   18.2   5.3    16    54    32    73    26    76 0.87 -
h2tg000366l:217220-216996   -             75 13746at71240         -            716   0.00038   18.5   0.1   1   1   3.7e-06   0.00041   18.4   0.1    15    54    28    70    21    75 0.85 -
h2tg000834l:119725-119868   -             48 13746at71240         -            716   0.00041   18.4   6.0   1   1   3.6e-06   0.00041   18.4   6.0    29    54    21    46     1    48 0.88 -
h2tg000018l:197645-196848   -            266 13746at71240         -            716   0.00045   18.2   3.8   1   2       1.4   1.6e+02   -0.1   0.1    10    19    14    23    10    30 0.88 -
h2tg000018l:197645-196848   -            266 13746at71240         -            716   0.00045   18.2   3.8   2   2     4e-06   0.00045   18.2   3.8    12    55   210   256   207   265 0.87 -
h2tg000749l:303069-302398   -            224 13746at71240         -            716   0.00045   18.2   2.0   1   1   6.3e-06   0.00071   17.6   2.0    15    54   178   220   168   223 0.86 -
h2tg000136l:40909-41118     -             70 13746at71240         -            716   0.00048   18.1   0.2   1   1   4.3e-06   0.00048   18.1   0.2    15    54    23    65     9    70 0.85 -
h2tg001120l:11385-11891     -            169 13746at71240         -            716   0.00055   18.0   1.1   1   1   5.9e-06   0.00067   17.7   1.1    14    54   125   169   121   169 0.86 -
h2tg000350l:51666-51427     -             80 13746at71240         -            716   0.00055   17.9   1.3   1   1     6e-06   0.00067   17.7   1.3    15    54    28    71    24    74 0.90 -
h2tg000755l:325027-324854   -             58 13746at71240         -            716   0.00085   17.3   3.1   1   1   7.8e-06   0.00088   17.3   3.1    12    54     8    52     2    56 0.86 -
h2tg000194l:85939-86925     -            329 13746at71240         -            716   0.00088   17.3   1.9   1   1   1.1e-05    0.0013   16.7   1.9    13    54   240   284   234   292 0.86 -
h2tg000147l:184901-184170   -            244 13746at71240         -            716   0.00092   17.2   3.8   1   1   1.2e-05    0.0014   16.6   3.8    14    55   196   240   187   243 0.85 -
h2tg000142l:1140255-1140635 -            127 13746at71240         -            716     0.001   17.1   1.3   1   1   1.1e-05    0.0012   16.8   1.3    15    54    81   124    70   127 0.85 -
h2tg000402l:607145-606942   -             68 13746at71240         -            716    0.0012   16.8   1.9   1   1   1.3e-05    0.0015   16.5   1.9    15    54    22    65    19    67 0.84 -
h2tg000578l:121712-121858   -             49 13746at71240         -            716    0.0013   16.7   2.1   1   1   1.3e-05    0.0014   16.6   2.1    13    54     2    46     1    48 0.88 -
h2tg000483l:3375-4586       -            404 13746at71240         -            716    0.0013   16.7   1.0   1   1   1.7e-05    0.0019   16.1   1.0    13    55   101   147    93   156 0.84 -
h2tg000796l:170941-170774   -             56 13746at71240         -            716    0.0014   16.6   3.8   1   1   1.4e-05    0.0016   16.4   3.8    16    55    10    52     5    55 0.82 -
h2tg000703l:62466-62750     -             95 13746at71240         -            716    0.0016   16.4   4.0   1   1   1.6e-05    0.0018   16.3   4.0    16    54    53    95    40    95 0.81 -
h2tg000165l:1198788-1198988 -             67 13746at71240         -            716    0.0018   16.2   6.7   1   1   1.6e-05    0.0018   16.2   6.7    12    57    16    65     7    67 0.84 -
h2tg001228l:148804-148556   -             83 13746at71240         -            716    0.0019   16.2   8.6   1   1   1.9e-05    0.0022   16.0   8.6    15    53    41    83    33    83 0.87 -
h2tg000703l:20946-21182     -             79 13746at71240         -            716     0.002   16.1   1.7   1   1   1.9e-05    0.0021   16.0   1.7     7    54    29    79    23    79 0.76 -
h2tg001395l:19490-19158     -            111 13746at71240         -            716     0.002   16.1   3.1   1   1   2.1e-05    0.0024   15.8   3.1     5    54    58   111    55   111 0.86 -
h2tg000104l:382807-382628   -             60 13746at71240         -            716    0.0023   15.9   6.9   1   1   2.3e-05    0.0026   15.7   6.9    15    54    17    59    12    60 0.83 -
h2tg000216l:107447-107289   -             53 13746at71240         -            716    0.0024   15.8   9.9   1   1   2.4e-05    0.0027   15.7   9.9    15    56     6    50     2    52 0.88 -
h2tg000302l:1576294-1576509 -             72 13746at71240         -            716    0.0029   15.6   3.3   1   1   2.8e-05    0.0032   15.4   3.3    12    54    18    64     9    70 0.83 -
h2tg000631l:542091-541864   -             76 13746at71240         -            716    0.0031   15.5   0.2   1   1   2.9e-05    0.0033   15.4   0.2    11    54    29    76    22    76 0.84 -
h2tg001260l:53554-53799     -             82 13746at71240         -            716    0.0032   15.4   1.3   1   1   3.4e-05    0.0038   15.2   1.3    15    54    36    76    29    79 0.87 -
h2tg000852l:191436-191242   -             65 13746at71240         -            716    0.0035   15.3   1.9   1   1   3.8e-05    0.0042   15.0   1.9    15    54    19    62    16    64 0.82 -
h2tg000032l:63997-64407     -            137 13746at71240         -            716    0.0038   15.2   0.5   1   1   4.2e-05    0.0047   14.9   0.5    14    55    80   124    71   132 0.87 -
h2tg000350l:45970-45824     -             49 13746at71240         -            716    0.0042   15.0   2.8   1   1   4.1e-05    0.0047   14.9   2.8    16    56     1    45     1    48 0.88 -
h2tg000086l:784750-785355   -            202 13746at71240         -            716    0.0043   15.0   1.6   1   1   5.9e-05    0.0067   14.4   1.6    15    54    54    97    50   112 0.83 -
h2tg000325l:735657-735301   -            119 13746at71240         -            716     0.005   14.8   5.5   1   1   5.6e-05    0.0063   14.4   5.5    15    55    72   115    68   118 0.87 -
h2tg001194l:3991-3509       -             93 13746at71240         -            716    0.0051   14.8   8.0   1   1   4.9e-05    0.0055   14.6   8.0    30    59    19    48     1    55 0.80 -
h2tg000287l:230541-228877   -            555 13746at71240         -            716    0.0053   14.7   0.6   1   1   8.2e-05    0.0092   13.9   0.6    13    54   372   416   363   431 0.81 -
h2tg000660l:6188-6000       -             63 13746at71240         -            716    0.0061   14.5   3.0   1   1   6.1e-05    0.0068   14.3   3.0    14    54    16    60     6    62 0.81 -
h2tg000843l:168926-169189   -             88 13746at71240         -            716    0.0069   14.3   4.2   1   1   7.2e-05    0.0081   14.1   4.2    12    54    42    88    37    88 0.85 -
h2tg000803l:47919-48662     -            248 13746at71240         -            716     0.007   14.3   1.5   1   1   8.2e-05    0.0092   13.9   1.5     9    54   182   230   176   244 0.86 -
h2tg000047l:854022-854642   -            207 13746at71240         -            716    0.0075   14.2   1.4   1   1   8.3e-05    0.0093   13.9   1.4    14    88   117   191   107   202 0.73 -
h2tg000500l:42402-42740     -            113 13746at71240         -            716    0.0078   14.1   3.8   1   1   8.5e-05    0.0096   13.8   3.8    14    55    48    99    38   106 0.74 -
h2tg000068l:824261-823563   -            233 13746at71240         -            716    0.0092   13.9   3.2   1   1   0.00011     0.012   13.5   3.2    15    55   109   153   106   166 0.84 -
h2tg001035l:59321-59845     -            175 13746at71240         -            716    0.0097   13.8   2.6   1   1   0.00011     0.012   13.5   2.6    16    57   130   174   124   175 0.88 -
h2tg000144l:548482-548748   -             89 13746at71240         -            716      0.01   13.8   2.4   1   1   0.00011     0.013   13.4   2.4    15    54     5    44     2    51 0.94 -
h2tg001532l:14105-13308     -            266 13746at71240         -            716     0.013   13.4   1.9   1   1   0.00018      0.02   12.8   1.9    15    54   220   262   213   265 0.85 -
h2tg000705l:164839-165033   -             65 13746at71240         -            716     0.015   13.2   3.8   1   1   0.00014     0.016   13.1   3.8    11    54    13    59     6    63 0.86 -
h2tg000508l:384158-384006   -             51 13746at71240         -            716     0.018   12.9   1.5   1   1   0.00018      0.02   12.8   1.5    30    55    20    45    14    48 0.92 -
h2tg000612l:1572-1790       -             73 13746at71240         -            716     0.023   12.6   3.6   1   1   0.00024     0.027   12.4   3.6    13    54    22    66    14    71 0.85 -
h2tg000655l:598875-598702   -             58 13746at71240         -            716     0.024   12.5   1.8   1   1   0.00022     0.024   12.5   1.8    14    55     7    52     2    56 0.76 -
h2tg000311l:207393-206878   -            172 13746at71240         -            716     0.028   12.3   0.3   1   1   0.00029     0.032   12.1   0.3    24    55    79   110    57   136 0.77 -
h2tg000243l:2720-2379       -            114 13746at71240         -            716      0.03   12.2   3.0   1   1   0.00032     0.036   11.9   3.0     6    54    62   114    58   114 0.83 -
h2tg000929l:220300-220587   -             96 13746at71240         -            716      0.03   12.2   1.2   1   1   0.00031     0.035   12.0   1.2    15    54    50    93    43    95 0.84 -
h2tg000938l:200524-202378   -            310 13746at71240         -            716     0.033   12.1   1.5   1   1   0.00044      0.05   11.5   1.5     7    54   221   271   216   278 0.84 -
h2tg001249l:10776-10952     -             59 13746at71240         -            716     0.037   11.9   4.9   1   1   0.00036      0.04   11.8   4.9    15    54    12    54     3    58 0.85 -
h2tg001225l:175460-174918   -            181 13746at71240         -            716      0.04   11.8   1.2   1   1   0.00046     0.052   11.4   1.2    15    57   109   155   101   161 0.84 -
h2tg001527l:35667-35371     -             99 13746at71240         -            716     0.053   11.4   7.7   1   1   0.00056     0.064   11.1   7.7    15    54    50    93    39    96 0.86 -
h2tg001055l:4705-5127       -            141 13746at71240         -            716     0.053   11.4   4.5   1   1    0.0006     0.067   11.0   4.5    15    57    79   125    74   131 0.84 -
h2tg000096l:598288-620756   -            556 13746at71240         -            716     0.055   11.3   2.1   1   1   0.00092       0.1   10.4   2.1    16    55   128   171   123   181 0.83 -
h2tg000019l:1558667-1558912 -             82 13746at71240         -            716     0.065   11.1   2.9   1   1    0.0007     0.078   10.8   2.9    15    54    31    75    27    80 0.73 -
h2tg000994l:353303-353929   -            209 13746at71240         -            716     0.071   11.0   3.1   1   1   0.00092       0.1   10.4   3.1    16    54    99   141    96   146 0.78 -
h2tg000188l:127048-127911   -            288 13746at71240         -            716      0.08   10.8   3.9   1   1     0.001      0.11   10.3   3.9    15    54   134   177   125   180 0.84 -
h2tg000695l:123994-123188   -            269 13746at71240         -            716      0.11   10.4   4.9   1   1    0.0015      0.16    9.8   4.9    13    56   182   228   175   234 0.82 -
h2tg000019l:548175-549431   -            419 13746at71240         -            716      0.13   10.1   0.9   1   1    0.0016      0.18    9.6   0.9    30    55   182   207   161   221 0.81 -
h2tg000865l:138714-138502   -             71 13746at71240         -            716      0.13   10.1   5.6   1   1    0.0013      0.14   10.0   5.6    15    54    21    63    12    67 0.86 -
h2tg000080l:906409-906107   -            101 13746at71240         -            716      0.13   10.1   1.8   1   1    0.0014      0.16    9.8   1.8    13    53    57   101    47   101 0.83 -
h2tg000019l:2949729-2949472 -             86 13746at71240         -            716      0.13   10.1   3.5   1   1    0.0013      0.15    9.9   3.5    14    54    43    86    30    86 0.81 -
h2tg000577l:537580-536810   -            257 13746at71240         -            716      0.13   10.1   2.4   1   1    0.0016      0.18    9.6   2.4    13    54   178   222   170   231 0.84 -
h2tg000302l:3151485-3152306 -            274 13746at71240         -            716      0.16    9.8   4.0   1   1     0.002      0.22    9.3   4.0    15    54   116   159   107   163 0.84 -
h2tg000063l:279245-279574   -            110 13746at71240         -            716      0.19    9.5   6.6   1   1     0.002      0.23    9.3   6.6    15    54    67   110    58   110 0.84 -
h2tg000176l:24597-24292     -            102 13746at71240         -            716      0.21    9.4   5.1   1   1    0.0022      0.25    9.2   5.1    15    54    26    69    21    80 0.82 -
h2tg000612l:1097-1781       -            225 13746at71240         -            716      0.26    9.1   3.4   1   1    0.0031      0.35    8.7   3.4    13    54   177   221   173   224 0.84 -
h2tg000236l:136223-134812   -            131 13746at71240         -            716      0.26    9.1   1.7   1   1    0.0026       0.3    8.9   1.7    16    64    78   127    74   131 0.82 -
h2tg000167l:314559-314281   -             93 13746at71240         -            716      0.42    8.4   6.9   1   1    0.0045      0.51    8.1   6.9    16    54    48    90    39    92 0.86 -
h2tg000158l:627866-626964   -            301 13746at71240         -            716      0.44    8.3   2.7   1   1    0.0055      0.62    7.8   2.7    15    55   140   184   133   187 0.82 -
h2tg000089l:655581-655429   -             51 13746at71240         -            716      0.49    8.2   4.8   1   1    0.0045       0.5    8.2   4.8    27    55    17    45     2    49 0.78 -
h2tg001128l:120249-119566   -            228 13746at71240         -            716      0.51    8.1   3.1   1   1    0.0067      0.75    7.6   3.1    16    54   183   224   176   227 0.84 -
h2tg000148l:1666659-1667270 -            204 13746at71240         -            716      0.69    7.7   7.5   1   1    0.0085      0.95    7.2   7.5    13    55    95   141    90   147 0.86 -
h2tg000151l:164237-163626   -            204 13746at71240         -            716      0.69    7.7   7.5   1   1    0.0085      0.95    7.2   7.5    13    55    95   141    90   147 0.86 -
h2tg000091l:163076-196980   -            250 13746at71240         -            716       0.7    7.7   4.1   1   2    0.0016      0.18    9.7   1.0    15    57    91   137    86   140 0.74 -
h2tg000091l:163076-196980   -            250 13746at71240         -            716       0.7    7.7   4.1   2   2       8.7   9.7e+02   -2.7   0.1   460   482   195   217   166   230 0.47 -
#
# Program:         hmmsearch
# Version:         3.3.2 (Nov 2020)
# Pipeline mode:   SEARCH
# Query file:      /scratch/srb67793/Pelargonium/busco_downloads/lineages/eudicots_odb10/hmms/13746at71240.hmm
# Target file:     /scratch/srb67793/Pelargonium/P_citronellum_omnic-hap1-busco/run_eudicots_odb10/metaeuk_output/initial_results/P_citronellum_OmniC.hic.bp.hap1.p_ctg.fa.modified.fas
# Option settings: hmmsearch --domtblout /scratch/srb67793/Pelargonium/P_citronellum_omnic-hap1-busco/run_eudicots_odb10/hmmer_output/initial_run_results/13746at71240.out --cpu 1 /scratch/srb67793/Pelargonium/busco_downloads/lineages/eudicots_odb10/hmms/13746at71240.hmm /scratch/srb67793/Pelargonium/P_citronellum_omnic-hap1-busco/run_eudicots_odb10/metaeuk_output/initial_results/P_citronellum_OmniC.hic.bp.hap1.p_ctg.fa.modified.fas 
# Current dir:     /scratch/srb67793/Pelargonium
# Date:            Tue Jul 16 10:00:59 2024
# [ok]
