#                                                                                   --- full sequence --- -------------- this domain -------------   hmm coord   ali coord   env coord
# target name               accession   tlen query name           accession   qlen   E-value  score  bias   #  of  c-Evalue  i-Evalue  score  bias  from    to  from    to  from    to  acc description of target
#       ------------------- ---------- ----- -------------------- ---------- ----- --------- ------ ----- --- --- --------- --------- ------ ----- ----- ----- ----- ----- ----- ----- ---- ---------------------
h2tg001085l:36128-38833     -            194 143164at71240        -            166   1.4e-83  278.5   7.2   1   1   5.4e-85   1.4e-82  275.2   7.2     1   160     1   177     1   181 0.91 -
h2tg000740l:41144-40968     -             59 143164at71240        -            166   1.4e-29  102.8   0.1   1   1   5.8e-32   1.5e-29  102.7   0.1     1    58     1    58     1    59 0.98 -
h2tg000561l:632501-632301   -             67 143164at71240        -            166   1.4e-29  102.8   0.2   1   1   5.6e-32   1.4e-29  102.8   0.2     1    63     1    63     1    67 0.95 -
h2tg000131l:452078-451902   -             59 143164at71240        -            166   1.4e-29  102.8   0.2   1   1   5.9e-32   1.5e-29  102.7   0.2     1    59     1    59     1    59 0.99 -
h2tg000671l:129031-128858   -             58 143164at71240        -            166   3.9e-29  101.4   0.1   1   1   1.7e-31   4.2e-29  101.3   0.1     1    58     1    58     1    58 0.98 -
h2tg000555l:675175-675002   -             58 143164at71240        -            166   4.6e-29  101.1   0.1   1   1     2e-31   4.9e-29  101.0   0.1     1    58     1    58     1    58 0.98 -
h2tg000482l:204864-204664   -             67 143164at71240        -            166   5.4e-29  100.9   0.1   1   1   2.2e-31   5.6e-29  100.9   0.1     1    64     1    64     1    67 0.94 -
h2tg000018l:981155-980979   -             59 143164at71240        -            166   9.5e-29  100.1   0.2   1   1     4e-31     1e-28  100.0   0.2     1    59     1    59     1    59 0.98 -
h2tg000131l:476914-476717   -             66 143164at71240        -            166     1e-28  100.0   0.1   1   1   4.7e-31   1.2e-28   99.8   0.1     1    58     1    58     1    63 0.97 -
h2tg000740l:22629-22832     -             68 143164at71240        -            166   1.3e-28   99.7   0.0   1   1   5.6e-31   1.4e-28   99.5   0.0     1    57     1    57     1    63 0.97 -
h2tg000018l:1009579-1009412 -             56 143164at71240        -            166   3.9e-28   98.1   0.2   1   1   1.7e-30   4.2e-28   98.0   0.2     1    56     1    56     1    56 0.99 -
h2tg000661l:93659-93826     -             56 143164at71240        -            166   3.9e-28   98.1   0.2   1   1   1.7e-30   4.2e-28   98.0   0.2     1    56     1    56     1    56 0.99 -
h2tg000897l:24815-24648     -             56 143164at71240        -            166   3.9e-28   98.1   0.2   1   1   1.7e-30   4.2e-28   98.0   0.2     1    56     1    56     1    56 0.99 -
h2tg000561l:644993-645169   -             59 143164at71240        -            166   4.2e-28   98.0   0.0   1   1   1.8e-30   4.5e-28   97.9   0.0     1    58     1    58     1    59 0.98 -
h2tg000631l:107406-107230   -             59 143164at71240        -            166   6.2e-28   97.4   0.1   1   1   2.6e-30   6.6e-28   97.4   0.1     1    58     1    58     1    59 0.98 -
h2tg000454l:830073-829906   -             56 143164at71240        -            166   6.7e-28   97.3   0.1   1   1   2.8e-30   7.2e-28   97.2   0.1     3    58     1    56     1    56 0.98 -
h2tg001111l:125167-125000   -             56 143164at71240        -            166   6.7e-28   97.3   0.1   1   1   2.8e-30   7.2e-28   97.2   0.1     3    58     1    56     1    56 0.98 -
h2tg000502l:48334-48158     -             59 143164at71240        -            166   9.1e-28   96.9   0.0   1   1   3.8e-30   9.6e-28   96.8   0.0     1    58     1    58     1    59 0.98 -
h2tg000135l:528899-528732   -             56 143164at71240        -            166   2.4e-27   95.6   0.5   1   1     1e-29   2.5e-27   95.5   0.5     1    56     1    56     1    56 0.99 -
h2tg001070l:108098-108274   -             59 143164at71240        -            166     4e-27   94.8   0.1   1   1   1.7e-29   4.3e-27   94.7   0.1     1    58     1    58     1    59 0.98 -
h2tg000292l:721513-721689   -             59 143164at71240        -            166   4.8e-27   94.5   0.1   1   1     2e-29   5.2e-27   94.5   0.1     1    58     1    58     1    59 0.98 -
h2tg000533l:52435-52611     -             59 143164at71240        -            166   5.8e-27   94.3   0.1   1   1   2.4e-29   6.2e-27   94.2   0.1     1    58     1    58     1    59 0.98 -
h2tg000427l:182881-183066   -             62 143164at71240        -            166   5.8e-27   94.3   0.1   1   1   2.4e-29   6.1e-27   94.2   0.1     1    59     1    59     1    62 0.97 -
h2tg000619l:264916-265095   -             60 143164at71240        -            166   6.9e-27   94.0   0.6   1   1   2.9e-29   7.3e-27   94.0   0.6     1    59     1    59     1    60 0.97 -
h2tg000956l:297221-297045   -             59 143164at71240        -            166   8.3e-27   93.8   0.1   1   1   3.6e-29     9e-27   93.7   0.1     1    59     1    59     1    59 0.99 -
h2tg000734l:334785-334609   -             59 143164at71240        -            166   1.6e-26   92.9   0.3   1   1   6.7e-29   1.7e-26   92.8   0.3     1    59     1    59     1    59 0.98 -
h2tg000778l:852-1010        -             53 143164at71240        -            166   1.9e-26   92.6   0.2   1   1   7.9e-29     2e-26   92.5   0.2     1    53     1    53     1    53 0.98 -
h2tg001404l:58629-58805     -             59 143164at71240        -            166   2.2e-26   92.4   0.1   1   1   9.3e-29   2.3e-26   92.3   0.1     1    58     1    58     1    59 0.98 -
h2tg000298l:137147-136980   -             56 143164at71240        -            166     5e-25   88.0   0.2   1   1   2.1e-27   5.3e-25   87.9   0.2     1    56     1    56     1    56 0.99 -
h2tg000430l:476066-475890   -             59 143164at71240        -            166   6.5e-25   87.6   0.2   1   1   2.7e-27   6.8e-25   87.6   0.2     1    57     1    57     1    59 0.97 -
h2tg000613l:21322-21155     -             56 143164at71240        -            166   1.5e-24   86.5   0.3   1   1   6.2e-27   1.6e-24   86.4   0.3     1    56     1    56     1    56 0.99 -
h2tg000237l:762056-761889   -             56 143164at71240        -            166   4.6e-24   84.9   0.2   1   1     2e-26     5e-24   84.7   0.2     1    56     1    56     1    56 0.99 -
h2tg000012l:685849-685664   -             62 143164at71240        -            166   5.2e-24   84.7   0.1   1   1   2.1e-26   5.4e-24   84.6   0.1     1    58     1    58     1    62 0.96 -
h2tg000094l:677787-677620   -             56 143164at71240        -            166   7.1e-24   84.2   0.1   1   1     3e-26   7.7e-24   84.1   0.1     1    56     1    56     1    56 0.98 -
h2tg000055l:534150-533983   -             56 143164at71240        -            166   4.2e-23   81.7   0.2   1   1   1.8e-25   4.4e-23   81.7   0.2     1    56     1    56     1    56 0.98 -
h2tg000045l:1110730-1110569 -             54 143164at71240        -            166   4.4e-23   81.7   0.1   1   1   1.9e-25   4.7e-23   81.6   0.1     1    54     1    54     1    54 0.98 -
h2tg000785l:268030-267869   -             54 143164at71240        -            166   2.2e-22   79.4   0.1   1   1   9.2e-25   2.3e-22   79.3   0.1     1    54     1    54     1    54 0.98 -
h2tg000621l:268980-268801   -             60 143164at71240        -            166   5.9e-22   78.0   0.0   1   1   2.4e-24   6.2e-22   77.9   0.0     1    57     1    57     1    60 0.95 -
h2tg000438l:422895-423053   -             53 143164at71240        -            166   1.2e-19   70.5   0.1   1   1     5e-22   1.2e-19   70.4   0.1     1    53     1    53     1    53 0.98 -
h2tg000019l:3733219-3733596 -            126 143164at71240        -            166   2.5e-19   69.5   0.1   1   1   1.6e-21     4e-19   68.8   0.0     3    71     2    69     1    95 0.90 -
h2tg000535l:78230-78433     -             68 143164at71240        -            166   2.6e-18   66.1   0.1   1   1     1e-20   2.6e-18   66.1   0.1     3    58     1    56     1    68 0.89 -
h2tg000366l:185706-185548   -             53 143164at71240        -            166   5.4e-18   65.1   0.2   1   1   2.3e-20   5.8e-18   65.0   0.2     1    53     1    53     1    53 0.98 -
h2tg000535l:73886-73545     -            114 143164at71240        -            166   7.9e-18   64.6   0.0   1   1   3.5e-20   8.8e-18   64.4   0.0     3    84     1    81     1   102 0.90 -
h2tg000535l:68290-68039     -             84 143164at71240        -            166   8.8e-18   64.4   0.0   1   1   3.8e-20   9.6e-18   64.3   0.0     3    74     2    72     1    80 0.91 -
h2tg001196l:72438-72016     -            141 143164at71240        -            166   5.3e-17   61.9   4.1   1   1   8.5e-19   2.1e-16   59.9   4.1     1   114     1   118     1   141 0.77 -
h2tg000535l:55164-54853     -            104 143164at71240        -            166   2.1e-16   60.0   0.0   1   1   8.8e-19   2.2e-16   59.9   0.0     2    74     2    73     1    93 0.91 -
h2tg001516l:28984-29295     -            104 143164at71240        -            166   2.8e-16   59.5   0.0   1   1   1.2e-18     3e-16   59.4   0.0     3    75     1    72     1    93 0.89 -
h2tg000019l:3752107-3752550 -            148 143164at71240        -            166   3.9e-16   59.1   0.3   1   2     4e-18     1e-15   57.7   0.1     3    57     1    55     1    74 0.89 -
h2tg000019l:3752107-3752550 -            148 143164at71240        -            166   3.9e-16   59.1   0.3   2   2       3.7   9.3e+02   -0.7   0.0   101   114   124   137    78   147 0.73 -
h2tg001000l:55642-55478     -             55 143164at71240        -            166   1.8e-15   56.9   0.0   1   1     7e-18   1.8e-15   56.9   0.0    11    61     6    55     1    55 0.91 -
h2tg000031l:57441-57794     -            118 143164at71240        -            166   3.4e-12   46.2   0.0   1   1   1.6e-14   4.1e-12   46.0   0.0     3    55     1    54     1    92 0.85 -
h2tg000555l:781728-781877   -             50 143164at71240        -            166   2.8e-11   43.3   0.0   1   1   1.1e-13   2.8e-11   43.3   0.0     8    54     4    50     1    50 0.94 -
h2tg000478l:254257-254409   -             51 143164at71240        -            166   4.6e-11   42.6   0.1   1   1   1.9e-13   4.7e-11   42.5   0.1     3    51     1    49     1    51 0.95 -
h2tg000478l:189897-189436   -            154 143164at71240        -            166   3.9e-10   39.5   1.9   1   1   2.7e-12   6.8e-10   38.7   1.3     1    54     1    54     1   103 0.80 -
h2tg001300l:24986-24819     -             56 143164at71240        -            166   4.2e-10   39.4   0.0   1   1   1.7e-12   4.3e-10   39.4   0.0    26    58     3    35     1    44 0.92 -
#
# Program:         hmmsearch
# Version:         3.3.2 (Nov 2020)
# Pipeline mode:   SEARCH
# Query file:      /scratch/srb67793/Pelargonium/busco_downloads/lineages/eudicots_odb10/hmms/143164at71240.hmm
# Target file:     /scratch/srb67793/Pelargonium/P_citronellum_omnic-hap1-busco/run_eudicots_odb10/metaeuk_output/initial_results/P_citronellum_OmniC.hic.bp.hap1.p_ctg.fa.modified.fas
# Option settings: hmmsearch --domtblout /scratch/srb67793/Pelargonium/P_citronellum_omnic-hap1-busco/run_eudicots_odb10/hmmer_output/initial_run_results/143164at71240.out --cpu 1 /scratch/srb67793/Pelargonium/busco_downloads/lineages/eudicots_odb10/hmms/143164at71240.hmm /scratch/srb67793/Pelargonium/P_citronellum_omnic-hap1-busco/run_eudicots_odb10/metaeuk_output/initial_results/P_citronellum_OmniC.hic.bp.hap1.p_ctg.fa.modified.fas 
# Current dir:     /scratch/srb67793/Pelargonium
# Date:            Tue Jul 16 10:01:08 2024
# [ok]
