#                                                                                   --- full sequence --- -------------- this domain -------------   hmm coord   ali coord   env coord
# target name               accession   tlen query name           accession   qlen   E-value  score  bias   #  of  c-Evalue  i-Evalue  score  bias  from    to  from    to  from    to  acc description of target
#       ------------------- ---------- ----- -------------------- ---------- ----- --------- ------ ----- --- --- --------- --------- ------ ----- ----- ----- ----- ----- ----- ----- ---- ---------------------
h2tg000060l:603434-609038   -            434 149002at71240        -            261   5.1e-93  311.2  13.0   1   1   9.8e-96   8.9e-93  310.4  13.0    60   261   210   434   202   434 0.91 -
h2tg000060l:594732-609038   -           1145 149002at71240        -            261   2.9e-73  246.5   7.3   1   1   4.9e-76   4.4e-73  245.9   7.3   109   261   984  1145   965  1145 0.92 -
h2tg000043l:4484160-4483321 -            280 149002at71240        -            261   5.6e-28   98.0   6.5   1   1   8.2e-31   7.4e-28   97.6   6.5    13   237    15   254     3   259 0.75 -
h2tg000039l:1750208-1749477 -            244 149002at71240        -            261   1.1e-22   80.7  14.0   1   1   2.8e-25   2.5e-22   79.5  14.0    75   238    74   244     3   244 0.81 -
h2tg000537l:77133-78020     -            296 149002at71240        -            261   1.5e-08   34.3  13.1   1   1   3.4e-11     3e-08   33.4  13.2     5   220     7   244     3   264 0.72 -
h2tg000302l:2348986-2347994 -            331 149002at71240        -            261   6.8e-08   32.2   7.0   1   1   3.4e-10   3.1e-07   30.1   7.0    23   237    43   267    38   274 0.67 -
h2tg000076l:174788-172076   -            244 149002at71240        -            261   1.2e-06   28.2   8.4   1   1   2.3e-09   2.1e-06   27.3   8.4    38   189    51   208     7   243 0.76 -
h2tg000024l:427048-426200   -            283 149002at71240        -            261   2.1e-06   27.3  11.9   1   1   5.9e-08   5.4e-05   22.7  11.9    11   239    13   273     5   279 0.65 -
h2tg000336l:869298-870146   -            283 149002at71240        -            261   2.1e-06   27.3  11.9   1   1   5.9e-08   5.4e-05   22.7  11.9    11   239    13   273     5   279 0.65 -
h2tg000336l:791501-792283   -            261 149002at71240        -            261   2.5e-06   27.1   9.1   1   1     5e-08   4.5e-05   23.0   9.1    11   239    13   245     3   257 0.57 -
h2tg000024l:479734-414892   -            504 149002at71240        -            261   2.6e-06   27.0   6.3   1   1   7.1e-09   6.4e-06   25.7   6.3     9   236    11   262     3   279 0.67 -
h2tg000336l:815789-901855   -            504 149002at71240        -            261   2.6e-06   27.0   6.3   1   1   7.1e-09   6.4e-06   25.7   6.3     9   236    11   262     3   279 0.67 -
h2tg000024l:500048-499266   -            261 149002at71240        -            261   1.9e-05   24.2   8.6   1   1   1.9e-07   0.00017   21.0   8.6   141   239   150   245     3   256 0.72 -
h2tg000336l:815789-816469   -            227 149002at71240        -            261   4.9e-05   22.9   6.3   1   1   1.4e-07   0.00012   21.5   6.3     9   197    11   227     3   227 0.64 -
h2tg000977l:31793-30846     -            316 149002at71240        -            261   0.00028   20.4   6.1   1   1   1.1e-06   0.00099   18.6   6.1    75   237    97   267    37   276 0.63 -
#
# Program:         hmmsearch
# Version:         3.3.2 (Nov 2020)
# Pipeline mode:   SEARCH
# Query file:      /scratch/srb67793/Pelargonium/busco_downloads/lineages/eudicots_odb10/hmms/149002at71240.hmm
# Target file:     /scratch/srb67793/Pelargonium/P_citronellum_omnic-hap1-busco/run_eudicots_odb10/metaeuk_output/initial_results/P_citronellum_OmniC.hic.bp.hap1.p_ctg.fa.modified.fas
# Option settings: hmmsearch --domtblout /scratch/srb67793/Pelargonium/P_citronellum_omnic-hap1-busco/run_eudicots_odb10/hmmer_output/initial_run_results/149002at71240.out --cpu 1 /scratch/srb67793/Pelargonium/busco_downloads/lineages/eudicots_odb10/hmms/149002at71240.hmm /scratch/srb67793/Pelargonium/P_citronellum_omnic-hap1-busco/run_eudicots_odb10/metaeuk_output/initial_results/P_citronellum_OmniC.hic.bp.hap1.p_ctg.fa.modified.fas 
# Current dir:     /scratch/srb67793/Pelargonium
# Date:            Tue Jul 16 10:01:02 2024
# [ok]
