#                                                                                   --- full sequence --- -------------- this domain -------------   hmm coord   ali coord   env coord
# target name               accession   tlen query name           accession   qlen   E-value  score  bias   #  of  c-Evalue  i-Evalue  score  bias  from    to  from    to  from    to  acc description of target
#       ------------------- ---------- ----- -------------------- ---------- ----- --------- ------ ----- --- --- --------- --------- ------ ----- ----- ----- ----- ----- ----- ----- ---- ---------------------
h2tg000760l:339270-342282   -            156 150248at71240        -             95   1.1e-39  134.0   0.1   1   1   2.1e-41   1.7e-39  133.4   0.1     3    91    36   125    33   129 0.95 -
h2tg001160l:355365-353521   -            186 150248at71240        -             95   3.3e-27   94.0   0.0   1   1   6.1e-29   4.8e-27   93.5   0.0     5    88   101   185    97   186 0.94 -
h2tg001046l:156635-149470   -           1065 150248at71240        -             95   8.9e-21   73.4   0.0   1   2   8.3e-09   6.6e-07   28.9   0.0    10    72   291   353   283   379 0.85 -
h2tg001046l:156635-149470   -           1065 150248at71240        -             95   8.9e-21   73.4   0.0   2   2   7.6e-13     6e-11   41.9   0.0    13    93   456   539   446   541 0.87 -
h2tg000546l:327961-368931   -             96 150248at71240        -             95   1.7e-20   72.5   0.0   1   1   2.6e-22   2.1e-20   72.2   0.0     3    86    10    93     8    95 0.97 -
h2tg000293l:47767-47055     -             75 150248at71240        -             95   1.8e-19   69.2   0.0   1   1   2.5e-21     2e-19   69.1   0.0    18    89     2    74     1    75 0.96 -
h2tg000398l:5884-6630       -            249 150248at71240        -             95   2.9e-19   68.5   0.0   1   1   5.7e-21   4.5e-19   67.9   0.0     8    88    41   122    38   128 0.93 -
h2tg000409l:33040-51284     -            137 150248at71240        -             95     6e-18   64.3   0.0   1   1   1.7e-19   1.4e-17   63.2   0.0     9    89    34   115    29   130 0.93 -
h2tg000480l:86672-86908     -             79 150248at71240        -             95   9.6e-18   63.7   0.0   1   1   1.3e-19     1e-17   63.6   0.0    13    86     3    77     1    79 0.94 -
h2tg000682l:120013-119166   -             83 150248at71240        -             95   3.6e-17   61.8   0.0   1   1   4.9e-19   3.9e-17   61.7   0.0    13    93     2    83     1    83 0.94 -
h2tg000885l:32996-22738     -            509 150248at71240        -             95   6.7e-17   61.0   0.0   1   1   1.8e-18   1.4e-16   59.9   0.0     3    90     9    96     7    99 0.93 -
h2tg000410l:124384-123857   -             79 150248at71240        -             95   1.5e-16   59.9   0.0   1   1     2e-18   1.6e-16   59.8   0.0    13    87     2    77     1    79 0.94 -
h2tg000228l:53450-53719     -             90 150248at71240        -             95     2e-16   59.4   0.0   1   1   2.9e-18   2.3e-16   59.2   0.0    11    86    15    90     6    90 0.94 -
h2tg000631l:153763-170694   -            675 150248at71240        -             95   5.2e-16   58.1   0.0   1   2   6.4e-07     5e-05   22.9   0.0    13    90   303   377   294   382 0.82 -
h2tg000631l:153763-170694   -            675 150248at71240        -             95   5.2e-16   58.1   0.0   2   2   6.5e-10   5.1e-08   32.5   0.0    12    87   397   466   387   472 0.83 -
h2tg000580l:458008-458280   -             91 150248at71240        -             95   7.5e-16   57.6   0.0   1   1   9.9e-18   7.8e-16   57.5   0.0    11    92     4    85     1    89 0.94 -
h2tg000544l:288106-258698   -           2264 150248at71240        -             95   9.3e-16   57.3   0.2   1   2   7.8e-06   0.00062   19.4   0.1    27    84  1933  1989  1920  2000 0.82 -
h2tg000544l:288106-258698   -           2264 150248at71240        -             95   9.3e-16   57.3   0.2   2   2   1.1e-10   8.6e-09   35.0   0.0     9    66  2003  2059  1996  2089 0.81 -
h2tg001292l:55229-56047     -             81 150248at71240        -             95   1.8e-15   56.4   0.0   1   1   2.6e-17   2.1e-15   56.2   0.0    12    88     4    81     2    81 0.94 -
h2tg000225l:532588-532310   -             93 150248at71240        -             95   4.4e-15   55.2   0.0   1   1   6.2e-17   4.9e-15   55.0   0.0    10    90    10    91     3    93 0.91 -
h2tg000134l:348983-348723   -             87 150248at71240        -             95   7.4e-15   54.4   0.0   1   1   9.9e-17   7.8e-15   54.3   0.0    12    92     1    81     1    85 0.95 -
h2tg001486l:82272-81946     -            109 150248at71240        -             95   8.5e-15   54.2   0.0   1   1   1.3e-16     1e-14   54.0   0.0    11    92    18    99    12   103 0.94 -
h2tg000450l:135028-134139   -             69 150248at71240        -             95   1.1e-14   53.9   0.0   1   1   1.5e-16   1.2e-14   53.8   0.0    18    76     9    67     4    69 0.96 -
h2tg000055l:379587-382981   -             85 150248at71240        -             95   1.6e-14   53.3   0.0   1   1   2.3e-16   1.8e-14   53.2   0.0    12    89     2    80     1    84 0.93 -
h2tg000429l:72578-72225     -            118 150248at71240        -             95     2e-14   53.0   0.0   1   1   3.2e-16   2.5e-14   52.7   0.0    11    92    29   110    23   114 0.94 -
h2tg000412l:4988-4710       -             93 150248at71240        -             95   5.7e-14   51.6   0.0   1   1     9e-16   7.1e-14   51.3   0.0    11    91     4    84     2    87 0.95 -
h2tg001121l:81352-82571     -            102 150248at71240        -             95   6.2e-14   51.5   0.0   1   1     1e-15   8.1e-14   51.1   0.0    17    76    20    79    13    85 0.95 -
h2tg000754l:152080-152674   -             92 150248at71240        -             95   6.7e-14   51.3   0.0   1   1   9.6e-16   7.6e-14   51.2   0.0    12    86    15    91     6    92 0.89 -
h2tg000557l:101032-101319   -             96 150248at71240        -             95     8e-14   51.1   0.0   1   1   1.3e-15     1e-13   50.7   0.0     8    75    26    93    20    95 0.93 -
h2tg000398l:65401-68706     -             81 150248at71240        -             95   1.8e-13   50.0   0.0   1   1   2.5e-15     2e-13   49.9   0.0    12    89     2    80     1    81 0.93 -
h2tg001204l:31829-33784     -             89 150248at71240        -             95   2.5e-13   49.5   0.0   1   1   3.7e-15   2.9e-13   49.3   0.0    12    89     1    79     1    82 0.94 -
h2tg000480l:86006-86359     -            118 150248at71240        -             95   2.7e-13   49.4   0.0   1   1   4.2e-15   3.3e-13   49.1   0.0    12    89    23   101    13   109 0.93 -
h2tg000076l:261047-264095   -            523 150248at71240        -             95     3e-13   49.2   0.1   1   2   9.9e-06   0.00078   19.1   0.1    12    90   204   299   196   303 0.69 -
h2tg000076l:261047-264095   -            523 150248at71240        -             95     3e-13   49.2   0.1   2   2   2.1e-07   1.7e-05   24.4   0.0     7    91   310   398   305   402 0.85 -
h2tg001298l:64276-64037     -             80 150248at71240        -             95   3.3e-13   49.1   0.0   1   1   4.7e-15   3.7e-13   49.0   0.0     4    71    12    78     9    80 0.91 -
h2tg000018l:1161362-1163001 -            153 150248at71240        -             95     4e-13   48.9   0.0   1   1   9.3e-15   7.4e-13   48.0   0.0    23    93     9    80     3    82 0.93 -
h2tg000082l:863224-863000   -             75 150248at71240        -             95     4e-13   48.9   0.0   1   1   5.4e-15   4.3e-13   48.8   0.0    13    86     1    74     1    75 0.92 -
h2tg001213l:6666-6890       -             75 150248at71240        -             95     4e-13   48.9   0.0   1   1   5.4e-15   4.3e-13   48.8   0.0    13    86     1    74     1    75 0.92 -
h2tg000037l:307491-307727   -             79 150248at71240        -             95   7.2e-13   48.1   0.1   1   1   9.5e-15   7.6e-13   48.0   0.1    13    88     1    76     1    79 0.90 -
h2tg000062l:146102-146299   -             66 150248at71240        -             95   7.6e-13   48.0   0.0   1   1     1e-14     8e-13   47.9   0.0    11    73     2    64     1    66 0.91 -
h2tg000057l:138026-135730   -             81 150248at71240        -             95   8.3e-13   47.9   0.0   1   1   1.2e-14   9.2e-13   47.7   0.0    21    89     7    76     2    81 0.92 -
h2tg000325l:1061136-1060909 -             76 150248at71240        -             95   9.2e-13   47.7   0.0   1   1   1.2e-14   9.6e-13   47.7   0.0    12    83     1    73     1    76 0.91 -
h2tg000771l:3503-3766       -             88 150248at71240        -             95     1e-12   47.6   0.0   1   1   1.6e-14   1.2e-12   47.3   0.0    12    71    28    86    21    88 0.92 -
h2tg000082l:863497-863237   -             87 150248at71240        -             95   1.3e-12   47.2   0.0   1   1   1.9e-14   1.5e-12   47.0   0.0    13    85     1    73     1    82 0.91 -
h2tg001213l:6393-6653       -             87 150248at71240        -             95   1.3e-12   47.2   0.0   1   1   1.9e-14   1.5e-12   47.0   0.0    13    85     1    73     1    82 0.91 -
h2tg000019l:2234244-2233996 -             83 150248at71240        -             95   1.3e-12   47.2   0.0   1   1   1.9e-14   1.5e-12   47.0   0.0    12    74    18    79     8    83 0.91 -
h2tg000039l:1715702-1715448 -             85 150248at71240        -             95   1.3e-12   47.2   0.0   1   1   1.9e-14   1.5e-12   47.0   0.0    12    89     1    78     1    83 0.95 -
h2tg000361l:1293102-1292770 -            111 150248at71240        -             95     2e-12   46.6   0.1   1   1   3.2e-14   2.5e-12   46.3   0.1    10    89    29   108    20   110 0.90 -
h2tg001055l:101186-101410   -             75 150248at71240        -             95   2.5e-12   46.3   0.0   1   1   3.8e-14     3e-12   46.1   0.0    12    74    11    72     5    74 0.92 -
h2tg000561l:126361-126558   -             66 150248at71240        -             95   2.6e-12   46.3   0.0   1   1   3.5e-14   2.7e-12   46.2   0.0    11    73     2    64     1    66 0.91 -
h2tg000968l:126102-123970   -            198 150248at71240        -             95     3e-12   46.1   0.4   1   1   1.5e-13   1.1e-11   44.2   0.4    40    87   149   197   122   198 0.90 -
h2tg001225l:143047-142778   -             90 150248at71240        -             95   3.2e-12   46.0   0.0   1   1   4.6e-14   3.6e-12   45.8   0.0    12    73    23    83    17    90 0.89 -
h2tg000003l:509000-508779   -             74 150248at71240        -             95   3.8e-12   45.7   0.0   1   1   5.3e-14   4.2e-12   45.6   0.0    14    73     2    61     1    66 0.93 -
h2tg000393l:647897-647673   -             75 150248at71240        -             95   8.4e-12   44.6   0.0   1   1   1.1e-13   8.8e-12   44.6   0.0    17    86     5    75     1    75 0.92 -
h2tg000089l:131002-131205   -             68 150248at71240        -             95   8.5e-12   44.6   0.0   1   1   1.2e-13   9.6e-12   44.4   0.0    12    74     1    63     1    66 0.97 -
h2tg000100l:242754-243755   -            152 150248at71240        -             95   8.7e-12   44.6   0.0   1   1   1.8e-13   1.4e-11   43.9   0.0    10    88    13    95     7   102 0.84 -
h2tg000166l:200376-200119   -             86 150248at71240        -             95     9e-12   44.5   0.0   1   1   1.3e-13     1e-11   44.3   0.0    12    89     1    78     1    83 0.95 -
h2tg000147l:4244273-4243941 -            111 150248at71240        -             95   9.1e-12   44.5   0.1   1   1   1.4e-13   1.1e-11   44.2   0.1    10    86    29   105    20   110 0.88 -
h2tg000098l:484343-484543   -             67 150248at71240        -             95     1e-11   44.3   0.0   1   1   1.5e-13   1.2e-11   44.1   0.0    12    75     1    64     1    66 0.95 -
h2tg000682l:328208-328423   -             72 150248at71240        -             95   1.4e-11   43.9   0.0   1   1   1.8e-13   1.5e-11   43.9   0.0    14    76     2    64     1    71 0.89 -
h2tg001162l:36377-36114     -             88 150248at71240        -             95   1.6e-11   43.8   0.0   1   1   2.4e-13   1.9e-11   43.5   0.0    12    71    22    81    13    85 0.94 -
h2tg000557l:101389-101658   -             90 150248at71240        -             95   1.6e-11   43.7   0.0   1   1   2.2e-13   1.8e-11   43.6   0.0    11    86     6    81     1    89 0.94 -
h2tg000037l:307218-307430   -             71 150248at71240        -             95   1.6e-11   43.7   0.0   1   1   2.1e-13   1.6e-11   43.7   0.0    13    73     1    60     1    71 0.91 -
h2tg000639l:27542-27285     -             86 150248at71240        -             95     2e-11   43.4   0.0   1   1   2.9e-13   2.3e-11   43.2   0.0    12    89     1    78     1    83 0.95 -
h2tg000480l:86405-86620     -             72 150248at71240        -             95   2.3e-11   43.2   0.0   1   1   3.1e-13   2.4e-11   43.2   0.0    15    83     3    72     1    72 0.90 -
h2tg000577l:334184-327311   -            688 150248at71240        -             95     3e-11   42.9   0.0   1   2     0.007      0.55   10.0   0.0    11    60    57   106    49   108 0.92 -
h2tg000577l:334184-327311   -            688 150248at71240        -             95     3e-11   42.9   0.0   2   2   3.2e-09   2.6e-07   30.3   0.0    11    91   136   215   125   219 0.90 -
h2tg001178l:80845-83396     -             77 150248at71240        -             95   3.1e-11   42.8   0.0   1   1   4.4e-13   3.5e-11   42.6   0.0    12    89     1    75     1    77 0.91 -
h2tg000612l:291089-289932   -             58 150248at71240        -             95   3.8e-11   42.5   0.0   1   1   4.8e-13   3.8e-11   42.5   0.0    19    73     4    58     1    58 0.93 -
h2tg000356l:702799-674224   -            115 150248at71240        -             95   3.9e-11   42.5   0.0   1   1     6e-13   4.7e-11   42.2   0.0    10    83    38   111    32   115 0.89 -
h2tg000182l:8511-8801       -             97 150248at71240        -             95   4.3e-11   42.3   0.0   1   1   6.2e-13   4.9e-11   42.2   0.0    10    84    22    97    14    97 0.91 -
h2tg000667l:587811-588101   -             97 150248at71240        -             95   4.3e-11   42.3   0.0   1   1   6.2e-13   4.9e-11   42.2   0.0    10    84    22    97    14    97 0.91 -
h2tg000429l:73120-72866     -             85 150248at71240        -             95   4.4e-11   42.3   0.0   1   1   6.3e-13     5e-11   42.2   0.0    11    81    12    81     6    85 0.86 -
h2tg001298l:63916-63629     -             96 150248at71240        -             95   5.1e-11   42.1   0.0   1   1   8.3e-13   6.5e-11   41.8   0.0     9    73    31    94    24    96 0.89 -
h2tg000521l:21857-71231     -            567 150248at71240        -             95   5.8e-11   41.9   0.0   1   1   2.4e-12   1.9e-10   40.3   0.0    13    91     6    85     3    90 0.90 -
h2tg000412l:5601-5395       -             69 150248at71240        -             95   9.2e-11   41.3   0.0   1   1   1.3e-12   9.9e-11   41.2   0.0    12    81     1    69     1    69 0.92 -
h2tg001225l:143381-143145   -             79 150248at71240        -             95     1e-10   41.2   0.1   1   1   1.4e-12   1.1e-10   41.0   0.1    13    78     8    72     4    79 0.86 -
h2tg001486l:82783-82577     -             69 150248at71240        -             95   1.2e-10   41.0   0.0   1   1   1.6e-12   1.3e-10   40.9   0.0    12    81     1    69     1    69 0.92 -
h2tg000582l:94382-94155     -             76 150248at71240        -             95   1.3e-10   40.8   0.0   1   1   1.7e-12   1.3e-10   40.8   0.0    15    87     1    74     1    76 0.88 -
h2tg000039l:2342987-2342703 -             95 150248at71240        -             95   1.4e-10   40.7   0.0   1   2       4.6   3.6e+02    0.9   0.0    75    92     3    20     2    23 0.82 -
h2tg000039l:2342987-2342703 -             95 150248at71240        -             95   1.4e-10   40.7   0.0   2   2     1e-11   8.3e-10   38.2   0.0     7    72    24    90    18    94 0.90 -
h2tg001225l:142516-142328   -             63 150248at71240        -             95   1.8e-10   40.3   0.0   1   1   2.5e-12     2e-10   40.2   0.0    14    76     2    63     1    63 0.93 -
h2tg001055l:101707-101895   -             63 150248at71240        -             95   1.9e-10   40.3   0.0   1   1   2.6e-12     2e-10   40.2   0.0    14    76     2    63     1    63 0.93 -
h2tg001530l:14865-15086     -             74 150248at71240        -             95   2.4e-10   39.9   0.0   1   1   3.1e-12   2.5e-10   39.9   0.0    12    76     3    67     1    74 0.90 -
h2tg000134l:350390-350166   -             75 150248at71240        -             95   2.9e-10   39.7   0.0   1   1     4e-12   3.1e-10   39.6   0.0    12    82     1    70     1    74 0.88 -
h2tg000759l:234830-235063   -             78 150248at71240        -             95   3.1e-10   39.6   0.0   1   1   4.3e-12   3.4e-10   39.5   0.0    15    73     1    58     1    72 0.89 -
h2tg000580l:456456-456662   -             69 150248at71240        -             95   3.2e-10   39.6   0.0   1   1   4.1e-12   3.3e-10   39.5   0.0    12    79     1    67     1    69 0.85 -
h2tg000450l:114093-113408   -             59 150248at71240        -             95   3.2e-10   39.6   0.0   1   1   4.5e-12   3.6e-10   39.4   0.0    18    67     9    58     6    59 0.94 -
h2tg000166l:201880-201674   -             69 150248at71240        -             95   4.8e-10   39.0   0.0   1   1   6.6e-12   5.2e-10   38.9   0.0    12    81     1    69     1    69 0.87 -
h2tg000729l:15035-14826     -             70 150248at71240        -             95   5.5e-10   38.8   0.0   1   1   7.3e-12   5.8e-10   38.7   0.0    12    80     1    69     1    70 0.95 -
h2tg000777l:164035-146064   -            912 150248at71240        -             95   6.3e-10   38.6   0.0   1   1   4.6e-11   3.6e-09   36.2   0.0     3    85   145   231   143   240 0.85 -
h2tg000019l:1224737-1224342 -            132 150248at71240        -             95   8.2e-10   38.2   0.0   1   1   1.3e-11     1e-09   37.9   0.0    12    93    38   121    28   123 0.90 -
h2tg000835l:90282-89214     -             66 150248at71240        -             95   9.9e-10   38.0   0.1   1   1   1.4e-11   1.1e-09   37.9   0.1    18    74     2    60     1    64 0.89 -
h2tg000771l:4898-5125       -             76 150248at71240        -             95     1e-09   37.9   0.0   1   1   1.5e-11   1.2e-09   37.7   0.0    11    76     1    65     1    72 0.92 -
h2tg000478l:296948-297220   -             91 150248at71240        -             95   1.1e-09   37.9   0.0   1   1   1.5e-11   1.2e-09   37.7   0.0    13    93     9    91     3    91 0.91 -
h2tg000640l:692918-693160   -             81 150248at71240        -             95   1.1e-09   37.8   0.0   1   1   1.5e-11   1.2e-09   37.8   0.0    13    89     3    80     1    81 0.93 -
h2tg000639l:28764-28555     -             70 150248at71240        -             95   1.1e-09   37.8   0.0   1   1   1.5e-11   1.2e-09   37.7   0.0    12    80     1    68     1    70 0.84 -
h2tg000243l:26269-26526     -             86 150248at71240        -             95   1.2e-09   37.7   0.0   1   1   1.7e-11   1.4e-09   37.5   0.0    11    72    23    84    13    86 0.94 -
h2tg000725l:183103-182861   -             81 150248at71240        -             95   1.7e-09   37.2   0.0   1   1   2.3e-11   1.8e-09   37.1   0.0    13    88     3    79     1    81 0.93 -
h2tg000039l:1716840-1716634 -             69 150248at71240        -             95   1.7e-09   37.2   0.0   1   1   2.4e-11   1.9e-09   37.1   0.0    12    81     1    69     1    69 0.86 -
h2tg000821l:2637-2401       -             79 150248at71240        -             95   1.8e-09   37.2   0.0   1   1   2.3e-11   1.8e-09   37.1   0.0    13    88     1    78     1    79 0.88 -
h2tg001055l:100790-101026   -             79 150248at71240        -             95   2.4e-09   36.7   0.0   1   1   3.1e-11   2.5e-09   36.7   0.0    16    82    12    78     1    79 0.80 -
h2tg000339l:187812-188051   -             80 150248at71240        -             95   2.5e-09   36.7   0.0   1   1     5e-11     4e-09   36.1   0.0    11    57    33    79    24    80 0.94 -
h2tg000138l:1842577-1842344 -             78 150248at71240        -             95   3.6e-09   36.2   0.1   1   1   4.7e-11   3.7e-09   36.1   0.1    17    88     4    76     1    78 0.90 -
h2tg000929l:303878-303648   -             77 150248at71240        -             95   3.8e-09   36.1   0.0   1   1   5.7e-11   4.5e-09   35.9   0.0    11    57    30    76    21    77 0.96 -
h2tg000212l:89381-89608     -             76 150248at71240        -             95     4e-09   36.0   0.0   1   1   5.9e-11   4.7e-09   35.8   0.0    11    57    29    75    20    76 0.95 -
h2tg000033l:121830-121013   -             80 150248at71240        -             95   4.1e-09   36.0   0.0   1   1   5.6e-11   4.5e-09   35.9   0.0    12    64    14    65     3    79 0.82 -
h2tg000045l:353406-353146   -             87 150248at71240        -             95   4.8e-09   35.8   0.0   1   1   6.6e-11   5.2e-09   35.7   0.0    13    93     1    83     1    85 0.92 -
h2tg000067l:1200898-1201170 -             91 150248at71240        -             95   5.3e-09   35.7   0.0   1   1     7e-11   5.6e-09   35.6   0.0    13    92     1    84     1    87 0.83 -
h2tg000618l:291880-292113   -             78 150248at71240        -             95   5.3e-09   35.6   0.0   1   1   7.2e-11   5.7e-09   35.6   0.0    12    70     1    62     1    77 0.85 -
h2tg000395l:83376-82651     -             77 150248at71240        -             95   5.8e-09   35.5   0.0   1   1   7.3e-11   5.8e-09   35.5   0.0    12    73     3    64     1    77 0.86 -
h2tg000759l:235112-235291   -             60 150248at71240        -             95   8.2e-09   35.0   0.0   1   1   1.1e-10   8.4e-09   35.0   0.0    19    74     2    56     1    60 0.90 -
h2tg000284l:196240-195845   -            132 150248at71240        -             95   9.3e-09   34.9   0.0   1   1   1.5e-10   1.2e-08   34.5   0.0     9    93    46   132    39   132 0.90 -
h2tg000142l:99057-98821     -             79 150248at71240        -             95   1.1e-08   34.7   0.0   1   1   1.9e-10   1.5e-08   34.2   0.0    11    59    31    79    19    79 0.93 -
h2tg001463l:18796-18641     -             52 150248at71240        -             95   1.5e-08   34.2   0.0   1   1     2e-10   1.6e-08   34.1   0.0    22    68     6    52     2    52 0.94 -
h2tg000195l:505392-505156   -             79 150248at71240        -             95   1.7e-08   34.1   0.0   1   1   2.2e-10   1.7e-08   34.0   0.0    14    74     2    62     1    75 0.91 -
h2tg000224l:413373-413158   -             72 150248at71240        -             95   1.7e-08   34.0   0.0   1   1   2.5e-10     2e-08   33.8   0.0    15    70    10    67     4    71 0.82 -
h2tg000721l:32904-32731     -             58 150248at71240        -             95   1.9e-08   33.9   0.1   1   1   2.6e-10   2.1e-08   33.8   0.1    26    72     5    53     2    57 0.82 -
h2tg000426l:152933-153205   -             91 150248at71240        -             95   1.9e-08   33.8   0.0   1   1   4.8e-10   3.8e-08   32.9   0.0     6    87    15    91    10    91 0.88 -
h2tg000631l:169699-169929   -             77 150248at71240        -             95   2.9e-08   33.3   0.0   1   1     1e-09   8.1e-08   31.9   0.0    10    76    17    76     8    77 0.82 -
h2tg000070l:121252-120992   -             87 150248at71240        -             95   3.5e-08   33.0   0.0   1   1     5e-10     4e-08   32.9   0.0    13    89     9    86     5    87 0.93 -
h2tg000603l:377412-377672   -             87 150248at71240        -             95   5.4e-08   32.4   0.0   1   1   7.3e-10   5.8e-08   32.3   0.0    13    85     1    75     1    85 0.84 -
h2tg000256l:215717-215460   -             86 150248at71240        -             95   6.3e-08   32.2   0.0   1   1   8.6e-10   6.8e-08   32.1   0.0    11    75    20    84    11    86 0.90 -
h2tg001102l:4899-4687       -             71 150248at71240        -             95   6.8e-08   32.1   0.1   1   1   1.3e-09   1.1e-07   31.5   0.1    26    81    17    71     1    71 0.87 -
h2tg000018l:240400-235191   -            462 150248at71240        -             95   1.2e-07   31.3   0.0   1   2   9.7e-05    0.0076   15.9   0.0     6    88    32   111    29   116 0.89 -
h2tg000018l:240400-235191   -            462 150248at71240        -             95   1.2e-07   31.3   0.0   2   2   0.00079     0.063   13.0   0.0    10    91   372   458   365   462 0.82 -
h2tg001102l:4261-4052       -             70 150248at71240        -             95   1.7e-07   30.8   0.0   1   1   2.4e-09   1.9e-07   30.7   0.0    25    83    11    70     5    70 0.86 -
h2tg000729l:14384-14124     -             87 150248at71240        -             95   1.9e-07   30.7   0.0   1   1   2.7e-09   2.2e-07   30.5   0.0    12    90     1    78     1    83 0.93 -
h2tg000737l:218254-218625   -            124 150248at71240        -             95   4.7e-07   29.4   0.0   1   1   6.6e-09   5.2e-07   29.3   0.0    12    77    43   109    34   124 0.86 -
h2tg000388l:615773-616039   -             89 150248at71240        -             95   5.8e-07   29.1   0.0   1   1   8.6e-09   6.8e-07   28.9   0.0    13    74     6    67     2    80 0.90 -
h2tg000729l:19201-18971     -             77 150248at71240        -             95   6.9e-07   28.9   0.0   1   1   9.4e-09   7.5e-07   28.8   0.0    12    88     1    76     1    77 0.90 -
h2tg000796l:184090-183842   -             83 150248at71240        -             95   1.1e-06   28.2   0.0   1   1     2e-08   1.5e-06   27.8   0.0    13    83    17    82     9    83 0.82 -
h2tg000768l:358354-358091   -             88 150248at71240        -             95   1.8e-06   27.5   0.0   1   1   2.4e-08   1.9e-06   27.4   0.0    14    88     2    76     1    84 0.82 -
h2tg000621l:1828932-1828714 -             73 150248at71240        -             95   2.3e-06   27.2   0.0   1   1   3.3e-08   2.6e-06   27.0   0.0    12    65    20    73     7    73 0.90 -
h2tg000721l:33794-33570     -             75 150248at71240        -             95   2.4e-06   27.1   0.0   1   1   3.2e-08   2.5e-06   27.1   0.0    18    61    22    65    14    75 0.88 -
h2tg000043l:5355503-5355802 -            100 150248at71240        -             95     4e-06   26.4   0.0   1   1   6.3e-08     5e-06   26.1   0.0     9    87    22   100    15   100 0.85 -
h2tg000259l:553531-553232   -            100 150248at71240        -             95     4e-06   26.4   0.0   1   1   6.3e-08     5e-06   26.1   0.0     9    87    22   100    15   100 0.85 -
h2tg001530l:15313-15549     -             79 150248at71240        -             95   4.8e-06   26.2   0.0   1   1   6.5e-08   5.1e-06   26.1   0.0    12    88     3    78     1    79 0.92 -
h2tg000256l:346743-346525   -             73 150248at71240        -             95   5.1e-06   26.1   0.0   1   1   7.1e-08   5.6e-06   26.0   0.0    12    65    20    73     7    73 0.90 -
h2tg000863l:497835-497617   -             73 150248at71240        -             95   5.1e-06   26.1   0.0   1   1   7.1e-08   5.6e-06   26.0   0.0    12    65    20    73     7    73 0.90 -
h2tg001306l:162171-162494   -            108 150248at71240        -             95     8e-06   25.5   0.0   1   1   1.1e-07   9.1e-06   25.3   0.0    14    88     2    76     1    84 0.82 -
h2tg001511l:9908-18524      -            906 150248at71240        -             95   9.7e-06   25.2   0.0   1   1   3.2e-07   2.6e-05   23.8   0.0     7    89     9   100     5   104 0.85 -
h2tg000243l:24954-25085     -             44 150248at71240        -             95   1.4e-05   24.7   0.0   1   1   1.8e-07   1.4e-05   24.6   0.0    42    83     1    42     1    44 0.94 -
h2tg000116l:172242-172439   -             66 150248at71240        -             95   2.5e-05   23.9   0.0   1   1   3.3e-07   2.6e-05   23.8   0.0    14    72     3    63     1    66 0.88 -
h2tg000978l:40730-40599     -             44 150248at71240        -             95   3.3e-05   23.5   0.0   1   1   4.4e-07   3.5e-05   23.4   0.0    42    84     1    44     1    44 0.94 -
h2tg000949l:179971-180102   -             44 150248at71240        -             95   3.9e-05   23.3   0.0   1   1   5.2e-07   4.1e-05   23.2   0.0    42    84     1    44     1    44 0.93 -
h2tg000116l:168890-169126   -             79 150248at71240        -             95   4.2e-05   23.2   0.0   1   1   5.7e-07   4.5e-05   23.1   0.0    12    78     2    67     1    76 0.86 -
h2tg000978l:44259-43996     -             88 150248at71240        -             95   6.5e-05   22.6   0.0   1   1   1.2e-06   9.8e-05   22.0   0.0    18    77    13    66     6    84 0.82 -
h2tg000003l:507796-507566   -             77 150248at71240        -             95   6.8e-05   22.5   0.0   1   1   9.6e-07   7.6e-05   22.3   0.0    14    68     2    56     1    66 0.88 -
h2tg000213l:413908-413618   -             97 150248at71240        -             95   0.00013   21.6   0.0   1   1   1.6e-06   0.00013   21.6   0.0     5    75    12    84     8    97 0.81 -
h2tg000302l:2813960-2813733 -             76 150248at71240        -             95   0.00021   20.9   0.0   1   1   2.7e-06   0.00021   20.9   0.0    12    70     2    59     1    73 0.87 -
h2tg000242l:57585-57235     -            117 150248at71240        -             95   0.00021   20.9   0.0   1   1   4.3e-06   0.00034   20.3   0.0    18    77    13    66     5    83 0.84 -
h2tg000681l:106059-56752    -            774 150248at71240        -             95   0.00025   20.7   0.2   1   1   1.3e-05    0.0011   18.7   0.0     3    52   623   672   621   706 0.92 -
h2tg000066l:306661-306371   -             97 150248at71240        -             95   0.00027   20.6   0.0   1   1   3.5e-06   0.00028   20.5   0.0     5    75    12    84     8    97 0.81 -
h2tg000060l:430613-431362   -            250 150248at71240        -             95   0.00039   20.1   0.0   1   2      0.68        54    3.6   0.0    16    83    48   112    43   120 0.67 -
h2tg000060l:430613-431362   -            250 150248at71240        -             95   0.00039   20.1   0.0   2   2   0.00028     0.023   14.4   0.0    13    71   164   222   153   243 0.80 -
h2tg000242l:50510-50379     -             44 150248at71240        -             95   0.00044   19.9   0.0   1   1   5.8e-06   0.00046   19.8   0.0    42    84     1    44     1    44 0.93 -
h2tg000521l:378879-378127   -            251 150248at71240        -             95   0.00047   19.8   0.1   1   2       1.8   1.5e+02    2.2   0.0    16    83    48   112    44   120 0.65 -
h2tg000521l:378879-378127   -            251 150248at71240        -             95   0.00047   19.8   0.1   2   2   0.00014     0.011   15.4   0.0    13    71   165   223   154   244 0.80 -
h2tg000283l:106516-106830   -            105 150248at71240        -             95   0.00048   19.8   0.0   1   1   7.3e-06   0.00058   19.5   0.0    14    89     2    77     1    83 0.81 -
h2tg000717l:112594-112908   -            105 150248at71240        -             95   0.00048   19.8   0.0   1   1   7.3e-06   0.00058   19.5   0.0    14    89     2    77     1    83 0.81 -
h2tg000426l:158643-158945   -            101 150248at71240        -             95   0.00054   19.6   0.0   1   1   1.9e-05    0.0015   18.2   0.0    21    79    25    77    19    94 0.84 -
h2tg000346l:32157-32423     -             89 150248at71240        -             95   0.00096   18.8   0.0   1   1   1.5e-05    0.0012   18.5   0.0    14    89     2    77     1    81 0.84 -
h2tg000709l:81528-81169     -            120 150248at71240        -             95    0.0013   18.3   0.0   1   1   2.5e-05     0.002   17.8   0.0    11    87    44   120    34   120 0.87 -
h2tg000415l:106931-106659   -             91 150248at71240        -             95    0.0015   18.2   0.0   1   1   2.1e-05    0.0016   18.1   0.0    14    70     2    57     1    82 0.80 -
h2tg000256l:218792-218484   -            103 150248at71240        -             95    0.0016   18.1   0.1   1   2       9.6   7.6e+02   -0.1   0.0    75    92     4    21     2    24 0.78 -
h2tg000256l:218792-218484   -            103 150248at71240        -             95    0.0016   18.1   0.1   2   2   0.00012    0.0092   15.7   0.0    10    81    34   103    28   103 0.80 -
h2tg001094l:122849-122544   -            102 150248at71240        -             95    0.0032   17.1   0.0   1   1   4.6e-05    0.0036   16.9   0.0    13    87     1    75     1    83 0.85 -
h2tg000864l:18482-18829     -            116 150248at71240        -             95    0.0039   16.8   0.0   1   1     6e-05    0.0047   16.6   0.0    14    73     3    61     1    82 0.83 -
h2tg001160l:348350-348009   -            114 150248at71240        -             95    0.0068   16.1   0.0   1   1   0.00012    0.0097   15.6   0.0    50    82    22    55     6    66 0.81 -
h2tg000883l:66805-68717     -            176 150248at71240        -             95      0.01   15.5   0.0   1   1   0.00079     0.063   13.0   0.0    11    65     4    58     1    76 0.85 -
h2tg000200l:114161-113913   -             83 150248at71240        -             95     0.013   15.2   0.0   1   1   0.00017     0.014   15.1   0.0    14    90     2    78     1    83 0.77 -
h2tg000148l:2493403-2493191 -             71 150248at71240        -             95     0.015   15.0   0.0   1   1   0.00021     0.017   14.8   0.0    14    73     2    60     1    68 0.86 -
h2tg000689l:113995-114255   -             87 150248at71240        -             95     0.015   15.0   0.0   1   1   0.00021     0.016   14.9   0.0    12    69     8    63     2    85 0.80 -
h2tg000841l:51044-51271     -             76 150248at71240        -             95     0.016   14.9   0.0   1   1   0.00021     0.017   14.8   0.0    12    73     2    62     1    71 0.81 -
h2tg000127l:621525-621292   -             78 150248at71240        -             95     0.017   14.8   0.0   1   1   0.00022     0.017   14.8   0.0    11    83     2    74     1    78 0.83 -
h2tg000665l:260028-260273   -             82 150248at71240        -             95     0.025   14.2   0.0   1   1   0.00038      0.03   14.0   0.0    12    87     7    82     3    82 0.88 -
h2tg000063l:1096715-1096491 -             75 150248at71240        -             95     0.027   14.2   0.0   1   1   0.00036     0.029   14.1   0.0    40    88    12    60     4    68 0.77 -
h2tg000847l:348448-348221   -             76 150248at71240        -             95     0.041   13.6   0.0   1   1   0.00058     0.046   13.4   0.0    12    73     2    62     1    70 0.84 -
h2tg000082l:1365880-1366134 -             85 150248at71240        -             95     0.051   13.3   0.0   1   1   0.00076      0.06   13.0   0.0    11    73    13    74     5    80 0.83 -
h2tg000244l:708440-707655   -            262 150248at71240        -             95     0.066   12.9   0.0   1   1    0.0029      0.23   11.2   0.0    14    80   177   243   168   251 0.82 -
h2tg000086l:1123412-1123173 -             80 150248at71240        -             95      0.13   12.0   0.0   1   1     0.002      0.16   11.7   0.0    14    65     2    52     1    59 0.88 -
#
# Program:         hmmsearch
# Version:         3.3.2 (Nov 2020)
# Pipeline mode:   SEARCH
# Query file:      /scratch/srb67793/Pelargonium/busco_downloads/lineages/eudicots_odb10/hmms/150248at71240.hmm
# Target file:     /scratch/srb67793/Pelargonium/P_citronellum_omnic-hap1-busco/run_eudicots_odb10/metaeuk_output/initial_results/P_citronellum_OmniC.hic.bp.hap1.p_ctg.fa.modified.fas
# Option settings: hmmsearch --domtblout /scratch/srb67793/Pelargonium/P_citronellum_omnic-hap1-busco/run_eudicots_odb10/hmmer_output/initial_run_results/150248at71240.out --cpu 1 /scratch/srb67793/Pelargonium/busco_downloads/lineages/eudicots_odb10/hmms/150248at71240.hmm /scratch/srb67793/Pelargonium/P_citronellum_omnic-hap1-busco/run_eudicots_odb10/metaeuk_output/initial_results/P_citronellum_OmniC.hic.bp.hap1.p_ctg.fa.modified.fas 
# Current dir:     /scratch/srb67793/Pelargonium
# Date:            Tue Jul 16 10:01:31 2024
# [ok]
