#                                                                                   --- full sequence --- -------------- this domain -------------   hmm coord   ali coord   env coord
# target name               accession   tlen query name           accession   qlen   E-value  score  bias   #  of  c-Evalue  i-Evalue  score  bias  from    to  from    to  from    to  acc description of target
#       ------------------- ---------- ----- -------------------- ---------- ----- --------- ------ ----- --- --- --------- --------- ------ ----- ----- ----- ----- ----- ----- ----- ---- ---------------------
h2tg000147l:3055643-3045136 -           1114 24846at71240         -            611  5.5e-284  943.0  14.5   1   3    1e-159  3.6e-156  520.8   0.1     1   322     1   343     1   366 0.91 -
h2tg000147l:3055643-3045136 -           1114 24846at71240         -            611  5.5e-284  943.0  14.5   2   3   4.1e-50   1.4e-46  158.8   1.8   321   444   767   913   759   921 0.81 -
h2tg000147l:3055643-3045136 -           1114 24846at71240         -            611  5.5e-284  943.0  14.5   3   3   2.9e-82   9.9e-79  265.0   1.3   435   611   940  1111   928  1111 0.92 -
h2tg000038l:479805-473680   -            910 24846at71240         -            611   2.8e-51  174.3   3.3   1   3   2.8e-38   9.6e-35  119.7   0.2     3   318     9   343     7   363 0.83 -
h2tg000038l:479805-473680   -            910 24846at71240         -            611   2.8e-51  174.3   3.3   2   3   1.4e-05     0.046   11.8   0.0   378   426   698   746   669   765 0.88 -
h2tg000038l:479805-473680   -            910 24846at71240         -            611   2.8e-51  174.3   3.3   3   3   9.4e-15   3.2e-11   42.0   0.1   521   586   838   903   817   906 0.93 -
h2tg000016l:942596-961610   -            727 24846at71240         -            611   1.2e-32  112.8   2.0   1   1   5.1e-36   1.7e-32  112.3   2.0     4   322    29   364    27   382 0.85 -
h2tg000397l:42773-54634     -            727 24846at71240         -            611   1.8e-32  112.2   2.3   1   1   7.8e-36   2.6e-32  111.7   2.3     4   322    29   364    27   383 0.82 -
#
# Program:         hmmsearch
# Version:         3.3.2 (Nov 2020)
# Pipeline mode:   SEARCH
# Query file:      /scratch/srb67793/Pelargonium/busco_downloads/lineages/eudicots_odb10/hmms/24846at71240.hmm
# Target file:     /scratch/srb67793/Pelargonium/P_citronellum_omnic-hap1-busco/run_eudicots_odb10/metaeuk_output/initial_results/P_citronellum_OmniC.hic.bp.hap1.p_ctg.fa.modified.fas
# Option settings: hmmsearch --domtblout /scratch/srb67793/Pelargonium/P_citronellum_omnic-hap1-busco/run_eudicots_odb10/hmmer_output/initial_run_results/24846at71240.out --cpu 1 /scratch/srb67793/Pelargonium/busco_downloads/lineages/eudicots_odb10/hmms/24846at71240.hmm /scratch/srb67793/Pelargonium/P_citronellum_omnic-hap1-busco/run_eudicots_odb10/metaeuk_output/initial_results/P_citronellum_OmniC.hic.bp.hap1.p_ctg.fa.modified.fas 
# Current dir:     /scratch/srb67793/Pelargonium
# Date:            Tue Jul 16 10:01:48 2024
# [ok]
