#                                                                                   --- full sequence --- -------------- this domain -------------   hmm coord   ali coord   env coord
# target name               accession   tlen query name           accession   qlen   E-value  score  bias   #  of  c-Evalue  i-Evalue  score  bias  from    to  from    to  from    to  acc description of target
#       ------------------- ---------- ----- -------------------- ---------- ----- --------- ------ ----- --- --- --------- --------- ------ ----- ----- ----- ----- ----- ----- ----- ---- ---------------------
h2tg000560l:190565-185018   -            505 25041at71240         -            310   5.1e-62  209.3   3.5   1   2   8.3e-49   2.3e-45  154.6   0.4     9   121    14   143     4   153 0.84 -
h2tg000560l:190565-185018   -            505 25041at71240         -            310   5.1e-62  209.3   3.5   2   2   2.1e-18   5.8e-15   54.8   0.2   128   204   407   484   374   502 0.72 -
h2tg000356l:373543-378752   -            449 25041at71240         -            310   8.6e-48  162.6   4.9   1   2   4.9e-49   1.3e-45  155.4   2.0    10   118    16   136     5   155 0.89 -
h2tg000356l:373543-378752   -            449 25041at71240         -            310   8.6e-48  162.6   4.9   2   2   0.00048       1.3    7.6   0.1   161   204   370   417   313   436 0.65 -
h2tg000286l:878671-876852   -            132 25041at71240         -            310   8.3e-32  110.1   0.2   1   1   1.5e-34   4.1e-31  107.8   0.2     3   102     7   121     5   129 0.82 -
h2tg000225l:517395-516411   -            122 25041at71240         -            310   7.7e-27   93.8   0.2   1   1   1.1e-29   2.9e-26   91.9   0.2     4   103     8   122     5   122 0.80 -
h2tg000036l:1527424-1533759 -            117 25041at71240         -            310   7.4e-24   84.0   0.4   1   1   6.4e-27   1.7e-23   82.8   0.4     3   103     7   117     5   117 0.81 -
#
# Program:         hmmsearch
# Version:         3.3.2 (Nov 2020)
# Pipeline mode:   SEARCH
# Query file:      /scratch/srb67793/Pelargonium/busco_downloads/lineages/eudicots_odb10/hmms/25041at71240.hmm
# Target file:     /scratch/srb67793/Pelargonium/P_citronellum_omnic-hap1-busco/run_eudicots_odb10/metaeuk_output/initial_results/P_citronellum_OmniC.hic.bp.hap1.p_ctg.fa.modified.fas
# Option settings: hmmsearch --domtblout /scratch/srb67793/Pelargonium/P_citronellum_omnic-hap1-busco/run_eudicots_odb10/hmmer_output/initial_run_results/25041at71240.out --cpu 1 /scratch/srb67793/Pelargonium/busco_downloads/lineages/eudicots_odb10/hmms/25041at71240.hmm /scratch/srb67793/Pelargonium/P_citronellum_omnic-hap1-busco/run_eudicots_odb10/metaeuk_output/initial_results/P_citronellum_OmniC.hic.bp.hap1.p_ctg.fa.modified.fas 
# Current dir:     /scratch/srb67793/Pelargonium
# Date:            Tue Jul 16 10:02:01 2024
# [ok]
