#                                                                                   --- full sequence --- -------------- this domain -------------   hmm coord   ali coord   env coord
# target name               accession   tlen query name           accession   qlen   E-value  score  bias   #  of  c-Evalue  i-Evalue  score  bias  from    to  from    to  from    to  acc description of target
#       ------------------- ---------- ----- -------------------- ---------- ----- --------- ------ ----- --- --- --------- --------- ------ ----- ----- ----- ----- ----- ----- ----- ---- ---------------------
h2tg000080l:1495363-1505096 -           1446 2585at71240          -            996         0 1693.2  45.5   1   7   2.2e-24     3e-20   71.1   0.1     3    62     1    64     1    79 0.89 -
h2tg000080l:1495363-1505096 -           1446 2585at71240          -            996         0 1693.2  45.5   2   7   1.7e-72   2.3e-68  230.4   0.1    62   201    90   229    85   246 0.88 -
h2tg000080l:1495363-1505096 -           1446 2585at71240          -            996         0 1693.2  45.5   3   7  9.9e-167  1.4e-162  542.3   0.1   171   457   248   540   235   556 0.92 -
h2tg000080l:1495363-1505096 -           1446 2585at71240          -            996         0 1693.2  45.5   4   7   2.5e-73   3.4e-69  233.1   2.9   441   572   625   774   614   780 0.90 -
h2tg000080l:1495363-1505096 -           1446 2585at71240          -            996         0 1693.2  45.5   5   7   7.8e-44   1.1e-39  135.4   5.1   561   653   801   902   793   913 0.87 -
h2tg000080l:1495363-1505096 -           1446 2585at71240          -            996         0 1693.2  45.5   6   7   1.7e-76   2.3e-72  243.6   0.3   645   822   997  1201   948  1218 0.85 -
h2tg000080l:1495363-1505096 -           1446 2585at71240          -            996         0 1693.2  45.5   7   7     3e-80   4.1e-76  256.0   3.4   821   996  1228  1446  1222  1446 0.84 -
#
# Program:         hmmsearch
# Version:         3.3.2 (Nov 2020)
# Pipeline mode:   SEARCH
# Query file:      /scratch/srb67793/Pelargonium/busco_downloads/lineages/eudicots_odb10/hmms/2585at71240.hmm
# Target file:     /scratch/srb67793/Pelargonium/P_citronellum_omnic-hap1-busco/run_eudicots_odb10/metaeuk_output/initial_results/P_citronellum_OmniC.hic.bp.hap1.p_ctg.fa.modified.fas
# Option settings: hmmsearch --domtblout /scratch/srb67793/Pelargonium/P_citronellum_omnic-hap1-busco/run_eudicots_odb10/hmmer_output/initial_run_results/2585at71240.out --cpu 1 /scratch/srb67793/Pelargonium/busco_downloads/lineages/eudicots_odb10/hmms/2585at71240.hmm /scratch/srb67793/Pelargonium/P_citronellum_omnic-hap1-busco/run_eudicots_odb10/metaeuk_output/initial_results/P_citronellum_OmniC.hic.bp.hap1.p_ctg.fa.modified.fas 
# Current dir:     /scratch/srb67793/Pelargonium
# Date:            Tue Jul 16 10:02:28 2024
# [ok]
