#                                                                                   --- full sequence --- -------------- this domain -------------   hmm coord   ali coord   env coord
# target name               accession   tlen query name           accession   qlen   E-value  score  bias   #  of  c-Evalue  i-Evalue  score  bias  from    to  from    to  from    to  acc description of target
#       ------------------- ---------- ----- -------------------- ---------- ----- --------- ------ ----- --- --- --------- --------- ------ ----- ----- ----- ----- ----- ----- ----- ---- ---------------------
h2tg001477l:39287-43047     -            570 30962at71240         -            453  7.7e-251  832.0  12.9   1   3     5e-74   2.3e-71  240.4   0.3     1   115    28   142    28   150 0.98 -
h2tg001477l:39287-43047     -            570 30962at71240         -            453  7.7e-251  832.0  12.9   2   3   5.8e-79   2.7e-76  256.6   0.1   113   252   169   310   158   324 0.96 -
h2tg001477l:39287-43047     -            570 30962at71240         -            453  7.7e-251  832.0  12.9   3   3  1.5e-104  6.8e-102  341.0   3.0   250   453   344   566   337   566 0.94 -
h2tg000505l:225645-224086   -            520 30962at71240         -            453     2e-14   52.7   5.2   1   4   2.4e-06    0.0011   17.3   0.1     9    79   238   309   233   325 0.87 -
h2tg000505l:225645-224086   -            520 30962at71240         -            453     2e-14   52.7   5.2   2   4      0.56   2.5e+02   -0.4   0.0    14    52   310   348   304   358 0.78 -
h2tg000505l:225645-224086   -            520 30962at71240         -            453     2e-14   52.7   5.2   3   4   2.4e-10   1.1e-07   30.5   0.2    10    66   360   416   352   423 0.91 -
h2tg000505l:225645-224086   -            520 30962at71240         -            453     2e-14   52.7   5.2   4   4   2.2e-05    0.0098   14.1   0.1    24    71   407   454   406   467 0.91 -
h2tg001162l:14572-16005     -            478 30962at71240         -            453   2.2e-11   42.6   2.1   1   3   0.00052      0.24    9.6   0.1     9    76   241   309   236   347 0.86 -
h2tg001162l:14572-16005     -            478 30962at71240         -            453   2.2e-11   42.6   2.1   2   3   4.8e-09   2.2e-06   26.2   0.0    11    63   364   416   358   417 0.94 -
h2tg001162l:14572-16005     -            478 30962at71240         -            453   2.2e-11   42.6   2.1   3   3   2.3e-06     0.001   17.3   0.1    18    73   404   459   404   470 0.92 -
h2tg000575l:15004-16308     -            435 30962at71240         -            453   7.5e-10   37.6   9.6   1   4    0.0035       1.6    6.8   0.4    17    66   169   218   161   243 0.83 -
h2tg000575l:15004-16308     -            435 30962at71240         -            453   7.5e-10   37.6   9.6   2   4    0.0033       1.5    6.9   0.2    11    80   225   298   219   302 0.80 -
h2tg000575l:15004-16308     -            435 30962at71240         -            453   7.5e-10   37.6   9.6   3   4    0.0042       1.9    6.6   0.2    12    75   262   324   256   332 0.86 -
h2tg000575l:15004-16308     -            435 30962at71240         -            453   7.5e-10   37.6   9.6   4   4   1.5e-09   6.9e-07   27.8   0.3     9    80   346   414   341   423 0.85 -
h2tg000454l:890328-890101   -             76 30962at71240         -            453   2.6e-06   25.9   0.1   1   1   6.1e-09   2.8e-06   25.8   0.1    14    64    23    73    15    76 0.91 -
h2tg001111l:164234-164007   -             76 30962at71240         -            453   2.6e-06   25.9   0.1   1   1   6.1e-09   2.8e-06   25.8   0.1    14    64    23    73    15    76 0.91 -
h2tg001203l:37486-37112     -            125 30962at71240         -            453   4.4e-06   25.2   0.0   1   2   7.4e-07   0.00034   19.0   0.0    10    61     3    54     1    67 0.94 -
h2tg001203l:37486-37112     -            125 30962at71240         -            453   4.4e-06   25.2   0.0   2   2     0.015       6.8    4.7   0.0    17    64    77   124    65   125 0.90 -
h2tg000800l:85425-82604     -            258 30962at71240         -            453   5.5e-06   24.8   0.0   1   2   0.00052      0.24    9.6   0.0     9    72    13    77     6    86 0.81 -
h2tg000800l:85425-82604     -            258 30962at71240         -            453   5.5e-06   24.8   0.0   2   2     2e-05     0.009   14.3   0.0     9    75    80   146    73   168 0.85 -
h2tg000892l:36599-34512     -            222 30962at71240         -            453   2.4e-05   22.7   0.3   1   3      0.44     2e+02   -0.1   0.0     7    27    13    33     8    65 0.81 -
h2tg000892l:36599-34512     -            222 30962at71240         -            453   2.4e-05   22.7   0.3   2   3   0.00011     0.049   11.8   0.0    11    64    79   132    73   137 0.94 -
h2tg000892l:36599-34512     -            222 30962at71240         -            453   2.4e-05   22.7   0.3   3   3     0.002      0.89    7.7   0.0    13    65   137   189   132   200 0.90 -
h2tg000560l:193557-193006   -            184 30962at71240         -            453   5.3e-05   21.6   0.3   1   2   2.6e-05     0.012   13.9   0.0    15    75    18    79     5   101 0.87 -
h2tg000560l:193557-193006   -            184 30962at71240         -            453   5.3e-05   21.6   0.3   2   2    0.0056       2.5    6.2   0.1    13    68   117   172   108   179 0.90 -
h2tg000579l:608246-607560   -            229 30962at71240         -            453   5.4e-05   21.6   0.0   1   2     0.051        23    3.0   0.0    33    74    64   105    42   134 0.70 -
h2tg000579l:608246-607560   -            229 30962at71240         -            453   5.4e-05   21.6   0.0   2   2   3.5e-06    0.0016   16.7   0.0    14    67   148   201   139   215 0.92 -
h2tg000654l:132694-138934   -            361 30962at71240         -            453   0.00012   20.4   0.4   1   2   0.00081      0.37    8.9   0.0    10    63     1    55     1    56 0.94 -
h2tg000654l:132694-138934   -            361 30962at71240         -            453   0.00012   20.4   0.4   2   2   3.3e-05     0.015   13.5   0.1    24    73    49    98    44   111 0.85 -
h2tg000410l:310066-304583   -            566 30962at71240         -            453   0.00013   20.3   1.4   1   3       5.3   2.4e+03   -3.6   0.0     6    29    22    45    20    50 0.84 -
h2tg000410l:310066-304583   -            566 30962at71240         -            453   0.00013   20.3   1.4   2   3   6.6e-07    0.0003   19.1   0.1    21    76    71   126    61   162 0.89 -
h2tg000410l:310066-304583   -            566 30962at71240         -            453   0.00013   20.3   1.4   3   3      0.78   3.5e+02   -0.9   0.0    15    64   165   214   153   217 0.85 -
h2tg000624l:57286-68270     -           1000 30962at71240         -            453   0.00025   19.4   0.1   1   2     0.029        13    3.8   0.1   151   206   723   777   704   781 0.87 -
h2tg000624l:57286-68270     -           1000 30962at71240         -            453   0.00025   19.4   0.1   2   2   4.4e-05      0.02   13.1   0.0   113   178   816   880   794   883 0.86 -
h2tg000938l:190680-186037   -            281 30962at71240         -            453   0.00027   19.3   0.0   1   1   7.7e-07   0.00035   18.9   0.0    11    87   199   278   189   281 0.86 -
h2tg000314l:52978-53196     -             73 30962at71240         -            453   0.00099   17.4   0.3   1   1     4e-06    0.0018   16.6   0.3    17    64    15    62     7    70 0.91 -
h2tg000585l:297457-302868   -            775 30962at71240         -            453    0.0014   16.9   0.0   1   2    0.0086       3.9    5.6   0.0   121   188   216   276   198   305 0.73 -
h2tg000585l:297457-302868   -            775 30962at71240         -            453    0.0014   16.9   0.0   2   2   0.00084      0.38    8.9   0.0   119   181   352   416   328   448 0.82 -
h2tg001078l:123725-124192   -            156 30962at71240         -            453    0.0023   16.2   0.1   1   2    0.0022      0.99    7.5   0.0    12    61     2    54     1    77 0.77 -
h2tg001078l:123725-124192   -            156 30962at71240         -            453    0.0023   16.2   0.1   2   2    0.0026       1.2    7.3   0.0    14    61    74   122    67   135 0.80 -
h2tg000655l:641891-642290   -             74 30962at71240         -            453    0.0027   16.0   0.3   1   1   1.5e-05    0.0068   14.6   0.2    21    72    15    68     5    73 0.73 -
h2tg000363l:963524-955815   -            189 30962at71240         -            453     0.003   15.8   0.2   1   2   5.6e-05     0.025   12.8   0.1    10    65    22    77    15    81 0.93 -
h2tg000363l:963524-955815   -            189 30962at71240         -            453     0.003   15.8   0.2   2   2     0.011       4.9    5.2   0.0    23    55    68   103    66   109 0.88 -
h2tg001078l:62741-63295     -            185 30962at71240         -            453    0.0032   15.7   0.1   1   2   0.00075      0.34    9.1   0.0    11    61     5    58     2    79 0.80 -
h2tg001078l:62741-63295     -            185 30962at71240         -            453    0.0032   15.7   0.1   2   2     0.011       4.9    5.2   0.0    21    62    85   127    72   161 0.76 -
h2tg000280l:1118328-1110780 -            189 30962at71240         -            453    0.0032   15.7   0.2   1   2   3.7e-05     0.017   13.4   0.2    10    67    22    79    16    98 0.89 -
h2tg000280l:1118328-1110780 -            189 30962at71240         -            453    0.0032   15.7   0.2   2   2     0.011       5.2    5.1   0.0    23    54    68   102    66   110 0.88 -
h2tg001254l:42022-47812     -            437 30962at71240         -            453    0.0044   15.3   1.1   1   3    0.0098       4.5    5.4   0.1     8    61    38    92    33    95 0.89 -
h2tg001254l:42022-47812     -            437 30962at71240         -            453    0.0044   15.3   1.1   2   3    0.0019      0.85    7.7   0.0    26    81    96   151    91   174 0.87 -
h2tg001254l:42022-47812     -            437 30962at71240         -            453    0.0044   15.3   1.1   3   3       1.1   5.2e+02   -1.4   0.0    21    63   191   233   181   237 0.77 -
h2tg000026l:256464-259616   -            328 30962at71240         -            453    0.0064   14.7   0.0   1   2     3e-05     0.014   13.6   0.0    11    64     8    61     4    67 0.94 -
h2tg000026l:256464-259616   -            328 30962at71240         -            453    0.0064   14.7   0.0   2   2       4.9   2.2e+03   -3.5   0.0   131   156   183   208   178   221 0.83 -
h2tg000089l:790313-789918   -            132 30962at71240         -            453    0.0068   14.6   0.0   1   1   1.7e-05    0.0076   14.5   0.0    11    79     8    79     3   104 0.74 -
h2tg000977l:102014-100777   -            190 30962at71240         -            453    0.0089   14.3   0.0   1   2    0.0033       1.5    6.9   0.0    17    67    42    92    29   107 0.78 -
h2tg000977l:102014-100777   -            190 30962at71240         -            453    0.0089   14.3   0.0   2   2    0.0049       2.2    6.4   0.0    14    75   104   165    95   183 0.88 -
h2tg000505l:168238-168390   -             51 30962at71240         -            453     0.018   13.3   0.0   1   1   3.9e-05     0.018   13.3   0.0    13    40    22    49     8    51 0.88 -
h2tg000536l:92522-92277     -             82 30962at71240         -            453     0.032   12.4   0.3   1   1   0.00012     0.052   11.7   0.3    14    64    22    71    14    81 0.88 -
h2tg000914l:140190-140576   -            129 30962at71240         -            453     0.046   11.9   0.0   1   1   0.00011     0.048   11.8   0.0    11    63    13    66     5   110 0.78 -
h2tg000469l:14390-13914     -            159 30962at71240         -            453     0.055   11.7   0.0   1   1   0.00016      0.07   11.3   0.0    10    63    70   124    64   143 0.76 -
#
# Program:         hmmsearch
# Version:         3.3.2 (Nov 2020)
# Pipeline mode:   SEARCH
# Query file:      /scratch/srb67793/Pelargonium/busco_downloads/lineages/eudicots_odb10/hmms/30962at71240.hmm
# Target file:     /scratch/srb67793/Pelargonium/P_citronellum_omnic-hap1-busco/run_eudicots_odb10/metaeuk_output/initial_results/P_citronellum_OmniC.hic.bp.hap1.p_ctg.fa.modified.fas
# Option settings: hmmsearch --domtblout /scratch/srb67793/Pelargonium/P_citronellum_omnic-hap1-busco/run_eudicots_odb10/hmmer_output/initial_run_results/30962at71240.out --cpu 1 /scratch/srb67793/Pelargonium/busco_downloads/lineages/eudicots_odb10/hmms/30962at71240.hmm /scratch/srb67793/Pelargonium/P_citronellum_omnic-hap1-busco/run_eudicots_odb10/metaeuk_output/initial_results/P_citronellum_OmniC.hic.bp.hap1.p_ctg.fa.modified.fas 
# Current dir:     /scratch/srb67793/Pelargonium
# Date:            Tue Jul 16 10:01:35 2024
# [ok]
