#                                                                                 --- full sequence --- -------------- this domain -------------   hmm coord   ali coord   env coord
# target name             accession   tlen query name           accession   qlen   E-value  score  bias   #  of  c-Evalue  i-Evalue  score  bias  from    to  from    to  from    to  acc description of target
#     ------------------- ---------- ----- -------------------- ---------- ----- --------- ------ ----- --- --- --------- --------- ------ ----- ----- ----- ----- ----- ----- ----- ---- ---------------------
h2tg001094l:576815-585143 -            624 38328at71240         -            438  6.9e-226  749.6  21.8   1   3   5.5e-13   2.5e-09   36.0   0.5     1    29     1    29     1    34 0.95 -
h2tg001094l:576815-585143 -            624 38328at71240         -            438  6.9e-226  749.6  21.8   2   3  5.7e-214  2.6e-210  698.3  11.5    27   412    98   519    87   523 0.94 -
h2tg001094l:576815-585143 -            624 38328at71240         -            438  6.9e-226  749.6  21.8   3   3   1.9e-06    0.0084   14.4   0.1   405   432   564   591   536   596 0.78 -
h2tg000205l:842932-834628 -            624 38328at71240         -            438  8.9e-225  745.9  19.3   1   3   2.5e-10   1.1e-06   27.2   0.1     1    23     1    23     1    34 0.85 -
h2tg000205l:842932-834628 -            624 38328at71240         -            438  8.9e-225  745.9  19.3   2   3  7.2e-215  3.3e-211  701.2  11.6    27   412    98   519    87   523 0.94 -
h2tg000205l:842932-834628 -            624 38328at71240         -            438  8.9e-225  745.9  19.3   3   3   1.9e-06    0.0084   14.4   0.1   405   432   564   591   536   596 0.78 -
h2tg000069l:964030-963293 -            246 38328at71240         -            438     0.098   10.9   0.0   1   1   2.9e-05      0.13   10.5   0.0   338   378    80   120    59   137 0.88 -
#
# Program:         hmmsearch
# Version:         3.3.2 (Nov 2020)
# Pipeline mode:   SEARCH
# Query file:      /scratch/srb67793/Pelargonium/busco_downloads/lineages/eudicots_odb10/hmms/38328at71240.hmm
# Target file:     /scratch/srb67793/Pelargonium/P_citronellum_omnic-hap1-busco/run_eudicots_odb10/metaeuk_output/initial_results/P_citronellum_OmniC.hic.bp.hap1.p_ctg.fa.modified.fas
# Option settings: hmmsearch --domtblout /scratch/srb67793/Pelargonium/P_citronellum_omnic-hap1-busco/run_eudicots_odb10/hmmer_output/initial_run_results/38328at71240.out --cpu 1 /scratch/srb67793/Pelargonium/busco_downloads/lineages/eudicots_odb10/hmms/38328at71240.hmm /scratch/srb67793/Pelargonium/P_citronellum_omnic-hap1-busco/run_eudicots_odb10/metaeuk_output/initial_results/P_citronellum_OmniC.hic.bp.hap1.p_ctg.fa.modified.fas 
# Current dir:     /scratch/srb67793/Pelargonium
# Date:            Tue Jul 16 10:01:18 2024
# [ok]
