#                                                                                   --- full sequence --- -------------- this domain -------------   hmm coord   ali coord   env coord
# target name               accession   tlen query name           accession   qlen   E-value  score  bias   #  of  c-Evalue  i-Evalue  score  bias  from    to  from    to  from    to  acc description of target
#       ------------------- ---------- ----- -------------------- ---------- ----- --------- ------ ----- --- --- --------- --------- ------ ----- ----- ----- ----- ----- ----- ----- ---- ---------------------
h2tg001050l:71994-76688     -            909 38589at71240         -            445  2.1e-260  863.5   0.1   1   1  1.9e-263  3.7e-260  862.7   0.1    14   445     1   475     1   475 0.96 -
h2tg001185l:23870-18473     -            971 38589at71240         -            445  9.7e-249  825.0   2.3   1   1  6.4e-251  1.2e-247  821.4   2.3     1   445    33   502    33   502 0.95 -
h2tg000363l:1255720-1251161 -            508 38589at71240         -            445  7.5e-199  660.6   1.2   1   1  9.6e-202  1.9e-198  659.3   1.2     4   445    21   508    18   508 0.93 -
h2tg000280l:1413986-1409914 -            508 38589at71240         -            445  1.2e-198  660.0   1.4   1   1  1.5e-201    3e-198  658.6   1.4     4   445    21   508    18   508 0.92 -
h2tg000361l:297081-295240   -            515 38589at71240         -            445  1.8e-196  652.7   0.4   1   1  2.2e-199  4.2e-196  651.6   0.4     3   445    32   515    30   515 0.95 -
h2tg000561l:618219-616157   -            527 38589at71240         -            445  1.3e-191  636.8   4.7   1   2  1.4e-170  2.8e-167  556.5   2.3     3   356    19   407    17   416 0.94 -
h2tg000561l:618219-616157   -            527 38589at71240         -            445  1.3e-191  636.8   4.7   2   2   6.4e-26   1.2e-22   79.8   0.0   357   445   432   524   426   524 0.93 -
h2tg000647l:212211-230002   -            460 38589at71240         -            445  9.1e-183  607.6   0.5   1   1  1.6e-185    3e-182  605.9   0.5     5   418     1   460     1   460 0.91 -
#
# Program:         hmmsearch
# Version:         3.3.2 (Nov 2020)
# Pipeline mode:   SEARCH
# Query file:      /scratch/srb67793/Pelargonium/busco_downloads/lineages/eudicots_odb10/hmms/38589at71240.hmm
# Target file:     /scratch/srb67793/Pelargonium/P_citronellum_omnic-hap1-busco/run_eudicots_odb10/metaeuk_output/initial_results/P_citronellum_OmniC.hic.bp.hap1.p_ctg.fa.modified.fas
# Option settings: hmmsearch --domtblout /scratch/srb67793/Pelargonium/P_citronellum_omnic-hap1-busco/run_eudicots_odb10/hmmer_output/initial_run_results/38589at71240.out --cpu 1 /scratch/srb67793/Pelargonium/busco_downloads/lineages/eudicots_odb10/hmms/38589at71240.hmm /scratch/srb67793/Pelargonium/P_citronellum_omnic-hap1-busco/run_eudicots_odb10/metaeuk_output/initial_results/P_citronellum_OmniC.hic.bp.hap1.p_ctg.fa.modified.fas 
# Current dir:     /scratch/srb67793/Pelargonium
# Date:            Tue Jul 16 10:01:40 2024
# [ok]
