#                                                                                 --- full sequence --- -------------- this domain -------------   hmm coord   ali coord   env coord
# target name             accession   tlen query name           accession   qlen   E-value  score  bias   #  of  c-Evalue  i-Evalue  score  bias  from    to  from    to  from    to  acc description of target
#     ------------------- ---------- ----- -------------------- ---------- ----- --------- ------ ----- --- --- --------- --------- ------ ----- ----- ----- ----- ----- ----- ----- ---- ---------------------
h2tg000129l:468888-465385 -            564 39529at71240         -            492  1.4e-295  979.9   0.9   1   2   1.9e-79   6.6e-76  255.3   0.1     5   149    14   178     9   189 0.90 -
h2tg000129l:468888-465385 -            564 39529at71240         -            492  1.4e-295  979.9   0.9   2   2  9.1e-221  3.1e-217  721.5   0.1   140   492   195   564   187   564 0.97 -
h2tg000361l:268059-266431 -            543 39529at71240         -            492   5.2e-35  120.4   0.0   1   2   3.1e-14   1.1e-10   40.2   0.0    28   139    36   163    12   169 0.81 -
h2tg000361l:268059-266431 -            543 39529at71240         -            492   5.2e-35  120.4   0.0   2   2   1.4e-25   4.9e-22   77.6   0.0   141   476   189   542   182   543 0.79 -
h2tg000561l:595639-594011 -            543 39529at71240         -            492   7.7e-34  116.6   0.0   1   2   4.1e-14   1.4e-10   39.9   0.0    30   139    38   163    12   168 0.82 -
h2tg000561l:595639-594011 -            543 39529at71240         -            492   7.7e-34  116.6   0.0   2   2   1.6e-24   5.5e-21   74.2   0.0   140   476   188   542   179   543 0.79 -
h2tg000288l:206201-220623 -           1587 39529at71240         -            492     0.069   11.2   0.0   1   1   4.1e-05      0.14   10.2   0.0    21   115   328   423   312   437 0.87 -
#
# Program:         hmmsearch
# Version:         3.3.2 (Nov 2020)
# Pipeline mode:   SEARCH
# Query file:      /scratch/srb67793/Pelargonium/busco_downloads/lineages/eudicots_odb10/hmms/39529at71240.hmm
# Target file:     /scratch/srb67793/Pelargonium/P_citronellum_omnic-hap1-busco/run_eudicots_odb10/metaeuk_output/initial_results/P_citronellum_OmniC.hic.bp.hap1.p_ctg.fa.modified.fas
# Option settings: hmmsearch --domtblout /scratch/srb67793/Pelargonium/P_citronellum_omnic-hap1-busco/run_eudicots_odb10/hmmer_output/initial_run_results/39529at71240.out --cpu 1 /scratch/srb67793/Pelargonium/busco_downloads/lineages/eudicots_odb10/hmms/39529at71240.hmm /scratch/srb67793/Pelargonium/P_citronellum_omnic-hap1-busco/run_eudicots_odb10/metaeuk_output/initial_results/P_citronellum_OmniC.hic.bp.hap1.p_ctg.fa.modified.fas 
# Current dir:     /scratch/srb67793/Pelargonium
# Date:            Tue Jul 16 10:02:01 2024
# [ok]
