#                                                                                   --- full sequence --- -------------- this domain -------------   hmm coord   ali coord   env coord
# target name               accession   tlen query name           accession   qlen   E-value  score  bias   #  of  c-Evalue  i-Evalue  score  bias  from    to  from    to  from    to  acc description of target
#       ------------------- ---------- ----- -------------------- ---------- ----- --------- ------ ----- --- --- --------- --------- ------ ----- ----- ----- ----- ----- ----- ----- ---- ---------------------
h2tg000361l:1380477-1387462 -            530 40627at71240         -            477  5.7e-293  971.2   0.0   1   1  3.2e-296  7.3e-293  970.9   0.0     1   477    12   521    12   521 0.96 -
h2tg000533l:113668-127242   -           1014 40627at71240         -            477   2.7e-10   39.1   0.0   1   2    0.0018       4.1    5.5   0.0   139   169   320   350   304   361 0.88 -
h2tg000533l:113668-127242   -           1014 40627at71240         -            477   2.7e-10   39.1   0.0   2   2   4.1e-11   9.3e-08   30.7   0.0    15   345   552   905   543   947 0.78 -
h2tg000159l:42292-47928     -            494 40627at71240         -            477   1.8e-05   23.1   0.0   1   1   9.6e-09   2.2e-05   22.9   0.0    17   340     4   350     1   374 0.64 -
h2tg000401l:397483-406049   -            622 40627at71240         -            477    0.0001   20.7   0.0   1   2   3.8e-05     0.087   11.0   0.0    65   211   102   254    78   269 0.76 -
h2tg000401l:397483-406049   -            622 40627at71240         -            477    0.0001   20.7   0.0   2   2   0.00046         1    7.5   0.0   228   299   297   370   284   551 0.78 -
h2tg000215l:1032035-1030724 -            201 40627at71240         -            477    0.0078   14.5   0.0   1   1     4e-06    0.0091   14.2   0.0   311   407    14   112     4   134 0.77 -
h2tg000274l:358488-359726   -            413 40627at71240         -            477     0.065   11.4   0.2   1   3      0.53   1.2e+03   -2.6   0.1   323   344    47    68    43    71 0.86 -
h2tg000274l:358488-359726   -            413 40627at71240         -            477     0.065   11.4   0.2   2   3   9.2e-05      0.21    9.8   0.0   259   317   214   269   203   276 0.84 -
h2tg000274l:358488-359726   -            413 40627at71240         -            477     0.065   11.4   0.2   3   3      0.82   1.9e+03   -3.3   0.0   261   287   317   343   310   375 0.67 -
#
# Program:         hmmsearch
# Version:         3.3.2 (Nov 2020)
# Pipeline mode:   SEARCH
# Query file:      /scratch/srb67793/Pelargonium/busco_downloads/lineages/eudicots_odb10/hmms/40627at71240.hmm
# Target file:     /scratch/srb67793/Pelargonium/P_citronellum_omnic-hap1-busco/run_eudicots_odb10/metaeuk_output/initial_results/P_citronellum_OmniC.hic.bp.hap1.p_ctg.fa.modified.fas
# Option settings: hmmsearch --domtblout /scratch/srb67793/Pelargonium/P_citronellum_omnic-hap1-busco/run_eudicots_odb10/hmmer_output/initial_run_results/40627at71240.out --cpu 1 /scratch/srb67793/Pelargonium/busco_downloads/lineages/eudicots_odb10/hmms/40627at71240.hmm /scratch/srb67793/Pelargonium/P_citronellum_omnic-hap1-busco/run_eudicots_odb10/metaeuk_output/initial_results/P_citronellum_OmniC.hic.bp.hap1.p_ctg.fa.modified.fas 
# Current dir:     /scratch/srb67793/Pelargonium
# Date:            Tue Jul 16 10:01:35 2024
# [ok]
