#                                                                                   --- full sequence --- -------------- this domain -------------   hmm coord   ali coord   env coord
# target name               accession   tlen query name           accession   qlen   E-value  score  bias   #  of  c-Evalue  i-Evalue  score  bias  from    to  from    to  from    to  acc description of target
#       ------------------- ---------- ----- -------------------- ---------- ----- --------- ------ ----- --- --- --------- --------- ------ ----- ----- ----- ----- ----- ----- ----- ---- ---------------------
h2tg000374l:2532823-2538034 -            645 40995at71240         -            488  1.7e-273  907.1  17.5   1   3       2.1   2.4e+03   -3.7   0.0     5    24    68    87    66    91 0.85 -
h2tg000374l:2532823-2538034 -            645 40995at71240         -            488  1.7e-273  907.1  17.5   2   3    2e-273  2.3e-270  896.7  14.5    22   462   119   559   114   581 0.98 -
h2tg000374l:2532823-2538034 -            645 40995at71240         -            488  1.7e-273  907.1  17.5   3   3     8e-05     0.091   10.9   0.0   462   487   587   612   580   613 0.88 -
h2tg000417l:159659-158223   -            479 40995at71240         -            488   1.6e-23   82.7  10.7   1   3   2.7e-10     3e-07   28.9   0.0   141   242     1    98     1   116 0.85 -
h2tg000417l:159659-158223   -            479 40995at71240         -            488   1.6e-23   82.7  10.7   2   3   3.3e-07   0.00037   18.7   0.3   164   257   117   204   107   222 0.85 -
h2tg000417l:159659-158223   -            479 40995at71240         -            488   1.6e-23   82.7  10.7   3   3   9.1e-13     1e-09   37.1   2.4   133   350   258   474   237   479 0.78 -
h2tg000884l:32513-12281     -           1895 40995at71240         -            488   1.1e-06   27.1   0.1   1   1   4.3e-09   4.9e-06   25.0   0.1   121   324  1644  1855  1635  1887 0.81 -
h2tg000062l:265631-272375   -            647 40995at71240         -            488   3.7e-05   22.1   2.0   1   3      0.55   6.2e+02   -1.8   0.0   321   388   227   289   214   298 0.65 -
h2tg000062l:265631-272375   -            647 40995at71240         -            488   3.7e-05   22.1   2.0   2   3     0.087        99    0.9   0.0   308   360   335   387   331   402 0.75 -
h2tg000062l:265631-272375   -            647 40995at71240         -            488   3.7e-05   22.1   2.0   3   3   3.7e-07   0.00042   18.6   0.7   206   358   464   618   445   640 0.83 -
h2tg000023l:330201-327041   -            622 40995at71240         -            488   0.00046   18.4   0.0   1   1   7.2e-07   0.00082   17.6   0.0   156   294   479   619   401   621 0.74 -
h2tg000098l:416873-398162   -            792 40995at71240         -            488   0.00063   18.0   0.0   1   1   1.2e-06    0.0013   16.9   0.0   159   352   304   501   296   519 0.78 -
h2tg000456l:77479-72585     -            333 40995at71240         -            488   0.00068   17.9   0.0   1   2     0.017        19    3.2   0.0   245   304   116   175    94   192 0.83 -
h2tg000456l:77479-72585     -            333 40995at71240         -            488   0.00068   17.9   0.0   2   2   2.2e-05     0.026   12.7   0.0    64   111   266   313   212   320 0.82 -
h2tg000123l:444078-430339   -           1084 40995at71240         -            488    0.0013   16.9   0.3   1   1   2.3e-06    0.0026   16.0   0.3    48   289   359   601   321   616 0.81 -
h2tg001110l:1586-2377       -            264 40995at71240         -            488    0.0016   16.7   1.1   1   2      0.36   4.1e+02   -1.2   0.0   445   465    84   104    52   114 0.85 -
h2tg001110l:1586-2377       -            264 40995at71240         -            488    0.0016   16.7   1.1   2   2   3.6e-06    0.0041   15.3   0.8    21   114   147   237   130   249 0.78 -
h2tg000045l:1520606-1523492 -            706 40995at71240         -            488    0.0034   15.6   0.7   1   2      0.42   4.7e+02   -1.4   0.0   340   416    46   114    36   117 0.67 -
h2tg000045l:1520606-1523492 -            706 40995at71240         -            488    0.0034   15.6   0.7   2   2   7.6e-06    0.0086   14.2   0.2   203   356   543   697   524   704 0.82 -
h2tg000246l:979570-978800   -            257 40995at71240         -            488     0.015   13.5   0.0   1   1   1.5e-05     0.017   13.2   0.0    77   262    39   226    13   248 0.83 -
h2tg000473l:645606-640097   -            949 40995at71240         -            488      0.03   12.5   0.0   1   1   4.7e-05     0.053   11.6   0.0   146   219   692   765   614   773 0.86 -
#
# Program:         hmmsearch
# Version:         3.3.2 (Nov 2020)
# Pipeline mode:   SEARCH
# Query file:      /scratch/srb67793/Pelargonium/busco_downloads/lineages/eudicots_odb10/hmms/40995at71240.hmm
# Target file:     /scratch/srb67793/Pelargonium/P_citronellum_omnic-hap1-busco/run_eudicots_odb10/metaeuk_output/initial_results/P_citronellum_OmniC.hic.bp.hap1.p_ctg.fa.modified.fas
# Option settings: hmmsearch --domtblout /scratch/srb67793/Pelargonium/P_citronellum_omnic-hap1-busco/run_eudicots_odb10/hmmer_output/initial_run_results/40995at71240.out --cpu 1 /scratch/srb67793/Pelargonium/busco_downloads/lineages/eudicots_odb10/hmms/40995at71240.hmm /scratch/srb67793/Pelargonium/P_citronellum_omnic-hap1-busco/run_eudicots_odb10/metaeuk_output/initial_results/P_citronellum_OmniC.hic.bp.hap1.p_ctg.fa.modified.fas 
# Current dir:     /scratch/srb67793/Pelargonium
# Date:            Tue Jul 16 10:01:37 2024
# [ok]
