#                                                                                   --- full sequence --- -------------- this domain -------------   hmm coord   ali coord   env coord
# target name               accession   tlen query name           accession   qlen   E-value  score  bias   #  of  c-Evalue  i-Evalue  score  bias  from    to  from    to  from    to  acc description of target
#       ------------------- ---------- ----- -------------------- ---------- ----- --------- ------ ----- --- --- --------- --------- ------ ----- ----- ----- ----- ----- ----- ----- ---- ---------------------
h2tg000016l:992916-994460   -            515 41797at71240         -            417  3.4e-232  770.6   7.6   1   1  3.7e-234  5.2e-232  770.0   7.6     1   410    67   496    67   515 0.93 -
h2tg000967l:98305-99876     -            524 41797at71240         -            417  3.5e-145  483.9   5.4   1   1  3.4e-147  4.8e-145  483.5   5.4    17   404    97   506    90   512 0.92 -
h2tg000943l:235086-238427   -            553 41797at71240         -            417   1.4e-43  149.2  14.3   1   5   1.8e-08   2.6e-06   26.5   0.0    94   189   187   281   171   283 0.86 -
h2tg000943l:235086-238427   -            553 41797at71240         -            417   1.4e-43  149.2  14.3   2   5     1e-11   1.4e-09   37.2   0.1    89   215   218   343   211   356 0.82 -
h2tg000943l:235086-238427   -            553 41797at71240         -            417   1.4e-43  149.2  14.3   3   5   2.2e-10   3.2e-08   32.8   0.8    51   164   283   400   281   403 0.88 -
h2tg000943l:235086-238427   -            553 41797at71240         -            417   1.4e-43  149.2  14.3   4   5   6.8e-15   9.6e-13   47.7   0.7    76   190   348   463   345   469 0.93 -
h2tg000943l:235086-238427   -            553 41797at71240         -            417   1.4e-43  149.2  14.3   5   5   2.2e-13   3.2e-11   42.7   0.1   317   390   464   537   461   547 0.93 -
h2tg000456l:95627-91631     -            549 41797at71240         -            417   6.8e-34  117.3   0.4   1   3   3.9e-10   5.5e-08   32.0   0.1    92   214   190   311   167   314 0.87 -
h2tg000456l:95627-91631     -            549 41797at71240         -            417   6.8e-34  117.3   0.4   2   3   1.3e-13   1.8e-11   43.5   0.0    72   237   313   477   308   479 0.90 -
h2tg000456l:95627-91631     -            549 41797at71240         -            417   6.8e-34  117.3   0.4   3   3   2.2e-12   3.1e-10   39.4   0.0   326   382   476   532   474   539 0.93 -
h2tg000163l:426805-427782   -            326 41797at71240         -            417   2.1e-32  112.4   4.9   1   3   3.6e-20   5.2e-18   65.0   0.3    90   241    48   201    21   202 0.93 -
h2tg000163l:426805-427782   -            326 41797at71240         -            417   2.1e-32  112.4   4.9   2   3   2.2e-08   3.1e-06   26.2   0.1   105   205   172   272   169   273 0.91 -
h2tg000163l:426805-427782   -            326 41797at71240         -            417   2.1e-32  112.4   4.9   3   3   2.8e-10     4e-08   32.4   0.3   330   381   272   323   268   326 0.93 -
h2tg000356l:370478-371443   -            322 41797at71240         -            417   4.9e-31  107.9   0.6   1   3   2.1e-06    0.0003   19.7   0.0   159   221    51   113    44   115 0.91 -
h2tg000356l:370478-371443   -            322 41797at71240         -            417   4.9e-31  107.9   0.6   2   3   1.3e-14   1.9e-12   46.7   0.0    74   232   110   265   106   273 0.89 -
h2tg000356l:370478-371443   -            322 41797at71240         -            417   4.9e-31  107.9   0.6   3   3   8.1e-13   1.1e-10   40.8   0.0   329   380   271   322   259   322 0.91 -
h2tg000388l:161472-162314   -            281 41797at71240         -            417     3e-23   82.2   0.3   1   3   1.6e-06   0.00023   20.1   0.0    53   171    48   166    41   167 0.89 -
h2tg000388l:161472-162314   -            281 41797at71240         -            417     3e-23   82.2   0.3   2   3   2.2e-05    0.0031   16.3   0.0    56   119   155   216   147   222 0.88 -
h2tg000388l:161472-162314   -            281 41797at71240         -            417     3e-23   82.2   0.3   3   3   7.4e-17   1.1e-14   54.1   0.2   304   380   199   280   197   281 0.90 -
h2tg000429l:141077-142462   -            333 41797at71240         -            417     4e-23   81.9   3.2   1   3   9.3e-15   1.3e-12   47.2   0.1    73   214     7   149     5   155 0.89 -
h2tg000429l:141077-142462   -            333 41797at71240         -            417     4e-23   81.9   3.2   2   3   7.5e-07   0.00011   21.2   0.0    96   167   176   247   162   248 0.92 -
h2tg000429l:141077-142462   -            333 41797at71240         -            417     4e-23   81.9   3.2   3   3   3.5e-05    0.0049   15.7   0.2   319   361   238   280   232   288 0.89 -
h2tg000409l:360513-359743   -            257 41797at71240         -            417   2.3e-22   79.3   0.6   1   3   3.7e-06   0.00052   18.9   0.0    49   171    17   139     7   141 0.88 -
h2tg000409l:360513-359743   -            257 41797at71240         -            417   2.3e-22   79.3   0.6   2   3   3.7e-06   0.00052   18.9   0.0    56   120   128   190   121   200 0.84 -
h2tg000409l:360513-359743   -            257 41797at71240         -            417   2.3e-22   79.3   0.6   3   3   1.9e-13   2.6e-11   42.9   0.2   323   383   196   256   186   257 0.90 -
h2tg000637l:34916-34017     -            300 41797at71240         -            417   3.9e-21   75.3   1.7   1   3   1.8e-07   2.6e-05   23.2   0.1    83   209    84   209    47   210 0.84 -
h2tg000637l:34916-34017     -            300 41797at71240         -            417   3.9e-21   75.3   1.7   2   3   2.4e-05    0.0034   16.2   0.0    53   119   159   227   153   233 0.75 -
h2tg000637l:34916-34017     -            300 41797at71240         -            417   3.9e-21   75.3   1.7   3   3   5.1e-15   7.2e-13   48.1   0.1   307   385   213   296   209   298 0.87 -
h2tg000575l:352147-353190   -            348 41797at71240         -            417   8.3e-15   54.5   0.4   1   3   0.00031     0.043   12.6   0.0   164   218    52   106    41   110 0.87 -
h2tg000575l:352147-353190   -            348 41797at71240         -            417   8.3e-15   54.5   0.4   2   3   7.9e-07   0.00011   21.1   0.0    75   177   107   208   103   216 0.88 -
h2tg000575l:352147-353190   -            348 41797at71240         -            417   8.3e-15   54.5   0.4   3   3     5e-06   0.00071   18.4   0.1   320   391   260   337   244   346 0.79 -
h2tg000481l:57265-58287     -            341 41797at71240         -            417   9.4e-15   54.3   1.0   1   2   3.1e-13   4.4e-11   42.2   0.1    72   197    55   181    28   216 0.87 -
h2tg000481l:57265-58287     -            341 41797at71240         -            417   9.4e-15   54.3   1.0   2   2   0.00092      0.13   11.0   0.1   137   212   227   297   205   330 0.65 -
h2tg001107l:1485-2408       -            308 41797at71240         -            417   1.1e-14   54.1   0.0   1   2   7.6e-13   1.1e-10   40.9   0.0    72   186    21   135    10   149 0.95 -
h2tg001107l:1485-2408       -            308 41797at71240         -            417   1.1e-14   54.1   0.0   2   2   0.00083      0.12   11.1   0.1   322   361   222   259   209   301 0.72 -
h2tg000929l:381756-381133   -            208 41797at71240         -            417   6.5e-14   51.5   0.1   1   2   7.1e-06     0.001   17.9   0.0    31    94    84   155    75   157 0.85 -
h2tg000929l:381756-381133   -            208 41797at71240         -            417   6.5e-14   51.5   0.1   2   2   9.2e-11   1.3e-08   34.0   0.0   324   379   152   207   149   208 0.91 -
h2tg001194l:43015-44148     -            378 41797at71240         -            417     7e-14   51.4   1.2   1   2   1.6e-10   2.3e-08   33.3   0.0   125   244    77   198    71   228 0.85 -
h2tg001194l:43015-44148     -            378 41797at71240         -            417     7e-14   51.4   1.2   2   2   1.5e-05    0.0021   16.9   0.3   321   361   292   330   258   365 0.87 -
h2tg000500l:584584-583595   -            330 41797at71240         -            417   1.1e-13   50.7   0.3   1   2   4.5e-10   6.4e-08   31.8   0.2    58   189    35   171     2   207 0.81 -
h2tg000500l:584584-583595   -            330 41797at71240         -            417   1.1e-13   50.7   0.3   2   2   1.3e-05    0.0018   17.1   0.0   325   365   250   293   241   322 0.81 -
h2tg000481l:52368-53210     -            281 41797at71240         -            417   2.5e-13   49.6   0.4   1   1   2.6e-14   3.7e-12   45.7   0.4   126   361     1   253     1   262 0.76 -
h2tg000245l:1030294-1031067 -            258 41797at71240         -            417     3e-13   49.3   0.6   1   1   2.7e-15   3.8e-13   49.0   0.6   126   359     1   256     1   258 0.73 -
h2tg000245l:1062557-1061799 -            253 41797at71240         -            417   3.8e-13   49.0   0.1   1   2   1.1e-12   1.5e-10   40.4   0.0    72   198    19   145    14   172 0.91 -
h2tg000245l:1062557-1061799 -            253 41797at71240         -            417   3.8e-13   49.0   0.1   2   2     0.017       2.4    6.8   0.1   323   357   221   253   198   253 0.79 -
h2tg000481l:60817-61620     -            268 41797at71240         -            417   4.9e-13   48.6   0.5   1   2   2.7e-10   3.9e-08   32.5   0.1    89   198     3   112     1   153 0.89 -
h2tg000481l:60817-61620     -            268 41797at71240         -            417   4.9e-13   48.6   0.5   2   2   0.00011     0.015   14.1   0.0   322   380   180   244   174   260 0.72 -
h2tg001107l:39732-40577     -            282 41797at71240         -            417   9.9e-13   47.6   0.1   1   2   3.9e-11   5.6e-09   35.3   0.0    72   185    18   131    11   155 0.90 -
h2tg001107l:39732-40577     -            282 41797at71240         -            417   9.9e-13   47.6   0.1   2   2    0.0013      0.19   10.5   0.2   324   361   216   253   155   271 0.78 -
h2tg000120l:254925-255683   -            253 41797at71240         -            417   5.2e-12   45.3   0.2   1   1   8.3e-14   1.2e-11   44.1   0.2   126   359     1   251     1   253 0.74 -
h2tg000834l:133378-134232   -            285 41797at71240         -            417   6.2e-12   45.0   0.0   1   1     7e-14     1e-11   44.3   0.0   127   362     3   256     1   284 0.75 -
h2tg000750l:378335-379366   -            344 41797at71240         -            417   8.8e-12   44.5   0.0   1   3   2.6e-05    0.0037   16.1   0.0    88   153    40   105    21   108 0.91 -
h2tg000750l:378335-379366   -            344 41797at71240         -            417   8.8e-12   44.5   0.0   2   3   3.3e-07   4.6e-05   22.4   0.0    59   153    79   178    78   209 0.67 -
h2tg000750l:378335-379366   -            344 41797at71240         -            417   8.8e-12   44.5   0.0   3   3    0.0011      0.16   10.7   0.0    63    92   261   292   245   333 0.79 -
h2tg000245l:1004433-1005407 -            325 41797at71240         -            417   1.4e-11   43.8   0.0   1   1     3e-13   4.2e-11   42.3   0.0   126   360    37   293    25   324 0.72 -
h2tg000481l:98921-99706     -            262 41797at71240         -            417   8.1e-11   41.3   0.1   1   2   9.9e-11   1.4e-08   33.9   0.0    73   272     3   211     1   212 0.85 -
h2tg000481l:98921-99706     -            262 41797at71240         -            417   8.1e-11   41.3   0.1   2   2    0.0041      0.58    8.9   0.0   324   361   201   236   197   247 0.80 -
h2tg000120l:261371-262129   -            253 41797at71240         -            417   9.8e-11   41.0   0.1   1   1   6.5e-12   9.2e-10   37.8   0.1    72   270    19   226     1   229 0.80 -
h2tg000245l:1031996-1032916 -            307 41797at71240         -            417   9.9e-11   41.0   0.5   1   1     9e-13   1.3e-10   40.7   0.5   129   383     3   285     1   300 0.70 -
h2tg000720l:10070-9321      -            250 41797at71240         -            417   1.1e-10   40.8   0.5   1   2   8.1e-09   1.1e-06   27.6   0.0    72   183    19   131     1   177 0.64 -
h2tg000720l:10070-9321      -            250 41797at71240         -            417   1.1e-10   40.8   0.5   2   2    0.0005     0.071   11.9   0.2   320   357   213   250   206   250 0.95 -
h2tg000055l:454455-455249   -            265 41797at71240         -            417   1.2e-10   40.8   0.5   1   2   8.8e-10   1.2e-07   30.8   0.0    72   184    30   143     1   182 0.72 -
h2tg000055l:454455-455249   -            265 41797at71240         -            417   1.2e-10   40.8   0.5   2   2    0.0048      0.68    8.6   0.1   320   360   224   264   218   265 0.84 -
h2tg000245l:628161-628985   -            275 41797at71240         -            417   1.2e-10   40.7   0.1   1   2     4e-10   5.7e-08   31.9   0.0    72   199     6   131     2   145 0.92 -
h2tg000245l:628161-628985   -            275 41797at71240         -            417   1.2e-10   40.7   0.1   2   2     0.017       2.4    6.8   0.0   326   361   202   237   184   246 0.83 -
h2tg000481l:80027-80800     -            258 41797at71240         -            417   1.4e-10   40.5   0.0   1   1   3.4e-12   4.8e-10   38.8   0.0   126   360     6   257     3   258 0.73 -
h2tg000120l:118212-117358   -            285 41797at71240         -            417     2e-10   40.0   0.2   1   1   3.9e-12   5.5e-10   38.6   0.2   139   361     6   245     1   255 0.73 -
h2tg000120l:83328-82315     -            338 41797at71240         -            417     2e-10   40.0   0.0   1   1   3.8e-12   5.4e-10   38.6   0.0   126   361    38   290    31   327 0.72 -
h2tg000720l:19781-18765     -            339 41797at71240         -            417   2.2e-10   39.9   0.4   1   2   7.7e-08   1.1e-05   24.4   0.0    72   187    55   172    47   210 0.82 -
h2tg000720l:19781-18765     -            339 41797at71240         -            417   2.2e-10   39.9   0.4   2   2   0.00022     0.031   13.0   0.1   320   361   249   290   243   323 0.92 -
h2tg000221l:4020-5039       -            340 41797at71240         -            417   3.5e-10   39.2   0.0   1   3   8.8e-10   1.2e-07   30.8   0.0    75   160    24   109    15   121 0.87 -
h2tg000221l:4020-5039       -            340 41797at71240         -            417   3.5e-10   39.2   0.0   2   3    0.0039      0.55    8.9   0.0    76   155    97   176    97   198 0.82 -
h2tg000221l:4020-5039       -            340 41797at71240         -            417   3.5e-10   39.2   0.0   3   3      0.83   1.2e+02    1.3   0.0   312   362   236   292   226   336 0.59 -
h2tg001194l:46667-47458     -            264 41797at71240         -            417   5.3e-10   38.6   0.1   1   2   3.3e-10   4.7e-08   32.2   0.0    81   216    12   151     2   211 0.80 -
h2tg001194l:46667-47458     -            264 41797at71240         -            417   5.3e-10   38.6   0.1   2   2     0.059       8.4    5.0   0.0    55    86   195   227   182   254 0.65 -
h2tg000500l:570103-569210   -            298 41797at71240         -            417   5.6e-10   38.5   0.0   1   2   9.2e-05     0.013   14.3   0.0    77   176    24   124     2   147 0.69 -
h2tg000500l:570103-569210   -            298 41797at71240         -            417   5.6e-10   38.5   0.0   2   2   3.2e-07   4.6e-05   22.4   0.0   323   366   214   260   198   288 0.83 -
h2tg000481l:94454-95233     -            260 41797at71240         -            417   5.6e-10   38.5   0.1   1   1   7.5e-12   1.1e-09   37.6   0.1   127   365     2   257     1   260 0.74 -
h2tg000120l:76191-75256     -            312 41797at71240         -            417   6.1e-10   38.4   0.1   1   2   2.6e-09   3.7e-07   29.3   0.0    80   205    62   189    28   207 0.85 -
h2tg000120l:76191-75256     -            312 41797at71240         -            417   6.1e-10   38.4   0.1   2   2     0.012       1.8    7.3   0.0   324   361   252   287   225   302 0.79 -
h2tg000120l:112981-112280   -            234 41797at71240         -            417   7.1e-10   38.2   0.0   1   2   6.2e-10   8.8e-08   31.3   0.0    74   194     3   124     1   138 0.91 -
h2tg000120l:112981-112280   -            234 41797at71240         -            417   7.1e-10   38.2   0.0   2   2     0.057       8.1    5.1   0.0   138   197   174   229   150   234 0.69 -
h2tg000356l:545761-546795   -            345 41797at71240         -            417   7.1e-10   38.2   0.0   1   2   1.3e-08   1.8e-06   27.0   0.1    90   303    47   266    42   268 0.87 -
h2tg000356l:545761-546795   -            345 41797at71240         -            417   7.1e-10   38.2   0.0   2   2   0.00083      0.12   11.1   0.0   325   365   262   305   247   334 0.77 -
h2tg001344l:68941-67919     -            341 41797at71240         -            417   9.3e-10   37.8   0.0   1   2   3.1e-10   4.3e-08   32.3   0.0    72   187    55   170    48   197 0.93 -
h2tg001344l:68941-67919     -            341 41797at71240         -            417   9.3e-10   37.8   0.0   2   2      0.21        29    3.2   0.1   326   361   258   293   233   323 0.72 -
h2tg000845l:7634-8587       -            318 41797at71240         -            417   1.2e-09   37.4   0.0   1   1   4.1e-11   5.8e-09   35.2   0.0   125   361    35   288    28   316 0.76 -
h2tg000750l:96703-95612     -            364 41797at71240         -            417   1.4e-09   37.3   0.0   1   3   2.5e-06   0.00035   19.4   0.0    78   156    51   129    39   129 0.88 -
h2tg000750l:96703-95612     -            364 41797at71240         -            417   1.4e-09   37.3   0.0   2   3    0.0002     0.028   13.2   0.0    74   156   119   201   117   232 0.83 -
h2tg000750l:96703-95612     -            364 41797at71240         -            417   1.4e-09   37.3   0.0   3   3     0.081        11    4.6   0.0   334   365   288   319   269   357 0.69 -
h2tg000245l:1007407-1008180 -            258 41797at71240         -            417   1.7e-09   37.0   0.0   1   1   7.5e-11   1.1e-08   34.3   0.0   127   359     2   256     1   258 0.71 -
h2tg000481l:63582-64451     -            290 41797at71240         -            417   1.8e-09   36.9   0.0   1   2   2.4e-08   3.5e-06   26.1   0.0    77   195    32   150     7   164 0.80 -
h2tg000481l:63582-64451     -            290 41797at71240         -            417   1.8e-09   36.9   0.0   2   2    0.0039      0.56    8.9   0.0   324   361   225   260   211   281 0.81 -
h2tg000845l:1216-2049       -            278 41797at71240         -            417     2e-09   36.7   0.1   1   2   1.8e-08   2.5e-06   26.5   0.0    80   196    14   130     1   164 0.79 -
h2tg000845l:1216-2049       -            278 41797at71240         -            417     2e-09   36.7   0.1   2   2    0.0051      0.72    8.5   0.0   333   361   211   239   190   272 0.71 -
h2tg000167l:153023-130207   -            312 41797at71240         -            417   2.6e-09   36.3   0.0   1   2   3.2e-08   4.5e-06   25.7   0.0   145   361     3   237     1   244 0.77 -
h2tg000167l:153023-130207   -            312 41797at71240         -            417   2.6e-09   36.3   0.0   2   2    0.0029      0.41    9.3   0.0    31    92   237   298   234   311 0.79 -
h2tg000120l:269375-268473   -            301 41797at71240         -            417     3e-09   36.1   0.0   1   1   1.2e-10   1.7e-08   33.7   0.0   126   361     1   253     1   260 0.76 -
h2tg000224l:98389-97826     -            188 41797at71240         -            417   3.1e-09   36.1   0.0   1   1   2.8e-11   3.9e-09   35.8   0.0    85   199     7   122     2   138 0.92 -
h2tg000120l:96603-95725     -            293 41797at71240         -            417   4.5e-09   35.6   0.0   1   2   1.8e-07   2.6e-05   23.2   0.0   126   242     7   125     4   144 0.89 -
h2tg000120l:96603-95725     -            293 41797at71240         -            417   4.5e-09   35.6   0.0   2   2    0.0014       0.2   10.4   0.0   321   361   221   259   216   288 0.78 -
h2tg000120l:237083-237739   -            219 41797at71240         -            417     5e-09   35.4   0.1   1   2   4.2e-07   5.9e-05   22.0   0.0    89   205     3   121     1   177 0.88 -
h2tg000120l:237083-237739   -            219 41797at71240         -            417     5e-09   35.4   0.1   2   2   0.00048     0.068   11.9   0.1   321   360   181   218   170   219 0.87 -
h2tg000120l:252606-253616   -            337 41797at71240         -            417   5.5e-09   35.3   0.2   1   2   4.3e-10   6.1e-08   31.8   0.0    79   272    63   264    47   266 0.83 -
h2tg000120l:252606-253616   -            337 41797at71240         -            417   5.5e-09   35.3   0.2   2   2      0.03       4.3    6.0   0.0    62   361   256   289   244   331 0.59 -
h2tg000120l:103491-102703   -            263 41797at71240         -            417   6.6e-09   35.0   0.0   1   2   1.3e-07   1.9e-05   23.6   0.0    81   171    14   104     2   127 0.59 -
h2tg000120l:103491-102703   -            263 41797at71240         -            417   6.6e-09   35.0   0.0   2   2    0.0023      0.33    9.7   0.1   329   361   206   238   166   263 0.83 -
h2tg000500l:595456-594677   -            260 41797at71240         -            417     1e-08   34.4   0.2   1   2   3.4e-05    0.0048   15.7   0.1    74   196     4   127     1   159 0.82 -
h2tg000500l:595456-594677   -            260 41797at71240         -            417     1e-08   34.4   0.2   2   2   1.6e-05    0.0023   16.8   0.0   326   380   200   260   190   260 0.81 -
h2tg000939l:243881-242922   -            320 41797at71240         -            417   1.1e-08   34.3   0.0   1   1   6.9e-10   9.7e-08   31.2   0.0   126   361    38   290    34   319 0.71 -
h2tg000481l:104870-105343   -            158 41797at71240         -            417   1.2e-08   34.2   0.0   1   1   9.8e-11   1.4e-08   33.9   0.0   125   242    18   137     4   150 0.88 -
h2tg000120l:100781-100038   -            248 41797at71240         -            417   1.2e-08   34.1   0.1   1   1   4.9e-10     7e-08   31.6   0.1   138   360     8   247     4   248 0.69 -
h2tg000119l:1003047-1002043 -            335 41797at71240         -            417   1.4e-08   34.0   0.0   1   1   2.3e-10   3.2e-08   32.7   0.0   115   361    27   286     5   315 0.81 -
h2tg000481l:66683-67465     -            261 41797at71240         -            417     2e-08   33.5   0.0   1   2   1.1e-08   1.6e-06   27.2   0.0    72   195    28   152     4   165 0.89 -
h2tg000481l:66683-67465     -            261 41797at71240         -            417     2e-08   33.5   0.0   2   2      0.14        20    3.8   0.0   323   358   226   259   220   261 0.80 -
h2tg000500l:590727-589906   -            274 41797at71240         -            417   3.8e-08   32.5   0.4   1   2   4.5e-06   0.00064   18.6   0.1    43   150    26   131     3   167 0.66 -
h2tg000500l:590727-589906   -            274 41797at71240         -            417   3.8e-08   32.5   0.4   2   2    0.0004     0.056   12.2   0.0   325   364   213   255   200   269 0.82 -
h2tg000224l:9878-34125      -            224 41797at71240         -            417   3.9e-08   32.5   0.0   1   2     0.025       3.6    6.2   0.0   143   210    37   104    13   111 0.53 -
h2tg000224l:9878-34125      -            224 41797at71240         -            417   3.9e-08   32.5   0.0   2   2   1.5e-09   2.1e-07   30.1   0.0    74   213    76   216    56   223 0.84 -
h2tg000245l:431414-430653   -            254 41797at71240         -            417   4.4e-08   32.3   0.4   1   3       1.1   1.6e+02    0.8   0.0   302   318    15    31     7    36 0.80 -
h2tg000245l:431414-430653   -            254 41797at71240         -            417   4.4e-08   32.3   0.4   2   3   8.9e-05     0.013   14.3   0.0    81   172    33   124    29   153 0.87 -
h2tg000245l:431414-430653   -            254 41797at71240         -            417   4.4e-08   32.3   0.4   3   3   0.00017     0.024   13.4   0.4   319   357   216   254   209   254 0.95 -
h2tg000245l:1069312-1068662 -            217 41797at71240         -            417   6.2e-08   31.8   0.1   1   2     2e-08   2.9e-06   26.3   0.0    89   179     3    93     1   120 0.89 -
h2tg000245l:1069312-1068662 -            217 41797at71240         -            417   6.2e-08   31.8   0.1   2   2      0.13        19    3.9   0.1   302   357   158   217   122   217 0.66 -
h2tg000224l:44958-45980     -            341 41797at71240         -            417   6.3e-08   31.8   0.0   1   2   4.5e-08   6.4e-06   25.2   0.0    89   218    36   166    26   176 0.81 -
h2tg000224l:44958-45980     -            341 41797at71240         -            417   6.3e-08   31.8   0.0   2   2      0.12        16    4.1   0.0    43   135   201   296   172   307 0.67 -
h2tg000575l:109465-110208   -            248 41797at71240         -            417   6.4e-08   31.8   0.0   1   1   6.8e-10   9.6e-08   31.2   0.0    72   207    34   169     8   180 0.84 -
h2tg000097l:1931055-1930360 -            232 41797at71240         -            417   6.4e-08   31.8   0.6   1   1   4.3e-09   6.1e-07   28.5   0.5    84   235    71   222    34   224 0.83 -
h2tg000720l:35155-34388     -            256 41797at71240         -            417     7e-08   31.6   1.0   1   2     2e-09   2.9e-07   29.6   0.0    72   197    26   155     9   188 0.83 -
h2tg000720l:35155-34388     -            256 41797at71240         -            417     7e-08   31.6   1.0   2   2       1.2   1.7e+02    0.7   0.2   318   354   218   254   212   256 0.92 -
h2tg000245l:129589-130434   -            282 41797at71240         -            417   1.3e-07   30.8   0.0   1   2   4.4e-05    0.0063   15.3   0.0    74   175    38   143    18   149 0.87 -
h2tg000245l:129589-130434   -            282 41797at71240         -            417   1.3e-07   30.8   0.0   2   2   0.00016     0.023   13.5   0.0    17    95   190   273   180   281 0.75 -
h2tg000720l:23138-22167     -            324 41797at71240         -            417   1.6e-07   30.5   0.1   1   1   2.3e-09   3.2e-07   29.5   0.1   120   361    38   296    14   304 0.78 -
h2tg000500l:599540-598530   -            337 41797at71240         -            417     3e-07   29.5   0.1   1   3   0.00041     0.058   12.2   0.0   131   214    66   151    56   178 0.78 -
h2tg000500l:599540-598530   -            337 41797at71240         -            417     3e-07   29.5   0.1   2   3     0.027       3.9    6.1   0.1    70   149   113   193   111   228 0.81 -
h2tg000500l:599540-598530   -            337 41797at71240         -            417     3e-07   29.5   0.1   3   3   0.00019     0.026   13.3   0.0   326   365   277   319   269   337 0.76 -
h2tg000245l:986775-987236   -            154 41797at71240         -            417   3.4e-07   29.4   0.0   1   1   2.8e-09   3.9e-07   29.2   0.0    72   184    16   129     8   153 0.86 -
h2tg000037l:376383-375574   -            270 41797at71240         -            417   3.7e-07   29.3   0.1   1   2   2.6e-05    0.0036   16.1   0.0    72   187     5   117     3   136 0.81 -
h2tg000037l:376383-375574   -            270 41797at71240         -            417   3.7e-07   29.3   0.1   2   2   0.00083      0.12   11.1   0.1   302   380   183   270   170   270 0.71 -
h2tg000939l:248991-248113   -            293 41797at71240         -            417   3.9e-07   29.2   0.3   1   1   1.1e-08   1.6e-06   27.1   0.3   126   360     7   258     4   289 0.74 -
h2tg000055l:426370-425684   -            229 41797at71240         -            417   6.2e-07   28.5   0.2   1   2   6.2e-06   0.00088   18.1   0.0    87   188    10   112     3   159 0.67 -
h2tg000055l:426370-425684   -            229 41797at71240         -            417   6.2e-07   28.5   0.2   2   2    0.0047      0.67    8.7   0.1   318   361   186   229   180   229 0.94 -
h2tg000320l:74288-73350     -            313 41797at71240         -            417   9.4e-07   27.9   0.0   1   2   4.4e-07   6.3e-05   21.9   0.0    89   217    25   154    11   177 0.85 -
h2tg000320l:74288-73350     -            313 41797at71240         -            417   9.4e-07   27.9   0.0   2   2      0.12        16    4.1   0.0   322   361   238   277   202   305 0.80 -
h2tg000224l:18739-19437     -            233 41797at71240         -            417   1.3e-06   27.4   0.0   1   1   1.3e-08   1.8e-06   27.0   0.0    86   199    41   155     8   172 0.90 -
h2tg000055l:467967-468980   -            338 41797at71240         -            417   2.1e-06   26.8   0.1   1   2     2e-07   2.9e-05   23.0   0.0   126   244    37   157    26   211 0.82 -
h2tg000055l:467967-468980   -            338 41797at71240         -            417   2.1e-06   26.8   0.1   2   2      0.62        87    1.7   0.1   319   361   248   289   242   301 0.88 -
h2tg000224l:42632-43375     -            248 41797at71240         -            417   4.1e-06   25.8   0.0   1   1   4.6e-08   6.5e-06   25.2   0.0    75   199    21   146     2   165 0.85 -
h2tg000167l:133845-132892   -            318 41797at71240         -            417   4.8e-06   25.6   0.1   1   2   6.9e-05    0.0098   14.7   0.0   168   245    42   120    28   147 0.83 -
h2tg000167l:133845-132892   -            318 41797at71240         -            417   4.8e-06   25.6   0.1   2   2    0.0041      0.58    8.9   0.0    55    97   249   291   238   309 0.78 -
h2tg000224l:7031-7843       -            271 41797at71240         -            417   6.6e-06   25.1   0.0   1   2   3.5e-06    0.0005   19.0   0.0    93   197     4   109     1   134 0.59 -
h2tg000224l:7031-7843       -            271 41797at71240         -            417   6.6e-06   25.1   0.0   2   2      0.12        17    4.0   0.0    57    92   179   220   167   240 0.68 -
h2tg001194l:37534-38166     -            211 41797at71240         -            417   8.8e-06   24.7   0.0   1   2   3.9e-05    0.0056   15.5   0.0   165   246     3    85     1   106 0.85 -
h2tg001194l:37534-38166     -            211 41797at71240         -            417   8.8e-06   24.7   0.0   2   2      0.01       1.5    7.5   0.0   326   356   180   210   165   211 0.77 -
h2tg000375l:234737-233460   -            426 41797at71240         -            417   8.9e-06   24.7   0.1   1   3    0.0032      0.46    9.2   0.0    96   188   128   219   113   226 0.83 -
h2tg000375l:234737-233460   -            426 41797at71240         -            417   8.9e-06   24.7   0.1   2   3   0.00088      0.12   11.1   0.1   101   212   237   357   230   382 0.67 -
h2tg000375l:234737-233460   -            426 41797at71240         -            417   8.9e-06   24.7   0.1   3   3   0.00051     0.072   11.8   0.1   302   386   317   410   304   416 0.69 -
h2tg000221l:7279-7914       -            212 41797at71240         -            417   9.9e-06   24.6   0.0   1   2   4.2e-06   0.00059   18.7   0.0    89   155    12    78     2   106 0.82 -
h2tg000221l:7279-7914       -            212 41797at71240         -            417   9.9e-06   24.6   0.0   2   2      0.14        20    3.8   0.0   334   366   166   198   129   205 0.75 -
h2tg000120l:257979-258443   -            155 41797at71240         -            417   1.7e-05   23.8   0.0   1   1   1.5e-07   2.1e-05   23.5   0.0    77   193    14   130     1   144 0.71 -
h2tg000134l:738201-738542   -            114 41797at71240         -            417   2.7e-05   23.1   0.5   1   1   2.2e-07   3.1e-05   22.9   0.5   301   369    16    87     5   110 0.74 -
h2tg000375l:239158-238340   -            273 41797at71240         -            417   3.1e-05   22.9   0.0   1   3     0.025       3.6    6.2   0.0    73   152     3    82     1    89 0.77 -
h2tg000375l:239158-238340   -            273 41797at71240         -            417   3.1e-05   22.9   0.0   2   3   0.00017     0.024   13.4   0.0    94   211    93   219    83   223 0.77 -
h2tg000375l:239158-238340   -            273 41797at71240         -            417   3.1e-05   22.9   0.0   3   3   0.00051     0.072   11.8   0.1   302   382   180   269   169   272 0.61 -
h2tg000224l:101093-100407   -            229 41797at71240         -            417   3.2e-05   22.9   0.0   1   2   4.4e-07   6.3e-05   21.9   0.0    85   200    15   131     2   148 0.87 -
h2tg000224l:101093-100407   -            229 41797at71240         -            417   3.2e-05   22.9   0.0   2   2       9.8   1.4e+03   -2.3   0.0    63    87   203   229   190   229 0.70 -
h2tg000224l:138977-138489   -            163 41797at71240         -            417   5.1e-05   22.2   0.0   1   1   4.2e-07     6e-05   22.0   0.0    90   212    35   158    19   163 0.58 -
h2tg000224l:47953-48588     -            212 41797at71240         -            417   6.9e-05   21.8   0.0   1   2   1.1e-05    0.0016   17.3   0.0    93   198     3   109     1   121 0.77 -
h2tg000224l:47953-48588     -            212 41797at71240         -            417   6.9e-05   21.8   0.0   2   2      0.32        46    2.6   0.0    56    89   175   211   157   212 0.73 -
h2tg000591l:37232-36672     -            187 41797at71240         -            417   0.00019   20.3   0.0   1   1   1.8e-06   0.00025   19.9   0.0   125   191   103   170    91   178 0.79 -
h2tg000055l:457609-458268   -            220 41797at71240         -            417   0.00044   19.1   0.0   1   1     4e-06   0.00057   18.8   0.0   128   244    77   195    64   213 0.70 -
h2tg000055l:464878-465489   -            204 41797at71240         -            417     0.001   18.0   0.0   1   2   1.4e-05    0.0021   16.9   0.0   133   245     9   123     1   139 0.82 -
h2tg000055l:464878-465489   -            204 41797at71240         -            417     0.001   18.0   0.0   2   2       7.5   1.1e+03   -1.9   0.0    64    91   151   178   131   188 0.72 -
h2tg000119l:1001826-1001110 -            239 41797at71240         -            417    0.0012   17.7   0.1   1   1   8.1e-05     0.011   14.5   0.1   129   359     4   238     1   239 0.80 -
h2tg000120l:87230-86769     -            154 41797at71240         -            417     0.028   13.2   0.6   1   2    0.0081       1.2    7.9   0.3   150   272     2   132     1   133 0.71 -
h2tg000120l:87230-86769     -            154 41797at71240         -            417     0.028   13.2   0.6   2   2      0.01       1.4    7.6   0.0    60   356   122   152    88   154 0.63 -
#
# Program:         hmmsearch
# Version:         3.3.2 (Nov 2020)
# Pipeline mode:   SEARCH
# Query file:      /scratch/srb67793/Pelargonium/busco_downloads/lineages/eudicots_odb10/hmms/41797at71240.hmm
# Target file:     /scratch/srb67793/Pelargonium/P_citronellum_omnic-hap1-busco/run_eudicots_odb10/metaeuk_output/initial_results/P_citronellum_OmniC.hic.bp.hap1.p_ctg.fa.modified.fas
# Option settings: hmmsearch --domtblout /scratch/srb67793/Pelargonium/P_citronellum_omnic-hap1-busco/run_eudicots_odb10/hmmer_output/initial_run_results/41797at71240.out --cpu 1 /scratch/srb67793/Pelargonium/busco_downloads/lineages/eudicots_odb10/hmms/41797at71240.hmm /scratch/srb67793/Pelargonium/P_citronellum_omnic-hap1-busco/run_eudicots_odb10/metaeuk_output/initial_results/P_citronellum_OmniC.hic.bp.hap1.p_ctg.fa.modified.fas 
# Current dir:     /scratch/srb67793/Pelargonium
# Date:            Tue Jul 16 10:01:39 2024
# [ok]
