#                                                                                   --- full sequence --- -------------- this domain -------------   hmm coord   ali coord   env coord
# target name               accession   tlen query name           accession   qlen   E-value  score  bias   #  of  c-Evalue  i-Evalue  score  bias  from    to  from    to  from    to  acc description of target
#       ------------------- ---------- ----- -------------------- ---------- ----- --------- ------ ----- --- --- --------- --------- ------ ----- ----- ----- ----- ----- ----- ----- ---- ---------------------
h2tg000705l:406433-397915   -           1069 4778at71240          -            883         0 1532.7  10.8   1   5     0.013      0.71    7.4   0.1     1    29     1    30     1    39 0.89 -
h2tg000705l:406433-397915   -           1069 4778at71240          -            883         0 1532.7  10.8   2   5         0         0 1143.2   0.0    16   565    55   626    45   634 0.95 -
h2tg000705l:406433-397915   -           1069 4778at71240          -            883         0 1532.7  10.8   3   5   9.2e-20   4.9e-18   64.2   0.0   577   629   702   757   696   770 0.89 -
h2tg000705l:406433-397915   -           1069 4778at71240          -            883         0 1532.7  10.8   4   5   8.1e-78   4.4e-76  256.2   0.2   620   790   776   954   763   955 0.93 -
h2tg000705l:406433-397915   -           1069 4778at71240          -            883         0 1532.7  10.8   5   5   7.6e-21   4.1e-19   67.7   0.0   813   867   954  1013   953  1042 0.80 -
h2tg000134l:2623760-2626246 -            304 4778at71240          -            883    1e-146  489.9   0.4   1   1  2.2e-148  1.2e-146  489.8   0.4    45   341     2   303     1   304 0.97 -
h2tg000407l:233524-213922   -            661 4778at71240          -            883   5.7e-27   93.7   0.0   1   1   1.4e-28   7.7e-27   93.3   0.0   650   866   425   653   408   658 0.79 -
h2tg000104l:304344-305327   -            328 4778at71240          -            883   2.3e-26   91.7   0.0   1   2   6.5e-12   3.5e-10   38.2   0.0   642   762    20   153     3   161 0.76 -
h2tg000104l:304344-305327   -            328 4778at71240          -            883   2.3e-26   91.7   0.0   2   2     6e-16   3.2e-14   51.5   0.0   772   867   206   312   188   320 0.78 -
h2tg000984l:411226-410555   -            224 4778at71240          -            883     1e-25   89.6   0.0   1   2   2.8e-09   1.5e-07   29.5   0.0   718   765     1    48     1    52 0.95 -
h2tg000984l:411226-410555   -            224 4778at71240          -            883     1e-25   89.6   0.0   2   2   5.3e-18   2.8e-16   58.3   0.0   765   867   110   211    82   222 0.85 -
h2tg000216l:65837-66814     -            326 4778at71240          -            883   1.9e-25   88.7   0.0   1   2   2.5e-11   1.3e-09   36.2   0.0   657   762    41   153     7   162 0.77 -
h2tg000216l:65837-66814     -            326 4778at71240          -            883   1.9e-25   88.7   0.0   2   2   1.2e-15   6.3e-14   50.6   0.0   772   867   208   313   193   321 0.77 -
h2tg000521l:417830-416248   -            299 4778at71240          -            883   2.7e-25   88.2   0.1   1   2     1e-21   5.5e-20   70.6   0.1    86   205    42   157    27   164 0.86 -
h2tg000521l:417830-416248   -            299 4778at71240          -            883   2.7e-25   88.2   0.1   2   2   3.7e-05     0.002   15.8   0.0   271   337   200   265   162   277 0.78 -
h2tg000520l:172803-171787   -            339 4778at71240          -            883   4.2e-25   87.5   0.0   1   2   4.5e-10   2.4e-08   32.1   0.0   714   772   101   159    88   173 0.87 -
h2tg000520l:172803-171787   -            339 4778at71240          -            883   4.2e-25   87.5   0.0   2   2   1.6e-16   8.4e-15   53.5   0.0   767   857   240   330   220   339 0.84 -
h2tg000711l:95939-96694     -            252 4778at71240          -            883   1.9e-24   85.4   0.0   1   2   2.8e-08   1.5e-06   26.1   0.0   718   772     2    56     1    65 0.93 -
h2tg000711l:95939-96694     -            252 4778at71240          -            883   1.9e-24   85.4   0.0   2   2     1e-17   5.6e-16   57.4   0.0   767   867   123   229   116   239 0.84 -
h2tg000933l:9742-10581      -            280 4778at71240          -            883   1.9e-24   85.4   0.1   1   2   1.8e-07   9.5e-06   23.5   0.1   716   764    15    63     2    80 0.87 -
h2tg000933l:9742-10581      -            280 4778at71240          -            883   1.9e-24   85.4   0.1   2   2   1.7e-18     9e-17   60.0   0.0   765   867   137   245   129   255 0.86 -
h2tg001071l:80199-80888     -            230 4778at71240          -            883   3.3e-24   84.6   0.0   1   2   3.5e-07   1.9e-05   22.5   0.0   716   761     1    46     1    52 0.95 -
h2tg001071l:80199-80888     -            230 4778at71240          -            883   3.3e-24   84.6   0.0   2   2   1.4e-18   7.7e-17   60.2   0.0   761   867   102   217    84   227 0.79 -
h2tg000973l:108967-107759   -            403 4778at71240          -            883   9.9e-24   83.0   0.0   1   1   2.5e-25   1.4e-23   82.6   0.0   651   862    18   246     7   257 0.81 -
h2tg000711l:82881-82135     -            249 4778at71240          -            883   2.5e-23   81.7   0.0   1   2   1.8e-06   9.4e-05   20.2   0.0   718   764     1    47     1    60 0.92 -
h2tg000711l:82881-82135     -            249 4778at71240          -            883   2.5e-23   81.7   0.0   2   2   2.2e-18   1.2e-16   59.6   0.0   766   867   127   234   120   244 0.83 -
h2tg001160l:104657-105421   -            255 4778at71240          -            883   2.7e-23   81.6   0.0   1   2   3.2e-07   1.7e-05   22.7   0.1   716   761    19    64     1    69 0.82 -
h2tg001160l:104657-105421   -            255 4778at71240          -            883   2.7e-23   81.6   0.0   2   2   1.3e-17   7.1e-16   57.0   0.0   762   867   120   234   105   244 0.82 -
h2tg001117l:99971-99288     -            228 4778at71240          -            883   3.4e-23   81.2   0.0   1   1   7.1e-25   3.8e-23   81.1   0.0   673   867    10   211     1   221 0.84 -
h2tg000452l:371297-372037   -            247 4778at71240          -            883   1.3e-22   79.3   0.0   1   2     2e-06   0.00011   20.0   0.0   718   764     1    47     1    70 0.90 -
h2tg000452l:371297-372037   -            247 4778at71240          -            883   1.3e-22   79.3   0.0   2   2   9.1e-18   4.9e-16   57.6   0.0   763   867   122   232   104   242 0.83 -
h2tg001092l:109733-110455   -            241 4778at71240          -            883   1.4e-22   79.2   0.0   1   2   7.5e-07     4e-05   21.4   0.0   718   775     1    58     1    66 0.92 -
h2tg001092l:109733-110455   -            241 4778at71240          -            883   1.4e-22   79.2   0.0   2   2   2.9e-17   1.6e-15   55.9   0.0   765   867   120   228   114   238 0.86 -
h2tg000850l:90657-89917     -            247 4778at71240          -            883   1.8e-22   78.8   0.0   1   2   2.4e-06   0.00013   19.8   0.0   718   762     1    45     1    66 0.93 -
h2tg000850l:90657-89917     -            247 4778at71240          -            883   1.8e-22   78.8   0.0   2   2   1.1e-17   5.9e-16   57.3   0.0   763   867   122   232   104   242 0.83 -
h2tg000857l:123539-122754   -            262 4778at71240          -            883   2.4e-22   78.4   0.0   1   2   3.2e-06   0.00017   19.3   0.0   718   764     2    48     1    52 0.94 -
h2tg000857l:123539-122754   -            262 4778at71240          -            883   2.4e-22   78.4   0.0   2   2   1.2e-17   6.4e-16   57.2   0.0   764   867   128   244   120   255 0.77 -
h2tg000017l:175175-174432   -            248 4778at71240          -            883   5.5e-22   77.2   0.0   1   2     1e-05   0.00056   17.7   0.0   718   762     1    45     1    54 0.94 -
h2tg000017l:175175-174432   -            248 4778at71240          -            883   5.5e-22   77.2   0.0   2   2   8.2e-18   4.4e-16   57.7   0.0   766   869   126   235   120   244 0.81 -
h2tg000302l:2084644-2085453 -            270 4778at71240          -            883   5.5e-22   77.2   0.0   1   2   3.6e-06   0.00019   19.2   0.0   716   762     1    47     1    57 0.93 -
h2tg000302l:2084644-2085453 -            270 4778at71240          -            883   5.5e-22   77.2   0.0   2   2   2.4e-17   1.3e-15   56.2   0.0   764   868   129   239   118   249 0.82 -
h2tg000929l:176677-174664   -            301 4778at71240          -            883   7.2e-22   76.8   0.1   1   2   2.5e-19   1.4e-17   62.7   0.2    89   206    47   160    35   166 0.87 -
h2tg000929l:176677-174664   -            301 4778at71240          -            883   7.2e-22   76.8   0.1   2   2   0.00046     0.025   12.2   0.0   264   339   192   269   163   284 0.73 -
h2tg000051l:631085-707371   -            860 4778at71240          -            883   8.9e-22   76.5   0.7   1   2     4e-16   2.2e-14   52.1   0.2    90   210   637   754   629   758 0.89 -
h2tg000051l:631085-707371   -            860 4778at71240          -            883   8.9e-22   76.5   0.7   2   2     3e-07   1.6e-05   22.7   0.0   251   338   767   851   755   856 0.84 -
h2tg000132l:129279-130034   -            252 4778at71240          -            883   1.5e-21   75.7   0.0   1   1   3.7e-23     2e-21   75.4   0.0   654   855    30   248    17   251 0.81 -
h2tg000654l:11309-9282      -            300 4778at71240          -            883     2e-21   75.4   0.0   1   2   1.3e-17   6.9e-16   57.1   0.1    86   205    41   157    31   163 0.87 -
h2tg000654l:11309-9282      -            300 4778at71240          -            883     2e-21   75.4   0.0   2   2   2.5e-05    0.0013   16.4   0.0   266   339   192   267   161   279 0.75 -
h2tg000334l:1066835-1067608 -            258 4778at71240          -            883   2.8e-21   74.9   0.0   1   2   1.8e-06   9.8e-05   20.2   0.0   718   762     1    45     1    59 0.93 -
h2tg000334l:1066835-1067608 -            258 4778at71240          -            883   2.8e-21   74.9   0.0   2   2   2.4e-16   1.3e-14   52.8   0.0   766   867   126   233   119   243 0.82 -
h2tg000084l:799686-800507   -            274 4778at71240          -            883   4.1e-21   74.4   0.0   1   1   9.5e-23   5.1e-21   74.0   0.0   656   867    43   270    33   273 0.81 -
h2tg000356l:183141-183956   -            272 4778at71240          -            883   4.7e-21   74.1   0.0   1   1     1e-22   5.5e-21   73.9   0.0   654   866    43   272    27   272 0.76 -
h2tg000841l:88889-88230     -            220 4778at71240          -            883   1.3e-20   72.7   0.0   1   1   2.8e-22   1.5e-20   72.5   0.0   672   867    17   219     3   220 0.86 -
h2tg000066l:703605-702847   -            253 4778at71240          -            883   2.2e-20   71.9   0.0   1   1   4.6e-22   2.4e-20   71.8   0.0   666   855    47   247    14   253 0.81 -
h2tg000578l:158635-154588   -            301 4778at71240          -            883   2.4e-20   71.8   0.0   1   2   8.5e-18   4.5e-16   57.7   0.0    88   205    44   158    31   165 0.87 -
h2tg000578l:158635-154588   -            301 4778at71240          -            883   2.4e-20   71.8   0.0   2   2   0.00047     0.025   12.2   0.0   266   340   193   269   161   282 0.75 -
h2tg001092l:92779-92099     -            227 4778at71240          -            883   3.5e-20   71.3   0.0   1   2   3.5e-05    0.0019   15.9   0.0   724   768     2    46     1    57 0.89 -
h2tg001092l:92779-92099     -            227 4778at71240          -            883   3.5e-20   71.3   0.0   2   2   1.4e-16   7.8e-15   53.6   0.0   767   864   123   226   117   227 0.85 -
h2tg000956l:504602-505288   -            229 4778at71240          -            883   3.9e-20   71.1   0.0   1   1   8.4e-22   4.5e-20   70.9   0.0   675   867    27   227    14   229 0.85 -
h2tg000033l:50953-50216     -            246 4778at71240          -            883   5.2e-20   70.7   0.0   1   2   4.5e-06   0.00024   18.9   0.0   718   762     1    45     1    57 0.94 -
h2tg000033l:50953-50216     -            246 4778at71240          -            883   5.2e-20   70.7   0.0   2   2   1.8e-15   9.8e-14   49.9   0.0   765   867   123   231   116   241 0.78 -
h2tg000563l:155382-154630   -            251 4778at71240          -            883   5.8e-20   70.5   0.0   1   2   4.3e-06   0.00023   18.9   0.0   718   763     1    46     1    57 0.93 -
h2tg000563l:155382-154630   -            251 4778at71240          -            883   5.8e-20   70.5   0.0   2   2   2.1e-15   1.1e-13   49.7   0.0   766   867   129   236   122   246 0.78 -
h2tg000356l:796595-795867   -            243 4778at71240          -            883   5.9e-20   70.5   0.0   1   2   3.6e-06   0.00019   19.2   0.0   718   762     1    45     1    56 0.94 -
h2tg000356l:796595-795867   -            243 4778at71240          -            883   5.9e-20   70.5   0.0   2   2   2.6e-15   1.4e-13   49.4   0.0   765   867   128   236   121   241 0.80 -
h2tg000713l:71010-70195     -            272 4778at71240          -            883   7.8e-20   70.1   0.0   1   2   4.1e-06   0.00022   19.0   0.0   718   765     1    48     1    77 0.90 -
h2tg000713l:71010-70195     -            272 4778at71240          -            883   7.8e-20   70.1   0.0   2   2   2.9e-15   1.5e-13   49.3   0.0   766   867   131   238   125   248 0.78 -
h2tg000069l:1044605-1045417 -            271 4778at71240          -            883     8e-20   70.1   0.0   1   1   1.7e-21   9.1e-20   69.9   0.0   667   855    66   265    35   271 0.82 -
h2tg000544l:249641-248913   -            243 4778at71240          -            883   8.1e-20   70.1   0.0   1   2   3.5e-06   0.00019   19.2   0.0   718   762     1    45     1    58 0.93 -
h2tg000544l:249641-248913   -            243 4778at71240          -            883   8.1e-20   70.1   0.0   2   2   3.7e-15     2e-13   48.9   0.0   765   867   128   236   121   241 0.79 -
h2tg000134l:706455-705703   -            251 4778at71240          -            883   9.3e-20   69.9   0.0   1   2   6.6e-06   0.00036   18.3   0.0   718   762     1    45     1    55 0.94 -
h2tg000134l:706455-705703   -            251 4778at71240          -            883   9.3e-20   69.9   0.0   2   2   2.2e-15   1.2e-13   49.7   0.0   766   867   129   236   122   246 0.78 -
h2tg000063l:192900-192163   -            246 4778at71240          -            883   1.5e-19   69.2   0.0   1   2     7e-06   0.00038   18.2   0.0   718   762     1    45     1    54 0.94 -
h2tg000063l:192900-192163   -            246 4778at71240          -            883   1.5e-19   69.2   0.0   2   2   3.4e-15   1.8e-13   49.0   0.0   765   867   123   231   117   241 0.80 -
h2tg000852l:69170-68742     -            143 4778at71240          -            883   2.1e-19   68.7   0.2   1   2   1.3e-05   0.00067   17.4   0.0   715   759     2    46     1    61 0.86 -
h2tg000852l:69170-68742     -            143 4778at71240          -            883   2.1e-19   68.7   0.2   2   2     2e-15   1.1e-13   49.8   0.1   753   809    84   142    72   143 0.88 -
h2tg000132l:151035-150262   -            258 4778at71240          -            883   5.2e-19   67.4   0.0   1   1   1.1e-20   6.1e-19   67.2   0.0   654   861    36   255    21   258 0.81 -
h2tg000018l:520785-521474   -            230 4778at71240          -            883   1.2e-18   66.2   0.1   1   1   2.7e-20   1.5e-18   65.9   0.1   652   813    40   217    27   229 0.77 -
h2tg000050l:627706-628413   -            236 4778at71240          -            883   1.8e-18   65.6   0.0   1   1   3.8e-20     2e-18   65.4   0.0   674   848    50   233    31   236 0.86 -
h2tg000360l:182518-183495   -            326 4778at71240          -            883   7.4e-18   63.6   0.1   1   2   1.3e-13   7.1e-12   43.8   0.1    86   207    55   182    41   187 0.74 -
h2tg000360l:182518-183495   -            326 4778at71240          -            883   7.4e-18   63.6   0.1   2   2   7.7e-06   0.00041   18.1   0.0   252   344   196   295   183   301 0.74 -
h2tg000321l:49054-49776     -            241 4778at71240          -            883   9.4e-18   63.2   0.0   1   1     2e-19   1.1e-17   63.0   0.0   654   849    27   239    15   241 0.81 -
h2tg000402l:747575-746766   -            270 4778at71240          -            883   1.9e-17   62.2   0.0   1   1   4.6e-19   2.4e-17   61.9   0.0   654   858    43   264    14   270 0.78 -
h2tg000393l:344099-345085   -            329 4778at71240          -            883   4.9e-17   60.8   0.0   1   2   1.4e-14   7.5e-13   47.0   0.0    83   205    56   184    43   189 0.74 -
h2tg000393l:344099-345085   -            329 4778at71240          -            883   4.9e-17   60.8   0.0   2   2   0.00057      0.03   11.9   0.0   263   321   216   281   188   303 0.70 -
h2tg000084l:816158-816790   -            211 4778at71240          -            883   5.6e-17   60.7   0.0   1   1   1.3e-18     7e-17   60.3   0.0   650   813    28   208    16   210 0.76 -
h2tg001562l:9695-9063       -            211 4778at71240          -            883   5.6e-17   60.7   0.0   1   1   1.3e-18     7e-17   60.3   0.0   650   813    28   208    16   210 0.76 -
h2tg000020l:25605-26998     -            323 4778at71240          -            883   9.2e-17   60.0   0.2   1   2   6.1e-13   3.3e-11   41.6   0.1    86   209    52   179    22   182 0.75 -
h2tg000020l:25605-26998     -            323 4778at71240          -            883   9.2e-17   60.0   0.2   2   2   2.1e-05    0.0011   16.6   0.0   266   338   210   284   179   290 0.75 -
h2tg001050l:199811-200421   -            158 4778at71240          -            883   2.5e-16   58.5   0.2   1   2   1.1e-15   5.8e-14   50.7   0.2    90   203     1   107     1   114 0.89 -
h2tg001050l:199811-200421   -            158 4778at71240          -            883   2.5e-16   58.5   0.2   2   2     0.027       1.4    6.4   0.0   251   290   115   156   109   158 0.79 -
h2tg000404l:74416-68277     -            660 4778at71240          -            883   4.1e-16   57.8   0.9   1   3    0.0003     0.016   12.8   0.0   717   840   126   269   115   298 0.75 -
h2tg000404l:74416-68277     -            660 4778at71240          -            883   4.1e-16   57.8   0.9   2   3   3.8e-08     2e-06   25.7   0.0    81   210   413   549   397   557 0.75 -
h2tg000404l:74416-68277     -            660 4778at71240          -            883   4.1e-16   57.8   0.9   3   3   7.7e-05    0.0041   14.8   0.1   252   340   565   651   558   659 0.71 -
h2tg000295l:178170-179443   -            163 4778at71240          -            883   7.6e-15   53.6   0.4   1   2   1.5e-12     8e-11   40.3   0.7    90   207     1   114     1   119 0.82 -
h2tg000295l:178170-179443   -            163 4778at71240          -            883   7.6e-15   53.6   0.4   2   2   0.00061     0.033   11.8   0.0   252   291   118   159   114   163 0.85 -
h2tg000767l:299964-300827   -            288 4778at71240          -            883   7.6e-15   53.6   0.0   1   1   1.6e-16   8.4e-15   53.5   0.0   708   864   106   269    11   276 0.79 -
h2tg000149l:12802-25415     -           1353 4778at71240          -            883   3.7e-14   51.3   0.0   1   1   1.3e-15   6.9e-14   50.4   0.0   662   832    45   220    29   256 0.79 -
h2tg000306l:22259-21643     -            170 4778at71240          -            883   4.9e-14   50.9   0.1   1   2   1.3e-13     7e-12   43.8   0.2    91   178     1    86     1   110 0.83 -
h2tg000306l:22259-21643     -            170 4778at71240          -            883   4.9e-14   50.9   0.1   2   2     0.053       2.8    5.4   0.0   250   292   125   169   116   170 0.79 -
h2tg000052l:544302-554729   -           1351 4778at71240          -            883   7.9e-14   50.2   0.1   1   1     3e-15   1.6e-13   49.2   0.0   662   832    45   220    32   256 0.79 -
h2tg000029l:586183-575777   -           1352 4778at71240          -            883   9.5e-14   50.0   0.0   1   1   3.5e-15   1.9e-13   49.0   0.0   663   829    45   216    32   254 0.79 -
h2tg000043l:425917-415485   -           1352 4778at71240          -            883   9.9e-14   49.9   0.0   1   1   3.5e-15   1.9e-13   49.0   0.0   663   829    45   216    32   254 0.79 -
h2tg000526l:51892-52506     -            205 4778at71240          -            883   4.6e-13   47.7   0.0   1   1   9.3e-15     5e-13   47.6   0.0   691   812    74   198    44   205 0.85 -
h2tg000096l:667425-666850   -            192 4778at71240          -            883   3.6e-12   44.8   0.0   1   1   7.8e-14   4.2e-12   44.5   0.0   711   808    93   192    72   192 0.90 -
h2tg000453l:123875-124285   -            137 4778at71240          -            883   3.8e-12   44.7   0.0   1   1   8.6e-14   4.6e-12   44.4   0.0    90   200     7   113     3   119 0.85 -
h2tg000103l:151892-152522   -            174 4778at71240          -            883   6.3e-12   44.0   0.2   1   2     5e-12   2.7e-10   38.6   0.5    91   203     1   113     1   127 0.79 -
h2tg000103l:151892-152522   -            174 4778at71240          -            883   6.3e-12   44.0   0.2   2   2      0.17       9.2    3.7   0.0   250   290   130   172   119   174 0.76 -
h2tg001129l:76423-74507     -            298 4778at71240          -            883   1.1e-11   43.2   0.0   1   1   2.4e-13   1.3e-11   42.9   0.0   679   867    74   281     6   289 0.68 -
h2tg001050l:210043-210822   -            260 4778at71240          -            883   1.2e-11   43.0   0.0   1   1   2.9e-13   1.6e-11   42.6   0.0   711   857    94   243    84   255 0.81 -
h2tg000835l:323434-324258   -            204 4778at71240          -            883   1.6e-11   42.6   0.0   1   1   3.5e-13   1.9e-11   42.4   0.0   692   813    36   163     4   173 0.76 -
h2tg000066l:696895-670998   -            197 4778at71240          -            883   4.9e-11   41.0   0.0   1   1     1e-12   5.5e-11   40.8   0.0   639   804    20   193    10   197 0.73 -
h2tg000657l:312383-330421   -           1319 4778at71240          -            883   6.4e-11   40.6   0.0   1   1   2.2e-12   1.2e-10   39.7   0.0   662   804    45   190    32   217 0.81 -
h2tg000698l:150389-152372   -            280 4778at71240          -            883   1.8e-10   39.1   0.0   1   1   3.7e-12     2e-10   39.0   0.0   690   867    75   263     2   271 0.72 -
h2tg001456l:60919-58829     -            216 4778at71240          -            883   2.2e-10   38.9   0.0   1   1   5.1e-12   2.7e-10   38.5   0.0   645   814    22   201    11   211 0.74 -
h2tg000413l:51945-51193     -            251 4778at71240          -            883   2.6e-10   38.6   0.0   1   1   6.2e-12   3.3e-10   38.3   0.0   711   864    89   243    67   249 0.84 -
h2tg000117l:373123-373869   -            249 4778at71240          -            883   2.7e-10   38.6   0.0   1   1     5e-12   2.7e-10   38.6   0.0   712   814    88   190    20   245 0.85 -
h2tg000080l:824587-823832   -            252 4778at71240          -            883   1.3e-09   36.3   0.0   1   1     3e-11   1.6e-09   36.0   0.0   712   819   122   238   100   249 0.81 -
h2tg000213l:728394-729202   -            208 4778at71240          -            883   1.3e-09   36.3   0.0   1   1   2.6e-11   1.4e-09   36.2   0.0   712   813    62   167     8   181 0.78 -
h2tg000210l:1197007-1197693 -            229 4778at71240          -            883   1.5e-09   36.1   0.0   1   1   2.8e-11   1.5e-09   36.1   0.0   711   812   109   216    33   228 0.87 -
h2tg000682l:414536-413225   -            213 4778at71240          -            883   2.5e-09   35.3   0.2   1   2   6.3e-08   3.4e-06   25.0   0.0   124   194     6    74     2    84 0.84 -
h2tg000682l:414536-413225   -            213 4778at71240          -            883   2.5e-09   35.3   0.2   2   2     0.007      0.38    8.3   0.1   289   338   167   211   150   213 0.83 -
h2tg001117l:77757-78299     -            181 4778at71240          -            883   3.4e-09   34.9   0.0   1   1   7.2e-11   3.8e-09   34.7   0.0   655   796    23   180    11   181 0.77 -
h2tg000393l:966460-967895   -            247 4778at71240          -            883   4.6e-09   34.5   0.0   1   1   1.1e-10   5.7e-09   34.2   0.0   619   808    27   234    18   242 0.77 -
h2tg000266l:568540-568956   -            139 4778at71240          -            883   6.2e-09   34.0   0.0   1   1   1.3e-10   6.7e-09   33.9   0.0   695   812    17   136     5   139 0.85 -
h2tg000035l:566067-564955   -            201 4778at71240          -            883   7.5e-09   33.8   0.0   1   1   1.7e-10     9e-09   33.5   0.0   695   815    19   141     7   156 0.84 -
h2tg000269l:580334-579594   -            247 4778at71240          -            883   9.3e-09   33.5   0.0   1   1   1.7e-10   9.3e-09   33.5   0.0   710   812    86   187     7   236 0.85 -
h2tg000098l:4222-5986       -            250 4778at71240          -            883   1.2e-08   33.1   0.0   1   1   2.7e-10   1.5e-08   32.8   0.0   642   807    50   232    20   242 0.78 -
h2tg000302l:3764201-3764911 -            237 4778at71240          -            883   2.2e-08   32.3   0.0   1   1   4.9e-10   2.7e-08   32.0   0.0   712   820    53   170    39   191 0.80 -
h2tg000299l:224065-224775   -            237 4778at71240          -            883   2.2e-08   32.2   0.0   1   1     5e-10   2.7e-08   31.9   0.0   712   820    53   170    39   190 0.80 -
h2tg000131l:615535-614741   -            265 4778at71240          -            883   2.4e-08   32.1   0.0   1   1   4.7e-10   2.5e-08   32.0   0.0   667   811    47   205     1   216 0.72 -
h2tg000150l:245155-244739   -            139 4778at71240          -            883   2.8e-08   31.9   0.0   1   1   5.6e-10     3e-08   31.8   0.0   695   812    17   136     4   139 0.85 -
h2tg000088l:129336-128635   -            234 4778at71240          -            883   3.6e-08   31.5   0.0   1   1   7.4e-10     4e-08   31.4   0.0   712   809   119   220    65   232 0.86 -
h2tg000050l:987476-988354   -            293 4778at71240          -            883   5.8e-08   30.8   0.0   1   1   1.3e-09   6.9e-08   30.6   0.0   699   819    93   229    38   247 0.70 -
h2tg001166l:68167-69595     -            257 4778at71240          -            883   6.4e-08   30.7   0.2   1   2     7e-05    0.0037   14.9   0.0   128   180    82   134    59   163 0.74 -
h2tg001166l:68167-69595     -            257 4778at71240          -            883   6.4e-08   30.7   0.2   2   2   0.00012    0.0065   14.1   0.0   275   305   208   238   188   252 0.86 -
h2tg000361l:932711-932094   -            206 4778at71240          -            883   7.4e-08   30.5   0.0   1   1   1.4e-09   7.4e-08   30.5   0.0   711   808   102   205    24   206 0.87 -
h2tg000582l:77687-78426     -            207 4778at71240          -            883   8.3e-08   30.3   0.1   1   2   1.5e-06   8.1e-05   20.4   0.1   125   213     4    84     2    92 0.81 -
h2tg000582l:77687-78426     -            207 4778at71240          -            883   8.3e-08   30.3   0.1   2   2    0.0078      0.42    8.1   0.0   251   298    94   143    84   160 0.84 -
h2tg000096l:966646-966380   -             89 4778at71240          -            883     9e-08   30.2   0.0   1   1   1.8e-09   9.6e-08   30.1   0.0   774   856     1    87     1    89 0.81 -
h2tg000088l:129312-59838    -            971 4778at71240          -            883     1e-07   30.0   0.0   1   1   2.7e-09   1.5e-07   29.5   0.0   712   857   111   266    73   276 0.79 -
h2tg000113l:161578-162351   -            258 4778at71240          -            883   1.1e-07   30.0   0.0   1   1   2.6e-09   1.4e-07   29.6   0.0   713   857   101   247    96   256 0.78 -
h2tg000440l:361021-360680   -            114 4778at71240          -            883   1.4e-07   29.5   0.0   1   1   3.1e-09   1.7e-07   29.3   0.0   713   806    14   113    10   114 0.82 -
h2tg000103l:162841-163581   -            247 4778at71240          -            883   1.5e-07   29.4   0.0   1   1   3.4e-09   1.8e-07   29.2   0.0   711   857    88   239    78   247 0.77 -
h2tg000084l:792557-793270   -            238 4778at71240          -            883   1.7e-07   29.3   0.0   1   1   4.5e-09   2.4e-07   28.8   0.0   714   813   108   216   103   231 0.79 -
h2tg000456l:425419-426210   -            264 4778at71240          -            883   1.7e-07   29.3   0.0   1   1   3.5e-09   1.9e-07   29.2   0.0   719   857   103   254    22   263 0.71 -
h2tg000088l:515911-515624   -             96 4778at71240          -            883   2.2e-07   28.9   0.0   1   1   4.4e-09   2.4e-07   28.8   0.0   767   856     1    94     1    96 0.82 -
h2tg000350l:5619-3120       -            262 4778at71240          -            883     4e-07   28.0   8.9   1   2   5.6e-06    0.0003   18.5   5.6   149   212   105   163    23   174 0.80 -
h2tg000350l:5619-3120       -            262 4778at71240          -            883     4e-07   28.0   8.9   2   2    0.0023      0.12    9.9   0.1   267   306   179   221   166   262 0.81 -
h2tg000705l:638214-640095   -            316 4778at71240          -            883   4.6e-07   27.9   0.0   1   1     1e-08   5.5e-07   27.6   0.0   693   825    93   224    56   235 0.80 -
h2tg000114l:362246-364487   -            351 4778at71240          -            883     5e-07   27.7   0.0   1   1   1.2e-08   6.6e-07   27.3   0.0   656   808    69   233    26   253 0.79 -
h2tg000167l:28670-29383     -            238 4778at71240          -            883   5.2e-07   27.7   0.0   1   1   1.1e-08   5.7e-07   27.6   0.0   710   808   135   238    88   238 0.77 -
h2tg000073l:245579-243390   -            209 4778at71240          -            883   6.5e-07   27.4   0.0   1   1   1.5e-08   7.9e-07   27.1   0.0   645   812    18   209     8   209 0.71 -
h2tg000182l:212895-213833   -            313 4778at71240          -            883   7.8e-07   27.1   0.1   1   2   2.6e-06   0.00014   19.7   0.0   679   821    62   212    42   219 0.76 -
h2tg000182l:212895-213833   -            313 4778at71240          -            883   7.8e-07   27.1   0.1   2   2     0.052       2.8    5.4   0.0   835   867   267   298   260   305 0.85 -
h2tg000082l:252458-250405   -            309 4778at71240          -            883   8.8e-07   26.9   0.0   1   1     2e-08   1.1e-06   26.6   0.0   645   808    12   192     3   204 0.74 -
h2tg000984l:90375-89566     -            136 4778at71240          -            883     1e-06   26.7   0.0   1   1   1.9e-08     1e-06   26.7   0.0   711   812    39   136     5   136 0.85 -
h2tg000435l:492193-491942   -             84 4778at71240          -            883   1.1e-06   26.7   0.0   1   1   2.1e-08   1.1e-06   26.6   0.0   778   853     5    84     1    84 0.77 -
h2tg001062l:19090-20892     -            288 4778at71240          -            883   1.7e-06   26.0   0.0   1   1     4e-08   2.1e-06   25.7   0.0   668   803    56   195    22   214 0.73 -
h2tg000544l:347027-342260   -            504 4778at71240          -            883   1.9e-06   25.8   0.0   1   1   4.4e-08   2.4e-06   25.5   0.0   692   813   156   283    68   304 0.81 -
h2tg000767l:313911-313423   -            163 4778at71240          -            883     2e-06   25.7   0.0   1   1   4.6e-08   2.4e-06   25.5   0.0   708   817    17   139     7   157 0.76 -
h2tg000731l:134433-134699   -             89 4778at71240          -            883   2.4e-06   25.5   0.0   1   1   4.8e-08   2.6e-06   25.4   0.0   774   856     1    87     1    89 0.80 -
h2tg000142l:1754771-1756450 -            235 4778at71240          -            883     3e-06   25.2   4.4   1   2   6.2e-06   0.00033   18.4   2.9    83   178    24   130    10   145 0.78 -
h2tg000142l:1754771-1756450 -            235 4778at71240          -            883     3e-06   25.2   4.4   2   2     0.075         4    4.9   0.0   266   308   151   196   148   235 0.80 -
h2tg000788l:86962-77985     -            223 4778at71240          -            883     3e-06   25.2   5.5   1   2   1.6e-05   0.00085   17.1   4.8   128   195    72   135    40   143 0.82 -
h2tg000788l:86962-77985     -            223 4778at71240          -            883     3e-06   25.2   5.5   2   2       1.1        60    1.0   0.0   267   296   137   169   135   221 0.78 -
h2tg000955l:34158-41581     -            715 4778at71240          -            883   3.1e-06   25.1   0.0   1   1   8.2e-08   4.4e-06   24.6   0.0   617   808   121   329   111   349 0.75 -
h2tg000344l:95686-94874     -            271 4778at71240          -            883   3.5e-06   24.9   0.0   1   1   7.4e-08     4e-06   24.8   0.0   710   812    95   210    72   269 0.74 -
h2tg000705l:13467-14332     -            196 4778at71240          -            883   3.8e-06   24.8   0.0   1   1   7.5e-08     4e-06   24.7   0.0   722   812    60   154    16   166 0.84 -
h2tg000361l:557196-552965   -            417 4778at71240          -            883   3.9e-06   24.8   0.0   1   1   9.4e-08     5e-06   24.4   0.0   662   809    75   234    41   255 0.72 -
h2tg000019l:1195684-1195950 -             89 4778at71240          -            883   4.6e-06   24.5   0.0   1   1   9.1e-08   4.9e-06   24.5   0.0   774   856     1    87     1    89 0.80 -
h2tg000193l:11150-11596     -            149 4778at71240          -            883   5.3e-06   24.4   0.0   1   1     1e-07   5.6e-06   24.3   0.0   723   813    52   144    19   148 0.88 -
h2tg000081l:265225-268870   -            355 4778at71240          -            883   6.7e-06   24.0   0.0   1   1   1.6e-07   8.6e-06   23.6   0.0   628   809    40   238    21   258 0.73 -
h2tg001085l:109184-111565   -            450 4778at71240          -            883   7.1e-06   23.9   0.0   1   1   1.8e-07   9.8e-06   23.5   0.0   648   809   154   332   113   351 0.69 -
h2tg000265l:743756-743460   -             99 4778at71240          -            883   7.3e-06   23.9   0.0   1   1   1.6e-07   8.4e-06   23.7   0.0   726   809     6    92     2    97 0.83 -
h2tg000084l:618897-610310   -            504 4778at71240          -            883   7.8e-06   23.8   0.0   1   1   1.9e-07     1e-05   23.4   0.0   617   808   139   347   128   367 0.72 -
h2tg000717l:188988-191004   -            277 4778at71240          -            883   1.1e-05   23.2   0.0   1   1   2.7e-07   1.5e-05   22.9   0.0   711   867   108   276   102   277 0.73 -
h2tg000142l:952373-956839   -            372 4778at71240          -            883   1.3e-05   23.1   0.1   1   2   3.9e-05    0.0021   15.8   0.0    90   179    84   182    74   219 0.79 -
h2tg000142l:952373-956839   -            372 4778at71240          -            883   1.3e-05   23.1   0.1   2   2     0.048       2.6    5.5   0.0   266   301   267   305   241   315 0.84 -
h2tg000712l:53828-54535     -            236 4778at71240          -            883   1.3e-05   23.0   0.0   1   1   2.5e-07   1.4e-05   23.0   0.0   711   808   126   234    57   236 0.80 -
h2tg000158l:515316-514879   -            146 4778at71240          -            883   1.4e-05   22.9   0.0   1   1     3e-07   1.6e-05   22.7   0.0   723   813    49   141    30   145 0.88 -
h2tg000536l:15509-15805     -             99 4778at71240          -            883   1.6e-05   22.8   0.0   1   1   3.3e-07   1.8e-05   22.6   0.0   725   805     5    88     2    97 0.81 -
h2tg000314l:115258-114962   -             99 4778at71240          -            883   1.8e-05   22.6   0.0   1   1   3.7e-07     2e-05   22.4   0.0   725   805     5    88     2    97 0.81 -
h2tg000516l:54682-49498     -            412 4778at71240          -            883   2.1e-05   22.4   0.0   1   1     5e-07   2.7e-05   22.0   0.0   662   809   103   262    50   283 0.69 -
h2tg000469l:258449-260837   -            168 4778at71240          -            883   2.3e-05   22.3   0.2   1   1   7.7e-07   4.2e-05   21.4   0.2   128   183    10    64     7    84 0.83 -
h2tg000042l:251107-251945   -            221 4778at71240          -            883   3.4e-05   21.7   0.0   1   1   7.4e-07   3.9e-05   21.5   0.0   658   808    45   205    14   209 0.79 -
h2tg000220l:367299-361331   -            698 4778at71240          -            883   3.5e-05   21.6   0.0   1   1   9.3e-07     5e-05   21.1   0.0   619   808   113   319   102   339 0.73 -
h2tg000583l:250487-250798   -            104 4778at71240          -            883   3.9e-05   21.5   0.0   1   1   7.7e-07   4.2e-05   21.4   0.0   720   802     5    90     1   101 0.81 -
h2tg000881l:189019-185705   -            484 4778at71240          -            883   4.7e-05   21.2   0.0   1   1   1.2e-06   6.4e-05   20.8   0.0   636   808    44   233    29   244 0.70 -
h2tg001119l:9729-10643      -            305 4778at71240          -            883   5.5e-05   21.0   0.0   1   1   1.3e-06   6.7e-05   20.7   0.0   664   819    57   227    37   249 0.72 -
h2tg000767l:274844-271435   -            534 4778at71240          -            883   5.9e-05   20.9   0.0   1   1   1.6e-06   8.4e-05   20.4   0.0   617   809   142   351   127   371 0.73 -
h2tg000945l:48559-44179     -            270 4778at71240          -            883   6.2e-05   20.8   0.0   1   1   1.4e-06   7.3e-05   20.6   0.0   719   812    99   197    44   212 0.76 -
h2tg000477l:564464-561782   -            277 4778at71240          -            883   6.8e-05   20.7   0.0   1   1   1.5e-06   8.3e-05   20.4   0.0   697   810    61   172    17   194 0.76 -
h2tg001078l:150431-149335   -            183 4778at71240          -            883   8.1e-05   20.4   0.0   1   1   2.1e-06   0.00011   20.0   0.0   130   187    18    77     7    87 0.75 -
h2tg000117l:14091-13678     -            138 4778at71240          -            883   8.9e-05   20.3   0.0   1   1   1.7e-06   8.9e-05   20.3   0.0   720   812    44   138     8   138 0.85 -
h2tg000292l:30314-35730     -            318 4778at71240          -            883     9e-05   20.3   0.0   1   1     2e-06   0.00011   20.0   0.0   723   810   151   243    94   260 0.80 -
h2tg000213l:663345-662509   -            279 4778at71240          -            883    0.0001   20.1   0.0   1   1   2.4e-06   0.00013   19.8   0.0   701   811    81   203    47   225 0.78 -
h2tg000269l:1017362-1017799 -            146 4778at71240          -            883    0.0001   20.1   0.0   1   1   1.9e-06    0.0001   20.1   0.0   719   813    48   144     4   146 0.84 -
h2tg000041l:556575-555757   -            273 4778at71240          -            883   0.00012   19.9   0.0   1   1   2.3e-06   0.00012   19.8   0.0   712   830    99   233    27   272 0.67 -
h2tg000561l:149199-150857   -            553 4778at71240          -            883   0.00016   19.5   0.0   1   1   3.8e-06   0.00021   19.1   0.0   709   815   369   483   307   510 0.82 -
h2tg000119l:374461-379833   -            431 4778at71240          -            883    0.0002   19.2   0.0   1   2   1.5e-05   0.00081   17.1   0.0   675   804    69   208     9   218 0.78 -
h2tg000119l:374461-379833   -            431 4778at71240          -            883    0.0002   19.2   0.0   2   2       3.5   1.9e+02   -0.6   0.0   835   864   272   301   264   311 0.82 -
h2tg000307l:786566-785649   -            306 4778at71240          -            883   0.00022   19.0   0.0   1   1   5.2e-06   0.00028   18.6   0.0   720   811   130   226   118   259 0.84 -
h2tg000889l:385088-382677   -            229 4778at71240          -            883   0.00032   18.5   0.0   1   1   6.4e-06   0.00034   18.4   0.0   716   809   113   210    25   223 0.68 -
h2tg000298l:315425-312951   -            360 4778at71240          -            883   0.00037   18.2   0.0   1   1   1.6e-05   0.00085   17.0   0.0   669   803   102   236    69   252 0.67 -
h2tg001343l:30830-31620     -            254 4778at71240          -            883   0.00037   18.2   0.0   1   1     8e-06   0.00043   18.0   0.0   696   820    74   208    29   229 0.75 -
h2tg000287l:111632-112243   -            204 4778at71240          -            883   0.00042   18.1   0.0   1   1   9.6e-06   0.00052   17.8   0.0   724   801   121   203   108   204 0.78 -
h2tg001343l:9579-10487      -            303 4778at71240          -            883   0.00046   17.9   0.0   1   1   1.1e-05   0.00059   17.6   0.0   664   819    64   234    45   253 0.77 -
h2tg000137l:202078-204466   -            161 4778at71240          -            883   0.00047   17.9   0.0   1   1     1e-05   0.00054   17.7   0.0   721   811    66   161    53   161 0.85 -
h2tg000311l:12979-13275     -             99 4778at71240          -            883   0.00059   17.6   0.0   1   1   1.2e-05   0.00065   17.4   0.0   725   802     5    85     2    96 0.82 -
h2tg000908l:14844-12820     -            319 4778at71240          -            883   0.00061   17.5   0.0   1   1   1.5e-05   0.00078   17.2   0.0   723   816   124   225   112   265 0.83 -
h2tg001119l:6442-7281       -            280 4778at71240          -            883   0.00063   17.5   0.0   1   1   1.4e-05   0.00074   17.3   0.0   669   822    50   221    27   240 0.69 -
h2tg000755l:90714-95326     -            650 4778at71240          -            883   0.00073   17.3   0.0   1   1     2e-05     0.001   16.8   0.0   661   802   173   326   122   349 0.71 -
h2tg001343l:594-1496        -            301 4778at71240          -            883   0.00073   17.3   0.0   1   1   1.6e-05   0.00085   17.1   0.0   716   820   113   224    34   245 0.70 -
h2tg001343l:27723-28562     -            280 4778at71240          -            883   0.00082   17.1   0.0   1   1   1.8e-05   0.00095   16.9   0.0   665   819    46   215    26   237 0.72 -
h2tg001372l:115753-117549   -            599 4778at71240          -            883   0.00091   16.9   0.0   1   1   2.4e-05    0.0013   16.5   0.0   721   811   403   502   393   517 0.81 -
h2tg000264l:115871-112927   -            427 4778at71240          -            883   0.00092   16.9   0.0   1   1   2.3e-05    0.0012   16.5   0.0   728   817   208   302   192   317 0.83 -
h2tg000852l:66509-64316     -            366 4778at71240          -            883   0.00094   16.9   0.0   1   1   2.4e-05    0.0013   16.4   0.0   720   765   177   222   160   232 0.88 -
h2tg000031l:151320-166283   -            710 4778at71240          -            883   0.00098   16.9   0.0   1   1   2.5e-05    0.0014   16.4   0.0   674   809   508   653   463   660 0.69 -
h2tg000375l:84287-86209     -            641 4778at71240          -            883    0.0011   16.7   0.0   1   1   2.8e-05    0.0015   16.2   0.0   722   811   442   540   431   564 0.81 -
h2tg000755l:98427-96673     -            585 4778at71240          -            883    0.0011   16.7   0.1   1   1   2.9e-05    0.0015   16.2   0.1   724   811   426   517   392   539 0.83 -
h2tg000135l:733120-721534   -            743 4778at71240          -            883    0.0011   16.7   0.0   1   1     3e-05    0.0016   16.1   0.0   709   802   333   429   314   442 0.83 -
h2tg001086l:111521-112453   -            311 4778at71240          -            883    0.0014   16.3   0.0   1   1   3.2e-05    0.0017   16.0   0.0   664   820    71   242    51   265 0.75 -
h2tg000099l:17804-17574     -             77 4778at71240          -            883    0.0016   16.1   0.0   1   1     3e-05    0.0016   16.1   0.0   776   830     3    54     1    77 0.67 -
h2tg000592l:424673-422883   -            597 4778at71240          -            883    0.0017   16.1   0.0   1   1     4e-05    0.0022   15.7   0.0   645   813   331   515   286   529 0.68 -
h2tg001086l:141392-140544   -            283 4778at71240          -            883    0.0018   15.9   0.0   1   1   4.1e-05    0.0022   15.7   0.0   717   821   108   219    31   233 0.71 -
h2tg001119l:12280-11386     -            296 4778at71240          -            883    0.0023   15.6   0.0   1   1     5e-05    0.0027   15.4   0.0   665   823    54   226    36   265 0.77 -
h2tg001386l:20953-23472     -            448 4778at71240          -            883    0.0024   15.6   0.0   1   1   6.5e-05    0.0035   15.0   0.0   728   808   212   297   175   304 0.82 -
h2tg000393l:963525-961744   -            594 4778at71240          -            883    0.0024   15.5   0.0   1   1   6.3e-05    0.0034   15.1   0.0   720   805   428   517   393   526 0.80 -
h2tg000073l:114157-113138   -            227 4778at71240          -            883    0.0024   15.5   0.0   1   1   5.2e-05    0.0028   15.3   0.0   659   808    47   208    28   218 0.69 -
h2tg001086l:104845-105693   -            283 4778at71240          -            883    0.0026   15.5   0.0   1   1   5.6e-05     0.003   15.2   0.0   668   820    51   218    31   236 0.73 -
h2tg000082l:258955-259809   -            285 4778at71240          -            883    0.0028   15.4   0.0   1   1   6.5e-05    0.0035   15.0   0.0   664   819    47   217    35   238 0.77 -
h2tg000703l:1375-2001       -            209 4778at71240          -            883    0.0028   15.4   0.0   1   1   6.3e-05    0.0034   15.1   0.0   721   820    34   140    17   159 0.81 -
h2tg001082l:8111-9599       -            211 4778at71240          -            883    0.0031   15.2   0.0   1   1   5.9e-05    0.0031   15.2   0.0   703   812    80   197    12   210 0.68 -
h2tg000226l:12844-10104     -            678 4778at71240          -            883    0.0035   15.0   0.0   1   1   8.9e-05    0.0048   14.6   0.0   662   803   200   353   169   377 0.71 -
h2tg000062l:153230-154728   -            497 4778at71240          -            883    0.0035   15.0   0.0   1   1   8.1e-05    0.0043   14.7   0.0   709   805   393   494   312   497 0.76 -
h2tg000113l:38245-39337     -            333 4778at71240          -            883    0.0035   15.0   0.0   1   1   7.7e-05    0.0041   14.8   0.0   698   817   121   254    67   289 0.84 -
h2tg000119l:177600-171482   -            780 4778at71240          -            883    0.0039   14.8   0.0   1   1   0.00011    0.0058   14.3   0.0   704   803   296   398   291   415 0.84 -
h2tg000138l:1617280-1615031 -            750 4778at71240          -            883    0.0041   14.8   0.0   1   1    0.0001    0.0055   14.4   0.0   719   809   561   655   482   698 0.79 -
h2tg001027l:43765-42107     -            222 4778at71240          -            883    0.0042   14.7   0.0   1   1   8.9e-05    0.0048   14.6   0.0   720   813   109   209    65   218 0.85 -
h2tg000843l:189870-187651   -            740 4778at71240          -            883    0.0046   14.6   0.0   1   1   0.00012    0.0064   14.2   0.0   643   806   477   656   450   672 0.71 -
h2tg000080l:913903-914157   -             85 4778at71240          -            883    0.0048   14.6   0.0   1   1   9.2e-05    0.0049   14.5   0.0   774   851     2    83     1    85 0.73 -
h2tg000857l:171540-170476   -            355 4778at71240          -            883    0.0051   14.5   0.0   1   1   0.00014    0.0073   14.0   0.0   721   805   170   261   164   279 0.81 -
h2tg000547l:121149-123404   -            752 4778at71240          -            883    0.0054   14.4   0.0   1   1   0.00015     0.008   13.8   0.0   728   842   570   687   540   706 0.76 -
h2tg000672l:222774-224353   -            227 4778at71240          -            883    0.0055   14.4   0.0   1   1   0.00011    0.0059   14.3   0.0   721   812   118   213    56   219 0.86 -
h2tg000621l:1912774-1912457 -            106 4778at71240          -            883    0.0056   14.4   0.0   1   1   0.00011    0.0061   14.2   0.0   790   856    26    96    10   105 0.74 -
h2tg000800l:758479-757334   -            231 4778at71240          -            883    0.0059   14.3   0.0   1   1   0.00014    0.0074   13.9   0.0   727   815   115   207   101   225 0.83 -
h2tg000542l:294575-293605   -            289 4778at71240          -            883    0.0066   14.1   0.0   1   1   0.00015    0.0083   13.8   0.0   721   831   119   233    87   244 0.80 -
h2tg000682l:77158-75476     -            561 4778at71240          -            883    0.0069   14.0   0.0   1   1   0.00029     0.016   12.9   0.0   718   803   365   458   285   481 0.66 -
h2tg000119l:1435775-1434921 -            285 4778at71240          -            883    0.0069   14.0   0.0   1   1   0.00016    0.0084   13.8   0.0   659   819    41   219    25   238 0.73 -
h2tg000024l:1116555-1118798 -            748 4778at71240          -            883    0.0071   14.0   0.0   1   1   0.00018    0.0099   13.5   0.0   719   819   566   670   474   712 0.77 -
h2tg000945l:67020-66149     -            222 4778at71240          -            883    0.0077   13.9   0.0   1   1   0.00016    0.0083   13.8   0.0   699   809    93   203    53   220 0.84 -
h2tg000119l:1500382-1501260 -            293 4778at71240          -            883    0.0083   13.8   0.0   1   1   0.00017    0.0091   13.6   0.0   726   805   130   213    46   230 0.81 -
h2tg000144l:576232-552094   -            280 4778at71240          -            883    0.0084   13.8   0.0   1   1   0.00019      0.01   13.5   0.0   718   814   106   209    28   223 0.70 -
h2tg000245l:376168-375200   -            234 4778at71240          -            883    0.0092   13.6   0.0   1   1   0.00022     0.012   13.3   0.0   723   808   128   218    88   222 0.84 -
h2tg001094l:907125-907805   -            196 4778at71240          -            883    0.0095   13.6   0.0   1   1   0.00022     0.012   13.3   0.0   722   805   101   188    83   194 0.80 -
h2tg000619l:372168-373069   -            274 4778at71240          -            883      0.01   13.5   0.0   1   1   0.00021     0.011   13.3   0.0   725   849   128   260    70   270 0.83 -
h2tg000119l:1472221-1474314 -            698 4778at71240          -            883     0.011   13.4   0.0   1   1   0.00026     0.014   13.0   0.0   727   806   530   613   442   630 0.83 -
h2tg000014l:139433-118470   -            431 4778at71240          -            883     0.012   13.3   0.0   1   1    0.0003     0.016   12.8   0.0   727   822   271   370   184   379 0.82 -
h2tg000288l:586897-587864   -            207 4778at71240          -            883     0.012   13.2   0.0   1   1   0.00023     0.012   13.2   0.0   728   811   105   192    24   204 0.80 -
h2tg000104l:53473-57614     -            337 4778at71240          -            883     0.013   13.1   0.0   1   1    0.0003     0.016   12.8   0.0   652   814    85   268    54   275 0.69 -
h2tg000585l:36566-37399     -            278 4778at71240          -            883     0.013   13.1   0.0   1   1   0.00025     0.014   13.1   0.0   720   821   111   219    33   254 0.79 -
h2tg001452l:24786-22271     -            318 4778at71240          -            883     0.013   13.1   0.0   1   1   0.00033     0.018   12.7   0.0   733   809   151   232   130   249 0.80 -
h2tg000678l:115240-119395   -            289 4778at71240          -            883     0.013   13.1   0.0   1   1   0.00029     0.016   12.9   0.0   725   810   128   217    45   251 0.64 -
h2tg001292l:89154-90842     -            563 4778at71240          -            883     0.015   13.0   0.0   1   1   0.00037      0.02   12.5   0.0   710   801   368   466   295   478 0.68 -
h2tg001292l:72661-70931     -            577 4778at71240          -            883     0.015   12.9   0.0   1   1   0.00046     0.025   12.2   0.0   659   801   356   511   342   520 0.67 -
h2tg001260l:33153-38860     -            338 4778at71240          -            883     0.016   12.9   0.0   1   1   0.00035     0.019   12.6   0.0   649   828    75   277    56   303 0.70 -
h2tg000203l:413188-414934   -            295 4778at71240          -            883     0.016   12.8   0.0   1   1   0.00039     0.021   12.4   0.0   727   814   135   227   122   244 0.80 -
h2tg001292l:74659-76344     -            562 4778at71240          -            883     0.017   12.8   0.0   1   1   0.00039     0.021   12.4   0.0   710   801   367   465   253   477 0.74 -
h2tg000050l:646777-647391   -            205 4778at71240          -            883     0.017   12.7   0.0   1   1   0.00035     0.019   12.6   0.0   704   809    17   130     5   162 0.81 -
h2tg000113l:108905-114633   -            323 4778at71240          -            883     0.017   12.7   0.0   1   1   0.00037      0.02   12.5   0.0   720   828   133   255    37   286 0.80 -
h2tg000725l:288442-290379   -            646 4778at71240          -            883     0.019   12.6   0.0   1   1   0.00049     0.026   12.1   0.0   721   818   452   553   431   560 0.81 -
h2tg000005l:270977-273062   -            565 4778at71240          -            883      0.02   12.5   0.0   1   1   0.00049     0.026   12.1   0.0   697   814   370   494   312   520 0.70 -
h2tg000023l:343-933         -            167 4778at71240          -            883      0.02   12.5   0.0   1   1   0.00037      0.02   12.5   0.0   727   814     9   102     2   145 0.82 -
h2tg000307l:503238-504188   -            317 4778at71240          -            883     0.021   12.5   0.0   1   1   0.00046     0.024   12.2   0.0   696   810   112   240    42   256 0.73 -
h2tg000193l:143519-144642   -            276 4778at71240          -            883     0.022   12.3   0.0   1   1   0.00048     0.026   12.2   0.0   733   806   126   203    51   211 0.75 -
h2tg001070l:96226-94454     -            591 4778at71240          -            883     0.027   12.1   0.0   1   1    0.0007     0.038   11.6   0.0   721   802   413   498   321   512 0.84 -
h2tg000134l:2450335-2448325 -            326 4778at71240          -            883      0.03   11.9   0.0   1   1   0.00074      0.04   11.5   0.0   732   810   150   233   133   259 0.82 -
h2tg001205l:25043-22951     -            663 4778at71240          -            883     0.039   11.5   0.0   1   1   0.00099     0.053   11.1   0.0   701   820   470   598   409   620 0.77 -
h2tg000288l:126960-128144   -            354 4778at71240          -            883      0.04   11.5   0.0   1   1   0.00091     0.049   11.2   0.0   677   814    84   234    67   278 0.74 -
h2tg000119l:1468444-1470852 -            748 4778at71240          -            883     0.043   11.4   0.0   1   1     0.001     0.056   11.0   0.0   727   804   580   661   497   678 0.85 -
h2tg000997l:129143-131251   -            243 4778at71240          -            883     0.044   11.4   0.0   1   1   0.00084     0.045   11.3   0.0   724   831    79   181    18   209 0.80 -
h2tg000307l:515676-516620   -            315 4778at71240          -            883     0.047   11.3   0.0   1   1     0.001     0.056   11.0   0.0   720   810   144   241    60   253 0.77 -
h2tg000063l:500109-495374   -            505 4778at71240          -            883     0.049   11.2   0.0   1   1    0.0012     0.064   10.9   0.0   724   811   328   420   240   430 0.68 -
h2tg001070l:137741-136229   -            332 4778at71240          -            883     0.051   11.2   0.0   1   1    0.0012     0.066   10.8   0.0   724   816   124   221   106   234 0.83 -
h2tg000063l:495898-495404   -            165 4778at71240          -            883     0.055   11.1   0.0   1   1    0.0011     0.061   10.9   0.0   730   811     4    90     1   103 0.76 -
h2tg000176l:219887-220498   -            204 4778at71240          -            883     0.059   10.9   0.0   1   1    0.0015     0.081   10.5   0.0   756   813   142   199   131   202 0.79 -
h2tg000485l:364446-365532   -            242 4778at71240          -            883     0.062   10.9   0.0   1   1    0.0015     0.081   10.5   0.0   727   808   137   222   122   229 0.79 -
h2tg000801l:79227-80522     -            313 4778at71240          -            883     0.063   10.9   0.0   1   1    0.0013     0.072   10.7   0.0   720   811   141   239    90   273 0.81 -
h2tg000456l:106037-103844   -            207 4778at71240          -            883     0.064   10.9   0.0   1   1    0.0014     0.073   10.7   0.0   695   817    34   160     9   178 0.78 -
h2tg000223l:1150104-1147783 -            583 4778at71240          -            883     0.064   10.8   0.0   1   1    0.0017     0.089   10.4   0.0   684   812   380   511   335   546 0.72 -
h2tg001319l:6611-4650       -            654 4778at71240          -            883     0.073   10.7   0.0   1   1    0.0019       0.1   10.1   0.0   721   809   455   547   442   572 0.82 -
h2tg000292l:708227-709948   -            574 4778at71240          -            883     0.073   10.7   0.0   1   1    0.0018     0.095   10.3   0.0   710   802   382   481   309   492 0.66 -
h2tg000207l:68288-66943     -            369 4778at71240          -            883     0.074   10.6   0.0   1   1    0.0019       0.1   10.2   0.0   720   806   254   347   232   359 0.81 -
h2tg000205l:470424-467808   -            737 4778at71240          -            883     0.075   10.6   0.0   1   1     0.002      0.11   10.1   0.0   722   806   562   650   545   664 0.80 -
h2tg000521l:402952-402212   -            247 4778at71240          -            883     0.079   10.5   0.0   1   1     0.002      0.11   10.1   0.0   756   813   187   244   172   246 0.79 -
h2tg000734l:603780-603313   -            156 4778at71240          -            883     0.088   10.4   0.0   1   1    0.0019       0.1   10.1   0.0   735   812     9    90     2   103 0.84 -
h2tg000018l:1221984-1220467 -            506 4778at71240          -            883     0.092   10.3   0.0   1   1    0.0024      0.13    9.8   0.0   720   833   333   453   317   468 0.76 -
h2tg000292l:712663-710975   -            563 4778at71240          -            883     0.093   10.3   0.0   1   1    0.0021      0.11   10.1   0.0   722   801   387   470   253   481 0.78 -
h2tg000466l:25318-27474     -            719 4778at71240          -            883       0.1   10.2   0.0   1   1     0.003      0.16    9.5   0.0   730   827   554   655   533   691 0.78 -
h2tg000620l:125836-90143    -            205 4778at71240          -            883       0.1   10.1   0.0   1   1    0.0024      0.13    9.9   0.0   723   806   113   202    89   205 0.79 -
h2tg000508l:354504-352519   -            626 4778at71240          -            883      0.11   10.1   0.0   1   1    0.0029      0.15    9.6   0.0   721   808   439   530   425   536 0.76 -
h2tg001035l:190694-130301   -            509 4778at71240          -            883      0.11   10.0   0.0   1   1    0.0031      0.17    9.5   0.0   726   814   340   432   326   463 0.84 -
h2tg000546l:410923-393109   -            303 4778at71240          -            883      0.12    9.9   0.0   1   1    0.0025      0.13    9.8   0.0   730   811   131   218    25   236 0.78 -
h2tg000393l:625571-628822   -            318 4778at71240          -            883      0.13    9.8   0.0   1   1    0.0026      0.14    9.7   0.0   722   809   120   213    44   250 0.77 -
h2tg001027l:13826-15470     -            546 4778at71240          -            883      0.18    9.3   0.0   1   1    0.0046      0.25    8.9   0.0   724   819   377   475   362   510 0.82 -
#
# Program:         hmmsearch
# Version:         3.3.2 (Nov 2020)
# Pipeline mode:   SEARCH
# Query file:      /scratch/srb67793/Pelargonium/busco_downloads/lineages/eudicots_odb10/hmms/4778at71240.hmm
# Target file:     /scratch/srb67793/Pelargonium/P_citronellum_omnic-hap1-busco/run_eudicots_odb10/metaeuk_output/initial_results/P_citronellum_OmniC.hic.bp.hap1.p_ctg.fa.modified.fas
# Option settings: hmmsearch --domtblout /scratch/srb67793/Pelargonium/P_citronellum_omnic-hap1-busco/run_eudicots_odb10/hmmer_output/initial_run_results/4778at71240.out --cpu 1 /scratch/srb67793/Pelargonium/busco_downloads/lineages/eudicots_odb10/hmms/4778at71240.hmm /scratch/srb67793/Pelargonium/P_citronellum_omnic-hap1-busco/run_eudicots_odb10/metaeuk_output/initial_results/P_citronellum_OmniC.hic.bp.hap1.p_ctg.fa.modified.fas 
# Current dir:     /scratch/srb67793/Pelargonium
# Date:            Tue Jul 16 10:01:32 2024
# [ok]
