#                                                                                 --- full sequence --- -------------- this domain -------------   hmm coord   ali coord   env coord
# target name             accession   tlen query name           accession   qlen   E-value  score  bias   #  of  c-Evalue  i-Evalue  score  bias  from    to  from    to  from    to  acc description of target
#     ------------------- ---------- ----- -------------------- ---------- ----- --------- ------ ----- --- --- --------- --------- ------ ----- ----- ----- ----- ----- ----- ----- ---- ---------------------
h2tg000418l:132726-138488 -            406 49152at71240         -            384  9.3e-181  600.2   0.0   1   1  3.9e-184  1.1e-180  600.1   0.0     7   384     1   406     1   406 0.93 -
h2tg000371l:151207-151922 -            123 49152at71240         -            384   1.6e-60  204.4   0.5   1   1   6.3e-64   1.7e-60  204.3   0.5     8   128     1   122     1   123 0.98 -
h2tg000915l:275941-284559 -            660 49152at71240         -            384   4.3e-08   31.8   0.0   1   2   4.3e-11   1.2e-07   30.4   0.0   169   276   379   494   284   508 0.71 -
h2tg000915l:275941-284559 -            660 49152at71240         -            384   4.3e-08   31.8   0.0   2   2      0.81   2.2e+03   -3.4   0.0   353   375   619   644   599   645 0.73 -
h2tg000229l:132860-138426 -            498 49152at71240         -            384   8.3e-07   27.6   0.1   1   2     7e-09   1.9e-05   23.1   0.0    96   274   140   327   131   338 0.73 -
h2tg000229l:132860-138426 -            498 49152at71240         -            384   8.3e-07   27.6   0.1   2   2     0.017        45    2.2   0.0   308   384   386   466   381   466 0.81 -
h2tg000800l:288929-295743 -           1135 49152at71240         -            384     0.016   13.5   0.0   1   1   1.1e-05      0.03   12.6   0.0   206   249  1075  1118  1055  1125 0.91 -
#
# Program:         hmmsearch
# Version:         3.3.2 (Nov 2020)
# Pipeline mode:   SEARCH
# Query file:      /scratch/srb67793/Pelargonium/busco_downloads/lineages/eudicots_odb10/hmms/49152at71240.hmm
# Target file:     /scratch/srb67793/Pelargonium/P_citronellum_omnic-hap1-busco/run_eudicots_odb10/metaeuk_output/initial_results/P_citronellum_OmniC.hic.bp.hap1.p_ctg.fa.modified.fas
# Option settings: hmmsearch --domtblout /scratch/srb67793/Pelargonium/P_citronellum_omnic-hap1-busco/run_eudicots_odb10/hmmer_output/initial_run_results/49152at71240.out --cpu 1 /scratch/srb67793/Pelargonium/busco_downloads/lineages/eudicots_odb10/hmms/49152at71240.hmm /scratch/srb67793/Pelargonium/P_citronellum_omnic-hap1-busco/run_eudicots_odb10/metaeuk_output/initial_results/P_citronellum_OmniC.hic.bp.hap1.p_ctg.fa.modified.fas 
# Current dir:     /scratch/srb67793/Pelargonium
# Date:            Tue Jul 16 10:02:02 2024
# [ok]
