#                                                                                   --- full sequence --- -------------- this domain -------------   hmm coord   ali coord   env coord
# target name               accession   tlen query name           accession   qlen   E-value  score  bias   #  of  c-Evalue  i-Evalue  score  bias  from    to  from    to  from    to  acc description of target
#       ------------------- ---------- ----- -------------------- ---------- ----- --------- ------ ----- --- --- --------- --------- ------ ----- ----- ----- ----- ----- ----- ----- ---- ---------------------
h2tg000619l:338806-340816   -            403 59362at71240         -            374  3.4e-196  651.0  23.3   1   1  3.2e-198  3.9e-196  650.8  23.3     1   374     2   402     2   402 0.94 -
h2tg000410l:257426-258938   -            367 59362at71240         -            374  5.2e-155  515.5  17.3   1   1  4.7e-157  5.8e-155  515.4  17.3    44   374    17   366     1   366 0.92 -
h2tg000393l:1126045-1130392 -            643 59362at71240         -            374     5e-58  196.4  54.1   1   4   4.8e-08     6e-06   25.0   2.0     3   132     6   142     4   146 0.83 -
h2tg000393l:1126045-1130392 -            643 59362at71240         -            374     5e-58  196.4  54.1   2   4   1.8e-27   2.3e-25   88.9  15.0    89   307   147   371   140   376 0.90 -
h2tg000393l:1126045-1130392 -            643 59362at71240         -            374     5e-58  196.4  54.1   3   4   7.9e-17   9.8e-15   53.9   7.4   107   209   375   479   368   484 0.86 -
h2tg000393l:1126045-1130392 -            643 59362at71240         -            374     5e-58  196.4  54.1   4   4   1.3e-16   1.5e-14   53.2  10.1   121   275   465   622   465   640 0.86 -
h2tg000356l:36931-34262     -            519 59362at71240         -            374   3.7e-54  183.6  45.5   1   4   1.4e-05    0.0018   16.8   0.1    19    88    25    87     4    89 0.82 -
h2tg000356l:36931-34262     -            519 59362at71240         -            374   3.7e-54  183.6  45.5   2   4   8.2e-20     1e-17   63.7  12.4    93   265    69   257    65   264 0.84 -
h2tg000356l:36931-34262     -            519 59362at71240         -            374   3.7e-54  183.6  45.5   3   4   2.8e-13   3.5e-11   42.2  10.6   128   250   256   383   255   386 0.88 -
h2tg000356l:36931-34262     -            519 59362at71240         -            374   3.7e-54  183.6  45.5   4   4   4.4e-25   5.4e-23   81.1   7.2    83   214   379   518   376   519 0.89 -
h2tg000005l:160934-163700   -            483 59362at71240         -            374   5.1e-53  179.9  37.4   1   4   3.2e-06    0.0004   19.0   0.1    19    88    28    90     7    93 0.84 -
h2tg000005l:160934-163700   -            483 59362at71240         -            374   5.1e-53  179.9  37.4   2   4   1.1e-16   1.4e-14   53.4   5.0   162   303    70   211    67   223 0.90 -
h2tg000005l:160934-163700   -            483 59362at71240         -            374   5.1e-53  179.9  37.4   3   4   3.2e-20   3.9e-18   65.1  17.1   112   304   198   390   196   390 0.88 -
h2tg000005l:160934-163700   -            483 59362at71240         -            374   5.1e-53  179.9  37.4   4   4   1.1e-21   1.4e-19   69.8   1.3   113   214   377   481   376   483 0.93 -
h2tg000132l:48086-44840     -            504 59362at71240         -            374     5e-51  173.3  50.2   1   4    0.0022      0.27    9.6   0.2    21    69    22    69    20    95 0.88 -
h2tg000132l:48086-44840     -            504 59362at71240         -            374     5e-51  173.3  50.2   2   4   4.8e-12     6e-10   38.1   7.4   194   296    97   198    69   207 0.69 -
h2tg000132l:48086-44840     -            504 59362at71240         -            374     5e-51  173.3  50.2   3   4   8.7e-23   1.1e-20   73.5  16.8   120   296   174   359   174   361 0.87 -
h2tg000132l:48086-44840     -            504 59362at71240         -            374     5e-51  173.3  50.2   4   4   1.3e-22   1.6e-20   72.9  10.6    83   215   363   503   359   504 0.83 -
h2tg000985l:129728-131098   -            457 59362at71240         -            374   2.5e-48  164.4  42.1   1   4      0.05       6.2    5.2   0.0   124   152     2    30     1    31 0.85 -
h2tg000985l:129728-131098   -            457 59362at71240         -            374   2.5e-48  164.4  42.1   2   4   5.7e-20     7e-18   64.2   1.1   160   307    16   163    14   166 0.95 -
h2tg000985l:129728-131098   -            457 59362at71240         -            374   2.5e-48  164.4  42.1   3   4   6.8e-22   8.5e-20   70.6  13.2    93   283   150   352   146   355 0.89 -
h2tg000985l:129728-131098   -            457 59362at71240         -            374   2.5e-48  164.4  42.1   4   4   1.1e-17   1.4e-15   56.7  12.7    88   255   279   456   277   457 0.87 -
h2tg000654l:519876-518506   -            457 59362at71240         -            374   1.2e-45  155.6  31.9   1   3     8e-18   9.9e-16   57.2   2.1   100   251     1   160     1   162 0.79 -
h2tg000654l:519876-518506   -            457 59362at71240         -            374   1.2e-45  155.6  31.9   2   3   7.2e-19   8.9e-17   60.6   7.6    90   261   122   304   115   306 0.83 -
h2tg000654l:519876-518506   -            457 59362at71240         -            374   1.2e-45  155.6  31.9   3   3   7.1e-19   8.8e-17   60.6  12.1    88   254   279   455   277   457 0.88 -
h2tg000564l:513488-512229   -            420 59362at71240         -            374   4.8e-38  130.6  29.6   1   3   1.1e-18   1.3e-16   60.0   5.0   100   252     1   161     1   168 0.88 -
h2tg000564l:513488-512229   -            420 59362at71240         -            374   4.8e-38  130.6  29.6   2   3   3.5e-23   4.3e-21   74.8  10.3    78   307   132   375   130   379 0.84 -
h2tg000564l:513488-512229   -            420 59362at71240         -            374   4.8e-38  130.6  29.6   3   3    0.0005     0.062   11.8   0.7   277   319   371   419   369   420 0.39 -
h2tg000948l:113082-111937   -            382 59362at71240         -            374   3.2e-37  127.9  23.3   1   3       0.3        37    2.6   0.0     6    41     3    41     1    48 0.77 -
h2tg000948l:113082-111937   -            382 59362at71240         -            374   3.2e-37  127.9  23.3   2   3   4.6e-36   5.7e-34  117.2  13.4    77   307    99   340    86   345 0.91 -
h2tg000948l:113082-111937   -            382 59362at71240         -            374   3.2e-37  127.9  23.3   3   3   9.3e-08   1.1e-05   24.0   2.2   233   296   319   382   316   382 0.93 -
h2tg000426l:40001-41083     -            361 59362at71240         -            374   1.5e-36  125.7  21.5   1   2   4.7e-31   5.8e-29  100.7  14.2     6   303     1   292     1   299 0.87 -
h2tg000426l:40001-41083     -            361 59362at71240         -            374   1.5e-36  125.7  21.5   2   2   1.2e-09   1.5e-07   30.2   0.9    94   152   284   345   280   359 0.87 -
h2tg000138l:1198292-1196592 -            567 59362at71240         -            374   7.9e-30  103.6  28.3   1   3   4.8e-09     6e-07   28.3   0.4    22   204    22   219    11   244 0.79 -
h2tg000138l:1198292-1196592 -            567 59362at71240         -            374   7.9e-30  103.6  28.3   2   3   8.6e-15   1.1e-12   47.2   4.3    88   280   254   452   247   456 0.61 -
h2tg000138l:1198292-1196592 -            567 59362at71240         -            374   7.9e-30  103.6  28.3   3   3   5.3e-17   6.6e-15   54.5   9.8   112   305   331   525   329   557 0.88 -
h2tg000662l:21517-29428     -            350 59362at71240         -            374   7.5e-29  100.3  19.8   1   2   2.6e-21   3.2e-19   68.7   4.4   137   308    57   231    50   237 0.89 -
h2tg000662l:21517-29428     -            350 59362at71240         -            374   7.5e-29  100.3  19.8   2   2   7.7e-12   9.5e-10   37.5   7.9   186   286   238   338   232   349 0.88 -
h2tg000005l:666607-665207   -            467 59362at71240         -            374     2e-28   99.0  19.0   1   2   1.5e-18   1.9e-16   59.6  14.4     7   300     5   336     1   358 0.75 -
h2tg000005l:666607-665207   -            467 59362at71240         -            374     2e-28   99.0  19.0   2   2   5.6e-15   6.9e-13   47.8   1.3   123   261   311   457   304   465 0.85 -
h2tg000410l:258732-258938   -             69 59362at71240         -            374     1e-26   93.3   0.0   1   1   9.1e-29   1.1e-26   93.2   0.0   311   374     1    68     1    68 0.94 -
h2tg000033l:1029475-1028333 -            381 59362at71240         -            374   6.4e-22   77.5  15.0   1   2   2.4e-14     3e-12   45.7   7.6   143   258    74   193    45   199 0.83 -
h2tg000033l:1029475-1028333 -            381 59362at71240         -            374   6.4e-22   77.5  15.0   2   2   2.3e-11   2.9e-09   35.9   1.1   160   280   197   326   192   330 0.64 -
h2tg000134l:2556152-2561612 -            188 59362at71240         -            374   8.1e-22   77.2  13.6   1   1   5.9e-23   7.3e-21   74.0  13.6   101   262     9   181     2   184 0.87 -
h2tg000923l:180053-181327   -            425 59362at71240         -            374   4.7e-21   74.7  23.8   1   3   4.6e-09   5.6e-07   28.4  10.8    87   296    52   270    22   272 0.80 -
h2tg000923l:180053-181327   -            425 59362at71240         -            374   4.7e-21   74.7  23.8   2   3   9.1e-10   1.1e-07   30.7   0.2   155   273   233   350   209   376 0.67 -
h2tg000923l:180053-181327   -            425 59362at71240         -            374   4.7e-21   74.7  23.8   3   3   2.1e-12   2.5e-10   39.4   0.8   136   268   287   423   276   425 0.83 -
h2tg000964l:17278-14028     -            628 59362at71240         -            374   4.9e-21   74.6  11.4   1   4    0.0019      0.24    9.8   0.5    92   170    74   150    69   159 0.60 -
h2tg000964l:17278-14028     -            628 59362at71240         -            374   4.9e-21   74.6  11.4   2   4      0.84     1e+02    1.2   0.0   315   367   224   275   216   282 0.71 -
h2tg000964l:17278-14028     -            628 59362at71240         -            374   4.9e-21   74.6  11.4   3   4   2.2e-11   2.7e-09   36.0   3.4   159   271   308   418   301   430 0.88 -
h2tg000964l:17278-14028     -            628 59362at71240         -            374   4.9e-21   74.6  11.4   4   4   4.3e-09   5.3e-07   28.4   0.0   154   236   430   514   411   523 0.88 -
h2tg000923l:311556-310093   -            488 59362at71240         -            374   8.6e-21   73.8  13.6   1   3   2.1e-05    0.0026   16.3   0.0   224   297    83   158    76   170 0.90 -
h2tg000923l:311556-310093   -            488 59362at71240         -            374   8.6e-21   73.8  13.6   2   3   1.2e-06   0.00015   20.4   8.4   123   292   167   334   160   340 0.54 -
h2tg000923l:311556-310093   -            488 59362at71240         -            374   8.6e-21   73.8  13.6   3   3   8.8e-12   1.1e-09   37.3   0.6    71   207   339   482   333   488 0.78 -
h2tg000045l:931966-930986   -            327 59362at71240         -            374   1.2e-20   73.4  24.9   1   2   6.9e-09   8.5e-07   27.8   2.5   224   306    10    91     4    96 0.53 -
h2tg000045l:931966-930986   -            327 59362at71240         -            374   1.2e-20   73.4  24.9   2   2   6.3e-16   7.9e-14   50.9  14.7    85   303    99   320    96   325 0.91 -
h2tg000454l:59212-60663     -            484 59362at71240         -            374   4.4e-20   71.5  10.0   1   2   7.4e-12   9.1e-10   37.5   0.7     6   203     1   212     1   242 0.75 -
h2tg000454l:59212-60663     -            484 59362at71240         -            374   4.4e-20   71.5  10.0   2   2   4.6e-12   5.7e-10   38.2   2.9    98   296   275   476   266   480 0.81 -
h2tg000037l:115872-116831   -            320 59362at71240         -            374   7.7e-20   70.7  13.1   1   1   2.3e-20   2.8e-18   65.6  12.4    12   293     7   300     1   301 0.79 -
h2tg000608l:125435-124473   -            321 59362at71240         -            374   2.2e-18   65.9  10.4   1   1     3e-20   3.8e-18   65.1  10.4     6   309     1   320     1   321 0.82 -
h2tg000454l:109898-111352   -            485 59362at71240         -            374   1.6e-17   63.0  12.0   1   3   5.2e-07   6.4e-05   21.6   0.3   167   306    70   214    59   222 0.82 -
h2tg000454l:109898-111352   -            485 59362at71240         -            374   1.6e-17   63.0  12.0   2   3   5.7e-12   7.1e-10   37.9   2.9   194   307   277   390   269   405 0.87 -
h2tg000454l:109898-111352   -            485 59362at71240         -            374   1.6e-17   63.0  12.0   3   3   0.00086      0.11   11.0   0.0   123   214   384   479   383   484 0.48 -
h2tg000224l:478-1431        -            318 59362at71240         -            374   3.4e-17   62.0  15.0   1   1   1.4e-18   1.7e-16   59.7  15.0     6   300     1   311     1   318 0.82 -
h2tg000454l:70265-71536     -            424 59362at71240         -            374   1.3e-16   60.1  17.6   1   3   5.5e-08   6.8e-06   24.8   0.4   174   306    22   159     5   166 0.78 -
h2tg000454l:70265-71536     -            424 59362at71240         -            374   1.3e-16   60.1  17.6   2   3   5.3e-10   6.5e-08   31.4   8.1   195   308   220   332   203   346 0.87 -
h2tg000454l:70265-71536     -            424 59362at71240         -            374   1.3e-16   60.1  17.6   3   3     5e-06   0.00062   18.4   0.2   169   267   323   421   323   424 0.80 -
h2tg000454l:201683-200301   -            461 59362at71240         -            374   2.2e-16   59.3  36.6   1   3     5e-08   6.2e-06   24.9   8.3    24   309     5   296     1   299 0.71 -
h2tg000454l:201683-200301   -            461 59362at71240         -            374   2.2e-16   59.3  36.6   2   3   2.1e-10   2.6e-08   32.7  13.1    98   304   140   368   136   368 0.76 -
h2tg000454l:201683-200301   -            461 59362at71240         -            374   2.2e-16   59.3  36.6   3   3   5.5e-09   6.9e-07   28.1   0.6    89   207   328   453   321   461 0.76 -
h2tg000923l:435671-434220   -            484 59362at71240         -            374   2.4e-16   59.2  15.8   1   2     6e-10   7.4e-08   31.3  14.0    92   296    76   308     4   312 0.74 -
h2tg000923l:435671-434220   -            484 59362at71240         -            374   2.4e-16   59.2  15.8   2   2   2.1e-08   2.6e-06   26.2   0.0    89   218   331   465   324   474 0.85 -
h2tg000916l:127640-126699   -            314 59362at71240         -            374     4e-16   58.5  25.9   1   3     4e-07     5e-05   21.9   6.4   224   300     5    84     2   103 0.78 -
h2tg000916l:127640-126699   -            314 59362at71240         -            374     4e-16   58.5  25.9   2   3   7.9e-07   9.8e-05   21.0   2.2   174   294   109   229    92   236 0.67 -
h2tg000916l:127640-126699   -            314 59362at71240         -            374     4e-16   58.5  25.9   3   3   4.6e-08   5.7e-06   25.0   3.1   128   198   240   313   235   314 0.87 -
h2tg000454l:2086-3321       -            412 59362at71240         -            374     6e-16   57.9  15.3   1   4   0.00017     0.021   13.3   0.1   221   298     2    81     1    84 0.90 -
h2tg000454l:2086-3321       -            412 59362at71240         -            374     6e-16   57.9  15.3   2   4   1.1e-05    0.0014   17.2   1.3   243   304    88   148    83   165 0.85 -
h2tg000454l:2086-3321       -            412 59362at71240         -            374     6e-16   57.9  15.3   3   4   1.3e-06   0.00017   20.2   1.2   151   261   217   326   175   326 0.82 -
h2tg000454l:2086-3321       -            412 59362at71240         -            374     6e-16   57.9  15.3   4   4   3.9e-10   4.8e-08   31.9   0.7    90   213   277   407   275   412 0.85 -
h2tg000923l:280323-279241   -            361 59362at71240         -            374   5.6e-15   54.7   9.5   1   3   1.3e-07   1.6e-05   23.6   2.2    90   195     1   118     1   132 0.84 -
h2tg000923l:280323-279241   -            361 59362at71240         -            374   5.6e-15   54.7   9.5   2   3   3.4e-09   4.3e-07   28.8   0.1   114   271   137   291   130   298 0.89 -
h2tg000923l:280323-279241   -            361 59362at71240         -            374   5.6e-15   54.7   9.5   3   3   9.3e-07   0.00011   20.8   0.4   113   205   259   355   258   361 0.81 -
h2tg000923l:440184-439207   -            326 59362at71240         -            374   2.4e-14   52.6   7.3   1   3      0.18        23    3.3   1.9   276   303     2    29     1    47 0.68 -
h2tg000923l:440184-439207   -            326 59362at71240         -            374   2.4e-14   52.6   7.3   2   3    0.0017      0.21   10.0   0.2    97   145    90   141    64   149 0.72 -
h2tg000923l:440184-439207   -            326 59362at71240         -            374   2.4e-14   52.6   7.3   3   3   8.9e-13   1.1e-10   40.6   0.0    89   217   163   296   159   311 0.87 -
h2tg000639l:709999-709550   -            150 59362at71240         -            374   3.3e-14   52.1   1.1   1   2   1.4e-09   1.7e-07   30.1   0.8   234   294     1    60     1    69 0.93 -
h2tg000639l:709999-709550   -            150 59362at71240         -            374   3.3e-14   52.1   1.1   2   2   9.6e-07   0.00012   20.7   0.0    96   152    83   141    76   149 0.79 -
h2tg000454l:76991-77881     -            297 59362at71240         -            374   3.7e-14   52.0  17.7   1   2   7.6e-07   9.4e-05   21.0   2.1   212   306     4    98     2   104 0.88 -
h2tg000454l:76991-77881     -            297 59362at71240         -            374   3.7e-14   52.0  17.7   2   2   2.4e-11   2.9e-09   35.9   7.9   199   324   162   292   153   297 0.83 -
h2tg000454l:100809-102197   -            463 59362at71240         -            374   3.8e-14   52.0  17.9   1   2   1.3e-06   0.00015   20.3   1.4   171   306    57   197    26   212 0.69 -
h2tg000454l:100809-102197   -            463 59362at71240         -            374   3.8e-14   52.0  17.9   2   2   2.5e-11   3.1e-09   35.8   9.2    93   292   256   459   249   463 0.84 -
h2tg000454l:52314-53204     -            297 59362at71240         -            374     4e-14   51.9  10.5   1   2   2.8e-07   3.4e-05   22.5   0.3   212   306     4    98     2   109 0.79 -
h2tg000454l:52314-53204     -            297 59362at71240         -            374     4e-14   51.9  10.5   2   2   2.8e-10   3.5e-08   32.3   4.5   200   324   163   292   157   297 0.79 -
h2tg000454l:47420-48625     -            402 59362at71240         -            374   1.5e-13   49.9  10.4   1   4     0.017         2    6.8   0.1   254   301    32    79     2    92 0.83 -
h2tg000454l:47420-48625     -            402 59362at71240         -            374   1.5e-13   49.9  10.4   2   4   7.2e-05    0.0089   14.5   1.0   122   203    52   140    30   155 0.42 -
h2tg000454l:47420-48625     -            402 59362at71240         -            374   1.5e-13   49.9  10.4   3   4   1.6e-10     2e-08   33.1   1.1   171   292   199   320   164   327 0.59 -
h2tg000454l:47420-48625     -            402 59362at71240         -            374   1.5e-13   49.9  10.4   4   4       0.2        25    3.2   0.0   160   189   370   399   336   402 0.57 -
h2tg000454l:12937-11900     -            346 59362at71240         -            374   2.8e-13   49.1  13.0   1   3   9.4e-07   0.00012   20.7   9.0    90   237     1   164     1   171 0.70 -
h2tg000454l:12937-11900     -            346 59362at71240         -            374   2.8e-13   49.1  13.0   2   3    0.0038      0.47    8.9   0.5    95   147   159   211   142   225 0.71 -
h2tg000454l:12937-11900     -            346 59362at71240         -            374   2.8e-13   49.1  13.0   3   3   4.1e-07     5e-05   21.9   0.0    90   198   232   345   225   346 0.90 -
h2tg000544l:311944-312678   -            245 59362at71240         -            374     2e-12   46.3  11.6   1   2     0.054       6.6    5.1   0.1   110   143     6    39     3    47 0.64 -
h2tg000544l:311944-312678   -            245 59362at71240         -            374     2e-12   46.3  11.6   2   2   1.2e-13   1.5e-11   43.5   7.4   111   278    58   231    42   241 0.84 -
h2tg000454l:46804-45602     -            401 59362at71240         -            374   8.4e-12   44.2   4.8   1   3    0.0018      0.22    9.9   0.0   227   304    74   156    51   166 0.79 -
h2tg000454l:46804-45602     -            401 59362at71240         -            374   8.4e-12   44.2   4.8   2   3     0.001      0.13   10.7   0.3   267   308   169   212   149   216 0.81 -
h2tg000454l:46804-45602     -            401 59362at71240         -            374   8.4e-12   44.2   4.8   3   3   1.3e-07   1.6e-05   23.6   0.7   160   294   266   399   234   401 0.63 -
h2tg000575l:238772-238113   -            220 59362at71240         -            374   1.6e-11   43.3   2.8   1   4    0.0023      0.29    9.6   0.0   125   157     2    35     1    53 0.69 -
h2tg000575l:238772-238113   -            220 59362at71240         -            374   1.6e-11   43.3   2.8   2   4    0.0054      0.67    8.4   0.0   100   139    34    75    27    85 0.57 -
h2tg000575l:238772-238113   -            220 59362at71240         -            374   1.6e-11   43.3   2.8   3   4   2.5e-07   3.1e-05   22.6   0.3   126   200    97   171    92   192 0.81 -
h2tg000575l:238772-238113   -            220 59362at71240         -            374   1.6e-11   43.3   2.8   4   4      0.26        33    2.8   0.0   125   166   170   211   168   216 0.89 -
h2tg001160l:119626-119207   -            140 59362at71240         -            374   5.4e-11   41.6   0.5   1   1   5.9e-13   7.3e-11   41.1   0.5    90   218     1   138     1   140 0.78 -
h2tg000350l:29606-33357     -            578 59362at71240         -            374   8.2e-11   41.0   5.2   1   2   2.9e-10   3.5e-08   32.3   0.4   159   324    87   243    57   247 0.84 -
h2tg000350l:29606-33357     -            578 59362at71240         -            374   8.2e-11   41.0   5.2   2   2    0.0022      0.27    9.6   0.5   111   222   300   412   278   442 0.81 -
h2tg000923l:429301-428120   -            394 59362at71240         -            374   8.7e-11   40.9   9.4   1   3      0.27        34    2.8   3.7    50   147    50   150     1   153 0.48 -
h2tg000923l:429301-428120   -            394 59362at71240         -            374   8.7e-11   40.9   9.4   2   3   1.9e-06   0.00024   19.7   4.2   211   306   115   215    85   247 0.66 -
h2tg000923l:429301-428120   -            394 59362at71240         -            374   8.7e-11   40.9   9.4   3   3   2.9e-07   3.5e-05   22.4   0.0   186   322   263   393   240   394 0.86 -
h2tg000377l:148596-147874   -            241 59362at71240         -            374   1.8e-10   39.9   3.0   1   4     0.018       2.3    6.6   0.0   125   144     2    21     1    30 0.89 -
h2tg000377l:148596-147874   -            241 59362at71240         -            374   1.8e-10   39.9   3.0   2   4    0.0054      0.66    8.4   0.0   124   159    35    70    29    82 0.63 -
h2tg000377l:148596-147874   -            241 59362at71240         -            374   1.8e-10   39.9   3.0   3   4   3.9e-07   4.9e-05   22.0   0.3   126   205    97   176    92   198 0.80 -
h2tg000377l:148596-147874   -            241 59362at71240         -            374   1.8e-10   39.9   3.0   4   4      0.71        88    1.4   0.0   125   165   170   210   168   215 0.85 -
h2tg001229l:57626-58297     -            224 59362at71240         -            374   1.8e-10   39.9   5.5   1   2     0.041         5    5.5   0.0   112   149     3    39     2    45 0.90 -
h2tg001229l:57626-58297     -            224 59362at71240         -            374   1.8e-10   39.9   5.5   2   2   2.2e-09   2.7e-07   29.4   3.4   124   299    47   224    38   224 0.66 -
h2tg000454l:114320-113433   -            296 59362at71240         -            374   3.7e-10   38.8  13.3   1   2   0.00027     0.033   12.6   9.4   214   309     6   107     2   163 0.67 -
h2tg000454l:114320-113433   -            296 59362at71240         -            374   3.7e-10   38.8  13.3   2   2   7.9e-07   9.8e-05   21.0   0.0    81   132   230   285   214   294 0.78 -
h2tg001390l:3852-3268       -            195 59362at71240         -            374   7.1e-10   37.9   1.2   1   2   1.6e-05     0.002   16.7   0.0     6    68     1    66     1    76 0.83 -
h2tg001390l:3852-3268       -            195 59362at71240         -            374   7.1e-10   37.9   1.2   2   2   1.3e-06   0.00015   20.3   0.2   171   245   107   175    93   184 0.85 -
h2tg000248l:74451-75077     -            209 59362at71240         -            374     1e-09   37.4   1.1   1   2   0.00043     0.053   12.0   0.2   125   192     2    79     1    87 0.67 -
h2tg000248l:74451-75077     -            209 59362at71240         -            374     1e-09   37.4   1.1   2   2     5e-07   6.1e-05   21.7   0.1   126   221    95   190    87   207 0.83 -
h2tg000234l:27736-26693     -            348 59362at71240         -            374   1.3e-09   37.1   7.8   1   3     0.032       3.9    5.8   0.1   309   354     6    56     2    70 0.77 -
h2tg000234l:27736-26693     -            348 59362at71240         -            374   1.3e-09   37.1   7.8   2   3   7.6e-07   9.4e-05   21.0   3.0   234   348   115   227   111   235 0.85 -
h2tg000234l:27736-26693     -            348 59362at71240         -            374   1.3e-09   37.1   7.8   3   3    0.0015      0.18   10.2   0.0   112   192   260   341   233   347 0.76 -
h2tg000330l:294266-293175   -            364 59362at71240         -            374   3.4e-09   35.6   5.5   1   1   2.9e-10   3.6e-08   32.3   5.4   126   305     8   189     1   215 0.55 -
h2tg001026l:319100-318105   -            332 59362at71240         -            374   1.1e-08   34.0   8.1   1   3   0.00049     0.061   11.8   5.3   116   239     1   136     1   170 0.62 -
h2tg001026l:319100-318105   -            332 59362at71240         -            374   1.1e-08   34.0   8.1   2   3    0.0029      0.36    9.2   0.0   113   223   156   270   132   287 0.61 -
h2tg001026l:319100-318105   -            332 59362at71240         -            374   1.1e-08   34.0   8.1   3   3   0.00013     0.016   13.7   0.1   309   352   285   328   247   332 0.82 -
h2tg000923l:317231-316017   -            405 59362at71240         -            374   1.2e-08   33.9  10.0   1   2   1.1e-06   0.00014   20.5   5.0    11   216     6   228     1   242 0.66 -
h2tg000923l:317231-316017   -            405 59362at71240         -            374   1.2e-08   33.9  10.0   2   2   2.1e-05    0.0026   16.3   0.2   172   261   307   397   263   405 0.50 -
h2tg000226l:92968-92324     -            215 59362at71240         -            374   1.8e-08   33.3   0.4   1   1     2e-10   2.4e-08   32.8   0.4   107   242    25   166     2   198 0.81 -
h2tg000060l:80500-79421     -            360 59362at71240         -            374     2e-08   33.1   3.8   1   3      0.02       2.5    6.5   0.1   123   144   146   167    81   171 0.68 -
h2tg000060l:80500-79421     -            360 59362at71240         -            374     2e-08   33.1   3.8   2   3     0.014       1.7    7.0   0.0   100   141   180   223   176   233 0.72 -
h2tg000060l:80500-79421     -            360 59362at71240         -            374     2e-08   33.1   3.8   3   3   2.5e-05    0.0031   16.1   0.2   126   194   243   312   237   350 0.75 -
h2tg000923l:305147-306055   -            303 59362at71240         -            374   2.4e-08   32.9  16.2   1   3      0.43        54    2.1   0.0    73    93    11    31     3    41 0.75 -
h2tg000923l:305147-306055   -            303 59362at71240         -            374   2.4e-08   32.9  16.2   2   3   1.2e-05    0.0015   17.1   9.5   146   309    53   213    48   221 0.82 -
h2tg000923l:305147-306055   -            303 59362at71240         -            374   2.4e-08   32.9  16.2   3   3   2.4e-05     0.003   16.1   4.6   144   262   180   296   165   303 0.76 -
h2tg001091l:9551-10096      -            182 59362at71240         -            374   4.9e-08   31.8   0.1   1   3       1.5   1.8e+02    0.3   0.0   125   144     2    21     1    27 0.86 -
h2tg001091l:9551-10096      -            182 59362at71240         -            374   4.9e-08   31.8   0.1   2   3    0.0088       1.1    7.7   0.0    98   144    32    80    27    92 0.73 -
h2tg001091l:9551-10096      -            182 59362at71240         -            374   4.9e-08   31.8   0.1   3   3   1.3e-06   0.00017   20.2   0.0    81   153    99   173    91   181 0.80 -
h2tg000454l:91054-91650     -            199 59362at71240         -            374     5e-08   31.8   9.8   1   1   1.4e-08   1.7e-06   26.8   1.5    89   148   137   199   130   199 0.87 -
h2tg000546l:501133-500045   -            363 59362at71240         -            374   6.9e-08   31.4   7.1   1   3   5.1e-07   6.4e-05   21.6   2.2     6   215     1   231     1   235 0.76 -
h2tg000546l:501133-500045   -            363 59362at71240         -            374   6.9e-08   31.4   7.1   2   3   1.5e-06   0.00018   20.1   0.2   161   300    88   238    80   291 0.73 -
h2tg000546l:501133-500045   -            363 59362at71240         -            374   6.9e-08   31.4   7.1   3   3     0.032         4    5.8   0.3   113   186   278   360   269   363 0.59 -
h2tg000058l:1188725-1173811 -            708 59362at71240         -            374   1.1e-07   30.7   2.0   1   1     4e-09     5e-07   28.5   2.1    77   198   479   611   422   616 0.78 -
h2tg000215l:603955-604629   -            225 59362at71240         -            374   1.5e-07   30.2   7.3   1   1   6.2e-09   7.7e-07   27.9   7.3    70   281     3   220     1   225 0.64 -
h2tg000639l:132213-133085   -            291 59362at71240         -            374     2e-07   29.8   0.1   1   1   2.5e-09   3.1e-07   29.2   0.1    92   353     3   279     1   291 0.77 -
h2tg000577l:1112269-1111691 -            193 59362at71240         -            374   3.2e-07   29.1   0.0   1   2     3e-05    0.0038   15.8   0.0   125   214     2   102     1   106 0.74 -
h2tg000577l:1112269-1111691 -            193 59362at71240         -            374   3.2e-07   29.1   0.0   2   2     9e-05     0.011   14.2   0.0   100   160    85   147    78   182 0.74 -
h2tg000234l:34509-33553     -            319 59362at71240         -            374   4.6e-07   28.7   7.7   1   3    0.0037      0.46    8.9   1.0   286   346    13    72     5    87 0.79 -
h2tg000234l:34509-33553     -            319 59362at71240         -            374   4.6e-07   28.7   7.7   2   3   6.6e-05    0.0081   14.7   0.3    93   178   121   208   110   274 0.69 -
h2tg000234l:34509-33553     -            319 59362at71240         -            374   4.6e-07   28.7   7.7   3   3     0.012       1.5    7.2   0.0   309   352   270   313   231   318 0.82 -
h2tg001026l:362018-361413   -            202 59362at71240         -            374   4.6e-07   28.6   2.7   1   2   4.5e-06   0.00056   18.5   1.1   138   249     2   109     1   117 0.80 -
h2tg001026l:362018-361413   -            202 59362at71240         -            374   4.6e-07   28.6   2.7   2   2    0.0019      0.24    9.8   0.0   112   175   121   185   114   196 0.84 -
h2tg000113l:507093-507962   -            290 59362at71240         -            374   6.4e-07   28.2   1.3   1   2    0.0022      0.28    9.6   1.1   157   214    31    86     5   119 0.74 -
h2tg000113l:507093-507962   -            290 59362at71240         -            374   6.4e-07   28.2   1.3   2   2   2.5e-05    0.0031   16.0   0.0   112   230   138   260   131   285 0.70 -
h2tg000080l:928767-928171   -            199 59362at71240         -            374   7.4e-07   28.0   2.0   1   3      0.35        43    2.4   0.0   128   144     1    17     1    26 0.89 -
h2tg000080l:928767-928171   -            199 59362at71240         -            374   7.4e-07   28.0   2.0   2   3   0.00034     0.042   12.3   0.6   125   190    31   108    27   111 0.66 -
h2tg000080l:928767-928171   -            199 59362at71240         -            374   7.4e-07   28.0   2.0   3   3   0.00029     0.036   12.5   0.0    84   149    97   164    91   198 0.61 -
h2tg000546l:587695-588945   -            417 59362at71240         -            374   8.2e-07   27.8   2.0   1   2   5.1e-08   6.3e-06   24.9   0.6     6   300     4   323     2   335 0.67 -
h2tg000546l:587695-588945   -            417 59362at71240         -            374   8.2e-07   27.8   2.0   2   2      0.18        22    3.4   0.5   254   300   277   323   264   379 0.64 -
h2tg000669l:18577-19644     -            356 59362at71240         -            374   1.3e-06   27.2  16.9   1   2    0.0024       0.3    9.5   0.9   285   353    13    91     2   104 0.66 -
h2tg000669l:18577-19644     -            356 59362at71240         -            374   1.3e-06   27.2  16.9   2   2   8.3e-06     0.001   17.6   9.5   112   249   154   299   127   355 0.58 -
h2tg000634l:41182-41874     -            231 59362at71240         -            374   1.9e-06   26.6   0.1   1   3      0.07       8.6    4.7   0.0   310   346     7    48     3    55 0.76 -
h2tg000634l:41182-41874     -            231 59362at71240         -            374   1.9e-06   26.6   0.1   2   3    0.0034      0.42    9.0   0.0   290   355    58   127    54   147 0.79 -
h2tg000634l:41182-41874     -            231 59362at71240         -            374   1.9e-06   26.6   0.1   3   3     0.003      0.37    9.2   0.0   309   351   182   224   153   229 0.86 -
h2tg000067l:1338714-1341563 -            310 59362at71240         -            374     2e-06   26.5   0.1   1   1   2.4e-08     3e-06   26.0   0.1   157   226    63   132    30   150 0.60 -
h2tg000735l:51926-52720     -            265 59362at71240         -            374   2.1e-06   26.5   1.5   1   1     3e-08   3.7e-06   25.7   1.4   104   251   106   246    49   265 0.79 -
h2tg000256l:89161-88031     -            377 59362at71240         -            374   2.2e-06   26.4   5.1   1   2     2e-06   0.00025   19.7   0.7   138   230   152   236   148   244 0.83 -
h2tg000256l:89161-88031     -            377 59362at71240         -            374   2.2e-06   26.4   5.1   2   2    0.0044      0.54    8.7   1.1   122   204   249   331   213   369 0.65 -
h2tg000454l:196584-197321   -            246 59362at71240         -            374   2.5e-06   26.2   1.5   1   2      0.12        15    3.9   0.1    92   293    13    39     1   101 0.67 -
h2tg000454l:196584-197321   -            246 59362at71240         -            374   2.5e-06   26.2   1.5   2   2   5.9e-07   7.4e-05   21.4   0.1   106   209   129   235   108   245 0.88 -
h2tg000150l:1443563-1442367 -            399 59362at71240         -            374   2.7e-06   26.1  11.4   1   3    0.0001     0.013   14.0   4.5   113   269     4   170     2   181 0.61 -
h2tg000150l:1443563-1442367 -            399 59362at71240         -            374   2.7e-06   26.1  11.4   2   3       1.9   2.4e+02   -0.0   0.0   107   125   213   231   180   266 0.74 -
h2tg000150l:1443563-1442367 -            399 59362at71240         -            374   2.7e-06   26.1  11.4   3   3    0.0008     0.099   11.1   0.1    88   173   279   369   274   392 0.71 -
h2tg000546l:497075-497719   -            215 59362at71240         -            374   4.3e-06   25.5   0.3   1   2   6.4e-05    0.0079   14.7   0.0   224   307     9    90     3   111 0.66 -
h2tg000546l:497075-497719   -            215 59362at71240         -            374   4.3e-06   25.5   0.3   2   2    0.0034      0.42    9.0   0.2   112   184   132   211   104   215 0.49 -
h2tg000836l:122375-123022   -            216 59362at71240         -            374   1.2e-05   24.0   9.2   1   2    0.0037      0.46    8.9   0.7   209   299    21   115     8   118 0.71 -
h2tg000836l:122375-123022   -            216 59362at71240         -            374   1.2e-05   24.0   9.2   2   2   6.8e-06   0.00084   17.9   3.7   213   304   107   191   103   200 0.77 -
h2tg000546l:473966-475048   -            361 59362at71240         -            374   1.4e-05   23.8   7.2   1   1   6.5e-07   8.1e-05   21.3   7.3     8   337     3   350     1   359 0.71 -
h2tg000395l:120537-119878   -            220 59362at71240         -            374   1.5e-05   23.7   0.3   1   2   0.00024     0.029   12.8   0.1   266   348     2    84     1    92 0.80 -
h2tg000395l:120537-119878   -            220 59362at71240         -            374   1.5e-05   23.7   0.3   2   2     0.003      0.37    9.2   0.0    67   125   101   159    90   211 0.88 -
h2tg000603l:72760-73503     -            248 59362at71240         -            374   1.9e-05   23.3   4.5   1   2   0.00023     0.029   12.9   2.7    90   183    30   124     2   145 0.51 -
h2tg000603l:72760-73503     -            248 59362at71240         -            374   1.9e-05   23.3   4.5   2   2     0.015       1.9    6.9   0.0   157   349   199   243   170   247 0.57 -
h2tg000229l:653525-654496   -            324 59362at71240         -            374   2.1e-05   23.2   6.6   1   3     0.023       2.9    6.3   0.6   186   344    93   128     4   146 0.59 -
h2tg000229l:653525-654496   -            324 59362at71240         -            374   2.1e-05   23.2   6.6   2   3   0.00032      0.04   12.4   0.7   158   246   152   240   142   244 0.78 -
h2tg000229l:653525-654496   -            324 59362at71240         -            374   2.1e-05   23.2   6.6   3   3     0.018       2.2    6.7   0.0    90   173   232   317   228   322 0.69 -
h2tg000669l:3775-4536       -            254 59362at71240         -            374   2.7e-05   22.8   9.9   1   2   5.5e-07   6.7e-05   21.5   8.0   118   301     3   189     1   195 0.72 -
h2tg000669l:3775-4536       -            254 59362at71240         -            374   2.7e-05   22.8   9.9   2   2     0.033       4.1    5.8   0.1   213   302   155   247   153   253 0.49 -
h2tg000660l:144166-143096   -            357 59362at71240         -            374   5.7e-05   21.8   0.1   1   1   7.5e-07   9.3e-05   21.1   0.1   245   327   122   205   102   228 0.81 -
h2tg000251l:461428-460505   -            308 59362at71240         -            374   6.8e-05   21.5   9.2   1   1   9.1e-06    0.0011   17.5   9.2    86   351    31   308     1   308 0.75 -
h2tg000704l:123458-124453   -            332 59362at71240         -            374   0.00015   20.4   3.4   1   3   0.00025     0.031   12.7   0.3   188   343     3   152     1   166 0.66 -
h2tg000704l:123458-124453   -            332 59362at71240         -            374   0.00015   20.4   3.4   2   3     0.006      0.74    8.2   1.5   238   345    88   202    43   249 0.45 -
h2tg000704l:123458-124453   -            332 59362at71240         -            374   0.00015   20.4   3.4   3   3     0.028       3.5    6.0   0.1   112   207   166   266   136   300 0.48 -
h2tg001141l:26089-25418     -            224 59362at71240         -            374   0.00016   20.3   4.3   1   2    0.0028      0.34    9.3   3.2   133   221     6    98     2   126 0.63 -
h2tg001141l:26089-25418     -            224 59362at71240         -            374   0.00016   20.3   4.3   2   2   0.00083       0.1   11.0   0.1    92   175   116   201    99   216 0.67 -
h2tg000347l:171774-172400   -            209 59362at71240         -            374   0.00018   20.1   2.7   1   2   1.5e-05    0.0018   16.8   0.5   151   251     5   107     1   160 0.72 -
h2tg000347l:171774-172400   -            209 59362at71240         -            374   0.00018   20.1   2.7   2   2     0.084        10    4.4   0.3   187   248   142   208   104   209 0.59 -
h2tg000500l:502168-503166   -            333 59362at71240         -            374   0.00032   19.3   1.7   1   3      0.63        78    1.6   0.4   256   318    72   137    63   145 0.76 -
h2tg000500l:502168-503166   -            333 59362at71240         -            374   0.00032   19.3   1.7   2   3   0.00066     0.082   11.4   0.0   259   313   145   199   134   219 0.85 -
h2tg000500l:502168-503166   -            333 59362at71240         -            374   0.00032   19.3   1.7   3   3      0.12        15    3.9   0.1   258   297   220   259   211   282 0.82 -
h2tg001065l:111634-110765   -            290 59362at71240         -            374   0.00035   19.2   3.4   1   2   6.5e-06    0.0008   18.0   3.3   111   255    55   201    25   240 0.75 -
h2tg001065l:111634-110765   -            290 59362at71240         -            374   0.00035   19.2   3.4   2   2       4.5   5.5e+02   -1.2   0.0    89   119   209   241   205   283 0.68 -
h2tg000500l:379960-379055   -            302 59362at71240         -            374   0.00046   18.8   3.1   1   1     6e-06   0.00074   18.1   3.1   192   301    86   196    58   217 0.80 -
h2tg000226l:58884-59549     -            222 59362at71240         -            374   0.00052   18.6   4.9   1   3     0.097        12    4.2   0.5   188   223     6    44     2    55 0.65 -
h2tg000226l:58884-59549     -            222 59362at71240         -            374   0.00052   18.6   4.9   2   3   0.00019     0.023   13.2   0.6    90   221    66   200    46   203 0.64 -
h2tg000226l:58884-59549     -            222 59362at71240         -            374   0.00052   18.6   4.9   3   3     0.082        10    4.5   0.1   113   345   168   203   160   221 0.56 -
h2tg000353l:18300-19361     -            354 59362at71240         -            374   0.00078   18.0   0.1   1   4       7.8   9.6e+02   -2.0   0.0   213   324     3    16     1    43 0.54 -
h2tg000353l:18300-19361     -            354 59362at71240         -            374   0.00078   18.0   0.1   2   4     0.054       6.6    5.1   0.0   112   202    91   182    72   204 0.68 -
h2tg000353l:18300-19361     -            354 59362at71240         -            374   0.00078   18.0   0.1   3   4    0.0058      0.71    8.3   0.0   291   355   215   283   210   299 0.50 -
h2tg000353l:18300-19361     -            354 59362at71240         -            374   0.00078   18.0   0.1   4   4       2.7   3.3e+02   -0.5   0.0   331   345   334   348   312   353 0.80 -
h2tg000245l:888767-890017   -            417 59362at71240         -            374    0.0013   17.3   1.9   1   4      0.16        20    3.5   0.1   264   344    94   172    89   184 0.70 -
h2tg000245l:888767-890017   -            417 59362at71240         -            374    0.0013   17.3   1.9   2   4      0.62        77    1.6   0.0   219   248   197   226   181   248 0.71 -
h2tg000245l:888767-890017   -            417 59362at71240         -            374    0.0013   17.3   1.9   3   4         1   1.3e+02    0.8   0.1   310   345   258   295   230   304 0.69 -
h2tg000245l:888767-890017   -            417 59362at71240         -            374    0.0013   17.3   1.9   4   4     0.015       1.9    6.9   0.0    89   131   358   402   352   415 0.78 -
h2tg000500l:466273-467265   -            331 59362at71240         -            374    0.0015   17.1   1.0   1   4       3.7   4.5e+02   -1.0   0.3   257   317    71   134    62   138 0.66 -
h2tg000500l:466273-467265   -            331 59362at71240         -            374    0.0015   17.1   1.0   2   4    0.0013      0.16   10.4   0.0   263   313   147   197   132   216 0.86 -
h2tg000500l:466273-467265   -            331 59362at71240         -            374    0.0015   17.1   1.0   3   4      0.21        26    3.1   0.1   259   302   219   264   213   280 0.78 -
h2tg000500l:466273-467265   -            331 59362at71240         -            374    0.0015   17.1   1.0   4   4       8.4     1e+03   -2.1   0.0    61    78   305   322   293   327 0.77 -
h2tg000112l:260459-261547   -            363 59362at71240         -            374    0.0015   17.1   5.5   1   2     0.018       2.2    6.7   0.7   262   346    77   113     9   228 0.56 -
h2tg000112l:260459-261547   -            363 59362at71240         -            374    0.0015   17.1   5.5   2   2     0.003      0.37    9.2   0.2    88   170   276   359   264   363 0.85 -
h2tg001124l:96997-97833     -            279 59362at71240         -            374    0.0021   16.6   0.2   1   1   2.4e-05     0.003   16.1   0.2   263   348   162   246   148   271 0.77 -
h2tg000250l:124300-121841   -            820 59362at71240         -            374    0.0022   16.5   0.5   1   2   7.7e-05    0.0095   14.4   0.3   256   342   537   626   517   635 0.74 -
h2tg000250l:124300-121841   -            820 59362at71240         -            374    0.0022   16.5   0.5   2   2      0.44        54    2.1   0.0   173   224   601   654   598   684 0.74 -
h2tg000385l:476789-475731   -            353 59362at71240         -            374    0.0035   15.9   0.5   1   2   0.00026     0.032   12.7   0.0   263   330    53   120    15   137 0.79 -
h2tg000385l:476789-475731   -            353 59362at71240         -            374    0.0035   15.9   0.5   2   2       1.1   1.4e+02    0.8   0.5   157   250   232   329   215   352 0.48 -
h2tg000263l:21029-23662     -            878 59362at71240         -            374    0.0037   15.8   0.7   1   1   7.7e-05    0.0096   14.4   0.4   259   340   573   656   544   664 0.80 -
h2tg000764l:48045-48749     -            235 59362at71240         -            374    0.0062   15.0   8.1   1   1   0.00011     0.013   14.0   6.9   153   352    24   216     2   227 0.65 -
h2tg000353l:22996-21218     -            593 59362at71240         -            374     0.013   14.0   2.9   1   4       0.8        99    1.2   0.2   205   280    96   176    31   202 0.66 -
h2tg000353l:22996-21218     -            593 59362at71240         -            374     0.013   14.0   2.9   2   4       1.4   1.8e+02    0.4   0.0   311   346   304   346   296   373 0.56 -
h2tg000353l:22996-21218     -            593 59362at71240         -            374     0.013   14.0   2.9   3   4    0.0058      0.72    8.3   0.1   112   175   435   497   402   512 0.83 -
h2tg000353l:22996-21218     -            593 59362at71240         -            374     0.013   14.0   2.9   4   4    0.0069      0.85    8.0   0.2   113   175   436   497   435   593 0.68 -
h2tg000288l:130799-130008   -            264 59362at71240         -            374     0.014   13.9   0.1   1   1   0.00017      0.02   13.3   0.1   135   214   134   208   124   248 0.78 -
h2tg001439l:18057-17209     -            283 59362at71240         -            374     0.022   13.2   3.2   1   2      0.18        22    3.3   0.5   133   203     5    79     1   154 0.56 -
h2tg001439l:18057-17209     -            283 59362at71240         -            374     0.022   13.2   3.2   2   2    0.0032       0.4    9.1   0.1   259   304   189   234   180   269 0.80 -
h2tg001035l:207902-208783   -            294 59362at71240         -            374     0.029   12.9   2.4   1   3     0.012       1.5    7.2   0.1   112   159     3    50     1    74 0.83 -
h2tg001035l:207902-208783   -            294 59362at71240         -            374     0.029   12.9   2.4   2   3      0.32        40    2.5   0.1   309   322   128   141    57   179 0.63 -
h2tg001035l:207902-208783   -            294 59362at71240         -            374     0.029   12.9   2.4   3   3       0.9   1.1e+02    1.0   0.0   184   321   194   207   160   215 0.70 -
h2tg000220l:153947-154837   -            297 59362at71240         -            374     0.046   12.2   0.6   1   2         6   7.5e+02   -1.7   0.0     6    34     6    36     4    39 0.75 -
h2tg000220l:153947-154837   -            297 59362at71240         -            374     0.046   12.2   0.6   2   2   0.00081       0.1   11.1   0.2   259   305   150   195    88   225 0.86 -
h2tg000577l:344541-345341   -            267 59362at71240         -            374     0.083   11.4   0.0   1   1   0.00091      0.11   10.9   0.0   275   358   155   243   137   259 0.65 -
h2tg000929l:156973-156419   -            185 59362at71240         -            374     0.092   11.2   0.3   1   2     0.027       3.3    6.1   0.1     7    49     2    46     1    51 0.76 -
h2tg000929l:156973-156419   -            185 59362at71240         -            374     0.092   11.2   0.3   2   2      0.18        22    3.3   0.0   204   251    64   110    55   125 0.88 -
h2tg000764l:275075-275722   -            216 59362at71240         -            374      0.14   10.6   4.1   1   2       1.1   1.4e+02    0.7   0.6   238   277    10    49     1    78 0.56 -
h2tg000764l:275075-275722   -            216 59362at71240         -            374      0.14   10.6   4.1   2   2    0.0012      0.15   10.5   0.1   257   302    95   140    93   194 0.89 -
h2tg000703l:46169-45042     -            376 59362at71240         -            374      0.16   10.4   0.1   1   1    0.0023      0.29    9.6   0.1    11    68     5    66     2    74 0.79 -
#
# Program:         hmmsearch
# Version:         3.3.2 (Nov 2020)
# Pipeline mode:   SEARCH
# Query file:      /scratch/srb67793/Pelargonium/busco_downloads/lineages/eudicots_odb10/hmms/59362at71240.hmm
# Target file:     /scratch/srb67793/Pelargonium/P_citronellum_omnic-hap1-busco/run_eudicots_odb10/metaeuk_output/initial_results/P_citronellum_OmniC.hic.bp.hap1.p_ctg.fa.modified.fas
# Option settings: hmmsearch --domtblout /scratch/srb67793/Pelargonium/P_citronellum_omnic-hap1-busco/run_eudicots_odb10/hmmer_output/initial_run_results/59362at71240.out --cpu 1 /scratch/srb67793/Pelargonium/busco_downloads/lineages/eudicots_odb10/hmms/59362at71240.hmm /scratch/srb67793/Pelargonium/P_citronellum_omnic-hap1-busco/run_eudicots_odb10/metaeuk_output/initial_results/P_citronellum_OmniC.hic.bp.hap1.p_ctg.fa.modified.fas 
# Current dir:     /scratch/srb67793/Pelargonium
# Date:            Tue Jul 16 10:02:25 2024
# [ok]
