#                                                                                   --- full sequence --- -------------- this domain -------------   hmm coord   ali coord   env coord
# target name               accession   tlen query name           accession   qlen   E-value  score  bias   #  of  c-Evalue  i-Evalue  score  bias  from    to  from    to  from    to  acc description of target
#       ------------------- ---------- ----- -------------------- ---------- ----- --------- ------ ----- --- --- --------- --------- ------ ----- ----- ----- ----- ----- ----- ----- ---- ---------------------
h2tg000374l:1101368-1110314 -            408 65615at71240         -            352  6.9e-175  580.8   0.1   1   1    4e-177  9.8e-175  580.3   0.1     2   352     9   406     8   406 0.92 -
h2tg000095l:393137-384108   -            443 65615at71240         -            352  5.3e-173  574.6   0.0   1   1  3.1e-175  7.6e-173  574.1   0.0     2   352    46   442    45   442 0.92 -
h2tg000012l:889261-895717   -            404 65615at71240         -            352  1.4e-161  537.0   0.2   1   1  8.1e-164    2e-161  536.5   0.2     2   352     2   402     1   402 0.91 -
h2tg000734l:376401-374695   -            569 65615at71240         -            352   4.4e-39  134.1   0.0   1   3   1.7e-14   4.3e-12   45.3   0.0     4    62   131   189   128   195 0.93 -
h2tg000734l:376401-374695   -            569 65615at71240         -            352   4.4e-39  134.1   0.0   2   3   4.2e-12     1e-09   37.5   0.0    59   141   206   297   205   312 0.82 -
h2tg000734l:376401-374695   -            569 65615at71240         -            352   4.4e-39  134.1   0.0   3   3   4.8e-15   1.2e-12   47.2   0.0   260   345   466   548   454   554 0.92 -
h2tg000193l:428738-422386   -            814 65615at71240         -            352   9.7e-33  113.2   0.0   1   1   5.7e-35   1.4e-32  112.7   0.0     6   318   256   588   251   607 0.80 -
h2tg000351l:215507-217285   -            593 65615at71240         -            352   1.4e-32  112.7   0.0   1   1   8.5e-35   2.1e-32  112.1   0.0     9   327   200   540   192   555 0.76 -
h2tg000351l:234522-232756   -            589 65615at71240         -            352   2.8e-32  111.7   0.0   1   1   1.7e-34   4.2e-32  111.1   0.0     9   328   196   537   188   552 0.75 -
h2tg000306l:353960-351551   -            405 65615at71240         -            352   3.1e-32  111.6   0.0   1   1   7.7e-34   1.9e-31  109.0   0.0     7   317     9   339     4   358 0.77 -
h2tg000501l:279377-285954   -            542 65615at71240         -            352   4.3e-32  111.1   0.0   1   2   1.9e-13   4.8e-11   41.9   0.0     2    65   101   164   100   177 0.90 -
h2tg000501l:279377-285954   -            542 65615at71240         -            352   4.3e-32  111.1   0.0   2   2   4.2e-21     1e-18   67.1   0.0    65   318   210   476   206   493 0.77 -
h2tg000005l:470521-468221   -            453 65615at71240         -            352   1.7e-31  109.1   0.0   1   1     5e-33   1.2e-30  106.3   0.0     2   317    49   389    48   409 0.78 -
h2tg000895l:63254-60365     -            408 65615at71240         -            352   6.8e-31  107.2   0.0   1   1   4.1e-33     1e-30  106.6   0.0     4   317    14   348    11   355 0.76 -
h2tg000650l:2962-506        -            415 65615at71240         -            352   9.4e-30  103.4   0.1   1   1   9.1e-32   2.3e-29  102.2   0.1     3   317    68   403    66   411 0.79 -
h2tg000724l:89909-85509     -            433 65615at71240         -            352   1.6e-28   99.4   0.0   1   2   3.6e-17   8.8e-15   54.2   0.0    12   172    12   199     3   207 0.78 -
h2tg000724l:89909-85509     -            433 65615at71240         -            352   1.6e-28   99.4   0.0   2   2   1.1e-13   2.8e-11   42.6   0.0   242   318   245   321   230   335 0.88 -
h2tg001150l:84688-91224     -            704 65615at71240         -            352     3e-28   98.5   1.0   1   1   2.2e-30   5.5e-28   97.6   1.0     4   339   122   476   119   482 0.72 -
h2tg000024l:351781-355614   -            356 65615at71240         -            352   4.5e-28   97.9   0.0   1   2     1e-11   2.6e-09   36.2   0.0     4   175    23   197    20   209 0.75 -
h2tg000024l:351781-355614   -            356 65615at71240         -            352   4.5e-28   97.9   0.0   2   2   1.2e-17     3e-15   55.7   0.0   261   318   233   290   227   316 0.91 -
h2tg000494l:673533-674849   -            439 65615at71240         -            352   7.3e-28   97.2   0.0   1   1   4.1e-29     1e-26   93.5   0.0     6   317    36   379    31   399 0.75 -
h2tg000662l:15542-18591     -            353 65615at71240         -            352   9.5e-28   96.8   0.0   1   2   6.9e-11   1.7e-08   33.5   0.0     4   171    17   186    14   207 0.64 -
h2tg000662l:15542-18591     -            353 65615at71240         -            352   9.5e-28   96.8   0.0   2   2   8.2e-18     2e-15   56.3   0.0   261   318   235   292   228   312 0.92 -
h2tg000570l:150264-153252   -            389 65615at71240         -            352   1.1e-27   96.6   0.0   1   2   2.1e-11   5.3e-09   35.2   0.0     7    92    69   154    63   248 0.58 -
h2tg000570l:150264-153252   -            389 65615at71240         -            352   1.1e-27   96.6   0.0   2   2     4e-17     1e-14   54.0   0.0   261   318   273   330   267   345 0.90 -
h2tg000667l:508262-507037   -            355 65615at71240         -            352   1.7e-27   96.0   0.4   1   1     1e-28   2.6e-26   92.1   0.4    19   343     1   342     1   348 0.70 -
h2tg000510l:14469-16424     -            366 65615at71240         -            352   2.6e-27   95.4   0.6   1   2   4.2e-14     1e-11   44.1   0.1    18   156    18   172    14   207 0.76 -
h2tg000510l:14469-16424     -            366 65615at71240         -            352   2.6e-27   95.4   0.6   2   2   6.4e-16   1.6e-13   50.0   0.1   250   338   266   351   243   365 0.81 -
h2tg001102l:45081-43493     -            361 65615at71240         -            352   2.9e-27   95.2   0.6   1   2   8.1e-14     2e-11   43.1   0.0    19   154     8   159     5   209 0.78 -
h2tg001102l:45081-43493     -            361 65615at71240         -            352   2.9e-27   95.2   0.6   2   2   3.8e-16   9.4e-14   50.8   0.1   250   343   255   348   217   354 0.84 -
h2tg000730l:9546-10933      -            354 65615at71240         -            352   3.5e-27   94.9   0.2   1   2   8.6e-14   2.1e-11   43.0   0.0    19   154     1   152     1   184 0.76 -
h2tg000730l:9546-10933      -            354 65615at71240         -            352   3.5e-27   94.9   0.2   2   2   5.8e-16   1.4e-13   50.2   0.0   250   343   248   341   235   347 0.83 -
h2tg000213l:189156-194531   -            584 65615at71240         -            352   5.6e-27   94.3   0.0   1   2   1.3e-14   3.3e-12   45.7   0.0    15   154    38   199    24   241 0.69 -
h2tg000213l:189156-194531   -            584 65615at71240         -            352   5.6e-27   94.3   0.0   2   2   8.7e-15   2.1e-12   46.3   0.0   237   317   350   430   343   443 0.91 -
h2tg000864l:265560-263785   -            355 65615at71240         -            352   7.5e-27   93.9   0.5   1   2   6.9e-14   1.7e-11   43.4   0.1    19   142     1   138     1   178 0.80 -
h2tg000864l:265560-263785   -            355 65615at71240         -            352   7.5e-27   93.9   0.5   2   2   1.2e-15   2.9e-13   49.2   0.1   250   335   248   331   229   347 0.80 -
h2tg000667l:511512-518128   -            354 65615at71240         -            352   7.5e-27   93.9   0.3   1   2   1.4e-13   3.5e-11   42.4   0.0    19   142     1   138     1   178 0.81 -
h2tg000667l:511512-518128   -            354 65615at71240         -            352   7.5e-27   93.9   0.3   2   2   6.7e-16   1.6e-13   50.0   0.1   250   337   248   333   229   347 0.82 -
h2tg000864l:268508-269728   -            348 65615at71240         -            352     8e-27   93.8   0.4   1   2   1.3e-13   3.2e-11   42.5   0.0    19   143     1   139     1   185 0.81 -
h2tg000864l:268508-269728   -            348 65615at71240         -            352     8e-27   93.8   0.4   2   2   6.8e-16   1.7e-13   50.0   0.1   250   338   248   333   223   347 0.82 -
h2tg000393l:266681-269378   -            392 65615at71240         -            352   9.8e-27   93.5   0.0   1   1   1.2e-28     3e-26   91.9   0.0    10   317     1   329     1   338 0.71 -
h2tg000147l:3601215-3606527 -            684 65615at71240         -            352   1.4e-26   93.0   0.0   1   2   5.3e-16   1.3e-13   50.3   0.0     2   171   280   473   279   482 0.75 -
h2tg000147l:3601215-3606527 -            684 65615at71240         -            352   1.4e-26   93.0   0.0   2   2     8e-13     2e-10   39.9   0.0   206   318   526   642   519   656 0.85 -
h2tg000552l:14764-12800     -            401 65615at71240         -            352   1.9e-26   92.5   0.0   1   1   1.7e-28   4.1e-26   91.4   0.0    17   317     3   324     1   331 0.70 -
h2tg000506l:5491-9883       -            294 65615at71240         -            352   6.1e-25   87.6   0.0   1   3   6.9e-15   1.7e-12   46.7   0.0     3    86     2    92     1   113 0.78 -
h2tg000506l:5491-9883       -            294 65615at71240         -            352   6.1e-25   87.6   0.0   2   3       1.3   3.3e+02   -0.3   0.0   128   171    97   140    86   146 0.70 -
h2tg000506l:5491-9883       -            294 65615at71240         -            352   6.1e-25   87.6   0.0   3   3   2.4e-12     6e-10   38.3   0.0   253   320   201   270   179   284 0.84 -
h2tg001376l:8366-7080       -            429 65615at71240         -            352     1e-24   86.9   0.0   1   2   7.5e-19   1.9e-16   59.7   0.0     7   170    58   241    53   271 0.82 -
h2tg001376l:8366-7080       -            429 65615at71240         -            352     1e-24   86.9   0.0   2   2   4.9e-08   1.2e-05   24.1   0.0   271   317   346   392   317   407 0.86 -
h2tg001449l:44226-42964     -            421 65615at71240         -            352   2.4e-24   85.6   0.1   1   2   5.7e-10   1.4e-07   30.5   0.0    10   141    37   190    31   200 0.75 -
h2tg001449l:44226-42964     -            421 65615at71240         -            352   2.4e-24   85.6   0.1   2   2   1.9e-16   4.8e-14   51.8   0.1   243   318   310   385   257   408 0.80 -
h2tg000786l:117980-120161   -            254 65615at71240         -            352   3.7e-24   85.0   0.0   1   2   2.2e-12   5.3e-10   38.4   0.0    36   175     2   146     1   170 0.80 -
h2tg000786l:117980-120161   -            254 65615at71240         -            352   3.7e-24   85.0   0.0   2   2   2.4e-14   5.9e-12   44.9   0.0   252   317   178   243   159   252 0.89 -
h2tg001228l:77360-80098     -            426 65615at71240         -            352     4e-24   84.9   0.9   1   1     3e-26   7.5e-24   84.0   0.9    37   318     1   313     1   331 0.76 -
h2tg000813l:49531-53465     -            569 65615at71240         -            352   9.7e-22   77.1   0.2   1   2   2.8e-09   6.8e-07   28.2   0.0     4    57    84   137    81   283 0.84 -
h2tg000813l:49531-53465     -            569 65615at71240         -            352   9.7e-22   77.1   0.2   2   2   1.3e-14   3.3e-12   45.7   0.0   257   318   463   523   447   543 0.88 -
h2tg000603l:388928-383497   -            737 65615at71240         -            352   4.8e-20   71.5   0.0   1   1   3.7e-22   9.1e-20   70.6   0.0    16   317    77   401    63   413 0.77 -
h2tg000204l:146424-147597   -            280 65615at71240         -            352   5.4e-19   68.0   0.0   1   1     3e-21   7.5e-19   67.6   0.0    64   317     6   261     3   273 0.78 -
h2tg000443l:213413-217934   -            575 65615at71240         -            352   3.9e-18   65.2   0.1   1   2   6.9e-08   1.7e-05   23.6   0.0     5    57    88   140    84   149 0.89 -
h2tg000443l:213413-217934   -            575 65615at71240         -            352   3.9e-18   65.2   0.1   2   2   2.2e-12   5.3e-10   38.4   0.0   257   320   466   528   452   548 0.86 -
h2tg000857l:25303-22780     -            244 65615at71240         -            352   4.5e-18   65.0   0.1   1   2    0.0074       1.8    7.1   0.0   112   173    10    81     6    93 0.72 -
h2tg000857l:25303-22780     -            244 65615at71240         -            352   4.5e-18   65.0   0.1   2   2   1.1e-17   2.6e-15   55.9   0.0   260   318   121   179   115   197 0.91 -
h2tg000234l:579614-585690   -            500 65615at71240         -            352   2.6e-16   59.2   0.2   1   2   1.7e-07   4.1e-05   22.4   0.0    35    88    68   128    33   141 0.68 -
h2tg000234l:579614-585690   -            500 65615at71240         -            352   2.6e-16   59.2   0.2   2   2   2.7e-11   6.7e-09   34.8   0.0   264   318   376   430   321   457 0.86 -
h2tg000874l:789-11595       -            968 65615at71240         -            352   8.5e-16   57.5   1.2   1   1   1.2e-16   2.9e-14   52.5   1.2    11   317   519   854   510   859 0.76 -
h2tg000941l:31572-30072     -            204 65615at71240         -            352   2.2e-14   52.9   0.0   1   1     1e-16   2.5e-14   52.7   0.0     9   152     4   165     1   184 0.78 -
h2tg000269l:123624-114954   -            476 65615at71240         -            352   2.5e-14   52.7   0.1   1   2   3.5e-07   8.7e-05   21.3   0.0    29    88    61   128    33   191 0.73 -
h2tg000269l:123624-114954   -            476 65615at71240         -            352   2.5e-14   52.7   0.1   2   2   1.3e-09   3.2e-07   29.3   0.0   274   319   351   396   332   422 0.86 -
h2tg000435l:215729-221056   -            811 65615at71240         -            352   8.9e-12   44.3   0.0   1   2   4.8e-11   1.2e-08   34.0   0.0    12   178   388   577   380   584 0.76 -
h2tg000435l:215729-221056   -            811 65615at71240         -            352   8.9e-12   44.3   0.0   2   2    0.0076       1.9    7.0   0.0   267   316   647   696   610   707 0.82 -
h2tg000953l:4527-784        -            509 65615at71240         -            352   2.6e-11   42.8   0.0   1   2   6.3e-08   1.6e-05   23.8   0.0     5    58   161   215   157   222 0.88 -
h2tg000953l:4527-784        -            509 65615at71240         -            352   2.6e-11   42.8   0.0   2   2   7.2e-06    0.0018   17.0   0.0    61   144   245   338   240   447 0.77 -
h2tg000147l:1875630-1883351 -            875 65615at71240         -            352   1.6e-07   30.3   0.1   1   2   4.5e-05     0.011   14.4   0.1    17    68   166   217   158   240 0.71 -
h2tg000147l:1875630-1883351 -            875 65615at71240         -            352   1.6e-07   30.3   0.1   2   2     9e-05     0.022   13.4   0.0   269   318   571   620   561   648 0.84 -
h2tg000460l:144940-133588   -           2046 65615at71240         -            352   5.6e-07   28.5   0.1   1   2     0.071        18    3.9   0.0    38    71   363   396   347   478 0.83 -
h2tg000460l:144940-133588   -           2046 65615at71240         -            352   5.6e-07   28.5   0.1   2   2   1.8e-07   4.5e-05   22.2   0.0   261   336   848   922   827   937 0.82 -
h2tg001326l:20852-14974     -            586 65615at71240         -            352   2.8e-05   22.9   0.0   1   2   0.00069      0.17   10.5   0.0    24    66   190   232   172   249 0.77 -
h2tg001326l:20852-14974     -            586 65615at71240         -            352   2.8e-05   22.9   0.0   2   2    0.0009      0.22   10.1   0.0   256   320   442   506   415   517 0.84 -
h2tg000421l:16625-6570      -            709 65615at71240         -            352   0.00025   19.8   0.0   1   2    0.0012      0.31    9.6   0.0     5    67    18    81    15   103 0.73 -
h2tg000421l:16625-6570      -            709 65615at71240         -            352   0.00025   19.8   0.0   2   2    0.0047       1.2    7.7   0.0   256   320   287   350   272   359 0.85 -
h2tg000938l:284750-276979   -            964 65615at71240         -            352   0.00046   18.9   0.0   1   1     3e-06   0.00074   18.3   0.0   276   316     3    43     1    71 0.87 -
h2tg000074l:730791-683660   -           1194 65615at71240         -            352   0.00056   18.7   0.0   1   2     0.047        12    4.4   0.0    38    62    13    37     2   131 0.71 -
h2tg000074l:730791-683660   -           1194 65615at71240         -            352   0.00056   18.7   0.0   2   2   0.00031     0.076   11.6   0.0   265   315   283   333   269   344 0.88 -
h2tg000480l:26808-53922     -           1560 65615at71240         -            352   0.00094   17.9   0.0   1   2       2.1   5.3e+02   -1.0   0.0    39   127    14   112     9   140 0.52 -
h2tg000480l:26808-53922     -           1560 65615at71240         -            352   0.00094   17.9   0.0   2   2   1.8e-05    0.0045   15.7   0.0   265   327   411   472   400   494 0.88 -
h2tg000768l:34318-70719     -            973 65615at71240         -            352    0.0014   17.3   0.0   1   1   1.1e-05    0.0026   16.4   0.0   250   329   799   879   750   899 0.74 -
h2tg000800l:632840-638684   -           1626 65615at71240         -            352     0.038   12.6   0.0   1   3      0.53   1.3e+02    1.0   0.0    32    60   522   550   507   576 0.83 -
h2tg000800l:632840-638684   -           1626 65615at71240         -            352     0.038   12.6   0.0   2   3       1.1   2.8e+02   -0.1   0.0   272   296   835   859   821   902 0.70 -
h2tg000800l:632840-638684   -           1626 65615at71240         -            352     0.038   12.6   0.0   3   3     0.011       2.7    6.5   0.0    24    62  1359  1398  1353  1408 0.83 -
h2tg000698l:87556-128201    -           1969 65615at71240         -            352     0.049   12.3   0.0   1   1   0.00035     0.086   11.5   0.0    19   145  1477  1595  1465  1608 0.84 -
#
# Program:         hmmsearch
# Version:         3.3.2 (Nov 2020)
# Pipeline mode:   SEARCH
# Query file:      /scratch/srb67793/Pelargonium/busco_downloads/lineages/eudicots_odb10/hmms/65615at71240.hmm
# Target file:     /scratch/srb67793/Pelargonium/P_citronellum_omnic-hap1-busco/run_eudicots_odb10/metaeuk_output/initial_results/P_citronellum_OmniC.hic.bp.hap1.p_ctg.fa.modified.fas
# Option settings: hmmsearch --domtblout /scratch/srb67793/Pelargonium/P_citronellum_omnic-hap1-busco/run_eudicots_odb10/hmmer_output/initial_run_results/65615at71240.out --cpu 1 /scratch/srb67793/Pelargonium/busco_downloads/lineages/eudicots_odb10/hmms/65615at71240.hmm /scratch/srb67793/Pelargonium/P_citronellum_omnic-hap1-busco/run_eudicots_odb10/metaeuk_output/initial_results/P_citronellum_OmniC.hic.bp.hap1.p_ctg.fa.modified.fas 
# Current dir:     /scratch/srb67793/Pelargonium
# Date:            Tue Jul 16 10:02:22 2024
# [ok]
