#                                                                                   --- full sequence --- -------------- this domain -------------   hmm coord   ali coord   env coord
# target name               accession   tlen query name           accession   qlen   E-value  score  bias   #  of  c-Evalue  i-Evalue  score  bias  from    to  from    to  from    to  acc description of target
#       ------------------- ---------- ----- -------------------- ---------- ----- --------- ------ ----- --- --- --------- --------- ------ ----- ----- ----- ----- ----- ----- ----- ---- ---------------------
h2tg000034l:625609-639402   -            351 68253at71240         -            365  1.1e-153  511.0  13.9   1   1  1.2e-154    2e-152  506.9  13.9    13   342     6   342     3   347 0.92 -
h2tg000442l:136709-136023   -            229 68253at71240         -            365   1.4e-41  142.1   3.1   1   1   9.3e-44   1.6e-41  142.0   3.1   119   335     1   229     1   229 0.90 -
h2tg000409l:14501-13815     -            229 68253at71240         -            365   5.2e-41  140.3   3.2   1   1   3.4e-43   5.8e-41  140.1   3.2   119   335     1   229     1   229 0.90 -
h2tg000292l:140469-141152   -            228 68253at71240         -            365   4.3e-38  130.7   2.2   1   1   2.8e-40   4.8e-38  130.5   2.2   119   334     1   228     1   228 0.90 -
h2tg000127l:693204-695861   -            353 68253at71240         -            365   4.5e-31  107.6   3.0   1   3   6.2e-20   1.1e-17   63.6   3.1    17    80     4    68     1    73 0.93 -
h2tg000127l:693204-695861   -            353 68253at71240         -            365   4.5e-31  107.6   3.0   2   3       1.3   2.3e+02   -0.0   0.0   114   151   178   214   169   218 0.80 -
h2tg000127l:693204-695861   -            353 68253at71240         -            365   4.5e-31  107.6   3.0   3   3   4.5e-13   7.7e-11   41.0   0.0   196   331   208   348   189   352 0.84 -
h2tg000075l:375113-377568   -            315 68253at71240         -            365   6.2e-31  107.1   0.6   1   2   3.2e-19   5.5e-17   61.3   0.5    17    80     4    68     1    75 0.92 -
h2tg000075l:375113-377568   -            315 68253at71240         -            365   6.2e-31  107.1   0.6   2   2   5.1e-14   8.6e-12   44.1   0.0   204   331   178   309   146   313 0.91 -
h2tg001262l:9042-6773       -            346 68253at71240         -            365   9.3e-31  106.5   3.8   1   3   3.5e-19   5.9e-17   61.1   3.4    17    80     4    68     1    73 0.93 -
h2tg001262l:9042-6773       -            346 68253at71240         -            365   9.3e-31  106.5   3.8   2   3      0.71   1.2e+02    0.9   0.0   111   152   168   208   161   213 0.81 -
h2tg001262l:9042-6773       -            346 68253at71240         -            365   9.3e-31  106.5   3.8   3   3   1.4e-13   2.3e-11   42.7   0.0   193   329   198   339   177   345 0.83 -
h2tg000432l:877255-875911   -            305 68253at71240         -            365   3.4e-30  104.7   0.3   1   2   3.7e-19   6.4e-17   61.0   0.4    17    82     4    70     1   103 0.86 -
h2tg000432l:877255-875911   -            305 68253at71240         -            365   3.4e-30  104.7   0.3   2   2   2.7e-13   4.6e-11   41.8   0.0   191   330   156   299   138   303 0.84 -
h2tg001456l:31414-34967     -            342 68253at71240         -            365     4e-29  101.2   4.1   1   3   2.1e-18   3.6e-16   58.6   2.5    17    80     4    68     1    76 0.93 -
h2tg001456l:31414-34967     -            342 68253at71240         -            365     4e-29  101.2   4.1   2   3         3   5.1e+02   -1.2   0.0   113   148   166   200   159   209 0.80 -
h2tg001456l:31414-34967     -            342 68253at71240         -            365     4e-29  101.2   4.1   3   3   3.1e-13   5.3e-11   41.6   0.0   194   328   195   334   174   340 0.83 -
h2tg000073l:207782-211078   -            352 68253at71240         -            365   2.3e-27   95.4   1.9   1   3     4e-16   6.9e-14   51.1   1.1    17    80     4    76     1    83 0.87 -
h2tg000073l:207782-211078   -            352 68253at71240         -            365   2.3e-27   95.4   1.9   2   3       3.1   5.2e+02   -1.2   0.0   114   147   178   210   172   217 0.81 -
h2tg000073l:207782-211078   -            352 68253at71240         -            365   2.3e-27   95.4   1.9   3   3   1.5e-13   2.5e-11   42.6   0.0   195   322   207   338   189   351 0.83 -
h2tg000984l:82395-76799     -            341 68253at71240         -            365   1.7e-26   92.6   1.1   1   3   6.5e-19   1.1e-16   60.2   0.9    17    80     4    68     1    76 0.93 -
h2tg000984l:82395-76799     -            341 68253at71240         -            365   1.7e-26   92.6   1.1   2   3       2.9     5e+02   -1.1   0.0   110   141   163   194   154   203 0.81 -
h2tg000984l:82395-76799     -            341 68253at71240         -            365   1.7e-26   92.6   1.1   3   3   1.1e-09   1.9e-07   29.9   0.0   195   331   196   336   173   339 0.85 -
h2tg000695l:19326-20674     -            225 68253at71240         -            365   2.2e-23   82.3   0.1   1   2   8.9e-13   1.5e-10   40.1   0.2    17    70     1    55     1    72 0.90 -
h2tg000695l:19326-20674     -            225 68253at71240         -            365   2.2e-23   82.3   0.1   2   2   6.8e-13   1.2e-10   40.4   0.0   192   322    85   218    71   225 0.89 -
h2tg000089l:326371-322738   -            474 68253at71240         -            365   1.1e-18   66.8   0.3   1   1   9.9e-21   1.7e-18   66.2   0.3    13    85   364   437   355   441 0.92 -
h2tg000968l:70246-62402     -            185 68253at71240         -            365   1.9e-18   66.1   1.1   1   2   1.9e-14   3.2e-12   45.6   1.1    18    81     1    55     1    62 0.95 -
h2tg000968l:70246-62402     -            185 68253at71240         -            365   1.9e-18   66.1   1.1   2   2   3.5e-06    0.0006   18.4   0.0   202   277    89   169    79   182 0.75 -
h2tg000508l:420247-424452   -            475 68253at71240         -            365   4.8e-18   64.7   0.3   1   1   4.3e-20   7.4e-18   64.1   0.3    13    85   357   430   349   434 0.92 -
h2tg000018l:22546-26456     -            321 68253at71240         -            365   5.1e-16   58.1   0.9   1   1   4.9e-18   8.3e-16   57.4   0.9    15    87    73   144    66   155 0.92 -
h2tg000479l:167558-172116   -            179 68253at71240         -            365   5.5e-16   57.9   2.0   1   1   4.5e-18   7.6e-16   57.5   2.0    17    90     2    79     1    85 0.80 -
h2tg000246l:860464-860739   -             92 68253at71240         -            365   1.3e-15   56.7   0.0   1   1   7.8e-18   1.3e-15   56.7   0.0    17    83     2    70     1    91 0.82 -
h2tg000032l:42728-43015     -             96 68253at71240         -            365   1.4e-15   56.7   0.0   1   1   8.7e-18   1.5e-15   56.5   0.0    19    81     1    61     1    77 0.93 -
h2tg000123l:494440-500782   -            516 68253at71240         -            365   1.5e-15   56.6   0.2   1   1   1.4e-17   2.4e-15   55.9   0.2    15    81    43   111    35   131 0.87 -
h2tg000014l:221157-218233   -            564 68253at71240         -            365   3.8e-15   55.2   1.2   1   1   3.6e-17   6.1e-15   54.5   1.2    20    80     6    67     2    74 0.91 -
h2tg000932l:69487-69684     -             66 68253at71240         -            365   6.6e-15   54.4   0.1   1   1   4.2e-17   7.1e-15   54.3   0.1    19    79     2    66     1    66 0.86 -
h2tg000463l:86653-90252     -            301 68253at71240         -            365   1.5e-14   53.2   3.1   1   1   1.3e-16   2.2e-14   52.7   3.1    14    83    31    99    26   116 0.91 -
h2tg000038l:16468-16325     -             48 68253at71240         -            365   1.8e-14   53.0   0.8   1   1   1.1e-16   1.9e-14   52.9   0.8    16    62     2    48     1    48 0.97 -
h2tg000086l:54358-54140     -             73 68253at71240         -            365   1.8e-14   53.0   0.1   1   1   1.1e-16   1.8e-14   52.9   0.1    17    83     1    66     1    73 0.94 -
h2tg000191l:460314-460457   -             48 68253at71240         -            365     2e-14   52.8   1.0   1   1   1.2e-16   2.1e-14   52.8   1.0    16    62     2    48     1    48 0.97 -
h2tg000665l:157269-156445   -            216 68253at71240         -            365   4.6e-14   51.6   0.1   1   1   3.7e-16   6.3e-14   51.2   0.1   181   330    55   209    26   213 0.88 -
h2tg000995l:150590-150186   -            135 68253at71240         -            365   1.3e-13   50.2   0.9   1   1   8.3e-16   1.4e-13   50.0   0.9    15    83     2    69     1    91 0.92 -
h2tg001076l:16293-16003     -             97 68253at71240         -            365   1.6e-13   49.9   0.0   1   1     1e-15   1.7e-13   49.7   0.0    19    81     1    66     1    80 0.88 -
h2tg001150l:24086-24376     -             97 68253at71240         -            365   1.6e-13   49.9   0.0   1   1     1e-15   1.7e-13   49.7   0.0    19    81     1    66     1    80 0.88 -
h2tg000092l:297211-297474   -             88 68253at71240         -            365   3.1e-13   48.9   0.5   1   2   1.1e-13   1.8e-11   43.1   0.3    15    60     1    46     1    61 0.93 -
h2tg000092l:297211-297474   -             88 68253at71240         -            365   3.1e-13   48.9   0.5   2   2     0.046       7.9    4.8   0.0    60    79    69    88    55    88 0.90 -
h2tg000178l:206414-203536   -            216 68253at71240         -            365   3.5e-13   48.7   0.4   1   1   2.8e-15   4.7e-13   48.3   0.4    13    83    70   141    62   155 0.85 -
h2tg000768l:135283-135092   -             64 68253at71240         -            365   1.1e-12   47.1   0.0   1   1   6.7e-15   1.1e-12   47.0   0.0    19    78     1    64     1    64 0.93 -
h2tg000579l:438792-439244   -            151 68253at71240         -            365   7.2e-12   44.4   0.0   1   1   5.2e-14   8.9e-12   44.1   0.0    13    79    81   151    69   151 0.83 -
h2tg001348l:62310-62552     -             81 68253at71240         -            365   2.5e-11   42.6   0.0   1   1   1.6e-13   2.8e-11   42.5   0.0    19    84     1    69     1    73 0.84 -
h2tg000803l:18435-18310     -             42 68253at71240         -            365   5.6e-11   41.5   0.0   1   1   3.6e-13   6.1e-11   41.3   0.0    15    51     6    42     2    42 0.92 -
h2tg000857l:990-823         -             56 68253at71240         -            365   5.6e-11   41.5   0.5   1   1   3.7e-13   6.2e-11   41.3   0.5    14    66     4    55     2    56 0.94 -
h2tg001276l:2028-2195       -             56 68253at71240         -            365   5.6e-11   41.5   0.5   1   1   3.7e-13   6.2e-11   41.3   0.5    14    66     4    55     2    56 0.94 -
h2tg000001l:13864-13251     -            178 68253at71240         -            365   1.5e-10   40.1   0.0   1   1   1.1e-12   1.8e-10   39.8   0.0   178   328    16   171     9   176 0.84 -
h2tg000391l:722115-722728   -            178 68253at71240         -            365   1.5e-10   40.1   0.0   1   1   1.1e-12   1.8e-10   39.8   0.0   178   328    16   171     9   176 0.84 -
h2tg000131l:1033452-1033258 -             65 68253at71240         -            365   1.9e-10   39.7   0.0   1   1   1.2e-12   2.1e-10   39.6   0.0    19    78     2    65     1    65 0.87 -
h2tg000695l:20017-20674     -            185 68253at71240         -            365   2.2e-10   39.6   0.0   1   1   1.6e-12   2.7e-10   39.2   0.0   198   322    51   178    18   185 0.87 -
h2tg001533l:30152-28068     -            695 68253at71240         -            365   2.6e-10   39.3   1.0   1   1   2.6e-12   4.5e-10   38.5   0.1    16    91    64   138    52   150 0.87 -
h2tg000621l:574655-578695   -            260 68253at71240         -            365   3.7e-10   38.8   0.4   1   1   3.1e-12   5.3e-10   38.3   0.4    14    84    68   144    60   160 0.82 -
h2tg000199l:31163-31822     -            220 68253at71240         -            365   4.4e-10   38.5   0.0   1   1   3.6e-12   6.1e-10   38.1   0.0    13    84    57   127    43   137 0.87 -
h2tg000245l:384796-384464   -            111 68253at71240         -            365   6.2e-10   38.0   0.4   1   1   7.8e-12   1.3e-09   36.9   0.4    18   104     2   106     1   110 0.73 -
h2tg000042l:245617-245949   -            111 68253at71240         -            365   6.4e-10   38.0   0.4   1   1   7.1e-12   1.2e-09   37.1   0.4    18   104     2   106     1   110 0.73 -
h2tg000838l:104776-106587   -            604 68253at71240         -            365   8.3e-10   37.6   0.0   1   1   7.8e-12   1.3e-09   37.0   0.0    13    87    56   129    43   137 0.88 -
h2tg000343l:82327-84480     -            718 68253at71240         -            365   1.4e-09   36.9   0.0   1   1   1.4e-11   2.3e-09   36.1   0.0    14    83    64   132    51   144 0.90 -
h2tg000266l:48038-48601     -            188 68253at71240         -            365   2.7e-09   35.9   0.0   1   1   2.2e-11   3.7e-09   35.5   0.0    12    86    14    94     7   113 0.83 -
h2tg000266l:42867-42304     -            188 68253at71240         -            365   3.3e-09   35.6   0.0   1   1   2.7e-11   4.6e-09   35.2   0.0    12    85    14    93     7   113 0.83 -
h2tg000450l:245697-245542   -             52 68253at71240         -            365   4.9e-09   35.1   0.0   1   1   3.1e-11   5.3e-09   35.0   0.0    18    67     1    52     1    52 0.86 -
h2tg000478l:153282-195995   -            328 68253at71240         -            365   1.6e-08   33.4   0.0   1   1   1.4e-10   2.4e-08   32.8   0.0    12    85     6    85     2   103 0.83 -
h2tg000619l:250184-248500   -            465 68253at71240         -            365   1.7e-08   33.3   0.0   1   1   1.6e-10   2.7e-08   32.7   0.0    15    83    57   123    49   147 0.88 -
h2tg000095l:1747381-1742774 -            741 68253at71240         -            365   4.7e-08   31.9   0.7   1   1   4.4e-10   7.5e-08   31.2   0.7    16    82   442   510   439   525 0.86 -
h2tg000080l:1604729-1596822 -            589 68253at71240         -            365   7.9e-08   31.1   1.1   1   2       9.8   1.7e+03   -2.9   0.0    19    41   142   164   137   170 0.83 -
h2tg000080l:1604729-1596822 -            589 68253at71240         -            365   7.9e-08   31.1   1.1   2   2   6.4e-10   1.1e-07   30.6   0.3     3    87   300   383   298   394 0.88 -
h2tg000393l:432726-436824   -            712 68253at71240         -            365   1.1e-07   30.7   0.4   1   1     1e-09   1.7e-07   30.0   0.4    16    83   436   505   433   529 0.86 -
h2tg000361l:286363-284093   -            757 68253at71240         -            365   1.5e-07   30.2   0.0   1   1     9e-10   1.5e-07   30.2   0.0    15    86    58   128    45   134 0.90 -
h2tg000613l:45500-46147     -            216 68253at71240         -            365     2e-07   29.8   0.1   1   1   1.7e-09   2.9e-07   29.3   0.1    15    81    58   124    51   136 0.89 -
h2tg000503l:522920-523018   -             33 68253at71240         -            365     5e-07   28.5   0.0   1   1     3e-09   5.1e-07   28.4   0.0    17    49     1    33     1    33 0.96 -
h2tg000968l:65536-65414     -             41 68253at71240         -            365   5.1e-07   28.5   0.1   1   1   3.1e-09   5.2e-07   28.4   0.1    12    47     5    40     2    41 0.93 -
h2tg000449l:399498-397493   -            626 68253at71240         -            365   1.2e-06   27.3   0.0   1   1   1.4e-08   2.4e-06   26.3   0.0    14    85    60   130    53   143 0.88 -
h2tg000094l:260901-262841   -            647 68253at71240         -            365   1.5e-06   26.9   0.0   1   1   1.5e-08   2.5e-06   26.2   0.0    14    82    61   128    52   137 0.91 -
h2tg000371l:42306-44357     -            684 68253at71240         -            365   1.8e-06   26.6   0.0   1   1   1.9e-08   3.3e-06   25.8   0.0    14    83    60   128    53   136 0.91 -
h2tg000367l:368756-384831   -           2547 68253at71240         -            365   7.3e-05   21.4   0.5   1   1   6.8e-07   0.00012   20.7   0.5    26    70  1524  1565  1502  1573 0.82 -
h2tg000449l:221766-158625   -            382 68253at71240         -            365   8.4e-05   21.2   0.1   1   1     8e-07   0.00014   20.5   0.1    14    84    59   128    51   135 0.91 -
h2tg000223l:1730390-1715882 -           2575 68253at71240         -            365   0.00011   20.8   0.8   1   1     1e-06   0.00018   20.1   0.8    21    70  1528  1574  1513  1578 0.81 -
h2tg000258l:281874-280078   -            599 68253at71240         -            365    0.0003   19.3   0.0   1   1   3.6e-06   0.00061   18.3   0.0    17    86    68   136    56   141 0.88 -
h2tg000292l:477871-477500   -            124 68253at71240         -            365    0.0039   15.7   0.0   1   1   2.8e-05    0.0048   15.4   0.0    14    79    58   124    52   124 0.87 -
h2tg000775l:132783-130873   -            637 68253at71240         -            365     0.011   14.3   0.2   1   1   9.8e-05     0.017   13.6   0.2    13    84    58   128    49   144 0.82 -
h2tg001124l:11572-16695     -            453 68253at71240         -            365     0.012   14.1   0.1   1   1   0.00011     0.018   13.5   0.1    16    68   257   311   251   325 0.90 -
h2tg000532l:165259-110376   -            924 68253at71240         -            365     0.018   13.5   0.8   1   1   0.00017     0.029   12.8   0.8   147   190   214   257   201   308 0.88 -
h2tg000888l:91494-85630     -            452 68253at71240         -            365     0.018   13.5   1.0   1   1   0.00014     0.023   13.1   0.2    16    68   262   316   257   326 0.89 -
h2tg000540l:139255-107367   -            165 68253at71240         -            365     0.033   12.6   0.0   1   1   0.00024     0.041   12.3   0.0     6    82    30   107    26   121 0.84 -
h2tg001156l:130942-128250   -            218 68253at71240         -            365     0.044   12.2   0.2   1   3      0.84   1.4e+02    0.7   1.0   138   165    28    54    10    58 0.67 -
h2tg001156l:130942-128250   -            218 68253at71240         -            365     0.044   12.2   0.2   2   3   0.00026     0.044   12.2   0.2    16    79    60   128    56   145 0.82 -
h2tg001156l:130942-128250   -            218 68253at71240         -            365     0.044   12.2   0.2   3   3       5.3     9e+02   -2.0   0.0    60    97   152   190   135   201 0.62 -
h2tg000886l:53506-59594     -            847 68253at71240         -            365     0.076   11.4   1.6   1   1    0.0008      0.14   10.6   1.6   151   189   222   260   195   281 0.82 -
h2tg000088l:810785-814828   -           1342 68253at71240         -            365     0.095   11.1   1.2   1   1   0.00094      0.16   10.4   1.2   151   189   219   257   192   298 0.83 -
h2tg000621l:631987-627944   -           1348 68253at71240         -            365      0.11   10.9   1.4   1   1    0.0011      0.19   10.1   1.4   151   189   219   257   192   298 0.83 -
h2tg000297l:1009958-1008236 -            154 68253at71240         -            365      0.17   10.3   6.2   1   1    0.0014      0.23    9.8   6.2   143   198    88   146    78   150 0.77 -
h2tg000981l:24241-20820     -            412 68253at71240         -            365       1.5    7.2  16.6   1   1     0.035         6    5.2  16.6   125   201   191   267   183   309 0.78 -
#
# Program:         hmmsearch
# Version:         3.3.2 (Nov 2020)
# Pipeline mode:   SEARCH
# Query file:      /scratch/srb67793/Pelargonium/busco_downloads/lineages/eudicots_odb10/hmms/68253at71240.hmm
# Target file:     /scratch/srb67793/Pelargonium/P_citronellum_omnic-hap1-busco/run_eudicots_odb10/metaeuk_output/initial_results/P_citronellum_OmniC.hic.bp.hap1.p_ctg.fa.modified.fas
# Option settings: hmmsearch --domtblout /scratch/srb67793/Pelargonium/P_citronellum_omnic-hap1-busco/run_eudicots_odb10/hmmer_output/initial_run_results/68253at71240.out --cpu 1 /scratch/srb67793/Pelargonium/busco_downloads/lineages/eudicots_odb10/hmms/68253at71240.hmm /scratch/srb67793/Pelargonium/P_citronellum_omnic-hap1-busco/run_eudicots_odb10/metaeuk_output/initial_results/P_citronellum_OmniC.hic.bp.hap1.p_ctg.fa.modified.fas 
# Current dir:     /scratch/srb67793/Pelargonium
# Date:            Tue Jul 16 10:01:58 2024
# [ok]
