#                                                                                   --- full sequence --- -------------- this domain -------------   hmm coord   ali coord   env coord
# target name               accession   tlen query name           accession   qlen   E-value  score  bias   #  of  c-Evalue  i-Evalue  score  bias  from    to  from    to  from    to  acc description of target
#       ------------------- ---------- ----- -------------------- ---------- ----- --------- ------ ----- --- --- --------- --------- ------ ----- ----- ----- ----- ----- ----- ----- ---- ---------------------
h2tg000294l:143610-153664   -            471 68795at71240         -            398  4.6e-229  759.7   0.7   1   2   8.2e-77   3.7e-73  246.3   0.0     1   139    16   163    16   172 0.93 -
h2tg000294l:143610-153664   -            471 68795at71240         -            398  4.6e-229  759.7   0.7   2   2  6.3e-157  2.9e-153  510.1   0.3   122   397   171   471   162   471 0.92 -
h2tg000097l:1698643-1688633 -            471 68795at71240         -            398  1.4e-228  758.1   0.6   1   1  1.4e-227  6.4e-224  742.8   0.6     1   397    16   471    16   471 0.92 -
h2tg000990l:53670-51592     -            693 68795at71240         -            398   0.00066   18.3   0.1   1   5    0.0044        20    3.6   0.0   299   358    27    88    22   101 0.82 -
h2tg000990l:53670-51592     -            693 68795at71240         -            398   0.00066   18.3   0.1   2   5      0.13   5.9e+02   -1.3   0.0   308   369   247   308   210   321 0.79 -
h2tg000990l:53670-51592     -            693 68795at71240         -            398   0.00066   18.3   0.1   3   5     0.077   3.5e+02   -0.5   0.0   311   356   320   366   314   380 0.77 -
h2tg000990l:53670-51592     -            693 68795at71240         -            398   0.00066   18.3   0.1   4   5   0.00015      0.67    8.4   0.0   294   360   408   474   388   498 0.77 -
h2tg000990l:53670-51592     -            693 68795at71240         -            398   0.00066   18.3   0.1   5   5      0.17   7.9e+02   -1.7   0.0   309   360   492   544   484   559 0.73 -
#
# Program:         hmmsearch
# Version:         3.3.2 (Nov 2020)
# Pipeline mode:   SEARCH
# Query file:      /scratch/srb67793/Pelargonium/busco_downloads/lineages/eudicots_odb10/hmms/68795at71240.hmm
# Target file:     /scratch/srb67793/Pelargonium/P_citronellum_omnic-hap1-busco/run_eudicots_odb10/metaeuk_output/initial_results/P_citronellum_OmniC.hic.bp.hap1.p_ctg.fa.modified.fas
# Option settings: hmmsearch --domtblout /scratch/srb67793/Pelargonium/P_citronellum_omnic-hap1-busco/run_eudicots_odb10/hmmer_output/initial_run_results/68795at71240.out --cpu 1 /scratch/srb67793/Pelargonium/busco_downloads/lineages/eudicots_odb10/hmms/68795at71240.hmm /scratch/srb67793/Pelargonium/P_citronellum_omnic-hap1-busco/run_eudicots_odb10/metaeuk_output/initial_results/P_citronellum_OmniC.hic.bp.hap1.p_ctg.fa.modified.fas 
# Current dir:     /scratch/srb67793/Pelargonium
# Date:            Tue Jul 16 10:02:01 2024
# [ok]
