#                                                                                   --- full sequence --- -------------- this domain -------------   hmm coord   ali coord   env coord
# target name               accession   tlen query name           accession   qlen   E-value  score  bias   #  of  c-Evalue  i-Evalue  score  bias  from    to  from    to  from    to  acc description of target
#       ------------------- ---------- ----- -------------------- ---------- ----- --------- ------ ----- --- --- --------- --------- ------ ----- ----- ----- ----- ----- ----- ----- ---- ---------------------
h2tg000997l:156127-153681   -            449 82679at71240         -            371  2.8e-177  589.0   3.4   1   1  1.8e-179  1.2e-176  586.9   3.4     1   369    13   449    13   449 0.90 -
h2tg000456l:252425-249788   -            439 82679at71240         -            371  4.4e-172  571.9   2.9   1   1  1.9e-172  1.3e-169  563.8   2.9     5   370     1   436     1   437 0.89 -
h2tg000718l:275003-273876   -            376 82679at71240         -            371   1.1e-36  126.4   4.8   1   3   2.5e-05     0.017   13.8   0.0    14    57     9    52     1    60 0.84 -
h2tg000718l:275003-273876   -            376 82679at71240         -            371   1.1e-36  126.4   4.8   2   3   1.3e-15     9e-13   47.6   0.1   170   261    78   177    66   177 0.83 -
h2tg000718l:275003-273876   -            376 82679at71240         -            371   1.1e-36  126.4   4.8   3   3   1.3e-25   8.9e-23   80.6   0.4   122   315   132   350   130   365 0.78 -
h2tg000718l:266084-264981   -            368 82679at71240         -            371   3.7e-36  124.6   5.1   1   3   3.3e-05     0.022   13.4   0.0    21    56     8    43     1    54 0.86 -
h2tg000718l:266084-264981   -            368 82679at71240         -            371   3.7e-36  124.6   5.1   2   3   1.6e-15   1.1e-12   47.4   0.1   170   261    70   169    60   169 0.83 -
h2tg000718l:266084-264981   -            368 82679at71240         -            371   3.7e-36  124.6   5.1   3   3   2.5e-25   1.7e-22   79.6   0.4   122   314   124   341   121   355 0.77 -
h2tg000449l:993974-995143   -            390 82679at71240         -            371   8.5e-33  113.5   2.9   1   2   6.5e-31   4.5e-28   98.0   1.7    12   246    11   270     1   277 0.79 -
h2tg000449l:993974-995143   -            390 82679at71240         -            371   8.5e-33  113.5   2.9   2   2   1.5e-05    0.0099   14.6   0.0   223   299   310   390   264   390 0.85 -
h2tg000461l:22576-15105     -            470 82679at71240         -            371   5.4e-25   87.8   3.6   1   2   6.9e-08   4.7e-05   22.2   0.1   180   260    17   109    10   114 0.72 -
h2tg000461l:22576-15105     -            470 82679at71240         -            371   5.4e-25   87.8   3.6   2   2   4.6e-22   3.2e-19   68.9   2.0    78   313    75   318    75   331 0.77 -
h2tg000463l:472239-475144   -            567 82679at71240         -            371   1.3e-15   56.9   3.9   1   3       1.3   8.6e+02   -1.7   0.0   285   301   211   227   203   231 0.86 -
h2tg000463l:472239-475144   -            567 82679at71240         -            371   1.3e-15   56.9   3.9   2   3     4e-12   2.7e-09   36.2   0.4    93   215   292   413   280   428 0.72 -
h2tg000463l:472239-475144   -            567 82679at71240         -            371   1.3e-15   56.9   3.9   3   3   2.2e-07   0.00015   20.6   0.1    76   199   427   548   416   555 0.66 -
h2tg001151l:38287-32959     -            523 82679at71240         -            371   1.6e-14   53.4   1.0   1   4     0.065        44    2.6   0.0    78   123    42    89    36   133 0.65 -
h2tg001151l:38287-32959     -            523 82679at71240         -            371   1.6e-14   53.4   1.0   2   4   3.2e-08   2.2e-05   23.3   0.1   265   317   145   196    97   204 0.70 -
h2tg001151l:38287-32959     -            523 82679at71240         -            371   1.6e-14   53.4   1.0   3   4     1e-08   6.8e-06   25.0   0.1   120   230   196   308   194   313 0.78 -
h2tg001151l:38287-32959     -            523 82679at71240         -            371   1.6e-14   53.4   1.0   4   4       1.1   7.2e+02   -1.4   0.0   135   167   319   351   312   376 0.59 -
h2tg000229l:799518-800006   -            163 82679at71240         -            371   5.3e-14   51.7   0.7   1   1   5.4e-14   3.7e-11   42.3   0.5    91   217     2   128     1   134 0.83 -
h2tg000147l:2008958-2001351 -            262 82679at71240         -            371   2.1e-13   49.7   0.5   1   3   0.00032      0.22   10.2   0.0   126   177    11    61     4    88 0.69 -
h2tg000147l:2008958-2001351 -            262 82679at71240         -            371   2.1e-13   49.7   0.5   2   3   1.3e-10   8.7e-08   31.2   0.0   275   344    98   164    83   170 0.81 -
h2tg000147l:2008958-2001351 -            262 82679at71240         -            371   2.1e-13   49.7   0.5   3   3     0.025        17    3.9   0.0   128   154   191   217   178   224 0.66 -
h2tg000062l:381337-398803   -            736 82679at71240         -            371   9.8e-13   47.5   0.0   1   4   2.1e-10   1.4e-07   30.5   0.0   143   257    81   207    37   227 0.60 -
h2tg000062l:381337-398803   -            736 82679at71240         -            371   9.8e-13   47.5   0.0   2   4   2.2e-05     0.015   14.0   0.0    88   202   190   315   188   332 0.70 -
h2tg000062l:381337-398803   -            736 82679at71240         -            371   9.8e-13   47.5   0.0   3   4    0.0011      0.78    8.4   0.1   110   165   269   327   232   421 0.49 -
h2tg000062l:381337-398803   -            736 82679at71240         -            371   9.8e-13   47.5   0.0   4   4       5.2   3.5e+03   -3.7   0.0   292   328   588   624   584   626 0.82 -
h2tg000551l:20551-27308     -            327 82679at71240         -            371   1.3e-12   47.1   1.9   1   3    0.0079       5.4    5.6   0.0   185   227     7    47     2    53 0.64 -
h2tg000551l:20551-27308     -            327 82679at71240         -            371   1.3e-12   47.1   1.9   2   3   4.3e-09     3e-06   26.2   0.0   278   344    71   141    64   144 0.81 -
h2tg000551l:20551-27308     -            327 82679at71240         -            371   1.3e-12   47.1   1.9   3   3   2.4e-08   1.6e-05   23.7   0.1   121   227   110   216   108   236 0.79 -
h2tg000277l:121783-120824   -            320 82679at71240         -            371   7.7e-12   44.6   0.2   1   2   8.2e-13   5.6e-10   38.4   0.1    78   300     9   232     5   232 0.77 -
h2tg000277l:121783-120824   -            320 82679at71240         -            371   7.7e-12   44.6   0.2   2   2    0.0025       1.7    7.2   0.0   122   211   200   308   184   317 0.59 -
h2tg000412l:126755-140647   -            408 82679at71240         -            371     1e-08   34.3   0.1   1   1   3.4e-11   2.3e-08   33.1   0.1    78   225   207   353   195   403 0.80 -
h2tg000929l:156973-156419   -            185 82679at71240         -            371   0.00032   19.5   1.2   1   2   0.00024      0.16   10.6   0.2     7    44     2    39     1    59 0.79 -
h2tg000929l:156973-156419   -            185 82679at71240         -            371   0.00032   19.5   1.2   2   2    0.0015         1    8.0   0.1   120   153    73   106    51   117 0.85 -
h2tg000271l:256199-257071   -            291 82679at71240         -            371     0.016   13.9   0.0   1   1   3.3e-05     0.022   13.4   0.0   168   223   113   169    79   192 0.82 -
h2tg001486l:33691-32576     -            372 82679at71240         -            371     0.019   13.7   0.2   1   2   5.1e-05     0.035   12.8   0.2     5    52     3    51     1    74 0.87 -
h2tg001486l:33691-32576     -            372 82679at71240         -            371     0.019   13.7   0.2   2   2       6.2   4.2e+03   -3.9   0.0   316   344   319   347   314   351 0.71 -
h2tg000564l:291540-290470   -            357 82679at71240         -            371     0.033   12.9   0.3   1   2   0.00021      0.14   10.8   0.0     6    44     6    45     2    62 0.84 -
h2tg000564l:291540-290470   -            357 82679at71240         -            371     0.033   12.9   0.3   2   2       0.5   3.4e+02   -0.3   0.0   189   205   256   272   183   300 0.73 -
h2tg000288l:76190-77023     -            278 82679at71240         -            371     0.044   12.5   0.1   1   2   0.00013     0.088   11.5   0.0     9    49     4    44     1    53 0.89 -
h2tg000288l:76190-77023     -            278 82679at71240         -            371     0.044   12.5   0.1   2   2       3.8   2.6e+03   -3.2   0.0   282   314   238   271   213   276 0.56 -
h2tg001059l:134745-133975   -            257 82679at71240         -            371     0.051   12.3   0.0   1   1    0.0001      0.07   11.8   0.0    10    50     5    46     1    73 0.77 -
#
# Program:         hmmsearch
# Version:         3.3.2 (Nov 2020)
# Pipeline mode:   SEARCH
# Query file:      /scratch/srb67793/Pelargonium/busco_downloads/lineages/eudicots_odb10/hmms/82679at71240.hmm
# Target file:     /scratch/srb67793/Pelargonium/P_citronellum_omnic-hap1-busco/run_eudicots_odb10/metaeuk_output/initial_results/P_citronellum_OmniC.hic.bp.hap1.p_ctg.fa.modified.fas
# Option settings: hmmsearch --domtblout /scratch/srb67793/Pelargonium/P_citronellum_omnic-hap1-busco/run_eudicots_odb10/hmmer_output/initial_run_results/82679at71240.out --cpu 1 /scratch/srb67793/Pelargonium/busco_downloads/lineages/eudicots_odb10/hmms/82679at71240.hmm /scratch/srb67793/Pelargonium/P_citronellum_omnic-hap1-busco/run_eudicots_odb10/metaeuk_output/initial_results/P_citronellum_OmniC.hic.bp.hap1.p_ctg.fa.modified.fas 
# Current dir:     /scratch/srb67793/Pelargonium
# Date:            Tue Jul 16 10:02:11 2024
# [ok]
