#                                                                                 --- full sequence --- -------------- this domain -------------   hmm coord   ali coord   env coord
# target name             accession   tlen query name           accession   qlen   E-value  score  bias   #  of  c-Evalue  i-Evalue  score  bias  from    to  from    to  from    to  acc description of target
#     ------------------- ---------- ----- -------------------- ---------- ----- --------- ------ ----- --- --- --------- --------- ------ ----- ----- ----- ----- ----- ----- ----- ---- ---------------------
h2tg000253l:508845-504190 -            834 83583at71240         -            334  1.1e-107  359.2  22.7   1   7   5.1e-41   2.3e-37  128.1   0.3     1    94     3   107     3   115 0.87 -
h2tg000253l:508845-504190 -            834 83583at71240         -            334  1.1e-107  359.2  22.7   2   7    0.0079        36    2.5   0.1    98   113   132   147   125   152 0.85 -
h2tg000253l:508845-504190 -            834 83583at71240         -            334  1.1e-107  359.2  22.7   3   7   1.5e-35   6.8e-32  110.1   0.1   112   186   169   250   166   306 0.85 -
h2tg000253l:508845-504190 -            834 83583at71240         -            334  1.1e-107  359.2  22.7   4   7   1.5e-22   6.7e-19   67.4   0.2   181   261   348   423   347   440 0.84 -
h2tg000253l:508845-504190 -            834 83583at71240         -            334  1.1e-107  359.2  22.7   5   7   0.00014      0.62    8.3   0.0   240   267   455   482   444   487 0.86 -
h2tg000253l:508845-504190 -            834 83583at71240         -            334  1.1e-107  359.2  22.7   6   7   5.3e-12   2.4e-08   32.7   0.8   253   302   496   554   479   566 0.78 -
h2tg000253l:508845-504190 -            834 83583at71240         -            334  1.1e-107  359.2  22.7   7   7   1.9e-08   8.5e-05   21.0   0.1   299   331   721   757   704   759 0.82 -
h2tg000178l:102955-100866 -            329 83583at71240         -            334      0.46    8.8   5.8   1   2      0.15   6.6e+02   -1.6   0.6    15    41    22    48    16    61 0.74 -
h2tg000178l:102955-100866 -            329 83583at71240         -            334      0.46    8.8   5.8   2   2   1.1e-05     0.048   12.0   0.5    59    82   266   289   264   294 0.95 -
h2tg000939l:284609-282588 -            333 83583at71240         -            334      0.83    7.9   5.8   1   2      0.49   2.2e+03   -3.3   0.6    16    40    27    51    23    55 0.76 -
h2tg000939l:284609-282588 -            333 83583at71240         -            334      0.83    7.9   5.8   2   2   1.1e-05     0.049   12.0   0.5    59    82   270   293   268   298 0.95 -
#
# Program:         hmmsearch
# Version:         3.3.2 (Nov 2020)
# Pipeline mode:   SEARCH
# Query file:      /scratch/srb67793/Pelargonium/busco_downloads/lineages/eudicots_odb10/hmms/83583at71240.hmm
# Target file:     /scratch/srb67793/Pelargonium/P_citronellum_omnic-hap1-busco/run_eudicots_odb10/metaeuk_output/initial_results/P_citronellum_OmniC.hic.bp.hap1.p_ctg.fa.modified.fas
# Option settings: hmmsearch --domtblout /scratch/srb67793/Pelargonium/P_citronellum_omnic-hap1-busco/run_eudicots_odb10/hmmer_output/initial_run_results/83583at71240.out --cpu 1 /scratch/srb67793/Pelargonium/busco_downloads/lineages/eudicots_odb10/hmms/83583at71240.hmm /scratch/srb67793/Pelargonium/P_citronellum_omnic-hap1-busco/run_eudicots_odb10/metaeuk_output/initial_results/P_citronellum_OmniC.hic.bp.hap1.p_ctg.fa.modified.fas 
# Current dir:     /scratch/srb67793/Pelargonium
# Date:            Tue Jul 16 10:02:18 2024
# [ok]
