#                                                                                 --- full sequence --- -------------- this domain -------------   hmm coord   ali coord   env coord
# target name             accession   tlen query name           accession   qlen   E-value  score  bias   #  of  c-Evalue  i-Evalue  score  bias  from    to  from    to  from    to  acc description of target
#     ------------------- ---------- ----- -------------------- ---------- ----- --------- ------ ----- --- --- --------- --------- ------ ----- ----- ----- ----- ----- ----- ----- ---- ---------------------
h2tg000396l:433506-425471 -           1492 906at71240           -           1411         0 1589.3  48.6   1   3  2.9e-106  1.3e-102  344.0  14.0    62   446    50   448    47   457 0.81 -
h2tg000396l:433506-425471 -           1492 906at71240           -           1411         0 1589.3  48.6   2   3   1.1e-60   4.8e-57  193.1  10.6   445   684   479   785   463   787 0.71 -
h2tg000396l:433506-425471 -           1492 906at71240           -           1411         0 1589.3  48.6   3   3         0         0 1059.7   8.0   720  1411   784  1492   781  1492 0.94 -
h2tg000417l:159659-158223 -            479 906at71240           -           1411     0.011   12.9   1.0   1   4    0.0016       7.3    3.6   0.0  1348  1398    84   129    68   136 0.75 -
h2tg000417l:159659-158223 -            479 906at71240           -           1411     0.011   12.9   1.0   2   4   0.00013       0.6    7.2   0.0  1363  1406   125   167   121   170 0.87 -
h2tg000417l:159659-158223 -            479 906at71240           -           1411     0.011   12.9   1.0   3   4     0.064   2.9e+02   -1.7   0.1   799   828   290   320   280   321 0.73 -
h2tg000417l:159659-158223 -            479 906at71240           -           1411     0.011   12.9   1.0   4   4      0.02        89   -0.0   0.0  1040  1090   397   450   392   456 0.75 -
h2tg000098l:416873-398162 -            792 906at71240           -           1411     0.013   12.7   0.3   1   3   9.2e-05      0.42    7.7   0.1  1349  1398    11    62     9    69 0.87 -
h2tg000098l:416873-398162 -            792 906at71240           -           1411     0.013   12.7   0.3   2   3      0.29   1.3e+03   -3.9   0.0  1367  1395   323   351   316   360 0.82 -
h2tg000098l:416873-398162 -            792 906at71240           -           1411     0.013   12.7   0.3   3   3    0.0037        17    2.4   0.0  1350  1405   445   501   439   506 0.80 -
#
# Program:         hmmsearch
# Version:         3.3.2 (Nov 2020)
# Pipeline mode:   SEARCH
# Query file:      /scratch/srb67793/Pelargonium/busco_downloads/lineages/eudicots_odb10/hmms/906at71240.hmm
# Target file:     /scratch/srb67793/Pelargonium/P_citronellum_omnic-hap1-busco/run_eudicots_odb10/metaeuk_output/initial_results/P_citronellum_OmniC.hic.bp.hap1.p_ctg.fa.modified.fas
# Option settings: hmmsearch --domtblout /scratch/srb67793/Pelargonium/P_citronellum_omnic-hap1-busco/run_eudicots_odb10/hmmer_output/initial_run_results/906at71240.out --cpu 1 /scratch/srb67793/Pelargonium/busco_downloads/lineages/eudicots_odb10/hmms/906at71240.hmm /scratch/srb67793/Pelargonium/P_citronellum_omnic-hap1-busco/run_eudicots_odb10/metaeuk_output/initial_results/P_citronellum_OmniC.hic.bp.hap1.p_ctg.fa.modified.fas 
# Current dir:     /scratch/srb67793/Pelargonium
# Date:            Tue Jul 16 10:02:11 2024
# [ok]
