#                                                                                     --- full sequence --- -------------- this domain -------------   hmm coord   ali coord   env coord
# target name                 accession   tlen query name           accession   qlen   E-value  score  bias   #  of  c-Evalue  i-Evalue  score  bias  from    to  from    to  from    to  acc description of target
#         ------------------- ---------- ----- -------------------- ---------- ----- --------- ------ ----- --- --- --------- --------- ------ ----- ----- ----- ----- ----- ----- ----- ---- ---------------------
Pcitr_chr11:13586734-13589950 -            389 101397at71240        -            302  1.3e-156  519.5   2.5   1   2  1.4e-134  3.5e-131  436.0   0.3     1   225    18   246    18   269 0.96 -
Pcitr_chr11:13586734-13589950 -            389 101397at71240        -            302  1.3e-156  519.5   2.5   2   2     1e-26   2.5e-23   81.8   0.1   212   302   280   387   259   387 0.84 -
Pcitr_chr3:17062859-17067019  -            382 101397at71240        -            302  8.6e-154  510.2   2.1   1   2  5.5e-134  1.3e-130  434.0   0.1     1   225     7   235     7   258 0.95 -
Pcitr_chr3:17062859-17067019  -            382 101397at71240        -            302  8.6e-154  510.2   2.1   2   2     2e-24     5e-21   74.2   0.6   208   302   260   380   237   380 0.80 -
Pcitr_chr3:23417613-23420811  -            570 101397at71240        -            302   6.8e-32  109.9   0.1   1   3   5.6e-34   1.4e-30  105.6   0.1    58   204    11   157     7   175 0.94 -
Pcitr_chr3:23417613-23420811  -            570 101397at71240        -            302   6.8e-32  109.9   0.1   2   3      0.34   8.2e+02   -2.0   0.0   131   172   283   327   279   336 0.70 -
Pcitr_chr3:23417613-23420811  -            570 101397at71240        -            302   6.8e-32  109.9   0.1   3   3     0.052   1.3e+02    0.7   0.0   236   274   366   407   348   423 0.63 -
Pcitr_chr5:8629997-8635709    -            482 101397at71240        -            302   1.3e-12   46.6   0.1   1   1   7.9e-16   1.9e-12   46.0   0.1    99   179    46   126    28   137 0.92 -
#
# Program:         hmmsearch
# Version:         3.3.2 (Nov 2020)
# Pipeline mode:   SEARCH
# Query file:      /scratch/srb67793/Pelargonium/busco_downloads/lineages/eudicots_odb10/hmms/101397at71240.hmm
# Target file:     /scratch/srb67793/Pelargonium/Pelargonium-PreviousAssembly-busco/run_eudicots_odb10/metaeuk_output/initial_results/Pcitr_Genome-final.fasta.modified.fas
# Option settings: hmmsearch --domtblout /scratch/srb67793/Pelargonium/Pelargonium-PreviousAssembly-busco/run_eudicots_odb10/hmmer_output/initial_run_results/101397at71240.out --cpu 1 /scratch/srb67793/Pelargonium/busco_downloads/lineages/eudicots_odb10/hmms/101397at71240.hmm /scratch/srb67793/Pelargonium/Pelargonium-PreviousAssembly-busco/run_eudicots_odb10/metaeuk_output/initial_results/Pcitr_Genome-final.fasta.modified.fas 
# Current dir:     /scratch/srb67793/Pelargonium
# Date:            Tue Jul  9 10:56:27 2024
# [ok]
