#                                                                                      --- full sequence --- -------------- this domain -------------   hmm coord   ali coord   env coord
# target name                  accession   tlen query name           accession   qlen   E-value  score  bias   #  of  c-Evalue  i-Evalue  score  bias  from    to  from    to  from    to  acc description of target
#          ------------------- ---------- ----- -------------------- ---------- ----- --------- ------ ----- --- --- --------- --------- ------ ----- ----- ----- ----- ----- ----- ----- ---- ---------------------
Pcitr_chr10:24176361-24183879  -            340 102513at71240        -            275   4.7e-60  202.3   0.0   1   1   7.3e-62   7.4e-60  201.6   0.0    21   274    60   338    53   339 0.86 -
Pcitr_chr3:23093953-23091711   -            345 102513at71240        -            275   5.3e-60  202.1   0.0   1   1   7.2e-62   7.2e-60  201.6   0.0    20   273    66   343    60   345 0.88 -
Pcitr_chr11:14931486-14929164  -            320 102513at71240        -            275   1.9e-57  193.7   0.0   1   1   2.5e-59   2.6e-57  193.3   0.0    20   245    59   300    44   312 0.91 -
Pcitr_chr8:25634163-25631713   -            304 102513at71240        -            275   3.9e-57  192.7   0.0   1   1   5.4e-59   5.4e-57  192.2   0.0    19   242    59   302    52   304 0.87 -
Pcitr_chr2:41755624-41757665   -            328 102513at71240        -            275   4.3e-57  192.5   0.0   1   1   5.6e-59   5.6e-57  192.2   0.0    20   245    57   298    46   325 0.91 -
Pcitr_chr8:6437665-6435558     -            327 102513at71240        -            275     9e-56  188.2   0.0   1   1   1.3e-57   1.3e-55  187.6   0.0    20   264    49   317    37   326 0.83 -
Pcitr_chr11:6107248-6141220    -            337 102513at71240        -            275   6.2e-55  185.5   0.0   1   1   7.9e-57   7.9e-55  185.1   0.0    20   244    58   297    53   337 0.87 -
Pcitr_chr9:21902231-21900907   -            352 102513at71240        -            275   2.2e-54  183.6   0.0   1   1   3.4e-56   3.4e-54  183.0   0.0    17   272    64   349    52   352 0.85 -
Pcitr_chr2:608576-604485       -            345 102513at71240        -            275   5.2e-54  182.4   0.0   1   1   9.1e-56   9.1e-54  181.6   0.0    21   271    79   345    70   345 0.84 -
Pcitr_chr11:2274536-2273380    -            321 102513at71240        -            275   1.6e-53  180.9   0.0   1   1   2.1e-55   2.1e-53  180.4   0.0    21   242    68   308    59   316 0.89 -
Pcitr_chr7:35790022-35791283   -            334 102513at71240        -            275   2.9e-53  180.0   0.0   1   1   3.9e-55     4e-53  179.5   0.0    20   242    67   308    59   316 0.89 -
Pcitr_chr2:39558003-39619827   -            343 102513at71240        -            275   5.3e-53  179.1   0.0   1   1   8.2e-55   8.2e-53  178.5   0.0    20   274    64   342    57   343 0.87 -
Pcitr_Contig27:617037-615729   -            335 102513at71240        -            275   2.8e-52  176.7   0.0   1   1     4e-54     4e-52  176.2   0.0    20   273    59   333    51   335 0.90 -
Pcitr_chr10:452488-454178      -            321 102513at71240        -            275     3e-52  176.6   0.0   1   1   4.4e-54   4.4e-52  176.1   0.0    20   273    44   318    31   320 0.88 -
Pcitr_chr11:6096683-6141226    -            345 102513at71240        -            275   3.5e-52  176.4   0.0   1   1     5e-54     5e-52  175.9   0.0    20   244    64   303    59   343 0.88 -
Pcitr_chr2:39520626-39518126   -            327 102513at71240        -            275   3.6e-52  176.4   0.0   1   1     6e-54   6.1e-52  175.7   0.0    20   271    48   323    44   327 0.87 -
Pcitr_chr11:1303096-1299760    -            270 102513at71240        -            275   3.6e-51  173.1   0.0   1   1   4.5e-53   4.6e-51  172.8   0.0    30   268     1   264     1   269 0.81 -
Pcitr_chr3:44020892-44019162   -            256 102513at71240        -            275   1.1e-50  171.5   0.0   1   1   1.4e-52   1.4e-50  171.2   0.0    32   256     1   244     1   255 0.84 -
Pcitr_chr8:24754285-24758739   -            326 102513at71240        -            275   3.7e-50  169.8   0.0   1   1   5.1e-52   5.2e-50  169.3   0.0    20   271    53   326    45   326 0.86 -
Pcitr_chr5:15912870-15918717   -            342 102513at71240        -            275     8e-50  168.7   0.0   1   1   1.1e-51   1.1e-49  168.3   0.0    20   246    58   298    50   337 0.84 -
Pcitr_chr5:38162996-38144779   -            312 102513at71240        -            275   8.7e-50  168.6   0.0   1   1   1.1e-51   1.1e-49  168.2   0.0    19   246    46   289    26   311 0.85 -
Pcitr_chr5:38160882-38155304   -            328 102513at71240        -            275   9.6e-50  168.4   0.0   1   1   1.5e-51   1.6e-49  167.7   0.0    19   262    49   315    39   326 0.82 -
Pcitr_chr4:675131-685125       -            301 102513at71240        -            275   7.3e-49  165.5   0.0   1   1   9.9e-51   9.9e-49  165.1   0.0    20   244    45   287    37   291 0.88 -
Pcitr_chr8:24757659-24758739   -            309 102513at71240        -            275   2.5e-48  163.8   0.0   1   1     2e-48     2e-46  157.5   0.0    20   271    52   309    44   309 0.88 -
Pcitr_chr8:20551172-20552519   -            276 102513at71240        -            275   1.7e-47  161.1   0.0   1   1   2.2e-49   2.2e-47  160.7   0.0    20   244    20   262    13   268 0.89 -
Pcitr_chr7:29587290-29586260   -            294 102513at71240        -            275   5.8e-47  159.3   0.0   1   1   7.3e-49   7.4e-47  159.0   0.0    20   245    24   260    15   288 0.84 -
Pcitr_chr8:20564213-20568958   -            293 102513at71240        -            275   5.9e-47  159.3   0.0   1   1   8.6e-49   8.7e-47  158.7   0.0    20   261    23   291    15   293 0.85 -
Pcitr_chr3:26463874-26462322   -            313 102513at71240        -            275   1.2e-46  158.3   0.0   1   1   2.1e-48   2.1e-46  157.5   0.0    20   245    25   276    14   299 0.85 -
Pcitr_chr2:39135635-39153693   -            292 102513at71240        -            275   6.4e-46  155.9   0.0   1   1   8.5e-48   8.5e-46  155.5   0.0    20   244    27   271    19   280 0.86 -
Pcitr_chr2:41117714-41113467   -            335 102513at71240        -            275   4.6e-45  153.1   0.0   1   1   6.3e-47   6.3e-45  152.6   0.0    20   246    65   306    60   313 0.86 -
Pcitr_chr8:36878010-36876833   -            250 102513at71240        -            275   1.7e-44  151.2   0.0   1   1   2.1e-46   2.1e-44  150.9   0.0    31   245     2   227     1   246 0.86 -
Pcitr_chr3:28367155-28365368   -            357 102513at71240        -            275   4.6e-44  149.8   0.0   1   1   6.3e-46   6.4e-44  149.3   0.0    22   266    72   344    58   351 0.84 -
Pcitr_chr5:38138184-38139116   -            256 102513at71240        -            275   5.1e-44  149.6   0.0   1   1   6.7e-46   6.7e-44  149.3   0.0    30   246     1   233     1   255 0.83 -
Pcitr_chr5:36629259-36625606   -            271 102513at71240        -            275   8.3e-44  149.0   0.0   1   1   9.6e-46   9.7e-44  148.7   0.0    31   274     3   270     1   271 0.85 -
Pcitr_chr6:14615924-14609680   -            337 102513at71240        -            275   1.4e-43  148.3   0.0   1   1   4.8e-45   4.8e-43  146.5   0.0    20   257    44   318    36   333 0.78 -
Pcitr_chr4:37734670-37732676   -            351 102513at71240        -            275   7.2e-43  145.9   0.0   1   1   1.1e-44   1.1e-42  145.2   0.0    20   245    60   311    52   347 0.82 -
Pcitr_chr8:7791357-7793367     -            341 102513at71240        -            275   9.8e-43  145.4   0.0   1   1   1.4e-44   1.4e-42  145.0   0.0    20   246    61   303    57   337 0.86 -
Pcitr_chr2:34192256-34193287   -            344 102513at71240        -            275   3.6e-42  143.6   0.0   1   1   4.6e-44   4.7e-42  143.2   0.0    19   236    64   292    53   342 0.82 -
Pcitr_chr2:34164645-34165670   -            342 102513at71240        -            275     4e-42  143.4   0.0   1   1   5.3e-44   5.3e-42  143.0   0.0    19   236    62   290    54   340 0.82 -
Pcitr_chr6:14624790-14622510   -            251 102513at71240        -            275   4.4e-42  143.3   0.0   1   2   4.5e-09   4.5e-07   28.5   0.0    20    58    25    65    20    77 0.84 -
Pcitr_chr6:14624790-14622510   -            251 102513at71240        -            275   4.4e-42  143.3   0.0   2   2     5e-35     5e-33  113.6   0.0    92   245    67   228    64   249 0.87 -
Pcitr_chr10:26417230-26418431  -            283 102513at71240        -            275   5.8e-42  142.9   0.0   1   1   6.9e-44     7e-42  142.7   0.0    20   245    21   260     3   283 0.84 -
Pcitr_chr5:36631471-36630536   -            255 102513at71240        -            275   3.7e-41  140.3   0.0   1   1   4.5e-43   4.5e-41  140.0   0.0    31   243     1   230     1   240 0.87 -
Pcitr_chr8:20542673-20544219   -            267 102513at71240        -            275   1.3e-40  138.5   0.0   1   1   1.6e-42   1.6e-40  138.1   0.0    21   236    30   267    23   267 0.85 -
Pcitr_chr2:34261487-34276480   -            342 102513at71240        -            275   2.2e-40  137.8   0.0   1   1     3e-42     3e-40  137.3   0.0    19   235    67   294    57   308 0.84 -
Pcitr_Contig481:40297-51725    -            344 102513at71240        -            275   2.6e-40  137.5   0.0   1   1   3.6e-42   3.6e-40  137.0   0.0    21   235    74   296    61   310 0.82 -
Pcitr_chr6:8700177-8701089     -            252 102513at71240        -            275   3.4e-40  137.1   0.0   1   1     4e-42   4.1e-40  136.9   0.0    30   245     1   229     1   248 0.84 -
Pcitr_chr4:15114574-15110711   -            308 102513at71240        -            275   4.9e-40  136.6   0.0   1   1   1.9e-39   1.9e-37  128.1   0.0    20   240    43   258    34   303 0.82 -
Pcitr_chr11:6109239-6138041    -            191 102513at71240        -            275   1.4e-38  131.8   0.0   1   1   1.7e-40   1.7e-38  131.5   0.0   101   273     1   188     1   190 0.91 -
Pcitr_chr1:15686090-15691610   -            331 102513at71240        -            275   1.6e-38  131.6   0.0   1   1   2.4e-40   2.4e-38  131.1   0.0    21   265    67   330    57   331 0.81 -
Pcitr_chr2:39561051-39619821   -            187 102513at71240        -            275   2.2e-38  131.2   0.0   1   1   3.3e-40   3.3e-38  130.6   0.0   102   273     1   187     1   187 0.89 -
Pcitr_chr5:38136421-38196899   -            185 102513at71240        -            275   2.6e-37  127.7   0.0   1   1   3.6e-39   3.6e-37  127.2   0.0   100   266     1   180     1   185 0.87 -
Pcitr_Contig24:3416058-3419146 -            257 102513at71240        -            275   2.7e-37  127.6   0.0   1   1   3.2e-39   3.2e-37  127.4   0.0    31   246     2   233     1   252 0.86 -
Pcitr_chr1:42358098-42395913   -            343 102513at71240        -            275   3.9e-37  127.1   0.0   1   1   5.4e-39   5.4e-37  126.6   0.0    20   241    66   306    58   343 0.80 -
Pcitr_chr6:706797-716095       -            306 102513at71240        -            275   3.9e-37  127.1   0.0   1   1   5.3e-39   5.3e-37  126.6   0.0    20   244    27   258    18   267 0.86 -
Pcitr_chr5:35743020-35744082   -            278 102513at71240        -            275   9.8e-37  125.8   0.0   1   1   1.2e-38   1.2e-36  125.5   0.0    19   246    22   261     5   278 0.81 -
Pcitr_chr7:420584-412611       -            293 102513at71240        -            275   1.7e-36  124.9   0.0   1   1   1.9e-37     2e-35  121.5   0.0    21   267    28   285    17   292 0.76 -
Pcitr_chr6:12421193-12422158   -            193 102513at71240        -            275   1.8e-36  124.9   0.0   1   1   2.2e-38   2.2e-36  124.6   0.0   102   244     1   150     1   189 0.86 -
Pcitr_chr1:46350326-46348896   -            308 102513at71240        -            275   1.9e-36  124.8   0.0   1   1   2.7e-38   2.7e-36  124.3   0.0    11   245    38   280    33   295 0.82 -
Pcitr_chr5:15621771-15622879   -            273 102513at71240        -            275   2.3e-36  124.5   0.0   1   1   1.8e-35   1.8e-33  115.1   0.0    20   246    47   262    36   266 0.90 -
Pcitr_chr7:415930-410948       -            354 102513at71240        -            275   2.4e-36  124.5   0.0   1   2   3.6e-37   3.6e-35  120.6   0.0    20   234    66   291    58   296 0.85 -
Pcitr_chr7:415930-410948       -            354 102513at71240        -            275   2.4e-36  124.5   0.0   2   2      0.74        74    1.5   0.0   243   272   322   351   313   354 0.87 -
Pcitr_chr4:3456741-3452023     -            308 102513at71240        -            275   3.5e-36  123.9   0.0   1   2   0.00042     0.042   12.2   0.0    20    51    59    90    51   107 0.80 -
Pcitr_chr4:3456741-3452023     -            308 102513at71240        -            275   3.5e-36  123.9   0.0   2   2   6.2e-34   6.3e-32  110.0   0.0    81   267   101   308    95   308 0.81 -
Pcitr_chr7:1077594-1076621     -            280 102513at71240        -            275   3.7e-36  123.9   0.0   1   1   5.4e-38   5.5e-36  123.3   0.0    20   237     6   234     3   280 0.77 -
Pcitr_chr11:12346382-12347263  -            186 102513at71240        -            275   6.5e-36  123.1   0.0   1   1   8.9e-38   8.9e-36  122.6   0.0   102   271     1   186     1   186 0.91 -
Pcitr_chr7:26891752-26892039   -             96 102513at71240        -            275   1.2e-35  122.2   0.1   1   1   1.9e-37   1.9e-35  121.5   0.1   189   274     1    96     1    96 0.92 -
Pcitr_chr6:692094-693691       -            270 102513at71240        -            275     1e-34  119.1   0.0   1   1   1.7e-35   1.8e-33  115.1   0.0    20   244    33   247    24   256 0.88 -
Pcitr_chr7:1299329-1301546     -            234 102513at71240        -            275   1.1e-34  119.0   0.0   1   2   5.4e-07   5.4e-05   21.6   0.0    20    47    31    58    24    69 0.86 -
Pcitr_chr7:1299329-1301546     -            234 102513at71240        -            275   1.1e-34  119.0   0.0   2   2   1.5e-29   1.5e-27   95.6   0.0   100   256    71   230    63   234 0.90 -
Pcitr_chr1:42347571-42348362   -            189 102513at71240        -            275   4.1e-34  117.2   0.0   1   1   5.7e-36   5.7e-34  116.7   0.0   105   270     3   184     1   189 0.88 -
Pcitr_chr1:42377687-42395937   -            302 102513at71240        -            275   4.3e-34  117.1   0.0   1   2   4.9e-05    0.0049   15.2   0.0    21    53    46    78    34    91 0.83 -
Pcitr_chr1:42377687-42395937   -            302 102513at71240        -            275   4.3e-34  117.1   0.0   2   2   8.6e-31   8.7e-29   99.7   0.0   102   268   116   295    99   301 0.81 -
Pcitr_chr1:43669619-43670816   -            248 102513at71240        -            275   1.5e-33  115.3   0.0   1   2     2e-05    0.0021   16.5   0.0    20    47    46    73    38    80 0.86 -
Pcitr_chr1:43669619-43670816   -            248 102513at71240        -            275   1.5e-33  115.3   0.0   2   2   4.9e-30   4.9e-28   97.2   0.0    95   246    80   235    76   248 0.87 -
Pcitr_chr5:38135801-38222037   -            255 102513at71240        -            275   3.8e-33  114.0   0.1   1   1   4.6e-35   4.6e-33  113.7   0.1    19   202    51   251    29   255 0.82 -
Pcitr_chr5:36641428-36630518   -            178 102513at71240        -            275   8.4e-33  112.9   0.0   1   1   9.3e-35   9.3e-33  112.7   0.0   102   244     1   148     1   173 0.91 -
Pcitr_chr9:1057002-1055976     -            193 102513at71240        -            275   2.2e-32  111.5   0.0   1   1   8.4e-34   8.4e-32  109.6   0.0   101   271     1   193     1   193 0.88 -
Pcitr_chr5:28420845-28421678   -            209 102513at71240        -            275   3.5e-31  107.6   0.1   1   2   1.6e-08   1.6e-06   26.6   0.0    20    58    25    65    11    73 0.77 -
Pcitr_chr5:28420845-28421678   -            209 102513at71240        -            275   3.5e-31  107.6   0.1   2   2   1.6e-24   1.6e-22   79.1   0.0    97   209    90   209    78   209 0.88 -
Pcitr_chr8:17221846-17220309   -            288 102513at71240        -            275   9.3e-31  106.2   0.0   1   2   0.00069     0.069   11.5   0.0    16    57    43    86    34   103 0.74 -
Pcitr_chr8:17221846-17220309   -            288 102513at71240        -            275   9.3e-31  106.2   0.0   2   2   9.2e-29   9.3e-27   93.0   0.0   101   245   112   260    93   281 0.89 -
Pcitr_chr1:22231234-22230240   -            184 102513at71240        -            275   1.2e-30  105.7   0.0   1   1   4.8e-32   4.8e-30  103.8   0.0   117   272     3   180     1   183 0.85 -
Pcitr_Contig24:3416398-3419179 -            184 102513at71240        -            275   1.7e-29  102.1   0.0   1   1   1.9e-31   1.9e-29  101.9   0.0   103   246     2   149     1   175 0.91 -
Pcitr_chr6:728216-731383       -            294 102513at71240        -            275     3e-29  101.2   0.0   1   1   9.6e-31   9.7e-29   99.5   0.0    20   244    48   284    39   288 0.79 -
Pcitr_chr4:27177391-27177972   -            194 102513at71240        -            275   6.4e-29  100.1   0.0   1   1   7.6e-31   7.7e-29   99.9   0.0   102   245     1   151     1   165 0.89 -
Pcitr_chr4:14956498-14957582   -            202 102513at71240        -            275   1.2e-28   99.2   0.1   1   1   1.3e-29   1.3e-27   95.9   0.1    20   203    26   200    16   202 0.85 -
Pcitr_Contig24:3404335-3417032 -            187 102513at71240        -            275     9e-28   96.4   0.0   1   1   1.1e-29   1.1e-27   96.1   0.0   102   247     2   152     1   175 0.86 -
Pcitr_chr1:25911767-25912809   -            297 102513at71240        -            275   6.2e-27   93.6   0.0   1   1   7.9e-28   7.9e-26   90.0   0.0    14   244    11   273     6   278 0.77 -
Pcitr_chr1:42377636-42393822   -            242 102513at71240        -            275   1.2e-26   92.7   0.0   1   1   6.5e-28   6.5e-26   90.3   0.0    21   202    63   242    52   242 0.81 -
Pcitr_chr5:38941502-38947932   -            185 102513at71240        -            275   4.7e-26   90.7   0.0   1   1   7.4e-28   7.4e-26   90.1   0.0   102   258    19   184    16   185 0.87 -
Pcitr_chr6:14612821-14610031   -            237 102513at71240        -            275   6.4e-25   87.0   0.0   1   1   1.7e-26   1.7e-24   85.6   0.0    20   202    47   237    41   237 0.74 -
Pcitr_Contig16:2082-1447       -            184 102513at71240        -            275   1.3e-23   82.8   0.0   1   1   1.4e-25   1.4e-23   82.6   0.0   104   246     2   149     1   176 0.84 -
Pcitr_chr6:18662895-18661385   -            204 102513at71240        -            275   2.3e-23   81.9   0.0   1   2   5.6e-06   0.00056   18.3   0.0    21    46    17    42     2    62 0.77 -
Pcitr_chr6:18662895-18661385   -            204 102513at71240        -            275   2.3e-23   81.9   0.0   2   2     3e-19     3e-17   61.9   0.0   101   205    95   203    86   204 0.92 -
Pcitr_chr3:4886120-4887597     -            188 102513at71240        -            275   4.7e-23   80.9   0.0   1   1   9.9e-24     1e-21   76.5   0.0    19   184    27   180    17   188 0.82 -
Pcitr_chr1:41756723-41751539   -            253 102513at71240        -            275   8.5e-23   80.1   1.0   1   3    0.0089       0.9    7.8   0.1    44    96    48   108    32   120 0.65 -
Pcitr_chr1:41756723-41751539   -            253 102513at71240        -            275   8.5e-23   80.1   1.0   2   3   2.6e-10   2.6e-08   32.5   0.0   124   175   116   168   111   169 0.89 -
Pcitr_chr1:41756723-41751539   -            253 102513at71240        -            275   8.5e-23   80.1   1.0   3   3   8.2e-12   8.2e-10   37.5   0.1   205   273   168   246   167   248 0.84 -
Pcitr_chr4:32071628-32073223   -            220 102513at71240        -            275   3.9e-20   71.3   0.0   1   1     5e-22     5e-20   71.0   0.0    20   207    23   219    17   220 0.79 -
Pcitr_chr3:4884239-4884544     -            102 102513at71240        -            275   4.1e-17   61.4   0.0   1   1   4.2e-19   4.3e-17   61.4   0.0   114   202     2    94     1   102 0.84 -
Pcitr_chr6:128259-129283       -            199 102513at71240        -            275   1.4e-16   59.6   0.0   1   2   1.6e-08   1.6e-06   26.6   0.0    19    60    36    79    25    85 0.83 -
Pcitr_chr6:128259-129283       -            199 102513at71240        -            275   1.4e-16   59.6   0.0   2   2   4.3e-10   4.3e-08   31.8   0.0   100   205    89   198    76   199 0.77 -
Pcitr_chr6:66816-67828         -            228 102513at71240        -            275   4.6e-16   57.9   0.0   1   1     1e-17     1e-15   56.8   0.0    20   207    31   227    23   228 0.81 -
Pcitr_chr11:2761678-2761103    -            192 102513at71240        -            275     3e-15   55.3   0.0   1   1   3.3e-17   3.3e-15   55.1   0.0   105   234     1   139     1   178 0.81 -
Pcitr_chr5:36626614-36626360   -             85 102513at71240        -            275     4e-07   28.6   0.0   1   1   4.5e-09   4.5e-07   28.5   0.0    28   100     1    79     1    84 0.86 -
Pcitr_chr4:15113662-15113294   -            123 102513at71240        -            275   4.1e-07   28.6   0.0   1   1   4.8e-09   4.8e-07   28.4   0.0    20    81    54   123    34   123 0.74 -
Pcitr_chr7:412095-411835       -             87 102513at71240        -            275   1.7e-06   26.6   0.0   1   1   1.9e-08   1.9e-06   26.4   0.0    20    58    46    84    34    87 0.89 -
Pcitr_chr9:1058148-1057768     -            127 102513at71240        -            275   1.3e-05   23.6   0.0   1   1   1.6e-07   1.6e-05   23.4   0.0    20    82    56   126    42   127 0.68 -
#
# Program:         hmmsearch
# Version:         3.3.2 (Nov 2020)
# Pipeline mode:   SEARCH
# Query file:      /scratch/srb67793/Pelargonium/busco_downloads/lineages/eudicots_odb10/hmms/102513at71240.hmm
# Target file:     /scratch/srb67793/Pelargonium/Pelargonium-PreviousAssembly-busco/run_eudicots_odb10/metaeuk_output/initial_results/Pcitr_Genome-final.fasta.modified.fas
# Option settings: hmmsearch --domtblout /scratch/srb67793/Pelargonium/Pelargonium-PreviousAssembly-busco/run_eudicots_odb10/hmmer_output/initial_run_results/102513at71240.out --cpu 1 /scratch/srb67793/Pelargonium/busco_downloads/lineages/eudicots_odb10/hmms/102513at71240.hmm /scratch/srb67793/Pelargonium/Pelargonium-PreviousAssembly-busco/run_eudicots_odb10/metaeuk_output/initial_results/Pcitr_Genome-final.fasta.modified.fas 
# Current dir:     /scratch/srb67793/Pelargonium
# Date:            Tue Jul  9 10:56:26 2024
# [ok]
