#                                                                                     --- full sequence --- -------------- this domain -------------   hmm coord   ali coord   env coord
# target name                 accession   tlen query name           accession   qlen   E-value  score  bias   #  of  c-Evalue  i-Evalue  score  bias  from    to  from    to  from    to  acc description of target
#         ------------------- ---------- ----- -------------------- ---------- ----- --------- ------ ----- --- --- --------- --------- ------ ----- ----- ----- ----- ----- ----- ----- ---- ---------------------
Pcitr_chr10:3005433-3001596   -            366 102640at71240        -            313  7.9e-167  552.9   2.3   1   2   1.7e-07   0.00011   20.3   0.1     1    25     7    33     7    35 0.85 -
Pcitr_chr10:3005433-3001596   -            366 102640at71240        -            313  7.9e-167  552.9   2.3   2   2  4.4e-162  2.9e-159  528.1   0.4    25   313    59   354    52   354 0.94 -
Pcitr_chr8:33524809-33530205  -            368 102640at71240        -            313  1.3e-101  338.7   0.4   1   3       1.7   1.1e+03   -2.7   0.0     4    16     1    13     1    24 0.71 -
Pcitr_chr8:33524809-33530205  -            368 102640at71240        -            313  1.3e-101  338.7   0.4   2   3   3.5e-41   2.3e-38  130.9   0.0    24   152   103   229    86   235 0.85 -
Pcitr_chr8:33524809-33530205  -            368 102640at71240        -            313  1.3e-101  338.7   0.4   3   3   4.1e-64   2.6e-61  206.3   0.0   176   312   231   367   228   368 0.97 -
Pcitr_chr1:37937706-37942250  -            335 102640at71240        -            313   2.8e-98  327.7   2.8   1   3       1.3   8.6e+02   -2.3   0.1     4    21     1    20     1    24 0.68 -
Pcitr_chr1:37937706-37942250  -            335 102640at71240        -            313   2.8e-98  327.7   2.8   2   3     4e-36   2.6e-33  114.3   0.3    25   151    87   197    65   202 0.81 -
Pcitr_chr1:37937706-37942250  -            335 102640at71240        -            313   2.8e-98  327.7   2.8   3   3   4.5e-66   2.9e-63  212.7   0.0   180   312   202   334   199   335 0.98 -
Pcitr_chr3:21107874-21106421  -            273 102640at71240        -            313   7.3e-45  152.3   0.0   1   1   2.4e-47   1.6e-44  151.2   0.0    42   312     4   273     1   273 0.84 -
Pcitr_chr2:2351175-2366729    -            302 102640at71240        -            313     4e-39  133.4   0.0   1   1     7e-42   4.5e-39  133.2   0.0    36   311    16   301     4   302 0.87 -
Pcitr_chr10:26546053-26544018 -            307 102640at71240        -            313   9.2e-38  129.0   0.0   1   1   1.7e-40   1.1e-37  128.7   0.0    35   311    15   306     5   307 0.79 -
Pcitr_chr8:10201127-10203284  -            231 102640at71240        -            313   7.8e-37  125.9   0.1   1   2   6.6e-23   4.3e-20   70.9   0.0    49   173     5   127     1   141 0.85 -
Pcitr_chr8:10201127-10203284  -            231 102640at71240        -            313   7.8e-37  125.9   0.1   2   2     1e-17   6.5e-15   53.9   0.0   220   308   139   230   130   231 0.84 -
Pcitr_chr5:19320297-19317022  -            232 102640at71240        -            313     9e-37  125.7   0.3   1   2   5.5e-24   3.5e-21   74.5   0.0    46   173     8   133     2   138 0.86 -
Pcitr_chr5:19320297-19317022  -            232 102640at71240        -            313     9e-37  125.7   0.3   2   2   1.7e-16   1.1e-13   49.9   0.0   222   310   137   228   133   231 0.85 -
Pcitr_chr1:36086494-36085568  -            309 102640at71240        -            313   3.7e-36  123.7   0.0   1   1   7.4e-39   4.8e-36  123.3   0.0    38   309    28   306    14   309 0.81 -
Pcitr_chr5:14602677-14603579  -            301 102640at71240        -            313   6.7e-36  122.8   0.0   1   1     2e-38   1.3e-35  121.9   0.0    42   311    22   300     6   301 0.80 -
Pcitr_chr3:20116000-20115062  -            313 102640at71240        -            313   6.4e-35  119.6   0.0   1   1   1.5e-37   9.7e-35  119.0   0.0    44   311    35   312    17   313 0.80 -
Pcitr_chr6:13730149-13727346  -            242 102640at71240        -            313     2e-34  118.0   0.2   1   2   1.5e-21     1e-18   66.4   0.0    43   191     5   153     1   162 0.83 -
Pcitr_chr6:13730149-13727346  -            242 102640at71240        -            313     2e-34  118.0   0.2   2   2   8.1e-17   5.3e-14   50.9   0.1   240   312   163   237   144   238 0.79 -
Pcitr_chr1:5706447-5709441    -            228 102640at71240        -            313   2.5e-21   75.0   0.0   1   1   4.5e-24   2.9e-21   74.7   0.0    37   193    26   191    11   227 0.81 -
Pcitr_chr8:18606920-18611336  -            338 102640at71240        -            313   1.8e-05   22.9   0.0   1   1   3.2e-08   2.1e-05   22.7   0.0    82   166    98   181    75   294 0.73 -
Pcitr_chr3:12757397-12752429  -            373 102640at71240        -            313    0.0023   16.0   0.0   1   1   5.9e-06    0.0038   15.2   0.0    51   106   119   174   107   251 0.69 -
#
# Program:         hmmsearch
# Version:         3.3.2 (Nov 2020)
# Pipeline mode:   SEARCH
# Query file:      /scratch/srb67793/Pelargonium/busco_downloads/lineages/eudicots_odb10/hmms/102640at71240.hmm
# Target file:     /scratch/srb67793/Pelargonium/Pelargonium-PreviousAssembly-busco/run_eudicots_odb10/metaeuk_output/initial_results/Pcitr_Genome-final.fasta.modified.fas
# Option settings: hmmsearch --domtblout /scratch/srb67793/Pelargonium/Pelargonium-PreviousAssembly-busco/run_eudicots_odb10/hmmer_output/initial_run_results/102640at71240.out --cpu 1 /scratch/srb67793/Pelargonium/busco_downloads/lineages/eudicots_odb10/hmms/102640at71240.hmm /scratch/srb67793/Pelargonium/Pelargonium-PreviousAssembly-busco/run_eudicots_odb10/metaeuk_output/initial_results/Pcitr_Genome-final.fasta.modified.fas 
# Current dir:     /scratch/srb67793/Pelargonium
# Date:            Tue Jul  9 10:56:27 2024
# [ok]
