#                                                                                     --- full sequence --- -------------- this domain -------------   hmm coord   ali coord   env coord
# target name                 accession   tlen query name           accession   qlen   E-value  score  bias   #  of  c-Evalue  i-Evalue  score  bias  from    to  from    to  from    to  acc description of target
#         ------------------- ---------- ----- -------------------- ---------- ----- --------- ------ ----- --- --- --------- --------- ------ ----- ----- ----- ----- ----- ----- ----- ---- ---------------------
Pcitr_chr5:30933302-30938854  -            309 105445at71240        -            282  1.3e-150  499.6   7.9   1   1  4.2e-153  3.1e-150  498.4   7.9     2   282     7   309     6   309 0.93 -
Pcitr_chr8:33749597-33726557  -           1358 105445at71240        -            282   4.7e-43  146.7   3.5   1   4   5.5e-14   4.2e-11   41.9   0.1     2   239     1   225     1   232 0.86 -
Pcitr_chr8:33749597-33726557  -           1358 105445at71240        -            282   4.7e-43  146.7   3.5   2   4   5.6e-12   4.2e-09   35.4   0.1     1    84   296   378   296   387 0.93 -
Pcitr_chr8:33749597-33726557  -           1358 105445at71240        -            282   4.7e-43  146.7   3.5   3   4   4.2e-20   3.1e-17   62.0   0.9    88   242   406   560   385   600 0.78 -
Pcitr_chr8:33749597-33726557  -           1358 105445at71240        -            282   4.7e-43  146.7   3.5   4   4      0.18   1.4e+02    0.9   0.0   101   178   633   710   607   720 0.87 -
Pcitr_chr3:11127977-11128864  -            296 105445at71240        -            282   7.1e-34  116.6   0.3   1   1   1.3e-36   9.8e-34  116.2   0.3     1   248     8   249     8   273 0.87 -
Pcitr_chr5:34537061-34536255  -            269 105445at71240        -            282   1.8e-33  115.3   3.4   1   1   2.8e-36   2.1e-33  115.1   3.4     2   215     1   216     1   252 0.91 -
Pcitr_chr5:34539529-34538522  -            336 105445at71240        -            282   4.6e-33  114.0   1.5   1   1   8.6e-36   6.4e-33  113.5   1.5     1   254    37   285    37   290 0.90 -
Pcitr_chr1:37835151-37815565  -           1321 105445at71240        -            282   2.2e-31  108.5  10.4   1   3   1.5e-08   1.1e-05   24.1   0.1     2   210     2   191     1   197 0.79 -
Pcitr_chr1:37835151-37815565  -           1321 105445at71240        -            282   2.2e-31  108.5  10.4   2   3   1.3e-23     1e-20   73.5   6.0     1   223   262   475   262   532 0.86 -
Pcitr_chr1:37835151-37815565  -           1321 105445at71240        -            282   2.2e-31  108.5  10.4   3   3       5.3   3.9e+03   -3.9   0.0   159   181   629   652   569   659 0.60 -
Pcitr_chr7:34188943-34188389  -            185 105445at71240        -            282   5.5e-05   21.8   0.1   1   1   1.6e-07   0.00012   20.8   0.1     1   168     2   183     2   185 0.73 -
Pcitr_chr11:3211433-3211987   -            185 105445at71240        -            282    0.0001   20.9   0.1   1   1   3.6e-07   0.00027   19.6   0.1     1   168     2   183     2   185 0.76 -
Pcitr_chr7:29812470-29812553  -             28 105445at71240        -            282    0.0067   15.0   0.0   1   1   8.9e-06    0.0067   15.0   0.0     2    26     1    25     1    28 0.93 -
Pcitr_chr8:33749597-33749514  -             28 105445at71240        -            282    0.0067   15.0   0.0   1   1   8.9e-06    0.0067   15.0   0.0     2    26     1    25     1    28 0.93 -
Pcitr_chr8:9580082-9580639    -            186 105445at71240        -            282     0.024   13.2   0.3   1   1   0.00014       0.1   11.1   0.3     1   150     2   159     2   186 0.59 -
Pcitr_chr5:18107958-18108527  -            190 105445at71240        -            282     0.035   12.6   0.3   1   1   0.00021      0.16   10.5   0.3     1   150     6   163     6   190 0.57 -
Pcitr_chr10:31857626-31867642 -            743 105445at71240        -            282     0.046   12.3   0.0   1   1   0.00012     0.089   11.3   0.0   137   184   391   438   381   465 0.84 -
#
# Program:         hmmsearch
# Version:         3.3.2 (Nov 2020)
# Pipeline mode:   SEARCH
# Query file:      /scratch/srb67793/Pelargonium/busco_downloads/lineages/eudicots_odb10/hmms/105445at71240.hmm
# Target file:     /scratch/srb67793/Pelargonium/Pelargonium-PreviousAssembly-busco/run_eudicots_odb10/metaeuk_output/initial_results/Pcitr_Genome-final.fasta.modified.fas
# Option settings: hmmsearch --domtblout /scratch/srb67793/Pelargonium/Pelargonium-PreviousAssembly-busco/run_eudicots_odb10/hmmer_output/initial_run_results/105445at71240.out --cpu 1 /scratch/srb67793/Pelargonium/busco_downloads/lineages/eudicots_odb10/hmms/105445at71240.hmm /scratch/srb67793/Pelargonium/Pelargonium-PreviousAssembly-busco/run_eudicots_odb10/metaeuk_output/initial_results/Pcitr_Genome-final.fasta.modified.fas 
# Current dir:     /scratch/srb67793/Pelargonium
# Date:            Tue Jul  9 10:56:33 2024
# [ok]
