#                                                                                     --- full sequence --- -------------- this domain -------------   hmm coord   ali coord   env coord
# target name                 accession   tlen query name           accession   qlen   E-value  score  bias   #  of  c-Evalue  i-Evalue  score  bias  from    to  from    to  from    to  acc description of target
#         ------------------- ---------- ----- -------------------- ---------- ----- --------- ------ ----- --- --- --------- --------- ------ ----- ----- ----- ----- ----- ----- ----- ---- ---------------------
Pcitr_chr6:27255648-27262817  -           1123 11508at71240         -            865         0 1396.7  14.9   1   5   0.00056       1.8    5.8   4.7     2    31    11    41    10    62 0.79 -
Pcitr_chr6:27255648-27262817  -           1123 11508at71240         -            865         0 1396.7  14.9   2   5   3.8e-06     0.012   12.9   0.3    27    66    73   112    49   139 0.75 -
Pcitr_chr6:27255648-27262817  -           1123 11508at71240         -            865         0 1396.7  14.9   3   5   5.2e-46   1.7e-42  144.8   0.0    66   150   151   238   137   265 0.87 -
Pcitr_chr6:27255648-27262817  -           1123 11508at71240         -            865         0 1396.7  14.9   4   5         0         0 1171.8   0.0   156   823   331  1047   320  1051 0.93 -
Pcitr_chr6:27255648-27262817  -           1123 11508at71240         -            865         0 1396.7  14.9   5   5   1.3e-21   4.3e-18   64.1   0.1   819   865  1077  1123  1062  1123 0.91 -
Pcitr_Contig27:470327-460859  -            781 11508at71240         -            865   3.7e-27   94.1   0.1   1   2   1.4e-24   4.5e-21   74.0   0.1   331   463   377   509   341   588 0.91 -
Pcitr_Contig27:470327-460859  -            781 11508at71240         -            865   3.7e-27   94.1   0.1   2   2   1.2e-07   0.00037   18.0   0.0   641   676   639   674   620   689 0.87 -
Pcitr_chr10:25087611-25122400 -            776 11508at71240         -            865   1.7e-24   85.2   0.1   1   2     7e-23   2.3e-19   68.3   0.0   327   462   370   505   337   516 0.90 -
Pcitr_chr10:25087611-25122400 -            776 11508at71240         -            865   1.7e-24   85.2   0.1   2   2   1.1e-06    0.0036   14.7   0.0   643   674   636   667   626   672 0.89 -
#
# Program:         hmmsearch
# Version:         3.3.2 (Nov 2020)
# Pipeline mode:   SEARCH
# Query file:      /scratch/srb67793/Pelargonium/busco_downloads/lineages/eudicots_odb10/hmms/11508at71240.hmm
# Target file:     /scratch/srb67793/Pelargonium/Pelargonium-PreviousAssembly-busco/run_eudicots_odb10/metaeuk_output/initial_results/Pcitr_Genome-final.fasta.modified.fas
# Option settings: hmmsearch --domtblout /scratch/srb67793/Pelargonium/Pelargonium-PreviousAssembly-busco/run_eudicots_odb10/hmmer_output/initial_run_results/11508at71240.out --cpu 1 /scratch/srb67793/Pelargonium/busco_downloads/lineages/eudicots_odb10/hmms/11508at71240.hmm /scratch/srb67793/Pelargonium/Pelargonium-PreviousAssembly-busco/run_eudicots_odb10/metaeuk_output/initial_results/Pcitr_Genome-final.fasta.modified.fas 
# Current dir:     /scratch/srb67793/Pelargonium
# Date:            Tue Jul  9 10:56:26 2024
# [ok]
