#                                                                                     --- full sequence --- -------------- this domain -------------   hmm coord   ali coord   env coord
# target name                 accession   tlen query name           accession   qlen   E-value  score  bias   #  of  c-Evalue  i-Evalue  score  bias  from    to  from    to  from    to  acc description of target
#         ------------------- ---------- ----- -------------------- ---------- ----- --------- ------ ----- --- --- --------- --------- ------ ----- ----- ----- ----- ----- ----- ----- ---- ---------------------
Pcitr_chr8:11792045-11794620  -            407 116909at71240        -            278  3.2e-139  462.0  12.4   1   2  7.7e-118  2.7e-115  383.5   7.2     1   234    13   278    13   289 0.91 -
Pcitr_chr8:11792045-11794620  -            407 116909at71240        -            278  3.2e-139  462.0  12.4   2   2   7.6e-25   2.7e-22   78.4   0.2   233   278   354   399   318   399 0.89 -
Pcitr_chr8:14275364-14274831  -            153 116909at71240        -            278   1.4e-08   33.4   0.1   1   1   6.5e-11   2.3e-08   32.7   0.1     7   135     2   147     1   152 0.71 -
Pcitr_chr2:37759229-37754086  -            174 116909at71240        -            278   1.5e-07   30.1   0.1   1   1   7.9e-10   2.8e-07   29.2   0.1     7   114    11   132     8   164 0.75 -
Pcitr_chr9:33712304-33715759  -            171 116909at71240        -            278   1.5e-07   30.1   0.2   1   1   7.9e-10   2.8e-07   29.2   0.2     7   129    12   145     9   165 0.71 -
Pcitr_chr11:5464084-5466020   -            173 116909at71240        -            278   2.3e-07   29.4   0.0   1   1   9.8e-10   3.4e-07   28.9   0.0     7   139     3   144     2   156 0.74 -
Pcitr_chr2:34766334-34768899  -            160 116909at71240        -            278   2.9e-07   29.1   0.3   1   1   1.4e-09   4.8e-07   28.4   0.3     7   119     2   128     1   156 0.74 -
Pcitr_chr4:187785-190605      -            173 116909at71240        -            278   4.1e-07   28.6   0.1   1   1   2.1e-09   7.4e-07   27.8   0.1     7   115    11   133     8   166 0.73 -
Pcitr_chr7:3890404-3892051    -            176 116909at71240        -            278     6e-07   28.1   0.1   1   1     3e-09     1e-06   27.3   0.1     7   117    12   136     9   165 0.75 -
Pcitr_chr9:32528834-32526764  -            176 116909at71240        -            278   1.2e-06   27.1   0.2   1   1     6e-09   2.1e-06   26.3   0.2     7   118    12   137     9   169 0.74 -
Pcitr_chr4:34744169-34746338  -            153 116909at71240        -            278   1.4e-06   26.8   0.0   1   1   6.7e-09   2.3e-06   26.1   0.0     7   116     2   125     1   150 0.71 -
Pcitr_chr3:8936080-8933828    -            161 116909at71240        -            278   1.4e-06   26.8   0.1   1   1   7.1e-09   2.5e-06   26.0   0.1     7   116     2   125     1   152 0.70 -
Pcitr_chr2:9795324-9793711    -            157 116909at71240        -            278     2e-06   26.4   0.1   1   1   1.3e-08   4.4e-06   25.2   0.1     7   139     2   146     1   155 0.72 -
Pcitr_chr6:14329370-14420801  -            163 116909at71240        -            278   2.5e-06   26.0   0.1   1   1   1.8e-08   6.4e-06   24.7   0.1     7   139     2   147     1   159 0.73 -
Pcitr_chr11:8056493-8054571   -            196 116909at71240        -            278   3.4e-06   25.6   0.0   1   1   1.9e-08   6.7e-06   24.6   0.0     7   116    33   156    30   186 0.74 -
Pcitr_chr6:6148159-6150113    -            164 116909at71240        -            278   4.7e-06   25.1   0.2   1   1   2.3e-08   8.2e-06   24.3   0.2     7   141     2   150     1   160 0.71 -
Pcitr_chr10:27505811-27507844 -            173 116909at71240        -            278   5.1e-06   25.0   0.2   1   1   2.7e-08   9.3e-06   24.2   0.2     7   140    13   158    10   168 0.71 -
Pcitr_chr9:3932265-3934639    -            172 116909at71240        -            278   5.8e-06   24.8   0.0   1   1   2.3e-08   8.1e-06   24.4   0.0     7   133    21   158    16   170 0.72 -
Pcitr_chr3:22306156-22304496  -            157 116909at71240        -            278   9.2e-06   24.2   0.1   1   1   5.4e-08   1.9e-05   23.2   0.1     7   116     2   131     1   153 0.67 -
Pcitr_chr8:21101562-21104151  -            167 116909at71240        -            278   1.7e-05   23.3   0.0   1   1   8.2e-08   2.8e-05   22.6   0.0     7   128    16   148    13   165 0.68 -
Pcitr_chr3:20397036-20399654  -            180 116909at71240        -            278   3.1e-05   22.4   0.0   1   1     2e-07   7.1e-05   21.3   0.0     4   113    24   148    21   175 0.72 -
Pcitr_chr5:33731622-33731332  -             97 116909at71240        -            278   3.4e-05   22.3   0.1   1   1   1.6e-07   5.5e-05   21.6   0.1     7    88     2    95     1    97 0.75 -
Pcitr_chr6:12949023-12946630  -            179 116909at71240        -            278   9.8e-05   20.8   0.0   1   1     7e-07   0.00024   19.5   0.0     4   116    23   150    20   175 0.71 -
Pcitr_chr8:8182785-8181385    -             95 116909at71240        -            278   0.00036   19.0   0.1   1   1   1.6e-06   0.00056   18.3   0.1     7    87     2    94     1    95 0.74 -
Pcitr_chr10:31716906-31714872 -            149 116909at71240        -            278   0.00039   18.8   0.0   1   1   1.1e-06   0.00039   18.8   0.0    61   120    60   121     1   144 0.77 -
Pcitr_chr10:11438394-11463709 -            507 116909at71240        -            278    0.0021   16.5   0.1   1   2    0.0056       1.9    6.7   0.0     7    29     9    31     6    42 0.89 -
Pcitr_chr10:11438394-11463709 -            507 116909at71240        -            278    0.0021   16.5   0.1   2   2    0.0035       1.2    7.4   0.0     5    28   215   238   211   260 0.87 -
Pcitr_chr1:45305339-45305689  -            117 116909at71240        -            278    0.0041   15.5   0.0   1   1   1.7e-05     0.006   14.9   0.0     7    48    22    63    18   117 0.63 -
Pcitr_chr10:18408724-18403300 -            517 116909at71240        -            278     0.012   13.9   0.8   1   3     0.071        25    3.1   0.0     5    24    20    39    16    48 0.89 -
Pcitr_chr10:18408724-18403300 -            517 116909at71240        -            278     0.012   13.9   0.8   2   3     0.045        16    3.7   0.0     8    26   221   239   215   243 0.87 -
Pcitr_chr10:18408724-18403300 -            517 116909at71240        -            278     0.012   13.9   0.8   3   3     0.043        15    3.8   0.1    37   113   273   352   268   368 0.73 -
Pcitr_chr11:4407362-4406371   -            228 116909at71240        -            278     0.024   13.0   0.0   1   1   9.7e-05     0.034   12.5   0.0     7    52    58   102    51   124 0.82 -
#
# Program:         hmmsearch
# Version:         3.3.2 (Nov 2020)
# Pipeline mode:   SEARCH
# Query file:      /scratch/srb67793/Pelargonium/busco_downloads/lineages/eudicots_odb10/hmms/116909at71240.hmm
# Target file:     /scratch/srb67793/Pelargonium/Pelargonium-PreviousAssembly-busco/run_eudicots_odb10/metaeuk_output/initial_results/Pcitr_Genome-final.fasta.modified.fas
# Option settings: hmmsearch --domtblout /scratch/srb67793/Pelargonium/Pelargonium-PreviousAssembly-busco/run_eudicots_odb10/hmmer_output/initial_run_results/116909at71240.out --cpu 1 /scratch/srb67793/Pelargonium/busco_downloads/lineages/eudicots_odb10/hmms/116909at71240.hmm /scratch/srb67793/Pelargonium/Pelargonium-PreviousAssembly-busco/run_eudicots_odb10/metaeuk_output/initial_results/Pcitr_Genome-final.fasta.modified.fas 
# Current dir:     /scratch/srb67793/Pelargonium
# Date:            Tue Jul  9 10:56:37 2024
# [ok]
