#                                                                                      --- full sequence --- -------------- this domain -------------   hmm coord   ali coord   env coord
# target name                  accession   tlen query name           accession   qlen   E-value  score  bias   #  of  c-Evalue  i-Evalue  score  bias  from    to  from    to  from    to  acc description of target
#          ------------------- ---------- ----- -------------------- ---------- ----- --------- ------ ----- --- --- --------- --------- ------ ----- ----- ----- ----- ----- ----- ----- ---- ---------------------
Pcitr_chr3:9307659-9300804     -            787 11772at71240         -            661         0 1245.1  15.3   1   2    0.0018       0.4    7.7   0.2     2    28    15    42    14    50 0.86 -
Pcitr_chr3:9307659-9300804     -            787 11772at71240         -            661         0 1245.1  15.3   2   2         0         0 1240.6   9.8    19   661    76   786    63   786 0.93 -
Pcitr_chr1:47297677-47295801   -            336 11772at71240         -            661   1.7e-18   65.1   0.1   1   2   5.8e-05     0.013   12.7   0.1   296   383    52   128    44   151 0.69 -
Pcitr_chr1:47297677-47295801   -            336 11772at71240         -            661   1.7e-18   65.1   0.1   2   2   2.4e-16   5.3e-14   50.3   0.0   472   608   169   310   151   313 0.80 -
Pcitr_chr2:20551660-20550330   -            379 11772at71240         -            661   5.4e-18   63.5   0.7   1   2   0.00013     0.028   11.5   0.1   303   410    89   192    30   199 0.70 -
Pcitr_chr2:20551660-20550330   -            379 11772at71240         -            661   5.4e-18   63.5   0.7   2   2     2e-16   4.4e-14   50.6   0.0   514   610   258   355   245   359 0.89 -
Pcitr_chr2:20591066-20592395   -            379 11772at71240         -            661   4.6e-17   60.4   1.0   1   2   0.00013     0.028   11.5   0.1   303   410    89   192    30   199 0.70 -
Pcitr_chr2:20591066-20592395   -            379 11772at71240         -            661   4.6e-17   60.4   1.0   2   2   1.4e-15   3.1e-13   47.7   0.1   514   608   258   353   246   357 0.89 -
Pcitr_chr5:36523270-36520689   -            383 11772at71240         -            661   1.2e-16   59.0   0.1   1   2   2.4e-06   0.00054   17.2   0.0   305   398    94   183    71   196 0.71 -
Pcitr_chr5:36523270-36520689   -            383 11772at71240         -            661   1.2e-16   59.0   0.1   2   2   3.4e-13   7.5e-11   39.9   0.0   511   605   259   354   241   361 0.83 -
Pcitr_chr8:10657878-10655599   -            382 11772at71240         -            661   3.1e-16   57.7   0.8   1   2     0.002      0.44    7.6   0.1   348   380   130   163    92   190 0.75 -
Pcitr_chr8:10657878-10655599   -            382 11772at71240         -            661   3.1e-16   57.7   0.8   2   2   7.8e-16   1.7e-13   48.6   0.0   499   604   244   355   201   364 0.81 -
Pcitr_chr10:21740587-21739347  -            336 11772at71240         -            661   5.2e-16   56.9   0.0   1   2   3.9e-05    0.0086   13.3   0.1   303   393    45   130    28   151 0.66 -
Pcitr_chr10:21740587-21739347  -            336 11772at71240         -            661   5.2e-16   56.9   0.0   2   2   1.1e-13   2.4e-11   41.5   0.0   503   610   201   313   193   316 0.89 -
Pcitr_chr8:21693039-21690280   -            331 11772at71240         -            661   7.3e-16   56.4   0.2   1   2   2.9e-07   6.3e-05   20.3   0.1   308   384    38   121    30   139 0.78 -
Pcitr_chr8:21693039-21690280   -            331 11772at71240         -            661   7.3e-16   56.4   0.2   2   2   2.1e-11   4.7e-09   34.0   0.0   515   606   216   308   205   316 0.80 -
Pcitr_chr10:21735910-21734463  -            380 11772at71240         -            661   2.5e-15   54.7   0.2   1   2   0.00099      0.22    8.6   0.0   356   408   136   191    53   198 0.76 -
Pcitr_chr10:21735910-21734463  -            380 11772at71240         -            661   2.5e-15   54.7   0.2   2   2   1.5e-14   3.4e-12   44.3   0.0   514   607   259   353   245   357 0.86 -
Pcitr_chr9:4459560-4393743     -            647 11772at71240         -            661   8.9e-15   52.9   0.1   1   2   2.4e-06   0.00054   17.2   0.0   291   384   353   434   333   452 0.82 -
Pcitr_chr9:4459560-4393743     -            647 11772at71240         -            661   8.9e-15   52.9   0.1   2   2   3.3e-11   7.3e-09   33.3   0.0   515   589   527   602   514   624 0.80 -
Pcitr_chr4:37837166-37838839   -            380 11772at71240         -            661     1e-14   52.7   0.2   1   2   0.00075      0.17    9.0   0.0   358   387   138   169    52   196 0.76 -
Pcitr_chr4:37837166-37838839   -            380 11772at71240         -            661     1e-14   52.7   0.2   2   2   8.2e-14   1.8e-11   41.9   0.0   512   605   257   351   243   356 0.82 -
Pcitr_chr5:36537927-36525163   -            390 11772at71240         -            661   2.5e-14   51.4   1.6   1   2   0.00039     0.087    9.9   0.4   356   403   147   196   100   210 0.72 -
Pcitr_chr5:36537927-36525163   -            390 11772at71240         -            661   2.5e-14   51.4   1.6   2   2   2.5e-13   5.6e-11   40.3   0.0   510   604   265   360   250   367 0.80 -
Pcitr_chr5:562845-564769       -            371 11772at71240         -            661   6.3e-14   50.1   0.0   1   3         1   2.3e+02   -1.4   0.0   250   264     3    17     2    36 0.83 -
Pcitr_chr5:562845-564769       -            371 11772at71240         -            661   6.3e-14   50.1   0.0   2   3      0.46     1e+02   -0.2   0.0   304   330    70    96    55   161 0.66 -
Pcitr_chr5:562845-564769       -            371 11772at71240         -            661   6.3e-14   50.1   0.0   3   3   2.9e-15   6.4e-13   46.7   0.0   515   608   241   338   182   347 0.89 -
Pcitr_chr3:5787600-5789096     -            380 11772at71240         -            661   1.3e-13   49.0   0.3   1   2   0.00039     0.086    9.9   0.0   357   405   137   188    74   198 0.70 -
Pcitr_chr3:5787600-5789096     -            380 11772at71240         -            661   1.3e-13   49.0   0.3   2   2     2e-12   4.5e-10   37.3   0.0   514   602   259   348   243   356 0.82 -
Pcitr_chr5:13738729-13741219   -            383 11772at71240         -            661   7.1e-13   46.6   1.5   1   3       6.4   1.4e+03   -4.0   0.0   250   265    16    31    13    33 0.83 -
Pcitr_chr5:13738729-13741219   -            383 11772at71240         -            661   7.1e-13   46.6   1.5   2   3     0.011       2.5    5.1   0.0   306   398    85   170    78   179 0.74 -
Pcitr_chr5:13738729-13741219   -            383 11772at71240         -            661   7.1e-13   46.6   1.5   3   3   3.5e-13   7.9e-11   39.8   0.1   519   604   257   346   180   354 0.87 -
Pcitr_chr1:34979536-34982699   -            408 11772at71240         -            661   1.4e-12   45.6   0.0   1   2    0.0004     0.089    9.9   0.0   307   398    96   182    30   189 0.74 -
Pcitr_chr1:34979536-34982699   -            408 11772at71240         -            661   1.4e-12   45.6   0.0   2   2   3.7e-11   8.2e-09   33.1   0.0   517   592   265   344   196   369 0.75 -
Pcitr_chr7:36905469-36906736   -            340 11772at71240         -            661   1.6e-12   45.4   0.3   1   2    0.0019      0.42    7.7   0.1   340   383    78   119    28   128 0.68 -
Pcitr_chr7:36905469-36906736   -            340 11772at71240         -            661   1.6e-12   45.4   0.3   2   2   5.8e-12   1.3e-09   35.8   0.0   512   609   220   318   215   325 0.91 -
Pcitr_chr1:52904786-52907588   -            330 11772at71240         -            661   3.7e-11   40.9   0.3   1   3     0.094        21    2.1   0.1   250   272    22    44    12   111 0.51 -
Pcitr_chr1:52904786-52907588   -            330 11772at71240         -            661   3.7e-11   40.9   0.3   2   3     0.013       2.9    4.9   0.0   361   398   114   151   106   202 0.88 -
Pcitr_chr1:52904786-52907588   -            330 11772at71240         -            661   3.7e-11   40.9   0.3   3   3     3e-10   6.6e-08   30.2   0.0   519   591   204   280   197   311 0.77 -
Pcitr_chr1:54107383-54108889   -            341 11772at71240         -            661     6e-11   40.2   0.3   1   2    0.0026      0.57    7.2   0.0   300   398    61   151    50   158 0.64 -
Pcitr_chr1:54107383-54108889   -            341 11772at71240         -            661     6e-11   40.2   0.3   2   2   2.1e-10   4.6e-08   30.7   0.0   512   609   219   317   203   321 0.89 -
Pcitr_Contig24:6827203-6833871 -            337 11772at71240         -            661   1.1e-10   39.3   0.1   1   3      0.72   1.6e+02   -0.8   0.0   305   322    68    85     2    95 0.49 -
Pcitr_Contig24:6827203-6833871 -            337 11772at71240         -            661   1.1e-10   39.3   0.1   2   3    0.0027      0.59    7.2   0.0   360   398    97   135    92   186 0.91 -
Pcitr_Contig24:6827203-6833871 -            337 11772at71240         -            661   1.1e-10   39.3   0.1   3   3   8.4e-10   1.9e-07   28.7   0.0   518   600   210   299   187   307 0.76 -
Pcitr_chr11:30498811-30495249  -            481 11772at71240         -            661   1.6e-10   38.8   0.0   1   2    0.0035      0.78    6.8   0.0   340   461   172   292   136   299 0.62 -
Pcitr_chr11:30498811-30495249  -            481 11772at71240         -            661   1.6e-10   38.8   0.0   2   2   3.3e-10   7.4e-08   30.0   0.0   518   592   333   411   322   429 0.77 -
Pcitr_chr2:22230385-22222915   -            399 11772at71240         -            661     3e-10   37.9   0.0   1   2    0.0099       2.2    5.3   0.0   306   392   142   225   127   236 0.71 -
Pcitr_chr2:22230385-22222915   -            399 11772at71240         -            661     3e-10   37.9   0.0   2   2   2.3e-10   5.1e-08   30.5   0.0   519   593   252   330   241   347 0.77 -
Pcitr_chr5:29933962-29937035   -            402 11772at71240         -            661   1.2e-09   36.0   0.0   1   2      0.02       4.4    4.3   0.0   307   398   107   193    43   200 0.71 -
Pcitr_chr5:29933962-29937035   -            402 11772at71240         -            661   1.2e-09   36.0   0.0   2   2   7.6e-10   1.7e-07   28.8   0.0   517   610   277   374   200   395 0.69 -
Pcitr_chr11:651899-653780      -            128 11772at71240         -            661   1.5e-09   35.5   0.0   1   2       0.3        66    0.4   0.0   433   463     5    41     2    45 0.69 -
Pcitr_chr11:651899-653780      -            128 11772at71240         -            661   1.5e-09   35.5   0.0   2   2   2.7e-11   5.9e-09   33.6   0.0   522   598    44   124    40   128 0.81 -
Pcitr_chr5:29928480-29925651   -            321 11772at71240         -            661   2.1e-09   35.1   0.0   1   2     0.024       5.4    4.0   0.0   310   398    29   112    18   126 0.77 -
Pcitr_chr5:29928480-29925651   -            321 11772at71240         -            661   2.1e-09   35.1   0.0   2   2   1.2e-09   2.6e-07   28.2   0.0   517   575   196   255   124   305 0.73 -
Pcitr_chr5:34777039-34776049   -            253 11772at71240         -            661   2.8e-09   34.7   0.1   1   2   0.00062      0.14    9.3   0.0   353   385    70   103    46   130 0.81 -
Pcitr_chr5:34777039-34776049   -            253 11772at71240         -            661   2.8e-09   34.7   0.1   2   2   2.9e-08   6.3e-06   23.6   0.0   514   575   190   252   184   253 0.91 -
Pcitr_chr8:28908357-28909541   -            337 11772at71240         -            661   3.2e-08   31.2   0.4   1   2     0.011       2.4    5.1   0.2   303   383    46   119    31   150 0.73 -
Pcitr_chr8:28908357-28909541   -            337 11772at71240         -            661   3.2e-08   31.2   0.4   2   2   1.8e-08   4.1e-06   24.2   0.0   516   580   223   288   217   314 0.85 -
Pcitr_chr6:38237851-38236649   -            401 11772at71240         -            661   3.8e-08   31.0   0.1   1   2      0.15        32    1.4   0.0   249   269    16    36     8   156 0.90 -
Pcitr_chr6:38237851-38236649   -            401 11772at71240         -            661   3.8e-08   31.0   0.1   2   2   1.8e-09   4.1e-07   27.5   0.1   518   610   278   378   258   394 0.81 -
Pcitr_chr4:25973073-25976565   -            388 11772at71240         -            661   7.7e-08   29.9   0.6   1   1   1.8e-09   3.9e-07   27.6   0.6   250   610    17   365     8   379 0.66 -
Pcitr_chr5:4591932-4590679     -            418 11772at71240         -            661   8.6e-08   29.8   0.0   1   2     0.067        15    2.6   0.0   249   265    30    46    11    56 0.84 -
Pcitr_chr5:4591932-4590679     -            418 11772at71240         -            661   8.6e-08   29.8   0.0   2   2   1.2e-08   2.6e-06   24.9   0.0   518   610   290   390   182   409 0.85 -
Pcitr_chr1:43723094-43721892   -            401 11772at71240         -            661     1e-07   29.5   0.1   1   2   0.00098      0.22    8.6   0.1   248   374    25   157     9   167 0.61 -
Pcitr_chr1:43723094-43721892   -            401 11772at71240         -            661     1e-07   29.5   0.1   2   2   1.8e-06   0.00039   17.7   0.0   514   608   284   383   254   389 0.75 -
Pcitr_chr1:20844636-20845823   -            396 11772at71240         -            661   1.3e-07   29.1   0.0   1   2      0.48   1.1e+02   -0.3   0.0   249   265    13    29    10    40 0.86 -
Pcitr_chr1:20844636-20845823   -            396 11772at71240         -            661   1.3e-07   29.1   0.0   2   2   5.5e-09   1.2e-06   26.0   0.0   515   610   270   373   262   390 0.80 -
Pcitr_chr6:14360798-14359857   -            314 11772at71240         -            661   2.1e-07   28.5   0.1   1   3    0.0043      0.95    6.5   0.0   297   321    39    63    34    77 0.88 -
Pcitr_chr6:14360798-14359857   -            314 11772at71240         -            661   2.1e-07   28.5   0.1   2   3     0.042       9.3    3.2   0.0   361   377    81    97    72   106 0.84 -
Pcitr_chr6:14360798-14359857   -            314 11772at71240         -            661   2.1e-07   28.5   0.1   3   3   1.2e-05    0.0026   15.0   0.0   494   572   169   256   161   271 0.74 -
Pcitr_chr7:34926462-34960072   -            375 11772at71240         -            661   2.1e-07   28.5   0.9   1   1   2.9e-09   6.4e-07   26.9   0.9   241   577    25   351    20   371 0.74 -
Pcitr_chr6:38241774-38242853   -            360 11772at71240         -            661   8.4e-07   26.5   0.1   1   1   5.9e-09   1.3e-06   25.9   0.1   519   610   238   337   222   353 0.81 -
Pcitr_chr7:15250587-15249424   -            388 11772at71240         -            661   1.7e-05   22.2   2.2   1   2       1.7   3.8e+02   -2.1   0.0   249   265     5    21     4    23 0.86 -
Pcitr_chr7:15250587-15249424   -            388 11772at71240         -            661   1.7e-05   22.2   2.2   2   2   9.5e-08   2.1e-05   21.9   0.7   362   610   126   366   119   383 0.70 -
Pcitr_chr4:24791218-24792387   -            390 11772at71240         -            661   3.7e-05   21.1   0.2   1   2      0.39        87    0.0   0.0   249   265     5    21     3    26 0.86 -
Pcitr_chr4:24791218-24792387   -            390 11772at71240         -            661   3.7e-05   21.1   0.2   2   2   9.2e-07    0.0002   18.6   0.0   485   572   241   325   123   377 0.62 -
Pcitr_chr4:24844861-24843692   -            390 11772at71240         -            661   3.9e-05   21.0   0.1   1   2      0.44        97   -0.1   0.0   249   265     5    21     3    26 0.86 -
Pcitr_chr4:24844861-24843692   -            390 11772at71240         -            661   3.9e-05   21.0   0.1   2   2   8.6e-07   0.00019   18.7   0.0   430   572   194   325   122   377 0.63 -
Pcitr_chr7:25459915-25461066   -            384 11772at71240         -            661   4.6e-05   20.8   0.0   1   2       1.4   3.2e+02   -1.8   0.0   248   268    21    41    10    49 0.82 -
Pcitr_chr7:25459915-25461066   -            384 11772at71240         -            661   4.6e-05   20.8   0.0   2   2   7.3e-07   0.00016   19.0   0.0   519   610   281   380   137   382 0.84 -
Pcitr_chr4:26174180-26175376   -            399 11772at71240         -            661   5.2e-05   20.6   4.2   1   1   1.9e-06   0.00042   17.6   4.2   307   572    81   325     4   369 0.60 -
Pcitr_chr2:9276066-9277247     -            394 11772at71240         -            661   6.8e-05   20.2   4.8   1   2       1.6   3.4e+02   -2.0   0.0   249   268     5    24     2    29 0.86 -
Pcitr_chr2:9276066-9277247     -            394 11772at71240         -            661   6.8e-05   20.2   4.8   2   2   1.2e-06   0.00026   18.3   3.6   363   578   124   328   106   365 0.64 -
Pcitr_chr7:36375157-36376437   -            427 11772at71240         -            661    0.0004   17.7   0.0   1   1   3.5e-06   0.00078   16.7   0.0   517   611   294   397   280   415 0.75 -
Pcitr_chr10:27736563-27735358  -            402 11772at71240         -            661    0.0013   15.9   0.8   1   1   2.5e-05    0.0055   13.9   0.8   520   579   274   337   127   372 0.81 -
Pcitr_chr2:22224203-22227700   -            321 11772at71240         -            661     0.099    9.8   0.0   1   1   0.00061      0.14    9.3   0.0   306   461   143   292   128   298 0.65 -
#
# Program:         hmmsearch
# Version:         3.3.2 (Nov 2020)
# Pipeline mode:   SEARCH
# Query file:      /scratch/srb67793/Pelargonium/busco_downloads/lineages/eudicots_odb10/hmms/11772at71240.hmm
# Target file:     /scratch/srb67793/Pelargonium/Pelargonium-PreviousAssembly-busco/run_eudicots_odb10/metaeuk_output/initial_results/Pcitr_Genome-final.fasta.modified.fas
# Option settings: hmmsearch --domtblout /scratch/srb67793/Pelargonium/Pelargonium-PreviousAssembly-busco/run_eudicots_odb10/hmmer_output/initial_run_results/11772at71240.out --cpu 1 /scratch/srb67793/Pelargonium/busco_downloads/lineages/eudicots_odb10/hmms/11772at71240.hmm /scratch/srb67793/Pelargonium/Pelargonium-PreviousAssembly-busco/run_eudicots_odb10/metaeuk_output/initial_results/Pcitr_Genome-final.fasta.modified.fas 
# Current dir:     /scratch/srb67793/Pelargonium
# Date:            Tue Jul  9 10:56:46 2024
# [ok]
