#                                                                                     --- full sequence --- -------------- this domain -------------   hmm coord   ali coord   env coord
# target name                 accession   tlen query name           accession   qlen   E-value  score  bias   #  of  c-Evalue  i-Evalue  score  bias  from    to  from    to  from    to  acc description of target
#         ------------------- ---------- ----- -------------------- ---------- ----- --------- ------ ----- --- --- --------- --------- ------ ----- ----- ----- ----- ----- ----- ----- ---- ---------------------
Pcitr_chr2:5138893-5131740    -           1065 12252at71240         -            688         0 1014.7 138.5   1   6   7.3e-08   4.6e-06   24.6   1.1    10    45    23    59    13    67 0.81 -
Pcitr_chr2:5138893-5131740    -           1065 12252at71240         -            688         0 1014.7 138.5   2   6    0.0023      0.14    9.7  14.2    38    99    79   140    76   147 0.77 -
Pcitr_chr2:5138893-5131740    -           1065 12252at71240         -            688         0 1014.7 138.5   3   6    4e-247  2.5e-245  815.4  84.0    51   548   149   754   143   784 0.86 -
Pcitr_chr2:5138893-5131740    -           1065 12252at71240         -            688         0 1014.7 138.5   4   6     0.027       1.7    6.2   1.0   537   564   807   834   803   856 0.78 -
Pcitr_chr2:5138893-5131740    -           1065 12252at71240         -            688         0 1014.7 138.5   5   6   1.5e-10   9.4e-09   33.5   4.6   557   598   874   929   848   936 0.76 -
Pcitr_chr2:5138893-5131740    -           1065 12252at71240         -            688         0 1014.7 138.5   6   6   1.8e-42   1.1e-40  139.0   0.2   596   688   954  1064   940  1064 0.90 -
Pcitr_chr5:31891276-31887510  -            397 12252at71240         -            688   9.8e-12   43.3  13.9   1   2   2.8e-10   1.8e-08   32.6   6.3   420   466     8    54     3    61 0.88 -
Pcitr_chr5:31891276-31887510  -            397 12252at71240         -            688   9.8e-12   43.3  13.9   2   2   6.2e-05    0.0039   14.9   0.9   577   651   289   381   282   393 0.63 -
Pcitr_chr9:29307178-29304882  -             81 12252at71240         -            688   2.2e-10   38.9   0.0   1   1     4e-12   2.5e-10   38.7   0.0   159   233     2    74     1    78 0.94 -
Pcitr_chr9:33549347-33552235  -            313 12252at71240         -            688   7.4e-10   37.1   4.0   1   1   1.6e-11   9.8e-10   36.7   4.0    95   235    74   209    19   223 0.76 -
Pcitr_chr10:26652741-26653142 -            134 12252at71240         -            688   8.5e-10   36.9   2.3   1   2   6.3e-07     4e-05   21.5   0.2   249   292     2    47     1    55 0.80 -
Pcitr_chr10:26652741-26653142 -            134 12252at71240         -            688   8.5e-10   36.9   2.3   2   2   2.8e-05    0.0018   16.1   0.1   246   278    61    95    48   112 0.81 -
Pcitr_chr3:20482090-20482836  -            249 12252at71240         -            688     2e-09   35.7   0.0   1   1   4.2e-11   2.6e-09   35.3   0.0   151   238    40   126    32   146 0.85 -
Pcitr_chr2:1888146-1887724    -            141 12252at71240         -            688   2.4e-09   35.4   0.1   1   2   2.3e-05    0.0014   16.3   0.0   249   277     2    30     1    44 0.87 -
Pcitr_chr2:1888146-1887724    -            141 12252at71240         -            688   2.4e-09   35.4   0.1   2   2     1e-05   0.00066   17.5   0.0   247   279    68   102    51   111 0.82 -
Pcitr_chr3:5701348-5701599    -             84 12252at71240         -            688   1.2e-08   33.1   0.0   1   1   2.2e-10   1.4e-08   32.9   0.0   301   367    12    77     6    82 0.93 -
Pcitr_chr11:4418286-4418071   -             72 12252at71240         -            688   2.8e-08   31.9   0.1   1   1   4.6e-10   2.9e-08   31.8   0.1   303   359     3    59     1    70 0.69 -
Pcitr_chr1:45067147-45067368  -             74 12252at71240         -            688   2.9e-08   31.9   0.1   1   1   4.9e-10   3.1e-08   31.8   0.1   303   359     3    59     1    69 0.80 -
Pcitr_Contig592:1877-1653     -             75 12252at71240         -            688   3.8e-08   31.5   0.0   1   1   6.7e-10   4.2e-08   31.3   0.0   301   365    12    75     6    75 0.93 -
Pcitr_chr10:18633193-18632906 -             96 12252at71240         -            688   4.6e-08   31.2   0.0   1   1   8.2e-10   5.2e-08   31.0   0.0   289   358    18    88    11    94 0.91 -
Pcitr_Contig27:199964-204402  -             58 12252at71240         -            688   4.7e-08   31.2   0.0   1   1   7.4e-10   4.7e-08   31.2   0.0   305   357     2    54     1    58 0.90 -
Pcitr_chr2:9755692-9755928    -             79 12252at71240         -            688   4.9e-08   31.1   0.0   1   1   8.2e-10   5.2e-08   31.0   0.0   156   219     3    66     1    75 0.93 -
Pcitr_chr2:9760295-9760059    -             79 12252at71240         -            688   4.9e-08   31.1   0.0   1   1   8.2e-10   5.2e-08   31.0   0.0   156   219     3    66     1    75 0.93 -
Pcitr_chr4:36534816-36532265  -            137 12252at71240         -            688     5e-08   31.1   0.0   1   1   9.4e-10   5.9e-08   30.8   0.0   298   378    35   113    29   118 0.94 -
Pcitr_chr3:10518422-10518267  -             52 12252at71240         -            688   5.3e-08   31.0   0.0   1   1   8.8e-10   5.6e-08   30.9   0.0   305   356     1    52     1    52 0.97 -
Pcitr_chr3:26925370-26925618  -             83 12252at71240         -            688   1.2e-07   29.8   0.0   1   1   2.3e-09   1.4e-07   29.6   0.0   151   213    14    75     2    82 0.79 -
Pcitr_chr9:33073890-33008809  -             96 12252at71240         -            688   1.5e-07   29.5   0.0   1   1   2.6e-09   1.6e-07   29.4   0.0   149   213    12    77     6    92 0.84 -
Pcitr_chr7:7279768-7281271    -             81 12252at71240         -            688   1.7e-07   29.3   0.0   1   1   3.2e-09     2e-07   29.1   0.0   160   235     2    74     1    79 0.92 -
Pcitr_chr11:4622463-4623310   -             83 12252at71240         -            688     2e-07   29.1   0.0   1   1   3.5e-09   2.2e-07   28.9   0.0   158   233     4    77     2    83 0.80 -
Pcitr_chr8:22369965-22369729  -             79 12252at71240         -            688   2.3e-07   28.9   0.0   1   1   3.6e-09   2.3e-07   28.9   0.0   155   213    10    68     2    79 0.84 -
Pcitr_chr5:6575543-6574960    -             96 12252at71240         -            688   2.8e-07   28.6   0.0   1   1   4.6e-09   2.9e-07   28.6   0.0   157   229    20    90     6    96 0.83 -
Pcitr_chr5:6492887-6493414    -             79 12252at71240         -            688   2.8e-07   28.6   0.0   1   1   4.4e-09   2.8e-07   28.6   0.0   158   229     4    73     1    79 0.84 -
Pcitr_chr1:47201471-47201208  -             88 12252at71240         -            688   3.1e-07   28.5   0.1   1   1     5e-09   3.2e-07   28.4   0.1   302   359    24    81    12    88 0.85 -
Pcitr_Contig592:1374-1186     -             63 12252at71240         -            688   4.5e-07   27.9   0.1   1   1   7.3e-09   4.6e-07   27.9   0.1   303   362     3    61     1    63 0.92 -
Pcitr_chr1:30847215-30846883  -            111 12252at71240         -            688   5.8e-07   27.6   0.0   1   1   1.1e-08   6.8e-07   27.3   0.0   301   376    32   106    20   109 0.89 -
Pcitr_chr5:31330093-31330329  -             79 12252at71240         -            688   6.4e-07   27.4   0.0   1   1   1.1e-08   7.1e-07   27.3   0.0   154   228     1    73     1    77 0.87 -
Pcitr_chr7:3606854-3607123    -             90 12252at71240         -            688   6.8e-07   27.3   0.0   1   1   1.1e-08   7.3e-07   27.2   0.0   156   212    17    73     6    87 0.83 -
Pcitr_chr8:26065433-26065245  -             63 12252at71240         -            688   8.1e-07   27.1   0.0   1   1   1.4e-08   8.8e-07   27.0   0.0   156   210     3    56     1    62 0.86 -
Pcitr_chr3:5049708-5051665    -             89 12252at71240         -            688   8.3e-07   27.0   0.0   1   1   1.4e-08   8.6e-07   27.0   0.0   156   222     2    71     1    84 0.76 -
Pcitr_chr1:48564434-48566073  -            153 12252at71240         -            688   9.1e-07   26.9   0.1   1   1     2e-08   1.3e-06   26.4   0.0   304   383     2    81     1   105 0.87 -
Pcitr_chr1:35360757-35362406  -            183 12252at71240         -            688   9.5e-07   26.9   0.0   1   1   1.5e-08   9.5e-07   26.9   0.0   286   365    91   170    79   182 0.83 -
Pcitr_chr8:12456592-12400319  -            567 12252at71240         -            688   1.3e-06   26.4   0.1   1   1   2.1e-08   1.3e-06   26.4   0.1   297   366     2    71     1    80 0.84 -
Pcitr_chr4:24520443-24521332  -             69 12252at71240         -            688   1.4e-06   26.3   0.0   1   1   2.3e-08   1.5e-06   26.2   0.0   160   215     8    63     2    68 0.87 -
Pcitr_chr11:17905596-17905363 -             78 12252at71240         -            688   1.4e-06   26.3   0.0   1   1   2.3e-08   1.5e-06   26.2   0.0   156   214     1    58     1    73 0.82 -
Pcitr_chr5:23816302-23816553  -             84 12252at71240         -            688   1.7e-06   26.1   0.0   1   1   2.8e-08   1.8e-06   26.0   0.0   161   236     6    79     1    83 0.90 -
Pcitr_chr8:22331419-22331198  -             74 12252at71240         -            688   1.8e-06   26.0   0.0   1   1   2.8e-08   1.8e-06   26.0   0.0   156   213     4    61     1    74 0.82 -
Pcitr_chr3:10597201-10598019  -             81 12252at71240         -            688     2e-06   25.8   0.1   1   1   3.8e-08   2.4e-06   25.5   0.1   158   228     7    75     4    80 0.71 -
Pcitr_chr1:52550932-52551192  -             87 12252at71240         -            688     2e-06   25.8   0.0   1   1   3.4e-08   2.2e-06   25.7   0.0   158   235    11    86     3    87 0.89 -
Pcitr_chr1:28869189-28869386  -             66 12252at71240         -            688     2e-06   25.8   0.0   1   1   3.3e-08   2.1e-06   25.7   0.0   305   362     8    65     2    66 0.84 -
Pcitr_chr10:25432262-25442491 -            509 12252at71240         -            688   2.7e-06   25.4   0.0   1   1   6.7e-08   4.2e-06   24.7   0.0   297   366    15    83     3   116 0.85 -
Pcitr_chr8:32045618-32045944  -            109 12252at71240         -            688   2.8e-06   25.3   0.0   1   1   4.8e-08     3e-06   25.2   0.0   155   224    19    90     7   104 0.86 -
Pcitr_chr7:28854276-28854548  -             91 12252at71240         -            688   2.9e-06   25.2   0.0   1   1   5.1e-08   3.2e-06   25.1   0.0   156   225     6    77     2    89 0.89 -
Pcitr_chr10:20737281-20736213 -             66 12252at71240         -            688   3.4e-06   25.0   0.0   1   1   5.7e-08   3.6e-06   24.9   0.0   160   213     1    56     1    64 0.80 -
Pcitr_chr4:37779164-37779418  -             85 12252at71240         -            688   3.8e-06   24.9   0.0   1   1   6.5e-08   4.1e-06   24.8   0.0   301   358    29    85    16    85 0.92 -
Pcitr_chr4:30355237-30355611  -            125 12252at71240         -            688   4.4e-06   24.6   0.0   1   1   7.5e-08   4.7e-06   24.5   0.0   150   218    41   111     9   123 0.78 -
Pcitr_chr11:26481988-26481764 -             75 12252at71240         -            688   4.5e-06   24.6   0.0   1   1   7.8e-08   4.9e-06   24.5   0.0   156   228     1    70     1    74 0.89 -
Pcitr_chr4:39982414-39982644  -             77 12252at71240         -            688   5.3e-06   24.4   0.0   1   1   8.8e-08   5.5e-06   24.3   0.0   145   213     6    74     2    77 0.81 -
Pcitr_chr3:26192924-26186814  -            237 12252at71240         -            688   6.4e-06   24.1   8.5   1   1     1e-07   6.6e-06   24.1   7.5   430   488    95   150    61   161 0.80 -
Pcitr_chr5:8642778-8643014    -             79 12252at71240         -            688   8.3e-06   23.8   0.0   1   1   1.3e-07   8.5e-06   23.7   0.0   159   216     3    60     1    78 0.74 -
Pcitr_chr9:20467828-20468160  -            111 12252at71240         -            688   8.7e-06   23.7   0.1   1   1   1.6e-07     1e-05   23.5   0.1   301   376    32   106    14   109 0.87 -
Pcitr_chr8:33819565-33820277  -             75 12252at71240         -            688   9.8e-06   23.5   0.0   1   1   1.6e-07     1e-05   23.5   0.0   160   232     1    71     1    75 0.66 -
Pcitr_chr1:34721292-34718280  -            156 12252at71240         -            688     1e-05   23.4   0.0   1   1   1.9e-07   1.2e-05   23.2   0.0   312   362    58   108    44   128 0.86 -
Pcitr_chr5:32280322-32280519  -             66 12252at71240         -            688   1.1e-05   23.4   0.0   1   1   1.8e-07   1.1e-05   23.3   0.0   158   206     6    54     2    66 0.66 -
Pcitr_chr6:20759787-20759590  -             66 12252at71240         -            688   1.1e-05   23.4   0.0   1   1   1.8e-07   1.1e-05   23.3   0.0   158   206     6    54     2    66 0.66 -
Pcitr_chr6:8676868-8678087    -            102 12252at71240         -            688   1.3e-05   23.2   0.0   1   1   2.3e-07   1.4e-05   23.0   0.0   300   364    15    79    10    94 0.77 -
Pcitr_chr3:7728712-7728455    -             86 12252at71240         -            688   1.3e-05   23.1   0.0   1   1   2.1e-07   1.3e-05   23.1   0.0   162   215    31    84    10    86 0.80 -
Pcitr_chr7:28852724-28852930  -             69 12252at71240         -            688   1.3e-05   23.1   0.1   1   1   2.2e-07   1.4e-05   23.0   0.1   157   219     3    66     1    69 0.84 -
Pcitr_chr3:2974461-2974234    -             76 12252at71240         -            688   1.5e-05   22.9   0.0   1   1   2.6e-07   1.6e-05   22.8   0.0   301   364     3    65     1    72 0.88 -
Pcitr_chr11:26482261-26482001 -             87 12252at71240         -            688   1.6e-05   22.8   0.0   1   1   2.5e-07   1.6e-05   22.8   0.0   157   229     2    71     1    84 0.89 -
Pcitr_chr6:8957267-8956944    -            108 12252at71240         -            688   1.8e-05   22.6   0.0   1   1   3.1e-07     2e-05   22.5   0.0   155   223    21    91     8   102 0.83 -
Pcitr_chr8:33854509-33853691  -             75 12252at71240         -            688   2.7e-05   22.1   0.0   1   1   4.3e-07   2.7e-05   22.0   0.0   160   231     1    70     1    75 0.70 -
Pcitr_chr5:5755769-5755506    -             88 12252at71240         -            688   2.9e-05   22.0   0.0   1   1   5.1e-07   3.2e-05   21.8   0.0   167   234    12    77     4    82 0.74 -
Pcitr_chr8:7990258-7989980    -             93 12252at71240         -            688   2.9e-05   22.0   0.0   1   1   5.4e-07   3.4e-05   21.7   0.0   299   377    11    89     6    92 0.85 -
Pcitr_chr7:11365011-11364757  -             85 12252at71240         -            688   2.9e-05   22.0   0.1   1   1   5.5e-07   3.5e-05   21.7   0.1   157   224    15    83     9    84 0.85 -
Pcitr_chr10:23096023-23096268 -             82 12252at71240         -            688     3e-05   21.9   0.0   1   1   4.9e-07   3.1e-05   21.9   0.0   161   355     7    56     2    77 0.56 -
Pcitr_chr8:31199565-31199341  -             75 12252at71240         -            688   3.2e-05   21.8   0.0   1   1   5.1e-07   3.2e-05   21.8   0.0   161   228     6    71     1    75 0.69 -
Pcitr_chr3:4418311-4418108    -             68 12252at71240         -            688   3.5e-05   21.7   0.0   1   1   5.9e-07   3.7e-05   21.6   0.0   156   215     2    61     1    66 0.84 -
Pcitr_chr4:24658025-24658731  -             66 12252at71240         -            688   3.8e-05   21.6   0.0   1   1   6.1e-07   3.9e-05   21.5   0.0   160   213     8    61     4    66 0.61 -
Pcitr_chr6:8957832-8957626    -             69 12252at71240         -            688   4.2e-05   21.4   0.1   1   1   6.8e-07   4.3e-05   21.4   0.1   158   225     4    67     1    69 0.80 -
Pcitr_chr10:23101661-23101888 -             76 12252at71240         -            688   4.4e-05   21.4   0.0   1   1   6.9e-07   4.4e-05   21.4   0.0   161   204     7    50     2    75 0.63 -
Pcitr_chr7:11364469-11364116  -            118 12252at71240         -            688   4.5e-05   21.3   0.0   1   1   7.3e-07   4.6e-05   21.3   0.0   155   224    30   101     7   114 0.81 -
Pcitr_chr2:34775547-34775320  -             76 12252at71240         -            688   4.6e-05   21.3   0.0   1   1   8.2e-07   5.2e-05   21.1   0.0   303   366     4    67     2    74 0.89 -
Pcitr_chr6:12568664-12565272  -             85 12252at71240         -            688   4.7e-05   21.3   0.0   1   1   7.5e-07   4.7e-05   21.3   0.0   156   205     3    52     1    76 0.87 -
Pcitr_chr3:5701899-5702057    -             53 12252at71240         -            688   5.5e-05   21.0   0.0   1   1   8.8e-07   5.5e-05   21.0   0.0   311   362     2    51     1    53 0.90 -
Pcitr_chr3:8807580-8804608    -            248 12252at71240         -            688   5.6e-05   21.0   0.9   1   1   1.4e-06   8.6e-05   20.4   0.1   612   659    71   123    62   153 0.74 -
Pcitr_chr4:30353971-30354195  -             75 12252at71240         -            688   6.1e-05   20.9   0.1   1   1     1e-06   6.5e-05   20.8   0.1   158   220     4    67     1    74 0.82 -
Pcitr_chr5:31329496-31329795  -            100 12252at71240         -            688   6.2e-05   20.9   0.0   1   1   1.1e-06   6.8e-05   20.7   0.0   166   224    11    67     2    84 0.68 -
Pcitr_chr1:20519947-20519738  -             70 12252at71240         -            688   6.9e-05   20.7   0.0   1   1   1.1e-06     7e-05   20.7   0.0   158   226     4    68     1    70 0.90 -
Pcitr_chr3:21266902-21259456  -            587 12252at71240         -            688   7.7e-05   20.5   0.0   1   1   3.6e-06   0.00023   19.0   0.0   301   365   405   469   394   482 0.89 -
Pcitr_chr1:47655633-47650424  -            462 12252at71240         -            688   7.7e-05   20.5   0.0   1   2     0.087       5.5    4.5   0.0   152   246    35   123    24   137 0.83 -
Pcitr_chr1:47655633-47650424  -            462 12252at71240         -            688   7.7e-05   20.5   0.0   2   2   0.00012    0.0074   14.0   0.0   149   237   368   458   363   462 0.83 -
Pcitr_chr6:6575742-6576467    -             77 12252at71240         -            688   8.3e-05   20.4   0.0   1   1   1.3e-06   8.5e-05   20.4   0.0   164   366    12    69     1    77 0.56 -
Pcitr_chr8:25428044-25425871  -            313 12252at71240         -            688    0.0001   20.1  14.1   1   4     0.097       6.2    4.3   1.2   250   276     7    33     5    47 0.84 -
Pcitr_chr8:25428044-25425871  -            313 12252at71240         -            688    0.0001   20.1  14.1   2   4    0.0008      0.05   11.2   0.6   250   282    50    82    36    89 0.86 -
Pcitr_chr8:25428044-25425871  -            313 12252at71240         -            688    0.0001   20.1  14.1   3   4     0.075       4.8    4.7   0.0   250   274   172   195   163   227 0.83 -
Pcitr_chr8:25428044-25425871  -            313 12252at71240         -            688    0.0001   20.1  14.1   4   4     0.014      0.92    7.1   0.1   250   268   293   311   276   313 0.89 -
Pcitr_chr2:2675452-2675765    -             76 12252at71240         -            688   0.00011   20.1   0.0   1   1     2e-06   0.00012   19.9   0.0   156   226     5    71     2    75 0.85 -
Pcitr_chr5:14151878-14152102  -             75 12252at71240         -            688   0.00011   20.1   0.0   1   1   1.8e-06   0.00011   20.0   0.0   302   358     3    59     1    70 0.64 -
Pcitr_chr5:4321815-4321609    -             69 12252at71240         -            688   0.00011   20.1   0.0   1   1   1.7e-06   0.00011   20.0   0.0   158   225     4    67     1    69 0.88 -
Pcitr_chr8:32045107-32045313  -             69 12252at71240         -            688   0.00011   20.0   0.1   1   1   1.8e-06   0.00011   20.0   0.1   158   225     4    67     1    69 0.80 -
Pcitr_chr5:31329826-31330041  -             72 12252at71240         -            688   0.00012   19.9   0.0   1   1   1.9e-06   0.00012   19.9   0.0   169   226    14    69     2    72 0.72 -
Pcitr_chr2:2647722-2677110    -           2264 12252at71240         -            688   0.00015   19.6   0.3   1   2       0.1       6.6    4.2   0.0   176   229  1939  1988  1931  2004 0.55 -
Pcitr_chr2:2647722-2677110    -           2264 12252at71240         -            688   0.00015   19.6   0.3   2   2   0.00022     0.014   13.1   0.0   156   213  2007  2064  2002  2080 0.76 -
Pcitr_chr3:20534183-20544578  -             81 12252at71240         -            688   0.00016   19.5   0.0   1   1   2.8e-06   0.00018   19.3   0.0   156   209     3    56     2    74 0.87 -
Pcitr_chr10:32095696-32089631 -            237 12252at71240         -            688   0.00016   19.5   0.1   1   1   3.1e-06    0.0002   19.2   0.1   298   375   159   233   141   237 0.59 -
Pcitr_chr4:38739603-38739788  -             62 12252at71240         -            688   0.00017   19.4   0.0   1   1   2.6e-06   0.00017   19.4   0.0   158   215     3    60     1    62 0.86 -
Pcitr_chr7:20520237-20519953  -             95 12252at71240         -            688   0.00028   18.7   0.0   1   1   4.5e-06   0.00028   18.7   0.0   157   215    32    90    15    95 0.81 -
Pcitr_chr2:15692991-15693281  -             97 12252at71240         -            688   0.00032   18.5   0.0   1   1   5.8e-06   0.00037   18.3   0.0   299   367    23    91    17    96 0.80 -
Pcitr_chr9:20382334-20382092  -             81 12252at71240         -            688   0.00035   18.4   0.0   1   1   5.8e-06   0.00037   18.3   0.0   302   377     4    78     1    80 0.83 -
Pcitr_chr7:21192218-21192472  -             85 12252at71240         -            688   0.00036   18.3   0.0   1   1   5.9e-06   0.00037   18.3   0.0   157   218     3    64     1    80 0.77 -
Pcitr_chr6:14526712-14526290  -            141 12252at71240         -            688   0.00038   18.3   0.1   1   2       1.1        69    0.9   0.0   347   391     1    45     1    47 0.85 -
Pcitr_chr6:14526712-14526290  -            141 12252at71240         -            688   0.00038   18.3   0.1   2   2   1.1e-05   0.00067   17.4   0.0   285   379    32   127    19   139 0.81 -
Pcitr_chr4:38260976-38258403  -             77 12252at71240         -            688   0.00038   18.2   0.0   1   1   6.3e-06    0.0004   18.2   0.0   156   216     2    55     1    76 0.72 -
Pcitr_chr6:3751075-3749393    -            314 12252at71240         -            688   0.00039   18.2   0.1   1   2   6.1e-06   0.00039   18.2   0.1   614   664    37    88    28   103 0.77 -
Pcitr_chr6:3751075-3749393    -            314 12252at71240         -            688   0.00039   18.2   0.1   2   2       7.6   4.8e+02   -1.9   1.2   570   587   188   206   153   223 0.50 -
Pcitr_chr11:16894503-16894231 -             91 12252at71240         -            688   0.00044   18.1   0.0   1   1   6.9e-06   0.00044   18.1   0.0   301   364     9    73     1    85 0.85 -
Pcitr_chr7:21191080-21191286  -             69 12252at71240         -            688   0.00046   18.0   0.0   1   1   7.3e-06   0.00046   18.0   0.0   158   207     4    53     1    69 0.80 -
Pcitr_chr3:26131570-26131965  -            132 12252at71240         -            688    0.0005   17.9   0.0   1   1   9.2e-06   0.00058   17.6   0.0   285   379    23   118     9   130 0.82 -
Pcitr_chr11:17905869-17905657 -             71 12252at71240         -            688   0.00057   17.7   0.0   1   1     9e-06   0.00057   17.7   0.0   158   227     3    69     1    71 0.67 -
Pcitr_chr1:44548423-44548671  -             83 12252at71240         -            688   0.00072   17.3   0.0   1   1   1.3e-05   0.00084   17.1   0.0   293   365     9    75     3    82 0.90 -
Pcitr_chr3:16116452-16097238  -            523 12252at71240         -            688   0.00072   17.3   0.0   1   2   1.1e-05   0.00072   17.3   0.0   154   214   314   378   297   406 0.86 -
Pcitr_chr3:16116452-16097238  -            523 12252at71240         -            688   0.00072   17.3   0.0   2   2       4.7     3e+02   -1.2   1.5   514   588   444   520   438   522 0.71 -
Pcitr_chr5:26328682-26324660  -            396 12252at71240         -            688   0.00081   17.2   0.3   1   2    0.0018      0.12   10.1   0.2   247   280   154   189   140   210 0.80 -
Pcitr_chr5:26328682-26324660  -            396 12252at71240         -            688   0.00081   17.2   0.3   2   2   1.3e-05   0.00081   17.2   0.3   241   276   213   248   202   260 0.82 -
Pcitr_chr6:11757354-11744440  -            912 12252at71240         -            688     0.001   16.8   0.1   1   2   0.00079      0.05   11.3   0.0   173   244   172   244   127   254 0.80 -
Pcitr_chr6:11757354-11744440  -            912 12252at71240         -            688     0.001   16.8   0.1   2   2       0.2        13    3.3   0.0   497   543   351   399   335   420 0.83 -
Pcitr_chr1:20558528-20558773  -             82 12252at71240         -            688    0.0011   16.8   0.0   1   1   1.9e-05    0.0012   16.6   0.0   157   203    21    67    14    79 0.85 -
Pcitr_chr8:26065694-26065488  -             69 12252at71240         -            688    0.0013   16.5   0.0   1   1     2e-05    0.0013   16.5   0.0   304   367     2    64     1    69 0.74 -
Pcitr_chr7:30647747-30647376  -            124 12252at71240         -            688    0.0013   16.5   0.1   1   2       2.9   1.8e+02   -0.5   0.0   354   380     4    30     3    39 0.79 -
Pcitr_chr7:30647747-30647376  -            124 12252at71240         -            688    0.0013   16.5   0.1   2   2   3.9e-05    0.0025   15.6   0.1   286   363    29   107    24   116 0.89 -
Pcitr_chr5:4320262-4320005    -             86 12252at71240         -            688    0.0014   16.3   0.0   1   1   2.3e-05    0.0015   16.3   0.0   156   215     2    61     1    78 0.81 -
Pcitr_chr1:20559804-20560046  -             81 12252at71240         -            688    0.0016   16.2   0.0   1   1   2.5e-05    0.0016   16.2   0.0   156   215     2    61     1    76 0.84 -
Pcitr_chr1:20518721-20518464  -             86 12252at71240         -            688    0.0018   16.0   0.0   1   1   2.9e-05    0.0018   16.0   0.0   156   215     2    61     1    78 0.84 -
Pcitr_chr6:18591094-18590834  -             87 12252at71240         -            688    0.0019   15.9   0.0   1   1   3.1e-05    0.0019   15.9   0.0   308   364     8    65     1    83 0.85 -
Pcitr_chr4:39982765-39983052  -             96 12252at71240         -            688    0.0022   15.7   0.1   1   1   3.5e-05    0.0022   15.7   0.1   301   362    35    95     8    96 0.88 -
Pcitr_chr3:345975-343081      -            248 12252at71240         -            688    0.0023   15.7   0.2   1   1   6.5e-05    0.0041   14.8   0.1   612   657    70   121    63   148 0.75 -
Pcitr_chr8:24517171-24516932  -             80 12252at71240         -            688    0.0024   15.6   0.0   1   1   3.9e-05    0.0025   15.6   0.0   161   226     6    68     1    75 0.54 -
Pcitr_chr1:46470284-46493666  -            758 12252at71240         -            688    0.0024   15.6   0.0   1   2    0.0022      0.14    9.8   0.0   340   386   419   468   409   487 0.82 -
Pcitr_chr1:46470284-46493666  -            758 12252at71240         -            688    0.0024   15.6   0.0   2   2   0.00033     0.021   12.5   0.1   338   364   511   537   504   550 0.82 -
Pcitr_chr3:24713442-24712848  -             92 12252at71240         -            688    0.0027   15.5   0.0   1   1   4.7e-05     0.003   15.3   0.0   303   366    18    82     7    91 0.69 -
Pcitr_chr10:19431001-19431348 -            116 12252at71240         -            688    0.0032   15.2   0.0   1   1   5.4e-05    0.0034   15.1   0.0   306   389     7    88     1   102 0.80 -
Pcitr_chr4:4603591-4603947    -            119 12252at71240         -            688    0.0034   15.1   0.0   1   1   6.4e-05     0.004   14.9   0.0   287   364    25   103    18   114 0.89 -
Pcitr_chr7:12297706-12297392  -             71 12252at71240         -            688    0.0037   15.0   0.0   1   1   5.9e-05    0.0037   15.0   0.0   154   203    11    60     2    71 0.83 -
Pcitr_chr3:6853905-6854171    -             89 12252at71240         -            688    0.0045   14.7   0.0   1   1   7.5e-05    0.0048   14.6   0.0   301   371     6    76     2    86 0.89 -
Pcitr_chr4:37778845-37779081  -             79 12252at71240         -            688    0.0052   14.5   0.0   1   1   8.6e-05    0.0054   14.4   0.0   301   366     8    72     3    78 0.81 -
Pcitr_chr7:34514627-34514496  -             44 12252at71240         -            688    0.0059   14.3   0.0   1   1   9.7e-05    0.0061   14.3   0.0   331   366     2    37     1    43 0.90 -
Pcitr_chr1:54141423-54132956  -            907 12252at71240         -            688    0.0061   14.3   0.1   1   2    0.0019      0.12   10.0   0.3   244   277   153   188   141   201 0.83 -
Pcitr_chr1:54141423-54132956  -            907 12252at71240         -            688    0.0061   14.3   0.1   2   2   9.6e-05    0.0061   14.3   0.1   240   275   215   250   205   257 0.86 -
Pcitr_chr11:12655058-12655315 -             86 12252at71240         -            688    0.0062   14.3   0.0   1   1   9.8e-05    0.0062   14.3   0.0   160   215    26    81    13    86 0.70 -
Pcitr_chr11:219098-218703     -            132 12252at71240         -            688    0.0072   14.0   0.0   1   1   0.00013    0.0081   13.9   0.0   288   365    37   115    11   132 0.85 -
Pcitr_chr3:19598410-19598637  -             76 12252at71240         -            688    0.0073   14.0   0.0   1   1   0.00012    0.0076   14.0   0.0   294   345    25    75    10    76 0.80 -
Pcitr_chr7:9197406-9197684    -             93 12252at71240         -            688    0.0075   14.0   0.0   1   1   0.00012    0.0077   13.9   0.0   306   365     8    68     2    91 0.78 -
Pcitr_chr5:16239464-16239697  -             78 12252at71240         -            688    0.0088   13.7   0.0   1   1   0.00015    0.0096   13.6   0.0   306   365     9    67     2    74 0.83 -
Pcitr_chr7:6539802-6539566    -             79 12252at71240         -            688    0.0096   13.6   0.0   1   1   0.00015    0.0096   13.6   0.0   158   348    29    74     9    79 0.61 -
Pcitr_chr10:27332646-27332515 -             44 12252at71240         -            688     0.011   13.5   0.0   1   1   0.00017     0.011   13.5   0.0   330   366     1    37     1    44 0.88 -
Pcitr_chr2:10233881-10234012  -             44 12252at71240         -            688     0.012   13.3   0.0   1   1   0.00018     0.012   13.3   0.0   330   366     1    37     1    44 0.90 -
Pcitr_chr3:1988801-1989016    -             72 12252at71240         -            688     0.016   12.9   0.1   1   1   0.00027     0.017   12.8   0.1   318   358    32    72    25    72 0.74 -
Pcitr_chr6:24654968-24655186  -             73 12252at71240         -            688     0.018   12.7   0.0   1   1   0.00029     0.018   12.7   0.0   158   349    23    69     4    73 0.57 -
Pcitr_chr3:16100220-16098649  -            328 12252at71240         -            688     0.019   12.6   1.0   1   2         1        64    1.0   0.7    90   227   109   249    60   269 0.74 -
Pcitr_chr3:16100220-16098649  -            328 12252at71240         -            688     0.019   12.6   1.0   2   2    0.0017      0.11   10.1   0.0   154   203   273   326   258   328 0.84 -
Pcitr_chr9:11504832-11504569  -             88 12252at71240         -            688     0.019   12.6   0.0   1   1   0.00032      0.02   12.5   0.0   301   360    28    87    16    88 0.87 -
Pcitr_chr3:26925163-26925363  -             67 12252at71240         -            688     0.021   12.5   0.0   1   1   0.00033     0.021   12.5   0.0   306   367     2    62     1    67 0.64 -
Pcitr_chr10:27336176-27335913 -             88 12252at71240         -            688     0.027   12.1   0.0   1   1   0.00049     0.031   11.9   0.0   300   361     7    62     2    77 0.81 -
Pcitr_chr5:30821989-30817921  -            381 12252at71240         -            688     0.029   12.0   0.2   1   1   0.00045     0.029   12.0   0.2   623   652   216   246   210   270 0.79 -
Pcitr_chr6:14478835-14479071  -             79 12252at71240         -            688     0.029   12.0   0.0   1   1   0.00046     0.029   12.0   0.0   305   364     5    65     1    78 0.81 -
Pcitr_chr3:1989472-1989681    -             70 12252at71240         -            688     0.029   12.0   0.0   1   1   0.00046     0.029   12.0   0.0   315   357    13    55     3    68 0.67 -
Pcitr_chr9:23603608-23603345  -             88 12252at71240         -            688     0.034   11.8   0.0   1   1   0.00053     0.034   11.8   0.0   312   363    12    62     2    87 0.79 -
Pcitr_chr3:27155285-27155521  -             79 12252at71240         -            688     0.045   11.4   0.0   1   1   0.00072     0.045   11.4   0.0   297   356    15    73     4    79 0.82 -
Pcitr_chr6:14851889-14852119  -             77 12252at71240         -            688     0.049   11.3   0.0   1   1   0.00083     0.052   11.2   0.0   154   200    30    76    18    77 0.78 -
Pcitr_chr9:30074331-30074140  -             64 12252at71240         -            688     0.056   11.1   0.0   1   1   0.00097     0.061   11.0   0.0   158   207     7    56     2    62 0.87 -
Pcitr_chr2:10226807-10227157  -            117 12252at71240         -            688     0.062   10.9   0.0   1   1   0.00099     0.063   10.9   0.0   300   361     7    62     2    99 0.81 -
Pcitr_chr8:13880170-13880409  -             80 12252at71240         -            688     0.072   10.7   0.0   1   1    0.0012     0.077   10.6   0.0   154   200    33    79    20    80 0.84 -
Pcitr_chr10:21687640-21687912 -             91 12252at71240         -            688     0.087   10.5   0.0   1   2         3   1.9e+02   -0.6   0.0   144   183    10    49     2    55 0.77 -
Pcitr_chr10:21687640-21687912 -             91 12252at71240         -            688     0.087   10.5   0.0   2   2    0.0042      0.26    8.9   0.0   340   378    55    91    49    91 0.90 -
Pcitr_chr3:7840974-7840651    -            108 12252at71240         -            688      0.12   10.0   0.0   1   1    0.0019      0.12   10.0   0.0   310   375    10    72     1    93 0.74 -
Pcitr_chr5:34884835-34889095  -            378 12252at71240         -            688      0.41    8.2   7.7   1   2       1.9   1.2e+02    0.0   4.4    51   109    61   121    39   136 0.59 -
Pcitr_chr5:34884835-34889095  -            378 12252at71240         -            688      0.41    8.2   7.7   2   2    0.0039      0.24    9.0   0.1   249   275   161   189   145   195 0.81 -
Pcitr_chr5:35056010-35064566  -            382 12252at71240         -            688      0.54    7.8   6.1   1   2       2.7   1.7e+02   -0.4   2.9    50   109    60   123    39   138 0.61 -
Pcitr_chr5:35056010-35064566  -            382 12252at71240         -            688      0.54    7.8   6.1   2   2    0.0039      0.25    9.0   0.1   249   275   163   191   147   197 0.81 -
#
# Program:         hmmsearch
# Version:         3.3.2 (Nov 2020)
# Pipeline mode:   SEARCH
# Query file:      /scratch/srb67793/Pelargonium/busco_downloads/lineages/eudicots_odb10/hmms/12252at71240.hmm
# Target file:     /scratch/srb67793/Pelargonium/Pelargonium-PreviousAssembly-busco/run_eudicots_odb10/metaeuk_output/initial_results/Pcitr_Genome-final.fasta.modified.fas
# Option settings: hmmsearch --domtblout /scratch/srb67793/Pelargonium/Pelargonium-PreviousAssembly-busco/run_eudicots_odb10/hmmer_output/initial_run_results/12252at71240.out --cpu 1 /scratch/srb67793/Pelargonium/busco_downloads/lineages/eudicots_odb10/hmms/12252at71240.hmm /scratch/srb67793/Pelargonium/Pelargonium-PreviousAssembly-busco/run_eudicots_odb10/metaeuk_output/initial_results/Pcitr_Genome-final.fasta.modified.fas 
# Current dir:     /scratch/srb67793/Pelargonium
# Date:            Tue Jul  9 10:56:26 2024
# [ok]
