#                                                                                    --- full sequence --- -------------- this domain -------------   hmm coord   ali coord   env coord
# target name                accession   tlen query name           accession   qlen   E-value  score  bias   #  of  c-Evalue  i-Evalue  score  bias  from    to  from    to  from    to  acc description of target
#        ------------------- ---------- ----- -------------------- ---------- ----- --------- ------ ----- --- --- --------- --------- ------ ----- ----- ----- ----- ----- ----- ----- ---- ---------------------
Pcitr_chr8:30102605-30104813 -            255 122588at71240        -            170     8e-92  304.5   0.3   1   1   1.7e-94   2.8e-91  302.7   0.3    14   170    95   253    66   253 0.96 -
Pcitr_chr6:3491381-3492338   -            217 122588at71240        -            170   6.8e-09   34.6   0.0   1   1   8.3e-12   1.3e-08   33.6   0.0    14   104    37   136    27   150 0.77 -
Pcitr_chr9:18158627-18157296 -            285 122588at71240        -            170   1.5e-07   30.2   0.0   1   2    0.0015       2.4    6.8   0.0     3    35    86   118    84   132 0.91 -
Pcitr_chr9:18158627-18157296 -            285 122588at71240        -            170   1.5e-07   30.2   0.0   2   2   4.6e-08   7.4e-05   21.4   0.0    52   142   166   261   157   280 0.76 -
Pcitr_chr3:21731877-21734062 -            241 122588at71240        -            170   4.9e-06   25.3   0.1   1   1   4.2e-09   6.8e-06   24.8   0.1    19   147    95   222    78   240 0.77 -
Pcitr_chr3:21719636-21720706 -            247 122588at71240        -            170    0.0019   16.8   0.0   1   1   2.1e-06    0.0034   16.0   0.0    16    89    42   115    31   120 0.94 -
Pcitr_chr3:12635683-12637950 -            445 122588at71240        -            170     0.045   12.4   0.0   1   1   5.3e-05     0.086   11.5   0.0   101   153   341   392   333   398 0.84 -
#
# Program:         hmmsearch
# Version:         3.3.2 (Nov 2020)
# Pipeline mode:   SEARCH
# Query file:      /scratch/srb67793/Pelargonium/busco_downloads/lineages/eudicots_odb10/hmms/122588at71240.hmm
# Target file:     /scratch/srb67793/Pelargonium/Pelargonium-PreviousAssembly-busco/run_eudicots_odb10/metaeuk_output/initial_results/Pcitr_Genome-final.fasta.modified.fas
# Option settings: hmmsearch --domtblout /scratch/srb67793/Pelargonium/Pelargonium-PreviousAssembly-busco/run_eudicots_odb10/hmmer_output/initial_run_results/122588at71240.out --cpu 1 /scratch/srb67793/Pelargonium/busco_downloads/lineages/eudicots_odb10/hmms/122588at71240.hmm /scratch/srb67793/Pelargonium/Pelargonium-PreviousAssembly-busco/run_eudicots_odb10/metaeuk_output/initial_results/Pcitr_Genome-final.fasta.modified.fas 
# Current dir:     /scratch/srb67793/Pelargonium
# Date:            Tue Jul  9 10:56:26 2024
# [ok]
