#                                                                                     --- full sequence --- -------------- this domain -------------   hmm coord   ali coord   env coord
# target name                 accession   tlen query name           accession   qlen   E-value  score  bias   #  of  c-Evalue  i-Evalue  score  bias  from    to  from    to  from    to  acc description of target
#         ------------------- ---------- ----- -------------------- ---------- ----- --------- ------ ----- --- --- --------- --------- ------ ----- ----- ----- ----- ----- ----- ----- ---- ---------------------
Pcitr_chr2:689771-687370      -            298 124055at71240        -            223  9.3e-126  416.4   0.0   1   1  3.4e-128  1.2e-125  416.1   0.0    13   223    79   295    66   295 0.94 -
Pcitr_chr1:6405398-6402731    -            477 124055at71240        -            223   3.1e-86  287.2   0.2   1   3   1.1e-34   3.7e-32  110.4   0.0    83   222   103   235    81   236 0.86 -
Pcitr_chr1:6405398-6402731    -            477 124055at71240        -            223   3.1e-86  287.2   0.2   2   3     1e-25   3.4e-23   81.0   0.0   121   221   268   365   248   367 0.93 -
Pcitr_chr1:6405398-6402731    -            477 124055at71240        -            223   3.1e-86  287.2   0.2   3   3   3.4e-29   1.2e-26   92.4   0.0   124   222   378   473   368   474 0.94 -
Pcitr_chr5:14775098-14772235  -            491 124055at71240        -            223   8.7e-85  282.5   0.3   1   4       1.6   5.3e+02   -1.3   0.0    11    38    53    80    45    89 0.83 -
Pcitr_chr5:14775098-14772235  -            491 124055at71240        -            223   8.7e-85  282.5   0.3   2   4   3.3e-33   1.1e-30  105.5   0.0   124   222   154   249   137   250 0.95 -
Pcitr_chr5:14775098-14772235  -            491 124055at71240        -            223   8.7e-85  282.5   0.3   3   4   2.5e-26   8.3e-24   83.1   0.0   117   222   282   380   258   381 0.85 -
Pcitr_chr5:14775098-14772235  -            491 124055at71240        -            223   8.7e-85  282.5   0.3   4   4   3.4e-28   1.1e-25   89.1   0.0   124   221   392   486   385   488 0.95 -
Pcitr_chr2:4832469-4833673    -            112 124055at71240        -            223   7.8e-31  106.0   0.0   1   1   2.8e-33   9.3e-31  105.8   0.0   123   222     8   104     3   105 0.95 -
Pcitr_chr10:26635196-26634029 -             42 124055at71240        -            223     3e-09   35.4   0.4   1   2    0.0036       1.2    7.3   0.0   143   163     2    22     1    23 0.88 -
Pcitr_chr10:26635196-26634029 -             42 124055at71240        -            223     3e-09   35.4   0.4   2   2   8.7e-10   2.9e-07   28.9   0.1   190   210    22    42    19    42 0.94 -
Pcitr_chr1:33524795-33523303  -            107 124055at71240        -            223   6.7e-07   27.8   0.0   1   1   2.4e-09   7.9e-07   27.5   0.0   125   222     6    98     2    99 0.85 -
Pcitr_chr6:14777201-14771743  -             41 124055at71240        -            223     1e-06   27.2   0.3   1   2    0.0046       1.5    7.0   0.0   146   164     5    23     1    24 0.83 -
Pcitr_chr6:14777201-14771743  -             41 124055at71240        -            223     1e-06   27.2   0.3   2   2   2.6e-07   8.7e-05   20.9   0.1   190   209    22    41    20    41 0.92 -
Pcitr_chr8:25231829-25229611  -            109 124055at71240        -            223   6.4e-06   24.6   0.0   1   1   2.2e-08   7.5e-06   24.3   0.0   128   214    27   108    18   109 0.86 -
Pcitr_chr2:13294470-13293442  -             63 124055at71240        -            223   6.9e-05   21.2   0.0   1   1   2.2e-07   7.3e-05   21.1   0.0   149   209     3    63     1    63 0.95 -
Pcitr_chr7:32513962-32513024  -            313 124055at71240        -            223   0.00022   19.5   0.0   1   1   9.8e-07   0.00033   19.0   0.0   135   223   156   245   149   245 0.81 -
Pcitr_chr3:31380981-31381775  -            265 124055at71240        -            223   0.00029   19.2   0.0   1   1   1.4e-06   0.00046   18.5   0.0   189   221   173   205   150   207 0.85 -
Pcitr_chr5:31745170-31744547  -             65 124055at71240        -            223    0.0006   18.1   0.0   1   1     2e-06   0.00068   17.9   0.0   148   209     6    65     3    65 0.90 -
Pcitr_chr6:10818627-10818001  -            209 124055at71240        -            223   0.00069   17.9   0.0   1   1   2.5e-06   0.00085   17.6   0.0   174   222   104   150    55   151 0.86 -
Pcitr_chr10:26804147-26804818 -            224 124055at71240        -            223   0.00079   17.7   0.0   1   1     3e-06     0.001   17.4   0.0   156   222    98   164    75   165 0.74 -
Pcitr_chr4:33834382-33835392  -            337 124055at71240        -            223     0.001   17.4   0.0   1   1   4.5e-06    0.0015   16.8   0.0   174   223   231   278   210   278 0.81 -
Pcitr_chr6:15430368-15431084  -            239 124055at71240        -            223    0.0017   16.6   0.0   1   1   7.6e-06    0.0025   16.1   0.0   174   221   133   178   114   180 0.85 -
Pcitr_chr4:36787833-36786628  -            402 124055at71240        -            223    0.0024   16.2   0.0   1   1   1.1e-05    0.0036   15.6   0.0   175   222   295   344   256   345 0.76 -
Pcitr_chr7:31661110-31662144  -            345 124055at71240        -            223    0.0028   15.9   0.0   1   1   1.2e-05     0.004   15.4   0.0   193   223   256   286   225   286 0.75 -
Pcitr_chr11:3919526-3920413   -            296 124055at71240        -            223    0.0051   15.1   0.0   1   1   2.1e-05    0.0069   14.6   0.0   135   223   147   238   134   238 0.75 -
Pcitr_chr4:1849076-1848528    -            183 124055at71240        -            223     0.011   14.0   0.0   1   1   4.1e-05     0.014   13.7   0.0   156   222    35   102    11   103 0.84 -
Pcitr_chr6:6226813-6227127    -            105 124055at71240        -            223     0.012   13.9   0.0   1   1   5.7e-05     0.019   13.2   0.0   131   221     3    98     1   100 0.62 -
Pcitr_chr2:11991778-11992242  -            155 124055at71240        -            223     0.012   13.8   0.0   1   1   4.1e-05     0.014   13.7   0.0   194   222    68    96    13    97 0.81 -
Pcitr_chr3:23439031-23438336  -            232 124055at71240        -            223     0.015   13.5   0.0   1   1   5.7e-05     0.019   13.2   0.0   193   222   146   175    87   176 0.84 -
Pcitr_chr3:6884182-6883085    -            366 124055at71240        -            223     0.023   12.9   0.0   1   1    0.0001     0.034   12.4   0.0   177   223   262   310   230   310 0.75 -
Pcitr_chr1:24491761-24491429  -            111 124055at71240        -            223     0.027   12.7   0.0   1   1   0.00015     0.051   11.8   0.0   120   221    12   108     7   110 0.71 -
Pcitr_chr3:7758302-7758829    -            176 124055at71240        -            223     0.039   12.2   0.0   1   1   0.00016     0.054   11.7   0.0   190   222    84   116    50   117 0.75 -
Pcitr_chr3:18865018-18864437  -            194 124055at71240        -            223     0.058   11.6   0.0   1   1   0.00022     0.073   11.3   0.0   175   221    89   135    58   137 0.88 -
Pcitr_chr5:17795965-17796258  -             98 124055at71240        -            223     0.069   11.4   0.0   1   1   0.00022     0.074   11.3   0.0   129   221     3    95     1    97 0.70 -
Pcitr_chr5:17799088-17798795  -             98 124055at71240        -            223     0.069   11.4   0.0   1   1   0.00022     0.074   11.3   0.0   129   221     3    95     1    97 0.70 -
#
# Program:         hmmsearch
# Version:         3.3.2 (Nov 2020)
# Pipeline mode:   SEARCH
# Query file:      /scratch/srb67793/Pelargonium/busco_downloads/lineages/eudicots_odb10/hmms/124055at71240.hmm
# Target file:     /scratch/srb67793/Pelargonium/Pelargonium-PreviousAssembly-busco/run_eudicots_odb10/metaeuk_output/initial_results/Pcitr_Genome-final.fasta.modified.fas
# Option settings: hmmsearch --domtblout /scratch/srb67793/Pelargonium/Pelargonium-PreviousAssembly-busco/run_eudicots_odb10/hmmer_output/initial_run_results/124055at71240.out --cpu 1 /scratch/srb67793/Pelargonium/busco_downloads/lineages/eudicots_odb10/hmms/124055at71240.hmm /scratch/srb67793/Pelargonium/Pelargonium-PreviousAssembly-busco/run_eudicots_odb10/metaeuk_output/initial_results/Pcitr_Genome-final.fasta.modified.fas 
# Current dir:     /scratch/srb67793/Pelargonium
# Date:            Tue Jul  9 10:56:52 2024
# [ok]
