#                                                                                     --- full sequence --- -------------- this domain -------------   hmm coord   ali coord   env coord
# target name                 accession   tlen query name           accession   qlen   E-value  score  bias   #  of  c-Evalue  i-Evalue  score  bias  from    to  from    to  from    to  acc description of target
#         ------------------- ---------- ----- -------------------- ---------- ----- --------- ------ ----- --- --- --------- --------- ------ ----- ----- ----- ----- ----- ----- ----- ---- ---------------------
Pcitr_chr3:21704299-21697369  -            688 137399at71240        -            266  6.2e-120  398.5  21.9   1   4   1.4e-91   9.5e-90  299.5   2.5     1   244     4   221     4   228 0.88 -
Pcitr_chr3:21704299-21697369  -            688 137399at71240        -            266  6.2e-120  398.5  21.9   2   4   3.4e-10   2.3e-08   32.6   0.5   239   263   258   282   254   285 0.92 -
Pcitr_chr3:21704299-21697369  -            688 137399at71240        -            266  6.2e-120  398.5  21.9   3   4   9.9e-12   6.8e-10   37.7   0.4   234   264   312   342   307   344 0.89 -
Pcitr_chr3:21704299-21697369  -            688 137399at71240        -            266  6.2e-120  398.5  21.9   4   4     1e-10     7e-09   34.3   0.6   236   264   371   399   366   403 0.88 -
Pcitr_chr3:20482090-20482836  -            249 137399at71240        -            266   1.9e-14   52.6   0.1   1   1   3.7e-16   2.6e-14   52.2   0.1   160   265    45   156    27   157 0.84 -
Pcitr_chr2:4412829-4413578    -            250 137399at71240        -            266   2.1e-14   52.5   0.1   1   2     1e-07     7e-06   24.5   0.0    68   146    47   122    43   144 0.83 -
Pcitr_chr2:4412829-4413578    -            250 137399at71240        -            266   2.1e-14   52.5   0.1   2   2   2.9e-08     2e-06   26.3   0.0    56   141   154   239   146   249 0.84 -
Pcitr_chr8:11980894-11981646  -            251 137399at71240        -            266   3.1e-14   51.9   0.3   1   2   2.6e-07   1.8e-05   23.1   0.0    68   145    47   121    43   143 0.82 -
Pcitr_chr8:11980894-11981646  -            251 137399at71240        -            266   3.1e-14   51.9   0.3   2   2   1.6e-08   1.1e-06   27.1   0.1    56   141   155   240   148   250 0.84 -
Pcitr_chr2:2647722-2677110    -           2264 137399at71240        -            266   3.3e-14   51.8   0.1   1   2    0.0023      0.16   10.2   0.0   187   239  1946  1997  1933  2005 0.83 -
Pcitr_chr2:2647722-2677110    -           2264 137399at71240        -            266   3.3e-14   51.8   0.1   2   2     2e-12   1.4e-10   39.9   0.0    62   141  2003  2083  1998  2111 0.86 -
Pcitr_chr7:21192218-21192472  -             85 137399at71240        -            266   3.9e-13   48.3   0.0   1   1   6.2e-15   4.3e-13   48.2   0.0    65   138     1    74     1    82 0.95 -
Pcitr_chr5:4320262-4320005    -             86 137399at71240        -            266   8.1e-13   47.2   0.0   1   1   1.3e-14   8.9e-13   47.1   0.0    65   136     1    72     1    81 0.91 -
Pcitr_chr8:32045618-32045944  -            109 137399at71240        -            266   1.5e-12   46.3   0.0   1   1   2.8e-14   1.9e-12   46.0   0.0    63   138    17    92    14   104 0.93 -
Pcitr_chr1:20559804-20560046  -             81 137399at71240        -            266     2e-12   46.0   0.0   1   1     3e-14   2.1e-12   45.9   0.0    65   134     1    70     1    80 0.90 -
Pcitr_chr1:20518721-20518464  -             86 137399at71240        -            266   2.2e-12   45.8   0.0   1   1   3.4e-14   2.4e-12   45.7   0.0    65   135     1    71     1    81 0.90 -
Pcitr_chr4:30355237-30355611  -            125 137399at71240        -            266   2.5e-12   45.6   0.0   1   1   3.9e-14   2.7e-12   45.5   0.0    61   137    44   120    10   124 0.86 -
Pcitr_chr7:11364469-11364116  -            118 137399at71240        -            266   2.8e-12   45.5   0.0   1   1   4.8e-14   3.3e-12   45.3   0.0    63   138    28   103    13   114 0.93 -
Pcitr_chr7:28854276-28854548  -             91 137399at71240        -            266   3.2e-12   45.3   0.0   1   1   5.3e-14   3.7e-12   45.1   0.0    63   137     3    77     1    88 0.92 -
Pcitr_chr6:8957267-8956944    -            108 137399at71240        -            266   3.5e-12   45.2   0.0   1   1   6.5e-14   4.5e-12   44.8   0.0    63   137    19    93    16   102 0.91 -
Pcitr_chr3:16100220-16098649  -            328 137399at71240        -            266   3.6e-11   41.8   0.4   1   1   5.2e-13   3.6e-11   41.8   0.4     1   207   111   326   111   328 0.81 -
Pcitr_chr1:45067147-45067368  -             74 137399at71240        -            266   6.4e-11   41.0   0.0   1   1   1.1e-12   7.3e-11   40.8   0.0    66   123     1    58     1    63 0.97 -
Pcitr_chr1:35360757-35362406  -            183 137399at71240        -            266   7.6e-11   40.8   0.0   1   1   1.2e-12   8.3e-11   40.7   0.0    54   140    94   181    41   183 0.85 -
Pcitr_chr9:33549347-33552235  -            313 137399at71240        -            266     1e-10   40.4   3.9   1   1   1.4e-12     1e-10   40.4   3.9   145   243   114   216    78   221 0.84 -
Pcitr_chr11:4418286-4418071   -             72 137399at71240        -            266   1.6e-10   39.7   0.0   1   1   2.7e-12   1.8e-10   39.5   0.0    66   122     1    57     1    63 0.97 -
Pcitr_chr1:47201471-47201208  -             88 137399at71240        -            266   4.6e-10   38.2   0.0   1   1     8e-12   5.5e-10   38.0   0.0    58   123    15    80     9    84 0.93 -
Pcitr_chr10:23101661-23101888 -             76 137399at71240        -            266   5.3e-10   38.0   0.0   1   1   8.2e-12   5.6e-10   37.9   0.0   161   224     2    67     1    74 0.90 -
Pcitr_chr10:23096023-23096268 -             82 137399at71240        -            266   5.5e-10   38.0   0.0   1   1   8.9e-12   6.2e-10   37.8   0.0   161   224     2    67     1    73 0.90 -
Pcitr_chr10:11068769-11069554 -            262 137399at71240        -            266   5.9e-10   37.9   0.0   1   2   3.1e-05    0.0022   16.3   0.0    68   144    55   128    51   139 0.84 -
Pcitr_chr10:11068769-11069554 -            262 137399at71240        -            266   5.9e-10   37.9   0.0   2   2   3.3e-06   0.00023   19.6   0.0    62   138   172   248   152   258 0.81 -
Pcitr_chr3:7728712-7728455    -             86 137399at71240        -            266   1.2e-09   36.9   0.0   1   1   1.8e-11   1.2e-09   36.8   0.0   154   216    18    81     4    85 0.88 -
Pcitr_chr3:20534183-20544578  -             81 137399at71240        -            266   1.9e-09   36.2   0.0   1   1   2.9e-11     2e-09   36.1   0.0   160   218     2    61     1    80 0.82 -
Pcitr_chr6:12568664-12565272  -             85 137399at71240        -            266   2.8e-09   35.7   0.0   1   1   4.3e-11   2.9e-09   35.6   0.0   160   218     2    61     1    82 0.79 -
Pcitr_chr3:16116452-16097238  -            523 137399at71240        -            266   3.2e-09   35.4   1.6   1   1   4.7e-11   3.2e-09   35.4   1.6    64   235   203   395   133   406 0.71 -
Pcitr_chr8:22369287-22369042  -             82 137399at71240        -            266   6.6e-09   34.4   0.0   1   1     1e-10     7e-09   34.3   0.0    65   137     1    72     1    81 0.86 -
Pcitr_chr1:28869189-28869386  -             66 137399at71240        -            266   6.8e-09   34.4   0.0   1   1   9.8e-11   6.8e-09   34.4   0.0   160   216     3    60     1    66 0.90 -
Pcitr_chr7:28852724-28852930  -             69 137399at71240        -            266   2.4e-08   32.6   0.0   1   1   3.4e-10   2.4e-08   32.6   0.0    65   122     1    58     1    69 0.87 -
Pcitr_chr2:5138893-5131740    -           1065 137399at71240        -            266   2.6e-08   32.5   0.1   1   2   8.3e-08   5.7e-06   24.8   0.0    36   123   264   351   245   365 0.84 -
Pcitr_chr2:5138893-5131740    -           1065 137399at71240        -            266   2.6e-08   32.5   0.1   2   2      0.14       9.6    4.4   0.0   169   224   464   520   454   540 0.76 -
Pcitr_chr5:6575543-6574960    -             96 137399at71240        -            266   4.7e-08   31.6   0.0   1   1   7.4e-10   5.1e-08   31.5   0.0   159   233    17    93     6    96 0.80 -
Pcitr_chr4:30353971-30354195  -             75 137399at71240        -            266   5.2e-08   31.5   0.0   1   1   8.2e-10   5.7e-08   31.4   0.0    65   122     1    58     1    73 0.69 -
Pcitr_chr4:36534816-36532265  -            137 137399at71240        -            266   6.9e-08   31.1   0.0   1   1   1.2e-09   8.5e-08   30.8   0.0    62   140    34   113    30   123 0.70 -
Pcitr_chr8:22330971-22330735  -             79 137399at71240        -            266   6.9e-08   31.1   0.0   1   1   1.1e-09   7.4e-08   31.0   0.0    64   135     2    72     1    78 0.87 -
Pcitr_chr5:6492887-6493414    -             79 137399at71240        -            266   8.7e-08   30.8   0.0   1   1   1.3e-09   9.1e-08   30.7   0.0   160   233     1    76     1    79 0.88 -
Pcitr_chr11:16894503-16894231 -             91 137399at71240        -            266   8.8e-08   30.7   0.0   1   1   1.4e-09   9.9e-08   30.6   0.0   161   239     9    90     4    91 0.89 -
Pcitr_chr1:20519947-20519738  -             70 137399at71240        -            266     1e-07   30.5   0.0   1   1   1.5e-09     1e-07   30.5   0.0   161   228     2    69     1    70 0.85 -
Pcitr_chr7:3606854-3607123    -             90 137399at71240        -            266   1.1e-07   30.5   0.0   1   1   1.7e-09   1.2e-07   30.3   0.0   160   227    16    84    11    90 0.91 -
Pcitr_chr11:219098-218703     -            132 137399at71240        -            266   1.4e-07   30.1   0.0   1   1   2.9e-09     2e-07   29.6   0.0   160   239    49   131    41   132 0.87 -
Pcitr_chr7:9197406-9197684    -             93 137399at71240        -            266   1.4e-07   30.1   0.0   1   1   2.4e-09   1.6e-07   29.9   0.0   161   242     3    87     1    92 0.85 -
Pcitr_chr6:6575742-6576467    -             77 137399at71240        -            266   1.5e-07   30.0   0.0   1   1   2.4e-09   1.7e-07   29.8   0.0   161   230     4    75     2    77 0.92 -
Pcitr_chr7:11365011-11364757  -             85 137399at71240        -            266   1.6e-07   29.9   0.0   1   1   2.6e-09   1.8e-07   29.7   0.0   159   228    12    81     4    84 0.60 -
Pcitr_chr5:4321815-4321609    -             69 137399at71240        -            266   1.7e-07   29.8   0.0   1   1   2.4e-09   1.7e-07   29.8   0.0   161   217     2    59     1    69 0.82 -
Pcitr_chr5:23816302-23816553  -             84 137399at71240        -            266   1.7e-07   29.8   0.0   1   1   2.5e-09   1.7e-07   29.8   0.0   162   237     2    79     1    84 0.86 -
Pcitr_chr6:14526712-14526290  -            141 137399at71240        -            266   1.7e-07   29.8   0.0   1   1   3.3e-09   2.3e-07   29.4   0.0   161   240    48   130    42   138 0.87 -
Pcitr_chr5:32280322-32280519  -             66 137399at71240        -            266   1.8e-07   29.7   0.0   1   1   2.9e-09     2e-07   29.6   0.0   160   217     3    61     2    66 0.91 -
Pcitr_chr6:20759787-20759590  -             66 137399at71240        -            266   1.8e-07   29.7   0.0   1   1   2.9e-09     2e-07   29.6   0.0   160   217     3    61     2    66 0.91 -
Pcitr_chr11:10108650-10107649 -            152 137399at71240        -            266   1.9e-07   29.7   0.0   1   1   3.4e-09   2.3e-07   29.3   0.0   159   258    14   124     4   131 0.75 -
Pcitr_chr6:18591094-18590834  -             87 137399at71240        -            266   2.1e-07   29.5   0.0   1   1   3.2e-09   2.2e-07   29.4   0.0   161   239     1    82     1    87 0.87 -
Pcitr_Contig592:1374-1186     -             63 137399at71240        -            266   2.9e-07   29.1   0.1   1   1   4.4e-09     3e-07   29.0   0.1    66   123     1    57     1    62 0.92 -
Pcitr_chr1:20558528-20558773  -             82 137399at71240        -            266   3.1e-07   28.9   0.0   1   1   5.1e-09   3.5e-07   28.8   0.0   160   212    19    72     7    80 0.85 -
Pcitr_chr4:38260976-38258403  -             77 137399at71240        -            266   3.4e-07   28.8   0.0   1   1   5.3e-09   3.7e-07   28.7   0.0   160   236     1    75     1    77 0.88 -
Pcitr_chr8:32045107-32045313  -             69 137399at71240        -            266   3.7e-07   28.7   0.0   1   1   5.4e-09   3.7e-07   28.7   0.0    65   122     1    58     1    69 0.74 -
Pcitr_chr7:21191080-21191286  -             69 137399at71240        -            266   4.6e-07   28.4   0.0   1   1     7e-09   4.9e-07   28.3   0.0   161   227     2    68     1    69 0.83 -
Pcitr_chr8:22369965-22369729  -             79 137399at71240        -            266   5.2e-07   28.2   0.0   1   1   8.7e-09     6e-07   28.0   0.0    64   226     9    77     3    79 0.53 -
Pcitr_chr9:33073890-33008809  -             96 137399at71240        -            266   5.4e-07   28.1   0.0   1   1   8.9e-09   6.2e-07   28.0   0.0   159   227    18    87    11    95 0.91 -
Pcitr_chr11:12655058-12655315 -             86 137399at71240        -            266   5.7e-07   28.1   0.0   1   1   8.8e-09   6.1e-07   28.0   0.0   158   216    19    78    13    86 0.88 -
Pcitr_chr10:18633193-18632906 -             96 137399at71240        -            266   6.2e-07   27.9   0.0   1   1   9.5e-09   6.6e-07   27.9   0.0    62   125    27    90    16    96 0.85 -
Pcitr_chr3:5049708-5051665    -             89 137399at71240        -            266   7.3e-07   27.7   0.0   1   1   1.2e-08     8e-07   27.6   0.0   160   235     1    78     1    85 0.67 -
Pcitr_chr5:35791459-35788039  -            342 137399at71240        -            266     8e-07   27.6   0.0   1   1   1.2e-08     8e-07   27.6   0.0    63   142     6    85     2    96 0.80 -
Pcitr_chr6:8957832-8957626    -             69 137399at71240        -            266     9e-07   27.4   0.0   1   1   1.3e-08     9e-07   27.4   0.0    65   123     1    59     1    69 0.82 -
Pcitr_chr4:39982765-39983052  -             96 137399at71240        -            266   9.3e-07   27.4   0.1   1   1   1.4e-08   9.7e-07   27.3   0.1    49   123    20    91     3    96 0.78 -
Pcitr_chr1:52550932-52551192  -             87 137399at71240        -            266   9.6e-07   27.3   0.0   1   1   1.4e-08   9.6e-07   27.3   0.0   157   232     5    82     1    87 0.80 -
Pcitr_chr6:14478835-14479071  -             79 137399at71240        -            266   1.1e-06   27.1   0.0   1   1   1.8e-08   1.2e-06   27.0   0.0   161   235     1    78     1    79 0.87 -
Pcitr_chr6:11757354-11744440  -            912 137399at71240        -            266   1.2e-06   27.0   0.0   1   1     3e-08   2.1e-06   26.2   0.0    63   161   152   254   128   274 0.82 -
Pcitr_chr7:20520237-20519953  -             95 137399at71240        -            266   1.3e-06   26.9   0.0   1   1     2e-08   1.4e-06   26.8   0.0   156   217    26    88    10    95 0.85 -
Pcitr_chr2:15692991-15693281  -             97 137399at71240        -            266   1.5e-06   26.7   0.1   1   1   2.3e-08   1.6e-06   26.6   0.1    61   136    20    96    16    97 0.93 -
Pcitr_chr3:10597201-10598019  -             81 137399at71240        -            266   1.5e-06   26.7   0.0   1   1   2.4e-08   1.7e-06   26.6   0.0   160   233     4    79     2    81 0.85 -
Pcitr_chr5:14151878-14152102  -             75 137399at71240        -            266   1.9e-06   26.3   0.0   1   1   3.1e-08   2.2e-06   26.2   0.0    65   133     1    69     1    74 0.90 -
Pcitr_chr8:13880170-13880409  -             80 137399at71240        -            266     2e-06   26.3   0.0   1   1   2.9e-08     2e-06   26.3   0.0    59   111    28    80    15    80 0.89 -
Pcitr_chr3:26131570-26131965  -            132 137399at71240        -            266   2.2e-06   26.1   0.0   1   1   3.9e-08   2.7e-06   25.9   0.0   161   239    39   120    31   129 0.86 -
Pcitr_chr11:4622463-4623310   -             83 137399at71240        -            266   2.4e-06   26.1   0.0   1   1     4e-08   2.7e-06   25.8   0.0   160   236     1    79     1    82 0.78 -
Pcitr_chr8:22331419-22331198  -             74 137399at71240        -            266   3.3e-06   25.6   0.0   1   1     5e-08   3.5e-06   25.5   0.0    64   126     2    64     1    73 0.76 -
Pcitr_chr3:10518422-10518267  -             52 137399at71240        -            266   3.8e-06   25.4   0.0   1   1   5.6e-08   3.9e-06   25.3   0.0    73   121     4    52     1    52 0.94 -
Pcitr_chr10:32095696-32089631 -            237 137399at71240        -            266   3.8e-06   25.4   0.1   1   1   7.3e-08   5.1e-06   25.0   0.1    58   133   154   229   141   237 0.80 -
Pcitr_chr11:26481988-26481764 -             75 137399at71240        -            266   5.4e-06   24.9   0.0   1   1     9e-08   6.2e-06   24.7   0.0    66   136     1    71     1    74 0.83 -
Pcitr_chr3:4418311-4418108    -             68 137399at71240        -            266   5.4e-06   24.9   0.0   1   1   8.9e-08   6.2e-06   24.7   0.0   160   217     1    59     1    66 0.89 -
Pcitr_chr7:30647747-30647376  -            124 137399at71240        -            266   6.2e-06   24.7   0.0   1   1   1.1e-07   7.3e-06   24.4   0.0   161   236    44   122    36   124 0.83 -
Pcitr_chr4:4603591-4603947    -            119 137399at71240        -            266   7.7e-06   24.4   0.0   1   1   1.3e-07   9.1e-06   24.1   0.0   161   237    39   118    33   119 0.87 -
Pcitr_chr8:7990258-7989980    -             93 137399at71240        -            266   1.1e-05   23.9   0.0   1   1   1.8e-07   1.2e-05   23.7   0.0    61   137     8    85     4    92 0.88 -
Pcitr_chr3:26925370-26925618  -             83 137399at71240        -            266   1.2e-05   23.7   0.0   1   1   1.8e-07   1.3e-05   23.6   0.0   157   216    15    74     3    82 0.73 -
Pcitr_chr3:24713442-24712848  -             92 137399at71240        -            266   1.2e-05   23.7   0.0   1   1   1.9e-07   1.3e-05   23.6   0.0    64   231    14    89     3    92 0.51 -
Pcitr_chr3:5701899-5702057    -             53 137399at71240        -            266   1.3e-05   23.6   0.1   1   1   1.9e-07   1.3e-05   23.6   0.1    76   123     1    47     1    52 0.90 -
Pcitr_chr9:30074331-30074140  -             64 137399at71240        -            266   1.4e-05   23.5   0.0   1   1   2.2e-07   1.5e-05   23.4   0.0   161   209     5    54     2    61 0.92 -
Pcitr_chr3:2974461-2974234    -             76 137399at71240        -            266   1.5e-05   23.4   0.0   1   1   2.3e-07   1.6e-05   23.3   0.0    66   123     3    59     1    73 0.84 -
Pcitr_chr3:6853905-6854171    -             89 137399at71240        -            266   2.2e-05   22.9   0.0   1   1   3.9e-07   2.7e-05   22.6   0.0   160   219     5    65     3    75 0.91 -
Pcitr_chr3:1989472-1989681    -             70 137399at71240        -            266   2.3e-05   22.8   0.0   1   1   3.4e-07   2.3e-05   22.8   0.0    76   123     9    56     4    70 0.84 -
Pcitr_chr6:14851889-14852119  -             77 137399at71240        -            266   2.5e-05   22.7   0.0   1   1   4.2e-07   2.9e-05   22.5   0.0    63   110    29    76    22    77 0.66 -
Pcitr_chr4:37779164-37779418  -             85 137399at71240        -            266   2.6e-05   22.6   0.0   1   1     4e-07   2.8e-05   22.5   0.0   144   216    12    84     2    85 0.83 -
Pcitr_chr2:9755692-9755928    -             79 137399at71240        -            266   7.1e-05   21.2   0.0   1   1   1.1e-06   7.5e-05   21.1   0.0   159   216     1    59     1    71 0.90 -
Pcitr_chr2:9760295-9760059    -             79 137399at71240        -            266   7.1e-05   21.2   0.0   1   1   1.1e-06   7.5e-05   21.1   0.0   159   216     1    59     1    71 0.90 -
Pcitr_chr2:2675452-2675765    -             76 137399at71240        -            266   7.3e-05   21.2   0.1   1   1   1.2e-06   8.1e-05   21.0   0.1   160   225     4    69     1    73 0.69 -
Pcitr_chr4:24520443-24521332  -             69 137399at71240        -            266   7.5e-05   21.1   0.0   1   1   1.2e-06   8.3e-05   21.0   0.0    74   126    12    65     3    68 0.83 -
Pcitr_chr1:18120811-18121047  -             79 137399at71240        -            266   8.1e-05   21.0   0.0   1   1   1.2e-06   8.1e-05   21.0   0.0    59   111    26    78     4    79 0.80 -
Pcitr_chr3:5701348-5701599    -             84 137399at71240        -            266   8.1e-05   21.0   0.1   1   1   2.8e-06    0.0002   19.8   0.1   158   210     9    61     5    75 0.85 -
Pcitr_Contig592:1877-1653     -             75 137399at71240        -            266   0.00012   20.4   0.0   1   1   2.1e-06   0.00014   20.2   0.0   158   209     9    60     5    72 0.85 -
Pcitr_chr8:26065433-26065245  -             63 137399at71240        -            266   0.00013   20.4   0.0   1   1   1.9e-06   0.00013   20.4   0.0   159   210     1    52     1    63 0.63 -
Pcitr_chr4:39982414-39982644  -             77 137399at71240        -            266   0.00014   20.3   0.0   1   1   2.2e-06   0.00015   20.1   0.0   159   214    16    71     2    76 0.81 -
Pcitr_chr11:17905596-17905363 -             78 137399at71240        -            266   0.00018   19.9   0.1   1   1   2.7e-06   0.00019   19.8   0.1   161   216     1    56     1    76 0.69 -
Pcitr_chr5:31330093-31330329  -             79 137399at71240        -            266   0.00019   19.8   0.0   1   1   2.9e-06    0.0002   19.7   0.0   161   234     3    78     1    79 0.87 -
Pcitr_chr5:31329496-31329795  -            100 137399at71240        -            266   0.00023   19.5   0.0   1   1   3.3e-06   0.00023   19.5   0.0    66   137     1    73     1    96 0.83 -
Pcitr_chr6:8676868-8678087    -            102 137399at71240        -            266   0.00025   19.4   0.1   1   1     4e-06   0.00028   19.3   0.1   165   215    20    71     9    96 0.80 -
Pcitr_chr7:12297706-12297392  -             71 137399at71240        -            266   0.00039   18.8   0.2   1   1   6.3e-06   0.00043   18.6   0.2    63   117    10    64     4    70 0.87 -
Pcitr_chr3:21266902-21259456  -            587 137399at71240        -            266   0.00046   18.5   0.0   1   1     1e-05   0.00071   17.9   0.0   163   248   407   494   400   501 0.82 -
Pcitr_chr8:33819565-33820277  -             75 137399at71240        -            266   0.00057   18.2   0.0   1   1   8.7e-06    0.0006   18.2   0.0    70   129     1    61     1    73 0.87 -
Pcitr_chr3:15411966-15412169  -             68 137399at71240        -            266   0.00063   18.1   0.0   1   1     1e-05   0.00069   18.0   0.0   161   215     1    58     1    66 0.76 -
Pcitr_chr1:30847215-30846883  -            111 137399at71240        -            266    0.0007   18.0   0.0   1   1   1.1e-05   0.00076   17.8   0.0   161   233    32   105    20   111 0.64 -
Pcitr_chr3:19598410-19598637  -             76 137399at71240        -            266   0.00075   17.8   0.0   1   1   1.2e-05    0.0008   17.8   0.0    62   110    27    75    15    76 0.83 -
Pcitr_chr4:38739603-38739788  -             62 137399at71240        -            266   0.00085   17.7   0.0   1   1   1.3e-05   0.00093   17.5   0.0   161   216     1    57     1    61 0.90 -
Pcitr_chr9:11504832-11504569  -             88 137399at71240        -            266   0.00085   17.7   0.0   1   1   1.4e-05   0.00097   17.5   0.0    63   119    25    81    15    86 0.90 -
Pcitr_chr3:15408614-15408850  -             79 137399at71240        -            266   0.00088   17.6   0.0   1   1   1.4e-05   0.00096   17.5   0.0   160   216     2    58     1    69 0.86 -
Pcitr_chr8:31199565-31199341  -             75 137399at71240        -            266    0.0011   17.4   0.0   1   1   1.6e-05    0.0011   17.3   0.0   161   226     1    68     1    75 0.73 -
Pcitr_chr10:27336176-27335913 -             88 137399at71240        -            266    0.0011   17.4   0.0   1   1   1.9e-05    0.0013   17.0   0.0   160   203     7    50     2    80 0.58 -
Pcitr_chr1:34721292-34718280  -            156 137399at71240        -            266    0.0012   17.2   0.0   1   1   2.2e-05    0.0015   16.8   0.0   166   238    52   125    44   132 0.84 -
Pcitr_chr4:24658025-24658731  -             66 137399at71240        -            266    0.0013   17.0   0.0   1   1     2e-05    0.0014   17.0   0.0   166   216     9    60     4    66 0.61 -
Pcitr_chr5:5755769-5755506    -             88 137399at71240        -            266    0.0015   16.9   0.0   1   1   2.4e-05    0.0017   16.7   0.0   161   233     1    75     1    83 0.90 -
Pcitr_chr8:12456592-12400319  -            567 137399at71240        -            266    0.0016   16.8   0.0   1   1   4.3e-05    0.0029   15.9   0.0    65   141     5    82     2    90 0.59 -
Pcitr_chr9:20467828-20468160  -            111 137399at71240        -            266    0.0017   16.7   0.0   1   1   2.9e-05     0.002   16.5   0.0    60   135    26   101    15   110 0.77 -
Pcitr_chr3:5700952-5701188    -             79 137399at71240        -            266    0.0019   16.6   0.0   1   1   2.8e-05    0.0019   16.5   0.0    80   134    23    77    11    79 0.88 -
Pcitr_chr2:10226807-10227157  -            117 137399at71240        -            266    0.0019   16.5   0.0   1   1   3.7e-05    0.0026   16.1   0.0   160   203     7    50     2    81 0.64 -
Pcitr_Contig592:2273-2037     -             79 137399at71240        -            266     0.002   16.5   0.0   1   1     3e-05    0.0021   16.4   0.0    80   134    23    77    11    79 0.88 -
Pcitr_chr8:33854509-33853691  -             75 137399at71240        -            266     0.002   16.4   0.0   1   1     3e-05    0.0021   16.4   0.0    70   123     1    54     1    72 0.87 -
Pcitr_chr11:26482261-26482001 -             87 137399at71240        -            266    0.0024   16.2   0.0   1   1   3.4e-05    0.0024   16.2   0.0    84   144    19    79     1    87 0.55 -
Pcitr_chr8:30072857-30060024  -            903 137399at71240        -            266     0.003   15.9   6.0   1   2    0.0068      0.47    8.7   2.4   237   265   745   773   722   774 0.83 -
Pcitr_chr8:30072857-30060024  -            903 137399at71240        -            266     0.003   15.9   6.0   2   2     0.008      0.55    8.4   0.1   245   265   881   901   861   902 0.81 -
Pcitr_chr8:24517171-24516932  -             80 137399at71240        -            266    0.0061   14.9   0.0   1   1   8.8e-05    0.0061   14.9   0.0    83   140    18    75     5    80 0.75 -
Pcitr_chr4:37778845-37779081  -             79 137399at71240        -            266    0.0067   14.7   0.0   1   1    0.0001    0.0072   14.6   0.0    81   134    23    76    13    79 0.83 -
Pcitr_chr11:17905869-17905657 -             71 137399at71240        -            266    0.0079   14.5   0.1   1   1   0.00011    0.0079   14.5   0.1   163   226     3    67     1    71 0.83 -
Pcitr_chr1:48564434-48566073  -            153 137399at71240        -            266    0.0093   14.3   0.4   1   1   0.00018     0.013   13.8   0.0   163   238     1    78     1    84 0.84 -
Pcitr_chr4:26919649-26919383  -             89 137399at71240        -            266    0.0096   14.2   0.0   1   1   0.00015      0.01   14.1   0.0   161   201     1    43     1    62 0.75 -
Pcitr_chr5:8642778-8643014    -             79 137399at71240        -            266     0.014   13.7   0.3   1   1   0.00022     0.015   13.6   0.3    67   137     1    72     1    77 0.85 -
Pcitr_chr8:26065694-26065488  -             69 137399at71240        -            266     0.021   13.1   0.1   1   1    0.0003     0.021   13.1   0.1   165   226     3    65     1    69 0.75 -
Pcitr_chr10:20737281-20736213 -             66 137399at71240        -            266     0.038   12.3   0.0   1   1   0.00055     0.038   12.3   0.0    70   130     1    63     1    66 0.72 -
Pcitr_chr10:21687640-21687912 -             91 137399at71240        -            266     0.041   12.1   0.0   1   1     0.001     0.072   11.3   0.0   160   232    21    89     8    91 0.72 -
Pcitr_chr3:2975862-2975602    -             87 137399at71240        -            266     0.043   12.1   0.0   1   1   0.00062     0.043   12.1   0.0   157   216    27    86     4    87 0.87 -
Pcitr_chr9:20278826-20279113  -             96 137399at71240        -            266     0.043   12.1   0.0   1   1   0.00071     0.049   11.9   0.0    64   137     8    81     3    93 0.74 -
Pcitr_chr2:34775547-34775320  -             76 137399at71240        -            266     0.047   11.9   0.1   1   1   0.00068     0.047   11.9   0.1   163   216     4    58     1    73 0.80 -
Pcitr_chr3:1988801-1989016    -             72 137399at71240        -            266     0.069   11.4   0.0   1   1    0.0012      0.08   11.2   0.0    78   122    27    71    23    72 0.89 -
Pcitr_chr4:20817751-20818050  -            100 137399at71240        -            266     0.079   11.2   0.0   1   1    0.0013     0.092   11.0   0.0    56   131    16    91     5    99 0.75 -
Pcitr_chr3:14552666-14552914  -             83 137399at71240        -            266     0.085   11.1   0.0   1   1    0.0012     0.086   11.1   0.0    67   120     2    56     1    79 0.68 -
Pcitr_chr8:4715848-4712798    -            217 137399at71240        -            266       1.3    7.3  10.6   1   1     0.033       2.3    6.4  10.6     4    59   102   157    99   172 0.75 -
#
# Program:         hmmsearch
# Version:         3.3.2 (Nov 2020)
# Pipeline mode:   SEARCH
# Query file:      /scratch/srb67793/Pelargonium/busco_downloads/lineages/eudicots_odb10/hmms/137399at71240.hmm
# Target file:     /scratch/srb67793/Pelargonium/Pelargonium-PreviousAssembly-busco/run_eudicots_odb10/metaeuk_output/initial_results/Pcitr_Genome-final.fasta.modified.fas
# Option settings: hmmsearch --domtblout /scratch/srb67793/Pelargonium/Pelargonium-PreviousAssembly-busco/run_eudicots_odb10/hmmer_output/initial_run_results/137399at71240.out --cpu 1 /scratch/srb67793/Pelargonium/busco_downloads/lineages/eudicots_odb10/hmms/137399at71240.hmm /scratch/srb67793/Pelargonium/Pelargonium-PreviousAssembly-busco/run_eudicots_odb10/metaeuk_output/initial_results/Pcitr_Genome-final.fasta.modified.fas 
# Current dir:     /scratch/srb67793/Pelargonium
# Date:            Tue Jul  9 10:56:26 2024
# [ok]
