#                                                                                      --- full sequence --- -------------- this domain -------------   hmm coord   ali coord   env coord
# target name                  accession   tlen query name           accession   qlen   E-value  score  bias   #  of  c-Evalue  i-Evalue  score  bias  from    to  from    to  from    to  acc description of target
#          ------------------- ---------- ----- -------------------- ---------- ----- --------- ------ ----- --- --- --------- --------- ------ ----- ----- ----- ----- ----- ----- ----- ---- ---------------------
Pcitr_chr1:48564434-48566073   -            153 151409at71240        -            133   3.6e-71  236.6   9.0   1   1   6.4e-71   3.9e-69  230.0   9.0     7   133     1   151     1   151 0.90 -
Pcitr_chr3:5049708-5051665     -             89 151409at71240        -            133   8.1e-14   50.9   0.0   1   1   1.5e-15     9e-14   50.8   0.0     5    82     2    79     1    88 0.95 -
Pcitr_chr11:4622463-4623310    -             83 151409at71240        -            133     9e-14   50.8   0.0   1   1   1.6e-15   9.5e-14   50.7   0.0     6    83     3    80     1    83 0.96 -
Pcitr_chr3:10597201-10598019   -             81 151409at71240        -            133   2.6e-13   49.3   0.0   1   1   4.7e-15   2.8e-13   49.2   0.0     5    81     5    81     2    81 0.97 -
Pcitr_chr3:20534183-20544578   -             81 151409at71240        -            133   5.3e-13   48.3   0.0   1   1   9.4e-15   5.7e-13   48.2   0.0     5    82     3    80     1    81 0.97 -
Pcitr_chr3:24713442-24712848   -             92 151409at71240        -            133   5.6e-13   48.2   0.0   1   1   1.1e-14   6.7e-13   47.9   0.0     5    79    16    91    13    92 0.94 -
Pcitr_chr5:6492887-6493414     -             79 151409at71240        -            133   5.8e-13   48.1   0.0   1   1     1e-14   6.1e-13   48.1   0.0     6    79     3    76     1    79 0.97 -
Pcitr_chr2:9755692-9755928     -             79 151409at71240        -            133   6.9e-13   47.9   0.0   1   1   1.2e-14   7.3e-13   47.8   0.0     3    81     1    79     1    79 0.96 -
Pcitr_chr2:9760295-9760059     -             79 151409at71240        -            133   6.9e-13   47.9   0.0   1   1   1.2e-14   7.3e-13   47.8   0.0     3    81     1    79     1    79 0.96 -
Pcitr_chr5:6575543-6574960     -             96 151409at71240        -            133   8.2e-13   47.7   0.0   1   1   1.6e-14   9.9e-13   47.4   0.0     5    79    19    93    16    96 0.97 -
Pcitr_chr8:32045618-32045944   -            109 151409at71240        -            133   1.2e-12   47.1   0.0   1   1   2.3e-14   1.4e-12   46.9   0.0     4    86    19   100    16   104 0.93 -
Pcitr_chr8:7990258-7989980     -             93 151409at71240        -            133   3.4e-12   45.7   0.0   1   1     7e-14   4.2e-12   45.4   0.0     5    82    13    90    10    92 0.96 -
Pcitr_chr7:28854276-28854548   -             91 151409at71240        -            133   5.1e-12   45.1   0.0   1   1   9.2e-14   5.6e-12   45.0   0.0     4    87     5    87     2    90 0.88 -
Pcitr_chr6:12568664-12565272   -             85 151409at71240        -            133   5.5e-12   45.0   0.0   1   1     1e-13   6.1e-12   44.8   0.0     5    82     3    80     1    84 0.97 -
Pcitr_chr4:38260976-38258403   -             77 151409at71240        -            133   6.7e-12   44.7   0.0   1   1   1.2e-13   7.4e-12   44.6   0.0     5    82     2    75     1    77 0.94 -
Pcitr_chr4:36534816-36532265   -            137 151409at71240        -            133   7.7e-12   44.5   0.0   1   1   1.7e-13     1e-11   44.1   0.0     5    82    38   115    35   119 0.97 -
Pcitr_chr6:8957267-8956944     -            108 151409at71240        -            133   9.2e-12   44.3   0.0   1   1   1.9e-13   1.1e-11   44.0   0.0     4    85    21   101    18   105 0.88 -
Pcitr_chr7:11364469-11364116   -            118 151409at71240        -            133   1.2e-11   43.9   0.0   1   1   2.5e-13   1.5e-11   43.6   0.0     4    86    30   111    27   115 0.89 -
Pcitr_chr4:30355237-30355611   -            125 151409at71240        -            133   2.3e-11   43.0   0.1   1   1   4.8e-13   2.9e-11   42.7   0.1     4    81    48   124    45   125 0.95 -
Pcitr_chr5:35791459-35788039   -            342 151409at71240        -            133   5.7e-11   41.7   0.0   1   1     2e-12   1.2e-10   40.7   0.0     2    78     6    81     5    96 0.94 -
Pcitr_chr3:26131570-26131965   -            132 151409at71240        -            133   1.7e-10   40.2   0.0   1   1   3.6e-12   2.2e-10   39.8   0.0     4    94    38   129    35   131 0.95 -
Pcitr_chr6:14526712-14526290   -            141 151409at71240        -            133   2.2e-10   39.8   0.0   1   1   5.4e-12   3.3e-10   39.2   0.0     4    94    47   138    44   140 0.95 -
Pcitr_chr11:16894503-16894231  -             91 151409at71240        -            133   2.5e-10   39.6   0.0   1   1   4.5e-12   2.7e-10   39.5   0.0     4    84     8    89     5    91 0.93 -
Pcitr_chr6:18591094-18590834   -             87 151409at71240        -            133   3.3e-10   39.2   0.0   1   1   5.8e-12   3.5e-10   39.2   0.0     5    86     1    83     1    87 0.94 -
Pcitr_chr2:5138893-5131740     -           1065 151409at71240        -            133   3.5e-10   39.2   0.1   1   2     0.019       1.2    8.3   0.0     4    72   293   363   291   382 0.86 -
Pcitr_chr2:5138893-5131740     -           1065 151409at71240        -            133   3.5e-10   39.2   0.1   2   2   1.5e-08   8.8e-07   28.1   0.1     4    91   455   544   453   568 0.84 -
Pcitr_chr1:30847215-30846883   -            111 151409at71240        -            133   5.8e-10   38.4   0.1   1   1   1.6e-11   9.4e-10   37.8   0.1     3    76    30   102    25   109 0.88 -
Pcitr_chr3:20482090-20482836   -            249 151409at71240        -            133   6.3e-10   38.3   0.0   1   1   1.7e-11     1e-09   37.6   0.0     2    78    43   119    42   128 0.95 -
Pcitr_chr5:31330093-31330329   -             79 151409at71240        -            133   7.5e-10   38.1   0.0   1   1   1.3e-11     8e-10   38.0   0.0     4    81     2    79     1    79 0.98 -
Pcitr_chr8:31199565-31199341   -             75 151409at71240        -            133   1.1e-09   37.5   0.1   1   1     2e-11   1.2e-09   37.4   0.1     5    78     1    74     1    75 0.97 -
Pcitr_chr5:8642778-8643014     -             79 151409at71240        -            133   1.3e-09   37.3   0.0   1   1   2.5e-11   1.5e-09   37.1   0.0     6    81     1    76     1    78 0.97 -
Pcitr_chr8:22369965-22369729   -             79 151409at71240        -            133   3.4e-09   36.0   0.0   1   1   6.2e-11   3.7e-09   35.8   0.0     4    63    10    69     8    79 0.91 -
Pcitr_chr2:15692991-15693281   -             97 151409at71240        -            133   4.2e-09   35.6   0.0   1   1   8.5e-11   5.1e-09   35.4   0.0     5    76    25    96    22    97 0.96 -
Pcitr_chr10:25432262-25442491  -            509 151409at71240        -            133   5.1e-09   35.4   0.0   1   1   1.8e-10   1.1e-08   34.3   0.0     4    83    18    96    15   102 0.93 -
Pcitr_chr2:2647722-2677110     -           2264 151409at71240        -            133   7.1e-09   34.9   0.4   1   2      0.12         7    5.8   0.0    23    54  1937  1968  1929  1992 0.86 -
Pcitr_chr2:2647722-2677110     -           2264 151409at71240        -            133   7.1e-09   34.9   0.4   2   2     4e-08   2.4e-06   26.7   0.0     4    57  2006  2058  2003  2080 0.89 -
Pcitr_chr5:31329496-31329795   -            100 151409at71240        -            133     8e-09   34.7   0.0   1   1   1.5e-10   8.8e-09   34.6   0.0     5    79     1    75     1    90 0.93 -
Pcitr_chr4:24658025-24658731   -             66 151409at71240        -            133   1.1e-08   34.3   0.0   1   1   1.9e-10   1.2e-08   34.2   0.0    10    66     9    65     3    66 0.91 -
Pcitr_chr1:20518721-20518464   -             86 151409at71240        -            133   1.1e-08   34.3   0.0   1   1     2e-10   1.2e-08   34.2   0.0     5    87     2    83     1    86 0.90 -
Pcitr_chr5:4320262-4320005     -             86 151409at71240        -            133   1.4e-08   34.0   0.0   1   1   2.4e-10   1.4e-08   33.9   0.0     5    87     2    83     1    86 0.89 -
Pcitr_chr11:26481988-26481764  -             75 151409at71240        -            133   1.4e-08   33.9   0.1   1   1   2.5e-10   1.5e-08   33.9   0.1     6    78     2    73     1    75 0.89 -
Pcitr_chr8:22331419-22331198   -             74 151409at71240        -            133     2e-08   33.5   0.0   1   1   3.4e-10     2e-08   33.4   0.0     4    73     3    72     1    74 0.91 -
Pcitr_chr2:34775547-34775320   -             76 151409at71240        -            133   2.2e-08   33.3   0.0   1   1   3.9e-10   2.3e-08   33.2   0.0     6    74     3    71     1    75 0.93 -
Pcitr_chr1:20559804-20560046   -             81 151409at71240        -            133   2.7e-08   33.1   0.0   1   1   4.7e-10   2.8e-08   33.0   0.0     5    82     2    78     1    81 0.92 -
Pcitr_chr6:14478835-14479071   -             79 151409at71240        -            133   3.1e-08   32.8   0.0   1   1   5.5e-10   3.3e-08   32.7   0.0     5    81     1    78     1    79 0.93 -
Pcitr_chr1:28869189-28869386   -             66 151409at71240        -            133   3.8e-08   32.6   0.0   1   1   7.2e-10   4.3e-08   32.4   0.0     5    66     4    65     2    66 0.89 -
Pcitr_chr7:21192218-21192472   -             85 151409at71240        -            133   3.9e-08   32.5   0.0   1   1   6.9e-10   4.1e-08   32.4   0.0     5    85     2    81     1    85 0.88 -
Pcitr_chr6:8676868-8678087     -            102 151409at71240        -            133   4.6e-08   32.3   0.0   1   1   8.8e-10   5.3e-08   32.1   0.0     8    70    19    81    12    91 0.92 -
Pcitr_chr9:20382334-20382092   -             81 151409at71240        -            133   5.1e-08   32.1   0.1   1   1   9.2e-10   5.5e-08   32.0   0.1     4    79     2    76     1    80 0.89 -
Pcitr_chr1:34721292-34718280   -            156 151409at71240        -            133   6.9e-08   31.7   0.0   1   1   1.6e-09   9.5e-08   31.3   0.0    14    83    56   124    51   153 0.87 -
Pcitr_chr11:4418286-4418071    -             72 151409at71240        -            133   1.1e-07   31.1   0.0   1   1     2e-09   1.2e-07   30.9   0.0     5    63     1    59     1    64 0.95 -
Pcitr_chr10:32095696-32089631  -            237 151409at71240        -            133   1.2e-07   30.9   0.1   1   1   3.5e-09   2.1e-07   30.2   0.1     4    79   161   235   158   237 0.94 -
Pcitr_chr5:31329826-31330041   -             72 151409at71240        -            133   1.6e-07   30.6   0.0   1   1   2.7e-09   1.6e-07   30.5   0.0     5    72     1    68     1    72 0.94 -
Pcitr_chr9:29307178-29304882   -             81 151409at71240        -            133   1.9e-07   30.3   0.0   1   1   3.6e-09   2.2e-07   30.1   0.0     9    81     3    75     1    77 0.95 -
Pcitr_chr8:33819565-33820277   -             75 151409at71240        -            133   1.9e-07   30.3   0.0   1   1   3.3e-09     2e-07   30.2   0.0    11    81     3    73     1    75 0.93 -
Pcitr_chr7:9197406-9197684     -             93 151409at71240        -            133   2.2e-07   30.1   0.0   1   1   3.7e-09   2.2e-07   30.1   0.0     4    76     2    75     1    91 0.87 -
Pcitr_chr10:20737281-20736213  -             66 151409at71240        -            133   2.4e-07   30.0   0.1   1   1   4.4e-09   2.6e-07   29.8   0.1     9    66     1    60     1    65 0.89 -
Pcitr_chr5:5755769-5755506     -             88 151409at71240        -            133   2.4e-07   30.0   0.0   1   1   4.4e-09   2.7e-07   29.8   0.0     5    79     1    75     1    80 0.96 -
Pcitr_chr3:4418311-4418108     -             68 151409at71240        -            133   3.9e-07   29.3   0.0   1   1   7.3e-09   4.4e-07   29.1   0.0     5    67     2    64     1    67 0.97 -
Pcitr_chr10:23096023-23096268  -             82 151409at71240        -            133   5.8e-07   28.7   0.0   1   1     1e-08   6.2e-07   28.6   0.0     6    75     3    72     1    80 0.89 -
Pcitr_chr7:28852724-28852930   -             69 151409at71240        -            133   7.1e-07   28.5   0.0   1   1   1.2e-08   7.4e-07   28.4   0.0     5    57     2    54     1    68 0.89 -
Pcitr_chr4:38739603-38739788   -             62 151409at71240        -            133   7.2e-07   28.4   0.0   1   1   1.3e-08   7.5e-07   28.4   0.0     6    66     2    62     1    62 0.96 -
Pcitr_chr5:14151878-14152102   -             75 151409at71240        -            133   7.2e-07   28.4   0.0   1   1   1.3e-08   7.8e-07   28.3   0.0     5    62     2    59     1    69 0.94 -
Pcitr_chr3:26925370-26925618   -             83 151409at71240        -            133   9.1e-07   28.1   0.1   1   1   1.9e-08   1.2e-06   27.8   0.1     3    67    17    80    15    82 0.92 -
Pcitr_chr9:20467828-20468160   -            111 151409at71240        -            133   9.2e-07   28.1   0.1   1   1   2.7e-08   1.6e-06   27.3   0.1     3    81    30   107    28   111 0.88 -
Pcitr_chr8:33854509-33853691   -             75 151409at71240        -            133   9.2e-07   28.1   0.0   1   1   1.6e-08   9.5e-07   28.0   0.0    11    81     3    73     1    75 0.93 -
Pcitr_chr10:21687640-21687912  -             91 151409at71240        -            133   9.8e-07   28.0   0.0   1   1   2.2e-08   1.3e-06   27.6   0.0     4    79    21    90    19    91 0.95 -
Pcitr_chr4:24520443-24521332   -             69 151409at71240        -            133     1e-06   27.9   0.0   1   1   1.9e-08   1.2e-06   27.8   0.0     9    66     8    65     3    68 0.90 -
Pcitr_chr9:33073890-33008809   -             96 151409at71240        -            133   1.1e-06   27.8   0.0   1   1   2.3e-08   1.4e-06   27.5   0.0     5    63    20    78    17    94 0.86 -
Pcitr_chr8:24517171-24516932   -             80 151409at71240        -            133   1.2e-06   27.7   0.1   1   1   2.1e-08   1.2e-06   27.7   0.1    10    70     6    65     1    76 0.87 -
Pcitr_chr7:30647747-30647376   -            124 151409at71240        -            133   1.3e-06   27.6   0.0   1   1   2.9e-08   1.7e-06   27.2   0.0     4    68    43   108    41   122 0.91 -
Pcitr_chr7:20520237-20519953   -             95 151409at71240        -            133   1.4e-06   27.5   0.0   1   2       9.1   5.5e+02   -0.3   0.0    68    79     3    14     2    21 0.80 -
Pcitr_chr7:20520237-20519953   -             95 151409at71240        -            133   1.4e-06   27.5   0.0   2   2   9.2e-08   5.5e-06   25.6   0.0     4    67    30    93    27    95 0.95 -
Pcitr_chr4:30353971-30354195   -             75 151409at71240        -            133   1.7e-06   27.2   0.0   1   1   2.9e-08   1.7e-06   27.2   0.0     5    58     2    55     1    72 0.87 -
Pcitr_chr11:219098-218703      -            132 151409at71240        -            133   1.9e-06   27.1   0.0   1   1   4.4e-08   2.6e-06   26.6   0.0     4    86    49   132    47   132 0.94 -
Pcitr_chr3:1989472-1989681     -             70 151409at71240        -            133   2.1e-06   26.9   0.0   1   1   3.7e-08   2.2e-06   26.8   0.0    19    74    13    68     8    70 0.83 -
Pcitr_chr10:23101661-23101888  -             76 151409at71240        -            133   2.2e-06   26.9   0.0   1   1   3.9e-08   2.3e-06   26.8   0.0     6    66     3    63     1    74 0.88 -
Pcitr_chr5:16239464-16239697   -             78 151409at71240        -            133   2.3e-06   26.8   0.0   1   1   4.4e-08   2.7e-06   26.6   0.0     3    77     2    75     1    77 0.93 -
Pcitr_chr4:4603591-4603947     -            119 151409at71240        -            133   2.6e-06   26.6   0.0   1   1   5.3e-08   3.2e-06   26.3   0.0     4    70    38   105    35   118 0.90 -
Pcitr_chr5:23816302-23816553   -             84 151409at71240        -            133   2.8e-06   26.5   0.0   1   1   4.8e-08   2.9e-06   26.5   0.0     5    85     1    81     1    84 0.94 -
Pcitr_chr3:21266902-21259456   -            587 151409at71240        -            133   3.6e-06   26.2   0.0   1   1     1e-07   6.2e-06   25.4   0.0    19    81   419   481   401   502 0.88 -
Pcitr_chr4:20817751-20818050   -            100 151409at71240        -            133   3.7e-06   26.1   0.0   1   1   7.3e-08   4.4e-06   25.9   0.0     3    79    24    99    22   100 0.93 -
Pcitr_chr1:44548423-44548671   -             83 151409at71240        -            133   3.8e-06   26.1   0.0   1   1   9.5e-08   5.7e-06   25.5   0.0     3    74    15    80    13    83 0.88 -
Pcitr_chr8:12456592-12400319   -            567 151409at71240        -            133   4.6e-06   25.8   0.0   1   1   1.7e-07     1e-05   24.7   0.0     3    78     4    79     2    89 0.96 -
Pcitr_chr11:17905869-17905657  -             71 151409at71240        -            133   4.7e-06   25.8   0.1   1   1   7.8e-08   4.7e-06   25.8   0.1     7    69     3    64     1    71 0.88 -
Pcitr_chr1:47201471-47201208   -             88 151409at71240        -            133   5.3e-06   25.6   0.0   1   1     1e-07     6e-06   25.4   0.0     4    65    22    83    19    88 0.93 -
Pcitr_chr11:26482261-26482001  -             87 151409at71240        -            133   5.3e-06   25.6   0.1   1   1     9e-08   5.4e-06   25.6   0.1     7    77     3    72     1    85 0.88 -
Pcitr_chr1:45067147-45067368   -             74 151409at71240        -            133   5.4e-06   25.6   0.1   1   1   9.5e-08   5.7e-06   25.5   0.1     5    64     1    60     1    71 0.93 -
Pcitr_chr11:17905596-17905363  -             78 151409at71240        -            133   5.6e-06   25.5   0.1   1   1     1e-07   6.1e-06   25.4   0.1     5    69     1    64     1    75 0.90 -
Pcitr_chr8:26065694-26065488   -             69 151409at71240        -            133   5.7e-06   25.5   0.1   1   1   9.5e-08   5.7e-06   25.5   0.1    10    71     4    64     1    69 0.87 -
Pcitr_chr3:27155285-27155521   -             79 151409at71240        -            133   6.7e-06   25.3   0.0   1   1   1.3e-07   7.8e-06   25.1   0.0     4    66    18    79    15    79 0.92 -
Pcitr_chr6:6575742-6576467     -             77 151409at71240        -            133   6.8e-06   25.3   0.0   1   1   1.2e-07     7e-06   25.2   0.0     3    76     2    75     1    77 0.94 -
Pcitr_chr5:32280322-32280519   -             66 151409at71240        -            133   7.5e-06   25.1   0.0   1   1   1.4e-07   8.3e-06   25.0   0.0     5    66     4    65     2    66 0.90 -
Pcitr_chr6:20759787-20759590   -             66 151409at71240        -            133   7.5e-06   25.1   0.0   1   1   1.4e-07   8.3e-06   25.0   0.0     5    66     4    65     2    66 0.90 -
Pcitr_chr6:11757354-11744440   -            912 151409at71240        -            133   7.7e-06   25.1   0.0   1   1   3.5e-07   2.1e-05   23.7   0.0     2    90   152   243   151   277 0.80 -
Pcitr_chr8:32045107-32045313   -             69 151409at71240        -            133     8e-06   25.0   0.0   1   1   1.5e-07   8.8e-06   24.9   0.0     5    58     2    55     1    68 0.86 -
Pcitr_chr3:26925163-26925363   -             67 151409at71240        -            133   8.3e-06   25.0   0.0   1   1   1.4e-07   8.3e-06   25.0   0.0    12    71     4    62     1    67 0.88 -
Pcitr_chr8:22369287-22369042   -             82 151409at71240        -            133   9.6e-06   24.8   0.0   1   1   1.7e-07     1e-05   24.7   0.0     5    82     2    77     1    81 0.83 -
Pcitr_chr8:26065433-26065245   -             63 151409at71240        -            133   1.2e-05   24.5   0.0   1   1   2.1e-07   1.3e-05   24.4   0.0     3    66     1    63     1    63 0.92 -
Pcitr_chr3:5701348-5701599     -             84 151409at71240        -            133   1.5e-05   24.1   0.0   1   1   3.1e-07   1.9e-05   23.8   0.0     4    69    11    75     8    81 0.90 -
Pcitr_chr6:8957832-8957626     -             69 151409at71240        -            133   1.7e-05   24.0   0.0   1   1     3e-07   1.8e-05   23.9   0.0     5    58     2    55     1    68 0.86 -
Pcitr_chr3:6853905-6854171     -             89 151409at71240        -            133   1.7e-05   24.0   0.0   1   1     3e-07   1.8e-05   23.9   0.0     2    72     3    73     2    87 0.90 -
Pcitr_chr4:39982414-39982644   -             77 151409at71240        -            133   1.8e-05   23.9   0.1   1   1   3.3e-07     2e-05   23.8   0.1     4    63    17    75    14    77 0.90 -
Pcitr_chr7:3606854-3607123     -             90 151409at71240        -            133   1.8e-05   23.9   0.0   1   1   3.1e-07   1.9e-05   23.8   0.0     4    63    16    75    13    90 0.85 -
Pcitr_chr8:22330971-22330735   -             79 151409at71240        -            133   1.9e-05   23.8   0.0   1   1   3.2e-07   1.9e-05   23.8   0.0     4    79     3    76     1    79 0.80 -
Pcitr_Contig27:199964-204402   -             58 151409at71240        -            133     2e-05   23.7   0.0   1   1   3.4e-07     2e-05   23.7   0.0     9    65     2    58     1    58 0.88 -
Pcitr_chr10:27336176-27335913  -             88 151409at71240        -            133   2.1e-05   23.7   0.0   1   1   4.2e-07   2.5e-05   23.4   0.0     3    64     6    61     4    79 0.89 -
Pcitr_Contig592:1877-1653      -             75 151409at71240        -            133   2.4e-05   23.5   0.1   1   1   4.7e-07   2.8e-05   23.3   0.1     4    69    11    75     8    75 0.91 -
Pcitr_chr1:52550932-52551192   -             87 151409at71240        -            133   2.5e-05   23.4   0.0   1   1   4.7e-07   2.8e-05   23.3   0.0     4    82     8    86     6    87 0.95 -
Pcitr_chr1:35367521-35367916   -            132 151409at71240        -            133   3.6e-05   22.9   0.0   1   1   7.6e-07   4.6e-05   22.6   0.0    27    78    27    76    15   118 0.88 -
Pcitr_chr11:10108650-10107649  -            152 151409at71240        -            133   3.7e-05   22.9   0.0   1   1     8e-07   4.8e-05   22.5   0.0     4    80    15    94    12   139 0.81 -
Pcitr_chr2:10226807-10227157   -            117 151409at71240        -            133   6.3e-05   22.1   0.0   1   1   1.5e-06   9.2e-05   21.6   0.0     3    64     6    61     4   111 0.89 -
Pcitr_chr10:11203560-11203276  -             95 151409at71240        -            133   7.2e-05   22.0   0.0   1   1   1.4e-06   8.2e-05   21.8   0.0     5    80     1    75     1    84 0.94 -
Pcitr_chr10:19431001-19431348  -            116 151409at71240        -            133   7.2e-05   21.9   0.0   1   1   1.7e-06   9.9e-05   21.5   0.0     4    79     1    75     1   114 0.88 -
Pcitr_chr5:4321815-4321609     -             69 151409at71240        -            133   7.2e-05   21.9   0.0   1   1   1.2e-06   7.2e-05   21.9   0.0     5    53     2    50     1    66 0.94 -
Pcitr_chr1:20519947-20519738   -             70 151409at71240        -            133   7.3e-05   21.9   0.0   1   1   1.2e-06   7.4e-05   21.9   0.0     5    53     2    50     1    66 0.94 -
Pcitr_chr1:20558528-20558773   -             82 151409at71240        -            133   7.6e-05   21.9   0.0   1   1   1.4e-06   8.7e-05   21.7   0.0     4    52    19    67    16    76 0.94 -
Pcitr_chr2:2675452-2675765     -             76 151409at71240        -            133   7.7e-05   21.9   0.0   1   1   1.4e-06   8.4e-05   21.7   0.0     5    55     5    55     2    73 0.89 -
Pcitr_chr7:7279768-7281271     -             81 151409at71240        -            133   8.9e-05   21.7   0.0   1   1   1.7e-06   9.9e-05   21.5   0.0     9    82     2    74     1    77 0.88 -
Pcitr_chr9:20278826-20279113   -             96 151409at71240        -            133   9.7e-05   21.5   0.0   1   1   1.9e-06   0.00012   21.3   0.0     2    80     7    84     6    89 0.92 -
Pcitr_chr3:7728712-7728455     -             86 151409at71240        -            133   0.00011   21.4   0.0   1   1   2.4e-06   0.00015   21.0   0.0     3    66    23    86    21    86 0.94 -
Pcitr_chr7:11365011-11364757   -             85 151409at71240        -            133   0.00011   21.4   0.0   1   1   1.9e-06   0.00012   21.3   0.0     5    58    14    67    11    85 0.86 -
Pcitr_chr4:26919649-26919383   -             89 151409at71240        -            133   0.00012   21.2   0.0   1   1   2.3e-06   0.00014   21.1   0.0     5    79     1    74     1    85 0.86 -
Pcitr_chr3:5700952-5701188     -             79 151409at71240        -            133   0.00016   20.9   0.0   1   1   2.8e-06   0.00017   20.8   0.0    10    74    14    77     6    79 0.83 -
Pcitr_Contig592:2273-2037      -             79 151409at71240        -            133   0.00016   20.8   0.0   1   1     3e-06   0.00018   20.7   0.0    10    74    14    77     6    79 0.83 -
Pcitr_chr10:27332646-27332515  -             44 151409at71240        -            133   0.00017   20.7   0.0   1   1   3.1e-06   0.00019   20.6   0.0    37    76     4    43     2    44 0.93 -
Pcitr_chr10:18633193-18632906  -             96 151409at71240        -            133   0.00018   20.7   0.0   1   1   3.6e-06   0.00022   20.4   0.0     4    62    30    88    27    92 0.93 -
Pcitr_chr9:11504832-11504569   -             88 151409at71240        -            133   0.00018   20.6   0.0   1   1   3.5e-06   0.00021   20.4   0.0     3    64    26    87    24    88 0.94 -
Pcitr_chr4:39982765-39983052   -             96 151409at71240        -            133    0.0002   20.5   0.0   1   1   4.2e-06   0.00025   20.2   0.0     3    66    33    95    31    96 0.87 -
Pcitr_chr7:34514627-34514496   -             44 151409at71240        -            133   0.00021   20.5   0.0   1   1   3.4e-06   0.00021   20.5   0.0    37    76     4    43     1    44 0.93 -
Pcitr_chr4:37778845-37779081   -             79 151409at71240        -            133   0.00021   20.5   0.0   1   1   3.8e-06   0.00023   20.3   0.0     5    69     8    71     6    79 0.84 -
Pcitr_chr3:14552666-14552914   -             83 151409at71240        -            133    0.0003   20.0   0.0   1   1   5.6e-06   0.00034   19.8   0.0     5    81     1    76     1    81 0.91 -
Pcitr_chr11:12655058-12655315  -             86 151409at71240        -            133   0.00032   19.9   0.0   1   1   5.9e-06   0.00035   19.7   0.0     3    66    20    83    18    86 0.92 -
Pcitr_chr7:12297706-12297392   -             71 151409at71240        -            133   0.00034   19.8   0.0   1   1   6.1e-06   0.00037   19.7   0.0     4    53    12    61     9    69 0.93 -
Pcitr_chr7:21191080-21191286   -             69 151409at71240        -            133   0.00046   19.4   0.0   1   1   8.1e-06   0.00049   19.3   0.0     5    56     2    53     1    67 0.88 -
Pcitr_chr1:18120811-18121047   -             79 151409at71240        -            133   0.00077   18.6   0.0   1   1   1.7e-05     0.001   18.3   0.0     4    51    32    79    29    79 0.95 -
Pcitr_chr2:10233881-10234012   -             44 151409at71240        -            133   0.00087   18.4   0.0   1   1   1.6e-05   0.00096   18.3   0.0    37    76     4    43     2    44 0.93 -
Pcitr_chr6:14851889-14852119   -             77 151409at71240        -            133   0.00087   18.4   0.0   1   1     2e-05    0.0012   18.0   0.0     4    49    31    76    26    77 0.95 -
Pcitr_chr9:33549347-33552235   -            313 151409at71240        -            133   0.00099   18.3   0.3   1   1   4.5e-05    0.0027   16.9   0.0     3    98   131   225   129   250 0.90 -
Pcitr_chr1:35360757-35362406   -            183 151409at71240        -            133     0.001   18.2   0.0   1   1   3.3e-05     0.002   17.3   0.0     5    76   106   177   102   182 0.91 -
Pcitr_Contig24:5638167-5637865 -            101 151409at71240        -            133    0.0011   18.1   0.0   1   1   2.2e-05    0.0013   17.9   0.0     4    77     3    75     1    81 0.88 -
Pcitr_chr8:7207344-7207682     -            113 151409at71240        -            133    0.0013   17.9   0.0   1   1   2.4e-05    0.0014   17.7   0.0     5    89     1    84     1   104 0.86 -
Pcitr_chr1:46470284-46493666   -            758 151409at71240        -            133    0.0013   17.8   0.2   1   2       1.6        99    2.1   0.0    45    93   420   473   408   500 0.73 -
Pcitr_chr1:46470284-46493666   -            758 151409at71240        -            133    0.0013   17.8   0.2   2   2   0.00057     0.034   13.3   0.1    43    82   512   551   499   567 0.87 -
Pcitr_Contig592:1374-1186      -             63 151409at71240        -            133    0.0014   17.7   0.1   1   1   2.8e-05    0.0017   17.5   0.1     5    66     1    61     1    62 0.91 -
Pcitr_chr1:8690286-8690047     -             80 151409at71240        -            133    0.0019   17.4   0.0   1   1   3.6e-05    0.0022   17.2   0.0     5    80     1    75     1    79 0.91 -
Pcitr_chr3:10518422-10518267   -             52 151409at71240        -            133    0.0026   16.9   0.0   1   1   4.3e-05    0.0026   16.9   0.0     9    58     1    50     1    52 0.90 -
Pcitr_chr8:13880170-13880409   -             80 151409at71240        -            133    0.0028   16.8   0.0   1   1    0.0001    0.0061   15.7   0.0     4    49    34    79    31    80 0.95 -
Pcitr_chr1:45068399-45068581   -             61 151409at71240        -            133     0.003   16.7   0.0   1   1   4.9e-05     0.003   16.7   0.0    26    69     6    49     2    61 0.88 -
Pcitr_chr2:16949129-16948839   -             97 151409at71240        -            133     0.003   16.7   0.0   1   1   6.1e-05    0.0037   16.4   0.0     3    75    20    92    18    96 0.91 -
Pcitr_chr4:24157449-24157862   -            138 151409at71240        -            133    0.0031   16.6   0.0   1   1   8.2e-05    0.0049   16.0   0.0     5    79     1    74     1    85 0.84 -
Pcitr_chr9:30074331-30074140   -             64 151409at71240        -            133    0.0033   16.6   0.0   1   1   6.4e-05    0.0038   16.4   0.0     4    52     4    52     2    61 0.93 -
Pcitr_chr10:319418-319708      -             97 151409at71240        -            133    0.0036   16.5   0.0   1   1   7.4e-05    0.0044   16.2   0.0     3    75    20    92    18    96 0.91 -
Pcitr_chr3:2974461-2974234     -             76 151409at71240        -            133    0.0039   16.3   0.0   1   1   6.8e-05    0.0041   16.3   0.0     4    67     2    64     1    75 0.86 -
Pcitr_chr4:37779164-37779418   -             85 151409at71240        -            133    0.0077   15.4   0.0   1   1   0.00016    0.0095   15.1   0.0     4    61    28    84    25    85 0.89 -
Pcitr_chr6:26917952-26918290   -            113 151409at71240        -            133    0.0077   15.4   0.0   1   1   0.00016    0.0094   15.1   0.0     3    79     5    80     3    85 0.91 -
Pcitr_chr10:21693351-21693653  -            101 151409at71240        -            133    0.0083   15.3   0.0   1   1   0.00021     0.013   14.7   0.0    13    71    25    76    13    88 0.83 -
Pcitr_chr1:34358163-34353270   -            707 151409at71240        -            133    0.0094   15.1   0.0   1   1    0.0003     0.018   14.2   0.0     5    59     2    53     1    71 0.89 -
Pcitr_chr3:15411966-15412169   -             68 151409at71240        -            133      0.01   15.0   0.0   1   1   0.00018     0.011   14.9   0.0     5    66     1    64     1    67 0.70 -
Pcitr_chr3:2975862-2975602     -             87 151409at71240        -            133     0.012   14.8   0.0   1   1   0.00024     0.015   14.5   0.0     5    61    31    86    28    87 0.91 -
Pcitr_chr3:19598410-19598637   -             76 151409at71240        -            133     0.028   13.5   0.0   1   1   0.00058     0.035   13.3   0.0     5    49    31    75    27    76 0.95 -
Pcitr_chr3:7840974-7840651     -            108 151409at71240        -            133     0.042   13.0   0.0   1   1   0.00071     0.043   13.0   0.0    40    88    35    83     1    94 0.77 -
Pcitr_chr9:23603608-23603345   -             88 151409at71240        -            133     0.047   12.9   0.0   1   1   0.00077     0.047   12.9   0.0    41    80    36    75     1    87 0.82 -
Pcitr_chr7:9958424-9973529     -            558 151409at71240        -            133     0.047   12.8   0.1   1   2     0.014      0.86    8.7   0.0    77   105   162   190   147   196 0.86 -
Pcitr_chr7:9958424-9973529     -            558 151409at71240        -            133     0.047   12.8   0.1   2   2       2.8   1.7e+02    1.3   0.0    28    41   355   368   339   388 0.75 -
Pcitr_chr3:1988801-1989016     -             72 151409at71240        -            133     0.049   12.8   0.0   1   1   0.00085     0.051   12.7   0.0    21    55    31    65    19    72 0.86 -
Pcitr_chr8:18363856-18364092   -             79 151409at71240        -            133     0.067   12.3   0.0   1   1    0.0013     0.077   12.2   0.0     6    74     6    75     2    78 0.85 -
#
# Program:         hmmsearch
# Version:         3.3.2 (Nov 2020)
# Pipeline mode:   SEARCH
# Query file:      /scratch/srb67793/Pelargonium/busco_downloads/lineages/eudicots_odb10/hmms/151409at71240.hmm
# Target file:     /scratch/srb67793/Pelargonium/Pelargonium-PreviousAssembly-busco/run_eudicots_odb10/metaeuk_output/initial_results/Pcitr_Genome-final.fasta.modified.fas
# Option settings: hmmsearch --domtblout /scratch/srb67793/Pelargonium/Pelargonium-PreviousAssembly-busco/run_eudicots_odb10/hmmer_output/initial_run_results/151409at71240.out --cpu 1 /scratch/srb67793/Pelargonium/busco_downloads/lineages/eudicots_odb10/hmms/151409at71240.hmm /scratch/srb67793/Pelargonium/Pelargonium-PreviousAssembly-busco/run_eudicots_odb10/metaeuk_output/initial_results/Pcitr_Genome-final.fasta.modified.fas 
# Current dir:     /scratch/srb67793/Pelargonium
# Date:            Tue Jul  9 10:56:30 2024
# [ok]
