#                                                                                     --- full sequence --- -------------- this domain -------------   hmm coord   ali coord   env coord
# target name                 accession   tlen query name           accession   qlen   E-value  score  bias   #  of  c-Evalue  i-Evalue  score  bias  from    to  from    to  from    to  acc description of target
#         ------------------- ---------- ----- -------------------- ---------- ----- --------- ------ ----- --- --- --------- --------- ------ ----- ----- ----- ----- ----- ----- ----- ---- ---------------------
Pcitr_chr8:35984483-35921267  -            818 15628at71240         -            649         0 1143.3  28.1   1   3  1.8e-157  2.9e-154  513.8  11.7     7   346    27   450    21   466 0.85 -
Pcitr_chr8:35984483-35921267  -            818 15628at71240         -            649         0 1143.3  28.1   2   3  7.1e-151  1.2e-147  492.0   3.9   341   580   467   716   460   722 0.96 -
Pcitr_chr8:35984483-35921267  -            818 15628at71240         -            649         0 1143.3  28.1   3   3   7.4e-44   1.2e-40  138.4   0.2   575   649   743   817   733   817 0.96 -
Pcitr_chr8:35928972-35931608  -            423 15628at71240         -            649  5.2e-191  635.2   9.5   1   2  8.1e-153  1.3e-149  498.5   4.4   340   580    29   279    16   287 0.95 -
Pcitr_chr8:35928972-35931608  -            423 15628at71240         -            649  5.2e-191  635.2   9.5   2   2     3e-44   4.9e-41  139.7   0.2   575   649   349   423   340   423 0.96 -
Pcitr_chr11:11469108-11474440 -            510 15628at71240         -            649     9e-09   33.1   0.1   1   1   1.8e-11   2.9e-08   31.4   0.1    66   215    17   195     5   236 0.72 -
Pcitr_chr4:24730595-24719795  -            261 15628at71240         -            649   7.6e-05   20.1   0.0   1   1   5.4e-08   8.7e-05   19.9   0.0    90   214   130   259   100   261 0.83 -
Pcitr_chr5:17254150-17253596  -            185 15628at71240         -            649    0.0074   13.6   0.1   1   1   5.2e-06    0.0085   13.4   0.1    93   209    56   177    35   184 0.79 -
Pcitr_chr7:1882601-1883158    -            186 15628at71240         -            649     0.042   11.1   0.0   1   1   3.1e-05     0.051   10.8   0.0    90   215    52   183    41   185 0.81 -
#
# Program:         hmmsearch
# Version:         3.3.2 (Nov 2020)
# Pipeline mode:   SEARCH
# Query file:      /scratch/srb67793/Pelargonium/busco_downloads/lineages/eudicots_odb10/hmms/15628at71240.hmm
# Target file:     /scratch/srb67793/Pelargonium/Pelargonium-PreviousAssembly-busco/run_eudicots_odb10/metaeuk_output/initial_results/Pcitr_Genome-final.fasta.modified.fas
# Option settings: hmmsearch --domtblout /scratch/srb67793/Pelargonium/Pelargonium-PreviousAssembly-busco/run_eudicots_odb10/hmmer_output/initial_run_results/15628at71240.out --cpu 1 /scratch/srb67793/Pelargonium/busco_downloads/lineages/eudicots_odb10/hmms/15628at71240.hmm /scratch/srb67793/Pelargonium/Pelargonium-PreviousAssembly-busco/run_eudicots_odb10/metaeuk_output/initial_results/Pcitr_Genome-final.fasta.modified.fas 
# Current dir:     /scratch/srb67793/Pelargonium
# Date:            Tue Jul  9 10:56:33 2024
# [ok]
