#                                                                                     --- full sequence --- -------------- this domain -------------   hmm coord   ali coord   env coord
# target name                 accession   tlen query name           accession   qlen   E-value  score  bias   #  of  c-Evalue  i-Evalue  score  bias  from    to  from    to  from    to  acc description of target
#         ------------------- ---------- ----- -------------------- ---------- ----- --------- ------ ----- --- --- --------- --------- ------ ----- ----- ----- ----- ----- ----- ----- ---- ---------------------
Pcitr_chr2:14513053-14511347  -            201 164894at71240        -            165   4.5e-66  220.4   0.0   1   1   4.5e-69   6.3e-66  219.9   0.0    12   162    36   192    26   195 0.87 -
Pcitr_chr7:28130174-28128691  -            421 164894at71240        -            165   2.1e-07   29.6   0.0   1   1   3.1e-10   4.4e-07   28.6   0.0    73   138   120   186   111   195 0.89 -
Pcitr_chr4:29974430-29972972  -            417 164894at71240        -            165   5.5e-07   28.2   0.0   1   1   7.6e-10   1.1e-06   27.3   0.0    73   138   113   179   104   187 0.87 -
Pcitr_chr8:4388185-4370440    -            899 164894at71240        -            165    0.0005   18.6   0.1   1   2   3.3e-06    0.0045   15.5   0.0    68   139    99   183    88   195 0.73 -
Pcitr_chr8:4388185-4370440    -            899 164894at71240        -            165    0.0005   18.6   0.1   2   2      0.85   1.2e+03   -2.1   0.0   102   115   554   567   550   577 0.76 -
Pcitr_chr11:24655216-24667020 -            449 164894at71240        -            165     0.001   17.6   0.0   1   1     2e-06    0.0027   16.2   0.0   100   140   408   448   365   449 0.79 -
Pcitr_chr7:22620150-22620777  -             98 164894at71240        -            165    0.0014   17.1   0.0   1   1   2.8e-06     0.004   15.7   0.0    99   122    51    74     5    96 0.74 -
Pcitr_chr6:27289865-27296220  -            395 164894at71240        -            165      0.04   12.4   0.0   1   1     6e-05     0.083   11.4   0.0   100   120   353   373   312   395 0.73 -
#
# Program:         hmmsearch
# Version:         3.3.2 (Nov 2020)
# Pipeline mode:   SEARCH
# Query file:      /scratch/srb67793/Pelargonium/busco_downloads/lineages/eudicots_odb10/hmms/164894at71240.hmm
# Target file:     /scratch/srb67793/Pelargonium/Pelargonium-PreviousAssembly-busco/run_eudicots_odb10/metaeuk_output/initial_results/Pcitr_Genome-final.fasta.modified.fas
# Option settings: hmmsearch --domtblout /scratch/srb67793/Pelargonium/Pelargonium-PreviousAssembly-busco/run_eudicots_odb10/hmmer_output/initial_run_results/164894at71240.out --cpu 1 /scratch/srb67793/Pelargonium/busco_downloads/lineages/eudicots_odb10/hmms/164894at71240.hmm /scratch/srb67793/Pelargonium/Pelargonium-PreviousAssembly-busco/run_eudicots_odb10/metaeuk_output/initial_results/Pcitr_Genome-final.fasta.modified.fas 
# Current dir:     /scratch/srb67793/Pelargonium
# Date:            Tue Jul  9 10:56:41 2024
# [ok]
