#                                                                                      --- full sequence --- -------------- this domain -------------   hmm coord   ali coord   env coord
# target name                  accession   tlen query name           accession   qlen   E-value  score  bias   #  of  c-Evalue  i-Evalue  score  bias  from    to  from    to  from    to  acc description of target
#          ------------------- ---------- ----- -------------------- ---------- ----- --------- ------ ----- --- --- --------- --------- ------ ----- ----- ----- ----- ----- ----- ----- ---- ---------------------
Pcitr_chr1:21666211-21666660   -            150 166636at71240        -            111   5.5e-54  179.9   0.0   1   1   1.3e-56   8.2e-54  179.4   0.0     2   110    29   149    28   150 0.95 -
Pcitr_chr6:2773684-2774100     -            139 166636at71240        -            111   7.1e-19   66.9   0.0   1   1   1.7e-21   1.1e-18   66.3   0.0     3   104    27   139    25   139 0.90 -
Pcitr_chr5:40496283-40495903   -            127 166636at71240        -            111   7.1e-17   60.4   0.0   1   1   1.7e-19   1.1e-16   59.8   0.0     5   104    17   127    13   127 0.88 -
Pcitr_chr10:14188407-14188826  -            140 166636at71240        -            111     6e-16   57.5   0.0   1   1   1.6e-18     1e-15   56.7   0.0     3   105    28   140    26   140 0.79 -
Pcitr_Contig24:4954864-4954472 -            131 166636at71240        -            111   3.1e-13   48.7   0.0   1   1   6.3e-16   4.1e-13   48.3   0.0     4   104    19   131    16   131 0.83 -
Pcitr_chr10:14162504-14162860  -            119 166636at71240        -            111   2.5e-10   39.4   0.0   1   1   5.9e-13   3.8e-10   38.8   0.0     4    77    26   107    23   119 0.76 -
Pcitr_chr5:33874708-33874361   -            116 166636at71240        -            111   3.7e-10   38.8   0.0   1   1   1.8e-12   1.2e-09   37.2   0.0     7   109     1   114     1   116 0.74 -
Pcitr_chr10:1747323-1747658    -            112 166636at71240        -            111   1.8e-05   23.7   0.1   1   2     0.009       5.9    6.0   0.0     6    20     4    18     1    30 0.83 -
Pcitr_chr10:1747323-1747658    -            112 166636at71240        -            111   1.8e-05   23.7   0.1   2   2     6e-06    0.0039   16.2   0.0    39    97    50   111    40   112 0.77 -
Pcitr_chr9:28544786-28544514   -             91 166636at71240        -            111    0.0029   16.6   0.2   1   1   1.3e-05    0.0085   15.1   0.2     8    71    14    87    10    91 0.61 -
Pcitr_chr9:28549653-28549925   -             91 166636at71240        -            111    0.0029   16.6   0.2   1   1   1.3e-05    0.0085   15.1   0.2     8    71    14    87    10    91 0.61 -
Pcitr_Contig57:8032-7775       -             86 166636at71240        -            111    0.0068   15.4   0.0   1   1   1.2e-05    0.0077   15.2   0.0    31    89    14    78     1    86 0.70 -
Pcitr_chr9:29337095-29336736   -            120 166636at71240        -            111     0.022   13.8   0.0   1   1   0.00012     0.079   12.0   0.0     2   104     7   120     6   120 0.71 -
Pcitr_chr7:108839-108594       -             82 166636at71240        -            111     0.024   13.7   0.0   1   1   3.6e-05     0.024   13.7   0.0    52    90    34    75     1    82 0.73 -
Pcitr_chr2:41806945-41806694   -             84 166636at71240        -            111     0.024   13.7   0.0   1   1   6.6e-05     0.043   12.8   0.0    34    75    41    82     1    84 0.81 -
Pcitr_Contig23:1526993-1526748 -             82 166636at71240        -            111     0.051   12.6   0.0   1   1   7.8e-05     0.051   12.6   0.0    52    78    34    60     1    82 0.74 -
#
# Program:         hmmsearch
# Version:         3.3.2 (Nov 2020)
# Pipeline mode:   SEARCH
# Query file:      /scratch/srb67793/Pelargonium/busco_downloads/lineages/eudicots_odb10/hmms/166636at71240.hmm
# Target file:     /scratch/srb67793/Pelargonium/Pelargonium-PreviousAssembly-busco/run_eudicots_odb10/metaeuk_output/initial_results/Pcitr_Genome-final.fasta.modified.fas
# Option settings: hmmsearch --domtblout /scratch/srb67793/Pelargonium/Pelargonium-PreviousAssembly-busco/run_eudicots_odb10/hmmer_output/initial_run_results/166636at71240.out --cpu 1 /scratch/srb67793/Pelargonium/busco_downloads/lineages/eudicots_odb10/hmms/166636at71240.hmm /scratch/srb67793/Pelargonium/Pelargonium-PreviousAssembly-busco/run_eudicots_odb10/metaeuk_output/initial_results/Pcitr_Genome-final.fasta.modified.fas 
# Current dir:     /scratch/srb67793/Pelargonium
# Date:            Tue Jul  9 10:56:41 2024
# [ok]
