#                                                                                     --- full sequence --- -------------- this domain -------------   hmm coord   ali coord   env coord
# target name                 accession   tlen query name           accession   qlen   E-value  score  bias   #  of  c-Evalue  i-Evalue  score  bias  from    to  from    to  from    to  acc description of target
#         ------------------- ---------- ----- -------------------- ---------- ----- --------- ------ ----- --- --- --------- --------- ------ ----- ----- ----- ----- ----- ----- ----- ---- ---------------------
Pcitr_chr7:17512807-17497568  -            911 22198at71240         -            663  2.1e-278  924.3  26.6   1   5      0.04       8.7    3.6   0.4     1    16     5    20     5    33 0.89 -
Pcitr_chr7:17512807-17497568  -            911 22198at71240         -            663  2.1e-278  924.3  26.6   2   5   5.1e-58   1.1e-55  188.3   0.5    16   162    98   279    91   288 0.79 -
Pcitr_chr7:17512807-17497568  -            911 22198at71240         -            663  2.1e-278  924.3  26.6   3   5   1.1e-34   2.4e-32  111.2   0.0   144   254   297   399   294   400 0.93 -
Pcitr_chr7:17512807-17497568  -            911 22198at71240         -            663  2.1e-278  924.3  26.6   4   5  4.6e-185    1e-182  608.1   9.0   282   625   400   766   399   781 0.93 -
Pcitr_chr7:17512807-17497568  -            911 22198at71240         -            663  2.1e-278  924.3  26.6   5   5   3.4e-08   7.3e-06   23.7   0.0   634   663   876   910   809   910 0.76 -
Pcitr_chr2:26849752-26865589  -            337 22198at71240         -            663   2.5e-09   35.1   0.1   1   3      0.02       4.3    4.6   0.0    86   105    37    56    24    69 0.82 -
Pcitr_chr2:26849752-26865589  -            337 22198at71240         -            663   2.5e-09   35.1   0.1   2   3   3.8e-07   8.3e-05   20.2   0.0   169   222    75   133    56   147 0.78 -
Pcitr_chr2:26849752-26865589  -            337 22198at71240         -            663   2.5e-09   35.1   0.1   3   3    0.0033      0.71    7.2   0.1   311   359   183   230   148   248 0.80 -
Pcitr_chr6:28148692-28149364  -            137 22198at71240         -            663   5.2e-08   30.8   0.0   1   2    0.0053       1.1    6.5   0.0    86   105    37    56    19    64 0.80 -
Pcitr_chr6:28148692-28149364  -            137 22198at71240         -            663   5.2e-08   30.8   0.0   2   2   5.5e-08   1.2e-05   23.0   0.0   165   222    71   133    55   136 0.76 -
Pcitr_chr11:2487299-2484481   -            328 22198at71240         -            663   8.2e-08   30.1   0.0   1   3      0.97   2.1e+02   -1.0   0.0    84   110     8    34     2    43 0.77 -
Pcitr_chr11:2487299-2484481   -            328 22198at71240         -            663   8.2e-08   30.1   0.0   2   3   3.5e-08   7.5e-06   23.6   0.0   171   241    50   126    31   154 0.77 -
Pcitr_chr11:2487299-2484481   -            328 22198at71240         -            663   8.2e-08   30.1   0.0   3   3     0.047        10    3.4   0.0   312   362   174   224   155   250 0.80 -
Pcitr_chr1:48600996-48595538  -            607 22198at71240         -            663   1.8e-07   29.0   0.0   1   2   6.8e-07   0.00015   19.4   0.0   164   238    44   122    35   132 0.80 -
Pcitr_chr1:48600996-48595538  -            607 22198at71240         -            663   1.8e-07   29.0   0.0   2   2    0.0028      0.61    7.4   0.0   167   190   319   341   279   350 0.79 -
Pcitr_chr1:17631741-17628838  -            228 22198at71240         -            663   6.1e-06   24.0   0.0   1   1   3.6e-08   7.8e-06   23.6   0.0   168   245    40   117    30   129 0.87 -
Pcitr_chr11:11555398-11553182 -            228 22198at71240         -            663   6.2e-06   23.9   0.0   1   1   3.7e-08     8e-06   23.6   0.0   168   245    40   117    30   129 0.87 -
Pcitr_chr1:51406654-51414727  -           1062 22198at71240         -            663   1.2e-05   22.9   0.0   1   2   6.8e-07   0.00015   19.4   0.0   164   242   450   528   432   549 0.78 -
Pcitr_chr1:51406654-51414727  -           1062 22198at71240         -            663   1.2e-05   22.9   0.0   2   2       0.3        66    0.7   0.0   171   201   802   832   780   887 0.74 -
Pcitr_chr2:42207517-42209226  -            199 22198at71240         -            663   6.2e-05   20.6   0.0   1   1   3.8e-07   8.3e-05   20.2   0.0   170   241    10    81     5    88 0.90 -
Pcitr_chr9:15477588-15472617  -            592 22198at71240         -            663   0.00012   19.6   6.7   1   3   5.9e-05     0.013   13.0   0.4    85   119    84   118    70   123 0.88 -
Pcitr_chr9:15477588-15472617  -            592 22198at71240         -            663   0.00012   19.6   6.7   2   3       0.6   1.3e+02   -0.3   0.1   167   200   129   162   118   165 0.85 -
Pcitr_chr9:15477588-15472617  -            592 22198at71240         -            663   0.00012   19.6   6.7   3   3    0.0013      0.29    8.5   0.1   310   374   289   353   275   442 0.71 -
Pcitr_chr4:38566634-38568062  -            302 22198at71240         -            663   0.00014   19.5   0.0   1   1     8e-07   0.00017   19.1   0.0   155   262   103   211    54   223 0.78 -
Pcitr_chr3:3497257-3497871    -             92 22198at71240         -            663    0.0002   19.0   0.0   1   1   9.2e-07    0.0002   18.9   0.0   171   237     2    67     1    78 0.68 -
Pcitr_chr11:3197795-3145102   -            262 22198at71240         -            663   0.00052   17.6   0.0   1   1   3.2e-06   0.00069   17.2   0.0   171   242   134   205   127   218 0.80 -
Pcitr_chr1:24603493-24628203  -           2484 22198at71240         -            663   0.00071   17.1   0.0   1   2    0.0041      0.89    6.9   0.0   171   212   377   423   368   434 0.78 -
Pcitr_chr1:24603493-24628203  -           2484 22198at71240         -            663   0.00071   17.1   0.0   2   2    0.0022      0.47    7.8   0.0   167   250   683   772   662   784 0.76 -
Pcitr_chr7:34279325-34279909  -            195 22198at71240         -            663   0.00076   17.0   0.0   1   1   4.7e-06     0.001   16.6   0.0   171   242    49   120    43   133 0.80 -
Pcitr_chr1:14474710-14474207  -            168 22198at71240         -            663   0.00094   16.7   0.0   1   1   5.5e-06    0.0012   16.4   0.0   171   242    49   120    43   134 0.81 -
Pcitr_chr10:30564754-30553215 -            220 22198at71240         -            663     0.001   16.6   0.0   1   1   6.1e-06    0.0013   16.2   0.0   170   241   103   174    96   190 0.88 -
Pcitr_chr2:6271168-6275259    -            225 22198at71240         -            663    0.0011   16.5   0.0   1   1   6.4e-06    0.0014   16.2   0.0   170   241   103   174    96   190 0.88 -
Pcitr_chr11:14490035-14489664 -            124 22198at71240         -            663    0.0014   16.2   0.0   1   1   7.3e-06    0.0016   16.0   0.0   167   242    29   103     9   110 0.75 -
Pcitr_chr10:29556180-29554906 -            307 22198at71240         -            663    0.0025   15.3   0.0   1   1   1.5e-05    0.0032   15.0   0.0   153   260   101   214    63   225 0.71 -
Pcitr_chr3:4724385-4723033    -            301 22198at71240         -            663    0.0028   15.1   0.0   1   1   1.7e-05    0.0036   14.8   0.0   154   260    96   208    65   223 0.71 -
Pcitr_chr2:12732115-12734152  -            275 22198at71240         -            663    0.0029   15.1   0.0   1   1   1.8e-05     0.004   14.6   0.0   171   238    53   120    46   131 0.78 -
Pcitr_chr10:26397864-26400338 -            289 22198at71240         -            663    0.0031   15.0   0.0   1   1     2e-05    0.0043   14.5   0.0   171   238    50   117    43   128 0.78 -
Pcitr_chr5:1145302-1144733    -             91 22198at71240         -            663    0.0036   14.8   0.0   1   1   1.7e-05    0.0036   14.8   0.0   171   237     3    69     1    88 0.68 -
Pcitr_chr7:16862613-16862879  -             89 22198at71240         -            663    0.0037   14.7   0.0   1   1   1.7e-05    0.0037   14.7   0.0   161   217     8    64     2    80 0.85 -
Pcitr_chr2:7185409-7186841    -            330 22198at71240         -            663     0.004   14.6   0.0   1   1   2.3e-05     0.005   14.3   0.0   153   258   101   212    54   236 0.72 -
Pcitr_chr3:3490421-3516599    -           1058 22198at71240         -            663    0.0051   14.3   0.0   1   1   4.1e-05    0.0088   13.5   0.0   171   203   642   674   629   718 0.72 -
Pcitr_Contig27:558161-557403  -            253 22198at71240         -            663    0.0052   14.3   0.0   1   1   3.2e-05     0.007   13.8   0.0   159   238    28   107    17   118 0.74 -
Pcitr_chr11:10346806-10346282 -            175 22198at71240         -            663    0.0055   14.2   0.0   1   1   3.2e-05    0.0069   13.9   0.0   171   242    49   120    42   134 0.79 -
Pcitr_chr10:27682172-27682990 -            273 22198at71240         -            663    0.0057   14.1   0.0   1   1   3.5e-05    0.0076   13.7   0.0   159   238    28   107    17   118 0.77 -
Pcitr_chr4:38565959-38566537  -            193 22198at71240         -            663    0.0058   14.1   0.0   1   1   3.3e-05    0.0072   13.8   0.0   163   239    32   108    24   129 0.83 -
Pcitr_chr6:15441893-15440528  -            227 22198at71240         -            663    0.0058   14.1   0.0   1   1   3.5e-05    0.0075   13.7   0.0   168   242    37   110    16   117 0.75 -
Pcitr_chr8:4544328-4513931    -            661 22198at71240         -            663    0.0072   13.8   0.0   1   2       1.2   2.7e+02   -1.3   0.0    21    82    48   111    40   120 0.66 -
Pcitr_chr8:4544328-4513931    -            661 22198at71240         -            663    0.0072   13.8   0.0   2   2   0.00012     0.027   11.9   0.0   171   240   200   269   185   274 0.85 -
Pcitr_chr6:11988508-11986501  -            262 22198at71240         -            663    0.0073   13.8   0.0   1   1   4.6e-05    0.0099   13.3   0.0   170   241   117   187   110   198 0.78 -
Pcitr_chr6:309120-302043      -            770 22198at71240         -            663    0.0076   13.7   0.0   1   1   5.8e-05     0.013   13.0   0.0   161   241   258   337   240   345 0.75 -
Pcitr_chr2:9485011-9484256    -            252 22198at71240         -            663    0.0081   13.6   0.0   1   1   4.9e-05     0.011   13.2   0.0   159   238    26   105    15   115 0.75 -
Pcitr_chr11:7182678-7196896   -            993 22198at71240         -            663     0.014   12.8   0.0   1   1   0.00011     0.024   12.1   0.0   171   240   517   584   507   651 0.89 -
Pcitr_chr1:28357099-28358449  -            237 22198at71240         -            663     0.016   12.7   0.0   1   1   8.8e-05     0.019   12.4   0.0   164   238    36   110    13   171 0.70 -
Pcitr_chr11:8228062-8227319   -            248 22198at71240         -            663     0.028   11.9   0.0   1   1   0.00016     0.035   11.5   0.0   167   238   115   186    91   196 0.72 -
Pcitr_chr6:9539976-9539151    -            251 22198at71240         -            663     0.029   11.8   0.0   1   1   0.00018     0.039   11.4   0.0   164   238    36   110    16   120 0.72 -
Pcitr_chr5:18254441-18260935  -            629 22198at71240         -            663     0.051   11.0   0.0   1   1   0.00034     0.074   10.4   0.0   169   239   375   445   361   477 0.83 -
Pcitr_chr2:15481332-15480132  -            225 22198at71240         -            663     0.061   10.7   0.0   1   1    0.0004     0.086   10.2   0.0   171   238     6    73     3    89 0.75 -
Pcitr_chr10:19235229-19234930 -            100 22198at71240         -            663     0.071   10.5   0.0   1   1   0.00033     0.072   10.5   0.0   169   213    10    55     2    86 0.64 -
Pcitr_chr4:32375562-32361847  -            303 22198at71240         -            663     0.073   10.5   0.0   1   1   0.00041      0.09   10.2   0.0    69   128    67   125    40   158 0.84 -
Pcitr_chr11:8234188-8227005   -            456 22198at71240         -            663     0.084   10.3   0.0   1   1   0.00054      0.12    9.8   0.0   167   238   244   315   221   325 0.71 -
#
# Program:         hmmsearch
# Version:         3.3.2 (Nov 2020)
# Pipeline mode:   SEARCH
# Query file:      /scratch/srb67793/Pelargonium/busco_downloads/lineages/eudicots_odb10/hmms/22198at71240.hmm
# Target file:     /scratch/srb67793/Pelargonium/Pelargonium-PreviousAssembly-busco/run_eudicots_odb10/metaeuk_output/initial_results/Pcitr_Genome-final.fasta.modified.fas
# Option settings: hmmsearch --domtblout /scratch/srb67793/Pelargonium/Pelargonium-PreviousAssembly-busco/run_eudicots_odb10/hmmer_output/initial_run_results/22198at71240.out --cpu 1 /scratch/srb67793/Pelargonium/busco_downloads/lineages/eudicots_odb10/hmms/22198at71240.hmm /scratch/srb67793/Pelargonium/Pelargonium-PreviousAssembly-busco/run_eudicots_odb10/metaeuk_output/initial_results/Pcitr_Genome-final.fasta.modified.fas 
# Current dir:     /scratch/srb67793/Pelargonium
# Date:            Tue Jul  9 10:57:15 2024
# [ok]
