#                                                                                     --- full sequence --- -------------- this domain -------------   hmm coord   ali coord   env coord
# target name                 accession   tlen query name           accession   qlen   E-value  score  bias   #  of  c-Evalue  i-Evalue  score  bias  from    to  from    to  from    to  acc description of target
#         ------------------- ---------- ----- -------------------- ---------- ----- --------- ------ ----- --- --- --------- --------- ------ ----- ----- ----- ----- ----- ----- ----- ---- ---------------------
Pcitr_chr9:23637829-23649872  -            858 22547at71240         -            585         0 1139.3   9.3   1   2   4.4e-05    0.0036   14.9   0.1     1    24    19    42    19    49 0.94 -
Pcitr_chr9:23637829-23649872  -            858 22547at71240         -            585         0 1139.3   9.3   2   2         0         0 1116.6   5.5    24   585    63   673    57   673 0.95 -
Pcitr_chr1:41481770-41474774  -            787 22547at71240         -            585         0 1087.0   4.4   1   2  5.1e-150  4.2e-148  493.5   0.0    48   311     1   281     1   292 0.94 -
Pcitr_chr1:41481770-41474774  -            787 22547at71240         -            585         0 1087.0   4.4   2   2  2.4e-180    2e-178  593.6   2.5   309   584   301   579   285   580 0.98 -
Pcitr_chr1:41427463-41422704  -            628 22547at71240         -            585         0 1042.0  11.0   1   3   1.3e-05    0.0011   16.7   0.1     1    24    19    42    19    47 0.93 -
Pcitr_chr1:41427463-41422704  -            628 22547at71240         -            585         0 1042.0  11.0   2   3  3.6e-155    3e-153  510.5   0.1    24   311    66   373    60   383 0.93 -
Pcitr_chr1:41427463-41422704  -            628 22547at71240         -            585         0 1042.0  11.0   3   3  6.4e-158  5.3e-156  519.6   2.5   310   543   394   627   381   628 0.98 -
Pcitr_chr11:21817562-21824205 -            465 22547at71240         -            585     9e-86  287.7   1.2   1   1   1.2e-87     1e-85  287.5   1.2    49   510     1   464     1   465 0.90 -
Pcitr_chr6:13715173-13713269  -            635 22547at71240         -            585   2.8e-78  263.0   8.7   1   2   2.9e-58   2.4e-56  190.5   0.0    45   280    31   275    24   286 0.91 -
Pcitr_chr6:13715173-13713269  -            635 22547at71240         -            585   2.8e-78  263.0   8.7   2   2   3.4e-22   2.8e-20   71.4   7.6   311   526   335   549   320   590 0.88 -
Pcitr_chr3:3813791-3815989    -            678 22547at71240         -            585   5.7e-74  248.7   8.4   1   2   1.3e-56   1.1e-54  185.1   0.0    43   279    64   309    49   322 0.88 -
Pcitr_chr3:3813791-3815989    -            678 22547at71240         -            585   5.7e-74  248.7   8.4   2   2   1.1e-19   9.2e-18   63.1   6.8   306   526   380   597   357   603 0.93 -
Pcitr_chr8:29884377-29882632  -            582 22547at71240         -            585   2.9e-72  243.1   4.9   1   2   1.6e-51   1.3e-49  168.3   0.0    47   279     2   240     1   250 0.89 -
Pcitr_chr8:29884377-29882632  -            582 22547at71240         -            585   2.9e-72  243.1   4.9   2   2   6.6e-23   5.5e-21   73.8   4.0   314   574   309   573   301   580 0.86 -
Pcitr_chr3:21061298-21059268  -            677 22547at71240         -            585     1e-71  241.2   7.9   1   2   8.3e-55   6.9e-53  179.1   0.0    48   279    62   302    54   311 0.89 -
Pcitr_chr3:21061298-21059268  -            677 22547at71240         -            585     1e-71  241.2   7.9   2   2   4.1e-19   3.4e-17   61.2   6.6   312   526   383   596   369   603 0.94 -
Pcitr_chr8:31947189-31948772  -            528 22547at71240         -            585   2.8e-70  236.5   8.6   1   2   2.3e-52   1.9e-50  171.0   0.0    51   279     2   239     1   251 0.90 -
Pcitr_chr8:31947189-31948772  -            528 22547at71240         -            585   2.8e-70  236.5   8.6   2   2   1.8e-20   1.5e-18   65.7   6.5   311   526   308   522   274   525 0.92 -
Pcitr_chr11:7845199-7846998   -            600 22547at71240         -            585     1e-69  234.7   1.8   1   2       5.2   4.3e+02   -1.8   0.0   496   516     7    28     4    32 0.76 -
Pcitr_chr11:7845199-7846998   -            600 22547at71240         -            585     1e-69  234.7   1.8   2   2   2.7e-71   2.2e-69  233.6   1.7    44   529    33   540    17   557 0.87 -
Pcitr_chr7:3599483-3597705    -            593 22547at71240         -            585   5.5e-65  219.0   0.1   1   1   8.8e-67   7.3e-65  218.6   0.1    35   528    31   532    22   562 0.88 -
Pcitr_chr10:6447425-6445500   -            642 22547at71240         -            585   1.1e-64  218.1   0.1   1   1   1.9e-66   1.5e-64  217.6   0.1    51   527    84   576    76   593 0.87 -
Pcitr_chr11:10279896-10278157 -            580 22547at71240         -            585   4.5e-62  209.4   3.1   1   1   7.2e-64   5.9e-62  209.0   3.1    50   556    43   554    35   577 0.89 -
Pcitr_chr9:4594057-4591544    -            544 22547at71240         -            585     8e-62  208.6   1.4   1   1   1.5e-63   1.3e-61  207.9   1.4    51   567     2   532     1   541 0.81 -
Pcitr_chr2:46608225-46611842  -            515 22547at71240         -            585   5.7e-61  205.8   4.1   1   2   3.6e-45     3e-43  147.3   0.0    50   243     4   199     1   206 0.91 -
Pcitr_chr2:46608225-46611842  -            515 22547at71240         -            585   5.7e-61  205.8   4.1   2   2   3.3e-18   2.7e-16   58.2   2.4   312   541   226   452   218   475 0.89 -
Pcitr_chr10:10505294-10507618 -            257 22547at71240         -            585   1.7e-59  201.0   0.0   1   2   2.1e-11   1.8e-09   35.8   0.0    32    84    12    65     7    66 0.89 -
Pcitr_chr10:10505294-10507618 -            257 22547at71240         -            585   1.7e-59  201.0   0.0   2   2   2.9e-50   2.4e-48  164.1   0.0   108   288    66   250    64   257 0.91 -
Pcitr_chr2:11261980-11262711  -            244 22547at71240         -            585   2.1e-58  197.3   0.0   1   1   2.7e-60   2.2e-58  197.2   0.0    52   280     2   239     1   244 0.92 -
Pcitr_chr9:29925030-29925773  -            248 22547at71240         -            585   6.2e-54  182.6   0.0   1   1   8.2e-56   6.8e-54  182.4   0.0    47   278     9   248     1   248 0.89 -
Pcitr_chr1:39520168-39519533  -            212 22547at71240         -            585     2e-53  180.9   0.0   1   1   2.6e-55   2.2e-53  180.8   0.0    49   253     1   210     1   212 0.92 -
Pcitr_chr9:25924984-25925664  -            227 22547at71240         -            585   7.4e-52  175.7   0.0   1   1     1e-53   8.6e-52  175.5   0.0    39   245    16   227     5   227 0.91 -
Pcitr_chr3:9639663-9639229    -            145 22547at71240         -            585   2.4e-43  147.6   0.0   1   1   3.2e-45   2.6e-43  147.5   0.0   110   251     1   145     1   145 0.97 -
Pcitr_chr8:21085243-21081766  -            204 22547at71240         -            585   2.5e-40  137.6   0.1   1   2   3.3e-09   2.7e-07   28.5   0.1    49    85     6    42     2    45 0.93 -
Pcitr_chr8:21085243-21081766  -            204 22547at71240         -            585   2.5e-40  137.6   0.1   2   2   3.2e-33   2.7e-31  107.8   0.0   110   255    45   194    42   204 0.92 -
Pcitr_chr11:4407362-4406371   -            228 22547at71240         -            585   4.6e-40  136.8   0.1   1   2   2.3e-12   1.9e-10   38.9   0.1    29    85    23    78    10    80 0.87 -
Pcitr_chr11:4407362-4406371   -            228 22547at71240         -            585   4.6e-40  136.8   0.1   2   2   1.7e-30   1.4e-28   98.8   0.0   107   254    75   228    74   228 0.94 -
Pcitr_chr2:13123530-13059427  -            239 22547at71240         -            585   1.9e-39  134.7   0.0   1   1   2.5e-41     2e-39  134.6   0.0    51   278     1   231     1   239 0.86 -
Pcitr_chr10:26498599-26454992 -            249 22547at71240         -            585   2.5e-39  134.3   0.0   1   1   3.6e-41   2.9e-39  134.1   0.0    49   277    18   244     1   248 0.85 -
Pcitr_chr6:37126603-37151566  -            227 22547at71240         -            585   2.8e-39  134.2   0.0   1   1   4.8e-41     4e-39  133.7   0.0    51   278     1   225     1   227 0.89 -
Pcitr_chr3:20297685-20296506  -            171 22547at71240         -            585   1.7e-32  111.8   0.0   1   1   2.2e-34   1.8e-32  111.6   0.0    50   218     2   171     1   171 0.92 -
Pcitr_chr10:10515576-10515899 -            108 22547at71240         -            585   1.1e-25   89.2   0.0   1   1   1.5e-27   1.2e-25   89.1   0.0   110   213     1   107     1   108 0.94 -
Pcitr_chr3:9584581-9606876    -           1849 22547at71240         -            585   5.3e-25   87.0   4.9   1   3       9.5   7.8e+02   -2.7   0.8   457   509   367   420   348   438 0.63 -
Pcitr_chr3:9584581-9606876    -           1849 22547at71240         -            585   5.3e-25   87.0   4.9   2   3   5.1e-17   4.2e-15   54.3   0.1    63   279   580   796   571   816 0.78 -
Pcitr_chr3:9584581-9606876    -           1849 22547at71240         -            585   5.3e-25   87.0   4.9   3   3   8.2e-11   6.8e-09   33.8   0.0    50   227  1465  1643  1439  1715 0.75 -
Pcitr_chr3:9567395-9606705    -           2463 22547at71240         -            585   2.5e-19   68.3   4.6   1   2   1.2e-14     1e-12   46.5   0.1    63   287  1286  1511  1277  1524 0.78 -
Pcitr_chr3:9567395-9606705    -           2463 22547at71240         -            585   2.5e-19   68.3   4.6   2   2   2.4e-07     2e-05   22.4   0.0    56   226  2153  2319  2122  2336 0.70 -
Pcitr_chr2:12650499-12648844  -            552 22547at71240         -            585   4.6e-17   60.8   0.0   1   2   1.2e-06    0.0001   20.1   0.0    49   201    16   191     6   230 0.72 -
Pcitr_chr2:12650499-12648844  -            552 22547at71240         -            585   4.6e-17   60.8   0.0   2   2   4.5e-11   3.7e-09   34.7   0.0    48   215   347   504   320   535 0.77 -
Pcitr_chr10:26332220-26330502 -            573 22547at71240         -            585   8.8e-17   59.9   0.0   1   3   0.00053     0.044   11.4   0.0    49    86    35    72    18   112 0.87 -
Pcitr_chr10:26332220-26330502 -            573 22547at71240         -            585   8.8e-17   59.9   0.0   2   3   0.00083     0.069   10.7   0.0   166   201   177   212   125   254 0.79 -
Pcitr_chr10:26332220-26330502 -            573 22547at71240         -            585   8.8e-17   59.9   0.0   3   3   7.1e-11   5.9e-09   34.0   0.0    22   215   346   525   340   543 0.75 -
Pcitr_chr1:38104039-38101891  -            232 22547at71240         -            585   2.9e-16   58.2   0.1   1   1   4.6e-18   3.8e-16   57.8   0.1    49   253    20   215    14   226 0.87 -
Pcitr_chr10:22078736-22080040 -            435 22547at71240         -            585     5e-16   57.4   0.2   1   1   9.3e-18   7.7e-16   56.8   0.2    51   252   215   418   206   427 0.82 -
Pcitr_chr5:23731161-23728350  -            242 22547at71240         -            585     1e-15   56.4   0.1   1   1   1.5e-17   1.3e-15   56.0   0.1    50   252    19   222    11   231 0.86 -
Pcitr_chr2:21361102-21362391  -            430 22547at71240         -            585     7e-15   53.6   0.2   1   1   1.2e-16     1e-14   53.1   0.2    49   252   204   409   195   417 0.84 -
Pcitr_chr1:18821547-18822299  -            251 22547at71240         -            585   8.1e-15   53.4   0.2   1   1   1.3e-16     1e-14   53.0   0.2    51   252    20   230    15   241 0.77 -
Pcitr_chr10:22066393-22067160 -            256 22547at71240         -            585   8.3e-15   53.4   0.0   1   1   1.2e-16     1e-14   53.1   0.0    50   253    39   243    26   254 0.85 -
Pcitr_chr10:22076849-22077889 -            290 22547at71240         -            585   1.4e-14   52.6   0.0   1   1   2.2e-16   1.8e-14   52.2   0.0    51   253    72   275    63   286 0.83 -
Pcitr_chr11:1095188-1095934   -            249 22547at71240         -            585   2.7e-14   51.6   0.2   1   1   4.1e-16   3.4e-14   51.3   0.2    51   252    20   228    15   241 0.78 -
Pcitr_chr10:22067872-22069176 -            435 22547at71240         -            585   2.7e-14   51.6   0.1   1   1   5.1e-16   4.2e-14   51.0   0.1    51   252   215   418   204   425 0.81 -
Pcitr_chr3:4842915-4841352    -            248 22547at71240         -            585   3.3e-14   51.4   0.0   1   1   4.9e-16   4.1e-14   51.1   0.0    48   252    19   223     5   234 0.83 -
Pcitr_chr7:11828510-11821648  -            248 22547at71240         -            585   3.3e-14   51.4   0.0   1   1   4.9e-16   4.1e-14   51.1   0.0    48   252    19   223     5   234 0.83 -
Pcitr_chr7:7901723-7902529    -            242 22547at71240         -            585     4e-14   51.1   0.1   1   1     6e-16     5e-14   50.8   0.1    51   252    20   222    12   235 0.82 -
Pcitr_chr11:13068880-13068067 -            244 22547at71240         -            585     4e-14   51.1   0.1   1   1   5.9e-16   4.8e-14   50.8   0.1    54   252    23   222     3   230 0.84 -
Pcitr_chr10:21999672-22019396 -            243 22547at71240         -            585   4.7e-14   50.9   0.0   1   1   6.8e-16   5.6e-14   50.6   0.0    47   253    17   224     4   236 0.82 -
Pcitr_chr10:14742432-14739637 -            336 22547at71240         -            585     5e-14   50.8   0.0   1   1   8.9e-16   7.3e-14   50.2   0.0    49   252    97   318    73   325 0.69 -
Pcitr_chr9:19829777-19825436  -            343 22547at71240         -            585   8.2e-14   50.1   0.0   1   1   1.5e-15   1.2e-13   49.5   0.0    49   254    97   319    81   326 0.72 -
Pcitr_chr11:15046725-15045598 -            376 22547at71240         -            585   1.5e-13   49.3   0.1   1   1   2.8e-15   2.3e-13   48.6   0.1    52   253   155   357   138   370 0.79 -
Pcitr_chr4:40512153-40509644  -            573 22547at71240         -            585   2.5e-13   48.5   0.0   1   1   4.7e-15   3.9e-13   47.8   0.0    51   248   354   552   344   566 0.78 -
Pcitr_chr4:38461092-38461820  -            243 22547at71240         -            585   3.7e-13   47.9   0.1   1   1   5.5e-15   4.6e-13   47.6   0.1    52   250    21   220    14   230 0.83 -
Pcitr_chr2:21342931-21344094  -            388 22547at71240         -            585   4.1e-13   47.8   0.3   1   1   6.8e-15   5.6e-13   47.3   0.3    52   252   165   367   159   375 0.81 -
Pcitr_chr5:3278223-3277279    -            248 22547at71240         -            585   5.2e-13   47.4   0.2   1   1   7.9e-15   6.6e-13   47.1   0.2    50   252    27   229    22   241 0.77 -
Pcitr_chr10:22001584-22002531 -            316 22547at71240         -            585   7.1e-13   47.0   0.2   1   1   1.2e-14   9.6e-13   46.5   0.2    52   252    97   299    91   310 0.77 -
Pcitr_chr5:23716728-23714915  -            576 22547at71240         -            585   1.1e-12   46.3   0.2   1   2       6.8   5.6e+02   -2.2   0.1     5    34   129   158   125   189 0.83 -
Pcitr_chr5:23716728-23714915  -            576 22547at71240         -            585   1.1e-12   46.3   0.2   2   2   1.4e-14   1.1e-12   46.3   0.2    50   252   354   556   338   566 0.80 -
Pcitr_chr10:22033336-22036023 -            387 22547at71240         -            585   1.3e-12   46.1   0.2   1   1   2.5e-14     2e-12   45.5   0.2    55   252   178   377   168   383 0.84 -
Pcitr_chr5:13621312-13619741  -            494 22547at71240         -            585   1.3e-12   46.1   0.2   1   1   3.3e-14   2.7e-12   45.1   0.2    53   251   276   473   269   486 0.83 -
Pcitr_chr8:30572003-30570926  -            246 22547at71240         -            585   1.7e-12   45.8   0.3   1   1   2.5e-14   2.1e-12   45.4   0.3    61   243    38   221    26   237 0.83 -
Pcitr_chr3:856764-858741      -            505 22547at71240         -            585   1.9e-12   45.5   0.0   1   1   3.4e-14   2.8e-12   45.0   0.0    51   224   286   463   275   493 0.82 -
Pcitr_chr6:13878829-13879542  -            238 22547at71240         -            585   2.3e-12   45.3   0.0   1   1   3.4e-14   2.8e-12   45.0   0.0    50   252    19   223     9   234 0.84 -
Pcitr_chr6:4269935-4272944    -            337 22547at71240         -            585   2.3e-12   45.3   0.0   1   1     4e-14   3.3e-12   44.8   0.0    49   252    97   318    73   326 0.69 -
Pcitr_chr4:1660393-1664347    -            746 22547at71240         -            585   2.9e-12   45.0   0.1   1   1   5.8e-14   4.8e-12   44.2   0.1    61   253   283   476   256   520 0.85 -
Pcitr_chr1:43961798-43960925  -            238 22547at71240         -            585   3.1e-12   44.9   0.3   1   1   4.4e-14   3.6e-12   44.6   0.3    65   224    33   197    19   228 0.84 -
Pcitr_chr3:21722584-21721646  -            313 22547at71240         -            585   6.1e-12   43.9   0.1   1   1   9.3e-14   7.7e-12   43.6   0.1    50   252    97   301    80   312 0.84 -
Pcitr_chr3:4840172-4839054    -            373 22547at71240         -            585   1.1e-11   43.1   0.0   1   1   1.9e-13   1.5e-11   42.6   0.0    52   248   156   353   146   364 0.82 -
Pcitr_chr7:11820458-11819340  -            373 22547at71240         -            585   1.1e-11   43.1   0.0   1   1   1.9e-13   1.5e-11   42.6   0.0    52   248   156   353   146   364 0.82 -
Pcitr_chr7:7899632-7900464    -            249 22547at71240         -            585   1.1e-11   43.0   0.1   1   1   1.7e-13   1.4e-11   42.7   0.1    59   252    28   222    18   229 0.83 -
Pcitr_chr4:36751973-36786113  -            579 22547at71240         -            585   1.2e-11   43.0   0.2   1   1   2.2e-13   1.8e-11   42.3   0.2    37   247   345   556   323   566 0.74 -
Pcitr_chr11:13066638-13065614 -            313 22547at71240         -            585   1.6e-11   42.5   0.2   1   1   2.6e-13   2.1e-11   42.1   0.2    52   252   101   302    82   312 0.82 -
Pcitr_chr1:26219027-26219783  -            221 22547at71240         -            585   2.5e-11   41.9   0.1   1   1   3.5e-13   2.9e-11   41.7   0.1    62   249    31   219    21   221 0.80 -
Pcitr_chr5:15359032-15366358  -            652 22547at71240         -            585   3.9e-11   41.2   0.4   1   2       5.8   4.8e+02   -2.0   0.0   463   529   262   330   256   361 0.67 -
Pcitr_chr5:15359032-15366358  -            652 22547at71240         -            585   3.9e-11   41.2   0.4   2   2   1.1e-12   8.7e-11   40.1   0.1    51   252   425   629   416   642 0.78 -
Pcitr_chr2:39739420-39739938  -            173 22547at71240         -            585   4.7e-11   41.0   0.1   1   1   6.7e-13   5.6e-11   40.7   0.1    68   223     2   162     1   168 0.75 -
Pcitr_chr4:38457861-38459557  -            269 22547at71240         -            585   5.1e-11   40.8   0.5   1   1   2.7e-12   2.3e-10   38.7   0.5    48   251    19   243     5   253 0.76 -
Pcitr_chr11:1090310-1095064   -            917 22547at71240         -            585   5.5e-11   40.7   0.1   1   1   6.6e-13   5.5e-11   40.7   0.1    50   254   377   582   363   596 0.77 -
Pcitr_chr6:20589355-20589128  -             76 22547at71240         -            585   6.1e-11   40.6   0.0   1   1   7.4e-13   6.1e-11   40.6   0.0   190   254     3    68     1    76 0.89 -
Pcitr_chr5:13634030-13631000  -            288 22547at71240         -            585   7.1e-11   40.4   0.0   1   1   1.1e-12   9.1e-11   40.0   0.0    56   251    72   268    60   281 0.81 -
Pcitr_chr10:22021262-22022617 -            452 22547at71240         -            585   7.4e-11   40.3   0.1   1   1   1.4e-12   1.1e-10   39.7   0.1    51   252   228   431   220   442 0.81 -
Pcitr_chr3:859509-886278      -            382 22547at71240         -            585   1.3e-10   39.5   0.0   1   1   2.2e-12   1.8e-10   39.0   0.0    52   254   167   368   159   378 0.77 -
Pcitr_chr3:11840431-11854100  -           1412 22547at71240         -            585   1.5e-10   39.3   2.7   1   2   4.6e-06   0.00038   18.1   0.5    33   331   559   869   549   873 0.62 -
Pcitr_chr3:11840431-11854100  -           1412 22547at71240         -            585   1.5e-10   39.3   2.7   2   2   3.8e-06   0.00032   18.4   0.1    62   255  1202  1394  1177  1409 0.66 -
Pcitr_chr10:22106842-22108089 -            416 22547at71240         -            585   1.5e-10   39.3   0.1   1   1   2.7e-12   2.2e-10   38.7   0.1    50   252   190   394   174   408 0.78 -
Pcitr_chr2:21359005-21360024  -            340 22547at71240         -            585   1.7e-10   39.1   0.3   1   2     0.016       1.3    6.4   0.0    59    85   104   130    90   183 0.68 -
Pcitr_chr2:21359005-21360024  -            340 22547at71240         -            585   1.7e-10   39.1   0.3   2   2   6.7e-10   5.5e-08   30.8   0.1   154   252   232   326   218   333 0.85 -
Pcitr_chr8:29787197-29789467  -            270 22547at71240         -            585   2.7e-10   38.5   0.3   1   2   8.7e-07   7.2e-05   20.5   0.0    28    87     8    66     3    73 0.90 -
Pcitr_chr8:29787197-29789467  -            270 22547at71240         -            585   2.7e-10   38.5   0.3   2   2   1.8e-05    0.0015   16.2   0.0   166   260   163   258   141   269 0.85 -
Pcitr_chr1:18817469-18821420  -            924 22547at71240         -            585   5.3e-10   37.5   0.1   1   1   6.4e-12   5.3e-10   37.5   0.1    61   254   396   591   380   605 0.76 -
Pcitr_chr5:23717358-23717068  -             97 22547at71240         -            585   9.1e-10   36.7   0.0   1   1   1.2e-11     1e-09   36.6   0.0   169   251    17    96     8    97 0.89 -
Pcitr_chr4:1665495-1666649    -            385 22547at71240         -            585   1.1e-09   36.5   0.1   1   1   1.9e-11   1.6e-09   35.9   0.1    53   252   166   366   158   372 0.79 -
Pcitr_chr1:15553830-15549423  -            881 22547at71240         -            585   1.4e-09   36.1   0.1   1   2     9e-09   7.4e-07   27.1   0.0     7   202   350   539   344   552 0.78 -
Pcitr_chr1:15553830-15549423  -            881 22547at71240         -            585   1.4e-09   36.1   0.1   2   2     0.017       1.4    6.4   0.0    50    86   705   741   683   786 0.79 -
Pcitr_chr3:855550-855810      -             87 22547at71240         -            585   7.3e-09   33.7   0.1   1   1   9.5e-11   7.8e-09   33.6   0.1   169   252     1    81     1    86 0.89 -
Pcitr_chr6:13875005-13875970  -            242 22547at71240         -            585   9.9e-09   33.3   0.1   1   1   1.6e-10   1.3e-08   32.9   0.1    64   252    33   221    26   229 0.79 -
Pcitr_chr4:40512630-40512370  -             87 22547at71240         -            585   6.2e-08   30.7   0.1   1   1   8.4e-10     7e-08   30.5   0.1   169   251     1    80     1    85 0.82 -
Pcitr_chr7:34106227-34113163  -            982 22547at71240         -            585   7.7e-08   30.3   0.7   1   2   9.9e-06   0.00081   17.1   0.0    49   219   398   558   383   578 0.81 -
Pcitr_chr7:34106227-34113163  -            982 22547at71240         -            585   7.7e-08   30.3   0.7   2   2   0.00092     0.076   10.6   0.1    36    89   744   803   737   973 0.63 -
Pcitr_chr6:2269627-2267288    -            364 22547at71240         -            585   1.1e-07   29.8   0.1   1   3   0.00055     0.045   11.3   0.0    50    85    48    83    30   139 0.77 -
Pcitr_chr6:2269627-2267288    -            364 22547at71240         -            585   1.1e-07   29.8   0.1   2   3     0.027       2.2    5.7   0.0   163   202   191   230   173   251 0.88 -
Pcitr_chr6:2269627-2267288    -            364 22547at71240         -            585   1.1e-07   29.8   0.1   3   3    0.0024       0.2    9.2   0.1    56    84   325   353   320   358 0.88 -
Pcitr_chr2:21341137-21341391  -             85 22547at71240         -            585   1.8e-07   29.1   0.1   1   1   2.3e-09   1.9e-07   29.1   0.1   169   250     6    84     1    85 0.79 -
Pcitr_chr1:26221996-26222250  -             85 22547at71240         -            585   2.1e-07   28.9   0.1   1   1   2.8e-09   2.3e-07   28.8   0.1   169   249     6    83     2    85 0.86 -
Pcitr_chr1:43963671-43963396  -             92 22547at71240         -            585   4.6e-07   27.8   0.1   1   1   5.7e-09   4.7e-07   27.8   0.1   158   249     3    90     1    92 0.83 -
Pcitr_chr11:13068375-13068085 -             97 22547at71240         -            585   5.1e-07   27.6   0.0   1   1   6.8e-09   5.6e-07   27.5   0.0   169   252     1    81     1    89 0.87 -
Pcitr_chr8:30573801-30573556  -             82 22547at71240         -            585   5.9e-07   27.4   0.1   1   1   7.5e-09   6.2e-07   27.4   0.1   169   251     1    80     1    82 0.90 -
Pcitr_chr3:16022998-16022690  -            103 22547at71240         -            585   7.5e-07   27.1   0.0   1   1   9.5e-09   7.8e-07   27.0   0.0   169   252     6    86     1    98 0.87 -
Pcitr_chr5:23730673-23730398  -             92 22547at71240         -            585   8.2e-07   27.0   0.0   1   1   1.1e-08   9.1e-07   26.8   0.0   169   251     6    85     3    91 0.81 -
Pcitr_chr7:13948935-13944175  -           1187 22547at71240         -            585     1e-06   26.7   0.0   1   2   4.1e-07   3.4e-05   21.6   0.0    54   214   553   706   542   725 0.83 -
Pcitr_chr7:13948935-13944175  -           1187 22547at71240         -            585     1e-06   26.7   0.0   2   2      0.28        23    2.3   0.0    46    82   995  1031   982  1080 0.84 -
Pcitr_chr4:8231913-8236519    -            805 22547at71240         -            585   1.9e-06   25.7   0.1   1   3   2.1e-06   0.00017   19.3   0.0    51   207   340   486   322   506 0.85 -
Pcitr_chr4:8231913-8236519    -            805 22547at71240         -            585   1.9e-06   25.7   0.1   2   3      0.79        65    0.9   0.0    61    87   641   667   621   711 0.73 -
Pcitr_chr4:8231913-8236519    -            805 22547at71240         -            585   1.9e-06   25.7   0.1   3   3      0.65        54    1.1   0.1   170   244   733   804   725   805 0.80 -
Pcitr_chr8:31470150-31474005  -            359 22547at71240         -            585   2.1e-06   25.6   0.2   1   4   0.00037     0.031   11.9   0.0    50   126    14    85     4   107 0.73 -
Pcitr_chr8:31470150-31474005  -            359 22547at71240         -            585   2.1e-06   25.6   0.2   2   4       1.1        92    0.4   0.0   163   207   157   199   125   217 0.77 -
Pcitr_chr8:31470150-31474005  -            359 22547at71240         -            585   2.1e-06   25.6   0.2   3   4    0.0074      0.61    7.6   0.1    60    84   292   316   274   321 0.84 -
Pcitr_chr8:31470150-31474005  -            359 22547at71240         -            585   2.1e-06   25.6   0.2   4   4       1.4   1.1e+02    0.1   0.0   171   201   322   353   316   358 0.74 -
Pcitr_chr7:11539405-11537495  -            637 22547at71240         -            585   2.7e-06   25.2   0.3   1   1   5.9e-08   4.9e-06   24.4   0.0    51   205   487   631   477   637 0.88 -
Pcitr_chr4:8214745-8236519    -           1016 22547at71240         -            585     4e-06   24.7   0.2   1   3     4e-06   0.00033   18.4   0.0    55   213   451   599   442   625 0.85 -
Pcitr_chr4:8214745-8236519    -           1016 22547at71240         -            585     4e-06   24.7   0.2   2   3      0.59        49    1.3   0.0    61    97   851   887   835   921 0.75 -
Pcitr_chr4:8214745-8236519    -           1016 22547at71240         -            585     4e-06   24.7   0.2   3   3      0.82        68    0.8   0.0   170   244   944  1015   932  1016 0.80 -
Pcitr_chr3:10712716-10713174  -            153 22547at71240         -            585   4.4e-06   24.6   0.0   1   1     8e-08   6.6e-06   24.0   0.0    50   200     6   152     1   153 0.74 -
Pcitr_chr11:10587454-10583769 -            758 22547at71240         -            585   4.4e-06   24.5   0.0   1   1   9.4e-08   7.8e-06   23.7   0.0    46   209   414   564   365   579 0.84 -
Pcitr_chr10:29595265-29593651 -            339 22547at71240         -            585   3.3e-05   21.7   0.0   1   3     0.057       4.7    4.6   0.0   151   196    27    68     7    92 0.83 -
Pcitr_chr10:29595265-29593651 -            339 22547at71240         -            585   3.3e-05   21.7   0.0   2   3     0.008      0.66    7.5   0.0    65    87   159   181   144   213 0.89 -
Pcitr_chr10:29595265-29593651 -            339 22547at71240         -            585   3.3e-05   21.7   0.0   3   3      0.02       1.7    6.1   0.0   166   218   246   296   226   308 0.84 -
Pcitr_chr7:33141687-33135147  -            739 22547at71240         -            585   3.6e-05   21.5   0.0   1   4       1.6   1.4e+02   -0.2   0.0    61    84   196   219   183   242 0.85 -
Pcitr_chr7:33141687-33135147  -            739 22547at71240         -            585   3.6e-05   21.5   0.0   2   4      0.15        12    3.3   0.0   166   197   335   366   318   376 0.88 -
Pcitr_chr7:33141687-33135147  -            739 22547at71240         -            585   3.6e-05   21.5   0.0   3   4     0.014       1.1    6.7   0.0    63    88   556   581   542   597 0.81 -
Pcitr_chr7:33141687-33135147  -            739 22547at71240         -            585   3.6e-05   21.5   0.0   4   4     0.027       2.3    5.7   0.0   168   211   647   690   632   713 0.85 -
Pcitr_chr7:34115401-34117322  -            584 22547at71240         -            585   5.1e-05   21.0   0.1   1   1   1.5e-06   0.00012   19.8   0.1    48   207   433   580   420   584 0.80 -
Pcitr_chr9:30119-53318        -            670 22547at71240         -            585   5.1e-05   21.0   0.0   1   2   0.00059     0.049   11.2   0.0    48    86   391   429   378   438 0.86 -
Pcitr_chr9:30119-53318        -            670 22547at71240         -            585   5.1e-05   21.0   0.0   2   2    0.0071      0.58    7.6   0.0   169   222   575   625   544   645 0.79 -
Pcitr_chr1:24873102-24886320  -           1084 22547at71240         -            585     6e-05   20.8   2.6   1   3   0.00026     0.022   12.3   0.1    51    88   427   464   415   591 0.81 -
Pcitr_chr1:24873102-24886320  -           1084 22547at71240         -            585     6e-05   20.8   2.6   2   3     0.021       1.7    6.1   0.0    50    89   911   950   884   991 0.77 -
Pcitr_chr1:24873102-24886320  -           1084 22547at71240         -            585     6e-05   20.8   2.6   3   3       5.5   4.5e+02   -1.9   0.0   170   226  1012  1067  1007  1080 0.80 -
Pcitr_chr4:43605131-43577288  -            922 22547at71240         -            585   7.3e-05   20.5   0.0   1   2    0.0028      0.23    9.0   0.0    53   211   318   462   310   473 0.74 -
Pcitr_chr4:43605131-43577288  -            922 22547at71240         -            585   7.3e-05   20.5   0.0   2   2    0.0074      0.61    7.6   0.0    50    97   739   787   728   837 0.78 -
Pcitr_chr5:40352878-40359050  -           1148 22547at71240         -            585   0.00018   19.2   7.5   1   4   2.9e-05    0.0024   15.5   0.1    51   208   435   582   416   590 0.70 -
Pcitr_chr5:40352878-40359050  -           1148 22547at71240         -            585   0.00018   19.2   7.5   2   4      0.37        31    2.0   0.4   275   354   566   650   559   658 0.77 -
Pcitr_chr5:40352878-40359050  -           1148 22547at71240         -            585   0.00018   19.2   7.5   3   4     0.094       7.8    3.9   0.0    50    97   971  1019   960  1052 0.73 -
Pcitr_chr5:40352878-40359050  -           1148 22547at71240         -            585   0.00018   19.2   7.5   4   4       1.6   1.3e+02   -0.1   0.1   170   226  1073  1128  1067  1148 0.74 -
Pcitr_chr7:11532379-11531075  -            435 22547at71240         -            585   0.00018   19.2   0.0   1   1   3.2e-06   0.00026   18.7   0.0    53   201   297   435   290   435 0.87 -
Pcitr_chr5:24154923-24159182  -           1010 22547at71240         -            585   0.00082   17.1   0.8   1   3   0.00073      0.06   10.9   0.0    61   202   336   468   319   489 0.77 -
Pcitr_chr5:24154923-24159182  -           1010 22547at71240         -            585   0.00082   17.1   0.8   2   3       0.3        24    2.3   0.0    46    96   822   873   808   905 0.80 -
Pcitr_chr5:24154923-24159182  -           1010 22547at71240         -            585   0.00082   17.1   0.8   3   3       1.5   1.3e+02   -0.1   0.0   170   246   929  1002   923  1007 0.76 -
Pcitr_chr4:43570624-43599776  -           1200 22547at71240         -            585    0.0013   16.4   0.1   1   2     0.068       5.6    4.4   0.0   107   206   628   725   578   741 0.60 -
Pcitr_chr4:43570624-43599776  -           1200 22547at71240         -            585    0.0013   16.4   0.1   2   2    0.0052      0.43    8.1   0.0    50    97  1021  1069  1014  1101 0.77 -
Pcitr_chr10:29598847-29598041 -            269 22547at71240         -            585    0.0014   16.3   0.0   1   2    0.0069      0.57    7.7   0.0    65    87    88   110    79   143 0.90 -
Pcitr_chr10:29598847-29598041 -            269 22547at71240         -            585    0.0014   16.3   0.0   2   2     0.013       1.1    6.8   0.0   166   220   175   227   152   241 0.85 -
Pcitr_chr4:40512012-40510747  -            422 22547at71240         -            585    0.0064   14.1   0.0   1   1   0.00012      0.01   13.5   0.0    51   130   307   390   297   415 0.73 -
Pcitr_chr3:1812350-1775944    -           5009 22547at71240         -            585       0.1   10.1   0.7   1   3       5.5   4.5e+02   -1.9   0.0    67    86   350   369   338   395 0.78 -
Pcitr_chr3:1812350-1775944    -           5009 22547at71240         -            585       0.1   10.1   0.7   2   3      0.81        67    0.8   0.0    48    87   639   678   628   691 0.82 -
Pcitr_chr3:1812350-1775944    -           5009 22547at71240         -            585       0.1   10.1   0.7   3   3     0.028       2.3    5.7   0.0    48   100  1954  2007  1931  2049 0.80 -
#
# Program:         hmmsearch
# Version:         3.3.2 (Nov 2020)
# Pipeline mode:   SEARCH
# Query file:      /scratch/srb67793/Pelargonium/busco_downloads/lineages/eudicots_odb10/hmms/22547at71240.hmm
# Target file:     /scratch/srb67793/Pelargonium/Pelargonium-PreviousAssembly-busco/run_eudicots_odb10/metaeuk_output/initial_results/Pcitr_Genome-final.fasta.modified.fas
# Option settings: hmmsearch --domtblout /scratch/srb67793/Pelargonium/Pelargonium-PreviousAssembly-busco/run_eudicots_odb10/hmmer_output/initial_run_results/22547at71240.out --cpu 1 /scratch/srb67793/Pelargonium/busco_downloads/lineages/eudicots_odb10/hmms/22547at71240.hmm /scratch/srb67793/Pelargonium/Pelargonium-PreviousAssembly-busco/run_eudicots_odb10/metaeuk_output/initial_results/Pcitr_Genome-final.fasta.modified.fas 
# Current dir:     /scratch/srb67793/Pelargonium
# Date:            Tue Jul  9 10:56:42 2024
# [ok]
