#                                                                                     --- full sequence --- -------------- this domain -------------   hmm coord   ali coord   env coord
# target name                 accession   tlen query name           accession   qlen   E-value  score  bias   #  of  c-Evalue  i-Evalue  score  bias  from    to  from    to  from    to  acc description of target
#         ------------------- ---------- ----- -------------------- ---------- ----- --------- ------ ----- --- --- --------- --------- ------ ----- ----- ----- ----- ----- ----- ----- ---- ---------------------
Pcitr_chr9:30119-53318        -            670 23089at71240         -            563         0 1030.3  19.5   1   4  6.3e-215    5e-213  707.8  12.3     2   359     5   362     4   373 0.97 -
Pcitr_chr9:30119-53318        -            670 23089at71240         -            563         0 1030.3  19.5   2   4   4.1e-31   3.2e-29  101.0   0.1   338   413   371   447   355   457 0.85 -
Pcitr_chr9:30119-53318        -            670 23089at71240         -            563         0 1030.3  19.5   3   4   2.8e-15   2.2e-13   48.7   0.0   410   455   469   512   460   518 0.85 -
Pcitr_chr9:30119-53318        -            670 23089at71240         -            563         0 1030.3  19.5   4   4     1e-53   8.1e-52  175.6   0.0   448   560   537   657   524   660 0.90 -
Pcitr_chr5:6392703-6394997    -            306 23089at71240         -            563   6.2e-40  136.4   0.0   1   2     4e-08   3.2e-06   25.1   0.0   205   326    23   146    11   147 0.82 -
Pcitr_chr5:6392703-6394997    -            306 23089at71240         -            563   6.2e-40  136.4   0.0   2   2   2.7e-34   2.1e-32  111.5   0.0   377   550   145   304   143   306 0.88 -
Pcitr_chr5:23716728-23714915  -            576 23089at71240         -            563   2.1e-22   78.5   0.0   1   1   4.2e-24   3.3e-22   77.8   0.0   337   547   329   539   302   552 0.83 -
Pcitr_chr7:34106227-34113163  -            982 23089at71240         -            563   3.5e-22   77.7   0.1   1   2   3.6e-07   2.8e-05   21.9   0.1   354   526   394   548   377   559 0.78 -
Pcitr_chr7:34106227-34113163  -            982 23089at71240         -            563   3.5e-22   77.7   0.1   2   2   3.9e-16   3.1e-14   51.5   0.0   352   546   757   947   746   964 0.84 -
Pcitr_chr10:22021262-22022617 -            452 23089at71240         -            563   5.6e-22   77.1   0.1   1   2       3.7   2.9e+02   -1.2   0.0   306   330    74    98    37   125 0.79 -
Pcitr_chr10:22021262-22022617 -            452 23089at71240         -            563   5.6e-22   77.1   0.1   2   2   2.5e-23   1.9e-21   75.3   0.0   318   547   184   414   175   428 0.81 -
Pcitr_chr2:21361102-21362391  -            430 23089at71240         -            563   6.4e-22   76.9   0.0   1   1   1.1e-23   8.9e-22   76.4   0.0   315   551   160   396   156   406 0.79 -
Pcitr_chr10:22106842-22108089 -            416 23089at71240         -            563   1.5e-21   75.7   0.0   1   1   2.6e-23   2.1e-21   75.2   0.0   308   545   137   375   127   391 0.77 -
Pcitr_chr10:22078736-22080040 -            435 23089at71240         -            563   5.1e-21   73.9   0.1   1   2       5.8   4.6e+02   -1.9   0.0   307   325    62    79    52   111 0.75 -
Pcitr_chr10:22078736-22080040 -            435 23089at71240         -            563   5.1e-21   73.9   0.1   2   2   1.7e-22   1.4e-20   72.5   0.0   317   546   170   400   159   414 0.78 -
Pcitr_chr11:1095188-1095934   -            249 23089at71240         -            563   8.9e-21   73.1   0.0   1   1   1.3e-22     1e-20   72.9   0.0   345   547     3   211     1   225 0.80 -
Pcitr_chr10:22067872-22069176 -            435 23089at71240         -            563   1.2e-20   72.7   0.0   1   2       4.9   3.8e+02   -1.6   0.0   307   329    62    84    49    95 0.76 -
Pcitr_chr10:22067872-22069176 -            435 23089at71240         -            563   1.2e-20   72.7   0.0   2   2   4.6e-22   3.6e-20   71.1   0.0   345   546   198   400   164   414 0.77 -
Pcitr_chr1:18821547-18822299  -            251 23089at71240         -            563   1.3e-20   72.6   0.0   1   1   1.9e-22   1.5e-20   72.4   0.0   344   531     2   187     1   225 0.82 -
Pcitr_chr3:11840431-11854100  -           1412 23089at71240         -            563   2.6e-20   71.6   0.0   1   2   0.00052     0.041   11.5   0.0   359   521   576   720   543   757 0.75 -
Pcitr_chr3:11840431-11854100  -           1412 23089at71240         -            563   2.6e-20   71.6   0.0   2   2   9.8e-18   7.7e-16   56.8   0.0   341   544  1171  1371  1146  1383 0.86 -
Pcitr_chr5:13621312-13619741  -            494 23089at71240         -            563   5.5e-20   70.5   0.0   1   1   1.3e-21     1e-19   69.6   0.0   313   550   224   460   214   471 0.83 -
Pcitr_chr10:22033336-22036023 -            387 23089at71240         -            563   6.2e-20   70.3   0.0   1   1   1.4e-21   1.1e-19   69.6   0.0   342   545   157   358   124   372 0.76 -
Pcitr_chr7:7901723-7902529    -            242 23089at71240         -            563   1.9e-19   68.7   0.0   1   1   3.3e-21   2.6e-19   68.3   0.0   346   553     4   210     2   219 0.80 -
Pcitr_chr2:21342931-21344094  -            388 23089at71240         -            563   2.4e-19   68.4   0.0   1   1   3.7e-21   2.9e-19   68.1   0.0   313   547   115   350    74   363 0.81 -
Pcitr_chr10:22001584-22002531 -            316 23089at71240         -            563   3.8e-19   67.7   0.0   1   1     6e-21   4.7e-19   67.4   0.0   339   547    73   282    45   295 0.80 -
Pcitr_chr3:4840172-4839054    -            373 23089at71240         -            563   7.1e-19   66.8   0.0   1   2       8.7   6.8e+02   -2.4   0.1    81   115    43    75    37    83 0.78 -
Pcitr_chr3:4840172-4839054    -            373 23089at71240         -            563   7.1e-19   66.8   0.0   2   2     2e-20   1.6e-18   65.7   0.0   349   548   142   341   112   354 0.82 -
Pcitr_chr7:11820458-11819340  -            373 23089at71240         -            563   7.1e-19   66.8   0.0   1   2       8.7   6.8e+02   -2.4   0.1    81   115    43    75    37    83 0.78 -
Pcitr_chr7:11820458-11819340  -            373 23089at71240         -            563   7.1e-19   66.8   0.0   2   2     2e-20   1.6e-18   65.7   0.0   349   548   142   341   112   354 0.82 -
Pcitr_chr5:23731161-23728350  -            242 23089at71240         -            563   1.9e-18   65.4   0.0   1   1     3e-20   2.4e-18   65.1   0.0   354   547    12   205     2   219 0.83 -
Pcitr_chr1:15553830-15549423  -            881 23089at71240         -            563   2.2e-18   65.2   0.6   1   3   8.4e-07   6.6e-05   20.7   0.1   356   524   397   544   343   558 0.80 -
Pcitr_chr1:15553830-15549423  -            881 23089at71240         -            563   2.2e-18   65.2   0.6   2   3   3.9e-05    0.0031   15.2   0.0   347   439   692   785   646   800 0.79 -
Pcitr_chr1:15553830-15549423  -            881 23089at71240         -            563   2.2e-18   65.2   0.6   3   3     3e-07   2.3e-05   22.2   0.0   481   545   803   869   795   880 0.84 -
Pcitr_chr7:7899632-7900464    -            249 23089at71240         -            563   2.9e-18   64.8   0.0   1   1   4.4e-20   3.4e-18   64.6   0.0   347   552     5   210     2   220 0.83 -
Pcitr_chr4:43605131-43577288  -            922 23089at71240         -            563     3e-18   64.8   0.5   1   2   1.2e-06   9.5e-05   20.2   0.0   330   533   286   467   264   477 0.76 -
Pcitr_chr4:43605131-43577288  -            922 23089at71240         -            563     3e-18   64.8   0.5   2   2   4.7e-10   3.7e-08   31.5   0.1   341   543   720   906   657   920 0.80 -
Pcitr_chr5:13634030-13631000  -            288 23089at71240         -            563   6.9e-18   63.6   0.0   1   1   1.1e-19   8.8e-18   63.2   0.0   320   552    25   256     2   266 0.77 -
Pcitr_chr1:52722433-52726573  -           1001 23089at71240         -            563   7.2e-18   63.5   0.2   1   2   3.9e-08   3.1e-06   25.1   0.0   320   519   292   483   281   506 0.72 -
Pcitr_chr1:52722433-52726573  -           1001 23089at71240         -            563   7.2e-18   63.5   0.2   2   2   3.7e-11   2.9e-09   35.1   0.0   345   544   791   983   787   999 0.77 -
Pcitr_chr4:38461092-38461820  -            243 23089at71240         -            563   8.8e-18   63.2   0.0   1   1   1.4e-19   1.1e-17   62.9   0.0   355   548    13   206     2   219 0.79 -
Pcitr_chr10:22066393-22067160 -            256 23089at71240         -            563   1.2e-17   62.7   0.0   1   1   1.9e-19   1.5e-17   62.5   0.0   346   550    24   228    11   240 0.82 -
Pcitr_chr11:1090310-1095064   -            917 23089at71240         -            563   3.7e-17   61.2   0.0   1   1   7.7e-19   6.1e-17   60.5   0.0   341   550   357   566   330   578 0.83 -
Pcitr_chr2:41872136-41871837  -            100 23089at71240         -            563   3.8e-17   61.1   0.0   1   1   5.3e-19   4.2e-17   61.0   0.0   463   550    10    98     2   100 0.91 -
Pcitr_chr5:40352878-40359050  -           1148 23089at71240         -            563   4.4e-17   60.9   6.4   1   3   4.4e-06   0.00035   18.4   3.1   178   527   235   584   205   598 0.61 -
Pcitr_chr5:40352878-40359050  -           1148 23089at71240         -            563   4.4e-17   60.9   6.4   2   3   6.9e-06   0.00055   17.7   0.0   345   438   956  1050   948  1061 0.85 -
Pcitr_chr5:40352878-40359050  -           1148 23089at71240         -            563   4.4e-17   60.9   6.4   3   3   4.8e-07   3.8e-05   21.5   0.0   486   543  1072  1131  1057  1146 0.83 -
Pcitr_chr11:13066638-13065614 -            313 23089at71240         -            563   5.1e-17   60.7   0.1   1   1   8.3e-19   6.5e-17   60.4   0.1   318   547    58   285    40   299 0.73 -
Pcitr_chr5:15359032-15366358  -            652 23089at71240         -            563   5.3e-17   60.7   0.0   1   1   1.1e-18   8.5e-17   60.0   0.0   346   547   409   612   393   625 0.84 -
Pcitr_chr1:24873102-24886320  -           1084 23089at71240         -            563   5.7e-17   60.6   6.9   1   3   5.9e-05    0.0047   14.6   1.6   337   529   400   576   199   588 0.57 -
Pcitr_chr1:24873102-24886320  -           1084 23089at71240         -            563   5.7e-17   60.6   6.9   2   3   4.8e-05    0.0037   14.9   0.0   355   438   907   990   893  1007 0.85 -
Pcitr_chr1:24873102-24886320  -           1084 23089at71240         -            563   5.7e-17   60.6   6.9   3   3   7.5e-08   5.9e-06   24.2   0.1   486   542  1011  1069  1002  1081 0.88 -
Pcitr_chr1:43961798-43960925  -            238 23089at71240         -            563   6.6e-17   60.3   0.1   1   1     1e-18   7.9e-17   60.1   0.1   347   546     5   204     2   219 0.79 -
Pcitr_chr4:40512153-40509644  -            573 23089at71240         -            563   8.3e-17   60.0   0.0   1   1   1.8e-18   1.4e-16   59.3   0.0   342   549   332   541   319   553 0.78 -
Pcitr_chr10:21999672-22019396 -            243 23089at71240         -            563   8.8e-17   59.9   0.0   1   1   1.3e-18     1e-16   59.7   0.0   351   550    10   209     2   221 0.81 -
Pcitr_chr1:35885535-35888315  -            488 23089at71240         -            563   1.1e-16   59.6   0.0   1   1   2.1e-18   1.7e-16   59.0   0.0   345   543   280   474   263   485 0.84 -
Pcitr_chr2:21359005-21360024  -            340 23089at71240         -            563   1.2e-16   59.5   0.1   1   1   2.5e-17     2e-15   55.5   0.1   276   550     2   312     1   324 0.70 -
Pcitr_chr5:30552993-30554772  -            479 23089at71240         -            563   1.2e-16   59.5   0.0   1   1   2.3e-18   1.8e-16   58.9   0.0   347   543   273   465   263   477 0.83 -
Pcitr_chr8:30572003-30570926  -            246 23089at71240         -            563   2.2e-16   58.6   0.0   1   1   3.4e-18   2.7e-16   58.3   0.0   346   545    12   211     3   226 0.77 -
Pcitr_chr10:26332220-26330502 -            573 23089at71240         -            563   2.5e-16   58.4   0.5   1   3   1.2e-09   9.3e-08   30.1   0.3   329   554     7   248     2   256 0.65 -
Pcitr_chr10:26332220-26330502 -            573 23089at71240         -            563   2.5e-16   58.4   0.5   2   3    0.0075      0.59    7.7   0.0   345   402   355   413   348   441 0.82 -
Pcitr_chr10:26332220-26330502 -            573 23089at71240         -            563   2.5e-16   58.4   0.5   3   3   0.00016     0.012   13.2   0.0   485   547   478   540   459   555 0.81 -
Pcitr_chr11:15046725-15045598 -            376 23089at71240         -            563     3e-16   58.2   0.1   1   1   4.7e-18   3.7e-16   57.9   0.1   344   546   136   338    79   352 0.82 -
Pcitr_chr11:13068880-13068067 -            244 23089at71240         -            563   3.4e-16   58.0   0.1   1   1   5.3e-18   4.1e-16   57.7   0.1   353   548    11   206     2   219 0.78 -
Pcitr_chr3:4842915-4841352    -            248 23089at71240         -            563   4.4e-16   57.6   0.0   1   1   6.6e-18   5.2e-16   57.4   0.0   344   549     3   208     1   220 0.84 -
Pcitr_chr7:11828510-11821648  -            248 23089at71240         -            563   4.4e-16   57.6   0.0   1   1   6.6e-18   5.2e-16   57.4   0.0   344   549     3   208     1   220 0.84 -
Pcitr_chr5:3278223-3277279    -            248 23089at71240         -            563   7.1e-16   56.9   0.0   1   1   1.1e-17   8.9e-16   56.6   0.0   357   545    25   210     5   225 0.80 -
Pcitr_chr1:26219027-26219783  -            221 23089at71240         -            563   8.4e-16   56.7   0.0   1   1   1.3e-17     1e-15   56.4   0.0   358   548    18   206     3   219 0.78 -
Pcitr_chr7:13948935-13944175  -           1187 23089at71240         -            563   1.1e-15   56.3   0.0   1   2   8.8e-07   6.9e-05   20.7   0.0   361   522   551   694   534   726 0.80 -
Pcitr_chr7:13948935-13944175  -           1187 23089at71240         -            563   1.1e-15   56.3   0.0   2   2   1.7e-10   1.3e-08   32.9   0.0   348   544   987  1174   977  1186 0.77 -
Pcitr_chr3:856764-858741      -            505 23089at71240         -            563   1.8e-15   55.6   0.0   1   1   3.2e-17   2.5e-15   55.1   0.0   350   550   274   474   244   485 0.77 -
Pcitr_chr5:24154923-24159182  -           1010 23089at71240         -            563   2.5e-15   55.1   1.5   1   3     2e-05    0.0016   16.2   0.1   341   518   305   467   265   481 0.75 -
Pcitr_chr5:24154923-24159182  -           1010 23089at71240         -            563   2.5e-15   55.1   1.5   2   3   9.1e-05    0.0071   14.0   0.0   345   439   811   906   801   921 0.82 -
Pcitr_chr5:24154923-24159182  -           1010 23089at71240         -            563   2.5e-15   55.1   1.5   3   3   6.5e-07   5.1e-05   21.1   0.0   485   544   927   988   915  1005 0.82 -
Pcitr_chr10:22076849-22077889 -            290 23089at71240         -            563   2.6e-15   55.1   0.0   1   1   4.2e-17   3.3e-15   54.7   0.0   348   552    58   263    36   271 0.80 -
Pcitr_chr4:43570624-43599776  -           1200 23089at71240         -            563     3e-15   54.9   0.5   1   3   0.00097     0.076   10.6   0.0   356   441   581   648   528   748 0.59 -
Pcitr_chr4:43570624-43599776  -           1200 23089at71240         -            563     3e-15   54.9   0.5   2   3   1.6e-05    0.0013   16.5   0.0   344   439  1006  1101   995  1111 0.88 -
Pcitr_chr4:43570624-43599776  -           1200 23089at71240         -            563     3e-15   54.9   0.5   3   3   9.7e-06   0.00076   17.2   0.0   486   543  1125  1184  1105  1199 0.82 -
Pcitr_chr4:1660393-1664347    -            746 23089at71240         -            563   4.1e-15   54.4   0.0   1   1   8.4e-17   6.6e-15   53.7   0.0   345   546   256   457   235   471 0.80 -
Pcitr_chr1:18817469-18821420  -            924 23089at71240         -            563   8.6e-15   53.4   0.0   1   1   1.8e-16   1.4e-14   52.6   0.0   347   550   371   575   360   586 0.84 -
Pcitr_chr2:39739420-39739938  -            173 23089at71240         -            563   1.1e-14   53.0   0.1   1   1   1.6e-16   1.2e-14   52.8   0.1   377   544     2   168     1   172 0.82 -
Pcitr_chr1:38104039-38101891  -            232 23089at71240         -            563   1.4e-14   52.6   0.2   1   1   3.9e-15   3.1e-13   48.2   0.2   350   548    10   198     3   212 0.78 -
Pcitr_chr4:8231913-8236519    -            805 23089at71240         -            563   2.2e-14   52.0   1.4   1   3   1.2e-05   0.00097   16.9   0.0   361   530   341   492   318   502 0.83 -
Pcitr_chr4:8231913-8236519    -            805 23089at71240         -            563   2.2e-14   52.0   1.4   2   3    0.0098      0.77    7.3   0.0   374   439   645   710   621   721 0.79 -
Pcitr_chr4:8231913-8236519    -            805 23089at71240         -            563   2.2e-14   52.0   1.4   3   3   1.1e-07   8.5e-06   23.7   0.1   481   545   727   793   718   804 0.84 -
Pcitr_chr8:31470150-31474005  -            359 23089at71240         -            563   4.5e-14   51.0   1.0   1   4   2.2e-05    0.0017   16.1   0.0   352   403     7    58     1    95 0.87 -
Pcitr_chr8:31470150-31474005  -            359 23089at71240         -            563   4.5e-14   51.0   1.0   2   4   0.00075     0.059   11.0   0.0   485   555   162   230   123   235 0.85 -
Pcitr_chr8:31470150-31474005  -            359 23089at71240         -            563   4.5e-14   51.0   1.0   3   4   1.7e-05    0.0014   16.4   0.1   347   402   270   325   255   329 0.85 -
Pcitr_chr8:31470150-31474005  -            359 23089at71240         -            563   4.5e-14   51.0   1.0   4   4     0.051         4    4.9   0.0   491   518   326   353   321   359 0.86 -
Pcitr_chr2:12650499-12648844  -            552 23089at71240         -            563   8.3e-14   50.1   0.4   1   4    0.0017      0.14    9.8   0.0   343   392     2    50     1    94 0.86 -
Pcitr_chr2:12650499-12648844  -            552 23089at71240         -            563   8.3e-14   50.1   0.4   2   4   5.3e-05    0.0042   14.8   0.0   486   552   159   225   120   235 0.84 -
Pcitr_chr2:12650499-12648844  -            552 23089at71240         -            563   8.3e-14   50.1   0.4   3   4     0.008      0.63    7.6   0.0   360   403   350   393   329   422 0.80 -
Pcitr_chr2:12650499-12648844  -            552 23089at71240         -            563   8.3e-14   50.1   0.4   4   4   0.00016     0.012   13.2   0.0   485   546   457   518   438   534 0.81 -
Pcitr_chr4:8214745-8236519    -           1016 23089at71240         -            563   8.6e-14   50.1   1.0   1   3   1.2e-05   0.00094   16.9   0.0   362   531   449   600   439   606 0.81 -
Pcitr_chr4:8214745-8236519    -           1016 23089at71240         -            563   8.6e-14   50.1   1.0   2   3     0.033       2.6    5.6   0.0   374   439   855   920   825   930 0.81 -
Pcitr_chr4:8214745-8236519    -           1016 23089at71240         -            563   8.6e-14   50.1   1.0   3   3   1.6e-07   1.3e-05   23.1   0.1   484   545   941  1004   928  1015 0.85 -
Pcitr_chr4:36751973-36786113  -            579 23089at71240         -            563   1.2e-13   49.6   0.1   1   1   2.4e-15   1.9e-13   48.9   0.1   359   542   358   538   339   559 0.77 -
Pcitr_chr4:1665495-1666649    -            385 23089at71240         -            563   1.4e-13   49.4   0.0   1   1   2.4e-15   1.9e-13   48.9   0.0   315   543   117   345    77   361 0.79 -
Pcitr_chr3:21722584-21721646  -            313 23089at71240         -            563     2e-13   48.9   0.0   1   1   3.1e-15   2.5e-13   48.6   0.0   311   546    47   283    23   295 0.78 -
Pcitr_chr4:38457861-38459557  -            269 23089at71240         -            563   5.3e-13   47.5   0.0   1   1   2.8e-14   2.2e-12   45.4   0.0   344   549     3   229     1   241 0.72 -
Pcitr_chr6:13878829-13879542  -            238 23089at71240         -            563     6e-13   47.3   0.0   1   1   8.7e-15   6.9e-13   47.1   0.0   353   546    13   205     1   218 0.79 -
Pcitr_chr7:33141687-33135147  -            739 23089at71240         -            563   8.2e-13   46.8   0.0   1   3   0.00028     0.022   12.4   0.0   340   514   167   366   155   379 0.61 -
Pcitr_chr7:33141687-33135147  -            739 23089at71240         -            563   8.2e-13   46.8   0.0   2   3   0.00024     0.019   12.6   0.0   355   405   539   589   489   617 0.76 -
Pcitr_chr7:33141687-33135147  -            739 23089at71240         -            563   8.2e-13   46.8   0.0   3   3   7.1e-05    0.0056   14.4   0.0   485   528   647   690   627   721 0.77 -
Pcitr_chr6:2269627-2267288    -            364 23089at71240         -            563   9.9e-13   46.6   0.7   1   3   0.00011    0.0088   13.7   0.0   346   403    36    92    22   124 0.81 -
Pcitr_chr6:2269627-2267288    -            364 23089at71240         -            563   9.9e-13   46.6   0.7   2   3   1.5e-06   0.00012   19.9   0.0   485   555   196   266   165   272 0.88 -
Pcitr_chr6:2269627-2267288    -            364 23089at71240         -            563   9.9e-13   46.6   0.7   3   3    0.0014      0.11   10.1   0.1   367   402   327   362   322   364 0.87 -
Pcitr_chr5:23730673-23730398  -             92 23089at71240         -            563   1.1e-11   43.1   0.1   1   1   1.5e-13   1.2e-11   43.0   0.1   485   547     5    69     1    82 0.85 -
Pcitr_chr3:859509-886278      -            382 23089at71240         -            563   2.5e-11   41.9   0.0   1   1   4.5e-13   3.5e-11   41.4   0.0   359   548   165   350   117   363 0.76 -
Pcitr_chr2:21341137-21341391  -             85 23089at71240         -            563   3.6e-11   41.4   0.1   1   1   4.6e-13   3.6e-11   41.4   0.1   486   550     6    72     1    84 0.82 -
Pcitr_chr1:43963671-43963396  -             92 23089at71240         -            563   4.6e-11   41.1   0.0   1   1   6.2e-13   4.9e-11   41.0   0.0   476   548     2    77     1    90 0.82 -
Pcitr_chr5:23717358-23717068  -             97 23089at71240         -            563   5.7e-11   40.7   0.1   1   1   7.5e-13   5.9e-11   40.7   0.1   485   552    16    85     2    95 0.85 -
Pcitr_chr1:20931436-20903829  -            979 23089at71240         -            563   7.1e-11   40.4   0.9   1   4      0.12       9.8    3.7   0.0   362   423   434   496   409   509 0.82 -
Pcitr_chr1:20931436-20903829  -            979 23089at71240         -            563   7.1e-11   40.4   0.9   2   4    0.0085      0.66    7.5   0.0   483   525   533   575   502   598 0.78 -
Pcitr_chr1:20931436-20903829  -            979 23089at71240         -            563   7.1e-11   40.4   0.9   3   4    0.0023      0.18    9.4   0.0   372   439   819   886   804   896 0.82 -
Pcitr_chr1:20931436-20903829  -            979 23089at71240         -            563   7.1e-11   40.4   0.9   4   4   4.2e-05    0.0033   15.1   0.1   486   543   906   965   892   978 0.81 -
Pcitr_chr9:29925030-29925773  -            248 23089at71240         -            563   1.4e-10   39.5   0.0   1   1   2.6e-12     2e-10   38.9   0.0   356   528     8   179     3   213 0.75 -
Pcitr_chr10:6447425-6445500   -            642 23089at71240         -            563   1.8e-10   39.1   0.0   1   1   3.5e-12   2.8e-10   38.5   0.0   352   527    76   251    71   276 0.79 -
Pcitr_chr4:40512630-40512370  -             87 23089at71240         -            563   2.5e-10   38.6   0.1   1   1   3.3e-12   2.6e-10   38.6   0.1   486   548     1    65     1    79 0.84 -
Pcitr_chr1:39520168-39519533  -            212 23089at71240         -            563   3.6e-10   38.1   0.0   1   1   5.2e-12   4.1e-10   37.9   0.0   367   529    10   169     1   200 0.71 -
Pcitr_chr8:30573801-30573556  -             82 23089at71240         -            563   4.6e-10   37.7   0.1   1   1     6e-12   4.7e-10   37.7   0.1   486   548     1    65     1    79 0.83 -
Pcitr_chr3:9584581-9606876    -           1849 23089at71240         -            563   6.3e-10   37.3   0.2   1   3         1        81    0.6   0.2    39   103   382   448   372   461 0.86 -
Pcitr_chr3:9584581-9606876    -           1849 23089at71240         -            563   6.3e-10   37.3   0.2   2   3   7.4e-06   0.00058   17.6   0.0   348   532   556   731   537   759 0.74 -
Pcitr_chr3:9584581-9606876    -           1849 23089at71240         -            563   6.3e-10   37.3   0.2   3   3   7.6e-05     0.006   14.3   0.0   358   529  1464  1626  1422  1646 0.81 -
Pcitr_chr3:10712716-10713174  -            153 23089at71240         -            563   6.3e-10   37.3   0.2   1   2     1e-07   8.2e-06   23.7   0.0   356   411     3    57     1    69 0.86 -
Pcitr_chr3:10712716-10713174  -            153 23089at71240         -            563   6.3e-10   37.3   0.2   2   2   0.00029     0.023   12.3   0.0   474   518   108   153    60   153 0.87 -
Pcitr_chr9:25924984-25925664  -            227 23089at71240         -            563   6.3e-10   37.3   0.0   1   1     1e-11   8.2e-10   36.9   0.0   372   541    40   209    16   225 0.66 -
Pcitr_chr1:26221996-26222250  -             85 23089at71240         -            563   6.4e-10   37.3   0.1   1   1   8.1e-12   6.4e-10   37.3   0.1   486   550     6    72     1    84 0.82 -
Pcitr_chr8:29787197-29789467  -            270 23089at71240         -            563   6.4e-10   37.3   0.0   1   1   2.5e-11     2e-09   35.7   0.0   353   531    21   211     5   234 0.71 -
Pcitr_chr3:855550-855810      -             87 23089at71240         -            563     7e-10   37.2   0.1   1   1   9.2e-12   7.3e-10   37.1   0.1   486   548     1    65     1    79 0.84 -
Pcitr_chr2:11261980-11262711  -            244 23089at71240         -            563   7.6e-10   37.0   0.0   1   1   1.5e-11   1.2e-09   36.4   0.0   372   541    13   183     2   200 0.70 -
Pcitr_chr3:20297685-20296506  -            171 23089at71240         -            563   9.8e-10   36.7   0.0   1   1   1.3e-11     1e-09   36.6   0.0   367   529    10   165     1   170 0.74 -
Pcitr_chr3:16022998-16022690  -            103 23089at71240         -            563   1.3e-09   36.2   0.1   1   1   1.8e-11   1.4e-09   36.2   0.1   486   548     6    70     1    84 0.82 -
Pcitr_chr11:7845199-7846998   -            600 23089at71240         -            563   2.4e-09   35.4   0.0   1   1     6e-11   4.7e-09   34.4   0.0   346   528    26   205    16   225 0.79 -
Pcitr_chr11:13068375-13068085 -             97 23089at71240         -            563   2.7e-09   35.2   0.1   1   1   3.9e-11   3.1e-09   35.0   0.1   486   548     1    65     1    78 0.83 -
Pcitr_chr11:4407362-4406371   -            228 23089at71240         -            563   4.5e-09   34.5   0.0   1   2   3.2e-05    0.0025   15.5   0.1   357   398    41    82    12   104 0.76 -
Pcitr_chr11:4407362-4406371   -            228 23089at71240         -            563   4.5e-09   34.5   0.0   2   2   9.6e-06   0.00076   17.2   0.0   485   529   139   183   103   200 0.88 -
Pcitr_chr8:21085243-21081766  -            204 23089at71240         -            563   4.9e-09   34.3   0.0   1   2   4.1e-05    0.0032   15.2   0.0   372   401    20    49     6    68 0.81 -
Pcitr_chr8:21085243-21081766  -            204 23089at71240         -            563   4.9e-09   34.3   0.0   2   2   9.9e-06   0.00078   17.2   0.0   482   529   102   150    87   181 0.82 -
Pcitr_chr11:21817562-21824205 -            465 23089at71240         -            563   1.3e-08   32.9   0.0   1   1   3.1e-10   2.5e-08   32.1   0.0   372   527    15   169     2   199 0.76 -
Pcitr_chr10:10505294-10507618 -            257 23089at71240         -            563   2.1e-08   32.2   0.1   1   2   0.00092     0.072   10.7   0.1   373   398    45    70    16    88 0.79 -
Pcitr_chr10:10505294-10507618 -            257 23089at71240         -            563   2.1e-08   32.2   0.1   2   2   1.4e-06   0.00011   19.9   0.0   484   531   128   175    72   195 0.72 -
Pcitr_chr5:23716728-23715352  -            459 23089at71240         -            563   2.5e-08   32.0   0.0   1   1   5.3e-10   4.2e-08   31.3   0.0   336   445   328   440   302   452 0.81 -
Pcitr_chr11:10279896-10278157 -            580 23089at71240         -            563   4.5e-08   31.2   0.1   1   1   2.1e-09   1.6e-07   29.3   0.1   353   530    36   203    20   228 0.71 -
Pcitr_chr8:29884377-29882632  -            582 23089at71240         -            563   9.5e-08   30.1   1.2   1   2   2.7e-09   2.1e-07   29.0   0.0   359   529     5   170     1   199 0.79 -
Pcitr_chr8:29884377-29882632  -            582 23089at71240         -            563   9.5e-08   30.1   1.2   2   2       5.4   4.3e+02   -1.8   1.4   274   322   414   464   401   472 0.74 -
Pcitr_chr10:29595265-29593651 -            339 23089at71240         -            563     1e-07   30.0   0.0   1   3     0.024       1.9    6.0   0.0   487   515    42    70    28    95 0.85 -
Pcitr_chr10:29595265-29593651 -            339 23089at71240         -            563     1e-07   30.0   0.0   2   3     0.023       1.8    6.1   0.0   360   397   145   182   129   206 0.79 -
Pcitr_chr10:29595265-29593651 -            339 23089at71240         -            563     1e-07   30.0   0.0   3   3   6.7e-05    0.0053   14.4   0.0   486   557   249   320   225   325 0.86 -
Pcitr_chr2:46608225-46611842  -            515 23089at71240         -            563   2.2e-07   28.9   0.0   1   1     1e-08   8.1e-07   27.0   0.0   357   530     2   169     1   193 0.72 -
Pcitr_chr10:14742432-14739637 -            336 23089at71240         -            563   2.6e-07   28.6   0.0   1   1   1.3e-08     1e-06   26.7   0.0   357   528    96   268    69   275 0.66 -
Pcitr_chr6:13875005-13875970  -            242 23089at71240         -            563   4.2e-07   28.0   0.0   1   1   7.5e-09   5.9e-07   27.5   0.0   361   547    21   204    10   217 0.76 -
Pcitr_chr7:34115401-34117322  -            584 23089at71240         -            563   5.8e-07   27.5   0.3   1   2       5.2   4.1e+02   -1.7   0.0   174   199   231   256   218   291 0.73 -
Pcitr_chr7:34115401-34117322  -            584 23089at71240         -            563   5.8e-07   27.5   0.3   2   2   1.9e-07   1.5e-05   22.9   0.1   345   526   421   582   406   584 0.80 -
Pcitr_chr1:41427463-41422704  -            628 23089at71240         -            563   6.9e-07   27.3   0.1   1   1   2.6e-08   2.1e-06   25.7   0.1   360   536    93   272    73   286 0.62 -
Pcitr_chr7:3599483-3597705    -            593 23089at71240         -            563   8.9e-07   26.9   0.0   1   1     2e-08   1.6e-06   26.1   0.0   372   534    58   217    35   231 0.74 -
Pcitr_chr6:4269935-4272944    -            337 23089at71240         -            563   1.4e-06   26.3   0.0   1   1   6.9e-08   5.4e-06   24.3   0.0   357   528    96   268    69   275 0.66 -
Pcitr_chr3:21061298-21059268  -            677 23089at71240         -            563   2.1e-06   25.7   0.1   1   1   4.5e-08   3.5e-06   24.9   0.1   357   536    62   243    22   254 0.73 -
Pcitr_chr1:41481770-41474774  -            787 23089at71240         -            563   2.5e-06   25.4   0.1   1   1   7.8e-08   6.1e-06   24.1   0.1   373   537    17   184     3   202 0.62 -
Pcitr_chr9:19829777-19825436  -            343 23089at71240         -            563   3.2e-06   25.1   0.0   1   2   2.8e-07   2.2e-05   22.3   0.0   357   404    96   143    69   169 0.85 -
Pcitr_chr9:19829777-19825436  -            343 23089at71240         -            563   3.2e-06   25.1   0.0   2   2       1.1        85    0.6   0.0   484   529   216   268   194   274 0.79 -
Pcitr_chr10:29598847-29598041 -            269 23089at71240         -            563   3.3e-06   25.0   0.0   1   2    0.0065      0.51    7.9   0.0   358   400    72   114    58   136 0.80 -
Pcitr_chr10:29598847-29598041 -            269 23089at71240         -            563   3.3e-06   25.0   0.0   2   2   3.6e-05    0.0029   15.3   0.0   486   558   178   250   154   255 0.86 -
Pcitr_chr3:3813791-3815989    -            678 23089at71240         -            563     9e-06   23.6   0.1   1   1   2.2e-07   1.7e-05   22.7   0.1   351   536    62   250    51   264 0.69 -
Pcitr_chr4:40512012-40510747  -            422 23089at71240         -            563   1.2e-05   23.2   0.0   1   1   2.7e-07   2.1e-05   22.4   0.0   342   445   285   392   272   408 0.82 -
Pcitr_chr4:43581757-43579035  -            786 23089at71240         -            563   1.2e-05   23.2   0.0   1   1     9e-07     7e-05   20.6   0.0   357   535   401   560   373   568 0.79 -
Pcitr_chr9:4594057-4591544    -            544 23089at71240         -            563   1.3e-05   23.0   0.0   1   1   2.7e-07   2.1e-05   22.3   0.0   376   530    18   166    12   192 0.72 -
Pcitr_chr11:10587454-10583769 -            758 23089at71240         -            563   1.4e-05   23.0   0.2   1   1   3.5e-06   0.00027   18.7   0.2   361   526   420   564   366   573 0.80 -
Pcitr_chr9:23637829-23649872  -            858 23089at71240         -            563   2.3e-05   22.2   0.0   1   1   7.6e-07   5.9e-05   20.9   0.0   359   537    89   270    54   286 0.66 -
Pcitr_chr8:31947189-31948772  -            528 23089at71240         -            563   2.9e-05   21.9   0.1   1   1   5.9e-07   4.6e-05   21.2   0.1   359   537     1   181     1   197 0.72 -
Pcitr_chr7:11539405-11537495  -            637 23089at71240         -            563   3.5e-05   21.6   0.1   1   1   1.7e-05    0.0014   16.4   0.1   357   527   484   636   464   637 0.80 -
Pcitr_chr6:13715173-13713269  -            635 23089at71240         -            563   8.3e-05   20.4   0.0   1   1     2e-06   0.00016   19.5   0.0   357   538    34   218    12   226 0.66 -
Pcitr_chr3:9639663-9639229    -            145 23089at71240         -            563   0.00014   19.7   0.0   1   1   1.8e-06   0.00014   19.7   0.0   479   530    55   107     3   128 0.67 -
Pcitr_chr10:10515576-10515899 -            108 23089at71240         -            563   0.00069   17.4   0.0   1   1   8.8e-06   0.00069   17.4   0.0   485   528    62   105     3   108 0.71 -
Pcitr_chr3:1812350-1775944    -           5009 23089at71240         -            563   0.00086   17.0   0.4   1   4       2.3   1.8e+02   -0.5   0.0   364   393   338   367   313   386 0.81 -
Pcitr_chr3:1812350-1775944    -           5009 23089at71240         -            563   0.00086   17.0   0.4   2   4      0.41        32    2.0   0.0   357   392   639   674   629   694 0.86 -
Pcitr_chr3:1812350-1775944    -           5009 23089at71240         -            563   0.00086   17.0   0.4   3   4      0.39        31    2.0   0.0   359   393  1039  1074  1023  1095 0.73 -
Pcitr_chr3:1812350-1775944    -           5009 23089at71240         -            563   0.00086   17.0   0.4   4   4      0.02       1.6    6.3   0.0   374   399  1971  1996  1955  2012 0.75 -
Pcitr_chr5:23717936-23717352  -            195 23089at71240         -            563    0.0031   15.2   0.0   1   1   4.6e-05    0.0036   15.0   0.0   321   447    11   139     3   165 0.79 -
Pcitr_chr7:11532379-11531075  -            435 23089at71240         -            563    0.0059   14.3   0.1   1   1     0.002      0.16    9.6   0.1   373   517   308   434   262   435 0.67 -
Pcitr_chr6:37126603-37151566  -            227 23089at71240         -            563     0.036   11.7   0.0   1   2    0.0011     0.085   10.5   0.0   376   408    17    51    12    86 0.80 -
Pcitr_chr6:37126603-37151566  -            227 23089at71240         -            563     0.036   11.7   0.0   2   2       6.3     5e+02   -2.0   0.0   487   531   114   158   107   167 0.81 -
Pcitr_chr8:22922150-22912815  -            333 23089at71240         -            563     0.045   11.4   0.0   1   2     0.073       5.7    4.4   0.0   374   397    10    33     4    66 0.86 -
Pcitr_chr8:22922150-22912815  -            333 23089at71240         -            563     0.045   11.4   0.0   2   2     0.052       4.1    4.9   0.0   373   396   280   303   244   322 0.87 -
#
# Program:         hmmsearch
# Version:         3.3.2 (Nov 2020)
# Pipeline mode:   SEARCH
# Query file:      /scratch/srb67793/Pelargonium/busco_downloads/lineages/eudicots_odb10/hmms/23089at71240.hmm
# Target file:     /scratch/srb67793/Pelargonium/Pelargonium-PreviousAssembly-busco/run_eudicots_odb10/metaeuk_output/initial_results/Pcitr_Genome-final.fasta.modified.fas
# Option settings: hmmsearch --domtblout /scratch/srb67793/Pelargonium/Pelargonium-PreviousAssembly-busco/run_eudicots_odb10/hmmer_output/initial_run_results/23089at71240.out --cpu 1 /scratch/srb67793/Pelargonium/busco_downloads/lineages/eudicots_odb10/hmms/23089at71240.hmm /scratch/srb67793/Pelargonium/Pelargonium-PreviousAssembly-busco/run_eudicots_odb10/metaeuk_output/initial_results/Pcitr_Genome-final.fasta.modified.fas 
# Current dir:     /scratch/srb67793/Pelargonium
# Date:            Tue Jul  9 10:56:58 2024
# [ok]
