#                                                                                    --- full sequence --- -------------- this domain -------------   hmm coord   ali coord   env coord
# target name                accession   tlen query name           accession   qlen   E-value  score  bias   #  of  c-Evalue  i-Evalue  score  bias  from    to  from    to  from    to  acc description of target
#        ------------------- ---------- ----- -------------------- ---------- ----- --------- ------ ----- --- --- --------- --------- ------ ----- ----- ----- ----- ----- ----- ----- ---- ---------------------
Pcitr_chr6:19912211-19915097 -            706 23397at71240         -            596    2e-286  950.4   9.1   1   1  1.8e-288  1.1e-285  947.9   9.1     1   596     1   706     1   706 0.91 -
Pcitr_chr7:22157145-22161536 -            704 23397at71240         -            596    8e-173  575.3  10.2   1   1  7.1e-175  4.6e-172  572.8  10.2     1   596     1   704     1   704 0.84 -
Pcitr_chr1:20420774-20452253 -            636 23397at71240         -            596  1.8e-148  494.9   6.3   1   1  2.1e-150  1.4e-147  492.0   6.3    58   593     1   636     1   636 0.85 -
Pcitr_chr6:4942229-4939099   -            655 23397at71240         -            596  1.3e-142  475.5   3.0   1   2   6.7e-19   4.3e-16   57.7   0.0    58   131     2    73     1    82 0.90 -
Pcitr_chr6:4942229-4939099   -            655 23397at71240         -            596  1.3e-142  475.5   3.0   2   2  8.4e-127  5.5e-124  414.0   1.4   128   596   115   655   106   655 0.88 -
Pcitr_chr11:9041805-9053517  -            622 23397at71240         -            596    5e-142  473.6   1.9   1   1    1e-143  6.7e-141  469.8   1.9    55   596     1   622     1   622 0.88 -
Pcitr_chr2:17159860-17134911 -           1094 23397at71240         -            596     8e-09   33.7   0.0   1   4   1.3e-05    0.0087   13.7   0.0   475   587    72   185    58   192 0.83 -
Pcitr_chr2:17159860-17134911 -           1094 23397at71240         -            596     8e-09   33.7   0.0   2   4      0.13        86    0.5   0.0   505   571   136   202   128   223 0.67 -
Pcitr_chr2:17159860-17134911 -           1094 23397at71240         -            596     8e-09   33.7   0.0   3   4    0.0011      0.68    7.5   0.0   507   568   318   378   305   398 0.85 -
Pcitr_chr2:17159860-17134911 -           1094 23397at71240         -            596     8e-09   33.7   0.0   4   4    0.0013      0.82    7.2   0.0   499   586   492   579   473   584 0.87 -
Pcitr_chr1:28982756-28989478 -            647 23397at71240         -            596   6.8e-07   27.3   3.3   1   4     0.024        16    3.0   0.0   545   589   129   173   120   180 0.86 -
Pcitr_chr1:28982756-28989478 -            647 23397at71240         -            596   6.8e-07   27.3   3.3   2   4       1.1   7.4e+02   -2.5   0.0   533   582   242   289   222   301 0.76 -
Pcitr_chr1:28982756-28989478 -            647 23397at71240         -            596   6.8e-07   27.3   3.3   3   4   1.1e-05    0.0073   14.0   0.1   536   588   332   384   298   390 0.92 -
Pcitr_chr1:28982756-28989478 -            647 23397at71240         -            596   6.8e-07   27.3   3.3   4   4   0.00045      0.29    8.7   0.2   482   585   508   614   442   624 0.76 -
Pcitr_chr1:8141232-8146444   -            645 23397at71240         -            596   2.2e-06   25.6   0.4   1   2    0.0011      0.69    7.5   0.1   461   583   254   381   230   392 0.77 -
Pcitr_chr1:8141232-8146444   -            645 23397at71240         -            596   2.2e-06   25.6   0.4   2   2   2.7e-06    0.0017   16.1   0.0   527   590   393   456   379   461 0.87 -
Pcitr_chr2:17138972-17143900 -            477 23397at71240         -            596    0.0006   17.6   0.0   1   2   7.5e-06    0.0048   14.6   0.0   475   582    64   172    38   177 0.78 -
Pcitr_chr2:17138972-17143900 -            477 23397at71240         -            596    0.0006   17.6   0.0   2   2      0.15        97    0.4   0.0   506   552   286   332   225   353 0.62 -
Pcitr_chr8:34795182-34794205 -            326 23397at71240         -            596    0.0011   16.8   0.1   1   3       1.2   7.8e+02   -2.6   0.0   538   563    60    85    54    94 0.87 -
Pcitr_chr8:34795182-34794205 -            326 23397at71240         -            596    0.0011   16.8   0.1   2   3    0.0008      0.52    7.9   0.0   535   583   124   172   115   176 0.88 -
Pcitr_chr8:34795182-34794205 -            326 23397at71240         -            596    0.0011   16.8   0.1   3   3    0.0019       1.2    6.6   0.0   520   574   177   231   169   247 0.83 -
Pcitr_Contig16:89238-75500   -           1084 23397at71240         -            596    0.0031   15.2   0.0   1   2      0.23   1.5e+02   -0.3   0.0   532   587   476   531   432   535 0.76 -
Pcitr_Contig16:89238-75500   -           1084 23397at71240         -            596    0.0031   15.2   0.0   2   2   2.2e-05     0.014   13.0   0.0   460   533   535   614   524   632 0.81 -
Pcitr_chr6:5962675-5961012   -            354 23397at71240         -            596    0.0095   13.6   0.0   1   1   1.9e-05     0.012   13.2   0.0   466   570   185   287   174   317 0.85 -
Pcitr_Contig27:92972-92409   -            188 23397at71240         -            596     0.025   12.2   0.1   1   2      0.25   1.6e+02   -0.4   0.0   161   186     9    34     7    53 0.85 -
Pcitr_Contig27:92972-92409   -            188 23397at71240         -            596     0.025   12.2   0.1   2   2   0.00015     0.099   10.2   0.0    40    82    99   142    70   149 0.83 -
Pcitr_Contig27:103564-102986 -            193 23397at71240         -            596     0.032   11.9   0.0   1   1   6.5e-05     0.042   11.5   0.0    57    84   110   137    81   162 0.89 -
Pcitr_Contig27:46975-47580   -            202 23397at71240         -            596     0.035   11.7   0.4   1   2      0.16     1e+02    0.3   0.0   161   186    23    48     7    70 0.83 -
Pcitr_Contig27:46975-47580   -            202 23397at71240         -            596     0.035   11.7   0.4   2   2   0.00022      0.14    9.7   0.1    40    82   113   156    74   163 0.83 -
#
# Program:         hmmsearch
# Version:         3.3.2 (Nov 2020)
# Pipeline mode:   SEARCH
# Query file:      /scratch/srb67793/Pelargonium/busco_downloads/lineages/eudicots_odb10/hmms/23397at71240.hmm
# Target file:     /scratch/srb67793/Pelargonium/Pelargonium-PreviousAssembly-busco/run_eudicots_odb10/metaeuk_output/initial_results/Pcitr_Genome-final.fasta.modified.fas
# Option settings: hmmsearch --domtblout /scratch/srb67793/Pelargonium/Pelargonium-PreviousAssembly-busco/run_eudicots_odb10/hmmer_output/initial_run_results/23397at71240.out --cpu 1 /scratch/srb67793/Pelargonium/busco_downloads/lineages/eudicots_odb10/hmms/23397at71240.hmm /scratch/srb67793/Pelargonium/Pelargonium-PreviousAssembly-busco/run_eudicots_odb10/metaeuk_output/initial_results/Pcitr_Genome-final.fasta.modified.fas 
# Current dir:     /scratch/srb67793/Pelargonium
# Date:            Tue Jul  9 10:57:17 2024
# [ok]
