#                                                                                    --- full sequence --- -------------- this domain -------------   hmm coord   ali coord   env coord
# target name                accession   tlen query name           accession   qlen   E-value  score  bias   #  of  c-Evalue  i-Evalue  score  bias  from    to  from    to  from    to  acc description of target
#        ------------------- ---------- ----- -------------------- ---------- ----- --------- ------ ----- --- --- --------- --------- ------ ----- ----- ----- ----- ----- ----- ----- ---- ---------------------
Pcitr_chr6:13939879-13933682 -           1324 2360at71240          -           1121         0 1889.1  34.2   1   3   1.6e-49   3.8e-46  156.1   1.2    11   123    24   156     1   159 0.80 -
Pcitr_chr6:13939879-13933682 -           1324 2360at71240          -           1121         0 1889.1  34.2   2   3  4.3e-261  1.1e-257  856.7   8.8   123   652   181   800   175   808 0.90 -
Pcitr_chr6:13939879-13933682 -           1324 2360at71240          -           1121         0 1889.1  34.2   3   3  6.8e-269  1.7e-265  882.5   8.8   637  1115   810  1296   804  1302 0.97 -
Pcitr_chr3:21548269-21547059 -            295 2360at71240          -           1121  6.2e-128  426.9   6.3   1   2  3.2e-120  7.8e-117  390.2   0.7   572   819     1   263     1   264 0.89 -
Pcitr_chr3:21548269-21547059 -            295 2360at71240          -           1121  6.2e-128  426.9   6.3   2   2     2e-15   4.8e-12   43.2   0.9   946   981   260   295   258   295 0.94 -
Pcitr_chr3:21591113-21591391 -             93 2360at71240          -           1121   2.7e-36  123.5   0.1   1   1   1.2e-39   2.9e-36  123.4   0.1    36   122    11    93     4    93 0.93 -
Pcitr_chr7:3700591-3699515   -            359 2360at71240          -           1121      0.02   11.3   0.1   1   1   1.2e-05     0.029   10.8   0.1   670   713    68   111    59   133 0.93 -
#
# Program:         hmmsearch
# Version:         3.3.2 (Nov 2020)
# Pipeline mode:   SEARCH
# Query file:      /scratch/srb67793/Pelargonium/busco_downloads/lineages/eudicots_odb10/hmms/2360at71240.hmm
# Target file:     /scratch/srb67793/Pelargonium/Pelargonium-PreviousAssembly-busco/run_eudicots_odb10/metaeuk_output/initial_results/Pcitr_Genome-final.fasta.modified.fas
# Option settings: hmmsearch --domtblout /scratch/srb67793/Pelargonium/Pelargonium-PreviousAssembly-busco/run_eudicots_odb10/hmmer_output/initial_run_results/2360at71240.out --cpu 1 /scratch/srb67793/Pelargonium/busco_downloads/lineages/eudicots_odb10/hmms/2360at71240.hmm /scratch/srb67793/Pelargonium/Pelargonium-PreviousAssembly-busco/run_eudicots_odb10/metaeuk_output/initial_results/Pcitr_Genome-final.fasta.modified.fas 
# Current dir:     /scratch/srb67793/Pelargonium
# Date:            Tue Jul  9 10:57:18 2024
# [ok]
