#                                                                                     --- full sequence --- -------------- this domain -------------   hmm coord   ali coord   env coord
# target name                 accession   tlen query name           accession   qlen   E-value  score  bias   #  of  c-Evalue  i-Evalue  score  bias  from    to  from    to  from    to  acc description of target
#         ------------------- ---------- ----- -------------------- ---------- ----- --------- ------ ----- --- --- --------- --------- ------ ----- ----- ----- ----- ----- ----- ----- ---- ---------------------
Pcitr_chr3:11840431-11854100  -           1412 2753at71240          -           1166         0 2041.3  53.3   1   4       1.4   1.2e+02   -0.7   1.1    42    55    98   111    93   120 0.86 -
Pcitr_chr3:11840431-11854100  -           1412 2753at71240          -           1166         0 2041.3  53.3   2   4  1.2e-205    1e-203  678.4  14.3    43   421   125   534   114   538 0.91 -
Pcitr_chr3:11840431-11854100  -           1412 2753at71240          -           1166         0 2041.3  53.3   3   4   2.6e-99   2.2e-97  326.3   0.7   411   619   551   772   547   789 0.92 -
Pcitr_chr3:11840431-11854100  -           1412 2753at71240          -           1166         0 2041.3  53.3   4   4         0         0 1060.8   5.6   597  1166   812  1410   786  1410 0.94 -
Pcitr_chr5:40352878-40359050  -           1148 2753at71240          -           1166    5e-184  613.2  33.8   1   4   2.4e-96     2e-94  316.4   8.5   114   572    94   583    57   585 0.86 -
Pcitr_chr5:40352878-40359050  -           1148 2753at71240          -           1166    5e-184  613.2  33.8   2   4     2e-21   1.7e-19   68.3   3.4   613   732   584   709   580   711 0.87 -
Pcitr_chr5:40352878-40359050  -           1148 2753at71240          -           1166    5e-184  613.2  33.8   3   4   1.2e-14     1e-12   45.9   0.1   780   870   705   800   705   811 0.83 -
Pcitr_chr5:40352878-40359050  -           1148 2753at71240          -           1166    5e-184  613.2  33.8   4   4   5.7e-60   4.7e-58  196.0   3.1   886  1146   892  1148   885  1148 0.89 -
Pcitr_chr1:52722433-52726573  -           1001 2753at71240          -           1166  5.4e-180  599.8   8.7   1   3  5.6e-103  4.6e-101  338.4   4.2   119   733     8   647     1   648 0.87 -
Pcitr_chr1:52722433-52726573  -           1001 2753at71240          -           1166  5.4e-180  599.8   8.7   2   3   1.1e-11   9.1e-10   36.1   0.1   784   858   648   726   646   728 0.90 -
Pcitr_chr1:52722433-52726573  -           1001 2753at71240          -           1166  5.4e-180  599.8   8.7   3   3   1.2e-69   9.9e-68  228.0   0.0   885  1146   726   999   725  1001 0.93 -
Pcitr_chr1:24873102-24886320  -           1084 2753at71240          -           1166  1.1e-179  598.9  29.9   1   4   1.4e-96   1.2e-94  317.2   4.4   114   571    87   572    44   575 0.86 -
Pcitr_chr1:24873102-24886320  -           1084 2753at71240          -           1166  1.1e-179  598.9  29.9   2   4   1.4e-16   1.1e-14   52.3   1.1   613   731   577   701   572   703 0.87 -
Pcitr_chr1:24873102-24886320  -           1084 2753at71240          -           1166  1.1e-179  598.9  29.9   3   4   4.5e-25   3.7e-23   80.4   0.2   773   937   702   861   701   867 0.87 -
Pcitr_chr1:24873102-24886320  -           1084 2753at71240          -           1166  1.1e-179  598.9  29.9   4   4   9.8e-49   8.2e-47  158.8   4.8   945  1143   902  1084   891  1084 0.93 -
Pcitr_chr7:13948935-13944175  -           1187 2753at71240          -           1166  4.9e-178  593.4  10.3   1   3   2.3e-97   1.9e-95  319.8   3.1   106   568   200   694   183   722 0.90 -
Pcitr_chr7:13948935-13944175  -           1187 2753at71240          -           1166  4.9e-178  593.4  10.3   2   3   2.2e-14   1.8e-12   45.0   0.1   613   733   778   906   762   913 0.78 -
Pcitr_chr7:13948935-13944175  -           1187 2753at71240          -           1166  4.9e-178  593.4  10.3   3   3   5.5e-71   4.6e-69  232.5   0.1   875  1143   910  1187   905  1187 0.90 -
Pcitr_chr1:20931436-20903829  -            979 2753at71240          -           1166  3.7e-172  573.9  22.9   1   4  1.7e-100   1.4e-98  330.2   2.7   104   570    81   574    64   577 0.90 -
Pcitr_chr1:20931436-20903829  -            979 2753at71240          -           1166  3.7e-172  573.9  22.9   2   4     1e-14   8.6e-13   46.1   0.5   613   732   576   703   572   704 0.77 -
Pcitr_chr1:20931436-20903829  -            979 2753at71240          -           1166  3.7e-172  573.9  22.9   3   4   1.1e-14   8.8e-13   46.1   0.3   783   870   702   793   702   799 0.91 -
Pcitr_chr1:20931436-20903829  -            979 2753at71240          -           1166  3.7e-172  573.9  22.9   4   4     1e-49   8.4e-48  162.0   1.3   947  1143   799   979   792   979 0.94 -
Pcitr_chr4:8214745-8236519    -           1016 2753at71240          -           1166  9.5e-168  559.3  23.4   1   4   4.9e-98   4.1e-96  322.0   5.1   108   573   100   596    85   606 0.90 -
Pcitr_chr4:8214745-8236519    -           1016 2753at71240          -           1166  9.5e-168  559.3  23.4   2   4     6e-14     5e-12   43.6   0.3   603   734   596   735   591   738 0.79 -
Pcitr_chr4:8214745-8236519    -           1016 2753at71240          -           1166  9.5e-168  559.3  23.4   3   4   2.2e-13   1.8e-11   41.7   0.1   783   868   735   824   733   832 0.89 -
Pcitr_chr4:8214745-8236519    -           1016 2753at71240          -           1166  9.5e-168  559.3  23.4   4   4   3.1e-50   2.6e-48  163.7   1.7   946  1143   832  1016   826  1016 0.94 -
Pcitr_chr7:34106227-34113163  -            982 2753at71240          -           1166  1.8e-165  551.8  30.6   1   4   1.3e-86   1.1e-84  284.2  11.4   100   572    44   548    14   552 0.88 -
Pcitr_chr7:34106227-34113163  -            982 2753at71240          -           1166  1.8e-165  551.8  30.6   2   4   5.1e-06   0.00042   17.3   3.1   636   731   573   669   548   670 0.71 -
Pcitr_chr7:34106227-34113163  -            982 2753at71240          -           1166  1.8e-165  551.8  30.6   3   4     7e-09   5.8e-07   26.8   0.2   786   867   670   755   668   757 0.87 -
Pcitr_chr7:34106227-34113163  -            982 2753at71240          -           1166  1.8e-165  551.8  30.6   4   4     5e-72   4.1e-70  235.9   0.1   945  1162   755   977   751   980 0.97 -
Pcitr_chr5:24154923-24159182  -           1010 2753at71240          -           1166  1.3e-163  545.6  18.0   1   4   1.8e-82   1.5e-80  270.5   6.3   135   568     3   471     1   506 0.86 -
Pcitr_chr5:24154923-24159182  -           1010 2753at71240          -           1166  1.3e-163  545.6  18.0   2   4   7.3e-13   6.1e-11   40.0   0.1   603   734   538   673   525   676 0.89 -
Pcitr_chr5:24154923-24159182  -           1010 2753at71240          -           1166  1.3e-163  545.6  18.0   3   4     4e-10   3.3e-08   30.9   0.0   787   860   673   750   670   755 0.89 -
Pcitr_chr5:24154923-24159182  -           1010 2753at71240          -           1166  1.3e-163  545.6  18.0   4   4   1.1e-64   9.4e-63  211.6   0.3   885  1149   746  1007   744  1010 0.91 -
Pcitr_chr1:15553830-15549423  -            881 2753at71240          -           1166  3.7e-158  527.5  15.1   1   2  3.7e-109  3.1e-107  358.9   7.6   100   734    39   694    11   697 0.87 -
Pcitr_chr1:15553830-15549423  -            881 2753at71240          -           1166  3.7e-158  527.5  15.1   2   2   2.2e-51   1.8e-49  167.5   1.0   943  1141   694   879   692   881 0.92 -
Pcitr_chr4:8231913-8236519    -            805 2753at71240          -           1166  2.2e-155  518.3  20.7   1   3   8.8e-97   7.3e-95  317.9   5.3   124   571     9   487     1   491 0.91 -
Pcitr_chr4:8231913-8236519    -            805 2753at71240          -           1166  2.2e-155  518.3  20.7   2   3   5.7e-14   4.7e-12   43.6   0.3   613   733   492   620   487   622 0.80 -
Pcitr_chr4:8231913-8236519    -            805 2753at71240          -           1166  2.2e-155  518.3  20.7   3   3   3.5e-50   2.9e-48  163.5   2.7   945  1143   621   805   619   805 0.94 -
Pcitr_chr4:43605131-43577288  -            922 2753at71240          -           1166  3.7e-148  494.4  10.7   1   3   5.2e-85   4.3e-83  278.9   2.1   162   572    28   460     1   472 0.88 -
Pcitr_chr4:43605131-43577288  -            922 2753at71240          -           1166  3.7e-148  494.4  10.7   2   3   9.8e-07   8.1e-05   19.7   0.4   657   731   581   657   550   659 0.78 -
Pcitr_chr4:43605131-43577288  -            922 2753at71240          -           1166  3.7e-148  494.4  10.7   3   3   1.6e-61   1.4e-59  201.1   0.0   884  1145   658   922   656   922 0.91 -
Pcitr_chr4:43570624-43599776  -           1200 2753at71240          -           1166  5.6e-146  487.2  15.9   1   3   7.3e-85     6e-83  278.4   4.6   109   581   237   737   219   757 0.88 -
Pcitr_chr4:43570624-43599776  -           1200 2753at71240          -           1166  5.6e-146  487.2  15.9   2   3   4.1e-07   3.4e-05   20.9   1.1   634   732   837   937   810   941 0.81 -
Pcitr_chr4:43570624-43599776  -           1200 2753at71240          -           1166  5.6e-146  487.2  15.9   3   3   2.5e-59   2.1e-57  193.9   0.1   883  1145   940  1200   937  1200 0.90 -
Pcitr_chr1:35885535-35888315  -            488 2753at71240          -           1166  1.1e-118  396.8   1.5   1   1  1.4e-120  1.2e-118  396.7   1.5   675  1143     1   488     1   488 0.93 -
Pcitr_chr5:30552993-30554772  -            479 2753at71240          -           1166    4e-112  375.1   3.1   1   1  5.3e-114  4.4e-112  374.9   3.1   694  1143    11   479     1   479 0.92 -
Pcitr_chr11:10587454-10583769 -            758 2753at71240          -           1166    4e-110  368.4   3.5   1   2  1.5e-102  1.3e-100  337.0   0.9   105   573    68   565    26   578 0.91 -
Pcitr_chr11:10587454-10583769 -            758 2753at71240          -           1166    4e-110  368.4   3.5   2   2     2e-10   1.7e-08   31.9   0.1   606   733   627   757   617   758 0.83 -
Pcitr_chr7:11539405-11537495  -            637 2753at71240          -           1166   9.2e-97  324.2   4.7   1   1   1.7e-98   1.4e-96  323.6   4.7   110   571   142   634   121   637 0.91 -
Pcitr_chr4:43581757-43579035  -            786 2753at71240          -           1166   8.2e-91  304.5  12.6   1   2   7.4e-87   6.1e-85  285.0   3.9   109   581    57   559    39   567 0.87 -
Pcitr_chr4:43581757-43579035  -            786 2753at71240          -           1166   8.2e-91  304.5  12.6   2   2   3.6e-08     3e-06   24.4   1.4   640   738   665   767   637   783 0.77 -
Pcitr_chr7:11532379-11531075  -            435 2753at71240          -           1166   1.5e-86  290.4   7.5   1   1   2.8e-88   2.3e-86  289.7   7.5   156   564     2   435     1   435 0.91 -
Pcitr_chr7:34115401-34117322  -            584 2753at71240          -           1166   1.9e-85  286.7  12.9   1   1   5.5e-87   4.6e-85  285.4  12.9   104   571    84   581    37   584 0.85 -
Pcitr_chr5:23716728-23714915  -            576 2753at71240          -           1166   3.6e-45  153.3   2.6   1   1   5.8e-47   4.9e-45  152.9   2.6   667  1156    53   562    35   567 0.81 -
Pcitr_chr11:1095188-1095934   -            249 2753at71240          -           1166   1.5e-44  151.3   0.1   1   1     2e-46   1.7e-44  151.1   0.1   937  1157     1   235     1   243 0.87 -
Pcitr_chr10:22076849-22077889 -            290 2753at71240          -           1166   2.8e-43  147.1   0.0   1   1   4.2e-45   3.5e-43  146.7   0.0   909  1163    25   287     7   289 0.88 -
Pcitr_chr1:18821547-18822299  -            251 2753at71240          -           1166   3.4e-43  146.8   0.1   1   1   4.7e-45   3.9e-43  146.6   0.1   937  1157     1   237     1   245 0.86 -
Pcitr_chr10:22066393-22067160 -            256 2753at71240          -           1166   8.6e-42  142.1   0.0   1   1   1.2e-43     1e-41  141.9   0.0   933  1163    17   255     6   256 0.90 -
Pcitr_chr11:15046725-15045598 -            376 2753at71240          -           1166   1.1e-40  138.5   0.1   1   1   1.6e-42   1.4e-40  138.2   0.1   934  1160   132   366   102   371 0.88 -
Pcitr_chr10:21999672-22019396 -            243 2753at71240          -           1166   1.4e-40  138.2   0.0   1   1   1.9e-42   1.6e-40  138.0   0.0   937  1163     2   236     1   239 0.91 -
Pcitr_chr10:22078736-22080040 -            435 2753at71240          -           1166   1.4e-40  138.1   0.7   1   1   2.1e-42   1.8e-40  137.8   0.7   908  1156   161   424     5   430 0.78 -
Pcitr_chr5:23731161-23728350  -            242 2753at71240          -           1166   2.6e-40  137.2   0.0   1   1   3.7e-42   3.1e-40  137.0   0.0   937  1157     1   229     1   237 0.88 -
Pcitr_chr11:13066638-13065614 -            313 2753at71240          -           1166   3.4e-40  136.8   0.0   1   1   5.4e-42   4.5e-40  136.4   0.0   919  1157    63   309    46   312 0.89 -
Pcitr_chr5:3278223-3277279    -            248 2753at71240          -           1166   4.2e-40  136.5   0.1   1   1   6.2e-42   5.1e-40  136.2   0.1   936  1157     8   236     3   245 0.89 -
Pcitr_chr3:4840172-4839054    -            373 2753at71240          -           1166   4.9e-40  136.3   0.0   1   1   7.8e-42   6.5e-40  135.9   0.0   935  1157   134   364   113   372 0.88 -
Pcitr_chr7:11820458-11819340  -            373 2753at71240          -           1166   4.9e-40  136.3   0.0   1   1   7.8e-42   6.5e-40  135.9   0.0   935  1157   134   364   113   372 0.88 -
Pcitr_chr2:21342931-21344094  -            388 2753at71240          -           1166     2e-39  134.3   0.0   1   1   2.9e-41   2.4e-39  134.0   0.0   890  1156    92   373     9   379 0.81 -
Pcitr_chr10:22067872-22069176 -            435 2753at71240          -           1166   8.4e-39  132.2   0.1   1   1   1.6e-40   1.3e-38  131.6   0.1   936  1156   195   424   150   429 0.93 -
Pcitr_chr11:1090310-1095064   -            917 2753at71240          -           1166     1e-38  132.0   3.7   1   2   1.2e-40     1e-38  132.0   3.7   695  1157   107   587    86   593 0.67 -
Pcitr_chr11:1090310-1095064   -            917 2753at71240          -           1166     1e-38  132.0   3.7   2   2       9.4   7.8e+02   -3.5   0.1   727   862   743   771   680   795 0.49 -
Pcitr_chr10:22033336-22036023 -            387 2753at71240          -           1166   1.3e-38  131.6   0.1   1   1   1.6e-40   1.3e-38  131.6   0.1   934  1156   152   383    10   387 0.82 -
Pcitr_chr2:21361102-21362391  -            430 2753at71240          -           1166   1.6e-38  131.3   0.3   1   1   2.2e-40   1.9e-38  131.1   0.3   818  1156    59   415    17   422 0.79 -
Pcitr_chr10:22001584-22002531 -            316 2753at71240          -           1166   1.7e-38  131.2   0.1   1   1   2.4e-40     2e-38  131.0   0.1   935  1156    75   305    23   311 0.87 -
Pcitr_chr4:38461092-38461820  -            243 2753at71240          -           1166   3.5e-38  130.2   0.0   1   1     5e-40   4.1e-38  129.9   0.0   937  1157     1   229     1   237 0.86 -
Pcitr_chr4:1660393-1664347    -            746 2753at71240          -           1166     7e-38  129.2   0.1   1   2   8.4e-40     7e-38  129.2   0.1   935  1157   252   482   231   492 0.86 -
Pcitr_chr4:1660393-1664347    -            746 2753at71240          -           1166     7e-38  129.2   0.1   2   2       1.8   1.5e+02   -1.1   1.2   683   775   633   728   605   741 0.74 -
Pcitr_chr7:7901723-7902529    -            242 2753at71240          -           1166   2.7e-37  127.2   0.0   1   1   3.7e-39   3.1e-37  127.0   0.0   937  1155     1   227     1   240 0.87 -
Pcitr_chr1:26219027-26219783  -            221 2753at71240          -           1166   3.7e-37  126.8   0.0   1   1   4.9e-39     4e-37  126.7   0.0   937  1149     1   221     1   221 0.89 -
Pcitr_chr4:40512153-40509644  -            573 2753at71240          -           1166   3.8e-37  126.7   0.0   1   1   7.9e-39   6.6e-37  125.9   0.0   939  1159   337   565   331   571 0.88 -
Pcitr_chr7:7899632-7900464    -            249 2753at71240          -           1166   5.8e-37  126.1   0.0   1   1   8.3e-39   6.9e-37  125.9   0.0   937  1156     1   228     1   231 0.88 -
Pcitr_chr11:13068880-13068067 -            244 2753at71240          -           1166     7e-37  125.9   0.0   1   1     1e-38   8.4e-37  125.6   0.0   937  1163     1   235     1   237 0.90 -
Pcitr_chr10:22021262-22022617 -            452 2753at71240          -           1166   1.3e-36  125.0   1.4   1   1   2.3e-38   1.9e-36  124.4   1.4   935  1157   207   438     5   444 0.79 -
Pcitr_chr5:13621312-13619741  -            494 2753at71240          -           1166   2.1e-36  124.3   0.0   1   1   3.4e-38   2.9e-36  123.8   0.0   934  1155   252   479   225   492 0.89 -
Pcitr_chr5:13634030-13631000  -            288 2753at71240          -           1166   2.5e-36  124.0   0.0   1   1   4.2e-38   3.5e-36  123.5   0.0   933  1155    44   274    12   284 0.87 -
Pcitr_chr10:22106842-22108089 -            416 2753at71240          -           1166   2.9e-36  123.8   0.1   1   1   3.6e-38     3e-36  123.8   0.1   935  1156   170   400    18   408 0.89 -
Pcitr_chr4:1665495-1666649    -            385 2753at71240          -           1166   4.8e-36  123.1   0.0   1   1   7.6e-38   6.3e-36  122.7   0.0   932  1156   140   372   116   380 0.88 -
Pcitr_chr1:18817469-18821420  -            924 2753at71240          -           1166     1e-35  122.0   6.1   1   1   2.3e-37   1.9e-35  121.1   6.1   608  1157    11   596     5   603 0.73 -
Pcitr_chr3:856764-858741      -            505 2753at71240          -           1166   2.5e-35  120.7   0.0   1   1     4e-37   3.3e-35  120.3   0.0   935  1159   265   497   258   503 0.89 -
Pcitr_chr8:30572003-30570926  -            246 2753at71240          -           1166   6.8e-35  119.3   0.1   1   1     1e-36   8.3e-35  119.0   0.1   935  1156     7   236     3   244 0.89 -
Pcitr_chr3:4842915-4841352    -            248 2753at71240          -           1166   9.4e-35  118.8   0.0   1   1   1.3e-36   1.1e-34  118.6   0.0   937  1155     2   228     1   238 0.90 -
Pcitr_chr7:11828510-11821648  -            248 2753at71240          -           1166   9.4e-35  118.8   0.0   1   1   1.3e-36   1.1e-34  118.6   0.0   937  1155     2   228     1   238 0.90 -
Pcitr_chr3:21722584-21721646  -            313 2753at71240          -           1166   4.3e-34  116.6   0.0   1   1   6.4e-36   5.3e-34  116.3   0.0   935  1156    77   307    51   311 0.87 -
Pcitr_chr2:21359005-21360024  -            340 2753at71240          -           1166   5.6e-34  116.3   0.4   1   2   8.2e-15   6.8e-13   46.4   0.0   934  1032    74   175    22   194 0.82 -
Pcitr_chr2:21359005-21360024  -            340 2753at71240          -           1166   5.6e-34  116.3   0.4   2   2   2.3e-21   1.9e-19   68.1   0.2  1062  1158   238   334   231   340 0.95 -
Pcitr_chr1:43961798-43960925  -            238 2753at71240          -           1166   5.9e-34  116.2   0.1   1   1   7.9e-36   6.6e-34  116.0   0.1   957  1156    24   228     1   236 0.84 -
Pcitr_chr6:13878829-13879542  -            238 2753at71240          -           1166   1.6e-33  114.8   0.0   1   1   2.2e-35   1.8e-33  114.5   0.0   937  1155     1   228     1   234 0.86 -
Pcitr_chr3:859509-886278      -            382 2753at71240          -           1166   2.6e-32  110.8   0.0   1   1   4.1e-34   3.4e-32  110.3   0.0   935  1157   145   373   136   381 0.88 -
Pcitr_chr6:13875005-13875970  -            242 2753at71240          -           1166   1.2e-31  108.5   0.0   1   1   1.7e-33   1.4e-31  108.3   0.0   937  1156     1   227     1   234 0.88 -
Pcitr_chr4:36751973-36786113  -            579 2753at71240          -           1166   1.5e-30  104.9   5.5   1   1   5.4e-32   4.5e-30  103.3   5.5   698  1147    91   558    19   564 0.69 -
Pcitr_chr4:38457861-38459557  -            269 2753at71240          -           1166   1.6e-30  104.9   0.1   1   1   9.4e-31   7.9e-29   99.2   0.1   937  1155     2   249     1   259 0.82 -
Pcitr_chr1:38104039-38101891  -            232 2753at71240          -           1166   3.5e-30  103.7   0.1   1   1     5e-32   4.2e-30  103.4   0.1   936  1158     2   222     1   231 0.87 -
Pcitr_chr5:15359032-15366358  -            652 2753at71240          -           1166   2.1e-28   97.8   0.1   1   2       4.5   3.7e+02   -2.4   1.5   799   920   217   338   171   359 0.56 -
Pcitr_chr5:15359032-15366358  -            652 2753at71240          -           1166   2.1e-28   97.8   0.1   2   2   2.5e-30   2.1e-28   97.8   0.1   937  1156   406   635   387   645 0.84 -
Pcitr_chr2:39739420-39739938  -            173 2753at71240          -           1166   1.9e-27   94.6   0.0   1   1   2.6e-29   2.1e-27   94.5   0.0   969  1132     1   170     1   173 0.91 -
Pcitr_chr5:23716728-23715352  -            459 2753at71240          -           1166   3.4e-21   73.9   3.1   1   1   5.5e-23   4.5e-21   73.5   3.1   667  1033    53   435    35   456 0.78 -
Pcitr_chr3:16022998-16022690  -            103 2753at71240          -           1166   2.4e-20   71.1   0.0   1   1   3.2e-22   2.7e-20   70.9   0.0  1066  1162     2    98     1   101 0.95 -
Pcitr_chr1:43963671-43963396  -             92 2753at71240          -           1166   3.9e-20   70.4   0.2   1   1   5.1e-22   4.3e-20   70.3   0.2  1058  1149     1    92     1    92 0.99 -
Pcitr_chr4:40512630-40512370  -             87 2753at71240          -           1166   1.6e-18   65.1   0.1   1   1     2e-20   1.7e-18   65.0   0.1  1071  1155     2    86     1    87 0.97 -
Pcitr_chr2:21341137-21341391  -             85 2753at71240          -           1166   2.5e-18   64.4   0.2   1   1   3.3e-20   2.7e-18   64.3   0.2  1066  1149     2    85     1    85 0.97 -
Pcitr_chr5:23717358-23717068  -             97 2753at71240          -           1166   2.6e-18   64.4   0.1   1   1   3.4e-20   2.9e-18   64.2   0.1  1062  1149     9    96     3    97 0.94 -
Pcitr_chr5:23730673-23730398  -             92 2753at71240          -           1166   6.6e-18   63.0   0.1   1   1   8.4e-20     7e-18   62.9   0.1  1067  1156     3    92     1    92 0.97 -
Pcitr_chr3:855550-855810      -             87 2753at71240          -           1166   1.3e-17   62.0   0.2   1   1   1.7e-19   1.4e-17   62.0   0.2  1071  1155     2    86     1    87 0.97 -
Pcitr_chr1:26221996-26222250  -             85 2753at71240          -           1166     2e-17   61.4   0.3   1   1   2.6e-19   2.2e-17   61.3   0.3  1066  1149     2    85     1    85 0.97 -
Pcitr_chr3:9584581-9606876    -           1849 2753at71240          -           1166   2.2e-17   61.3   0.4   1   2   4.3e-14   3.6e-12   44.0   0.6   958  1149   573   765   542   776 0.85 -
Pcitr_chr3:9584581-9606876    -           1849 2753at71240          -           1166   2.2e-17   61.3   0.4   2   2   3.3e-05    0.0027   14.6   0.0   955  1163  1468  1675  1451  1677 0.80 -
Pcitr_chr8:30573801-30573556  -             82 2753at71240          -           1166   3.4e-17   60.7   0.4   1   1   4.4e-19   3.6e-17   60.6   0.4  1071  1150     2    81     1    82 0.97 -
Pcitr_chr11:13068375-13068085 -             97 2753at71240          -           1166   9.8e-17   59.1   0.1   1   1   1.3e-18   1.1e-16   59.0   0.1  1071  1163     2    94     1    96 0.96 -
Pcitr_chr5:23717936-23717352  -            195 2753at71240          -           1166   2.7e-15   54.4   0.0   1   1   3.9e-17   3.3e-15   54.1   0.0   934  1032    30   131     7   156 0.85 -
Pcitr_chr4:40512012-40510747  -            422 2753at71240          -           1166   3.1e-14   50.9   0.1   1   2       8.7   7.2e+02   -3.3   0.0   698   777    35   120    28   180 0.56 -
Pcitr_chr4:40512012-40510747  -            422 2753at71240          -           1166   3.1e-14   50.9   0.1   2   2   7.1e-16   5.9e-14   49.9   0.0   939  1046   290   400   284   414 0.85 -
Pcitr_chr2:12650499-12648844  -            552 2753at71240          -           1166   2.3e-11   41.4   0.0   1   3   2.6e-07   2.1e-05   21.6   0.0   958  1122    23   211     4   234 0.69 -
Pcitr_chr2:12650499-12648844  -            552 2753at71240          -           1166   2.3e-11   41.4   0.0   2   3   0.00057     0.048   10.5   0.0   433   470   354   391   333   398 0.65 -
Pcitr_chr2:12650499-12648844  -            552 2753at71240          -           1166   2.3e-11   41.4   0.0   3   3     0.021       1.8    5.3   0.0  1069  1144   457   536   442   540 0.82 -
Pcitr_chr10:26332220-26330502 -            573 2753at71240          -           1166   2.1e-10   38.2   0.0   1   3   9.2e-06   0.00076   16.4   0.0   958  1122    42   232    19   253 0.60 -
Pcitr_chr10:26332220-26330502 -            573 2753at71240          -           1166   2.1e-10   38.2   0.0   2   3   0.00042     0.035   10.9   0.0   433   472   375   414   357   420 0.81 -
Pcitr_chr10:26332220-26330502 -            573 2753at71240          -           1166   2.1e-10   38.2   0.0   3   3     0.029       2.4    4.9   0.0  1069  1145   478   558   463   563 0.81 -
Pcitr_chr11:10279896-10278157 -            580 2753at71240          -           1166   2.8e-10   37.8   0.1   1   1   9.3e-11   7.8e-09   33.0   0.1   959  1149    50   242    35   243 0.44 -
Pcitr_chr10:29595265-29593651 -            339 2753at71240          -           1166   6.2e-10   36.6   0.0   1   3     6e-07     5e-05   20.4   0.0   512   590    21   100     2   125 0.80 -
Pcitr_chr10:29595265-29593651 -            339 2753at71240          -           1166   6.2e-10   36.6   0.0   2   3    0.0077      0.64    6.8   0.0   433   473   149   189   132   199 0.84 -
Pcitr_chr10:29595265-29593651 -            339 2753at71240          -           1166   6.2e-10   36.6   0.0   3   3     0.014       1.2    5.9   0.0  1069  1127   248   306   222   329 0.77 -
Pcitr_chr9:4594057-4591544    -            544 2753at71240          -           1166   1.2e-09   35.7   0.0   1   1   2.2e-11   1.9e-09   35.0   0.0   964  1153    13   208     5   213 0.78 -
Pcitr_chr5:6392703-6394997    -            306 2753at71240          -           1166   1.4e-09   35.4   0.0   1   1   2.5e-11     2e-09   34.9   0.0   970  1131   145   297   113   306 0.52 -
Pcitr_chr8:29787197-29789467  -            270 2753at71240          -           1166   1.7e-09   35.2   0.0   1   2    0.0076      0.63    6.8   0.0   435   504    36   111    26   132 0.80 -
Pcitr_chr8:29787197-29789467  -            270 2753at71240          -           1166   1.7e-09   35.2   0.0   2   2   8.1e-09   6.8e-07   26.6   0.0  1069  1152   165   251   147   265 0.63 -
Pcitr_chr7:33141687-33135147  -            739 2753at71240          -           1166   2.6e-09   34.6   0.1   1   3       0.7        58    0.3   0.0   958   983   191   216   184   251 0.81 -
Pcitr_chr7:33141687-33135147  -            739 2753at71240          -           1166   2.6e-09   34.6   0.1   2   3   0.00038     0.032   11.1   0.0   527   557   333   363   300   369 0.81 -
Pcitr_chr7:33141687-33135147  -            739 2753at71240          -           1166   2.6e-09   34.6   0.1   3   3   2.4e-06    0.0002   18.4   0.0   433   572   548   688   545   722 0.72 -
Pcitr_chr9:19829777-19825436  -            343 2753at71240          -           1166   3.8e-09   34.0   0.0   1   1   1.6e-10   1.3e-08   32.2   0.0   957  1152   103   319    84   326 0.76 -
Pcitr_chr10:14742432-14739637 -            336 2753at71240          -           1166   2.5e-08   31.3   0.0   1   1     4e-10   3.3e-08   30.9   0.0   957  1153   103   321    74   327 0.74 -
Pcitr_chr8:29884377-29882632  -            582 2753at71240          -           1166   4.4e-08   30.5   0.1   1   1   3.1e-09   2.6e-07   28.0   0.1   967  1153    20   214     8   218 0.65 -
Pcitr_chr6:2269627-2267288    -            364 2753at71240          -           1166   1.8e-07   28.4   0.0   1   3   0.00098     0.081    9.7   0.0   938   999    34    95    27   128 0.85 -
Pcitr_chr6:2269627-2267288    -            364 2753at71240          -           1166   1.8e-07   28.4   0.0   2   3    0.0031      0.26    8.0   0.0  1068  1125   195   250   186   269 0.87 -
Pcitr_chr6:2269627-2267288    -            364 2753at71240          -           1166   1.8e-07   28.4   0.0   3   3    0.0066      0.55    7.0   0.1   436   465   327   356   318   363 0.81 -
Pcitr_chr10:10505294-10507618 -            257 2753at71240          -           1166   3.3e-07   27.6   0.0   1   1   1.1e-08   8.9e-07   26.2   0.0   408   617     9   216     4   221 0.74 -
Pcitr_chr9:23637829-23649872  -            858 2753at71240          -           1166   3.5e-07   27.5   0.0   1   1   6.4e-09   5.3e-07   26.9   0.0   962  1153    99   302    70   314 0.79 -
Pcitr_chr1:41427463-41422704  -            628 2753at71240          -           1166   6.5e-07   26.6   0.1   1   2     0.016       1.3    5.7   0.1   438   464   102   128    76   133 0.84 -
Pcitr_chr1:41427463-41422704  -            628 2753at71240          -           1166   6.5e-07   26.6   0.1   2   2   1.1e-07     9e-06   22.8   0.0   964  1153   104   305    97   317 0.77 -
Pcitr_chr10:6447425-6445500   -            642 2753at71240          -           1166   7.9e-07   26.3   0.0   1   1   1.7e-08   1.4e-06   25.5   0.0   439   614    94   294    83   303 0.73 -
Pcitr_chr11:21817562-21824205 -            465 2753at71240          -           1166   8.7e-07   26.2   0.0   1   1   1.7e-08   1.4e-06   25.5   0.0   964  1149    14   210     5   220 0.76 -
Pcitr_chr8:31947189-31948772  -            528 2753at71240          -           1166   1.9e-06   25.1   0.1   1   1   3.4e-08   2.8e-06   24.5   0.1   439   613    12   209     5   221 0.55 -
Pcitr_chr1:39520168-39519533  -            212 2753at71240          -           1166   2.1e-06   25.0   0.0   1   2     0.012      0.99    6.1   0.0   437   478    11    50     5    81 0.84 -
Pcitr_chr1:39520168-39519533  -            212 2753at71240          -           1166   2.1e-06   25.0   0.0   2   2   5.3e-06   0.00044   17.2   0.0  1070  1146   126   205    95   211 0.84 -
Pcitr_chr9:30119-53318        -            670 2753at71240          -           1166   2.2e-06   24.9   0.0   1   2     0.068       5.7    3.6   0.0   937   996   376   437   297   447 0.69 -
Pcitr_chr9:30119-53318        -            670 2753at71240          -           1166   2.2e-06   24.9   0.0   2   2   1.7e-06   0.00014   18.9   0.0  1052  1132   558   635   535   646 0.80 -
Pcitr_chr1:41481770-41474774  -            787 2753at71240          -           1166   3.4e-06   24.2   0.0   1   1   1.9e-07   1.5e-05   22.1   0.0   964  1152    15   215     8   227 0.77 -
Pcitr_chr7:3599483-3597705    -            593 2753at71240          -           1166   4.3e-06   23.9   0.1   1   2      0.52        43    0.7   0.0   433   464    50    81    13   124 0.72 -
Pcitr_chr7:3599483-3597705    -            593 2753at71240          -           1166   4.3e-06   23.9   0.1   2   2   4.1e-07   3.4e-05   20.9   0.0   531   652   168   291   144   298 0.82 -
Pcitr_chr3:20297685-20296506  -            171 2753at71240          -           1166   5.5e-06   23.6   0.1   1   1   8.7e-08   7.2e-06   23.1   0.1   957  1115     7   167     4   170 0.69 -
Pcitr_chr9:25924984-25925664  -            227 2753at71240          -           1166   9.2e-06   22.8   0.0   1   1   1.9e-05    0.0016   15.4   0.0  1070  1143   151   227   115   227 0.83 -
Pcitr_chr8:21085243-21081766  -            204 2753at71240          -           1166     2e-05   21.7   0.0   1   1   4.6e-07   3.8e-05   20.8   0.0   440   592    19   167    12   203 0.76 -
Pcitr_chr2:41872136-41871837  -            100 2753at71240          -           1166   2.1e-05   21.6   0.0   1   1   2.8e-07   2.3e-05   21.5   0.0  1067  1138    29    98    23   100 0.84 -
Pcitr_chr8:31470150-31474005  -            359 2753at71240          -           1166   2.2e-05   21.5   0.0   1   3    0.0052      0.44    7.3   0.0   941   996     3    58     1   150 0.87 -
Pcitr_chr8:31470150-31474005  -            359 2753at71240          -           1166   2.2e-05   21.5   0.0   2   3   0.00032     0.026   11.3   0.1   434   472   288   326   270   335 0.87 -
Pcitr_chr8:31470150-31474005  -            359 2753at71240          -           1166   2.2e-05   21.5   0.0   3   3         2   1.7e+02   -1.2   0.0  1078  1107   329   358   322   359 0.82 -
Pcitr_chr11:4407362-4406371   -            228 2753at71240          -           1166   4.7e-05   20.5   0.0   1   1   6.8e-07   5.7e-05   20.2   0.0   409   573    24   181    12   225 0.81 -
Pcitr_chr6:37126603-37151566  -            227 2753at71240          -           1166   5.2e-05   20.3   0.0   1   1   7.7e-07   6.4e-05   20.0   0.0   439   614    11   197     5   209 0.76 -
Pcitr_chr2:11261980-11262711  -            244 2753at71240          -           1166   7.9e-05   19.7   0.0   1   2     0.083       6.9    3.3   0.0   437   465     9    37     4    73 0.81 -
Pcitr_chr2:11261980-11262711  -            244 2753at71240          -           1166   7.9e-05   19.7   0.0   2   2   3.2e-05    0.0027   14.6   0.0  1070  1145   125   203   101   222 0.82 -
Pcitr_chr9:29925030-29925773  -            248 2753at71240          -           1166   8.9e-05   19.5   0.0   1   2     0.012      0.96    6.2   0.0   434   476    18    59     6    79 0.81 -
Pcitr_chr9:29925030-29925773  -            248 2753at71240          -           1166   8.9e-05   19.5   0.0   2   2   0.00026     0.022   11.6   0.0  1070  1149   137   219   108   229 0.74 -
Pcitr_chr6:4269935-4272944    -            337 2753at71240          -           1166   0.00013   19.0   0.0   1   1   2.1e-06   0.00018   18.5   0.0   957  1153   103   321    75   327 0.74 -
Pcitr_chr10:29598847-29598041 -            269 2753at71240          -           1166   0.00088   16.2   0.0   1   1   0.00015     0.012   12.4   0.0   433   567    78   213    61   259 0.66 -
Pcitr_chr3:10712716-10713174  -            153 2753at71240          -           1166    0.0012   15.8   0.0   1   1   2.4e-05     0.002   15.1   0.0   958  1100    12   151     6   153 0.72 -
Pcitr_chr2:13123530-13059427  -            239 2753at71240          -           1166     0.016   12.0   0.0   1   2      0.47        39    0.9   0.1   439   476    11    50     5    95 0.69 -
Pcitr_chr2:13123530-13059427  -            239 2753at71240          -           1166     0.016   12.0   0.0   2   2    0.0017      0.14    8.9   0.0  1083  1155   132   208   111   215 0.80 -
Pcitr_chr6:26838778-26844804  -            554 2753at71240          -           1166     0.032   11.1   0.0   1   1   0.00055     0.045   10.6   0.0   952  1004   296   348   270   363 0.76 -
#
# Program:         hmmsearch
# Version:         3.3.2 (Nov 2020)
# Pipeline mode:   SEARCH
# Query file:      /scratch/srb67793/Pelargonium/busco_downloads/lineages/eudicots_odb10/hmms/2753at71240.hmm
# Target file:     /scratch/srb67793/Pelargonium/Pelargonium-PreviousAssembly-busco/run_eudicots_odb10/metaeuk_output/initial_results/Pcitr_Genome-final.fasta.modified.fas
# Option settings: hmmsearch --domtblout /scratch/srb67793/Pelargonium/Pelargonium-PreviousAssembly-busco/run_eudicots_odb10/hmmer_output/initial_run_results/2753at71240.out --cpu 1 /scratch/srb67793/Pelargonium/busco_downloads/lineages/eudicots_odb10/hmms/2753at71240.hmm /scratch/srb67793/Pelargonium/Pelargonium-PreviousAssembly-busco/run_eudicots_odb10/metaeuk_output/initial_results/Pcitr_Genome-final.fasta.modified.fas 
# Current dir:     /scratch/srb67793/Pelargonium
# Date:            Tue Jul  9 10:57:00 2024
# [ok]
