#                                                                                  --- full sequence --- -------------- this domain -------------   hmm coord   ali coord   env coord
# target name              accession   tlen query name           accession   qlen   E-value  score  bias   #  of  c-Evalue  i-Evalue  score  bias  from    to  from    to  from    to  acc description of target
#      ------------------- ---------- ----- -------------------- ---------- ----- --------- ------ ----- --- --- --------- --------- ------ ----- ----- ----- ----- ----- ----- ----- ---- ---------------------
Pcitr_chr3:526479-521628   -            725 30376at71240         -            607  1.6e-292  970.6  11.5   1   1    6e-295  1.5e-291  967.4  11.5    17   593    74   695    61   710 0.91 -
Pcitr_chr3:569916-572361   -            378 30376at71240         -            607  4.3e-133  444.1   4.2   1   1  3.6e-136  8.7e-133  443.0   4.2    18   340    58   378    46   378 0.89 -
Pcitr_chr1:3293912-3308077 -            559 30376at71240         -            607   2.7e-11   41.8   1.9   1   3   3.2e-07   0.00077   17.2   0.0    49   129    19   102     5   107 0.81 -
Pcitr_chr1:3293912-3308077 -            559 30376at71240         -            607   2.7e-11   41.8   1.9   2   3   2.7e-05     0.066   10.8   0.1   451   530    87   165    78   178 0.85 -
Pcitr_chr1:3293912-3308077 -            559 30376at71240         -            607   2.7e-11   41.8   1.9   3   3     5e-06     0.012   13.2   0.0   461   540   248   328   230   342 0.81 -
Pcitr_chr1:3302581-3307940 -            546 30376at71240         -            607   1.2e-09   36.3   2.9   1   3   3.1e-07   0.00075   17.2   0.0    49   129    19   102     5   107 0.81 -
Pcitr_chr1:3302581-3307940 -            546 30376at71240         -            607   1.2e-09   36.3   2.9   2   3   2.6e-05     0.064   10.8   0.1   451   530    87   165    78   178 0.85 -
Pcitr_chr1:3302581-3307940 -            546 30376at71240         -            607   1.2e-09   36.3   2.9   3   3   0.00014      0.34    8.4   0.1   461   529   248   317   229   334 0.76 -
#
# Program:         hmmsearch
# Version:         3.3.2 (Nov 2020)
# Pipeline mode:   SEARCH
# Query file:      /scratch/srb67793/Pelargonium/busco_downloads/lineages/eudicots_odb10/hmms/30376at71240.hmm
# Target file:     /scratch/srb67793/Pelargonium/Pelargonium-PreviousAssembly-busco/run_eudicots_odb10/metaeuk_output/initial_results/Pcitr_Genome-final.fasta.modified.fas
# Option settings: hmmsearch --domtblout /scratch/srb67793/Pelargonium/Pelargonium-PreviousAssembly-busco/run_eudicots_odb10/hmmer_output/initial_run_results/30376at71240.out --cpu 1 /scratch/srb67793/Pelargonium/busco_downloads/lineages/eudicots_odb10/hmms/30376at71240.hmm /scratch/srb67793/Pelargonium/Pelargonium-PreviousAssembly-busco/run_eudicots_odb10/metaeuk_output/initial_results/Pcitr_Genome-final.fasta.modified.fas 
# Current dir:     /scratch/srb67793/Pelargonium
# Date:            Tue Jul  9 10:56:58 2024
# [ok]
