#                                                                                      --- full sequence --- -------------- this domain -------------   hmm coord   ali coord   env coord
# target name                  accession   tlen query name           accession   qlen   E-value  score  bias   #  of  c-Evalue  i-Evalue  score  bias  from    to  from    to  from    to  acc description of target
#          ------------------- ---------- ----- -------------------- ---------- ----- --------- ------ ----- --- --- --------- --------- ------ ----- ----- ----- ----- ----- ----- ----- ---- ---------------------
Pcitr_chr6:22424020-22435351   -            758 30832at71240         -            609         0 1065.3  22.8   1   2  1.4e-173  1.5e-171  570.7   2.4    11   289    29   325     6   333 0.94 -
Pcitr_chr6:22424020-22435351   -            758 30832at71240         -            609         0 1065.3  22.8   2   2  2.5e-151  2.7e-149  497.2  12.6   279   609   349   758   344   758 0.86 -
Pcitr_chr1:23362067-23360424   -            306 30832at71240         -            609   7.6e-28   96.0  12.6   1   5   9.6e-06    0.0011   16.3   0.2    26    75    14    62     7    67 0.90 -
Pcitr_chr1:23362067-23360424   -            306 30832at71240         -            609   7.6e-28   96.0  12.6   2   5   1.3e-09   1.4e-07   29.1   0.4    22   105    52   133    50   136 0.77 -
Pcitr_chr1:23362067-23360424   -            306 30832at71240         -            609   7.6e-28   96.0  12.6   3   5   1.6e-07   1.8e-05   22.2   0.1   490   553   156   220   150   224 0.89 -
Pcitr_chr1:23362067-23360424   -            306 30832at71240         -            609   7.6e-28   96.0  12.6   4   5   0.00085     0.093    9.9   0.0    40    81   198   238   185   241 0.82 -
Pcitr_chr1:23362067-23360424   -            306 30832at71240         -            609   7.6e-28   96.0  12.6   5   5     1e-11   1.1e-09   36.0   0.6   471   550   226   306   223   306 0.90 -
Pcitr_chr3:5298846-5305184     -            939 30832at71240         -            609   1.7e-18   65.2   6.4   1   6       1.9   2.1e+02   -1.2   0.0    38   105    24    92    18   100 0.52 -
Pcitr_chr3:5298846-5305184     -            939 30832at71240         -            609   1.7e-18   65.2   6.4   2   6   4.8e-05    0.0053   14.0   0.0    25    62    99   136    93   143 0.90 -
Pcitr_chr3:5298846-5305184     -            939 30832at71240         -            609   1.7e-18   65.2   6.4   3   6   7.9e-05    0.0086   13.3   0.0    28   108   144   221   141   228 0.90 -
Pcitr_chr3:5298846-5305184     -            939 30832at71240         -            609   1.7e-18   65.2   6.4   4   6   2.3e-06   0.00026   18.3   0.0    17    98   388   463   375   469 0.83 -
Pcitr_chr3:5298846-5305184     -            939 30832at71240         -            609   1.7e-18   65.2   6.4   5   6       0.3        32    1.5   0.0    26    64   476   514   469   521 0.89 -
Pcitr_chr3:5298846-5305184     -            939 30832at71240         -            609   1.7e-18   65.2   6.4   6   6   7.6e-05    0.0084   13.3   0.2    11   150   556   690   548   693 0.79 -
Pcitr_chr8:18218845-18219726   -            294 30832at71240         -            609   1.7e-15   55.3   4.3   1   5   0.00055      0.06   10.5   0.0    28    62     1    35     1    42 0.92 -
Pcitr_chr8:18218845-18219726   -            294 30832at71240         -            609   1.7e-15   55.3   4.3   2   5   0.00025     0.027   11.7   0.0    28    71    44    87    39    99 0.84 -
Pcitr_chr8:18218845-18219726   -            294 30832at71240         -            609   1.7e-15   55.3   4.3   3   5   0.00013     0.014   12.6   0.1   495   551   105   160    98   168 0.82 -
Pcitr_chr8:18218845-18219726   -            294 30832at71240         -            609   1.7e-15   55.3   4.3   4   5     0.015       1.6    5.8   0.0    23    77   165   222   160   228 0.77 -
Pcitr_chr8:18218845-18219726   -            294 30832at71240         -            609   1.7e-15   55.3   4.3   5   5   0.00025     0.027   11.7   0.0   493   547   236   290   232   293 0.88 -
Pcitr_chr8:31816359-31819964   -            296 30832at71240         -            609   6.6e-14   50.0   6.6   1   4    0.0068      0.74    6.9   0.0    26    60    12    46     4    59 0.89 -
Pcitr_chr8:31816359-31819964   -            296 30832at71240         -            609   6.6e-14   50.0   6.6   2   4   2.4e-08   2.6e-06   24.9   0.1   498   553    76   131    62   143 0.86 -
Pcitr_chr8:31816359-31819964   -            296 30832at71240         -            609   6.6e-14   50.0   6.6   3   4       1.2   1.3e+02   -0.5   0.0   497   532   159   190   147   215 0.55 -
Pcitr_chr8:31816359-31819964   -            296 30832at71240         -            609   6.6e-14   50.0   6.6   4   4   1.1e-06   0.00012   19.4   0.3   471   551   217   295   196   296 0.87 -
Pcitr_chr11:9104081-9101308    -            514 30832at71240         -            609     1e-13   49.4   0.8   1   2   8.1e-05    0.0089   13.3   0.1   490   554   230   295   222   338 0.88 -
Pcitr_chr11:9104081-9101308    -            514 30832at71240         -            609     1e-13   49.4   0.8   2   2   3.3e-11   3.6e-09   34.4   0.0   464   551   419   506   406   509 0.85 -
Pcitr_chr5:4673675-4662720     -            465 30832at71240         -            609   1.6e-13   48.7   1.9   1   3   0.00025     0.028   11.6   0.1   490   552   184   249   169   261 0.84 -
Pcitr_chr5:4673675-4662720     -            465 30832at71240         -            609   1.6e-13   48.7   1.9   2   3       5.4     6e+02   -2.7   0.0    29    60   259   290   249   297 0.77 -
Pcitr_chr5:4673675-4662720     -            465 30832at71240         -            609   1.6e-13   48.7   1.9   3   3   1.1e-11   1.2e-09   35.9   0.1   472   553   384   465   367   465 0.88 -
Pcitr_chr5:4667526-4672970     -            512 30832at71240         -            609   1.9e-13   48.5   2.5   1   3   0.00016     0.018   12.3   0.1   490   552   231   296   209   309 0.84 -
Pcitr_chr5:4667526-4672970     -            512 30832at71240         -            609   1.9e-13   48.5   2.5   2   3       3.7     4e+02   -2.1   0.0    30    61   307   340   298   346 0.75 -
Pcitr_chr5:4667526-4672970     -            512 30832at71240         -            609   1.9e-13   48.5   2.5   3   3   1.3e-11   1.4e-09   35.7   0.1   472   553   431   512   414   512 0.88 -
Pcitr_chr6:2374729-2385220     -            494 30832at71240         -            609   2.1e-13   48.3   1.0   1   3   0.00014     0.015   12.5   0.0    41   151   203   317   188   321 0.67 -
Pcitr_chr6:2374729-2385220     -            494 30832at71240         -            609   2.1e-13   48.3   1.0   2   3   2.7e-05     0.003   14.8   0.0    26    93   323   395   317   415 0.79 -
Pcitr_chr6:2374729-2385220     -            494 30832at71240         -            609   2.1e-13   48.3   1.0   3   3   2.9e-06   0.00032   18.0   0.0   489   552   430   494   422   494 0.85 -
Pcitr_chr6:4882411-4885085     -            505 30832at71240         -            609   1.3e-12   45.7   3.1   1   3       1.5   1.6e+02   -0.8   0.0   491   510   231   250   225   253 0.84 -
Pcitr_chr6:4882411-4885085     -            505 30832at71240         -            609   1.3e-12   45.7   3.1   2   3    0.0004     0.044   11.0   0.8    22    73   254   305   246   335 0.88 -
Pcitr_chr6:4882411-4885085     -            505 30832at71240         -            609   1.3e-12   45.7   3.1   3   3   9.4e-11     1e-08   32.9   0.0   470   551   422   503   407   505 0.84 -
Pcitr_chr6:16601000-16601515   -            172 30832at71240         -            609     2e-12   45.1   1.0   1   3      0.04       4.4    4.4   0.1    45    67     6    28     2    31 0.84 -
Pcitr_chr6:16601000-16601515   -            172 30832at71240         -            609     2e-12   45.1   1.0   2   3   3.4e-11   3.8e-09   34.3   0.2    28   110    31   110    27   117 0.91 -
Pcitr_chr6:16601000-16601515   -            172 30832at71240         -            609     2e-12   45.1   1.0   3   3     0.044       4.8    4.2   0.0    26    57   140   171   118   172 0.85 -
Pcitr_chr1:50945479-50944589   -            297 30832at71240         -            609   6.2e-12   43.5   7.8   1   3      0.37        41    1.2   0.1    28    60     6    36     2    92 0.74 -
Pcitr_chr1:50945479-50944589   -            297 30832at71240         -            609   6.2e-12   43.5   7.8   2   3   3.4e-07   3.7e-05   21.1   1.0    24   107   124   204   105   217 0.86 -
Pcitr_chr1:50945479-50944589   -            297 30832at71240         -            609   6.2e-12   43.5   7.8   3   3   5.1e-08   5.6e-06   23.8   0.1    27   103   222   296   214   297 0.85 -
Pcitr_chr1:37712796-37712290   -            169 30832at71240         -            609   6.8e-12   43.4   1.0   1   2   5.1e-07   5.6e-05   20.5   0.4    30   109     1    81     1    86 0.88 -
Pcitr_chr1:37712796-37712290   -            169 30832at71240         -            609   6.8e-12   43.4   1.0   2   2   1.6e-07   1.8e-05   22.2   0.0    25    78    84   137    80   145 0.89 -
Pcitr_chr5:29292776-29303396   -            904 30832at71240         -            609   9.1e-12   42.9   7.6   1   4      0.48        53    0.8   0.1    47   105   154   209   150   224 0.57 -
Pcitr_chr5:29292776-29303396   -            904 30832at71240         -            609   9.1e-12   42.9   7.6   2   4   0.00071     0.078   10.1   0.1    31   107   223   300   204   302 0.77 -
Pcitr_chr5:29292776-29303396   -            904 30832at71240         -            609   9.1e-12   42.9   7.6   3   4   1.2e-06   0.00013   19.3   0.2    29   162   265   401   260   407 0.85 -
Pcitr_chr5:29292776-29303396   -            904 30832at71240         -            609   9.1e-12   42.9   7.6   4   4   1.1e-07   1.2e-05   22.8   0.5    25   150   467   586   454   650 0.90 -
Pcitr_chr1:51481356-51479596   -            587 30832at71240         -            609   2.3e-11   41.6   7.1   1   3     0.035       3.9    4.5   0.0    28    98   337   406   328   416 0.78 -
Pcitr_chr1:51481356-51479596   -            587 30832at71240         -            609   2.3e-11   41.6   7.1   2   3   0.00057     0.063   10.5   0.0    25    76   420   471   408   483 0.88 -
Pcitr_chr1:51481356-51479596   -            587 30832at71240         -            609   2.3e-11   41.6   7.1   3   3   1.3e-07   1.5e-05   22.5   1.9   465   550   503   587   487   587 0.87 -
Pcitr_chr5:8032913-8032407     -            169 30832at71240         -            609   2.5e-11   41.5   1.0   1   2   2.2e-06   0.00024   18.4   0.4    30   108     1    80     1    85 0.87 -
Pcitr_chr5:8032913-8032407     -            169 30832at71240         -            609   2.5e-11   41.5   1.0   2   2   1.6e-07   1.8e-05   22.2   0.0    25    78    84   137    80   145 0.89 -
Pcitr_chr10:26626991-26632705  -            887 30832at71240         -            609   3.1e-11   41.2   1.4   1   2     4e-06   0.00044   17.6   0.2    38   150   340   448   330   465 0.76 -
Pcitr_chr10:26626991-26632705  -            887 30832at71240         -            609   3.1e-11   41.2   1.4   2   2   2.1e-07   2.3e-05   21.8   0.0   490   552   471   533   458   563 0.83 -
Pcitr_chr5:23689551-23688892   -            220 30832at71240         -            609   4.3e-11   40.7   4.1   1   2   0.00075     0.082   10.1   0.4   489   551     8    69     2    81 0.80 -
Pcitr_chr5:23689551-23688892   -            220 30832at71240         -            609   4.3e-11   40.7   4.1   2   2   1.4e-10   1.5e-08   32.3   0.4    21   147    76   208    74   219 0.76 -
Pcitr_Contig16:1039334-1041011 -            556 30832at71240         -            609   5.1e-11   40.5   8.4   1   3    0.0008     0.088   10.0   0.2   423   561   217   349   196   358 0.67 -
Pcitr_Contig16:1039334-1041011 -            556 30832at71240         -            609   5.1e-11   40.5   8.4   2   3    0.0013      0.14    9.3   0.0    25    76   389   440   364   452 0.88 -
Pcitr_Contig16:1039334-1041011 -            556 30832at71240         -            609   5.1e-11   40.5   8.4   3   3   4.9e-08   5.4e-06   23.9   1.7   465   550   472   556   447   556 0.88 -
Pcitr_chr5:22573709-22572032   -            556 30832at71240         -            609   5.1e-11   40.5   8.4   1   3    0.0008     0.088   10.0   0.2   423   561   217   349   196   358 0.67 -
Pcitr_chr5:22573709-22572032   -            556 30832at71240         -            609   5.1e-11   40.5   8.4   2   3    0.0013      0.14    9.3   0.0    25    76   389   440   364   452 0.88 -
Pcitr_chr5:22573709-22572032   -            556 30832at71240         -            609   5.1e-11   40.5   8.4   3   3   4.9e-08   5.4e-06   23.9   1.7   465   550   472   556   447   556 0.88 -
Pcitr_chr6:19900706-19884274   -            435 30832at71240         -            609   1.1e-10   39.4   1.5   1   4      0.25        28    1.7   0.0    28    61    39    73    22    82 0.76 -
Pcitr_chr6:19900706-19884274   -            435 30832at71240         -            609   1.1e-10   39.4   1.5   2   4   1.4e-07   1.5e-05   22.4   0.1    26   157    97   227    84   265 0.78 -
Pcitr_chr6:19900706-19884274   -            435 30832at71240         -            609   1.1e-10   39.4   1.5   3   4     0.024       2.7    5.1   0.0    22    63   302   343   292   366 0.85 -
Pcitr_chr6:19900706-19884274   -            435 30832at71240         -            609   1.1e-10   39.4   1.5   4   4     0.013       1.4    6.0   0.0   513   556   389   432   379   434 0.77 -
Pcitr_chr1:28897938-28897411   -            176 30832at71240         -            609   1.2e-10   39.3   5.0   1   2    0.0013      0.14    9.3   0.7   488   551     7    70     2    74 0.84 -
Pcitr_chr1:28897938-28897411   -            176 30832at71240         -            609   1.2e-10   39.3   5.0   2   2   1.6e-10   1.8e-08   32.1   0.3    27   108    87   165    79   171 0.86 -
Pcitr_chr1:48097188-48096307   -            294 30832at71240         -            609   1.6e-10   38.9   5.6   1   3       1.8   1.9e+02   -1.1   0.0    28    61     4    35     2    98 0.69 -
Pcitr_chr1:48097188-48096307   -            294 30832at71240         -            609   1.6e-10   38.9   5.6   2   3   3.4e-05    0.0038   14.5   0.3    30   101   132   200   114   207 0.84 -
Pcitr_chr1:48097188-48096307   -            294 30832at71240         -            609   1.6e-10   38.9   5.6   3   3   9.1e-09     1e-06   26.3   0.2    23   105   213   293   209   294 0.85 -
Pcitr_chr7:12894677-12889959   -            293 30832at71240         -            609     2e-10   38.5   0.7   1   4   1.3e-08   1.4e-06   25.8   0.3    25   105    12    94     7    97 0.87 -
Pcitr_chr7:12894677-12889959   -            293 30832at71240         -            609     2e-10   38.5   0.7   2   4   0.00085     0.093    9.9   0.0    25    77    58   112    54   141 0.73 -
Pcitr_chr7:12894677-12889959   -            293 30832at71240         -            609     2e-10   38.5   0.7   3   4      0.49        54    0.8   0.0    38    82   153   196   143   202 0.88 -
Pcitr_chr7:12894677-12889959   -            293 30832at71240         -            609     2e-10   38.5   0.7   4   4      0.02       2.2    5.3   0.0   490   544   231   284   222   288 0.70 -
Pcitr_chr1:28919401-28920288   -            296 30832at71240         -            609   6.2e-10   36.9   5.6   1   4      0.04       4.4    4.4   0.0    27    62     8    43     3    54 0.85 -
Pcitr_chr1:28919401-28920288   -            296 30832at71240         -            609   6.2e-10   36.9   5.6   2   4   0.00019     0.021   12.0   0.4   495   551    69   126    61   141 0.82 -
Pcitr_chr1:28919401-28920288   -            296 30832at71240         -            609   6.2e-10   36.9   5.6   3   4   8.7e-05    0.0095   13.2   0.0   489   550   147   208   127   229 0.88 -
Pcitr_chr1:28919401-28920288   -            296 30832at71240         -            609   6.2e-10   36.9   5.6   4   4     0.005      0.55    7.3   0.0   492   529   238   275   230   280 0.85 -
Pcitr_chr5:32325755-32326588   -            278 30832at71240         -            609   9.2e-10   36.3   5.9   1   4    0.0032      0.35    8.0   0.0   496   542    10    57     2    60 0.85 -
Pcitr_chr5:32325755-32326588   -            278 30832at71240         -            609   9.2e-10   36.3   5.9   2   4   0.00026     0.029   11.6   0.5   496   551    52   108    45   119 0.80 -
Pcitr_chr5:32325755-32326588   -            278 30832at71240         -            609   9.2e-10   36.3   5.9   3   4   9.7e-05     0.011   13.0   0.0   490   550   130   190   108   211 0.87 -
Pcitr_chr5:32325755-32326588   -            278 30832at71240         -            609   9.2e-10   36.3   5.9   4   4    0.0039      0.43    7.7   0.0   491   529   219   257   208   268 0.88 -
Pcitr_chr1:52493734-52493075   -            220 30832at71240         -            609   1.6e-09   35.5   3.9   1   2    0.0051      0.56    7.3   0.4    44   102    12    66     1    70 0.48 -
Pcitr_chr1:52493734-52493075   -            220 30832at71240         -            609   1.6e-09   35.5   3.9   2   2   2.7e-09   2.9e-07   28.1   0.3    21   145    76   206    72   215 0.75 -
Pcitr_chr11:16617164-16618075  -            304 30832at71240         -            609   4.2e-09   34.2   4.6   1   3       7.8   8.6e+02   -3.2   0.0    33    64    26    55    13    62 0.65 -
Pcitr_chr11:16617164-16618075  -            304 30832at71240         -            609   4.2e-09   34.2   4.6   2   3   0.00082      0.09    9.9   0.5    30   106    94   166    68   176 0.84 -
Pcitr_chr11:16617164-16618075  -            304 30832at71240         -            609   4.2e-09   34.2   4.6   3   3   1.2e-08   1.3e-06   25.9   0.2    22   146   176   300   171   304 0.85 -
Pcitr_chr3:25546965-25547909   -            315 30832at71240         -            609   7.6e-08   30.0   8.5   1   3      0.38        42    1.1   0.0   536   575    42    81     1   106 0.54 -
Pcitr_chr3:25546965-25547909   -            315 30832at71240         -            609   7.6e-08   30.0   8.5   2   3   1.7e-05    0.0018   15.5   1.5    31   106   102   173    74   186 0.82 -
Pcitr_chr3:25546965-25547909   -            315 30832at71240         -            609   7.6e-08   30.0   8.5   3   3   7.5e-06   0.00083   16.7   0.2    33   131   193   289   180   311 0.86 -
Pcitr_chr4:24191097-24191261   -             55 30832at71240         -            609   1.1e-07   29.4   0.2   1   1   1.1e-09   1.2e-07   29.3   0.2    48   103     2    54     1    55 0.69 -
Pcitr_chr7:16120608-16120444   -             55 30832at71240         -            609   1.1e-07   29.4   0.2   1   1   1.1e-09   1.2e-07   29.3   0.2    48   103     2    54     1    55 0.69 -
Pcitr_chr10:30549019-30548634  -            104 30832at71240         -            609   1.9e-07   28.7   3.5   1   2    0.0047      0.52    7.4   0.3   532   557     6    31     2    35 0.66 -
Pcitr_chr10:30549019-30548634  -            104 30832at71240         -            609   1.9e-07   28.7   3.5   2   2   9.4e-08     1e-05   23.0   0.4    27    78    34    87    31    93 0.84 -
Pcitr_chr2:6286097-6286488     -            105 30832at71240         -            609   2.2e-07   28.4   3.2   1   2    0.0033      0.36    7.9   0.2   532   560     6    34     2    37 0.70 -
Pcitr_chr2:6286097-6286488     -            105 30832at71240         -            609   2.2e-07   28.4   3.2   2   2   1.2e-07   1.3e-05   22.6   0.4    27    75    34    81    29    93 0.87 -
Pcitr_chr11:956526-956017      -            170 30832at71240         -            609   3.1e-07   28.0   2.9   1   2    0.0069      0.76    6.9   0.4    29    62     2    35     1    47 0.90 -
Pcitr_chr11:956526-956017      -            170 30832at71240         -            609   3.1e-07   28.0   2.9   2   2   2.4e-07   2.7e-05   21.6   0.2    26   147    47   167    35   170 0.83 -
Pcitr_chr5:3754641-3755315     -            225 30832at71240         -            609   4.7e-07   27.4   4.5   1   2   1.3e-05    0.0014   15.9   1.0    29   102   106   176    93   183 0.83 -
Pcitr_chr5:3754641-3755315     -            225 30832at71240         -            609   4.7e-07   27.4   4.5   2   2   0.00017     0.019   12.2   0.1    23    60   188   225   184   225 0.91 -
Pcitr_chr10:969306-970268      -            321 30832at71240         -            609   6.2e-07   27.0   2.5   1   3      0.96     1e+02   -0.2   0.0    28    63     4    37     2    48 0.79 -
Pcitr_chr10:969306-970268      -            321 30832at71240         -            609   6.2e-07   27.0   2.5   2   3    0.0096         1    6.4   0.1    29   105   104   177    83   194 0.82 -
Pcitr_chr10:969306-970268      -            321 30832at71240         -            609   6.2e-07   27.0   2.5   3   3     2e-06   0.00021   18.6   0.0    33   145   196   318   184   320 0.75 -
Pcitr_chr6:18072980-18072099   -            294 30832at71240         -            609   8.1e-07   26.6   6.5   1   2   0.00058     0.064   10.4   0.6    30   106    67   139    42   148 0.84 -
Pcitr_chr6:18072980-18072099   -            294 30832at71240         -            609   8.1e-07   26.6   6.5   2   2   2.3e-06   0.00025   18.3   0.8    29   133   155   256   146   286 0.72 -
Pcitr_chr8:23772570-23773229   -            220 30832at71240         -            609   9.5e-07   26.4   3.5   1   2    0.0061      0.67    7.1   0.6    45   551    14    70     2    79 0.56 -
Pcitr_chr8:23772570-23773229   -            220 30832at71240         -            609   9.5e-07   26.4   3.5   2   2   7.1e-07   7.8e-05   20.1   0.1    31   148    89   210    78   218 0.79 -
Pcitr_chr9:29398503-29394519   -            438 30832at71240         -            609   1.2e-06   26.1   1.0   1   3   0.00015     0.016   12.4   0.2    27   154   136   261   125   272 0.76 -
Pcitr_chr9:29398503-29394519   -            438 30832at71240         -            609   1.2e-06   26.1   1.0   2   3         1   1.1e+02   -0.3   0.0   523   552   320   349   275   354 0.73 -
Pcitr_chr9:29398503-29394519   -            438 30832at71240         -            609   1.2e-06   26.1   1.0   3   3   0.00037     0.041   11.1   0.0   466   539   354   425   337   437 0.77 -
Pcitr_chr9:7313711-7314361     -            217 30832at71240         -            609     2e-06   25.3   4.4   1   2   0.00086     0.095    9.9   0.6   491   551    12    71     3    81 0.84 -
Pcitr_chr9:7313711-7314361     -            217 30832at71240         -            609     2e-06   25.3   4.4   2   2   6.4e-06    0.0007   16.9   0.2    32   130    91   186    80   215 0.83 -
Pcitr_chr4:35659886-35659590   -             99 30832at71240         -            609     2e-06   25.3   2.0   1   2    0.0022      0.25    8.5   0.3    30    63     3    36     1    44 0.91 -
Pcitr_chr4:35659886-35659590   -             99 30832at71240         -            609     2e-06   25.3   2.0   2   2   5.6e-06   0.00061   17.1   0.1    26    74    47    98    36    99 0.87 -
Pcitr_chr10:20946292-20945600  -            231 30832at71240         -            609   2.5e-06   25.0   0.0   1   2   0.00033     0.036   11.2   0.0    29    86    68   124    49   142 0.78 -
Pcitr_chr10:20946292-20945600  -            231 30832at71240         -            609   2.5e-06   25.0   0.0   2   2     1e-05    0.0011   16.2   0.1    27   123   108   201   107   211 0.78 -
Pcitr_chr9:7334037-7334912     -            292 30832at71240         -            609     4e-06   24.3   6.2   1   3       1.1   1.2e+02   -0.4   0.0    30    65     8    41     4    50 0.75 -
Pcitr_chr9:7334037-7334912     -            292 30832at71240         -            609     4e-06   24.3   6.2   2   3   0.00062     0.068   10.3   0.7   485   551    86   151    41   159 0.75 -
Pcitr_chr9:7334037-7334912     -            292 30832at71240         -            609     4e-06   24.3   6.2   3   3   1.4e-05    0.0016   15.7   0.2    32   130   171   266   160   289 0.85 -
Pcitr_chr10:963958-964920      -            321 30832at71240         -            609   4.1e-06   24.3   2.7   1   3       1.1   1.2e+02   -0.4   0.1    28    62     4    36     2    48 0.80 -
Pcitr_chr10:963958-964920      -            321 30832at71240         -            609   4.1e-06   24.3   2.7   2   3    0.0094         1    6.4   0.1    29   105   104   177    82   194 0.81 -
Pcitr_chr10:963958-964920      -            321 30832at71240         -            609   4.1e-06   24.3   2.7   3   3   9.9e-06    0.0011   16.3   0.0    33   144   196   317   184   320 0.72 -
Pcitr_chr6:14678945-14678292   -            218 30832at71240         -            609   6.3e-06   23.6   3.4   1   2   0.00087     0.095    9.9   0.2    31   106     6    77     4    88 0.75 -
Pcitr_chr6:14678945-14678292   -            218 30832at71240         -            609   6.3e-06   23.6   3.4   2   2   4.2e-05    0.0046   14.2   0.3    25   133    89   193    84   216 0.80 -
Pcitr_chr3:7988995-7989369     -            125 30832at71240         -            609   8.2e-06   23.3   0.9   1   2     0.022       2.4    5.2   0.1    30    63     2    35     1    42 0.92 -
Pcitr_chr3:7988995-7989369     -            125 30832at71240         -            609   8.2e-06   23.3   0.9   2   2   4.9e-06   0.00053   17.3   0.1    26    75    46    98    35   113 0.87 -
Pcitr_chr1:20967015-20970406   -            701 30832at71240         -            609   2.5e-05   21.7   0.1   1   2   0.00044     0.048   10.8   0.0    23   104   195   280   191   292 0.73 -
Pcitr_chr1:20967015-20970406   -            701 30832at71240         -            609   2.5e-05   21.7   0.1   2   2    0.0067      0.73    6.9   0.0    35   112   387   465   381   470 0.60 -
Pcitr_chr10:26185854-26186087  -             78 30832at71240         -            609   3.6e-05   21.2   0.0   1   1   3.4e-07   3.7e-05   21.1   0.0    26    96     1    70     1    78 0.89 -
Pcitr_chr10:529299-528640      -            220 30832at71240         -            609   4.3e-05   20.9   5.5   1   3     0.001      0.11    9.6   0.1    74   155    12    91     6   101 0.76 -
Pcitr_chr10:529299-528640      -            220 30832at71240         -            609   4.3e-05   20.9   5.5   2   3   9.9e-06    0.0011   16.3   1.2   493   561    69   139    64   145 0.78 -
Pcitr_chr10:529299-528640      -            220 30832at71240         -            609   4.3e-05   20.9   5.5   3   3     0.037       4.1    4.5   0.0    28    66   139   178   136   191 0.79 -
Pcitr_chr10:23303941-23311677  -            783 30832at71240         -            609   4.7e-05   20.8   9.2   1   6      0.11        13    2.9   0.2    32    86    14    65     9    69 0.76 -
Pcitr_chr10:23303941-23311677  -            783 30832at71240         -            609   4.7e-05   20.8   9.2   2   6     0.023       2.6    5.1   0.2    28   107    50   145    42   158 0.65 -
Pcitr_chr10:23303941-23311677  -            783 30832at71240         -            609   4.7e-05   20.8   9.2   3   6         3   3.3e+02   -1.8   0.0    42    61   234   253   207   258 0.75 -
Pcitr_chr10:23303941-23311677  -            783 30832at71240         -            609   4.7e-05   20.8   9.2   4   6       8.8   9.6e+02   -3.4   0.0   538   557   324   343   317   353 0.71 -
Pcitr_chr10:23303941-23311677  -            783 30832at71240         -            609   4.7e-05   20.8   9.2   5   6    0.0016      0.18    8.9   0.0    29   106   402   488   396   497 0.78 -
Pcitr_chr10:23303941-23311677  -            783 30832at71240         -            609   4.7e-05   20.8   9.2   6   6    0.0081      0.89    6.6   0.0    28    66   634   672   628   687 0.83 -
Pcitr_chr3:3457072-3457974     -            301 30832at71240         -            609     7e-05   20.2   8.5   1   4     0.071       7.7    3.5   0.1    26    63     4    42     1    50 0.82 -
Pcitr_chr3:3457072-3457974     -            301 30832at71240         -            609     7e-05   20.2   8.5   2   4     3e-06   0.00033   18.0   0.4    27   105    50   132    43   136 0.87 -
Pcitr_chr3:3457072-3457974     -            301 30832at71240         -            609     7e-05   20.2   8.5   3   4         2   2.2e+02   -1.3   0.0   538   551   178   191   162   199 0.74 -
Pcitr_chr3:3457072-3457974     -            301 30832at71240         -            609     7e-05   20.2   8.5   4   4      0.37        40    1.2   0.2   480   509   212   241   198   290 0.74 -
Pcitr_chr8:1727247-1721409     -            432 30832at71240         -            609     8e-05   20.0   1.7   1   3     0.047       5.1    4.1   0.1    40    81   209   251   197   276 0.78 -
Pcitr_chr8:1727247-1721409     -            432 30832at71240         -            609     8e-05   20.0   1.7   2   3    0.0006     0.066   10.4   0.0    14    65   276   327   264   335 0.88 -
Pcitr_chr8:1727247-1721409     -            432 30832at71240         -            609     8e-05   20.0   1.7   3   3      0.11        12    2.9   0.0   538   552   415   429   409   431 0.89 -
Pcitr_chr5:17782688-17780939   -            331 30832at71240         -            609   0.00012   19.4   0.1   1   3     0.042       4.6    4.3   0.0    42   130    40   129    28   143 0.82 -
Pcitr_chr5:17782688-17780939   -            331 30832at71240         -            609   0.00012   19.4   0.1   2   3     0.026       2.9    5.0   0.0    44    77   211   244   202   250 0.90 -
Pcitr_chr5:17782688-17780939   -            331 30832at71240         -            609   0.00012   19.4   0.1   3   3    0.0093         1    6.5   0.1   128   184   258   314   251   322 0.85 -
Pcitr_chr1:36143340-36138251   -            511 30832at71240         -            609   0.00016   19.0   0.2   1   3   3.3e-05    0.0037   14.5   0.0   491   553   227   289   181   331 0.80 -
Pcitr_chr1:36143340-36138251   -            511 30832at71240         -            609   0.00016   19.0   0.2   2   3      0.46        51    0.8   0.0    48    83   356   391   351   410 0.83 -
Pcitr_chr1:36143340-36138251   -            511 30832at71240         -            609   0.00016   19.0   0.2   3   3       5.3   5.8e+02   -2.7   0.0    89   106   432   449   404   452 0.80 -
Pcitr_chr10:22143342-22142437  -            302 30832at71240         -            609   0.00021   18.6   7.3   1   4      0.28        30    1.6   0.0    29    59     8    38     2    49 0.86 -
Pcitr_chr10:22143342-22142437  -            302 30832at71240         -            609   0.00021   18.6   7.3   2   4    0.0041      0.45    7.6   0.1    27    61    51    87    42    94 0.85 -
Pcitr_chr10:22143342-22142437  -            302 30832at71240         -            609   0.00021   18.6   7.3   3   4   0.00096       0.1    9.7   0.7    23   145    94   238    91   249 0.69 -
Pcitr_chr10:22143342-22142437  -            302 30832at71240         -            609   0.00021   18.6   7.3   4   4      0.78        86    0.1   0.1    27    60   254   287   242   299 0.84 -
Pcitr_chr8:22084333-22084596   -             88 30832at71240         -            609   0.00032   18.0   0.1   1   2      0.22        24    1.9   0.0   497   522     2    27     1    37 0.59 -
Pcitr_chr8:22084333-22084596   -             88 30832at71240         -            609   0.00032   18.0   0.1   2   2   6.1e-05    0.0066   13.7   0.0   490   524    37    71    28    88 0.77 -
Pcitr_chr4:36571343-36572302   -            320 30832at71240         -            609   0.00039   17.7   0.1   1   2    0.0022      0.24    8.5   0.0    96   154   131   186    78   217 0.70 -
Pcitr_chr4:36571343-36572302   -            320 30832at71240         -            609   0.00039   17.7   0.1   2   2    0.0049      0.54    7.4   0.0    28    61   239   273   234   278 0.87 -
Pcitr_Contig34:776610-781734   -            518 30832at71240         -            609   0.00041   17.7   0.4   1   4   0.00097      0.11    9.7   0.1   493   552   231   295   186   315 0.55 -
Pcitr_Contig34:776610-781734   -            518 30832at71240         -            609   0.00041   17.7   0.4   2   4    0.0023      0.25    8.5   0.0    30    80   264   313   260   346 0.84 -
Pcitr_Contig34:776610-781734   -            518 30832at71240         -            609   0.00041   17.7   0.4   3   4      0.12        13    2.8   0.0    48    75   363   390   358   392 0.92 -
Pcitr_Contig34:776610-781734   -            518 30832at71240         -            609   0.00041   17.7   0.4   4   4       6.3   6.9e+02   -2.9   0.0    89   106   439   456   416   461 0.75 -
Pcitr_chr4:39665678-39664776   -            301 30832at71240         -            609   0.00051   17.4   7.3   1   5      0.37        41    1.2   0.0    29    59     8    38     2    48 0.84 -
Pcitr_chr4:39665678-39664776   -            301 30832at71240         -            609   0.00051   17.4   7.3   2   5   0.00011     0.013   12.8   0.6    27   104    50   131    38   133 0.81 -
Pcitr_chr4:39665678-39664776   -            301 30832at71240         -            609   0.00051   17.4   7.3   3   5     0.022       2.4    5.2   0.1    28    95    98   170    90   180 0.73 -
Pcitr_chr4:39665678-39664776   -            301 30832at71240         -            609   0.00051   17.4   7.3   4   5       4.9   5.4e+02   -2.5   0.0   539   551   179   191   174   195 0.82 -
Pcitr_chr4:39665678-39664776   -            301 30832at71240         -            609   0.00051   17.4   7.3   5   5      0.17        18    2.3   0.2   480   509   212   241   199   289 0.79 -
Pcitr_chr11:6013206-6013862    -            219 30832at71240         -            609   0.00051   17.4   1.1   1   2      0.01       1.1    6.3   0.0    29    61     4    36     1    76 0.70 -
Pcitr_chr11:6013206-6013862    -            219 30832at71240         -            609   0.00051   17.4   1.1   2   2    0.0014      0.16    9.1   1.1    31   153    63   188    43   206 0.71 -
Pcitr_chr1:26081732-26091654   -           1357 30832at71240         -            609   0.00064   17.0   0.2   1   3   0.00056     0.061   10.5   0.1    27    64   238   275   223   280 0.91 -
Pcitr_chr1:26081732-26091654   -           1357 30832at71240         -            609   0.00064   17.0   0.2   2   3     0.093        10    3.1   0.0   512   583   327   398   306   420 0.79 -
Pcitr_chr1:26081732-26091654   -           1357 30832at71240         -            609   0.00064   17.0   0.2   3   3       7.1   7.8e+02   -3.1   0.0    46    79  1072  1107  1069  1115 0.71 -
Pcitr_chr1:11143813-11144295   -            161 30832at71240         -            609   0.00066   17.0   0.0   1   1   8.7e-06   0.00095   16.5   0.0    48   155     6   114     1   130 0.81 -
Pcitr_chr4:39542289-39542933   -            215 30832at71240         -            609   0.00068   16.9   0.1   1   3    0.0069      0.76    6.9   0.0    25    62    19    55     4   101 0.74 -
Pcitr_chr4:39542289-39542933   -            215 30832at71240         -            609   0.00068   16.9   0.1   2   3    0.0055       0.6    7.2   0.0    25    86   112   173    96   175 0.81 -
Pcitr_chr4:39542289-39542933   -            215 30832at71240         -            609   0.00068   16.9   0.1   3   3     0.036       3.9    4.5   0.0   494   553   130   201   125   210 0.58 -
Pcitr_chr1:24861009-24858201   -            396 30832at71240         -            609   0.00071   16.9   1.0   1   1   1.5e-05    0.0017   15.7   1.0    27   149    80   202    52   211 0.87 -
Pcitr_chr2:4770682-4769690     -            331 30832at71240         -            609   0.00083   16.6   0.4   1   2      0.23        25    1.9   0.1   119   154   162   195    83   213 0.69 -
Pcitr_chr2:4770682-4769690     -            331 30832at71240         -            609   0.00083   16.6   0.4   2   2   0.00012     0.013   12.7   0.0    27    63   247   284   242   290 0.87 -
Pcitr_chr11:15406555-15401749  -            382 30832at71240         -            609   0.00086   16.6   0.1   1   2    0.0016      0.18    9.0   0.1    28   105    13    91    10   124 0.69 -
Pcitr_chr11:15406555-15401749  -            382 30832at71240         -            609   0.00086   16.6   0.1   2   2     0.024       2.7    5.1   0.0    28    60   345   376   330   381 0.87 -
Pcitr_chr5:39389128-39396578   -            789 30832at71240         -            609    0.0012   16.1   0.2   1   2    0.0024      0.26    8.4   0.1    29    70   399   440   381   451 0.83 -
Pcitr_chr5:39389128-39396578   -            789 30832at71240         -            609    0.0012   16.1   0.2   2   2     0.018         2    5.5   0.0    33   115   493   582   479   599 0.79 -
Pcitr_chr1:11060735-11060106   -            210 30832at71240         -            609    0.0013   16.0   0.0   1   1   1.4e-05    0.0015   15.8   0.0    46   152    99   206    65   210 0.80 -
Pcitr_chr11:1325839-1326870    -            344 30832at71240         -            609    0.0015   15.8   0.3   1   2      0.17        19    2.3   0.0   129   155   186   212   173   229 0.79 -
Pcitr_chr11:1325839-1326870    -            344 30832at71240         -            609    0.0015   15.8   0.3   2   2   0.00056     0.061   10.5   0.0    26    61   262   298   254   308 0.86 -
Pcitr_chr11:5994838-5995509    -            224 30832at71240         -            609    0.0017   15.7   0.4   1   2     0.013       1.5    5.9   0.0    28    60    39    71    34   109 0.80 -
Pcitr_chr11:5994838-5995509    -            224 30832at71240         -            609    0.0017   15.7   0.4   2   2    0.0039      0.43    7.7   0.2    45   150   113   221    94   224 0.71 -
Pcitr_chr1:24273910-24274701   -            264 30832at71240         -            609     0.002   15.4   0.3   1   2   0.00025     0.028   11.6   0.1   497   571    50   125    45   129 0.81 -
Pcitr_chr1:24273910-24274701   -            264 30832at71240         -            609     0.002   15.4   0.3   2   2      0.16        18    2.4   0.0    43   109   131   203   113   212 0.67 -
Pcitr_Contig53:54664-41901     -            421 30832at71240         -            609    0.0021   15.3   1.7   1   3      0.24        26    1.8   0.0    74   109   127   160   109   166 0.73 -
Pcitr_Contig53:54664-41901     -            421 30832at71240         -            609    0.0021   15.3   1.7   2   3     0.028       3.1    4.9   0.1    38   104   314   379   306   381 0.68 -
Pcitr_Contig53:54664-41901     -            421 30832at71240         -            609    0.0021   15.3   1.7   3   3    0.0065      0.71    7.0   0.1   487   525   358   396   351   413 0.78 -
Pcitr_chr4:28758587-28776562   -            234 30832at71240         -            609    0.0036   14.5   1.0   1   4     0.014       1.6    5.8   0.1    30    56    12    38     5    45 0.83 -
Pcitr_chr4:28758587-28776562   -            234 30832at71240         -            609    0.0036   14.5   1.0   2   4      0.59        65    0.5   0.0    24    45    45    66    38    83 0.84 -
Pcitr_chr4:28758587-28776562   -            234 30832at71240         -            609    0.0036   14.5   1.0   3   4      0.67        73    0.3   0.0    27    63   134   170   117   182 0.78 -
Pcitr_chr4:28758587-28776562   -            234 30832at71240         -            609    0.0036   14.5   1.0   4   4     0.089       9.8    3.2   0.0    35    73   184   222   174   231 0.75 -
Pcitr_chr6:10652430-10651507   -            308 30832at71240         -            609    0.0039   14.5   6.5   1   5      0.24        26    1.8   0.0   493   577     1    83     1   108 0.62 -
Pcitr_chr6:10652430-10651507   -            308 30832at71240         -            609    0.0039   14.5   6.5   2   5     0.068       7.5    3.6   0.3    45    74   114   143   101   170 0.82 -
Pcitr_chr6:10652430-10651507   -            308 30832at71240         -            609    0.0039   14.5   6.5   3   5      0.41        45    1.0   0.1    27    71   138   180   127   198 0.71 -
Pcitr_chr6:10652430-10651507   -            308 30832at71240         -            609    0.0039   14.5   6.5   4   5       4.9   5.4e+02   -2.5   0.1   490   510   197   217   175   228 0.58 -
Pcitr_chr6:10652430-10651507   -            308 30832at71240         -            609    0.0039   14.5   6.5   5   5   0.00065     0.071   10.3   0.0   490   550   241   308   227   308 0.65 -
Pcitr_chr6:290516-286136       -            548 30832at71240         -            609    0.0048   14.1   1.4   1   4       3.9   4.2e+02   -2.2   0.0   521   551    11    41     3    48 0.81 -
Pcitr_chr6:290516-286136       -            548 30832at71240         -            609    0.0048   14.1   1.4   2   4      0.28        31    1.6   0.0    25    61    58    94    50   108 0.85 -
Pcitr_chr6:290516-286136       -            548 30832at71240         -            609    0.0048   14.1   1.4   3   4    0.0027      0.29    8.2   0.2   491   551   123   183   115   195 0.83 -
Pcitr_chr6:290516-286136       -            548 30832at71240         -            609    0.0048   14.1   1.4   4   4         2   2.2e+02   -1.2   0.0    31    63   335   367   331   376 0.75 -
Pcitr_chr3:7148513-7147539     -            325 30832at71240         -            609    0.0049   14.1   0.1   1   2      0.15        16    2.5   0.0   127   154   159   186    97   194 0.80 -
Pcitr_chr3:7148513-7147539     -            325 30832at71240         -            609    0.0049   14.1   0.1   2   2     0.001      0.11    9.6   0.0    27    62   238   274   227   284 0.87 -
Pcitr_chr3:24922771-24863676   -            413 30832at71240         -            609    0.0075   13.5   0.5   1   1   9.7e-05     0.011   13.0   0.5   490   566    30   104     7   131 0.75 -
Pcitr_chr1:54636998-54637189   -             64 30832at71240         -            609    0.0079   13.4   0.0   1   1   7.3e-05    0.0079   13.4   0.0    36    87     6    56     1    64 0.76 -
Pcitr_chr11:1412878-1418443    -            823 30832at71240         -            609     0.011   13.0   1.6   1   2    0.0026      0.28    8.3   0.0    28    85   272   336   257   357 0.76 -
Pcitr_chr11:1412878-1418443    -            823 30832at71240         -            609     0.011   13.0   1.6   2   2     0.079       8.7    3.4   0.4    27    66   384   423   369   427 0.86 -
Pcitr_chr1:32790993-32791367   -            125 30832at71240         -            609     0.012   12.8   0.0   1   1   0.00011     0.013   12.8   0.0   496   552    56   113    27   124 0.81 -
Pcitr_chr3:25295251-25307553   -            745 30832at71240         -            609     0.012   12.8   5.3   1   3      0.32        35    1.4   0.0    20    74    52   110    44   117 0.71 -
Pcitr_chr3:25295251-25307553   -            745 30832at71240         -            609     0.012   12.8   5.3   2   3      0.14        16    2.5   0.2    26    61   144   178   120   192 0.67 -
Pcitr_chr3:25295251-25307553   -            745 30832at71240         -            609     0.012   12.8   5.3   3   3    0.0025      0.28    8.3   0.4   495   561   202   266   179   291 0.81 -
Pcitr_chr7:16119887-16119423   -            155 30832at71240         -            609     0.014   12.6   0.0   1   1   0.00014     0.016   12.4   0.0    27    74     5    52     2    78 0.91 -
Pcitr_chr4:24192069-24192566   -            166 30832at71240         -            609     0.016   12.4   0.1   1   1   0.00017     0.019   12.2   0.1    27    74     5    52     2    76 0.91 -
Pcitr_chr5:6787437-6787261     -             59 30832at71240         -            609     0.018   12.3   0.0   1   1   0.00017     0.019   12.2   0.0    43    87     8    51     2    59 0.67 -
Pcitr_chr3:18761255-18762208   -            318 30832at71240         -            609     0.019   12.2   0.5   1   3       2.4   2.7e+02   -1.5   0.0    35    61    27    53     2    66 0.62 -
Pcitr_chr3:18761255-18762208   -            318 30832at71240         -            609     0.019   12.2   0.5   2   3       4.2   4.6e+02   -2.3   0.0    35    60   174   199   137   217 0.74 -
Pcitr_chr3:18761255-18762208   -            318 30832at71240         -            609     0.019   12.2   0.5   3   3   0.00064      0.07   10.3   0.1   490   550   256   318   245   318 0.80 -
Pcitr_chr5:34451914-34462819   -           1555 30832at71240         -            609     0.023   11.9   0.2   1   1   0.00054      0.06   10.5   0.2    27    71  1136  1178  1132  1347 0.83 -
Pcitr_chr1:28195582-28195037   -            182 30832at71240         -            609     0.044   11.0   0.1   1   1   0.00052     0.057   10.6   0.1   484   554    13    87     7   103 0.75 -
Pcitr_chr7:935981-941204       -            555 30832at71240         -            609     0.096    9.8   0.0   1   3     0.032       3.5    4.7   0.1    73   156   169   252   162   258 0.80 -
Pcitr_chr7:935981-941204       -            555 30832at71240         -            609     0.096    9.8   0.0   2   3   0.00087     0.096    9.8   0.0   200   244   328   373   312   391 0.80 -
Pcitr_chr7:935981-941204       -            555 30832at71240         -            609     0.096    9.8   0.0   3   3       9.3     1e+03   -3.4   0.0   530   553   475   497   452   503 0.63 -
Pcitr_chr10:31831035-31828925  -            217 30832at71240         -            609      0.12    9.5   0.0   1   2    0.0011      0.12    9.5   0.0   315   355    12    52     6    92 0.77 -
Pcitr_chr10:31831035-31828925  -            217 30832at71240         -            609      0.12    9.5   0.0   2   2       1.3   1.4e+02   -0.6   3.6   356   427   139   211   127   215 0.63 -
#
# Program:         hmmsearch
# Version:         3.3.2 (Nov 2020)
# Pipeline mode:   SEARCH
# Query file:      /scratch/srb67793/Pelargonium/busco_downloads/lineages/eudicots_odb10/hmms/30832at71240.hmm
# Target file:     /scratch/srb67793/Pelargonium/Pelargonium-PreviousAssembly-busco/run_eudicots_odb10/metaeuk_output/initial_results/Pcitr_Genome-final.fasta.modified.fas
# Option settings: hmmsearch --domtblout /scratch/srb67793/Pelargonium/Pelargonium-PreviousAssembly-busco/run_eudicots_odb10/hmmer_output/initial_run_results/30832at71240.out --cpu 1 /scratch/srb67793/Pelargonium/busco_downloads/lineages/eudicots_odb10/hmms/30832at71240.hmm /scratch/srb67793/Pelargonium/Pelargonium-PreviousAssembly-busco/run_eudicots_odb10/metaeuk_output/initial_results/Pcitr_Genome-final.fasta.modified.fas 
# Current dir:     /scratch/srb67793/Pelargonium
# Date:            Tue Jul  9 10:56:59 2024
# [ok]
