#                                                                                    --- full sequence --- -------------- this domain -------------   hmm coord   ali coord   env coord
# target name                accession   tlen query name           accession   qlen   E-value  score  bias   #  of  c-Evalue  i-Evalue  score  bias  from    to  from    to  from    to  acc description of target
#        ------------------- ---------- ----- -------------------- ---------- ----- --------- ------ ----- --- --- --------- --------- ------ ----- ----- ----- ----- ----- ----- ----- ---- ---------------------
Pcitr_chr7:18116954-18104299 -            514 31131at71240         -            459  1.1e-259  860.7   4.3   1   1  4.8e-262  2.7e-259  859.4   4.3     1   459     2   506     2   506 0.93 -
Pcitr_chr5:5140347-5144798   -            527 31131at71240         -            459  1.4e-208  692.3   4.1   1   1  5.1e-211  2.9e-208  691.2   4.1     1   459    11   512    11   512 0.92 -
Pcitr_chr5:37286961-37290286 -            523 31131at71240         -            459    2e-200  665.4   5.3   1   1  4.5e-203  2.6e-200  665.0   5.3     2   459    23   521    22   521 0.90 -
Pcitr_chr4:23869360-23864722 -            521 31131at71240         -            459    6e-190  630.8   4.0   1   1  1.6e-192  9.3e-190  630.2   4.0     1   459    23   515    23   515 0.91 -
Pcitr_chr2:15153334-15155522 -            272 31131at71240         -            459  3.4e-101  338.2   0.2   1   1    1e-103  5.9e-101  337.4   0.2    26   266     1   272     1   272 0.91 -
Pcitr_chr3:6683806-6686364   -            356 31131at71240         -            459     2e-86  289.5   5.5   1   3   3.8e-13   2.2e-10   38.9   0.1    42   169     1   139     1   142 0.72 -
Pcitr_chr3:6683806-6686364   -            356 31131at71240         -            459     2e-86  289.5   5.5   2   3   1.7e-64   9.9e-62  208.1   0.2   194   368   140   320   138   323 0.95 -
Pcitr_chr3:6683806-6686364   -            356 31131at71240         -            459     2e-86  289.5   5.5   3   3     3e-15   1.7e-12   45.8   0.1   411   445   322   356   320   356 0.95 -
Pcitr_chr3:6673732-6670173   -            310 31131at71240         -            459   8.1e-77  257.9   1.1   1   2   3.9e-13   2.3e-10   38.8   0.0    45   168     3   131     1   134 0.81 -
Pcitr_chr3:6673732-6670173   -            310 31131at71240         -            459   8.1e-77  257.9   1.1   2   2     9e-68   5.2e-65  219.0   0.2   194   368   133   310   131   310 0.97 -
Pcitr_chr9:9767295-9768915   -            293 31131at71240         -            459   8.6e-54  182.0  11.5   1   4    0.0035         2    6.0   0.0   127   169    53    99    36   104 0.76 -
Pcitr_chr9:9767295-9768915   -            293 31131at71240         -            459   8.6e-54  182.0  11.5   2   4   1.8e-08     1e-05   23.5   0.1   196   239   106   149   102   157 0.89 -
Pcitr_chr9:9767295-9768915   -            293 31131at71240         -            459   8.6e-54  182.0  11.5   3   4   1.7e-36   9.6e-34  115.9   1.7   274   374   155   256   146   259 0.89 -
Pcitr_chr9:9767295-9768915   -            293 31131at71240         -            459   8.6e-54  182.0  11.5   4   4   3.6e-14   2.1e-11   42.2   0.1   411   445   259   293   255   293 0.95 -
Pcitr_Contig193:30198-17994  -            176 31131at71240         -            459   7.1e-52  175.7   1.1   1   1   4.3e-54   2.5e-51  173.9   1.1    81   203    38   176     1   176 0.83 -
Pcitr_chr3:45484848-45481530 -            285 31131at71240         -            459   3.3e-51  173.5  21.3   1   4   8.5e-06    0.0049   14.7   1.9    52   142     3    93     1   100 0.66 -
Pcitr_chr3:45484848-45481530 -            285 31131at71240         -            459   3.3e-51  173.5  21.3   2   4   7.4e-07   0.00042   18.2   0.2   196   227   103   134    98   144 0.84 -
Pcitr_chr3:45484848-45481530 -            285 31131at71240         -            459   3.3e-51  173.5  21.3   3   4   1.8e-34   1.1e-31  109.2   1.4   276   368   143   238   136   241 0.91 -
Pcitr_chr3:45484848-45481530 -            285 31131at71240         -            459   3.3e-51  173.5  21.3   4   4   4.4e-14   2.5e-11   42.0   0.6   410   447   248   285   239   285 0.92 -
Pcitr_chr6:16721910-16723711 -            219 31131at71240         -            459   7.8e-47  159.0  11.5   1   4     0.035        20    2.7   0.0   155   170    23    38     1    44 0.66 -
Pcitr_chr6:16721910-16723711 -            219 31131at71240         -            459   7.8e-47  159.0  11.5   2   4   1.9e-06    0.0011   16.8   0.1   196   228    44    76    39    81 0.90 -
Pcitr_chr6:16721910-16723711 -            219 31131at71240         -            459   7.8e-47  159.0  11.5   3   4   4.3e-34   2.5e-31  107.9   1.4   276   369    80   184    73   184 0.85 -
Pcitr_chr6:16721910-16723711 -            219 31131at71240         -            459   7.8e-47  159.0  11.5   4   4     3e-13   1.7e-10   39.2   0.1   411   447   183   219   182   219 0.97 -
Pcitr_Contig269:34739-32373  -            216 31131at71240         -            459   8.4e-47  158.9  10.7   1   4   1.4e-05    0.0079   14.0   0.0   136   171     3    41     1    47 0.83 -
Pcitr_Contig269:34739-32373  -            216 31131at71240         -            459   8.4e-47  158.9  10.7   2   4   3.3e-07   0.00019   19.3   0.9   197   238    48    89    42    90 0.92 -
Pcitr_Contig269:34739-32373  -            216 31131at71240         -            459   8.4e-47  158.9  10.7   3   4   4.4e-31   2.5e-28   98.0   0.5   269   368    80   177    76   179 0.92 -
Pcitr_Contig269:34739-32373  -            216 31131at71240         -            459   8.4e-47  158.9  10.7   4   4     2e-12   1.2e-09   36.5   0.1   412   446   180   214   177   216 0.94 -
Pcitr_chr1:27264890-27262524 -            216 31131at71240         -            459   8.4e-47  158.9  10.7   1   4   1.4e-05    0.0079   14.0   0.0   136   171     3    41     1    47 0.83 -
Pcitr_chr1:27264890-27262524 -            216 31131at71240         -            459   8.4e-47  158.9  10.7   2   4   3.3e-07   0.00019   19.3   0.9   197   238    48    89    42    90 0.92 -
Pcitr_chr1:27264890-27262524 -            216 31131at71240         -            459   8.4e-47  158.9  10.7   3   4   4.4e-31   2.5e-28   98.0   0.5   269   368    80   177    76   179 0.92 -
Pcitr_chr1:27264890-27262524 -            216 31131at71240         -            459   8.4e-47  158.9  10.7   4   4     2e-12   1.2e-09   36.5   0.1   412   446   180   214   177   216 0.94 -
Pcitr_chr5:36575242-36572075 -            199 31131at71240         -            459   4.3e-41  140.1  11.9   1   4   4.8e-05     0.027   12.2   0.1   137   171     2    39     1    45 0.80 -
Pcitr_chr5:36575242-36572075 -            199 31131at71240         -            459   4.3e-41  140.1  11.9   2   4   4.3e-06    0.0025   15.6   0.3   196   224    45    73    41    75 0.94 -
Pcitr_chr5:36575242-36572075 -            199 31131at71240         -            459   4.3e-41  140.1  11.9   3   4   4.2e-26   2.4e-23   81.6   0.4   278   368    74   158    73   160 0.93 -
Pcitr_chr5:36575242-36572075 -            199 31131at71240         -            459   4.3e-41  140.1  11.9   4   4   3.7e-13   2.1e-10   38.9   0.1   412   447   161   196   157   199 0.93 -
Pcitr_chr9:28372234-28371398 -            279 31131at71240         -            459   7.5e-23   80.0   0.1   1   3     0.062        36    1.9   0.0   151   170    35    54    22    57 0.88 -
Pcitr_chr9:28372234-28371398 -            279 31131at71240         -            459   7.5e-23   80.0   0.1   2   3   0.00038      0.22    9.2   0.1   194   224    54    84    47   101 0.88 -
Pcitr_chr9:28372234-28371398 -            279 31131at71240         -            459   7.5e-23   80.0   0.1   3   3   1.7e-21   9.9e-19   66.4   0.0   247   355   130   243   104   264 0.83 -
Pcitr_chr9:28378484-28379275 -            264 31131at71240         -            459   1.9e-22   78.6   0.2   1   1   2.5e-24   1.4e-21   75.8   0.2   180   356    43   246     6   264 0.80 -
Pcitr_chr1:48849853-48849059 -            265 31131at71240         -            459   8.6e-22   76.5   0.3   1   2       0.1        58    1.2   0.0   152   170    39    57    20    60 0.86 -
Pcitr_chr1:48849853-48849059 -            265 31131at71240         -            459   8.6e-22   76.5   0.3   2   2   3.7e-23   2.1e-20   71.9   0.3   191   353    54   244    42   265 0.74 -
#
# Program:         hmmsearch
# Version:         3.3.2 (Nov 2020)
# Pipeline mode:   SEARCH
# Query file:      /scratch/srb67793/Pelargonium/busco_downloads/lineages/eudicots_odb10/hmms/31131at71240.hmm
# Target file:     /scratch/srb67793/Pelargonium/Pelargonium-PreviousAssembly-busco/run_eudicots_odb10/metaeuk_output/initial_results/Pcitr_Genome-final.fasta.modified.fas
# Option settings: hmmsearch --domtblout /scratch/srb67793/Pelargonium/Pelargonium-PreviousAssembly-busco/run_eudicots_odb10/hmmer_output/initial_run_results/31131at71240.out --cpu 1 /scratch/srb67793/Pelargonium/busco_downloads/lineages/eudicots_odb10/hmms/31131at71240.hmm /scratch/srb67793/Pelargonium/Pelargonium-PreviousAssembly-busco/run_eudicots_odb10/metaeuk_output/initial_results/Pcitr_Genome-final.fasta.modified.fas 
# Current dir:     /scratch/srb67793/Pelargonium
# Date:            Tue Jul  9 10:57:02 2024
# [ok]
