#                                                                                     --- full sequence --- -------------- this domain -------------   hmm coord   ali coord   env coord
# target name                 accession   tlen query name           accession   qlen   E-value  score  bias   #  of  c-Evalue  i-Evalue  score  bias  from    to  from    to  from    to  acc description of target
#         ------------------- ---------- ----- -------------------- ---------- ----- --------- ------ ----- --- --- --------- --------- ------ ----- ----- ----- ----- ----- ----- ----- ---- ---------------------
Pcitr_chr5:1836877-1822412    -           2573 355at71240           -           2144         0 4306.0  26.8   1   4         0         0 1213.0   5.7     1   639    17   729    17   767 0.94 -
Pcitr_chr5:1836877-1822412    -           2573 355at71240           -           2144         0 4306.0  26.8   2   4         0         0 2090.7   0.1   646  1649   871  1944   868  1956 0.96 -
Pcitr_chr5:1836877-1822412    -           2573 355at71240           -           2144         0 4306.0  26.8   3   4  3.7e-198  8.9e-196  652.1   0.8  1638  1966  2003  2342  1982  2345 0.94 -
Pcitr_chr5:1836877-1822412    -           2573 355at71240           -           2144         0 4306.0  26.8   4   4  5.1e-111  1.2e-108  363.1   1.5  1961  2144  2363  2550  2353  2550 0.97 -
Pcitr_chr5:35669430-35685525  -           2547 355at71240           -           2144         0 4300.4  20.5   1   4         0         0 1215.2   1.4     1   639    13   726    13   737 0.95 -
Pcitr_chr5:35669430-35685525  -           2547 355at71240           -           2144         0 4300.4  20.5   2   4         0         0 2086.3   0.0   646  1647   866  1935   861  1942 0.96 -
Pcitr_chr5:35669430-35685525  -           2547 355at71240           -           2144         0 4300.4  20.5   3   4  6.2e-196  1.5e-193  644.7   1.1  1644  1966  1991  2323  1967  2331 0.95 -
Pcitr_chr5:35669430-35685525  -           2547 355at71240           -           2144         0 4300.4  20.5   4   4  1.7e-111    4e-109  364.7   2.2  1961  2144  2344  2531  2324  2531 0.96 -
Pcitr_chr2:28280007-28278922  -            305 355at71240           -           2144   1.9e-07   27.5   0.3   1   1   9.9e-10   2.3e-07   27.2   0.3  1269  1315     8    58     1    66 0.81 -
Pcitr_chr5:20999653-20999429  -             75 355at71240           -           2144   2.1e-07   27.3   0.5   1   1   9.7e-10   2.3e-07   27.2   0.5  1275  1315    12    56     3    67 0.80 -
Pcitr_chr6:6474037-6471768    -            346 355at71240           -           2144   4.8e-07   26.1   1.1   1   1   2.7e-09   6.3e-07   25.7   1.1  1274  1314    13    57     2    64 0.81 -
Pcitr_chr5:16161012-16158355  -            353 355at71240           -           2144   9.5e-07   25.1   0.9   1   1   5.4e-09   1.3e-06   24.7   0.9  1274  1314    13    57     2    64 0.80 -
Pcitr_chr1:50486955-50484491  -            321 355at71240           -           2144   2.9e-06   23.5   0.3   1   1   1.6e-08   3.8e-06   23.1   0.3  1274  1315    13    58     2    69 0.80 -
Pcitr_chr2:587833-591389      -            342 355at71240           -           2144   3.7e-06   23.2   0.9   1   1   2.2e-08   5.1e-06   22.7   0.9  1276  1313    15    56     7    62 0.80 -
Pcitr_chr10:24203209-24194627 -            352 355at71240           -           2144   4.4e-06   22.9   0.1   1   1   2.4e-08   5.7e-06   22.6   0.1  1277  1313    16    56     6    73 0.78 -
Pcitr_chr1:5162406-5167013    -            741 355at71240           -           2144   5.5e-05   19.3   0.5   1   1   3.2e-07   7.5e-05   18.8   0.5  1252  1317   431   500   427   516 0.77 -
Pcitr_chr9:2165678-2165436    -             81 355at71240           -           2144   6.7e-05   19.0   0.0   1   1   3.1e-07   7.3e-05   18.9   0.0  1274  1315     9    55     2    62 0.79 -
Pcitr_chr1:132044-132262      -             73 355at71240           -           2144    0.0001   18.4   0.1   1   1   4.7e-07   0.00011   18.3   0.1  1278  1315    14    53     7    61 0.87 -
Pcitr_chr4:38920293-38920099  -             65 355at71240           -           2144   0.00013   18.1   0.1   1   1   5.3e-07   0.00013   18.1   0.1  1280  1307    29    56     3    65 0.80 -
Pcitr_chr5:36176573-36176740  -             56 355at71240           -           2144   0.00016   17.7   0.1   1   1   6.9e-07   0.00016   17.7   0.1  1278  1311    20    55     9    56 0.87 -
Pcitr_chr7:15769476-15769201  -             92 355at71240           -           2144   0.00026   17.1   0.1   1   1   1.3e-06   0.00031   16.8   0.1  1281  1315    18    57    14    66 0.85 -
Pcitr_chr8:30967385-30971483  -            712 355at71240           -           2144   0.00026   17.0   0.6   1   1   1.5e-06   0.00036   16.6   0.6  1252  1313   425   490   421   506 0.77 -
Pcitr_chr4:32056910-32053311  -            301 355at71240           -           2144    0.0003   16.8   0.2   1   1   1.7e-06   0.00041   16.4   0.2  1279  1315    48    86    36    94 0.81 -
Pcitr_chr1:31053635-31048039  -            341 355at71240           -           2144   0.00034   16.7   0.3   1   1   1.7e-06   0.00042   16.4   0.3  1268  1315     7    58     1    69 0.82 -
Pcitr_chr4:24407946-24408101  -             52 355at71240           -           2144   0.00065   15.7   0.0   1   1   2.9e-06    0.0007   15.6   0.0  1281  1312    16    52    10    52 0.86 -
Pcitr_chr1:26565525-26565121  -            135 355at71240           -           2144   0.00073   15.6   0.1   1   1   3.8e-06    0.0009   15.3   0.1  1279  1315    18    56    10    62 0.87 -
Pcitr_chr3:4207751-4211384    -            474 355at71240           -           2144     0.001   15.1   0.1   1   1   5.8e-06    0.0014   14.7   0.1  1280  1314   383   421   356   426 0.81 -
Pcitr_chr4:38925810-38904224  -            475 355at71240           -           2144    0.0011   14.9   0.1   1   1   6.2e-06    0.0015   14.6   0.1  1280  1314   376   414   338   419 0.81 -
Pcitr_chr11:5080926-5072269   -            225 355at71240           -           2144    0.0016   14.4   0.1   1   1   8.7e-06    0.0021   14.1   0.1  1280  1312    16    52     8    57 0.82 -
Pcitr_chr1:46710062-46714654  -            179 355at71240           -           2144    0.0021   14.0   0.1   1   1   1.1e-05    0.0026   13.7   0.1  1275  1314    12    59     5    64 0.73 -
Pcitr_chr1:47418666-47422579  -            322 355at71240           -           2144    0.0034   13.4   0.0   1   1   1.9e-05    0.0045   12.9   0.0  1280  1317    91   130    85   142 0.80 -
Pcitr_chr6:21958272-21958919  -            216 355at71240           -           2144     0.014   11.3   0.0   1   1   7.6e-05     0.018   11.0   0.0  1275  1313    73   111    62   120 0.71 -
Pcitr_chr11:15146860-15146573 -             96 355at71240           -           2144     0.015   11.2   0.0   1   1   6.5e-05     0.015   11.2   0.0  1279  1315    13    50     6    69 0.88 -
Pcitr_chr9:10646819-10644879  -            647 355at71240           -           2144     0.016   11.1   0.0   1   1   9.6e-05     0.023   10.6   0.0  1272  1298    70    97    57   116 0.82 -
Pcitr_chr5:24897327-24895174  -            718 355at71240           -           2144     0.017   11.0   0.0   1   1    0.0001     0.024   10.5   0.0  1276  1299    78   101    74   126 0.76 -
Pcitr_chr10:32022508-32020807 -             98 355at71240           -           2144     0.019   10.9   0.1   1   1   9.7e-05     0.023   10.6   0.1  1275  1315    10    53     6    58 0.79 -
Pcitr_chr11:10814781-10812970 -            604 355at71240           -           2144     0.019   10.9   0.0   1   1   0.00011     0.026   10.5   0.0  1277  1299    72    94    67   126 0.75 -
Pcitr_chr1:53165408-53164749  -            220 355at71240           -           2144     0.028   10.3   0.0   1   1   0.00014     0.034   10.0   0.0  1277  1299    73    95    68   126 0.80 -
Pcitr_chr8:31895542-31897626  -            695 355at71240           -           2144     0.038    9.9   0.0   1   1   0.00022     0.052    9.4   0.0  1276  1320    76   122    67   128 0.79 -
Pcitr_chr6:26268591-26264546  -            268 355at71240           -           2144     0.045    9.6   0.2   1   1   0.00026     0.062    9.2   0.2  1275  1314    88   136    81   143 0.72 -
Pcitr_chr1:43510678-43508627  -            684 355at71240           -           2144     0.046    9.6   0.0   1   1   0.00027     0.063    9.2   0.0  1274  1298    72    96    65   114 0.81 -
Pcitr_chr7:32186815-32187267  -            151 355at71240           -           2144     0.049    9.5   0.5   1   2      0.13        30    0.3   0.1  1934  2005    26    96     8   101 0.79 -
Pcitr_chr7:32186815-32187267  -            151 355at71240           -           2144     0.049    9.5   0.5   2   2   0.00068      0.16    7.8   0.1  1279  1315   100   142    93   146 0.77 -
Pcitr_chr11:6590196-6593593   -            340 355at71240           -           2144     0.061    9.2   0.0   1   1   0.00033     0.078    8.9   0.0  1274  1313   150   192   125   209 0.87 -
Pcitr_chr11:22048770-22056678 -            589 355at71240           -           2144     0.095    8.6   0.0   1   1   0.00053      0.13    8.1   0.0  1275  1315   324   366   301   374 0.84 -
Pcitr_chr6:11245230-11245562  -            111 355at71240           -           2144       0.1    8.4   0.1   1   1   0.00046      0.11    8.4   0.1  1277  1298    16    37    10    75 0.85 -
Pcitr_chr3:30457649-30457317  -            111 355at71240           -           2144      0.12    8.3   0.1   1   1   0.00049      0.12    8.3   0.1  1277  1298    16    37    10    74 0.88 -
Pcitr_chr2:769830-772727      -            555 355at71240           -           2144      0.13    8.1   0.1   1   1   0.00069      0.16    7.8   0.1  1274  1308    12    48     1    57 0.75 -
#
# Program:         hmmsearch
# Version:         3.3.2 (Nov 2020)
# Pipeline mode:   SEARCH
# Query file:      /scratch/srb67793/Pelargonium/busco_downloads/lineages/eudicots_odb10/hmms/355at71240.hmm
# Target file:     /scratch/srb67793/Pelargonium/Pelargonium-PreviousAssembly-busco/run_eudicots_odb10/metaeuk_output/initial_results/Pcitr_Genome-final.fasta.modified.fas
# Option settings: hmmsearch --domtblout /scratch/srb67793/Pelargonium/Pelargonium-PreviousAssembly-busco/run_eudicots_odb10/hmmer_output/initial_run_results/355at71240.out --cpu 1 /scratch/srb67793/Pelargonium/busco_downloads/lineages/eudicots_odb10/hmms/355at71240.hmm /scratch/srb67793/Pelargonium/Pelargonium-PreviousAssembly-busco/run_eudicots_odb10/metaeuk_output/initial_results/Pcitr_Genome-final.fasta.modified.fas 
# Current dir:     /scratch/srb67793/Pelargonium
# Date:            Tue Jul  9 10:56:47 2024
# [ok]
