#                                                                                      --- full sequence --- -------------- this domain -------------   hmm coord   ali coord   env coord
# target name                  accession   tlen query name           accession   qlen   E-value  score  bias   #  of  c-Evalue  i-Evalue  score  bias  from    to  from    to  from    to  acc description of target
#          ------------------- ---------- ----- -------------------- ---------- ----- --------- ------ ----- --- --- --------- --------- ------ ----- ----- ----- ----- ----- ----- ----- ---- ---------------------
Pcitr_chr8:30967385-30971483   -            712 36183at71240         -            580  5.6e-277  919.2  40.3   1   2   0.00063      0.11   10.1   3.0     1    36     1    40     1    61 0.60 -
Pcitr_chr8:30967385-30971483   -            712 36183at71240         -            580  5.6e-277  919.2  40.3   2   2  1.1e-276    2e-274  910.7  27.4    43   578   150   711   141   712 0.91 -
Pcitr_chr1:5162406-5167013     -            741 36183at71240         -            580  1.9e-274  910.8  34.7   1   2   0.00017      0.03   12.0   0.7     1    40     1    43     1    64 0.61 -
Pcitr_chr1:5162406-5167013     -            741 36183at71240         -            580  1.9e-274  910.8  34.7   2   2  9.8e-273  1.8e-270  897.7  27.4    44   578   150   741   139   741 0.90 -
Pcitr_chr11:6612556-6606664    -            452 36183at71240         -            580   4.3e-83  279.0  33.4   1   3     8e-23   1.4e-20   72.5  19.4    82   251    25   183     2   213 0.76 -
Pcitr_chr11:6612556-6606664    -            452 36183at71240         -            580   4.3e-83  279.0  33.4   2   3   5.9e-28   1.1e-25   89.5   0.1   278   350   244   316   214   317 0.89 -
Pcitr_chr11:6612556-6606664    -            452 36183at71240         -            580   4.3e-83  279.0  33.4   3   3   1.4e-38   2.5e-36  124.6   2.0   406   541   317   452   315   452 0.83 -
Pcitr_chr11:6590196-6593593    -            340 36183at71240         -            580   8.1e-71  238.4  28.3   1   4   5.4e-16   9.7e-14   50.0   1.1   195   251     1    59     1    86 0.83 -
Pcitr_chr11:6590196-6593593    -            340 36183at71240         -            580   8.1e-71  238.4  28.3   2   4   3.9e-28     7e-26   90.1   0.2   278   350   120   192    94   193 0.89 -
Pcitr_chr11:6590196-6593593    -            340 36183at71240         -            580   8.1e-71  238.4  28.3   3   4   1.1e-22     2e-20   72.0   7.6   406   465   193   252   192   254 0.96 -
Pcitr_chr11:6590196-6593593    -            340 36183at71240         -            580   8.1e-71  238.4  28.3   4   4   2.7e-14   4.8e-12   44.4   0.5   472   574   239   334   239   340 0.69 -
Pcitr_chr2:28280007-28278922   -            305 36183at71240         -            580   4.6e-12   44.5   0.1   1   1   3.2e-14   5.7e-12   44.1   0.1   309   363    14    69     2   113 0.85 -
Pcitr_chr3:4207751-4211384     -            474 36183at71240         -            580     3e-11   41.8   0.5   1   1   2.5e-13   4.5e-11   41.2   0.5   289   362   360   432   338   439 0.87 -
Pcitr_chr8:31895542-31897626   -            695 36183at71240         -            580   3.6e-11   41.5   0.2   1   1     3e-13   5.5e-11   40.9   0.2   291   438    59   196    41   210 0.66 -
Pcitr_chr1:50486955-50484491   -            321 36183at71240         -            580   6.1e-11   40.7   0.2   1   1   4.7e-13   8.6e-11   40.2   0.2   297   406     4   109     2   115 0.85 -
Pcitr_chr5:20999653-20999429   -             75 36183at71240         -            580   1.3e-10   39.7   0.7   1   1   7.2e-13   1.3e-10   39.7   0.7   297   361     2    65     1    73 0.87 -
Pcitr_chr1:31053635-31048039   -            341 36183at71240         -            580   1.3e-10   39.6   0.7   1   1   1.1e-12   1.9e-10   39.1   0.7   297   361     4    67     2    79 0.86 -
Pcitr_chr6:21958272-21958919   -            216 36183at71240         -            580   1.8e-10   39.2   0.1   1   1   1.1e-12     2e-10   39.0   0.1   291   371    54   132    42   215 0.73 -
Pcitr_chr4:38925810-38904224   -            475 36183at71240         -            580   2.2e-10   38.9   0.4   1   1   1.9e-12   3.5e-10   38.2   0.4   290   362   354   425   333   432 0.87 -
Pcitr_chr6:6474037-6471768     -            346 36183at71240         -            580   4.5e-10   37.9   2.9   1   1   3.4e-12   6.1e-10   37.4   2.9   311   362    16    68     2    73 0.86 -
Pcitr_chr5:16161012-16158355   -            353 36183at71240         -            580   6.3e-10   37.4   2.5   1   1   4.7e-12   8.5e-10   37.0   2.5   299   362     6    68     2    74 0.84 -
Pcitr_chr11:22048770-22056678  -            589 36183at71240         -            580   1.1e-09   36.5   0.1   1   1   6.3e-12   1.1e-09   36.5   0.1   280   375   295   389   268   426 0.77 -
Pcitr_chr6:11245230-11245562   -            111 36183at71240         -            580   2.2e-09   35.6   0.3   1   1   1.7e-11     3e-09   35.1   0.3   297   362     1    81     1    91 0.75 -
Pcitr_chr2:587833-591389       -            342 36183at71240         -            580   2.7e-09   35.3   2.1   1   1   2.3e-11   4.1e-09   34.7   2.1   298   362     5    68     2    74 0.85 -
Pcitr_chr3:30457649-30457317   -            111 36183at71240         -            580   3.1e-09   35.1   0.3   1   1   2.2e-11     4e-09   34.7   0.3   297   362     1    81     1    92 0.76 -
Pcitr_chr1:46710062-46714654   -            179 36183at71240         -            580   3.1e-09   35.1   1.3   1   1     2e-11   3.6e-09   34.9   1.3   297   365     2    73     1   104 0.79 -
Pcitr_chr1:132044-132262       -             73 36183at71240         -            580   3.7e-09   34.8   0.1   1   1   2.3e-11   4.2e-09   34.7   0.1   297   361     1    62     1    70 0.89 -
Pcitr_chr1:53165408-53164749   -            220 36183at71240         -            580   1.6e-08   32.7   0.5   1   1   1.4e-10   2.5e-08   32.1   0.5   296   366    60   127    34   195 0.76 -
Pcitr_chr10:32022508-32020807  -             98 36183at71240         -            580   2.9e-08   31.9   0.2   1   1   1.7e-10   3.2e-08   31.8   0.2   301   362     4    63     1    72 0.86 -
Pcitr_chr1:43510678-43508627   -            684 36183at71240         -            580   4.8e-08   31.2   0.0   1   1   2.7e-10   4.8e-08   31.2   0.0   296   367    62   130    48   162 0.80 -
Pcitr_chr4:38920293-38920099   -             65 36183at71240         -            580   5.2e-08   31.1   0.4   1   1     3e-10   5.4e-08   31.0   0.4   291   349     8    65     2    65 0.87 -
Pcitr_chr9:10646819-10644879   -            647 36183at71240         -            580   1.3e-07   29.8   0.0   1   1   1.3e-09   2.3e-07   28.9   0.0   308   365    72   129    50   156 0.86 -
Pcitr_chr10:24203209-24194627  -            352 36183at71240         -            580   1.8e-07   29.3   0.3   1   1   1.3e-09   2.3e-07   28.9   0.3   297   351     4    57     1    78 0.81 -
Pcitr_chr5:24897327-24895174   -            718 36183at71240         -            580   4.2e-07   28.1   0.0   1   2   2.3e-09   4.2e-07   28.1   0.0   295   363    65   130    43   135 0.87 -
Pcitr_chr5:24897327-24895174   -            718 36183at71240         -            580   4.2e-07   28.1   0.0   2   2       5.6     1e+03   -2.9   1.7   363   571   320   348   281   370 0.51 -
Pcitr_chr4:32056910-32053311   -            301 36183at71240         -            580   5.1e-07   27.8   2.2   1   2   3.7e-09   6.7e-07   27.4   1.2   297   369    34   104    27   123 0.82 -
Pcitr_chr4:32056910-32053311   -            301 36183at71240         -            580   5.1e-07   27.8   2.2   2   2       3.3   5.9e+02   -2.2   0.0    11    32   172   193   166   231 0.68 -
Pcitr_chr9:2165678-2165436     -             81 36183at71240         -            580   6.9e-07   27.4   0.0   1   1   4.1e-09   7.4e-07   27.2   0.0   308   364     9    67     1    70 0.85 -
Pcitr_chr6:26268591-26264546   -            268 36183at71240         -            580   9.2e-07   26.9   0.8   1   1   5.8e-09     1e-06   26.7   0.8   302   369    83   154    67   235 0.79 -
Pcitr_chr6:40129860-40132738   -            216 36183at71240         -            580   9.8e-07   26.8   0.8   1   1   7.3e-09   1.3e-06   26.4   0.8   292   368    67   144    53   168 0.82 -
Pcitr_chr6:40203909-40205156   -            257 36183at71240         -            580   1.4e-06   26.3   0.8   1   1   1.1e-08   1.9e-06   25.9   0.8   292   368   108   185    94   209 0.82 -
Pcitr_chr1:26565525-26565121   -            135 36183at71240         -            580   1.5e-06   26.3   0.9   1   1   8.8e-09   1.6e-06   26.2   0.9   296   367     3    71     1   103 0.77 -
Pcitr_Contig24:5900828-5921433 -            351 36183at71240         -            580   2.2e-06   25.7   1.9   1   1   1.6e-08   2.9e-06   25.3   1.9   294   419     7   130     4   137 0.70 -
Pcitr_chr1:47418666-47422579   -            322 36183at71240         -            580     4e-06   24.8   0.3   1   2   2.2e-08     4e-06   24.8   0.3   294   365    73   141    62   146 0.88 -
Pcitr_chr1:47418666-47422579   -            322 36183at71240         -            580     4e-06   24.8   0.3   2   2       6.2   1.1e+03   -3.1   0.3   145   184   236   275   205   278 0.51 -
Pcitr_chr11:10814781-10812970  -            604 36183at71240         -            580   4.1e-06   24.8   0.7   1   2   3.6e-08   6.4e-06   24.1   0.0   294   363    57   123    39   138 0.85 -
Pcitr_chr11:10814781-10812970  -            604 36183at71240         -            580   4.1e-06   24.8   0.7   2   2       8.5   1.5e+03   -3.5   0.3   376   578   236   266   230   272 0.46 -
Pcitr_chr11:15146860-15146573  -             96 36183at71240         -            580   6.5e-06   24.1   0.0   1   1   3.6e-08   6.5e-06   24.1   0.0   313   368    13    66     1    91 0.83 -
Pcitr_chr1:29676153-29673883   -            757 36183at71240         -            580   9.6e-06   23.6   0.0   1   1   5.3e-08   9.6e-06   23.6   0.0   296   366    59   126    48   157 0.83 -
Pcitr_chr5:35669430-35685525   -           2547 36183at71240         -            580   1.7e-05   22.7   0.4   1   1   1.9e-07   3.3e-05   21.8   0.4   305   351  1521  1564  1507  1572 0.80 -
Pcitr_chr5:36176573-36176740   -             56 36183at71240         -            580   2.1e-05   22.4   0.2   1   1   1.3e-07   2.3e-05   22.3   0.2   296   348     6    55     2    56 0.83 -
Pcitr_chr3:15715012-15713192   -            607 36183at71240         -            580   2.2e-05   22.4   1.4   1   2   2.2e-07     4e-05   21.5   0.1   301   366    72   134    65   142 0.85 -
Pcitr_chr3:15715012-15713192   -            607 36183at71240         -            580   2.2e-05   22.4   1.4   2   2       1.2   2.1e+02   -0.7   0.1   409   449   151   189   136   196 0.82 -
Pcitr_Contig16:160382-165578   -            516 36183at71240         -            580   6.4e-05   20.9   0.9   1   2   4.7e-07   8.4e-05   20.5   0.1   299   366    47   114    42   140 0.77 -
Pcitr_Contig16:160382-165578   -            516 36183at71240         -            580   6.4e-05   20.9   0.9   2   2       4.6   8.4e+02   -2.6   0.1   489   513   225   250   224   276 0.71 -
Pcitr_chr5:1836877-1822412     -           2573 36183at71240         -            580   0.00012   20.0   0.5   1   1   1.2e-06   0.00021   19.2   0.2   306   351  1529  1571  1523  1579 0.79 -
Pcitr_chr6:16077277-16076987   -             97 36183at71240         -            580   0.00018   19.3   0.0   1   1     1e-06   0.00018   19.3   0.0   313   367    13    70     1    92 0.78 -
Pcitr_chr7:32186815-32187267   -            151 36183at71240         -            580   0.00027   18.8   0.0   1   1   1.6e-06   0.00029   18.7   0.0   286   361    74   151    47   151 0.83 -
Pcitr_Contig399:754-1035       -             94 36183at71240         -            580   0.00095   17.0   0.0   1   2   0.00019     0.034   11.9   0.1   315   350    17    51     1    62 0.73 -
Pcitr_Contig399:754-1035       -             94 36183at71240         -            580   0.00095   17.0   0.0   2   2     0.061        11    3.6   0.0   339   363    64    88    59    92 0.88 -
Pcitr_chr5:20137993-20138556   -            188 36183at71240         -            580    0.0012   16.7   0.0   1   1   8.2e-06    0.0015   16.4   0.0   298   366    20    92     8    98 0.75 -
Pcitr_chr6:34954156-34953875   -             94 36183at71240         -            580    0.0012   16.6   0.0   1   2   0.00016      0.03   12.0   0.0   315   350    17    51     1    65 0.74 -
Pcitr_chr6:34954156-34953875   -             94 36183at71240         -            580    0.0012   16.6   0.0   2   2     0.063        11    3.5   0.0   338   363    63    88    50    92 0.88 -
Pcitr_chr11:17036257-16993476  -            328 36183at71240         -            580    0.0015   16.4   0.8   1   2   2.4e-05    0.0043   14.8   0.0   298   366    12    84     8    91 0.73 -
Pcitr_chr11:17036257-16993476  -            328 36183at71240         -            580    0.0015   16.4   0.8   2   2         1   1.9e+02   -0.5   0.2   360   393   226   259   221   276 0.82 -
Pcitr_chr7:15769476-15769201   -             92 36183at71240         -            580    0.0018   16.1   0.0   1   1   1.1e-05    0.0019   16.0   0.0   315   373    18    78     3    90 0.79 -
Pcitr_chr11:5080926-5072269    -            225 36183at71240         -            580    0.0023   15.7   0.1   1   1   1.7e-05    0.0031   15.3   0.1   298   350     2    53     1    57 0.83 -
Pcitr_chr9:23314221-23314030   -             64 36183at71240         -            580    0.0028   15.4   0.0   1   1   1.5e-05    0.0028   15.4   0.0   300   360     2    64     1    64 0.77 -
Pcitr_chr2:769830-772727       -            555 36183at71240         -            580    0.0034   15.2   0.8   1   1   2.8e-05    0.0051   14.6   0.8   312   361    16    66     3    74 0.84 -
Pcitr_chr9:4221565-4221194     -            124 36183at71240         -            580     0.024   12.4   0.0   1   1   0.00015     0.028   12.1   0.0   296   361    60   124    49   124 0.87 -
#
# Program:         hmmsearch
# Version:         3.3.2 (Nov 2020)
# Pipeline mode:   SEARCH
# Query file:      /scratch/srb67793/Pelargonium/busco_downloads/lineages/eudicots_odb10/hmms/36183at71240.hmm
# Target file:     /scratch/srb67793/Pelargonium/Pelargonium-PreviousAssembly-busco/run_eudicots_odb10/metaeuk_output/initial_results/Pcitr_Genome-final.fasta.modified.fas
# Option settings: hmmsearch --domtblout /scratch/srb67793/Pelargonium/Pelargonium-PreviousAssembly-busco/run_eudicots_odb10/hmmer_output/initial_run_results/36183at71240.out --cpu 1 /scratch/srb67793/Pelargonium/busco_downloads/lineages/eudicots_odb10/hmms/36183at71240.hmm /scratch/srb67793/Pelargonium/Pelargonium-PreviousAssembly-busco/run_eudicots_odb10/metaeuk_output/initial_results/Pcitr_Genome-final.fasta.modified.fas 
# Current dir:     /scratch/srb67793/Pelargonium
# Date:            Tue Jul  9 10:57:11 2024
# [ok]
