#                                                                                     --- full sequence --- -------------- this domain -------------   hmm coord   ali coord   env coord
# target name                 accession   tlen query name           accession   qlen   E-value  score  bias   #  of  c-Evalue  i-Evalue  score  bias  from    to  from    to  from    to  acc description of target
#         ------------------- ---------- ----- -------------------- ---------- ----- --------- ------ ----- --- --- --------- --------- ------ ----- ----- ----- ----- ----- ----- ----- ---- ---------------------
Pcitr_chr5:18254441-18260935  -            629 39868at71240         -            505  4.5e-265  878.9   0.6   1   2     3e-40   4.3e-38  130.1   0.4    12   130    98   214    80   222 0.89 -
Pcitr_chr5:18254441-18260935  -            629 39868at71240         -            505  4.5e-265  878.9   0.6   2   2  1.8e-227  2.5e-225  747.7   0.0    95   505   217   629   211   629 0.98 -
Pcitr_chr11:8234188-8227005   -            456 39868at71240         -            505   3.9e-98  328.1   1.1   1   1   1.5e-99   2.2e-97  325.7   1.1    93   457    76   453    13   456 0.79 -
Pcitr_chr6:9539976-9539151    -            251 39868at71240         -            505   4.9e-97  324.5   0.6   1   1   3.8e-99   5.4e-97  324.4   0.6   215   457     3   248     1   251 0.96 -
Pcitr_chr1:51406654-51414727  -           1062 39868at71240         -            505   6.9e-92  307.5   0.3   1   2   8.6e-42   1.2e-39  135.2   0.0   244   451   446   653   423   660 0.88 -
Pcitr_chr1:51406654-51414727  -           1062 39868at71240         -            505   6.9e-92  307.5   0.3   2   2     2e-52   2.9e-50  170.2   0.1   213   438   759   996   744  1030 0.88 -
Pcitr_chr6:15441893-15440528  -            227 39868at71240         -            505   1.2e-90  303.5   1.0   1   1   9.3e-93   1.3e-90  303.3   1.0   216   439     1   227     1   227 0.97 -
Pcitr_chr10:27682172-27682990 -            273 39868at71240         -            505   8.5e-90  300.6   0.0   1   1   6.4e-92   9.1e-90  300.5   0.0   216   465     1   256     1   273 0.93 -
Pcitr_chr2:9485011-9484256    -            252 39868at71240         -            505   1.8e-89  299.6   0.0   1   1   1.4e-91     2e-89  299.4   0.0   218   461     1   250     1   252 0.96 -
Pcitr_Contig27:558161-557403  -            253 39868at71240         -            505   1.2e-88  296.9   0.1   1   1   9.2e-91   1.3e-88  296.7   0.1   216   461     1   251     1   253 0.96 -
Pcitr_chr1:48600996-48595538  -            607 39868at71240         -            505   6.1e-86  287.9   0.1   1   2   6.8e-43   9.8e-41  138.8   0.0   238   442    34   245     5   256 0.87 -
Pcitr_chr1:48600996-48595538  -            607 39868at71240         -            505   6.1e-86  287.9   0.1   2   2     2e-45   2.8e-43  147.2   0.0   214   440   280   510   261   532 0.89 -
Pcitr_chr3:3490421-3516599    -           1058 39868at71240         -            505     6e-79  264.9   1.9   1   2         3   4.3e+02   -1.9   0.9     8    88   435   517   430   534 0.62 -
Pcitr_chr3:3490421-3516599    -           1058 39868at71240         -            505     6e-79  264.9   1.9   2   2   4.2e-81     6e-79  264.9   1.9   216   472   603   862   594   867 0.95 -
Pcitr_chr2:15481332-15480132  -            225 39868at71240         -            505   7.9e-75  251.3   0.3   1   1   6.4e-77   9.2e-75  251.0   0.3   250   469     1   215     1   224 0.91 -
Pcitr_chr11:8228062-8227319   -            248 39868at71240         -            505   1.1e-74  250.8   0.1   1   1   9.5e-77   1.4e-74  250.5   0.1   202   379    66   248    62   248 0.96 -
Pcitr_chr6:309120-302043      -            770 39868at71240         -            505   9.5e-74  247.7   0.3   1   1   1.2e-75   1.7e-73  246.9   0.1   213   460   226   481   205   500 0.90 -
Pcitr_chr11:3574534-3581100   -            940 39868at71240         -            505     8e-65  218.3   0.1   1   1     9e-67   1.3e-64  217.6   0.1   193   459   412   684   390   692 0.90 -
Pcitr_chr4:38566634-38568062  -            302 39868at71240         -            505   1.4e-59  201.0   0.0   1   2   3.5e-05     0.005   14.4   0.0   414   448     7    41     3    61 0.88 -
Pcitr_chr4:38566634-38568062  -            302 39868at71240         -            505   1.4e-59  201.0   0.0   2   2   8.1e-57   1.2e-54  184.7   0.0   210   438    72   299    59   301 0.94 -
Pcitr_chr3:4724385-4723033    -            301 39868at71240         -            505   2.1e-57  193.8   0.0   1   2   4.1e-05    0.0059   14.2   0.0   414   448     7    41     3    49 0.88 -
Pcitr_chr3:4724385-4723033    -            301 39868at71240         -            505   2.1e-57  193.8   0.0   2   2   1.3e-54   1.9e-52  177.4   0.0   214   438    70   298    59   300 0.92 -
Pcitr_chr2:7185409-7186841    -            330 39868at71240         -            505   1.6e-56  190.9   0.0   1   2   3.5e-05     0.005   14.4   0.0   413   448     6    41     3    62 0.88 -
Pcitr_chr2:7185409-7186841    -            330 39868at71240         -            505   1.6e-56  190.9   0.0   2   2   9.6e-54   1.4e-51  174.6   0.0   210   444    72   310    58   313 0.91 -
Pcitr_chr10:29556180-29554906 -            307 39868at71240         -            505   8.6e-56  188.5   0.0   1   2   3.4e-05    0.0049   14.4   0.1   414   448     7    41     3    62 0.87 -
Pcitr_chr10:29556180-29554906 -            307 39868at71240         -            505   8.6e-56  188.5   0.0   2   2   5.1e-53   7.3e-51  172.2   0.0   210   438    72   304    58   306 0.92 -
Pcitr_chr6:11271949-11269560  -            299 39868at71240         -            505   1.2e-53  181.4   0.6   1   2   1.3e-32   1.8e-30  104.9   1.8   297   452     4   176     1   182 0.81 -
Pcitr_chr6:11271949-11269560  -            299 39868at71240         -            505   1.2e-53  181.4   0.6   2   2   8.5e-23   1.2e-20   72.5   0.0   213   320   189   297   171   298 0.90 -
Pcitr_chr1:28357099-28358449  -            237 39868at71240         -            505   8.1e-50  168.8   0.0   1   1   6.7e-52   9.7e-50  168.5   0.0   215   444     5   235     2   237 0.92 -
Pcitr_chr4:38565959-38566537  -            193 39868at71240         -            505   2.4e-48  163.9   0.0   1   1   1.9e-50   2.7e-48  163.7   0.0   217   405     1   192     1   193 0.93 -
Pcitr_chr11:7182678-7196896   -            993 39868at71240         -            505   4.2e-48  163.1   0.1   1   2       1.2   1.8e+02   -0.6   0.0    94   125   348   379   316   398 0.91 -
Pcitr_chr11:7182678-7196896   -            993 39868at71240         -            505   4.2e-48  163.1   0.1   2   2   1.4e-49     2e-47  160.9   0.0   231   456   493   723   471   753 0.88 -
Pcitr_chr11:14490035-14489664 -            124 39868at71240         -            505   1.5e-47  161.3   0.0   1   1   1.1e-49   1.6e-47  161.2   0.0   223   341     1   124     1   124 0.95 -
Pcitr_chr1:35501994-35516889  -           1126 39868at71240         -            505   2.7e-45  153.8   0.0   1   2   2.3e-05    0.0033   15.0   0.0   230   341   564   681   537   779 0.77 -
Pcitr_chr1:35501994-35516889  -           1126 39868at71240         -            505   2.7e-45  153.8   0.0   2   2   3.5e-42     5e-40  136.5   0.0   208   436   837  1066   825  1076 0.92 -
Pcitr_chr3:484577-483645      -            242 39868at71240         -            505   6.3e-44  149.3   0.1   1   2   2.9e-44   4.2e-42  143.3   0.1   244   417     1   175     1   186 0.89 -
Pcitr_chr3:484577-483645      -            242 39868at71240         -            505   6.3e-44  149.3   0.1   2   2     0.039       5.6    4.3   0.0   420   454   207   241   197   242 0.89 -
Pcitr_chr9:1812317-1815550    -            363 39868at71240         -            505   4.1e-41  140.0   5.3   1   4   2.5e-33   3.6e-31  107.2   1.7   296   442     4   167     1   181 0.83 -
Pcitr_chr9:1812317-1815550    -            363 39868at71240         -            505   4.1e-41  140.0   5.3   2   4       4.6   6.6e+02   -2.5   0.0   214   232   226   244   209   259 0.69 -
Pcitr_chr9:1812317-1815550    -            363 39868at71240         -            505   4.1e-41  140.0   5.3   3   4   0.00045     0.064   10.7   0.0   287   319   260   292   257   295 0.92 -
Pcitr_chr9:1812317-1815550    -            363 39868at71240         -            505   4.1e-41  140.0   5.3   4   4   3.8e-07   5.5e-05   20.9   0.1   360   427   295   362   292   363 0.88 -
Pcitr_chr8:19335907-19350647  -           1257 39868at71240         -            505   5.2e-41  139.7   1.3   1   2       2.5   3.6e+02   -1.6   0.1    20    55   722   757   717   763 0.78 -
Pcitr_chr8:19335907-19350647  -           1257 39868at71240         -            505   5.2e-41  139.7   1.3   2   2   7.2e-43     1e-40  138.7   0.9   209   401   761   959   734   987 0.90 -
Pcitr_chr7:4229356-4216863    -           1612 39868at71240         -            505     2e-40  137.8   0.0   1   1   2.3e-42   3.4e-40  137.0   0.0   222   439   346   570   333   580 0.85 -
Pcitr_chr1:44790682-44798004  -           1210 39868at71240         -            505   1.4e-39  135.0   0.0   1   2   3.7e-41   5.4e-39  133.1   0.0   214   439   377   609   370   633 0.88 -
Pcitr_chr1:44790682-44798004  -           1210 39868at71240         -            505   1.4e-39  135.0   0.0   2   2       2.5   3.5e+02   -1.6   0.0   301   358   757   809   709   816 0.79 -
Pcitr_chr1:24603493-24628203  -           2484 39868at71240         -            505   1.5e-39  134.8   0.0   1   3   0.00014      0.02   12.4   0.0   246   322   368   444   353   459 0.89 -
Pcitr_chr1:24603493-24628203  -           2484 39868at71240         -            505   1.5e-39  134.8   0.0   2   3     0.022       3.1    5.2   0.0   350   432   497   579   493   584 0.84 -
Pcitr_chr1:24603493-24628203  -           2484 39868at71240         -            505   1.5e-39  134.8   0.0   3   3   5.2e-35   7.4e-33  112.8   0.0   211   442   643   864   624   919 0.90 -
Pcitr_chr10:19235229-19234930 -            100 39868at71240         -            505     2e-37  127.8   0.0   1   1   1.6e-39   2.2e-37  127.7   0.0   244   341     1   100     1   100 0.95 -
Pcitr_chr8:4544328-4513931    -            661 39868at71240         -            505   3.2e-37  127.2   0.0   1   1   4.2e-39     6e-37  126.3   0.0   213   439   158   377   152   394 0.89 -
Pcitr_chr1:17631741-17628838  -            228 39868at71240         -            505   8.6e-37  125.8   0.0   1   1   6.9e-39   9.9e-37  125.6   0.0   216   436     2   224     1   227 0.86 -
Pcitr_chr11:11555398-11553182 -            228 39868at71240         -            505   3.5e-36  123.8   0.0   1   1   2.9e-38   4.1e-36  123.5   0.0   216   436     2   223     1   226 0.87 -
Pcitr_chr10:23594911-23600794 -            667 39868at71240         -            505   1.7e-34  118.2   0.0   1   1   1.6e-36   2.3e-34  117.8   0.0   214   434   385   607   377   659 0.85 -
Pcitr_chr2:10326641-10327415  -             90 39868at71240         -            505   4.2e-33  113.6   0.0   1   1   3.2e-35   4.6e-33  113.5   0.0   237   320     7    90     2    90 0.94 -
Pcitr_chr6:11988508-11986501  -            262 39868at71240         -            505     6e-32  109.8   0.0   1   1   5.2e-34   7.4e-32  109.5   0.0   213   395    76   259    64   261 0.89 -
Pcitr_chr2:42207517-42209226  -            199 39868at71240         -            505   2.4e-31  107.8   0.0   1   1   1.9e-33   2.8e-31  107.6   0.0   253   439     9   198     4   199 0.85 -
Pcitr_chr3:3497257-3497871    -             92 39868at71240         -            505   3.2e-31  107.4   0.2   1   1   2.4e-33   3.4e-31  107.3   0.2   254   340     1    91     1    92 0.91 -
Pcitr_chr10:26397864-26400338 -            289 39868at71240         -            505   5.3e-31  106.7   0.1   1   1   4.8e-33   6.9e-31  106.3   0.1   251   450    46   244    11   268 0.83 -
Pcitr_chr11:3197795-3145102   -            262 39868at71240         -            505   1.3e-30  105.4   0.0   1   1   1.2e-32   1.7e-30  105.0   0.0   215   377    93   259    86   262 0.88 -
Pcitr_chr11:10346806-10346282 -            175 39868at71240         -            505   1.4e-30  105.3   0.0   1   1   1.2e-32   1.7e-30  105.1   0.0   214   376     7   173     3   175 0.87 -
Pcitr_chr7:34279325-34279909  -            195 39868at71240         -            505   2.3e-30  104.6   0.0   1   1     2e-32   2.8e-30  104.3   0.0   214   378     7   175     3   184 0.86 -
Pcitr_chr1:14474710-14474207  -            168 39868at71240         -            505   2.5e-28   97.8   0.0   1   1   2.1e-30     3e-28   97.6   0.0   215   369     8   168     3   168 0.87 -
Pcitr_chr2:12732115-12734152  -            275 39868at71240         -            505   4.8e-27   93.6   0.0   1   2   5.9e-26   8.4e-24   82.9   0.0   218   369    24   177    13   189 0.78 -
Pcitr_chr2:12732115-12734152  -            275 39868at71240         -            505   4.8e-27   93.6   0.0   2   2   0.00074      0.11   10.0   0.0   398   450   178   230   176   253 0.87 -
Pcitr_chr2:6271168-6275259    -            225 39868at71240         -            505   1.3e-24   85.6   0.0   1   2   1.8e-26   2.6e-24   84.6   0.0   213   332    62   181    49   194 0.90 -
Pcitr_chr2:6271168-6275259    -            225 39868at71240         -            505   1.3e-24   85.6   0.0   2   2       3.8   5.4e+02   -2.2   0.0   368   395   196   221   184   223 0.78 -
Pcitr_chr8:10446643-10447081  -             84 39868at71240         -            505   1.9e-24   85.0   0.0   1   1   1.5e-26   2.1e-24   84.9   0.0   244   327     1    84     1    84 0.98 -
Pcitr_chr10:30564754-30553215 -            220 39868at71240         -            505   5.5e-24   83.5   0.0   1   1   4.7e-26   6.7e-24   83.3   0.0   214   332    63   181    50   216 0.91 -
Pcitr_chr5:1145302-1144733    -             91 39868at71240         -            505   3.2e-23   81.0   0.0   1   1   2.5e-25   3.5e-23   80.9   0.0   253   328     1    76     1    87 0.96 -
Pcitr_chr4:40416825-40416467  -             82 39868at71240         -            505   4.8e-20   70.5   0.1   1   1   3.6e-22   5.1e-20   70.4   0.1   244   327     1    82     1    82 0.94 -
Pcitr_chr11:8232982-8232740   -             81 39868at71240         -            505   1.4e-15   55.8   0.2   1   1     1e-17   1.5e-15   55.7   0.2   379   458     2    79     1    81 0.94 -
Pcitr_chr6:16875163-16875704  -             94 39868at71240         -            505   1.5e-11   42.5   0.1   1   2   9.8e-10   1.4e-07   29.4   0.0   243   284    17    58     8    59 0.87 -
Pcitr_chr6:16875163-16875704  -             94 39868at71240         -            505   1.5e-11   42.5   0.1   2   2     6e-05    0.0085   13.6   0.0   308   342    56    91    53    94 0.67 -
Pcitr_chr5:32099710-32103608  -            401 39868at71240         -            505   3.5e-10   38.0   0.0   1   1   3.9e-12   5.6e-10   37.3   0.0   252   400   145   311   136   328 0.75 -
Pcitr_chr1:28620067-28624217  -            473 39868at71240         -            505     2e-09   35.5   0.0   1   2   3.6e-11   5.2e-09   34.1   0.0   252   399   181   346   172   356 0.73 -
Pcitr_chr1:28620067-28624217  -            473 39868at71240         -            505     2e-09   35.5   0.0   2   2       4.7   6.7e+02   -2.5   0.0   375   427   385   436   383   449 0.70 -
Pcitr_chr2:21066795-21066037  -            253 39868at71240         -            505   2.7e-09   35.1   0.0   1   2   5.9e-07   8.5e-05   20.2   0.0   228   321    28   114    17   126 0.78 -
Pcitr_chr2:21066795-21066037  -            253 39868at71240         -            505   2.7e-09   35.1   0.0   2   2   9.8e-05     0.014   12.9   0.0   334   387   169   224   151   237 0.82 -
Pcitr_chr2:21077943-21077176  -            256 39868at71240         -            505   5.1e-09   34.2   0.0   1   1   2.5e-09   3.6e-07   28.1   0.0   220   379    37   219     5   233 0.70 -
Pcitr_chr10:21914107-21913361 -            249 39868at71240         -            505   1.2e-08   32.9   0.0   1   1   1.1e-09   1.6e-07   29.2   0.0   224   381     5   180     1   199 0.72 -
Pcitr_chr10:21905449-21904943 -            169 39868at71240         -            505   6.7e-08   30.5   0.0   1   2     1e-05    0.0015   16.1   0.0   252   333     4    80     2   102 0.76 -
Pcitr_chr10:21905449-21904943 -            169 39868at71240         -            505   6.7e-08   30.5   0.0   2   2   9.6e-05     0.014   12.9   0.0   334   380   104   152    85   164 0.81 -
Pcitr_chr8:22922150-22912815  -            333 39868at71240         -            505   2.1e-07   28.8   0.0   1   2   0.00021      0.03   11.8   0.0   246   286     1    41     1    70 0.85 -
Pcitr_chr8:22922150-22912815  -            333 39868at71240         -            505   2.1e-07   28.8   0.0   2   2   2.2e-05    0.0032   15.0   0.0   242   282   268   308   251   316 0.84 -
Pcitr_chr8:12994903-12994178  -            242 39868at71240         -            505   3.2e-07   28.2   0.0   1   1   3.9e-09   5.7e-07   27.4   0.0   238   383    41   195    28   210 0.71 -
Pcitr_chr10:21909131-21908457 -            225 39868at71240         -            505   5.1e-07   27.6   0.0   1   1   2.8e-07     4e-05   21.3   0.0   254   379     1   145     1   151 0.67 -
Pcitr_chr10:19234666-19233926 -            247 39868at71240         -            505   7.5e-07   27.0   0.1   1   1   7.5e-09   1.1e-06   26.5   0.1   411   462    11    62     2    80 0.75 -
Pcitr_chr1:32685455-32685751  -             99 39868at71240         -            505   2.4e-06   25.3   0.0   1   1   1.8e-08   2.5e-06   25.3   0.0   231   320    16    98     4    99 0.77 -
Pcitr_chr3:1812350-1775944    -           5009 39868at71240         -            505   6.7e-05   20.6   0.4   1   5       0.1        15    2.9   0.0   240   284   333   377   324   384 0.79 -
Pcitr_chr3:1812350-1775944    -           5009 39868at71240         -            505   6.7e-05   20.6   0.4   2   5     0.016       2.3    5.6   0.0   246   280   647   681   628   691 0.77 -
Pcitr_chr3:1812350-1775944    -           5009 39868at71240         -            505   6.7e-05   20.6   0.4   3   5      0.58        84    0.5   0.0   254   290  1054  1090  1017  1097 0.86 -
Pcitr_chr3:1812350-1775944    -           5009 39868at71240         -            505   6.7e-05   20.6   0.4   4   5      0.96   1.4e+02   -0.2   0.0   249   286  1327  1364  1317  1376 0.84 -
Pcitr_chr3:1812350-1775944    -           5009 39868at71240         -            505   6.7e-05   20.6   0.4   5   5      0.14        20    2.5   0.0   249   291  1721  1763  1713  1769 0.90 -
Pcitr_chr7:16862613-16862879  -             89 39868at71240         -            505   0.00027   18.6   0.0   1   1   1.9e-06   0.00027   18.6   0.0   240   283     3    46     1    87 0.82 -
Pcitr_chr8:31346966-31346325  -            214 39868at71240         -            505   0.00038   18.1   0.0   1   1   3.5e-06    0.0005   17.7   0.0   251   321    36   110    12   120 0.67 -
Pcitr_chr3:3495127-3496509    -            461 39868at71240         -            505     0.012   13.1   1.1   1   2      0.66        95    0.3   0.5     8    88   244   326   239   347 0.63 -
Pcitr_chr3:3495127-3496509    -            461 39868at71240         -            505     0.012   13.1   1.1   2   2    0.0005     0.072   10.6   0.0   216   253   412   449   403   454 0.92 -
Pcitr_chr3:12063548-12027793  -           5016 39868at71240         -            505     0.014   12.9   0.0   1   4       5.7   8.2e+02   -2.8   0.0   247   284   338   375   328   380 0.79 -
Pcitr_chr3:12063548-12027793  -           5016 39868at71240         -            505     0.014   12.9   0.0   2   4     0.066       9.5    3.6   0.0   249   281   616   648   605   664 0.82 -
Pcitr_chr3:12063548-12027793  -           5016 39868at71240         -            505     0.014   12.9   0.0   3   4      0.73     1e+02    0.1   0.0   255   291  1025  1061  1010  1068 0.90 -
Pcitr_chr3:12063548-12027793  -           5016 39868at71240         -            505     0.014   12.9   0.0   4   4      0.13        18    2.7   0.0   249   288  1761  1800  1751  1808 0.85 -
#
# Program:         hmmsearch
# Version:         3.3.2 (Nov 2020)
# Pipeline mode:   SEARCH
# Query file:      /scratch/srb67793/Pelargonium/busco_downloads/lineages/eudicots_odb10/hmms/39868at71240.hmm
# Target file:     /scratch/srb67793/Pelargonium/Pelargonium-PreviousAssembly-busco/run_eudicots_odb10/metaeuk_output/initial_results/Pcitr_Genome-final.fasta.modified.fas
# Option settings: hmmsearch --domtblout /scratch/srb67793/Pelargonium/Pelargonium-PreviousAssembly-busco/run_eudicots_odb10/hmmer_output/initial_run_results/39868at71240.out --cpu 1 /scratch/srb67793/Pelargonium/busco_downloads/lineages/eudicots_odb10/hmms/39868at71240.hmm /scratch/srb67793/Pelargonium/Pelargonium-PreviousAssembly-busco/run_eudicots_odb10/metaeuk_output/initial_results/Pcitr_Genome-final.fasta.modified.fas 
# Current dir:     /scratch/srb67793/Pelargonium
# Date:            Tue Jul  9 10:56:45 2024
# [ok]
