#                                                                                    --- full sequence --- -------------- this domain -------------   hmm coord   ali coord   env coord
# target name                accession   tlen query name           accession   qlen   E-value  score  bias   #  of  c-Evalue  i-Evalue  score  bias  from    to  from    to  from    to  acc description of target
#        ------------------- ---------- ----- -------------------- ---------- ----- --------- ------ ----- --- --- --------- --------- ------ ----- ----- ----- ----- ----- ----- ----- ---- ---------------------
Pcitr_chr5:29449281-29433855 -           1211 4043at71240          -            971         0 1868.3  23.5   1   4    0.0012       5.8    3.9   0.1     3    18     1    16     1    28 0.91 -
Pcitr_chr5:29449281-29433855 -           1211 4043at71240          -            971         0 1868.3  23.5   2   4   1.2e-05     0.059   10.4   0.1    16    36    47    67    44    78 0.84 -
Pcitr_chr5:29449281-29433855 -           1211 4043at71240          -            971         0 1868.3  23.5   3   4  9.9e-221  4.8e-217  722.4   0.5    33   412   115   534   108   541 0.93 -
Pcitr_chr5:29449281-29433855 -           1211 4043at71240          -            971         0 1868.3  23.5   4   4         0         0 1129.7   9.1   409   971   568  1205   559  1205 0.94 -
Pcitr_chr1:34253656-34233518 -           1190 4043at71240          -            971         0 1801.5  21.8   1   3   0.00028       1.4    5.9   0.1     2    18     2    18     1    25 0.88 -
Pcitr_chr1:34253656-34233518 -           1190 4043at71240          -            971         0 1801.5  21.8   2   3  2.5e-209  1.2e-205  684.6   1.3    16   413    50   504    47   514 0.90 -
Pcitr_chr1:34253656-34233518 -           1190 4043at71240          -            971         0 1801.5  21.8   3   3         0         0 1105.4  10.1   407   971   537  1184   522  1184 0.92 -
#
# Program:         hmmsearch
# Version:         3.3.2 (Nov 2020)
# Pipeline mode:   SEARCH
# Query file:      /scratch/srb67793/Pelargonium/busco_downloads/lineages/eudicots_odb10/hmms/4043at71240.hmm
# Target file:     /scratch/srb67793/Pelargonium/Pelargonium-PreviousAssembly-busco/run_eudicots_odb10/metaeuk_output/initial_results/Pcitr_Genome-final.fasta.modified.fas
# Option settings: hmmsearch --domtblout /scratch/srb67793/Pelargonium/Pelargonium-PreviousAssembly-busco/run_eudicots_odb10/hmmer_output/initial_run_results/4043at71240.out --cpu 1 /scratch/srb67793/Pelargonium/busco_downloads/lineages/eudicots_odb10/hmms/4043at71240.hmm /scratch/srb67793/Pelargonium/Pelargonium-PreviousAssembly-busco/run_eudicots_odb10/metaeuk_output/initial_results/Pcitr_Genome-final.fasta.modified.fas 
# Current dir:     /scratch/srb67793/Pelargonium
# Date:            Tue Jul  9 10:56:57 2024
# [ok]
