#                                                                                     --- full sequence --- -------------- this domain -------------   hmm coord   ali coord   env coord
# target name                 accession   tlen query name           accession   qlen   E-value  score  bias   #  of  c-Evalue  i-Evalue  score  bias  from    to  from    to  from    to  acc description of target
#         ------------------- ---------- ----- -------------------- ---------- ----- --------- ------ ----- --- --- --------- --------- ------ ----- ----- ----- ----- ----- ----- ----- ---- ---------------------
Pcitr_chr1:26081732-26091654  -           1357 4088at71240          -            969         0 1493.3  45.2   1   6   1.3e-63   2.7e-61  206.6   2.5     1   154    11   202    11   208 0.85 -
Pcitr_chr1:26081732-26091654  -           1357 4088at71240          -            969         0 1493.3  45.2   2   6  1.3e-262  2.5e-260  865.3  18.2   151   691   236   897   226   903 0.86 -
Pcitr_chr1:26081732-26091654  -           1357 4088at71240          -            969         0 1493.3  45.2   3   6   0.00012     0.024   11.4   0.1   690   708   922   940   918   954 0.89 -
Pcitr_chr1:26081732-26091654  -           1357 4088at71240          -            969         0 1493.3  45.2   4   6   3.4e-73   6.7e-71  238.4   0.1   706   843   985  1133   975  1147 0.92 -
Pcitr_chr1:26081732-26091654  -           1357 4088at71240          -            969         0 1493.3  45.2   5   6   1.2e-15   2.3e-13   47.9   0.2   836   895  1182  1252  1176  1264 0.84 -
Pcitr_chr1:26081732-26091654  -           1357 4088at71240          -            969         0 1493.3  45.2   6   6   1.1e-40   2.1e-38  130.8   0.1   892   969  1278  1357  1262  1357 0.91 -
Pcitr_chr8:18218845-18219726  -            294 4088at71240          -            969   1.2e-14   52.2   0.1   1   3   1.1e-12   2.3e-10   38.0   0.1   120   269     7   168     1   181 0.78 -
Pcitr_chr8:18218845-18219726  -            294 4088at71240          -            969   1.2e-14   52.2   0.1   2   3    0.0012      0.25    8.1   0.0   135   189   146   205   133   216 0.82 -
Pcitr_chr8:18218845-18219726  -            294 4088at71240          -            969   1.2e-14   52.2   0.1   3   3    0.0006      0.12    9.1   0.0   157   201   223   274   209   287 0.75 -
Pcitr_chr1:23362067-23360424  -            306 4088at71240          -            969   1.8e-12   45.0  14.3   1   4     0.012       2.3    4.9   0.1   149   186    11    48     8    52 0.91 -
Pcitr_chr1:23362067-23360424  -            306 4088at71240          -            969   1.8e-12   45.0  14.3   2   4   3.2e-10   6.3e-08   29.9   5.7   137   231    36   146    34   146 0.79 -
Pcitr_chr1:23362067-23360424  -            306 4088at71240          -            969   1.8e-12   45.0  14.3   3   4   2.2e-08   4.4e-06   23.8   0.7   152   261    99   218    95   221 0.87 -
Pcitr_chr1:23362067-23360424  -            306 4088at71240          -            969   1.8e-12   45.0  14.3   4   4    0.0023      0.46    7.2   0.3    93   185   207   306   203   306 0.83 -
Pcitr_chr3:5298846-5305184    -            939 4088at71240          -            969   5.7e-12   43.3   8.2   1   3     7e-10   1.4e-07   28.8   0.0    91   220    79   219    63   229 0.83 -
Pcitr_chr3:5298846-5305184    -            939 4088at71240          -            969   5.7e-12   43.3   8.2   2   3     0.002      0.39    7.4   0.3   150   354   393   603   382   608 0.69 -
Pcitr_chr3:5298846-5305184    -            939 4088at71240          -            969   5.7e-12   43.3   8.2   3   3   0.00057      0.11    9.2   0.7   154   220   615   690   608   703 0.80 -
Pcitr_chr11:9104081-9101308   -            514 4088at71240          -            969   1.2e-10   38.9   2.1   1   2     5e-06     0.001   16.0   0.5   150   250   213   323   207   340 0.81 -
Pcitr_chr11:9104081-9101308   -            514 4088at71240          -            969   1.2e-10   38.9   2.1   2   2   9.7e-08   1.9e-05   21.7   0.0    97   186   410   506   393   510 0.79 -
Pcitr_chr6:4882411-4885085    -            505 4088at71240          -            969   1.7e-10   38.4   9.4   1   2   1.2e-05    0.0024   14.7   4.3   150   254   213   327   207   335 0.81 -
Pcitr_chr6:4882411-4885085    -            505 4088at71240          -            969   1.7e-10   38.4   9.4   2   2   2.4e-08   4.7e-06   23.7   0.1    96   186   406   503   362   505 0.75 -
Pcitr_chr6:2374729-2385220    -            494 4088at71240          -            969   1.1e-07   29.1   2.5   1   4   4.2e-09   8.3e-07   26.2   0.2   132   223   255   361   207   368 0.78 -
Pcitr_chr6:2374729-2385220    -            494 4088at71240          -            969   1.1e-07   29.1   2.5   2   4      0.89   1.8e+02   -1.4   0.0     6    45   376   416   375   423 0.80 -
Pcitr_chr6:2374729-2385220    -            494 4088at71240          -            969   1.1e-07   29.1   2.5   3   4      0.68   1.3e+02   -1.0   0.0   907   937   433   463   425   477 0.81 -
Pcitr_chr6:2374729-2385220    -            494 4088at71240          -            969   1.1e-07   29.1   2.5   4   4       0.3        60    0.2   0.0   204   219   478   493   474   494 0.91 -
Pcitr_chr5:4673675-4662720    -            465 4088at71240          -            969   1.6e-06   25.3   4.1   1   2    0.0038      0.75    6.5   1.0   147   250   164   279   148   293 0.68 -
Pcitr_chr5:4673675-4662720    -            465 4088at71240          -            969   1.6e-06   25.3   4.1   2   2   3.7e-07   7.4e-05   19.8   0.1    55   185   321   462   286   464 0.82 -
Pcitr_chr5:4667526-4672970    -            512 4088at71240          -            969   1.8e-06   25.1   4.0   1   2    0.0037      0.74    6.5   0.7   149   249   213   325   205   333 0.61 -
Pcitr_chr5:4667526-4672970    -            512 4088at71240          -            969   1.8e-06   25.1   4.0   2   2   4.2e-07   8.4e-05   19.6   0.1    55   185   368   509   332   511 0.82 -
Pcitr_chr6:16601000-16601515  -            172 4088at71240          -            969   3.1e-06   24.3   1.4   1   1   2.4e-08   4.8e-06   23.7   1.4   147   226    24   112     3   118 0.80 -
Pcitr_chr7:12894677-12889959  -            293 4088at71240          -            969   3.3e-06   24.2   0.5   1   1   3.2e-08   6.3e-06   23.3   0.5   154   235    15   110     4   140 0.73 -
Pcitr_chr6:10652430-10651507  -            308 4088at71240          -            969   4.5e-06   23.8   8.1   1   3    0.0017      0.33    7.7   0.0   899   955    32    88    21    94 0.86 -
Pcitr_chr6:10652430-10651507  -            308 4088at71240          -            969   4.5e-06   23.8   8.1   2   3   1.3e-05    0.0026   14.6   0.8   854   933   101   178    80   198 0.85 -
Pcitr_chr6:10652430-10651507  -            308 4088at71240          -            969   4.5e-06   23.8   8.1   3   3     0.015       3.1    4.5   0.1   145   193   221   267   217   273 0.85 -
Pcitr_chr8:31816359-31819964  -            296 4088at71240          -            969   5.4e-06   23.5   6.5   1   3     2e-06   0.00039   17.4   0.9   153   261    13   129     8   135 0.76 -
Pcitr_chr8:31816359-31819964  -            296 4088at71240          -            969   5.4e-06   23.5   6.5   2   3      0.14        28    1.3   0.0    76   121   141   188   136   197 0.82 -
Pcitr_chr8:31816359-31819964  -            296 4088at71240          -            969   5.4e-06   23.5   6.5   3   3     0.017       3.3    4.4   0.1   783   811   240   270   209   296 0.64 -
Pcitr_chr11:956526-956017     -            170 4088at71240          -            969   5.9e-06   23.4   0.3   1   2     0.042       8.4    3.0   0.1   156   186     3    33     1    43 0.79 -
Pcitr_chr11:956526-956017     -            170 4088at71240          -            969   5.9e-06   23.4   0.3   2   2   6.2e-07   0.00012   19.0   0.0    84   187    64   170    35   170 0.79 -
Pcitr_chr1:24273910-24274701  -            264 4088at71240          -            969   1.3e-05   22.3   0.1   1   1   7.5e-08   1.5e-05   22.1   0.1   150   278    25   164     8   206 0.81 -
Pcitr_chr1:48097188-48096307  -            294 4088at71240          -            969   2.4e-05   21.4  10.7   1   5      0.14        27    1.3   0.0   896   926     6    36     2    48 0.88 -
Pcitr_chr1:48097188-48096307  -            294 4088at71240          -            969   2.4e-05   21.4  10.7   2   5    0.0016      0.31    7.8   0.1   894   934    56    96    41   123 0.82 -
Pcitr_chr1:48097188-48096307  -            294 4088at71240          -            969   2.4e-05   21.4  10.7   3   5     0.033       6.6    3.4   1.9   151   188   127   164   117   204 0.80 -
Pcitr_chr1:48097188-48096307  -            294 4088at71240          -            969   2.4e-05   21.4  10.7   4   5   0.00071      0.14    8.9   0.1   845   926   166   252   162   258 0.80 -
Pcitr_chr1:48097188-48096307  -            294 4088at71240          -            969   2.4e-05   21.4  10.7   5   5    0.0001      0.02   11.7   0.5   827   924   195   293   187   294 0.67 -
Pcitr_chr3:7148513-7147539    -            325 4088at71240          -            969   5.6e-05   20.2   3.2   1   2     0.027       5.3    3.7   0.6   132   186   123   181    81   201 0.74 -
Pcitr_chr3:7148513-7147539    -            325 4088at71240          -            969   5.6e-05   20.2   3.2   2   2   3.1e-06   0.00062   16.7   0.1   151   189   236   275   212   280 0.80 -
Pcitr_chr1:28897938-28897411  -            176 4088at71240          -            969   7.7e-05   19.7   1.0   1   2     0.024       4.7    3.9   1.6   170   222    12    73     5    83 0.70 -
Pcitr_chr1:28897938-28897411  -            176 4088at71240          -            969   7.7e-05   19.7   1.0   2   2   3.9e-07   7.7e-05   19.7   1.0   848   925    84   163    78   175 0.81 -
Pcitr_chr3:25546965-25547909  -            315 4088at71240          -            969   0.00016   18.7   5.4   1   2   1.3e-05    0.0025   14.7   1.8   849   959    96   207    15   218 0.76 -
Pcitr_chr3:25546965-25547909  -            315 4088at71240          -            969   0.00016   18.7   5.4   2   2       0.1        20    1.8   0.0   776   801   200   225   189   236 0.80 -
Pcitr_chr4:36571343-36572302  -            320 4088at71240          -            969   0.00018   18.5   2.8   1   2      0.15        31    1.2   0.4   197   223   117   144   106   159 0.63 -
Pcitr_chr4:36571343-36572302  -            320 4088at71240          -            969   0.00018   18.5   2.8   2   2   4.3e-06   0.00085   16.3   0.1   133   188   216   274   157   277 0.73 -
Pcitr_chr6:22424020-22435351  -            758 4088at71240          -            969   0.00019   18.4   1.1   1   2   1.8e-05    0.0036   14.2   0.1   153   187    45    79    37   129 0.82 -
Pcitr_chr6:22424020-22435351  -            758 4088at71240          -            969   0.00019   18.4   1.1   2   2     0.049       9.8    2.8   0.1   170   219   638   696   613   705 0.73 -
Pcitr_chr11:5994838-5995509   -            224 4088at71240          -            969    0.0002   18.3   2.2   1   2     0.011       2.2    5.0   0.0   854   882    41    70    14    92 0.64 -
Pcitr_chr11:5994838-5995509   -            224 4088at71240          -            969    0.0002   18.3   2.2   2   2   0.00013     0.026   11.3   0.6   201   268   110   176    96   217 0.77 -
Pcitr_chr6:19900706-19884274  -            435 4088at71240          -            969    0.0002   18.3   2.5   1   3      0.21        41    0.7   0.0   779   799    56    75    17    99 0.64 -
Pcitr_chr6:19900706-19884274  -            435 4088at71240          -            969    0.0002   18.3   2.5   2   3    0.0019      0.39    7.5   0.5    94   188   122   221   117   235 0.66 -
Pcitr_chr6:19900706-19884274  -            435 4088at71240          -            969    0.0002   18.3   2.5   3   3    0.0021      0.41    7.4   0.0   894   927   308   343   279   370 0.84 -
Pcitr_chr5:29292776-29303396  -            904 4088at71240          -            969    0.0003   17.7   9.2   1   3       2.2   4.5e+02   -2.7   0.0   894   927    89   122    78   129 0.82 -
Pcitr_chr5:29292776-29303396  -            904 4088at71240          -            969    0.0003   17.7   9.2   2   3    0.0022      0.45    7.2   0.1    91   185   196   295   150   359 0.78 -
Pcitr_chr5:29292776-29303396  -            904 4088at71240          -            969    0.0003   17.7   9.2   3   3   4.6e-05    0.0091   12.8   2.2   100   190   498   589   488   605 0.69 -
Pcitr_chr1:36143340-36138251  -            511 4088at71240          -            969   0.00031   17.7   0.0   1   2   8.6e-06    0.0017   15.2   0.0   136   220   232   329   206   340 0.79 -
Pcitr_chr1:36143340-36138251  -            511 4088at71240          -            969   0.00031   17.7   0.0   2   2      0.67   1.3e+02   -0.9   0.0   783   800   355   372   333   392 0.62 -
Pcitr_chr11:6013206-6013862   -            219 4088at71240          -            969   0.00041   17.3   3.6   1   3     0.029       5.8    3.6   0.0   855   882     6    34     3    53 0.63 -
Pcitr_chr11:6013206-6013862   -            219 4088at71240          -            969   0.00041   17.3   3.6   2   3   0.00011     0.023   11.5   0.1   201   262    74   134    57   148 0.77 -
Pcitr_chr11:6013206-6013862   -            219 4088at71240          -            969   0.00041   17.3   3.6   3   3      0.12        23    1.6   0.3   161   187   159   185   146   210 0.62 -
Pcitr_chr1:52493734-52493075  -            220 4088at71240          -            969   0.00045   17.2   4.0   1   3      0.18        35    1.0   0.1   897   925     1    29     1    34 0.91 -
Pcitr_chr1:52493734-52493075  -            220 4088at71240          -            969   0.00045   17.2   4.0   2   3   0.00018     0.036   10.9   0.2   846   925    77   160    53   176 0.72 -
Pcitr_chr1:52493734-52493075  -            220 4088at71240          -            969   0.00045   17.2   4.0   3   3     0.028       5.5    3.6   0.0   758   798   169   212   164   217 0.83 -
Pcitr_chr1:50945479-50944589  -            297 4088at71240          -            969   0.00047   17.1  12.9   1   3   0.00015     0.029   11.2   0.2   855   929     9    85     1   119 0.83 -
Pcitr_chr1:50945479-50944589  -            297 4088at71240          -            969   0.00047   17.1  12.9   2   3    0.0029      0.57    6.9   2.1   154   219   128   202   110   218 0.64 -
Pcitr_chr1:50945479-50944589  -            297 4088at71240          -            969   0.00047   17.1  12.9   3   3      0.02         4    4.1   0.4   151   218   220   297   215   297 0.76 -
Pcitr_chr6:290516-286136      -            548 4088at71240          -            969    0.0005   17.0   2.8   1   4       1.2   2.3e+02   -1.8   0.0   239   275    19    58     6    99 0.66 -
Pcitr_chr6:290516-286136      -            548 4088at71240          -            969    0.0005   17.0   2.8   2   4   4.7e-06   0.00093   16.1   1.0   147   218   102   182    99   196 0.71 -
Pcitr_chr6:290516-286136      -            548 4088at71240          -            969    0.0005   17.0   2.8   3   4         3   5.9e+02   -3.1   0.0   747   764   300   317   285   321 0.74 -
Pcitr_chr6:290516-286136      -            548 4088at71240          -            969    0.0005   17.0   2.8   4   4       2.6   5.1e+02   -2.9   0.0   155   179   333   357   310   361 0.76 -
Pcitr_Contig34:776610-781734  -            518 4088at71240          -            969   0.00067   16.6   0.3   1   3      0.22        43    0.7   0.0   897   928   218   251   208   261 0.75 -
Pcitr_Contig34:776610-781734  -            518 4088at71240          -            969   0.00067   16.6   0.3   2   3   8.2e-05     0.016   12.0   0.0   153   220   261   336   248   346 0.83 -
Pcitr_Contig34:776610-781734  -            518 4088at71240          -            969   0.00067   16.6   0.3   3   3      0.43        85   -0.3   0.0   784   799   363   378   342   392 0.77 -
Pcitr_chr5:23689551-23688892  -            220 4088at71240          -            969   0.00068   16.6   6.3   1   4     0.033       6.7    3.4   0.1   897   925     1    29     1    37 0.91 -
Pcitr_chr5:23689551-23688892  -            220 4088at71240          -            969   0.00068   16.6   6.3   2   4   0.00044     0.088    9.6   2.4   841   927    25   118    19   128 0.74 -
Pcitr_chr5:23689551-23688892  -            220 4088at71240          -            969   0.00068   16.6   6.3   3   4   0.00046     0.092    9.5   0.0   852   924    83   159    70   181 0.73 -
Pcitr_chr5:23689551-23688892  -            220 4088at71240          -            969   0.00068   16.6   6.3   4   4     0.046       9.1    2.9   0.0   765   798   176   212   164   218 0.57 -
Pcitr_chr10:23303941-23311677 -            783 4088at71240          -            969   0.00071   16.5   6.0   1   4     0.047       9.3    2.9   0.1   380   797    75   144    20   159 0.65 -
Pcitr_chr10:23303941-23311677 -            783 4088at71240          -            969   0.00071   16.5   6.0   2   4      0.01         2    5.1   0.0   164   193   226   259   203   267 0.67 -
Pcitr_chr10:23303941-23311677 -            783 4088at71240          -            969   0.00071   16.5   6.0   3   4    0.0025      0.51    7.1   0.0   148   184   395   431   384   436 0.89 -
Pcitr_chr10:23303941-23311677 -            783 4088at71240          -            969   0.00071   16.5   6.0   4   4      0.29        59    0.2   0.1   148   187   628   667   624   675 0.84 -
Pcitr_chr4:24192069-24192566  -            166 4088at71240          -            969    0.0012   15.8   0.0   1   2     1e-05    0.0021   15.0   0.0   189   295     6   111     1   119 0.70 -
Pcitr_chr4:24192069-24192566  -            166 4088at71240          -            969    0.0012   15.8   0.0   2   2       2.6   5.1e+02   -2.9   0.0   425   438   138   151   134   163 0.72 -
Pcitr_chr7:16119887-16119423  -            155 4088at71240          -            969    0.0012   15.7   0.0   1   1   8.5e-06    0.0017   15.3   0.0   189   295     6   111     1   119 0.70 -
Pcitr_chr5:8032913-8032407    -            169 4088at71240          -            969    0.0018   15.2   2.8   1   3   2.8e-05    0.0055   13.6   0.9   156   258     1   116     1   122 0.75 -
Pcitr_chr5:8032913-8032407    -            169 4088at71240          -            969    0.0018   15.2   2.8   2   3      0.13        26    1.4   0.0   775   800    98   123    93   136 0.78 -
Pcitr_chr5:8032913-8032407    -            169 4088at71240          -            969    0.0018   15.2   2.8   3   3      0.36        72   -0.1   0.0    95   111   150   166   144   168 0.77 -
Pcitr_chr1:37712796-37712290  -            169 4088at71240          -            969    0.0018   15.2   2.9   1   3   1.9e-05    0.0038   14.1   0.8   156   259     1   117     1   125 0.79 -
Pcitr_chr1:37712796-37712290  -            169 4088at71240          -            969    0.0018   15.2   2.9   2   3       0.1        20    1.8   0.0   775   801    98   124    93   144 0.77 -
Pcitr_chr1:37712796-37712290  -            169 4088at71240          -            969    0.0018   15.2   2.9   3   3      0.38        75   -0.1   0.0    95   111   150   166   145   168 0.77 -
Pcitr_chr10:30549019-30548634 -            104 4088at71240          -            969    0.0019   15.1   1.7   1   1     1e-05     0.002   15.0   1.7   136   187    12    68     5    88 0.85 -
Pcitr_chr2:6286097-6286488    -            105 4088at71240          -            969    0.0031   14.4   2.9   1   1   1.7e-05    0.0033   14.3   2.9   136   189    12    70     5    98 0.82 -
Pcitr_chr1:51481356-51479596  -            587 4088at71240          -            969    0.0031   14.4   0.5   1   3      0.18        36    0.9   0.0   899   925   301   327   287   339 0.75 -
Pcitr_chr1:51481356-51479596  -            587 4088at71240          -            969    0.0031   14.4   0.5   2   3   1.5e-05    0.0031   14.4   0.5    95   187   360   456   311   463 0.80 -
Pcitr_chr1:51481356-51479596  -            587 4088at71240          -            969    0.0031   14.4   0.5   3   3      0.71   1.4e+02   -1.0   2.6   190   258   512   585   476   587 0.79 -
Pcitr_chr4:24191097-24191261  -             55 4088at71240          -            969     0.004   14.0   1.5   1   1   2.2e-05    0.0043   13.9   1.5   173   218     1    55     1    55 0.72 -
Pcitr_chr7:16120608-16120444  -             55 4088at71240          -            969     0.004   14.0   1.5   1   1   2.2e-05    0.0043   13.9   1.5   173   218     1    55     1    55 0.72 -
Pcitr_chr1:32790993-32791367  -            125 4088at71240          -            969    0.0049   13.7   0.0   1   1     3e-05    0.0059   13.5   0.0   150   230    32   123    15   124 0.78 -
Pcitr_chr3:9870346-9870543    -             66 4088at71240          -            969    0.0087   12.9   0.0   1   1   5.2e-05      0.01   12.7   0.0   206   259    10    64     6    65 0.76 -
Pcitr_chr9:7334037-7334912    -            292 4088at71240          -            969     0.014   12.2   7.8   1   3   0.00071      0.14    8.9   0.0   896   940     8    52     5    71 0.85 -
Pcitr_chr9:7334037-7334912    -            292 4088at71240          -            969     0.014   12.2   7.8   2   3     0.033       6.7    3.4   1.2   155   221    79   153    60   164 0.70 -
Pcitr_chr9:7334037-7334912    -            292 4088at71240          -            969     0.014   12.2   7.8   3   3      0.05        10    2.8   3.8   777   927    91   243    84   256 0.70 -
Pcitr_chr10:20946292-20945600 -            231 4088at71240          -            969     0.021   11.6   0.2   1   2     0.077        15    2.2   0.0   157   225    70   148    65   158 0.68 -
Pcitr_chr10:20946292-20945600 -            231 4088at71240          -            969     0.021   11.6   0.2   2   2    0.0024      0.48    7.1   0.1   159   809   157   195   149   228 0.47 -
Pcitr_chr7:33859710-33856271  -            338 4088at71240          -            969     0.026   11.4   0.6   1   2       1.5   2.9e+02   -2.1   0.0   153   187    51    87    47   101 0.76 -
Pcitr_chr7:33859710-33856271  -            338 4088at71240          -            969     0.026   11.4   0.6   2   2   0.00035     0.069    9.9   0.2   151   191   286   326   278   331 0.89 -
Pcitr_chr3:44557474-44557067  -            136 4088at71240          -            969     0.033   11.0   0.0   1   1   0.00018     0.037   10.8   0.0   164   211    46    92    33   110 0.84 -
Pcitr_chr8:22084333-22084596  -             88 4088at71240          -            969     0.035   10.9   0.3   1   1    0.0002     0.041   10.7   0.3   137   187     2    57     1    69 0.52 -
Pcitr_chr4:39542289-39542933  -            215 4088at71240          -            969     0.055   10.2   5.0   1   3    0.0072       1.4    5.6   0.2   177   219     3    53     1    65 0.70 -
Pcitr_chr4:39542289-39542933  -            215 4088at71240          -            969     0.055   10.2   5.0   2   3      0.67   1.3e+02   -0.9   0.0   766   795    74   100    63   102 0.73 -
Pcitr_chr4:39542289-39542933  -            215 4088at71240          -            969     0.055   10.2   5.0   3   3    0.0074       1.5    5.5   0.2   189   240   115   168   111   176 0.77 -
#
# Program:         hmmsearch
# Version:         3.3.2 (Nov 2020)
# Pipeline mode:   SEARCH
# Query file:      /scratch/srb67793/Pelargonium/busco_downloads/lineages/eudicots_odb10/hmms/4088at71240.hmm
# Target file:     /scratch/srb67793/Pelargonium/Pelargonium-PreviousAssembly-busco/run_eudicots_odb10/metaeuk_output/initial_results/Pcitr_Genome-final.fasta.modified.fas
# Option settings: hmmsearch --domtblout /scratch/srb67793/Pelargonium/Pelargonium-PreviousAssembly-busco/run_eudicots_odb10/hmmer_output/initial_run_results/4088at71240.out --cpu 1 /scratch/srb67793/Pelargonium/busco_downloads/lineages/eudicots_odb10/hmms/4088at71240.hmm /scratch/srb67793/Pelargonium/Pelargonium-PreviousAssembly-busco/run_eudicots_odb10/metaeuk_output/initial_results/Pcitr_Genome-final.fasta.modified.fas 
# Current dir:     /scratch/srb67793/Pelargonium
# Date:            Tue Jul  9 10:56:59 2024
# [ok]
