#                                                                                     --- full sequence --- -------------- this domain -------------   hmm coord   ali coord   env coord
# target name                 accession   tlen query name           accession   qlen   E-value  score  bias   #  of  c-Evalue  i-Evalue  score  bias  from    to  from    to  from    to  acc description of target
#         ------------------- ---------- ----- -------------------- ---------- ----- --------- ------ ----- --- --- --------- --------- ------ ----- ----- ----- ----- ----- ----- ----- ---- ---------------------
Pcitr_chr10:26603043-26610811 -            611 43180at71240         -            459  1.2e-259  860.5   1.7   1   1  2.5e-262    2e-259  859.8   1.7     3   459     1   515     1   515 0.93 -
Pcitr_chr2:32104499-32110851  -            501 43180at71240         -            459   1.5e-35  121.8   0.2   1   2   3.4e-13   2.8e-10   38.5   0.0     5    88    38   125    34   145 0.86 -
Pcitr_chr2:32104499-32110851  -            501 43180at71240         -            459   1.5e-35  121.8   0.2   2   2   4.7e-26   3.8e-23   80.9   0.3   153   401   226   479   208   489 0.78 -
Pcitr_chr7:2457456-2459134    -            330 43180at71240         -            459   1.4e-30  105.4   1.1   1   1   2.3e-33   1.9e-30  105.0   1.1   212   437    55   284    11   300 0.81 -
Pcitr_chr11:23375350-23373495 -            298 43180at71240         -            459   3.4e-28   97.5   0.4   1   1   7.5e-31   6.1e-28   96.7   0.4   213   444    62   295    51   298 0.84 -
Pcitr_chr6:23540881-23544625  -            189 43180at71240         -            459   1.3e-26   92.3   3.9   1   2   1.1e-05    0.0088   13.8   0.0     5    31     3    29     1    41 0.74 -
Pcitr_chr6:23540881-23544625  -            189 43180at71240         -            459   1.3e-26   92.3   3.9   2   2   4.3e-25   3.5e-22   77.7   2.7   281   428    47   187    41   189 0.91 -
Pcitr_chr6:23543153-23544670  -            290 43180at71240         -            459   3.2e-24   84.5   3.0   1   1   3.3e-25   2.7e-22   78.1   3.0   213   436    62   281    52   289 0.82 -
Pcitr_chr5:40463831-40461018  -            427 43180at71240         -            459   2.6e-18   64.9   0.2   1   1   1.5e-19   1.2e-16   59.4   0.2     4   241   101   375    98   419 0.70 -
Pcitr_chr1:25010209-25007689  -            444 43180at71240         -            459     4e-18   64.3   0.0   1   1   5.2e-20   4.2e-17   61.0   0.0     4   239   122   390   119   436 0.69 -
Pcitr_chr7:2454300-2454575    -             92 43180at71240         -            459   5.6e-08   30.9   0.0   1   1   7.4e-11     6e-08   30.8   0.0     6    93     2    87     1    92 0.78 -
Pcitr_chr11:23376995-23376702 -             98 43180at71240         -            459   1.4e-07   29.6   0.0   1   1     2e-10   1.6e-07   29.4   0.0     3    80     7    81     5    95 0.83 -
Pcitr_chr5:27095810-27103983  -            694 43180at71240         -            459   7.4e-06   23.9   0.0   1   1   1.6e-08   1.3e-05   23.1   0.0     5   124    21   136    17   142 0.91 -
Pcitr_chr2:31981059-31980754  -            102 43180at71240         -            459    0.0056   14.4   0.0   1   1   8.8e-06    0.0072   14.1   0.0     5    36    51    88    47    95 0.79 -
#
# Program:         hmmsearch
# Version:         3.3.2 (Nov 2020)
# Pipeline mode:   SEARCH
# Query file:      /scratch/srb67793/Pelargonium/busco_downloads/lineages/eudicots_odb10/hmms/43180at71240.hmm
# Target file:     /scratch/srb67793/Pelargonium/Pelargonium-PreviousAssembly-busco/run_eudicots_odb10/metaeuk_output/initial_results/Pcitr_Genome-final.fasta.modified.fas
# Option settings: hmmsearch --domtblout /scratch/srb67793/Pelargonium/Pelargonium-PreviousAssembly-busco/run_eudicots_odb10/hmmer_output/initial_run_results/43180at71240.out --cpu 1 /scratch/srb67793/Pelargonium/busco_downloads/lineages/eudicots_odb10/hmms/43180at71240.hmm /scratch/srb67793/Pelargonium/Pelargonium-PreviousAssembly-busco/run_eudicots_odb10/metaeuk_output/initial_results/Pcitr_Genome-final.fasta.modified.fas 
# Current dir:     /scratch/srb67793/Pelargonium
# Date:            Tue Jul  9 10:57:12 2024
# [ok]
