#                                                                                     --- full sequence --- -------------- this domain -------------   hmm coord   ali coord   env coord
# target name                 accession   tlen query name           accession   qlen   E-value  score  bias   #  of  c-Evalue  i-Evalue  score  bias  from    to  from    to  from    to  acc description of target
#         ------------------- ---------- ----- -------------------- ---------- ----- --------- ------ ----- --- --- --------- --------- ------ ----- ----- ----- ----- ----- ----- ----- ---- ---------------------
Pcitr_chr5:35563721-35573310  -           1086 48817at71240         -            443  9.3e-278  920.3   1.9   1   1  7.3e-281  1.2e-277  920.0   1.9     1   443   643  1076   643  1076 0.99 -
Pcitr_chr5:38428813-38437033  -            624 48817at71240         -            443   1.8e-51  174.5   1.0   1   1   2.4e-54   3.8e-51  173.5   1.0    85   288     7   212     4   231 0.89 -
Pcitr_chr10:23290580-23291458 -            293 48817at71240         -            443   1.5e-39  135.3   0.1   1   2   1.9e-41   3.2e-38  130.9   0.1   100   270     5   180     1   196 0.88 -
Pcitr_chr10:23290580-23291458 -            293 48817at71240         -            443   1.5e-39  135.3   0.1   2   2     0.018        29    2.5   0.0   283   315   231   263   215   280 0.80 -
Pcitr_chr11:10127576-10128559 -            328 48817at71240         -            443   2.5e-08   32.3   1.3   1   1   1.8e-10   2.9e-07   28.8   1.3    98   248    62   219    45   307 0.74 -
Pcitr_chr11:25302043-25247443 -            167 48817at71240         -            443   2.8e-06   25.6   0.1   1   1   2.1e-09   3.4e-06   25.3   0.1    97   153    53   109    33   116 0.89 -
Pcitr_chr7:14145537-14146050  -            169 48817at71240         -            443   3.6e-05   21.9   0.1   1   1   2.8e-08   4.5e-05   21.6   0.1    98   152    63   117    44   124 0.91 -
#
# Program:         hmmsearch
# Version:         3.3.2 (Nov 2020)
# Pipeline mode:   SEARCH
# Query file:      /scratch/srb67793/Pelargonium/busco_downloads/lineages/eudicots_odb10/hmms/48817at71240.hmm
# Target file:     /scratch/srb67793/Pelargonium/Pelargonium-PreviousAssembly-busco/run_eudicots_odb10/metaeuk_output/initial_results/Pcitr_Genome-final.fasta.modified.fas
# Option settings: hmmsearch --domtblout /scratch/srb67793/Pelargonium/Pelargonium-PreviousAssembly-busco/run_eudicots_odb10/hmmer_output/initial_run_results/48817at71240.out --cpu 1 /scratch/srb67793/Pelargonium/busco_downloads/lineages/eudicots_odb10/hmms/48817at71240.hmm /scratch/srb67793/Pelargonium/Pelargonium-PreviousAssembly-busco/run_eudicots_odb10/metaeuk_output/initial_results/Pcitr_Genome-final.fasta.modified.fas 
# Current dir:     /scratch/srb67793/Pelargonium
# Date:            Tue Jul  9 10:57:10 2024
# [ok]
