#                                                                                    --- full sequence --- -------------- this domain -------------   hmm coord   ali coord   env coord
# target name                accession   tlen query name           accession   qlen   E-value  score  bias   #  of  c-Evalue  i-Evalue  score  bias  from    to  from    to  from    to  acc description of target
#        ------------------- ---------- ----- -------------------- ---------- ----- --------- ------ ----- --- --- --------- --------- ------ ----- ----- ----- ----- ----- ----- ----- ---- ---------------------
Pcitr_chr1:34585460-34591222 -            406 49152at71240         -            384  6.6e-181  600.2   0.0   1   1  3.9e-184  7.5e-181  600.1   0.0     7   384     1   406     1   406 0.93 -
Pcitr_chr6:24519882-24520597 -            123 49152at71240         -            384   1.1e-60  204.4   0.5   1   1   6.3e-64   1.2e-60  204.3   0.5     8   128     1   122     1   123 0.98 -
Pcitr_chr1:42424588-42410027 -            660 49152at71240         -            384   2.1e-08   32.4   0.0   1   2   3.1e-11     6e-08   30.9   0.0   147   276   360   494   285   508 0.72 -
Pcitr_chr1:42424588-42410027 -            660 49152at71240         -            384   2.1e-08   32.4   0.0   2   2      0.65   1.3e+03   -3.1   0.0   355   375   624   644   598   646 0.74 -
Pcitr_chr9:3485995-3481264   -            498 49152at71240         -            384     6e-07   27.6   0.1   1   2     7e-09   1.4e-05   23.1   0.0    96   274   140   327   131   338 0.73 -
Pcitr_chr9:3485995-3481264   -            498 49152at71240         -            384     6e-07   27.6   0.1   2   2     0.017        32    2.2   0.0   308   384   386   466   381   466 0.81 -
Pcitr_chr3:16677566-16684380 -           1135 49152at71240         -            384     0.011   13.5   0.0   1   1   1.1e-05     0.022   12.6   0.0   206   249  1075  1118  1055  1125 0.91 -
#
# Program:         hmmsearch
# Version:         3.3.2 (Nov 2020)
# Pipeline mode:   SEARCH
# Query file:      /scratch/srb67793/Pelargonium/busco_downloads/lineages/eudicots_odb10/hmms/49152at71240.hmm
# Target file:     /scratch/srb67793/Pelargonium/Pelargonium-PreviousAssembly-busco/run_eudicots_odb10/metaeuk_output/initial_results/Pcitr_Genome-final.fasta.modified.fas
# Option settings: hmmsearch --domtblout /scratch/srb67793/Pelargonium/Pelargonium-PreviousAssembly-busco/run_eudicots_odb10/hmmer_output/initial_run_results/49152at71240.out --cpu 1 /scratch/srb67793/Pelargonium/busco_downloads/lineages/eudicots_odb10/hmms/49152at71240.hmm /scratch/srb67793/Pelargonium/Pelargonium-PreviousAssembly-busco/run_eudicots_odb10/metaeuk_output/initial_results/Pcitr_Genome-final.fasta.modified.fas 
# Current dir:     /scratch/srb67793/Pelargonium
# Date:            Tue Jul  9 10:57:21 2024
# [ok]
