#                                                                                      --- full sequence --- -------------- this domain -------------   hmm coord   ali coord   env coord
# target name                  accession   tlen query name           accession   qlen   E-value  score  bias   #  of  c-Evalue  i-Evalue  score  bias  from    to  from    to  from    to  acc description of target
#          ------------------- ---------- ----- -------------------- ---------- ----- --------- ------ ----- --- --- --------- --------- ------ ----- ----- ----- ----- ----- ----- ----- ---- ---------------------
Pcitr_chr1:38523766-38527301   -            483 51354at71240         -            399    4e-219  726.6   2.3   1   1    3e-218  1.6e-216  718.0   2.3     2   399    34   480    33   480 0.92 -
Pcitr_chr9:7270001-7272943     -            416 51354at71240         -            399   6.2e-71  238.6   2.5   1   3   2.4e-51   1.3e-49  168.5   0.0     2   283    22   289    21   306 0.92 -
Pcitr_chr9:7270001-7272943     -            416 51354at71240         -            399   6.2e-71  238.6   2.5   2   3     0.006      0.32    9.1   0.1   259   275   308   324   296   324 0.88 -
Pcitr_chr9:7270001-7272943     -            416 51354at71240         -            399   6.2e-71  238.6   2.5   3   3   1.3e-15   6.9e-14   50.8   0.2   300   397   323   412   323   414 0.90 -
Pcitr_chr3:22903623-22907466   -            321 51354at71240         -            399   3.4e-59  200.0   2.1   1   3   1.6e-30   8.4e-29   99.9   0.0     1   126     1   127     1   152 0.89 -
Pcitr_chr3:22903623-22907466   -            321 51354at71240         -            399   3.4e-59  200.0   2.1   2   3   6.3e-15   3.3e-13   48.6   0.6   205   273   162   248   138   252 0.81 -
Pcitr_chr3:22903623-22907466   -            321 51354at71240         -            399   3.4e-59  200.0   2.1   3   3   2.8e-14   1.5e-12   46.4   0.2   297   374   252   321   249   321 0.87 -
Pcitr_chr3:37494443-37497029   -            399 51354at71240         -            399   3.5e-54  183.5   0.8   1   2     1e-39   5.4e-38  130.2   0.2     1   275    23   319    23   321 0.84 -
Pcitr_chr3:37494443-37497029   -            399 51354at71240         -            399   3.5e-54  183.5   0.8   2   2   6.2e-16   3.3e-14   51.9   0.0   295   373   318   399   317   399 0.85 -
Pcitr_chr10:21657562-21654945  -            263 51354at71240         -            399     1e-51  175.4   1.0   1   3   2.1e-32   1.1e-30  106.1   0.0    36   197     1   169     1   178 0.88 -
Pcitr_chr10:21657562-21654945  -            263 51354at71240         -            399     1e-51  175.4   1.0   2   3      0.56        30    2.6   0.1   256   270   174   188   168   190 0.81 -
Pcitr_chr10:21657562-21654945  -            263 51354at71240         -            399     1e-51  175.4   1.0   3   3     2e-20   1.1e-18   66.7   0.7   295   375   187   263   179   263 0.84 -
Pcitr_chr4:43503711-43507535   -            281 51354at71240         -            399   2.5e-51  174.1   0.0   1   2   1.4e-40   7.3e-39  133.0   0.0     2   191    36   230    35   234 0.93 -
Pcitr_chr4:43503711-43507535   -            281 51354at71240         -            399   2.5e-51  174.1   0.0   2   2   4.2e-12   2.2e-10   39.2   0.0   339   374   246   281   238   281 0.90 -
Pcitr_chr6:10142707-10144353   -            332 51354at71240         -            399   6.3e-51  172.8   0.2   1   1   1.3e-51     7e-50  169.3   0.2    36   374     1   332     1   332 0.86 -
Pcitr_chr5:12536908-12535101   -            353 51354at71240         -            399   2.3e-50  170.9   0.1   1   1   6.4e-51   3.4e-49  167.1   0.1    36   374     1   353     1   353 0.86 -
Pcitr_chr2:2857253-2855735     -            365 51354at71240         -            399   2.2e-47  161.1   3.4   1   2   5.3e-17   2.8e-15   55.4   0.0    36   120     1    85     1    95 0.91 -
Pcitr_chr2:2857253-2855735     -            365 51354at71240         -            399   2.2e-47  161.1   3.4   2   2   7.8e-32   4.2e-30  104.2   1.3   124   374   119   365    90   365 0.79 -
Pcitr_chr7:35313898-35308982   -            310 51354at71240         -            399   1.3e-46  158.5   0.5   1   2   1.1e-31   5.8e-30  103.7   0.0     1   198     1   201     1   209 0.89 -
Pcitr_chr7:35313898-35308982   -            310 51354at71240         -            399   1.3e-46  158.5   0.5   2   2   2.4e-16   1.3e-14   53.2   0.4   259   374   210   310   202   310 0.86 -
Pcitr_chr4:4448364-4451343     -            395 51354at71240         -            399   4.3e-41  140.4   0.0   1   2   6.1e-13   3.2e-11   42.0   0.0     1   113     8   121     8   124 0.95 -
Pcitr_chr4:4448364-4451343     -            395 51354at71240         -            399   4.3e-41  140.4   0.0   2   2   9.4e-30     5e-28   97.4   0.0   149   397   122   393   119   395 0.74 -
Pcitr_chr8:29210005-29212748   -            403 51354at71240         -            399   4.5e-41  140.3   0.1   1   3   8.2e-25   4.4e-23   81.1   0.0     2   205     1   212     1   220 0.85 -
Pcitr_chr8:29210005-29212748   -            403 51354at71240         -            399   4.5e-41  140.3   0.1   2   3   1.6e-06   8.4e-05   20.9   0.0   253   308   225   280   220   293 0.92 -
Pcitr_chr8:29210005-29212748   -            403 51354at71240         -            399   4.5e-41  140.3   0.1   3   3   7.4e-11   3.9e-09   35.1   0.0   340   379   343   382   310   403 0.84 -
Pcitr_chr2:13435090-13432853   -            403 51354at71240         -            399   1.4e-40  138.7   0.1   1   1   8.8e-40   4.7e-38  130.4   0.1     3   378     1   400     1   403 0.84 -
Pcitr_chr1:34223639-34163474   -            402 51354at71240         -            399   1.3e-36  125.6   0.0   1   1   4.1e-38   2.2e-36  124.9   0.0     2   366    12   402    11   402 0.81 -
Pcitr_chr6:4252159-4243458     -            399 51354at71240         -            399     2e-35  121.7   0.1   1   2   1.8e-21   9.4e-20   70.1   0.1     2   260    22   306    21   316 0.76 -
Pcitr_chr6:4252159-4243458     -            399 51354at71240         -            399     2e-35  121.7   0.1   2   2   5.6e-15     3e-13   48.7   0.0   341   399   337   396   321   396 0.87 -
Pcitr_chr11:26100429-26105628  -            414 51354at71240         -            399   1.2e-34  119.1   0.0   1   2   4.8e-24   2.6e-22   78.6   0.0     2   259    32   314    31   328 0.82 -
Pcitr_chr11:26100429-26105628  -            414 51354at71240         -            399   1.2e-34  119.1   0.0   2   2   1.4e-11   7.6e-10   37.5   0.0   341   381   355   395   334   414 0.84 -
Pcitr_chr7:2611341-2671753     -            451 51354at71240         -            399   3.7e-33  114.3   0.0   1   1   5.9e-33   3.2e-31  107.9   0.0     1   375    24   451    24   451 0.76 -
Pcitr_chr10:27671972-27673040  -            261 51354at71240         -            399   1.1e-31  109.4   0.0   1   1   8.1e-32   4.3e-30  104.1   0.0   152   374     7   261     1   261 0.78 -
Pcitr_chr4:28423071-28450205   -            318 51354at71240         -            399     2e-30  105.3   0.0   1   1   1.9e-31     1e-29  102.9   0.0     2   256    38   317    37   318 0.82 -
Pcitr_chr1:45059751-45057027   -            274 51354at71240         -            399   7.6e-29  100.1   0.2   1   1   2.1e-29   1.1e-27   96.2   0.2   139   378     1   274     1   274 0.77 -
Pcitr_chr2:29934834-29938151   -            295 51354at71240         -            399   4.2e-28   97.6   0.0   1   1   2.2e-29   1.2e-27   96.2   0.0     2   259    15   294    14   295 0.81 -
Pcitr_chr8:23480797-23479928   -            290 51354at71240         -            399   1.2e-26   92.8   0.0   1   1   7.6e-28   4.1e-26   91.1   0.0     2   260     1   285     1   289 0.83 -
Pcitr_chr8:23486197-23485346   -            284 51354at71240         -            399   2.2e-26   91.9   0.2   1   1   4.5e-27   2.4e-25   88.5   0.2     2   258     1   283     1   284 0.81 -
Pcitr_chr4:4202836-4200891     -            277 51354at71240         -            399   4.6e-25   87.6   0.3   1   1   5.4e-25   2.9e-23   81.7   0.3   141   384     3   274     1   277 0.76 -
Pcitr_Contig17:1797809-1794390 -            261 51354at71240         -            399   3.6e-24   84.7   0.0   1   2     1e-14   5.4e-13   47.8   0.0     2   120     6   125     5   143 0.84 -
Pcitr_Contig17:1797809-1794390 -            261 51354at71240         -            399   3.6e-24   84.7   0.0   2   2   1.1e-10   5.8e-09   34.6   0.1   156   258   138   260   121   261 0.74 -
Pcitr_chr7:9043181-9039339     -            261 51354at71240         -            399   4.9e-21   74.3   0.1   1   2   2.7e-13   1.4e-11   43.2   0.0     1   115     9   124     9   124 0.95 -
Pcitr_chr7:9043181-9039339     -            261 51354at71240         -            399   4.9e-21   74.3   0.1   2   2   6.3e-10   3.3e-08   32.1   0.1   131   253   112   254   104   261 0.69 -
Pcitr_chr4:4472613-4474429     -            264 51354at71240         -            399   2.8e-20   71.9   0.0   1   2   2.4e-15   1.3e-13   49.9   0.0     1   112    18   130    18   134 0.95 -
Pcitr_chr4:4472613-4474429     -            264 51354at71240         -            399   2.8e-20   71.9   0.0   2   2   2.7e-06   0.00014   20.1   0.0   140   235   134   225   131   264 0.70 -
Pcitr_chr4:4500767-4498989     -            269 51354at71240         -            399   3.4e-20   71.6   0.0   1   2     4e-15   2.1e-13   49.2   0.0     1   112    23   135    23   139 0.95 -
Pcitr_chr4:4500767-4498989     -            269 51354at71240         -            399   3.4e-20   71.6   0.0   2   2   1.9e-06   9.9e-05   20.7   0.0   140   235   139   230   134   269 0.76 -
Pcitr_chr5:29427132-29426206   -            309 51354at71240         -            399   5.5e-20   70.9   0.0   1   1   3.2e-21   1.7e-19   69.3   0.0     3   257    30   308    28   309 0.80 -
Pcitr_chr6:4246926-4246039     -            296 51354at71240         -            399   7.5e-20   70.4   0.0   1   1   2.7e-21   1.4e-19   69.5   0.0     2   255    17   292    16   296 0.78 -
Pcitr_chr3:43549669-43548633   -            292 51354at71240         -            399   1.2e-19   69.8   0.1   1   2   4.6e-13   2.5e-11   42.4   0.0     1   114    38   152    38   157 0.93 -
Pcitr_chr3:43549669-43548633   -            292 51354at71240         -            399   1.2e-19   69.8   0.1   2   2   1.3e-07     7e-06   24.4   0.0   141   253   153   285   151   292 0.67 -
Pcitr_chr5:29427505-29428443   -            313 51354at71240         -            399   1.4e-19   69.6   0.0   1   1   8.4e-21   4.5e-19   67.9   0.0     3   257    34   312    32   313 0.80 -
Pcitr_chr4:28449302-28450205   -            216 51354at71240         -            399   2.4e-19   68.8   0.2   1   1   2.8e-20   1.5e-18   66.1   0.2    66   256     2   215     1   216 0.79 -
Pcitr_chr11:2253951-2252474    -            421 51354at71240         -            399   2.2e-17   62.3   0.0   1   2    0.0047      0.25    9.5   0.1    25   171     9   166     6   185 0.75 -
Pcitr_chr11:2253951-2252474    -            421 51354at71240         -            399   2.2e-17   62.3   0.0   2   2   1.5e-15     8e-14   50.6   0.0   214   376   240   419   212   420 0.74 -
Pcitr_chr11:2239078-2237663    -            472 51354at71240         -            399     9e-17   60.3   0.0   1   1   5.9e-16   3.2e-14   51.9   0.0     1   376    11   443    11   455 0.69 -
Pcitr_chr11:14488396-14488995  -            200 51354at71240         -            399   2.1e-16   59.1   0.0   1   1   6.5e-18   3.5e-16   58.4   0.0   208   376     7   194     1   200 0.77 -
Pcitr_chr1:22349844-22351244   -            467 51354at71240         -            399   2.6e-16   58.8   0.1   1   1   1.5e-17   7.9e-16   57.2   0.0   202   375   241   438   222   457 0.83 -
Pcitr_chr7:2011299-2009029     -            445 51354at71240         -            399   3.2e-16   58.5   0.0   1   1   1.1e-17   5.8e-16   57.6   0.0     2   376     3   416     2   421 0.72 -
Pcitr_chr7:2675152-2641195     -            438 51354at71240         -            399   7.7e-16   57.2   0.0   1   2     0.037         2    6.5   0.0     2    70    17    81    16   135 0.87 -
Pcitr_chr7:2675152-2641195     -            438 51354at71240         -            399   7.7e-16   57.2   0.0   2   2   5.8e-15   3.1e-13   48.7   0.0   203   375   251   438   222   438 0.80 -
Pcitr_chr1:34039156-34037521   -            371 51354at71240         -            399   1.6e-15   56.2   0.1   1   2   3.4e-07   1.8e-05   23.1   0.0     2   134     7   143     6   185 0.76 -
Pcitr_chr1:34039156-34037521   -            371 51354at71240         -            399   1.6e-15   56.2   0.1   2   2   6.9e-10   3.7e-08   31.9   0.0   204   372   179   370   152   371 0.74 -
Pcitr_chr6:19582590-19584233   -            481 51354at71240         -            399   1.9e-15   55.9   0.0   1   2       6.7   3.6e+02   -0.9   0.0     2    44    24    62    23    93 0.65 -
Pcitr_chr6:19582590-19584233   -            481 51354at71240         -            399   1.9e-15   55.9   0.0   2   2     2e-16   1.1e-14   53.5   0.0   214   383   273   462   240   467 0.79 -
Pcitr_chr3:19280406-19279021   -            462 51354at71240         -            399   2.6e-15   55.5   0.0   1   2   6.2e-07   3.3e-05   22.2   0.0     2   112    23   137    22   249 0.70 -
Pcitr_chr3:19280406-19279021   -            462 51354at71240         -            399   2.6e-15   55.5   0.0   2   2   9.9e-10   5.3e-08   31.4   0.0   261   375   338   461   283   462 0.81 -
Pcitr_chr6:12090906-12092309   -            468 51354at71240         -            399   1.1e-14   53.4   0.0   1   2     1e-06   5.6e-05   21.5   0.0     2    72    30    99    29   162 0.84 -
Pcitr_chr6:12090906-12092309   -            468 51354at71240         -            399   1.1e-14   53.4   0.0   2   2   2.8e-09   1.5e-07   30.0   0.0   261   375   344   467   293   468 0.81 -
Pcitr_chr7:2730668-2732619     -            490 51354at71240         -            399   1.5e-14   53.0   0.0   1   2     2e-06   0.00011   20.5   0.0     2   165    26   194    25   248 0.79 -
Pcitr_chr7:2730668-2732619     -            490 51354at71240         -            399   1.5e-14   53.0   0.0   2   2   1.9e-09   9.9e-08   30.5   0.0   266   376   342   460   291   471 0.82 -
Pcitr_chr9:10383158-10385341   -            452 51354at71240         -            399   1.6e-14   52.9   0.0   1   1     9e-16   4.8e-14   51.3   0.0     2   375     6   412     5   419 0.74 -
Pcitr_chr2:6951801-6950328     -            420 51354at71240         -            399   2.2e-14   52.4   0.0   1   1   8.4e-16   4.5e-14   51.4   0.0   220   370   212   383   193   400 0.80 -
Pcitr_chr3:5983347-5985040     -            484 51354at71240         -            399   3.4e-14   51.8   0.0   1   2      0.21        11    4.0   0.0     3    22     9    28     7    70 0.75 -
Pcitr_chr3:5983347-5985040     -            484 51354at71240         -            399   3.4e-14   51.8   0.0   2   2   6.1e-14   3.3e-12   45.3   0.0   225   376   281   451   269   456 0.80 -
Pcitr_chr4:8310898-8309381     -            446 51354at71240         -            399   7.1e-14   50.8   0.0   1   2   0.00052     0.028   12.6   0.0     2   103     2   102     1   142 0.75 -
Pcitr_chr4:8310898-8309381     -            446 51354at71240         -            399   7.1e-14   50.8   0.0   2   2   3.8e-11     2e-09   36.1   0.0   213   376   238   420   209   432 0.77 -
Pcitr_chr9:4391074-4384761     -            466 51354at71240         -            399   1.4e-13   49.8   0.0   1   2     0.011      0.58    8.3   0.0     1   111     4   116     4   185 0.77 -
Pcitr_chr9:4391074-4384761     -            466 51354at71240         -            399   1.4e-13   49.8   0.0   2   2   3.6e-12   1.9e-10   39.5   0.0   215   376   257   437   219   449 0.78 -
Pcitr_chr3:8904447-8902741     -            476 51354at71240         -            399   1.9e-13   49.4   0.0   1   3      0.64        34    2.4   0.0     1    65     3    63     3    76 0.82 -
Pcitr_chr3:8904447-8902741     -            476 51354at71240         -            399   1.9e-13   49.4   0.0   2   3       2.9   1.6e+02    0.2   0.1   166   230   190   251   178   261 0.77 -
Pcitr_chr3:8904447-8902741     -            476 51354at71240         -            399   1.9e-13   49.4   0.0   3   3   5.2e-13   2.8e-11   42.2   0.0   215   377   261   447   257   456 0.80 -
Pcitr_Contig17:1580202-1581713 -            468 51354at71240         -            399   1.9e-13   49.3   0.0   1   2   9.6e-05    0.0051   15.0   0.0     2    73    12    80    11   163 0.78 -
Pcitr_Contig17:1580202-1581713 -            468 51354at71240         -            399   1.9e-13   49.3   0.0   2   2   5.8e-10   3.1e-08   32.2   0.0   215   376   262   442   229   455 0.79 -
Pcitr_chr6:19409185-19407667   -            477 51354at71240         -            399     2e-13   49.3   0.0   1   2       1.6        86    1.1   0.0    28    68    44    85    22   163 0.58 -
Pcitr_chr6:19409185-19407667   -            477 51354at71240         -            399     2e-13   49.3   0.0   2   2   5.2e-14   2.8e-12   45.5   0.0   215   384   277   462   251   469 0.79 -
Pcitr_chr7:2685884-2686444     -            187 51354at71240         -            399   2.8e-13   48.8   0.0   1   1   8.3e-15   4.4e-13   48.1   0.0   229   377     1   167     1   185 0.78 -
Pcitr_chr4:8320755-8319231     -            479 51354at71240         -            399   3.3e-13   48.6   0.0   1   2   0.00026     0.014   13.6   0.0     2   110    17   125    16   153 0.75 -
Pcitr_chr4:8320755-8319231     -            479 51354at71240         -            399   3.3e-13   48.6   0.0   2   2   4.1e-10   2.2e-08   32.7   0.0   215   376   267   447   240   459 0.75 -
Pcitr_chr2:3663417-3661957     -            487 51354at71240         -            399   5.1e-13   48.0   0.0   1   2    0.0007     0.038   12.2   0.0     3   154    23   185    21   190 0.74 -
Pcitr_chr2:3663417-3661957     -            487 51354at71240         -            399   5.1e-13   48.0   0.0   2   2   6.7e-10   3.6e-08   32.0   0.1   195   397   249   482   215   484 0.78 -
Pcitr_chr4:10725298-10722389   -            457 51354at71240         -            399   5.9e-13   47.7   0.0   1   2     0.009      0.48    8.5   0.0     1    67     1    63     1    90 0.81 -
Pcitr_chr4:10725298-10722389   -            457 51354at71240         -            399   5.9e-13   47.7   0.0   2   2   1.8e-11   9.6e-10   37.2   0.0   229   376   252   418   198   438 0.76 -
Pcitr_chr11:16231100-16230320  -            212 51354at71240         -            399   6.4e-13   47.6   0.0   1   1   1.5e-14     8e-13   47.3   0.0   213   373    40   212    29   212 0.77 -
Pcitr_chr10:29084126-29082510  -            383 51354at71240         -            399   6.5e-13   47.6   0.1   1   2      0.44        23    3.0   0.1     1    21    10    30    10    49 0.83 -
Pcitr_chr10:29084126-29082510  -            383 51354at71240         -            399   6.5e-13   47.6   0.1   2   2   4.3e-13   2.3e-11   42.5   0.0   266   376   239   357   230   362 0.84 -
Pcitr_chr3:6011818-6010258     -            368 51354at71240         -            399   1.2e-12   46.7   0.0   1   2      0.36        19    3.3   0.0     2    40     7    41     6    85 0.75 -
Pcitr_chr3:6011818-6010258     -            368 51354at71240         -            399   1.2e-12   46.7   0.0   2   2   1.1e-12   5.6e-11   41.2   0.0   217   370   195   365   183   368 0.75 -
Pcitr_chr8:29626228-29625433   -            235 51354at71240         -            399   1.5e-12   46.4   0.0   1   1   4.7e-14   2.5e-12   45.7   0.0   214   375    54   233    29   235 0.74 -
Pcitr_chr4:31891068-31889731   -            446 51354at71240         -            399   2.4e-12   45.8   0.0   1   2   6.9e-06   0.00037   18.8   0.0     2    82     2    81     1   153 0.85 -
Pcitr_chr4:31891068-31889731   -            446 51354at71240         -            399   2.4e-12   45.8   0.0   2   2   8.7e-08   4.6e-06   25.0   0.0   257   375   318   446   263   446 0.71 -
Pcitr_chr8:25303092-25322533   -            443 51354at71240         -            399   5.1e-12   44.7   0.0   1   2    0.0084      0.45    8.6   0.0     2    71    29    94    28   105 0.81 -
Pcitr_chr8:25303092-25322533   -            443 51354at71240         -            399   5.1e-12   44.7   0.0   2   2   1.7e-10   8.8e-09   34.0   0.0   203   373   252   441   172   443 0.72 -
Pcitr_chr1:28767549-28763398   -            466 51354at71240         -            399   6.4e-12   44.3   0.0   1   2       7.4     4e+02   -1.1   0.0     3   103     1   100     1   117 0.69 -
Pcitr_chr1:28767549-28763398   -            466 51354at71240         -            399   6.4e-12   44.3   0.0   2   2   4.9e-13   2.6e-11   42.3   0.0   217   375   254   431   225   436 0.74 -
Pcitr_chr3:6117280-6116771     -            170 51354at71240         -            399     7e-12   44.2   0.0   1   1   2.3e-13   1.2e-11   43.4   0.0   230   376     2   167     1   169 0.79 -
Pcitr_chr2:27729383-27733815   -            464 51354at71240         -            399   8.6e-12   43.9   0.0   1   2       8.3   4.4e+02   -1.2   0.0     1   103    28   129    28   149 0.63 -
Pcitr_chr2:27729383-27733815   -            464 51354at71240         -            399   8.6e-12   43.9   0.0   2   2   4.8e-13   2.6e-11   42.3   0.0   223   387   288   458   243   463 0.81 -
Pcitr_chr8:23813033-23811166   -            501 51354at71240         -            399   9.3e-12   43.8   0.0   1   2      0.34        18    3.3   0.0     2    52    32    80    31   100 0.78 -
Pcitr_chr8:23813033-23811166   -            501 51354at71240         -            399   9.3e-12   43.8   0.0   2   2   9.6e-12   5.1e-10   38.1   0.0   215   371   282   460   262   478 0.78 -
Pcitr_chr2:13415207-13412530   -            471 51354at71240         -            399     1e-11   43.7   0.0   1   2     0.001     0.056   11.6   0.0     2    70     2    66     1   107 0.84 -
Pcitr_chr2:13415207-13412530   -            471 51354at71240         -            399     1e-11   43.7   0.0   2   2   2.7e-09   1.4e-07   30.0   0.0   215   376   250   433   237   443 0.80 -
Pcitr_chr3:5962386-5963932     -            481 51354at71240         -            399   1.1e-11   43.5   0.0   1   2     0.038         2    6.5   0.0     3    21     9    27     7    78 0.71 -
Pcitr_chr3:5962386-5963932     -            481 51354at71240         -            399   1.1e-11   43.5   0.0   2   2     1e-10   5.5e-09   34.7   0.0   228   376   281   448   249   457 0.79 -
Pcitr_chr3:18305342-18301102   -            461 51354at71240         -            399   1.8e-11   42.9   0.0   1   2     0.028       1.5    6.9   0.0     2    71     6    71     5    76 0.81 -
Pcitr_chr3:18305342-18301102   -            461 51354at71240         -            399   1.8e-11   42.9   0.0   2   2   2.1e-10   1.1e-08   33.6   0.0   226   376   258   427   219   432 0.74 -
Pcitr_chr5:19431528-19430004   -            250 51354at71240         -            399   2.1e-11   42.6   0.0   1   1   5.8e-13   3.1e-11   42.1   0.0   192   377    24   230    16   240 0.68 -
Pcitr_chr7:7725257-7693596     -            481 51354at71240         -            399   3.2e-11   42.0   0.0   1   2    0.0087      0.47    8.6   0.0     2    72     2    72     1   134 0.78 -
Pcitr_chr7:7725257-7693596     -            481 51354at71240         -            399   3.2e-11   42.0   0.0   2   2   9.7e-10   5.2e-08   31.5   0.0   258   383   320   451   315   458 0.83 -
Pcitr_chr1:28741255-28745406   -            466 51354at71240         -            399   3.4e-11   41.9   0.0   1   2       7.4     4e+02   -1.1   0.0     3   103     1   100     1   117 0.69 -
Pcitr_chr1:28741255-28745406   -            466 51354at71240         -            399   3.4e-11   41.9   0.0   2   2   2.6e-12   1.4e-10   40.0   0.0   218   375   255   431   226   436 0.70 -
Pcitr_chr11:25309464-25312167  -            512 51354at71240         -            399   3.4e-11   41.9   0.0   1   2      0.14       7.6    4.6   0.0     1    52    23    70    23   129 0.72 -
Pcitr_chr11:25309464-25312167  -            512 51354at71240         -            399   3.4e-11   41.9   0.0   2   2   8.6e-11   4.6e-09   34.9   0.0   226   376   297   470   292   476 0.80 -
Pcitr_chr11:18204510-18204013  -            166 51354at71240         -            399   5.6e-11   41.2   0.0   1   1   1.1e-12   5.8e-11   41.2   0.0   256   375    41   166     1   166 0.84 -
Pcitr_chr8:24065322-24057023   -            473 51354at71240         -            399     7e-11   40.9   3.1   1   2   3.8e-08     2e-06   26.2   0.4    50   260    57   302    14   317 0.63 -
Pcitr_chr8:24065322-24057023   -            473 51354at71240         -            399     7e-11   40.9   3.1   2   2   0.00054     0.028   12.6   0.1   318   381   391   453   368   463 0.83 -
Pcitr_chr2:30645824-30647254   -            477 51354at71240         -            399   7.2e-11   40.9   0.1   1   2      0.94        50    1.9   0.1    50   111    67   128    60   209 0.65 -
Pcitr_chr2:30645824-30647254   -            477 51354at71240         -            399   7.2e-11   40.9   0.1   2   2     5e-11   2.7e-09   35.7   0.0   200   382   255   454   243   465 0.78 -
Pcitr_chr11:18325896-18326417  -            174 51354at71240         -            399   7.3e-11   40.8   0.0   1   1   2.4e-12   1.3e-10   40.0   0.0   232   379     2   169     1   173 0.79 -
Pcitr_chr8:24938392-24939009   -            206 51354at71240         -            399   7.6e-11   40.8   0.0   1   1   2.1e-12   1.1e-10   40.2   0.0   256   384    41   171     1   175 0.79 -
Pcitr_chr5:23672462-23671194   -            423 51354at71240         -            399   8.5e-11   40.6   0.1   1   2   9.6e-05    0.0051   15.0   0.0    51   260     1   247     1   252 0.64 -
Pcitr_chr5:23672462-23671194   -            423 51354at71240         -            399   8.5e-11   40.6   0.1   2   2   9.7e-07   5.2e-05   21.6   0.1   256   378   267   397   259   419 0.76 -
Pcitr_chr7:11643878-11672621   -            476 51354at71240         -            399   1.2e-10   40.2   0.0   1   2       1.4        74    1.3   0.0     1    70    20    87    20   152 0.80 -
Pcitr_chr7:11643878-11672621   -            476 51354at71240         -            399   1.2e-10   40.2   0.0   2   2   2.7e-11   1.4e-09   36.6   0.0   213   376   268   447   259   452 0.78 -
Pcitr_chr1:28763991-28763503   -            163 51354at71240         -            399   1.2e-10   40.1   0.0   1   1   2.8e-12   1.5e-10   39.8   0.0   258   375    40   163     1   163 0.72 -
Pcitr_chr6:2388720-2385526     -            467 51354at71240         -            399   1.2e-10   40.1   0.0   1   2      0.45        24    2.9   0.0     1    58     7    60     7    77 0.76 -
Pcitr_chr6:2388720-2385526     -            467 51354at71240         -            399   1.2e-10   40.1   0.0   2   2   1.3e-10   6.7e-09   34.4   0.0   254   376   304   433   239   440 0.77 -
Pcitr_chr1:19177727-19176328   -            346 51354at71240         -            399   1.3e-10   40.0   0.0   1   1   3.3e-12   1.7e-10   39.6   0.0   257   376   193   317   125   323 0.81 -
Pcitr_chr1:19364449-19365848   -            346 51354at71240         -            399   1.3e-10   40.0   0.0   1   1   3.3e-12   1.7e-10   39.6   0.0   257   376   193   317   125   323 0.81 -
Pcitr_chr7:36158510-36157322   -            171 51354at71240         -            399   1.6e-10   39.8   0.0   1   1   3.1e-12   1.7e-10   39.7   0.0   257   375    43   171     2   171 0.79 -
Pcitr_chr11:330422-331789      -            456 51354at71240         -            399   1.6e-10   39.7   0.0   1   2       4.8   2.6e+02   -0.5   0.0     2    75     7    79     6    84 0.80 -
Pcitr_chr11:330422-331789      -            456 51354at71240         -            399   1.6e-10   39.7   0.0   2   2   3.1e-11   1.6e-09   36.4   0.0   216   380   263   455   249   456 0.77 -
Pcitr_chr4:41149702-41168829   -            490 51354at71240         -            399   1.7e-10   39.6   0.0   1   2     0.035       1.9    6.6   0.0     2    70     8    72     7    80 0.81 -
Pcitr_chr4:41149702-41168829   -            490 51354at71240         -            399   1.7e-10   39.6   0.0   2   2   1.6e-09   8.8e-08   30.7   0.0   216   376   272   451   262   463 0.74 -
Pcitr_chr7:36151303-36150731   -            191 51354at71240         -            399   1.8e-10   39.5   0.0   1   1   4.9e-12   2.6e-10   39.0   0.0   264   381    50   175     1   183 0.76 -
Pcitr_chr6:19534471-19536009   -            513 51354at71240         -            399   2.1e-10   39.4   0.0   1   1   7.5e-12     4e-10   38.4   0.0   225   383   306   481   269   490 0.78 -
Pcitr_chr3:14560323-14560709   -            129 51354at71240         -            399   2.4e-10   39.1   0.0   1   1   5.1e-12   2.7e-10   39.0   0.0   259   371     9   126     2   129 0.83 -
Pcitr_chr7:369384-369770       -            129 51354at71240         -            399   3.3e-10   38.7   0.0   1   1   6.9e-12   3.7e-10   38.5   0.0   261   371    11   126     2   129 0.83 -
Pcitr_chr4:34766416-34766931   -            172 51354at71240         -            399   3.7e-10   38.5   0.0   1   1   8.4e-12   4.5e-10   38.3   0.0   257   375    43   172     1   172 0.76 -
Pcitr_chr1:54400170-54383870   -            503 51354at71240         -            399     5e-10   38.1   0.0   1   3      0.15       7.9    4.5   0.0    49   141    71   173    52   188 0.64 -
Pcitr_chr1:54400170-54383870   -            503 51354at71240         -            399     5e-10   38.1   0.0   2   3      0.22        12    3.9   0.0   215   259   286   330   251   334 0.91 -
Pcitr_chr1:54400170-54383870   -            503 51354at71240         -            399     5e-10   38.1   0.0   3   3   4.6e-08   2.5e-06   25.9   0.0   259   382   349   479   343   493 0.80 -
Pcitr_chr5:38408707-38407766   -            314 51354at71240         -            399   5.5e-10   38.0   0.0   1   1   1.7e-11     9e-10   37.2   0.0   201   363   116   304    86   313 0.74 -
Pcitr_chr6:32594501-32593039   -            461 51354at71240         -            399   8.7e-10   37.3   0.0   1   2       7.3   3.9e+02   -1.1   0.0     3   103     1   100     1   117 0.69 -
Pcitr_chr6:32594501-32593039   -            461 51354at71240         -            399   8.7e-10   37.3   0.0   2   2     7e-11   3.7e-09   35.2   0.0   225   376   261   432   231   448 0.69 -
Pcitr_chr8:23801196-23798884   -            504 51354at71240         -            399   9.9e-10   37.1   0.0   1   2       6.6   3.5e+02   -0.9   0.0     2    50    27    73    26   106 0.68 -
Pcitr_chr8:23801196-23798884   -            504 51354at71240         -            399   9.9e-10   37.1   0.0   2   2   9.7e-11   5.1e-09   34.8   0.0   219   367   289   459   262   481 0.74 -
Pcitr_chr7:36156879-36113594   -            491 51354at71240         -            399     1e-09   37.1   0.0   1   2    0.0028      0.15   10.2   0.0     2    81    21    96    20   195 0.75 -
Pcitr_chr7:36156879-36113594   -            491 51354at71240         -            399     1e-09   37.1   0.0   2   2   1.1e-07   5.6e-06   24.7   0.0   226   377   287   459   237   469 0.73 -
Pcitr_chr11:15258755-15257057  -            479 51354at71240         -            399   1.1e-09   36.9   0.1   1   2    0.0078      0.41    8.7   0.0     2    70    16    81    15   174 0.78 -
Pcitr_chr11:15258755-15257057  -            479 51354at71240         -            399   1.1e-09   36.9   0.1   2   2   5.5e-08   2.9e-06   25.7   0.0   215   376   268   448   260   459 0.76 -
Pcitr_chr6:20763181-20761612   -            492 51354at71240         -            399   1.2e-09   36.8   0.0   1   2       5.5   2.9e+02   -0.7   0.0     2    28    24    46    23   140 0.74 -
Pcitr_chr6:20763181-20761612   -            492 51354at71240         -            399   1.2e-09   36.8   0.0   2   2   1.4e-10   7.5e-09   34.2   0.0   216   376   279   460   264   468 0.74 -
Pcitr_chr5:16017662-16015753   -            469 51354at71240         -            399   1.2e-09   36.8   0.7   1   2     0.054       2.9    5.9   0.1    45   168    34   168    14   178 0.66 -
Pcitr_chr5:16017662-16015753   -            469 51354at71240         -            399   1.2e-09   36.8   0.7   2   2   3.3e-07   1.7e-05   23.1   0.1   206   379   234   442   206   451 0.67 -
Pcitr_chr7:2671394-2671738     -            115 51354at71240         -            399   1.4e-09   36.6   0.0   1   1   2.8e-11   1.5e-09   36.5   0.0   267   370     6   115     1   115 0.79 -
Pcitr_chr1:28777339-28841793   -            500 51354at71240         -            399   1.6e-09   36.4   0.0   1   2       1.5        80    1.2   0.0     2    70    36   100    35   151 0.78 -
Pcitr_chr1:28777339-28841793   -            500 51354at71240         -            399   1.6e-09   36.4   0.0   2   2   3.9e-10   2.1e-08   32.8   0.0   216   376   289   468   271   478 0.80 -
Pcitr_chr10:12835453-12834086  -            228 51354at71240         -            399   1.6e-09   36.4   0.0   1   1   3.8e-11     2e-09   36.1   0.0   221   369    55   228     6   228 0.67 -
Pcitr_chr10:12828681-12829499  -            228 51354at71240         -            399   2.8e-09   35.7   0.0   1   1   6.4e-11   3.4e-09   35.4   0.0   221   369    55   228     6   228 0.67 -
Pcitr_chr10:28219964-28220476  -            171 51354at71240         -            399     3e-09   35.5   0.0   1   1   6.7e-11   3.6e-09   35.3   0.0   258   378    40   168    33   171 0.88 -
Pcitr_chr5:32241625-32242155   -            177 51354at71240         -            399   3.4e-09   35.4   0.0   1   1   8.1e-11   4.3e-09   35.0   0.0   258   376    30   154    21   162 0.81 -
Pcitr_Contig91:16414-15788     -            209 51354at71240         -            399   3.9e-09   35.2   0.0   1   1   1.1e-10     6e-09   34.5   0.0   229   376     4   170     1   178 0.78 -
Pcitr_chr5:20331264-20333736   -            526 51354at71240         -            399   6.4e-09   34.5   0.4   1   3      0.24        13    3.8   0.0     5   106    35   135    31   161 0.75 -
Pcitr_chr5:20331264-20333736   -            526 51354at71240         -            399   6.4e-09   34.5   0.4   2   3   2.2e-07   1.2e-05   23.7   0.1   189   258   256   332   229   346 0.74 -
Pcitr_chr5:20331264-20333736   -            526 51354at71240         -            399   6.4e-09   34.5   0.4   3   3      0.33        17    3.4   0.0   321   369   444   490   363   512 0.80 -
Pcitr_chr2:38600614-38599023   -            469 51354at71240         -            399   8.5e-09   34.0   0.0   1   2     0.055       2.9    5.9   0.0     1    60    15    70    15    87 0.77 -
Pcitr_chr2:38600614-38599023   -            469 51354at71240         -            399   8.5e-09   34.0   0.0   2   2   4.8e-08   2.6e-06   25.9   0.0   226   376   260   432   218   440 0.77 -
Pcitr_chr8:4709772-4711719     -            459 51354at71240         -            399   8.8e-09   34.0   1.0   1   1     6e-10   3.2e-08   32.2   1.0   189   374   216   432    71   445 0.72 -
Pcitr_chr7:870025-870633       -            203 51354at71240         -            399   9.9e-09   33.8   0.0   1   1   2.3e-10   1.2e-08   33.5   0.0   259   376    49   172    29   184 0.80 -
Pcitr_chr11:323070-324314      -            415 51354at71240         -            399   2.2e-08   32.7   0.0   1   1     1e-09   5.4e-08   31.4   0.0   216   372   230   413   202   415 0.76 -
Pcitr_chr6:18272207-18270474   -            538 51354at71240         -            399   2.3e-08   32.6   0.0   1   1   1.2e-09   6.4e-08   31.2   0.0   227   366   330   490   305   508 0.74 -
Pcitr_chr11:319526-320890      -            455 51354at71240         -            399   2.8e-08   32.3   0.0   1   2      0.35        19    3.3   0.0     1    71     1    70     1    90 0.86 -
Pcitr_chr11:319526-320890      -            455 51354at71240         -            399   2.8e-08   32.3   0.0   2   2   4.3e-08   2.3e-06   26.0   0.0   217   379   263   453   223   455 0.72 -
Pcitr_chr9:27628363-27545978   -            280 51354at71240         -            399   2.9e-08   32.3   0.0   1   1   1.4e-09   7.4e-08   31.0   0.0   259   376   134   257   121   262 0.78 -
Pcitr_Contig13:7056298-7058149 -            358 51354at71240         -            399   3.5e-08   32.0   0.0   1   3    0.0021      0.11   10.6   0.0     3   154    23   185    21   190 0.74 -
Pcitr_Contig13:7056298-7058149 -            358 51354at71240         -            399   3.5e-08   32.0   0.0   2   3       4.7   2.5e+02   -0.4   0.0   145   171   221   247   208   251 0.84 -
Pcitr_Contig13:7056298-7058149 -            358 51354at71240         -            399   3.5e-08   32.0   0.0   3   3   1.4e-05   0.00073   17.8   0.0   191   258   252   318   245   333 0.78 -
Pcitr_chr2:6602572-6601298     -            346 51354at71240         -            399   4.1e-08   31.8   0.0   1   1   1.5e-09   8.1e-08   30.8   0.0   262   369   188   303   171   318 0.86 -
Pcitr_chr11:9788703-9790786    -            233 51354at71240         -            399   4.3e-08   31.7   0.0   1   1   9.9e-10   5.3e-08   31.4   0.0   214   368    60   228    36   233 0.75 -
Pcitr_chr6:2655424-2657507     -            233 51354at71240         -            399   4.3e-08   31.7   0.0   1   1   9.9e-10   5.3e-08   31.4   0.0   214   368    60   228    36   233 0.75 -
Pcitr_chr11:18208263-18207907  -            119 51354at71240         -            399     5e-08   31.5   0.0   1   1   1.1e-09   5.8e-08   31.3   0.0   267   371     6   116     2   119 0.84 -
Pcitr_chr6:4199936-4201207     -            424 51354at71240         -            399   5.8e-08   31.3   0.3   1   2     7e-05    0.0037   15.5   0.1   180   259   170   252   161   258 0.79 -
Pcitr_chr6:4199936-4201207     -            424 51354at71240         -            399   5.8e-08   31.3   0.3   2   2    0.0003     0.016   13.4   0.0   320   392   341   410   332   420 0.82 -
Pcitr_chr1:22383485-22382373   -            371 51354at71240         -            399   9.3e-08   30.6   0.0   1   2      0.36        19    3.3   0.0    37   112    40   116     5   169 0.62 -
Pcitr_chr1:22383485-22382373   -            371 51354at71240         -            399   9.3e-08   30.6   0.0   2   2   7.2e-08   3.8e-06   25.3   0.0   200   308   242   362   218   369 0.80 -
Pcitr_chr10:28148986-28172411  -            487 51354at71240         -            399     1e-07   30.4   0.0   1   2      0.45        24    2.9   0.0     1    76     5    77     5    91 0.81 -
Pcitr_chr10:28148986-28172411  -            487 51354at71240         -            399     1e-07   30.4   0.0   2   2   7.8e-08   4.2e-06   25.2   0.0   257   377   319   447   311   456 0.83 -
Pcitr_chr11:17378581-17377090  -            380 51354at71240         -            399   1.1e-07   30.4   0.0   1   1     3e-09   1.6e-07   29.9   0.0   259   364   220   331   138   345 0.85 -
Pcitr_chr9:27548938-27610500   -            244 51354at71240         -            399   1.1e-07   30.3   0.0   1   1   2.9e-09   1.6e-07   29.9   0.0   220   376    48   219    33   241 0.79 -
Pcitr_chr3:9387904-9389334     -            477 51354at71240         -            399   1.5e-07   30.0   0.2   1   2      0.41        22    3.0   0.0    50   119    58   126    46   144 0.74 -
Pcitr_chr3:9387904-9389334     -            477 51354at71240         -            399   1.5e-07   30.0   0.2   2   2   5.5e-07     3e-05   22.4   0.0   190   374   237   443   228   455 0.70 -
Pcitr_chr9:32388019-32387639   -            127 51354at71240         -            399   1.6e-07   29.8   0.0   1   1   3.4e-09   1.8e-07   29.7   0.0   262   376     4   123     1   126 0.80 -
Pcitr_Contig24:2903562-2920360 -            510 51354at71240         -            399   1.9e-07   29.6   0.0   1   1   7.5e-08     4e-06   25.2   0.0   204   371   270   476   258   485 0.67 -
Pcitr_chr5:32163930-32163340   -            197 51354at71240         -            399   2.1e-07   29.4   0.0   1   1   7.1e-09   3.8e-07   28.6   0.0   229   371     2   167     1   183 0.72 -
Pcitr_chr5:32265552-32175308   -            405 51354at71240         -            399   2.2e-07   29.4   0.0   1   2         3   1.6e+02    0.2   0.0     2    72     1    67     1   108 0.80 -
Pcitr_chr5:32265552-32175308   -            405 51354at71240         -            399   2.2e-07   29.4   0.0   2   2   3.4e-08   1.8e-06   26.4   0.0   217   354   249   405   232   405 0.78 -
Pcitr_chr5:32231498-32245500   -            484 51354at71240         -            399   3.2e-07   28.8   0.0   1   1   1.6e-08   8.3e-07   27.5   0.0   220   376   277   452   267   455 0.76 -
Pcitr_chr9:27531062-27524807   -            225 51354at71240         -            399   1.5e-06   26.7   0.0   1   1   3.7e-08     2e-06   26.3   0.0   220   376    46   219     7   222 0.71 -
Pcitr_chr5:32169221-32168727   -            165 51354at71240         -            399   1.9e-06   26.3   0.0   1   1   4.3e-08   2.3e-06   26.0   0.0   257   357    43   149     1   165 0.71 -
Pcitr_chr5:32197558-32197968   -            137 51354at71240         -            399   2.5e-06   25.9   0.0   1   1   5.5e-08   2.9e-06   25.7   0.0   258   369    15   132    10   137 0.73 -
Pcitr_chr6:7687643-7689088     -            482 51354at71240         -            399   2.9e-06   25.7   0.2   1   3      0.57        30    2.6   0.1    53   125    56   129    10   196 0.76 -
Pcitr_chr6:7687643-7689088     -            482 51354at71240         -            399   2.9e-06   25.7   0.2   2   3     0.032       1.7    6.7   0.0   218   256   270   308   214   318 0.87 -
Pcitr_chr6:7687643-7689088     -            482 51354at71240         -            399   2.9e-06   25.7   0.2   3   3   0.00042     0.022   12.9   0.0   320   381   398   458   363   478 0.82 -
Pcitr_chr6:4241774-4243051     -            426 51354at71240         -            399   3.2e-06   25.6   0.1   1   2    0.0019     0.099   10.8   0.1   206   259   199   253   164   260 0.72 -
Pcitr_chr6:4241774-4243051     -            426 51354at71240         -            399   3.2e-06   25.6   0.1   2   2   0.00069     0.037   12.2   0.0   320   392   342   411   333   421 0.82 -
Pcitr_chr7:34760188-34761714   -            509 51354at71240         -            399   3.5e-06   25.4   0.0   1   2      0.11       5.6    5.0   0.0   207   260   278   333   272   336 0.86 -
Pcitr_chr7:34760188-34761714   -            509 51354at71240         -            399   3.5e-06   25.4   0.0   2   2   1.2e-05   0.00063   18.0   0.0   320   365   425   470   390   497 0.88 -
Pcitr_chr11:349128-349991      -            288 51354at71240         -            399     4e-06   25.3   0.0   1   1   1.6e-07   8.8e-06   24.1   0.0   261   383   129   264    55   273 0.71 -
Pcitr_chr6:4224854-4223385     -            490 51354at71240         -            399     5e-06   24.9   0.1   1   2    0.0023      0.12   10.5   0.1   206   259   263   317   228   324 0.72 -
Pcitr_chr6:4224854-4223385     -            490 51354at71240         -            399     5e-06   24.9   0.1   2   2   0.00086     0.046   11.9   0.0   320   392   406   475   398   485 0.82 -
Pcitr_chr5:38561197-38562564   -            456 51354at71240         -            399   5.1e-06   24.9   0.0   1   3       3.1   1.6e+02    0.2   0.0    47   112    37   102    29   138 0.70 -
Pcitr_chr5:38561197-38562564   -            456 51354at71240         -            399   5.1e-06   24.9   0.0   2   3    0.0017     0.093   10.9   0.0   204   258   232   286   212   292 0.84 -
Pcitr_chr5:38561197-38562564   -            456 51354at71240         -            399   5.1e-06   24.9   0.0   3   3    0.0037       0.2    9.8   0.0   320   382   373   434   361   453 0.81 -
Pcitr_chr1:46277104-46278693   -            419 51354at71240         -            399   5.3e-06   24.8   0.1   1   3     0.015      0.82    7.8   0.0    51   170    46   176    29   185 0.68 -
Pcitr_chr1:46277104-46278693   -            419 51354at71240         -            399   5.3e-06   24.8   0.1   2   3    0.0012     0.066   11.3   0.0   206   255   241   296   211   312 0.73 -
Pcitr_chr1:46277104-46278693   -            419 51354at71240         -            399   5.3e-06   24.8   0.1   3   3      0.83        44    2.0   0.0   249   292   315   358   310   410 0.69 -
Pcitr_chr6:4192757-4194187     -            477 51354at71240         -            399   6.2e-06   24.6   0.2   1   2    0.0022      0.12   10.5   0.1   206   259   251   305   216   312 0.72 -
Pcitr_chr6:4192757-4194187     -            477 51354at71240         -            399   6.2e-06   24.6   0.2   2   2   0.00099     0.053   11.7   0.0   320   392   394   463   386   473 0.81 -
Pcitr_chr6:4155221-4150467     -            353 51354at71240         -            399     9e-06   24.1   0.0   1   2     0.003      0.16   10.1   0.0    36   253    39   265    28   272 0.74 -
Pcitr_chr6:4155221-4150467     -            353 51354at71240         -            399     9e-06   24.1   0.0   2   2   0.00052     0.028   12.6   0.0   276   363   262   346   253   351 0.68 -
Pcitr_chr11:2815677-2814157    -            507 51354at71240         -            399   1.3e-05   23.6   0.0   1   2      0.39        21    3.1   0.0   206   259   275   330   266   335 0.85 -
Pcitr_chr11:2815677-2814157    -            507 51354at71240         -            399   1.3e-05   23.6   0.0   2   2   1.1e-05   0.00057   18.2   0.0   320   378   423   481   397   502 0.86 -
Pcitr_chr5:33507959-33508342   -            128 51354at71240         -            399   1.8e-05   23.1   0.0   1   1   4.2e-07   2.2e-05   22.8   0.0   262   354    24   125    16   127 0.82 -
Pcitr_chr8:16189344-16190069   -            242 51354at71240         -            399   3.2e-05   22.3   0.0   1   2      0.39        21    3.1   0.0   206   259    14    69     6    73 0.82 -
Pcitr_chr8:16189344-16190069   -            242 51354at71240         -            399   3.2e-05   22.3   0.0   2   2     2e-05    0.0011   17.2   0.0   320   379   162   221   124   238 0.87 -
Pcitr_chr3:24205829-24207436   -            536 51354at71240         -            399   3.6e-05   22.1   0.0   1   2      0.16       8.4    4.4   0.0     1   104    49   155    49   176 0.75 -
Pcitr_chr3:24205829-24207436   -            536 51354at71240         -            399   3.6e-05   22.1   0.0   2   2   6.3e-05    0.0034   15.6   0.0   259   375   411   536   402   536 0.78 -
Pcitr_chr3:5528863-5524560     -            388 51354at71240         -            399   3.8e-05   22.0   0.0   1   2      0.24        13    3.8   0.0    35    71    41    77    35   106 0.86 -
Pcitr_chr3:5528863-5524560     -            388 51354at71240         -            399   3.8e-05   22.0   0.0   2   2   4.5e-05    0.0024   16.1   0.0   260   386   248   381   223   387 0.82 -
Pcitr_chr7:33743019-33741628   -            464 51354at71240         -            399   3.9e-05   22.0   0.0   1   2       4.7   2.5e+02   -0.4   0.0    52   118    49   115    41   161 0.65 -
Pcitr_chr7:33743019-33741628   -            464 51354at71240         -            399   3.9e-05   22.0   0.0   2   2   4.4e-06   0.00023   19.4   0.0   219   371   269   447   230   456 0.73 -
Pcitr_chr5:37045233-37039064   -            321 51354at71240         -            399   4.2e-05   21.9   0.1   1   1   1.4e-06   7.3e-05   21.1   0.0   262   353   221   321    70   321 0.77 -
Pcitr_chr11:18286147-18286539  -            131 51354at71240         -            399   4.6e-05   21.8   0.0   1   1   1.1e-06   5.6e-05   21.5   0.0   290   379    12   104     7   113 0.85 -
Pcitr_chr8:12864125-12865510   -            462 51354at71240         -            399   4.6e-05   21.7   0.0   1   2      0.26        14    3.7   0.0   202   259   225   284   204   287 0.80 -
Pcitr_chr8:12864125-12865510   -            462 51354at71240         -            399   4.6e-05   21.7   0.0   2   2   5.5e-05    0.0029   15.8   0.0   320   377   377   434   338   457 0.82 -
Pcitr_chr7:4339754-4340149     -            132 51354at71240         -            399   4.8e-05   21.7   0.0   1   1   1.1e-06   5.9e-05   21.4   0.0   287   376     9   103     5   109 0.80 -
Pcitr_chr8:17527686-17529867   -            519 51354at71240         -            399     6e-05   21.4   0.0   1   2      0.37        20    3.2   0.0     1    72    36   103    36   123 0.88 -
Pcitr_chr8:17527686-17529867   -            519 51354at71240         -            399     6e-05   21.4   0.0   2   2   7.5e-05     0.004   15.4   0.0   219   375   300   479   266   481 0.69 -
Pcitr_chr7:36163143-36131895   -            138 51354at71240         -            399   6.2e-05   21.3   0.0   1   1   1.3e-06   6.9e-05   21.2   0.0   320   376    49   107    18   116 0.82 -
Pcitr_chr2:6354674-6355921     -            416 51354at71240         -            399   7.8e-05   21.0   0.0   1   1   1.1e-05    0.0006   18.1   0.0   204   372   219   408   192   412 0.66 -
Pcitr_chr11:8331123-8331542    -            140 51354at71240         -            399   7.9e-05   21.0   0.0   1   1   1.8e-06   9.8e-05   20.7   0.0   320   398    56   135    51   136 0.82 -
Pcitr_chr5:38555246-38553903   -            448 51354at71240         -            399   9.5e-05   20.7   0.0   1   2      0.28        15    3.6   0.0   208   257   226   276   205   282 0.78 -
Pcitr_chr5:38555246-38553903   -            448 51354at71240         -            399   9.5e-05   20.7   0.0   2   2    0.0002     0.011   14.0   0.0   320   384   363   426   353   443 0.83 -
Pcitr_chr2:25624486-25625961   -            458 51354at71240         -            399    0.0001   20.6   0.0   1   1   3.3e-06   0.00018   19.8   0.0   263   377   300   420   248   430 0.75 -
Pcitr_chr5:38538943-38540358   -            472 51354at71240         -            399   0.00011   20.5   0.0   1   2       0.3        16    3.5   0.0   208   257   252   302   231   308 0.78 -
Pcitr_chr5:38538943-38540358   -            472 51354at71240         -            399   0.00011   20.5   0.0   2   2   0.00022     0.012   13.9   0.0   320   384   389   452   379   469 0.83 -
Pcitr_chr6:19478628-19477672   -            319 51354at71240         -            399   0.00015   20.1   0.0   1   1   8.2e-06   0.00043   18.5   0.0   204   295   211   316   192   319 0.76 -
Pcitr_chr1:52361295-52361699   -            135 51354at71240         -            399   0.00019   19.7   0.0   1   1   3.9e-06   0.00021   19.6   0.0   263   368    18   129    11   135 0.73 -
Pcitr_chr5:32264487-32264080   -            136 51354at71240         -            399   0.00047   18.4   0.0   1   1     1e-05   0.00053   18.2   0.0   319   376    49   104    10   109 0.81 -
Pcitr_chr3:7164141-7165782     -            501 51354at71240         -            399   0.00063   18.0   0.0   1   2      0.39        21    3.1   0.0     2    72    16    87    15   133 0.78 -
Pcitr_chr3:7164141-7165782     -            501 51354at71240         -            399   0.00063   18.0   0.0   2   2   0.00048     0.026   12.7   0.0   258   376   338   465   330   480 0.79 -
Pcitr_chr11:8262706-8261249    -            486 51354at71240         -            399   0.00086   17.6   0.0   1   2      0.79        42    2.1   0.0   162   259   217   309   199   322 0.63 -
Pcitr_chr11:8262706-8261249    -            486 51354at71240         -            399   0.00086   17.6   0.0   2   2   0.00045     0.024   12.8   0.0   320   391   400   470   396   480 0.81 -
Pcitr_chr6:5588553-5587063     -            497 51354at71240         -            399   0.00087   17.5   0.0   1   1   4.4e-05    0.0024   16.1   0.0   320   384   414   476   408   494 0.79 -
Pcitr_chr1:19263100-19262711   -            130 51354at71240         -            399   0.00094   17.4   0.0   1   1   1.8e-05   0.00094   17.4   0.0   318   391    47   121     5   129 0.75 -
Pcitr_chr5:38567098-38566415   -            228 51354at71240         -            399   0.00098   17.4   0.0   1   1   0.00016    0.0088   14.2   0.0   208   373    43   227    23   228 0.63 -
Pcitr_chr6:5465555-5464047     -            503 51354at71240         -            399     0.001   17.3   0.0   1   2      0.87        46    2.0   0.0   216   259   293   336   231   348 0.86 -
Pcitr_chr6:5465555-5464047     -            503 51354at71240         -            399     0.001   17.3   0.0   2   2   0.00042     0.023   12.9   0.0   320   382   420   481   416   500 0.77 -
Pcitr_chr10:27217003-27215504  -            500 51354at71240         -            399    0.0011   17.2   0.0   1   2       7.4   3.9e+02   -1.1   0.0   218   259   280   321   248   324 0.74 -
Pcitr_chr10:27217003-27215504  -            500 51354at71240         -            399    0.0011   17.2   0.0   2   2   8.4e-05    0.0045   15.2   0.0   319   384   413   479   339   496 0.68 -
Pcitr_chr11:24578614-24577979  -            212 51354at71240         -            399    0.0013   17.0   0.0   1   1   3.1e-05    0.0016   16.6   0.0   258   375    45   172     4   175 0.77 -
Pcitr_chr1:52362875-52363246   -            124 51354at71240         -            399    0.0018   16.5   0.0   1   1   4.1e-05    0.0022   16.2   0.0   263   358    18   119    11   123 0.75 -
Pcitr_chr6:5714921-5716327     -            469 51354at71240         -            399     0.003   15.8   0.0   1   1   0.00029     0.016   13.4   0.0   214   380   255   444   226   462 0.68 -
Pcitr_chr7:1938383-1938880     -            166 51354at71240         -            399    0.0044   15.2   0.0   1   1   0.00073     0.039   12.1   0.0   209   260     3    55     1   165 0.67 -
Pcitr_chr6:4231687-4233030     -            448 51354at71240         -            399     0.007   14.6   0.4   1   2      0.32        17    3.4   0.0   221   259   243   281   190   297 0.89 -
Pcitr_chr6:4231687-4233030     -            448 51354at71240         -            399     0.007   14.6   0.4   2   2    0.0075       0.4    8.8   0.0   320   379   364   422   353   435 0.86 -
Pcitr_chr3:19173967-19175181   -            405 51354at71240         -            399     0.011   13.9   0.0   1   1   0.00084     0.045   11.9   0.0   202   362   213   394   191   403 0.72 -
Pcitr_chr6:5476013-5477482     -            490 51354at71240         -            399     0.011   13.9   0.0   1   2       2.6   1.4e+02    0.4   0.0   214   249   278   313   233   325 0.75 -
Pcitr_chr6:5476013-5477482     -            490 51354at71240         -            399     0.011   13.9   0.0   2   2    0.0021      0.11   10.6   0.0   320   398   407   486   400   487 0.80 -
Pcitr_chr1:47832058-47832858   -            267 51354at71240         -            399     0.017   13.3   0.0   1   1    0.0011      0.06   11.5   0.0   216   319   126   245    82   266 0.74 -
Pcitr_chr6:5431619-5430344     -            240 51354at71240         -            399     0.019   13.1   0.0   1   1   0.00064     0.034   12.3   0.0   320   382   158   219   153   238 0.76 -
Pcitr_chr4:41159465-41158244   -            294 51354at71240         -            399     0.023   12.8   0.0   1   1   0.00063     0.034   12.3   0.0     2    75    31   100    30   272 0.69 -
Pcitr_chr1:52436581-52436964   -            128 51354at71240         -            399     0.026   12.7   0.0   1   1    0.0005     0.026   12.7   0.0   318   384    46   113     9   117 0.82 -
Pcitr_chr7:7759998-7759183     -            272 51354at71240         -            399     0.035   12.3   0.0   1   1   0.00087     0.047   11.9   0.0     2    73    15    86    14   136 0.76 -
Pcitr_chr6:6707417-6707722     -            102 51354at71240         -            399     0.055   11.6   0.0   1   1     0.001     0.055   11.6   0.0   319   375    48   102     5   102 0.75 -
#
# Program:         hmmsearch
# Version:         3.3.2 (Nov 2020)
# Pipeline mode:   SEARCH
# Query file:      /scratch/srb67793/Pelargonium/busco_downloads/lineages/eudicots_odb10/hmms/51354at71240.hmm
# Target file:     /scratch/srb67793/Pelargonium/Pelargonium-PreviousAssembly-busco/run_eudicots_odb10/metaeuk_output/initial_results/Pcitr_Genome-final.fasta.modified.fas
# Option settings: hmmsearch --domtblout /scratch/srb67793/Pelargonium/Pelargonium-PreviousAssembly-busco/run_eudicots_odb10/hmmer_output/initial_run_results/51354at71240.out --cpu 1 /scratch/srb67793/Pelargonium/busco_downloads/lineages/eudicots_odb10/hmms/51354at71240.hmm /scratch/srb67793/Pelargonium/Pelargonium-PreviousAssembly-busco/run_eudicots_odb10/metaeuk_output/initial_results/Pcitr_Genome-final.fasta.modified.fas 
# Current dir:     /scratch/srb67793/Pelargonium
# Date:            Tue Jul  9 10:57:03 2024
# [ok]
