#                                                                                     --- full sequence --- -------------- this domain -------------   hmm coord   ali coord   env coord
# target name                 accession   tlen query name           accession   qlen   E-value  score  bias   #  of  c-Evalue  i-Evalue  score  bias  from    to  from    to  from    to  acc description of target
#         ------------------- ---------- ----- -------------------- ---------- ----- --------- ------ ----- --- --- --------- --------- ------ ----- ----- ----- ----- ----- ----- ----- ---- ---------------------
Pcitr_chr3:16677566-16684380  -           1135 5180at71240          -            587    9e-251  832.7  46.1   1   6   9.4e-44   1.3e-40  138.7   0.6     1    72    99   170    99   179 0.96 -
Pcitr_chr3:16677566-16684380  -           1135 5180at71240          -            587    9e-251  832.7  46.1   2   6   1.4e-41   1.9e-38  131.5   1.0    68   175   241   368   237   377 0.87 -
Pcitr_chr3:16677566-16684380  -           1135 5180at71240          -            587    9e-251  832.7  46.1   3   6   4.7e-23   6.6e-20   70.3   0.7   154   225   393   465   371   470 0.90 -
Pcitr_chr3:16677566-16684380  -           1135 5180at71240          -            587    9e-251  832.7  46.1   4   6   4.5e-09   6.2e-06   24.2   0.6   228   306   543   621   535   630 0.85 -
Pcitr_chr3:16677566-16684380  -           1135 5180at71240          -            587    9e-251  832.7  46.1   5   6   6.3e-13   8.7e-10   36.9   0.1   282   348   689   761   681   796 0.74 -
Pcitr_chr3:16677566-16684380  -           1135 5180at71240          -            587    9e-251  832.7  46.1   6   6  5.9e-137  8.2e-134  446.5  12.5   296   587   826  1135   795  1135 0.83 -
Pcitr_chr11:11912392-11912910 -            173 5180at71240          -            587     5e-17   60.8   1.3   1   2   2.2e-07   0.00031   18.6   0.0   456   502     4    50     1    67 0.81 -
Pcitr_chr11:11912392-11912910 -            173 5180at71240          -            587     5e-17   60.8   1.3   2   2   2.6e-14   3.6e-11   41.5   0.4   514   584    83   165    74   168 0.79 -
Pcitr_chr3:14240026-14239505  -            174 5180at71240          -            587   1.3e-15   56.1   0.7   1   2   8.4e-06     0.012   13.4   0.0   462   517    10    58     1    80 0.73 -
Pcitr_chr3:14240026-14239505  -            174 5180at71240          -            587   1.3e-15   56.1   0.7   2   2     2e-14   2.8e-11   41.8   0.2   514   576    84   150    75   168 0.83 -
Pcitr_chr1:7053458-7053937    -            160 5180at71240          -            587   1.3e-12   46.2   0.2   1   2   4.5e-05     0.063   11.0   0.0   454   496     2    45     1    59 0.85 -
Pcitr_chr1:7053458-7053937    -            160 5180at71240          -            587   1.3e-12   46.2   0.2   2   2     6e-12   8.3e-09   33.7   0.0   517   586    79   156    72   157 0.79 -
Pcitr_chr6:11309815-11310354  -            180 5180at71240          -            587   2.2e-10   38.9   0.0   1   2   0.00018      0.25    9.0   0.0   455   489     9    43     3    61 0.80 -
Pcitr_chr6:11309815-11310354  -            180 5180at71240          -            587   2.2e-10   38.9   0.0   2   2   3.2e-10   4.4e-07   28.0   0.0   517   571    94   152    87   164 0.82 -
Pcitr_chr1:49318138-49319739  -            534 5180at71240          -            587     0.002   15.9   0.0   1   1   3.2e-06    0.0044   14.8   0.0   528   570   331   369   327   376 0.84 -
Pcitr_chr1:34585460-34591222  -            406 5180at71240          -            587     0.069   10.8   0.0   1   1   7.2e-05       0.1   10.3   0.0   528   570   212   254   199   259 0.93 -
#
# Program:         hmmsearch
# Version:         3.3.2 (Nov 2020)
# Pipeline mode:   SEARCH
# Query file:      /scratch/srb67793/Pelargonium/busco_downloads/lineages/eudicots_odb10/hmms/5180at71240.hmm
# Target file:     /scratch/srb67793/Pelargonium/Pelargonium-PreviousAssembly-busco/run_eudicots_odb10/metaeuk_output/initial_results/Pcitr_Genome-final.fasta.modified.fas
# Option settings: hmmsearch --domtblout /scratch/srb67793/Pelargonium/Pelargonium-PreviousAssembly-busco/run_eudicots_odb10/hmmer_output/initial_run_results/5180at71240.out --cpu 1 /scratch/srb67793/Pelargonium/busco_downloads/lineages/eudicots_odb10/hmms/5180at71240.hmm /scratch/srb67793/Pelargonium/Pelargonium-PreviousAssembly-busco/run_eudicots_odb10/metaeuk_output/initial_results/Pcitr_Genome-final.fasta.modified.fas 
# Current dir:     /scratch/srb67793/Pelargonium
# Date:            Tue Jul  9 10:57:04 2024
# [ok]
