#                                                                                     --- full sequence --- -------------- this domain -------------   hmm coord   ali coord   env coord
# target name                 accession   tlen query name           accession   qlen   E-value  score  bias   #  of  c-Evalue  i-Evalue  score  bias  from    to  from    to  from    to  acc description of target
#         ------------------- ---------- ----- -------------------- ---------- ----- --------- ------ ----- --- --- --------- --------- ------ ----- ----- ----- ----- ----- ----- ----- ---- ---------------------
Pcitr_chr5:36842047-36837210  -            988 5218at71240          -            860         0 1799.9   7.0   1   2   8.7e-09   5.7e-06   23.5   1.3     1    25     1    25     1    47 0.85 -
Pcitr_chr5:36842047-36837210  -            988 5218at71240          -            860         0 1799.9   7.0   2   2         0         0 1779.3   0.4    19   860    62   988    51   988 0.96 -
Pcitr_chr11:6711919-6714261   -            781 5218at71240          -            860  1.8e-170  567.7   0.0   1   1  4.7e-173  3.1e-170  567.0   0.0   101   812     2   781     1   781 0.87 -
Pcitr_chr9:1073277-1075709    -            811 5218at71240          -            860  7.6e-170  565.7   0.0   1   1  2.1e-172  1.4e-169  564.8   0.0   101   813     2   782     1   792 0.87 -
Pcitr_chr11:6713299-6714315   -            339 5218at71240          -            860   1.7e-99  332.9   0.0   1   1  3.1e-102     2e-99  332.7   0.0   497   813     7   322     1   331 0.95 -
Pcitr_chr10:18170378-18174987 -            897 5218at71240          -            860   3.8e-86  288.8   2.0   1   5   9.6e-28   6.3e-25   86.2   0.2    86   233     7   156     3   168 0.85 -
Pcitr_chr10:18170378-18174987 -            897 5218at71240          -            860   3.8e-86  288.8   2.0   2   5   3.4e-05     0.022   11.7   0.1   239   284   205   253   187   294 0.70 -
Pcitr_chr10:18170378-18174987 -            897 5218at71240          -            860   3.8e-86  288.8   2.0   3   5   3.4e-26   2.2e-23   81.1   0.0   398   572   307   490   301   515 0.89 -
Pcitr_chr10:18170378-18174987 -            897 5218at71240          -            860   3.8e-86  288.8   2.0   4   5   0.00055      0.35    7.7   0.0   592   647   570   623   566   636 0.77 -
Pcitr_chr10:18170378-18174987 -            897 5218at71240          -            860   3.8e-86  288.8   2.0   5   5   1.1e-30   6.9e-28   96.0   0.0   650   853   664   888   647   893 0.75 -
Pcitr_chr2:32829487-32822917  -            929 5218at71240          -            860   5.8e-76  255.1   1.9   1   5     9e-27   5.9e-24   83.0   0.1    89   233     1   147     1   159 0.85 -
Pcitr_chr2:32829487-32822917  -            929 5218at71240          -            860   5.8e-76  255.1   1.9   2   5   7.2e-07   0.00047   17.2   0.2   239   302   196   280   178   297 0.72 -
Pcitr_chr2:32829487-32822917  -            929 5218at71240          -            860   5.8e-76  255.1   1.9   3   5   3.5e-26   2.3e-23   81.1   0.0   398   572   423   606   416   631 0.89 -
Pcitr_chr2:32829487-32822917  -            929 5218at71240          -            860   5.8e-76  255.1   1.9   4   5   0.00057      0.37    7.6   0.0   592   647   686   739   682   752 0.77 -
Pcitr_chr2:32829487-32822917  -            929 5218at71240          -            860   5.8e-76  255.1   1.9   5   5   9.9e-20   6.4e-17   59.7   0.0   648   779   778   925   763   928 0.77 -
Pcitr_chr3:9199944-9190834    -            671 5218at71240          -            860   3.4e-20   70.6   1.0   1   3   3.4e-20   2.2e-17   61.3   1.4    87   216    85   214    62   228 0.86 -
Pcitr_chr3:9199944-9190834    -            671 5218at71240          -            860   3.4e-20   70.6   1.0   2   3      0.13        83   -0.2   0.0   425   463   320   358   296   369 0.79 -
Pcitr_chr3:9199944-9190834    -            671 5218at71240          -            860   3.4e-20   70.6   1.0   3   3    0.0042       2.7    4.7   0.0   684   809   418   553   407   564 0.72 -
Pcitr_chr7:36208479-36209855  -            459 5218at71240          -            860     2e-19   68.0   0.0   1   2   5.5e-15   3.6e-12   44.0   0.0    89   218     1   132     1   140 0.83 -
Pcitr_chr7:36208479-36209855  -            459 5218at71240          -            860     2e-19   68.0   0.0   2   2   2.2e-08   1.4e-05   22.2   0.0   433   546   343   457   306   459 0.84 -
Pcitr_chr4:2719921-2724955    -            362 5218at71240          -            860   9.6e-19   65.8   1.4   1   2   9.8e-21   6.4e-18   63.1   1.4    87   216    85   214    62   231 0.86 -
Pcitr_chr4:2719921-2724955    -            362 5218at71240          -            860   9.6e-19   65.8   1.4   2   2      0.09        58    0.3   0.0   425   462   320   357   294   360 0.79 -
Pcitr_chr6:6137450-6146759    -            670 5218at71240          -            860   8.1e-17   59.4   0.0   1   1   1.9e-19   1.2e-16   58.8   0.0    84   257    55   227    51   232 0.80 -
Pcitr_chr6:9394029-9392149    -            215 5218at71240          -            860   1.6e-13   48.5   0.0   1   1   1.1e-15     7e-13   46.4   0.0    85   215     1   127     1   140 0.77 -
Pcitr_chr11:22179991-22179371 -            207 5218at71240          -            860   1.6e-08   32.0   0.8   1   2     0.038        25    1.6   0.0    91   109     1    19     1    29 0.85 -
Pcitr_chr11:22179991-22179371 -            207 5218at71240          -            860   1.6e-08   32.0   0.8   2   2     2e-10   1.3e-07   28.9   0.1   158   215    49   110    43   125 0.91 -
Pcitr_chr1:28656211-28655390  -            274 5218at71240          -            860     1e-07   29.3   0.1   1   1     2e-10   1.3e-07   29.0   0.1    90   216     1   128     1   139 0.78 -
Pcitr_chr5:32113669-32112848  -            274 5218at71240          -            860   1.4e-07   28.8   0.1   1   1   2.7e-10   1.8e-07   28.5   0.1    90   216     1   128     1   138 0.78 -
Pcitr_chr4:267251-272104      -            689 5218at71240          -            860   2.4e-07   28.1   0.0   1   1   5.2e-10   3.4e-07   27.6   0.0    75   192   212   341   194   390 0.74 -
#
# Program:         hmmsearch
# Version:         3.3.2 (Nov 2020)
# Pipeline mode:   SEARCH
# Query file:      /scratch/srb67793/Pelargonium/busco_downloads/lineages/eudicots_odb10/hmms/5218at71240.hmm
# Target file:     /scratch/srb67793/Pelargonium/Pelargonium-PreviousAssembly-busco/run_eudicots_odb10/metaeuk_output/initial_results/Pcitr_Genome-final.fasta.modified.fas
# Option settings: hmmsearch --domtblout /scratch/srb67793/Pelargonium/Pelargonium-PreviousAssembly-busco/run_eudicots_odb10/hmmer_output/initial_run_results/5218at71240.out --cpu 1 /scratch/srb67793/Pelargonium/busco_downloads/lineages/eudicots_odb10/hmms/5218at71240.hmm /scratch/srb67793/Pelargonium/Pelargonium-PreviousAssembly-busco/run_eudicots_odb10/metaeuk_output/initial_results/Pcitr_Genome-final.fasta.modified.fas 
# Current dir:     /scratch/srb67793/Pelargonium
# Date:            Tue Jul  9 10:57:04 2024
# [ok]
