#                                                                                     --- full sequence --- -------------- this domain -------------   hmm coord   ali coord   env coord
# target name                 accession   tlen query name           accession   qlen   E-value  score  bias   #  of  c-Evalue  i-Evalue  score  bias  from    to  from    to  from    to  acc description of target
#         ------------------- ---------- ----- -------------------- ---------- ----- --------- ------ ----- --- --- --------- --------- ------ ----- ----- ----- ----- ----- ----- ----- ---- ---------------------
Pcitr_chr3:9584581-9606876    -           1849 526at71240           -           1581         0 2815.7  50.3   1   4  1.4e-206  1.1e-204  681.8  14.6     1   417    29   489    29   492 0.91 -
Pcitr_chr3:9584581-9606876    -           1849 526at71240           -           1581         0 2815.7  50.3   2   4  8.8e-198  7.3e-196  652.6   6.0   421   743   532   881   520   889 0.94 -
Pcitr_chr3:9584581-9606876    -           1849 526at71240           -           1581         0 2815.7  50.3   3   4  2.4e-238    2e-236  787.1  12.5   737  1167   932  1381   921  1386 0.94 -
Pcitr_chr3:9584581-9606876    -           1849 526at71240           -           1581         0 2815.7  50.3   4   4  1.1e-208  9.3e-207  688.7   0.0  1170  1580  1421  1848  1411  1849 0.95 -
Pcitr_chr3:9567395-9606705    -           2463 526at71240           -           1581         0 2509.8  51.5   1   6   8.1e-89   6.7e-87  291.5   0.1     1   185   739   944   739   954 0.92 -
Pcitr_chr3:9567395-9606705    -           2463 526at71240           -           1581         0 2509.8  51.5   2   6    2e-123  1.7e-121  406.2   9.1   178   417   962  1195   948  1199 0.95 -
Pcitr_chr3:9567395-9606705    -           2463 526at71240           -           1581         0 2509.8  51.5   3   6  7.6e-188  6.4e-186  619.7   6.6   421   743  1238  1588  1226  1595 0.93 -
Pcitr_chr3:9567395-9606705    -           2463 526at71240           -           1581         0 2509.8  51.5   4   6  2.5e-211    2e-209  697.5  12.2   737  1162  1639  2057  1628  2066 0.93 -
Pcitr_chr3:9567395-9606705    -           2463 526at71240           -           1581         0 2509.8  51.5   5   6  5.5e-127  4.6e-125  418.0   0.0  1170  1453  2103  2386  2093  2398 0.93 -
Pcitr_chr3:9567395-9606705    -           2463 526at71240           -           1581         0 2509.8  51.5   6   6   7.2e-28     6e-26   89.4   0.0  1496  1557  2398  2463  2386  2463 0.91 -
Pcitr_chr8:29884377-29882632  -            582 526at71240           -           1581   3.3e-23   80.4   0.2   1   1   3.9e-25   3.3e-23   80.4   0.2   469   650    18   215     9   229 0.86 -
Pcitr_chr11:10279896-10278157 -            580 526at71240           -           1581   1.9e-21   74.5   0.0   1   1   4.1e-23   3.4e-21   73.7   0.0   459   647    46   244    27   270 0.80 -
Pcitr_chr11:7845199-7846998   -            600 526at71240           -           1581   1.2e-19   68.5   0.0   1   1   2.5e-21   2.1e-19   67.7   0.0   466   653    49   254    30   265 0.84 -
Pcitr_chr3:4842915-4841352    -            248 526at71240           -           1581   4.2e-18   63.4   0.0   1   1   6.1e-20   5.1e-18   63.1   0.0   441   658     6   237     2   246 0.84 -
Pcitr_chr7:11828510-11821648  -            248 526at71240           -           1581   4.2e-18   63.4   0.0   1   1   6.1e-20   5.1e-18   63.1   0.0   441   658     6   237     2   246 0.84 -
Pcitr_chr11:13068880-13068067 -            244 526at71240           -           1581   5.8e-18   63.0   0.0   1   1   9.5e-20   7.9e-18   62.5   0.0   439   646     3   222     2   235 0.79 -
Pcitr_chr11:1090310-1095064   -            917 526at71240           -           1581     1e-17   62.1   0.1   1   1   2.1e-19   1.7e-17   61.4   0.1   417   645   339   579   286   596 0.78 -
Pcitr_chr10:14742432-14739637 -            336 526at71240           -           1581   7.4e-17   59.3   0.0   1   1     1e-18   8.6e-17   59.1   0.0  1198  1365    88   272    69   324 0.79 -
Pcitr_chr10:6447425-6445500   -            642 526at71240           -           1581   1.2e-16   58.6   0.0   1   1   1.4e-18   1.2e-16   58.6   0.0  1208  1378    85   268    60   306 0.82 -
Pcitr_chr4:36751973-36786113  -            579 526at71240           -           1581   1.2e-16   58.6   0.3   1   1   2.3e-18   1.9e-16   57.9   0.3   456   642   358   557   328   568 0.83 -
Pcitr_chr7:7899632-7900464    -            249 526at71240           -           1581   2.6e-16   57.5   0.0   1   1   3.9e-18   3.2e-16   57.2   0.0   440   624     4   201     2   220 0.80 -
Pcitr_chr8:31947189-31948772  -            528 526at71240           -           1581     3e-16   57.3   0.1   1   1     5e-18   4.1e-16   56.8   0.1   468   653    13   217     3   224 0.81 -
Pcitr_chr11:13066638-13065614 -            313 526at71240           -           1581   4.2e-16   56.8   0.5   1   1   6.5e-18   5.4e-16   56.4   0.5   438   641    82   297    22   309 0.84 -
Pcitr_chr5:23731161-23728350  -            242 526at71240           -           1581   4.3e-16   56.8   0.0   1   1   6.1e-18   5.1e-16   56.5   0.0   453   661    16   239     3   242 0.78 -
Pcitr_chr7:3599483-3597705    -            593 526at71240           -           1581   4.6e-16   56.7   0.0   1   1     1e-17   8.6e-16   55.8   0.0   468   639    57   246    22   265 0.54 -
Pcitr_chr10:21999672-22019396 -            243 526at71240           -           1581   6.7e-16   56.1   0.0   1   1   9.8e-18   8.1e-16   55.8   0.0   457   648    21   225     3   240 0.80 -
Pcitr_chr9:19829777-19825436  -            343 526at71240           -           1581   6.8e-16   56.1   0.0   1   1     1e-17   8.4e-16   55.8   0.0  1200  1364    90   270    69   296 0.79 -
Pcitr_chr5:13634030-13631000  -            288 526at71240           -           1581   7.1e-16   56.0   0.0   1   1   9.3e-18   7.7e-16   55.9   0.0   439   646    50   269    29   288 0.80 -
Pcitr_chr3:20297685-20296506  -            171 526at71240           -           1581   9.4e-16   55.6   0.2   1   1   1.3e-17   1.1e-15   55.4   0.2   469   607    15   164     5   169 0.78 -
Pcitr_chr11:15046725-15045598 -            376 526at71240           -           1581     1e-15   55.5   0.2   1   1   2.2e-17   1.8e-15   54.7   0.2   439   647   137   357   114   372 0.75 -
Pcitr_chr4:8231913-8236519    -            805 526at71240           -           1581   1.2e-15   55.3   0.3   1   2   7.2e-08     6e-06   23.1   0.0   462   615   345   500   322   505 0.84 -
Pcitr_chr4:8231913-8236519    -            805 526at71240           -           1581   1.2e-15   55.3   0.3   2   2   5.8e-10   4.8e-08   30.1   0.1   473   621   647   788   635   799 0.86 -
Pcitr_chr6:13715173-13713269  -            635 526at71240           -           1581   1.2e-15   55.3   0.1   1   1   1.5e-17   1.2e-15   55.3   0.1   467   646    47   245    25   263 0.77 -
Pcitr_chr7:34106227-34113163  -            982 526at71240           -           1581   1.7e-15   54.8   0.1   1   2   1.8e-06   0.00015   18.5   0.0   458   608   401   551   384   557 0.76 -
Pcitr_chr7:34106227-34113163  -            982 526at71240           -           1581   1.7e-15   54.8   0.1   2   2   3.6e-11     3e-09   34.1   0.0   467   600   775   920   755   948 0.82 -
Pcitr_chr3:4840172-4839054    -            373 526at71240           -           1581   2.2e-15   54.4   0.0   1   1   3.8e-17   3.2e-15   53.9   0.0   454   655   152   366   137   371 0.80 -
Pcitr_chr7:11820458-11819340  -            373 526at71240           -           1581   2.2e-15   54.4   0.0   1   1   3.8e-17   3.2e-15   53.9   0.0   454   655   152   366   137   371 0.80 -
Pcitr_chr1:43961798-43960925  -            238 526at71240           -           1581   2.3e-15   54.3   0.1   1   1   3.6e-17     3e-15   54.0   0.1   440   641     4   217     2   230 0.80 -
Pcitr_chr1:52722433-52726573  -           1001 526at71240           -           1581   2.4e-15   54.3   0.7   1   2   4.4e-08   3.6e-06   23.9   0.1   458   598   344   483   314   498 0.76 -
Pcitr_chr1:52722433-52726573  -           1001 526at71240           -           1581   2.4e-15   54.3   0.7   2   2   1.4e-09   1.1e-07   28.8   0.1   471   619   821   976   791   999 0.82 -
Pcitr_chr10:22076849-22077889 -            290 526at71240           -           1581   2.8e-15   54.0   0.0   1   1   4.4e-17   3.7e-15   53.7   0.0   458   647    73   275    42   287 0.79 -
Pcitr_chr8:30572003-30570926  -            246 526at71240           -           1581   3.3e-15   53.8   0.1   1   1     5e-17   4.2e-15   53.5   0.1   441   641    13   225     5   238 0.81 -
Pcitr_chr1:26219027-26219783  -            221 526at71240           -           1581     4e-15   53.6   0.0   1   1     6e-17     5e-15   53.2   0.0   459   640    22   216     3   220 0.78 -
Pcitr_chr3:21061298-21059268  -            677 526at71240           -           1581     4e-15   53.5   0.2   1   1   6.9e-17   5.7e-15   53.0   0.2   467   653    75   280    63   286 0.80 -
Pcitr_chr11:21817562-21824205 -            465 526at71240           -           1581   5.1e-15   53.2   0.2   1   2   6.1e-17   5.1e-15   53.2   0.2   469   621    15   185     4   204 0.77 -
Pcitr_chr11:21817562-21824205 -            465 526at71240           -           1581   5.1e-15   53.2   0.2   2   2       1.9   1.6e+02   -1.5   3.5   979  1084   328   436   312   452 0.68 -
Pcitr_chr4:8214745-8236519    -           1016 526at71240           -           1581   7.7e-15   52.6   0.5   1   2   5.8e-07   4.8e-05   20.1   0.0   459   600   449   590   442   605 0.84 -
Pcitr_chr4:8214745-8236519    -           1016 526at71240           -           1581   7.7e-15   52.6   0.5   2   2   4.1e-10   3.4e-08   30.6   0.1   473   621   857   999   847  1010 0.86 -
Pcitr_chr10:22066393-22067160 -            256 526at71240           -           1581   9.9e-15   52.2   0.0   1   1   1.6e-16   1.3e-14   51.8   0.0   457   647    40   243    10   252 0.78 -
Pcitr_chr5:23716728-23714915  -            576 526at71240           -           1581   1.1e-14   52.0   0.1   1   1   2.2e-16   1.9e-14   51.3   0.1   452   661   350   573   324   576 0.78 -
Pcitr_chr4:38461092-38461820  -            243 526at71240           -           1581   1.2e-14   52.0   0.0   1   1   1.9e-16   1.6e-14   51.6   0.0   454   657    17   233     3   240 0.79 -
Pcitr_chr3:3813791-3815989    -            678 526at71240           -           1581   1.2e-14   52.0   0.1   1   1   2.3e-16   1.9e-14   51.3   0.1   465   646    80   280    59   289 0.79 -
Pcitr_chr5:24154923-24159182  -           1010 526at71240           -           1581   1.4e-14   51.8   0.2   1   2   8.8e-08   7.4e-06   22.8   0.1   428   601   296   471   272   477 0.75 -
Pcitr_chr5:24154923-24159182  -           1010 526at71240           -           1581   1.4e-14   51.8   0.2   2   2   5.7e-09   4.8e-07   26.8   0.0   471   619   841   981   812   993 0.84 -
Pcitr_chr2:21359005-21360024  -            340 526at71240           -           1581   1.9e-14   51.3   0.1   1   2   8.4e-09     7e-07   26.2   0.0   441   536    81   175    50   205 0.80 -
Pcitr_chr2:21359005-21360024  -            340 526at71240           -           1581   1.9e-14   51.3   0.1   2   2   7.4e-08   6.1e-06   23.1   0.1   565   646   246   326   235   337 0.87 -
Pcitr_chr6:4269935-4272944    -            337 526at71240           -           1581   2.6e-14   50.9   0.0   1   1   3.8e-16   3.2e-14   50.6   0.0   457   612    99   273    60   287 0.67 -
Pcitr_chr1:39520168-39519533  -            212 526at71240           -           1581   7.7e-14   49.3   0.0   1   1   1.2e-15     1e-13   48.9   0.0   469   645    15   208     4   210 0.77 -
Pcitr_chr2:11261980-11262711  -            244 526at71240           -           1581     8e-14   49.2   0.0   1   1   1.2e-15   9.7e-14   49.0   0.0   468   642    12   204     2   234 0.73 -
Pcitr_chr9:4594057-4591544    -            544 526at71240           -           1581   8.8e-14   49.1   0.1   1   1   1.5e-15   1.2e-13   48.6   0.1   470   643    15   202     5   214 0.79 -
Pcitr_chr10:22021262-22022617 -            452 526at71240           -           1581     1e-13   48.9   0.1   1   1   1.9e-15   1.6e-13   48.3   0.1  1210  1402   231   430   224   446 0.75 -
Pcitr_chr9:25924984-25925664  -            227 526at71240           -           1581   1.2e-13   48.7   0.1   1   1   1.9e-15   1.6e-13   48.3   0.1   469   622    40   209    27   227 0.72 -
Pcitr_chr5:15359032-15366358  -            652 526at71240           -           1581   1.5e-13   48.3   0.4   1   2       6.4   5.3e+02   -3.2   0.1  1051  1075   209   233   181   236 0.79 -
Pcitr_chr5:15359032-15366358  -            652 526at71240           -           1581   1.5e-13   48.3   0.4   2   2   3.3e-15   2.8e-13   47.4   0.0   454   649   422   632   403   645 0.78 -
Pcitr_chr10:22106842-22108089 -            416 526at71240           -           1581     3e-13   47.3   0.0   1   1   4.8e-15     4e-13   46.9   0.0  1205  1398   189   389   155   406 0.75 -
Pcitr_chr2:46608225-46611842  -            515 526at71240           -           1581   3.1e-13   47.3   0.0   1   1   3.7e-15   3.1e-13   47.3   0.0   468   638    16   200     4   203 0.81 -
Pcitr_chr4:38457861-38459557  -            269 526at71240           -           1581   9.1e-13   45.7   0.0   1   1   4.3e-13   3.5e-11   40.5   0.0   441   658     6   258     2   267 0.73 -
Pcitr_chr1:18821547-18822299  -            251 526at71240           -           1581   9.3e-13   45.7   0.2   1   2   2.1e-11   1.8e-09   34.8   0.0   454   600    17   177     6   178 0.78 -
Pcitr_chr1:18821547-18822299  -            251 526at71240           -           1581   9.3e-13   45.7   0.2   2   2     1e-05   0.00085   16.0   0.2  1318  1405   141   232   135   245 0.77 -
Pcitr_chr1:15553830-15549423  -            881 526at71240           -           1581   1.2e-12   45.4   0.0   1   2   9.2e-05    0.0076   12.8   0.0   458   597   402   538   339   553 0.72 -
Pcitr_chr1:15553830-15549423  -            881 526at71240           -           1581   1.2e-12   45.4   0.0   2   2   4.7e-10   3.9e-08   30.4   0.0   470   600   719   843   696   869 0.86 -
Pcitr_chr4:1665495-1666649    -            385 526at71240           -           1581   1.6e-12   44.9   0.0   1   1   2.9e-14   2.4e-12   44.3   0.0   452   646   159   366   139   378 0.81 -
Pcitr_chr10:22001584-22002531 -            316 526at71240           -           1581   1.8e-12   44.8   0.2   1   1   3.2e-14   2.6e-12   44.2   0.2   431   660    71   315    57   316 0.77 -
Pcitr_chr2:39739420-39739938  -            173 526at71240           -           1581   1.8e-12   44.7   0.0   1   1   2.9e-14   2.4e-12   44.3   0.0   473   623     1   166     1   171 0.83 -
Pcitr_chr7:7901723-7902529    -            242 526at71240           -           1581   1.9e-12   44.7   0.1   1   1   2.5e-14   2.1e-12   44.5   0.1   448   647    12   223     2   242 0.77 -
Pcitr_chr11:1095188-1095934   -            249 526at71240           -           1581   2.2e-12   44.4   0.1   1   1   8.7e-14   7.2e-12   42.8   0.1   453   646    16   228     3   243 0.76 -
Pcitr_chr2:21342931-21344094  -            388 526at71240           -           1581   2.4e-12   44.4   0.1   1   1     5e-14   4.2e-12   43.5   0.1   431   660   139   383   125   387 0.68 -
Pcitr_chr2:21361102-21362391  -            430 526at71240           -           1581   2.4e-12   44.3   0.1   1   1   3.9e-14   3.3e-12   43.9   0.1  1209  1399   208   405   198   420 0.76 -
Pcitr_chr10:22078736-22080040 -            435 526at71240           -           1581   2.7e-12   44.2   0.0   1   1   5.2e-14   4.3e-12   43.5   0.0  1211  1406   219   421   211   434 0.77 -
Pcitr_chr7:13948935-13944175  -           1187 526at71240           -           1581   3.8e-12   43.7   0.1   1   2    0.0014      0.11    9.0   0.0   460   597   553   690   538   699 0.50 -
Pcitr_chr7:13948935-13944175  -           1187 526at71240           -           1581   3.8e-12   43.7   0.1   2   2   1.3e-10   1.1e-08   32.2   0.1   459   623  1002  1172   979  1182 0.78 -
Pcitr_chr5:3278223-3277279    -            248 526at71240           -           1581   4.5e-12   43.4   0.1   1   1   6.3e-14   5.2e-12   43.2   0.1   467   660    38   243     9   248 0.76 -
Pcitr_chr6:13878829-13879542  -            238 526at71240           -           1581     5e-12   43.3   0.2   1   2   1.4e-09   1.1e-07   28.8   0.0   453   565    16   127     2   138 0.82 -
Pcitr_chr6:13878829-13879542  -            238 526at71240           -           1581     5e-12   43.3   0.2   2   2   7.9e-05    0.0065   13.1   0.1  1317  1414   140   234   130   238 0.81 -
Pcitr_chr4:43605131-43577288  -            922 526at71240           -           1581   5.8e-12   43.1   0.1   1   2     0.001     0.084    9.4   0.0   463   599   322   454   298   467 0.63 -
Pcitr_chr4:43605131-43577288  -            922 526at71240           -           1581   5.8e-12   43.1   0.1   2   2   2.3e-10   1.9e-08   31.4   0.0   461   609   744   891   725   913 0.84 -
Pcitr_chr4:40512153-40509644  -            573 526at71240           -           1581   6.2e-12   43.0   0.1   1   1   9.7e-14     8e-12   42.6   0.1   439   656   337   568   321   573 0.78 -
Pcitr_chr1:18817469-18821420  -            924 526at71240           -           1581   6.6e-12   42.9   0.1   1   1   1.3e-13   1.1e-11   42.1   0.1   439   645   369   588   297   607 0.75 -
Pcitr_chr10:22033336-22036023 -            387 526at71240           -           1581   7.6e-12   42.7   0.0   1   1   1.2e-13     1e-11   42.3   0.0  1211  1399   178   373   162   385 0.77 -
Pcitr_chr9:29925030-29925773  -            248 526at71240           -           1581     2e-11   41.3   0.1   1   1   3.5e-13   2.9e-11   40.8   0.1   469   621    25   194    10   203 0.47 -
Pcitr_chr9:23637829-23649872  -            858 526at71240           -           1581     2e-11   41.3   0.0   1   1   3.9e-13   3.2e-11   40.6   0.0  1204  1365    87   262    35   279 0.77 -
Pcitr_chr3:9639663-9639229    -            145 526at71240           -           1581   2.6e-11   40.9   0.0   1   1   3.5e-13   2.9e-11   40.7   0.0   521   622     2   121     1   136 0.78 -
Pcitr_chr3:21722584-21721646  -            313 526at71240           -           1581   2.7e-11   40.9   0.1   1   2   6.1e-09   5.1e-07   26.7   0.0   452   565    93   205    77   218 0.82 -
Pcitr_chr3:21722584-21721646  -            313 526at71240           -           1581   2.7e-11   40.9   0.1   2   2   0.00011    0.0089   12.6   0.1  1317  1412   218   310   210   313 0.82 -
Pcitr_chr10:22067872-22069176 -            435 526at71240           -           1581     3e-11   40.7   0.0   1   1     5e-13   4.2e-11   40.2   0.0   462   651   220   425   203   435 0.45 -
Pcitr_chr1:20931436-20903829  -            979 526at71240           -           1581   3.9e-11   40.3   0.1   1   2   0.00027     0.023   11.3   0.0   470   601   445   572   412   596 0.73 -
Pcitr_chr1:20931436-20903829  -            979 526at71240           -           1581   3.9e-11   40.3   0.1   2   2   5.9e-09   4.9e-07   26.7   0.1   471   616   821   957   806   969 0.82 -
Pcitr_chr6:37126603-37151566  -            227 526at71240           -           1581   7.5e-11   39.4   0.0   1   1   1.1e-12   8.9e-11   39.1   0.0   471   616    15   161     9   191 0.89 -
Pcitr_chr5:13621312-13619741  -            494 526at71240           -           1581   9.5e-11   39.0   0.1   1   1   1.4e-12   1.2e-10   38.7   0.1   452   646   269   474   238   494 0.75 -
Pcitr_chr1:41427463-41422704  -            628 526at71240           -           1581   1.2e-10   38.7   0.0   1   1   2.3e-12     2e-10   38.0   0.0  1213  1371    99   270    65   303 0.78 -
Pcitr_chr8:21085243-21081766  -            204 526at71240           -           1581   1.4e-10   38.5   0.2   1   1   2.2e-11   1.8e-09   34.8   0.2   470   622    21   166    12   190 0.62 -
Pcitr_chr6:13875005-13875970  -            242 526at71240           -           1581   1.5e-10   38.4   0.0   1   2   7.9e-08   6.6e-06   23.0   0.0   452   535    15    98     2   134 0.80 -
Pcitr_chr6:13875005-13875970  -            242 526at71240           -           1581   1.5e-10   38.4   0.0   2   2   5.2e-05    0.0043   13.7   0.0  1317  1417   139   235   132   241 0.77 -
Pcitr_chr5:30552993-30554772  -            479 526at71240           -           1581   1.6e-10   38.3   0.0   1   1   2.7e-12   2.3e-10   37.8   0.0   461   633   291   473   281   479 0.82 -
Pcitr_chr6:2269627-2267288    -            364 526at71240           -           1581     2e-10   38.0   0.6   1   3   4.9e-06   0.00041   17.0   0.1  1188  1249    28    92     3   167 0.68 -
Pcitr_chr6:2269627-2267288    -            364 526at71240           -           1581     2e-10   38.0   0.6   2   3    0.0039      0.32    7.4   0.0   559   597   191   229   177   263 0.87 -
Pcitr_chr6:2269627-2267288    -            364 526at71240           -           1581     2e-10   38.0   0.6   3   3   0.00038     0.031   10.8   0.0   425   500   294   363   256   364 0.66 -
Pcitr_chr1:41481770-41474774  -            787 526at71240           -           1581   2.1e-10   37.9   0.0   1   1   3.8e-12   3.2e-10   37.3   0.0  1214  1372    11   182     2   228 0.77 -
Pcitr_chr4:1660393-1664347    -            746 526at71240           -           1581   3.2e-10   37.3   0.0   1   1   5.6e-12   4.7e-10   36.8   0.0   465   644   281   473   224   489 0.77 -
Pcitr_chr3:10712716-10713174  -            153 526at71240           -           1581   3.4e-10   37.2   0.0   1   1   4.6e-12   3.8e-10   37.1   0.0   464   596    14   152     2   153 0.55 -
Pcitr_chr4:43570624-43599776  -           1200 526at71240           -           1581   4.7e-10   36.7   0.0   1   2    0.0065      0.54    6.7   0.0  1312  1362   681   731   607   781 0.78 -
Pcitr_chr4:43570624-43599776  -           1200 526at71240           -           1581   4.7e-10   36.7   0.0   2   2   2.8e-09   2.3e-07   27.8   0.0   461   608  1026  1168  1014  1186 0.82 -
Pcitr_chr10:10505294-10507618 -            257 526at71240           -           1581   6.9e-10   36.2   0.0   1   1   1.4e-11   1.1e-09   35.5   0.0  1267  1395    66   205    54   217 0.73 -
Pcitr_chr2:12650499-12648844  -            552 526at71240           -           1581   1.3e-09   35.2   0.0   1   3      0.24        20    1.5   0.0  1214  1241    25    52    16    84 0.68 -
Pcitr_chr2:12650499-12648844  -            552 526at71240           -           1581   1.3e-09   35.2   0.0   2   3   0.00087     0.072    9.6   0.0   561   612   155   206   123   232 0.71 -
Pcitr_chr2:12650499-12648844  -            552 526at71240           -           1581   1.3e-09   35.2   0.0   3   3     1e-06   8.5e-05   19.3   0.0  1215  1350   358   489   351   504 0.69 -
Pcitr_chr3:856764-858741      -            505 526at71240           -           1581   1.5e-09   35.0   0.0   1   1   2.7e-11   2.3e-09   34.5   0.0  1211  1384   290   473   266   502 0.67 -
Pcitr_chr8:29787197-29789467  -            270 526at71240           -           1581   6.7e-09   32.9   0.0   1   1   1.9e-08   1.5e-06   25.1   0.0   437   645     9   248     3   259 0.65 -
Pcitr_chr1:35885535-35888315  -            488 526at71240           -           1581     7e-09   32.9   0.1   1   1   1.1e-10   9.1e-09   32.5   0.1   467   626   306   476   295   488 0.76 -
Pcitr_chr10:26332220-26330502 -            573 526at71240           -           1581   7.3e-09   32.8   0.0   1   3      0.25        21    1.5   0.0  1213  1240    43    70    34   103 0.69 -
Pcitr_chr10:26332220-26330502 -            573 526at71240           -           1581   7.3e-09   32.8   0.0   2   3   0.00089     0.074    9.6   0.0   561   603   176   218   136   254 0.63 -
Pcitr_chr10:26332220-26330502 -            573 526at71240           -           1581   7.3e-09   32.8   0.0   3   3   4.7e-06   0.00039   17.1   0.0  1216  1350   380   510   371   525 0.64 -
Pcitr_chr3:859509-886278      -            382 526at71240           -           1581   7.5e-09   32.7   0.1   1   1   3.9e-10   3.2e-08   30.6   0.1   477   641   184   361   178   381 0.63 -
Pcitr_chr11:4407362-4406371   -            228 526at71240           -           1581   7.6e-09   32.7   0.0   1   1   1.2e-10     1e-08   32.3   0.0   478   598    35   173    27   219 0.75 -
Pcitr_chr8:31470150-31474005  -            359 526at71240           -           1581   8.5e-09   32.6   0.8   1   3   6.6e-07   5.5e-05   19.9   0.1  1197  1294     3   102     1   135 0.60 -
Pcitr_chr8:31470150-31474005  -            359 526at71240           -           1581   8.5e-09   32.6   0.8   2   3      0.36        30    0.9   0.0   559   599   157   195   141   227 0.78 -
Pcitr_chr8:31470150-31474005  -            359 526at71240           -           1581   8.5e-09   32.6   0.8   3   3    0.0016      0.13    8.7   0.0   456   499   282   325   239   341 0.79 -
Pcitr_chr1:38104039-38101891  -            232 526at71240           -           1581   1.9e-08   31.4   0.2   1   1   2.5e-10   2.1e-08   31.3   0.2   564   656   133   224    14   231 0.84 -
Pcitr_chr3:855550-855810      -             87 526at71240           -           1581   5.6e-08   29.9   0.1   1   1   6.7e-10   5.6e-08   29.9   0.1  1319  1385     1    67     1    85 0.79 -
Pcitr_chr7:33141687-33135147  -            739 526at71240           -           1581   7.6e-08   29.4   0.2   1   3      0.61        51    0.2   0.0  1216  1238   195   217   186   230 0.81 -
Pcitr_chr7:33141687-33135147  -            739 526at71240           -           1581   7.6e-08   29.4   0.2   2   3     0.059       4.9    3.5   0.0   559   592   332   365   307   372 0.68 -
Pcitr_chr7:33141687-33135147  -            739 526at71240           -           1581   7.6e-08   29.4   0.2   3   3   5.3e-07   4.4e-05   20.3   0.0  1210  1350   547   679   543   687 0.83 -
Pcitr_chr10:26498599-26454992 -            249 526at71240           -           1581   1.3e-07   28.7   0.0   1   1   1.8e-09   1.5e-07   28.4   0.0   470   622    33   187    24   218 0.75 -
Pcitr_chr4:40512630-40512370  -             87 526at71240           -           1581   1.6e-07   28.3   0.1   1   1   2.1e-09   1.7e-07   28.2   0.1   565   626     1    62     1    83 0.70 -
Pcitr_chr10:10515576-10515899 -            108 526at71240           -           1581   1.7e-07   28.3   0.0   1   1     2e-09   1.7e-07   28.3   0.0  1273  1359     5   103     1   108 0.72 -
Pcitr_chr2:21341137-21341391  -             85 526at71240           -           1581   3.2e-07   27.4   0.1   1   1   4.3e-09   3.6e-07   27.2   0.1   565   641     6    81     3    85 0.92 -
Pcitr_chr3:16022998-16022690  -            103 526at71240           -           1581   3.2e-07   27.3   0.0   1   1   4.2e-09   3.5e-07   27.2   0.0   564   642     5    82     3   102 0.89 -
Pcitr_chr1:26221996-26222250  -             85 526at71240           -           1581   4.3e-07   26.9   0.1   1   1   5.4e-09   4.5e-07   26.9   0.1   565   640     6    80     2    85 0.84 -
Pcitr_chr5:23717358-23717068  -             97 526at71240           -           1581   6.2e-07   26.4   0.1   1   1   7.5e-09   6.2e-07   26.4   0.1   550   640     2    91     1    97 0.82 -
Pcitr_chr1:43963671-43963396  -             92 526at71240           -           1581   8.2e-07   26.0   0.1   1   1     1e-08   8.4e-07   26.0   0.1   563   639    11    86     1    91 0.62 -
Pcitr_chr8:30573801-30573556  -             82 526at71240           -           1581   1.5e-06   25.1   0.2   1   1   1.9e-08   1.6e-06   25.0   0.2   565   639     1    74     1    81 0.66 -
Pcitr_chr2:13123530-13059427  -            239 526at71240           -           1581   1.9e-06   24.8   0.0   1   1   2.8e-08   2.3e-06   24.5   0.0   471   640    15   197     6   213 0.63 -
Pcitr_chr11:13068375-13068085 -             97 526at71240           -           1581   2.9e-06   24.2   0.0   1   1   3.7e-08   3.1e-06   24.1   0.0   565   646     1    81     1    93 0.93 -
Pcitr_chr5:23730673-23730398  -             92 526at71240           -           1581   3.8e-06   23.8   0.0   1   1   5.3e-08   4.4e-06   23.6   0.0   564   646     5    86     2    91 0.75 -
Pcitr_chr7:11532379-11531075  -            435 526at71240           -           1581   6.7e-05   19.7   0.0   1   1   1.1e-06   9.1e-05   19.2   0.0   457   596   295   434   287   435 0.85 -
Pcitr_chr5:23717936-23717352  -            195 526at71240           -           1581   9.8e-05   19.1   0.0   1   1   1.2e-06    0.0001   19.1   0.0   455   539    50   133    28   183 0.74 -
Pcitr_chr7:11539405-11537495  -            637 526at71240           -           1581   0.00011   18.9   0.0   1   1   1.8e-06   0.00015   18.5   0.0   468   598   498   628   483   637 0.83 -
Pcitr_chr5:23716728-23715352  -            459 526at71240           -           1581   0.00031   17.5   0.0   1   1   7.3e-06   0.00061   16.5   0.0   452   528   350   427   323   440 0.82 -
Pcitr_chr11:10587454-10583769 -            758 526at71240           -           1581   0.00087   16.0   0.0   1   1   1.5e-05    0.0013   15.4   0.0   458   598   420   557   335   567 0.64 -
Pcitr_chr10:29595265-29593651 -            339 526at71240           -           1581   0.00094   15.9   0.0   1   2     0.046       3.8    3.9   0.0   562   601    38    78     8   102 0.63 -
Pcitr_chr10:29595265-29593651 -            339 526at71240           -           1581   0.00094   15.9   0.0   2   2   0.00097     0.081    9.4   0.0   470   596   158   280   145   301 0.72 -
Pcitr_chr4:40512012-40510747  -            422 526at71240           -           1581     0.002   14.7   0.0   1   1     3e-05    0.0025   14.4   0.0   439   541   290   390   274   422 0.79 -
Pcitr_chr10:29598847-29598041 -            269 526at71240           -           1581     0.013   12.1   0.0   1   1   0.00029     0.024   11.2   0.0   461   596    78   209    67   229 0.64 -
#
# Program:         hmmsearch
# Version:         3.3.2 (Nov 2020)
# Pipeline mode:   SEARCH
# Query file:      /scratch/srb67793/Pelargonium/busco_downloads/lineages/eudicots_odb10/hmms/526at71240.hmm
# Target file:     /scratch/srb67793/Pelargonium/Pelargonium-PreviousAssembly-busco/run_eudicots_odb10/metaeuk_output/initial_results/Pcitr_Genome-final.fasta.modified.fas
# Option settings: hmmsearch --domtblout /scratch/srb67793/Pelargonium/Pelargonium-PreviousAssembly-busco/run_eudicots_odb10/hmmer_output/initial_run_results/526at71240.out --cpu 1 /scratch/srb67793/Pelargonium/busco_downloads/lineages/eudicots_odb10/hmms/526at71240.hmm /scratch/srb67793/Pelargonium/Pelargonium-PreviousAssembly-busco/run_eudicots_odb10/metaeuk_output/initial_results/Pcitr_Genome-final.fasta.modified.fas 
# Current dir:     /scratch/srb67793/Pelargonium
# Date:            Tue Jul  9 10:57:11 2024
# [ok]
