#                                                                                     --- full sequence --- -------------- this domain -------------   hmm coord   ali coord   env coord
# target name                 accession   tlen query name           accession   qlen   E-value  score  bias   #  of  c-Evalue  i-Evalue  score  bias  from    to  from    to  from    to  acc description of target
#         ------------------- ---------- ----- -------------------- ---------- ----- --------- ------ ----- --- --- --------- --------- ------ ----- ----- ----- ----- ----- ----- ----- ---- ---------------------
Pcitr_chr1:28354407-28349151  -            471 52915at71240         -            371  1.4e-181  602.5  23.9   1   1  1.8e-181  1.2e-178  592.9  23.9     1   359     1   422     1   431 0.86 -
Pcitr_chr10:12969692-12971648 -            519 52915at71240         -            371     2e-22   78.8   0.4   1   1   3.4e-24   2.2e-21   75.4   0.4    13   266   211   453   204   475 0.79 -
Pcitr_chr4:35674071-35676025  -            522 52915at71240         -            371   7.6e-22   76.9   0.2   1   1   1.3e-23   8.2e-21   73.5   0.2    13   266   214   456   207   479 0.79 -
Pcitr_chr11:23112344-23126263 -            971 52915at71240         -            371   1.6e-21   75.8   0.2   1   2   8.1e-24   5.3e-21   74.1   0.0    10   260   135   379   130   389 0.73 -
Pcitr_chr11:23112344-23126263 -            971 52915at71240         -            371   1.6e-21   75.8   0.2   2   2       3.3   2.1e+03   -3.6   0.0   186   216   932   963   928   965 0.84 -
Pcitr_chr6:23231112-23218351  -            965 52915at71240         -            371   3.7e-21   74.6   0.8   1   2   1.5e-23   9.8e-21   73.2   0.1    11   260   122   365   116   375 0.75 -
Pcitr_chr6:23231112-23218351  -            965 52915at71240         -            371   3.7e-21   74.6   0.8   2   2       2.1   1.4e+03   -2.9   0.1   186   218   926   959   913   962 0.82 -
Pcitr_chr10:12969971-12971019 -            346 52915at71240         -            371   7.7e-20   70.3   1.1   1   1   1.6e-21     1e-18   66.6   1.1    13   251   118   345   111   346 0.79 -
Pcitr_chr10:12882902-12872713 -            395 52915at71240         -            371   1.5e-15   56.2   0.1   1   1   9.2e-17     6e-14   50.9   0.1    15   251   165   393   159   395 0.81 -
Pcitr_chr5:37070447-37069727  -             92 52915at71240         -            371   3.8e-09   35.1   0.1   1   1   6.3e-12   4.1e-09   35.0   0.1   170   251     2    86     1    90 0.85 -
Pcitr_chr5:37078560-37079280  -             92 52915at71240         -            371   3.8e-09   35.1   0.1   1   1   6.3e-12   4.1e-09   35.0   0.1   170   251     2    86     1    90 0.85 -
Pcitr_chr6:16561403-16559397  -            345 52915at71240         -            371   5.3e-06   24.8   0.1   1   3     0.087        57    1.6   0.0    21    51    32    62    18    79 0.84 -
Pcitr_chr6:16561403-16559397  -            345 52915at71240         -            371   5.3e-06   24.8   0.1   2   3    0.0096       6.2    4.8   0.0   145   201   167   221   108   236 0.84 -
Pcitr_chr6:16561403-16559397  -            345 52915at71240         -            371   5.3e-06   24.8   0.1   3   3   8.6e-06    0.0056   14.8   0.0   206   269   256   324   250   330 0.66 -
Pcitr_chr7:26925121-26927124  -            345 52915at71240         -            371   8.9e-06   24.0   0.1   1   3      0.11        68    1.4   0.0    21    51    32    62    21    78 0.86 -
Pcitr_chr7:26925121-26927124  -            345 52915at71240         -            371   8.9e-06   24.0   0.1   2   3     0.014         9    4.3   0.0   145   198   167   218   111   235 0.85 -
Pcitr_chr7:26925121-26927124  -            345 52915at71240         -            371   8.9e-06   24.0   0.1   3   3   8.6e-06    0.0056   14.8   0.0   206   269   256   324   250   330 0.66 -
Pcitr_chr5:39148090-39172714  -            483 52915at71240         -            371   0.00016   19.9   0.1   1   2     0.063        41    2.1   0.0    27    66    23    63    11    71 0.78 -
Pcitr_chr5:39148090-39172714  -            483 52915at71240         -            371   0.00016   19.9   0.1   2   2   5.7e-06    0.0037   15.4   0.1   220   251   231   262   204   278 0.87 -
Pcitr_chr5:39148925-39153629  -            434 52915at71240         -            371    0.0018   16.4   0.0   1   1   4.2e-06    0.0027   15.8   0.0   220   251   187   218   132   235 0.89 -
Pcitr_chr5:39212218-39209817  -            226 52915at71240         -            371     0.014   13.5   0.0   1   1   2.7e-05     0.018   13.2   0.0    20    66    17    64    10    99 0.79 -
Pcitr_chr2:4992674-4985750    -            563 52915at71240         -            371     0.059   11.4   0.0   1   1   0.00016       0.1   10.7   0.0   206   255   487   536   454   546 0.81 -
#
# Program:         hmmsearch
# Version:         3.3.2 (Nov 2020)
# Pipeline mode:   SEARCH
# Query file:      /scratch/srb67793/Pelargonium/busco_downloads/lineages/eudicots_odb10/hmms/52915at71240.hmm
# Target file:     /scratch/srb67793/Pelargonium/Pelargonium-PreviousAssembly-busco/run_eudicots_odb10/metaeuk_output/initial_results/Pcitr_Genome-final.fasta.modified.fas
# Option settings: hmmsearch --domtblout /scratch/srb67793/Pelargonium/Pelargonium-PreviousAssembly-busco/run_eudicots_odb10/hmmer_output/initial_run_results/52915at71240.out --cpu 1 /scratch/srb67793/Pelargonium/busco_downloads/lineages/eudicots_odb10/hmms/52915at71240.hmm /scratch/srb67793/Pelargonium/Pelargonium-PreviousAssembly-busco/run_eudicots_odb10/metaeuk_output/initial_results/Pcitr_Genome-final.fasta.modified.fas 
# Current dir:     /scratch/srb67793/Pelargonium
# Date:            Tue Jul  9 10:57:11 2024
# [ok]
