#                                                                                     --- full sequence --- -------------- this domain -------------   hmm coord   ali coord   env coord
# target name                 accession   tlen query name           accession   qlen   E-value  score  bias   #  of  c-Evalue  i-Evalue  score  bias  from    to  from    to  from    to  acc description of target
#         ------------------- ---------- ----- -------------------- ---------- ----- --------- ------ ----- --- --- --------- --------- ------ ----- ----- ----- ----- ----- ----- ----- ---- ---------------------
Pcitr_chr5:39148090-39172714  -            483 55264at71240         -            390  1.5e-175  583.1  16.2   1   3  1.1e-129  6.7e-127  422.9   2.6     8   274    13   293     7   299 0.86 -
Pcitr_chr5:39148090-39172714  -            483 55264at71240         -            390  1.5e-175  583.1  16.2   2   3   2.4e-08   1.4e-05   23.5   1.2   262   292   303   333   294   342 0.85 -
Pcitr_chr5:39148090-39172714  -            483 55264at71240         -            390  1.5e-175  583.1  16.2   3   3   6.2e-45   3.8e-42  143.9   0.3   291   390   365   474   358   474 0.91 -
Pcitr_chr5:39148925-39153629  -            434 55264at71240         -            390  2.3e-167  556.2  15.7   1   4   2.5e-15   1.5e-12   46.5   0.0    59    91     1    33     1    35 0.96 -
Pcitr_chr5:39148925-39153629  -            434 55264at71240         -            390  2.3e-167  556.2  15.7   2   4  1.1e-106  6.9e-104  347.2   1.1    84   268    57   243    44   255 0.92 -
Pcitr_chr5:39148925-39153629  -            434 55264at71240         -            390  2.3e-167  556.2  15.7   3   4   1.6e-08   9.8e-06   24.1   1.1   262   292   257   287   243   296 0.84 -
Pcitr_chr5:39148925-39153629  -            434 55264at71240         -            390  2.3e-167  556.2  15.7   4   4     8e-46   4.9e-43  146.9   0.3   291   390   319   428   312   428 0.91 -
Pcitr_chr5:39212218-39209817  -            226 55264at71240         -            390   3.8e-73  246.0   0.1   1   2   2.6e-41   1.6e-38  132.0   0.0    11    93    19   101     7   107 0.93 -
Pcitr_chr5:39212218-39209817  -            226 55264at71240         -            390   3.8e-73  246.0   0.1   2   2   2.3e-35   1.4e-32  112.5   0.0    58   163   121   226   102   226 0.85 -
Pcitr_chr10:12882902-12872713 -            395 55264at71240         -            390   1.5e-28   99.2   0.1   1   1   3.4e-31   2.1e-28   98.7   0.1    21   244   182   393   177   395 0.88 -
Pcitr_chr5:37070447-37069727  -             92 55264at71240         -            390   2.2e-13   49.2   0.2   1   1   3.7e-16   2.3e-13   49.2   0.2   158   245     2    87     1    92 0.91 -
Pcitr_chr5:37078560-37079280  -             92 55264at71240         -            390   2.2e-13   49.2   0.2   1   1   3.7e-16   2.3e-13   49.2   0.2   158   245     2    87     1    92 0.91 -
Pcitr_chr7:26925121-26927124  -            345 55264at71240         -            390   1.6e-11   43.1   0.8   1   2       3.5   2.1e+03   -3.4   0.0    18    38    40    60    37    64 0.86 -
Pcitr_chr7:26925121-26927124  -            345 55264at71240         -            390   1.6e-11   43.1   0.8   2   2   8.3e-13     5e-10   38.2   0.1   132   242   164   304   138   324 0.76 -
Pcitr_chr6:16561403-16559397  -            345 55264at71240         -            390   1.8e-11   42.9   0.8   1   2       3.5   2.1e+03   -3.4   0.0    18    38    40    60    37    64 0.86 -
Pcitr_chr6:16561403-16559397  -            345 55264at71240         -            390   1.8e-11   42.9   0.8   2   2   9.6e-13   5.9e-10   37.9   0.1   132   242   164   304   137   324 0.76 -
Pcitr_chr10:12969692-12971648 -            519 55264at71240         -            390   9.5e-09   34.0   0.4   1   2     0.017        11    4.2   0.0    14    38   223   247   212   258 0.89 -
Pcitr_chr10:12969692-12971648 -            519 55264at71240         -            390   9.5e-09   34.0   0.4   2   2   1.3e-09   8.1e-07   27.6   0.2   140   253   332   449   326   457 0.78 -
Pcitr_chr4:35674071-35676025  -            522 55264at71240         -            390     2e-08   32.9   0.3   1   2     0.033        20    3.3   0.0    14    38   226   250   215   261 0.89 -
Pcitr_chr4:35674071-35676025  -            522 55264at71240         -            390     2e-08   32.9   0.3   2   2   1.6e-09   9.8e-07   27.3   0.2   140   253   335   452   329   459 0.77 -
Pcitr_chr10:12969971-12971019 -            346 55264at71240         -            390   4.5e-08   31.7   0.5   1   2      0.01       6.2    5.0   0.0    14    38   130   154   119   166 0.89 -
Pcitr_chr10:12969971-12971019 -            346 55264at71240         -            390   4.5e-08   31.7   0.5   2   2   8.6e-09   5.2e-06   24.9   0.3   140   239   239   340   233   346 0.76 -
Pcitr_chr1:28354407-28349151  -            471 55264at71240         -            390     5e-08   31.6   2.6   1   2   0.00012     0.076   11.2   0.0    17    86    28    94    21   101 0.80 -
Pcitr_chr1:28354407-28349151  -            471 55264at71240         -            390     5e-08   31.6   2.6   2   2   4.1e-07   0.00025   19.4   0.9   158   243   200   280   194   289 0.79 -
Pcitr_chr6:23231112-23218351  -            965 55264at71240         -            390   0.00023   19.6   0.1   1   2       0.1        64    1.6   0.0    21    47   140   166   132   193 0.89 -
Pcitr_chr6:23231112-23218351  -            965 55264at71240         -            390   0.00023   19.6   0.1   2   2   6.3e-06    0.0038   15.5   0.0   142   241   250   353   240   390 0.78 -
Pcitr_chr11:23112344-23126263 -            971 55264at71240         -            390   0.00065   18.0   0.1   1   2       2.5   1.5e+03   -2.9   0.0    21    46   154   179   151   185 0.85 -
Pcitr_chr11:23112344-23126263 -            971 55264at71240         -            390   0.00065   18.0   0.1   2   2   2.6e-06    0.0016   16.8   0.0   142   241   264   367   254   403 0.78 -
Pcitr_chr5:34412583-34413448  -            196 55264at71240         -            390     0.031   12.5   0.1   1   1   6.4e-05     0.039   12.2   0.1   241   302    26    87    12   105 0.81 -
Pcitr_chr11:23718625-23717309 -            116 55264at71240         -            390     0.054   11.7   0.1   1   1   9.9e-05      0.06   11.6   0.1   128   170    18    60     8    83 0.86 -
#
# Program:         hmmsearch
# Version:         3.3.2 (Nov 2020)
# Pipeline mode:   SEARCH
# Query file:      /scratch/srb67793/Pelargonium/busco_downloads/lineages/eudicots_odb10/hmms/55264at71240.hmm
# Target file:     /scratch/srb67793/Pelargonium/Pelargonium-PreviousAssembly-busco/run_eudicots_odb10/metaeuk_output/initial_results/Pcitr_Genome-final.fasta.modified.fas
# Option settings: hmmsearch --domtblout /scratch/srb67793/Pelargonium/Pelargonium-PreviousAssembly-busco/run_eudicots_odb10/hmmer_output/initial_run_results/55264at71240.out --cpu 1 /scratch/srb67793/Pelargonium/busco_downloads/lineages/eudicots_odb10/hmms/55264at71240.hmm /scratch/srb67793/Pelargonium/Pelargonium-PreviousAssembly-busco/run_eudicots_odb10/metaeuk_output/initial_results/Pcitr_Genome-final.fasta.modified.fas 
# Current dir:     /scratch/srb67793/Pelargonium
# Date:            Tue Jul  9 10:57:33 2024
# [ok]
