#                                                                                     --- full sequence --- -------------- this domain -------------   hmm coord   ali coord   env coord
# target name                 accession   tlen query name           accession   qlen   E-value  score  bias   #  of  c-Evalue  i-Evalue  score  bias  from    to  from    to  from    to  acc description of target
#         ------------------- ---------- ----- -------------------- ---------- ----- --------- ------ ----- --- --- --------- --------- ------ ----- ----- ----- ----- ----- ----- ----- ---- ---------------------
Pcitr_chr11:3565686-3573704   -           1306 5687at71240          -            973         0 1266.0  90.7   1   5  4.1e-119  4.8e-117  391.3  17.5    14   241     4   250     2   284 0.79 -
Pcitr_chr11:3565686-3573704   -           1306 5687at71240          -            973         0 1266.0  90.7   2   5  8.6e-219    1e-216  721.3  36.9   237   862   359  1060   291  1068 0.75 -
Pcitr_chr11:3565686-3573704   -           1306 5687at71240          -            973         0 1266.0  90.7   3   5   1.1e-09   1.3e-07   29.1   2.5   818   905  1060  1147  1048  1153 0.74 -
Pcitr_chr11:3565686-3573704   -           1306 5687at71240          -            973         0 1266.0  90.7   4   5       2.6     3e+02   -1.9   1.7   866   904  1154  1195  1139  1198 0.59 -
Pcitr_chr11:3565686-3573704   -           1306 5687at71240          -            973         0 1266.0  90.7   5   5   5.5e-42   6.4e-40  136.0   4.8   900   971  1234  1305  1228  1306 0.94 -
Pcitr_chr6:2954792-2955274    -             93 5687at71240          -            973   1.1e-11   42.7  12.4   1   2     1e-13   1.2e-11   42.5   6.7    20    69     1    53     1    63 0.88 -
Pcitr_chr6:2954792-2955274    -             93 5687at71240          -            973   1.1e-11   42.7  12.4   2   2     0.035       4.1    4.3   0.3   138   166    66    93    57    93 0.82 -
Pcitr_chr4:2666369-2666172    -             66 5687at71240          -            973   1.7e-06   25.4   3.7   1   1   1.5e-08   1.8e-06   25.3   3.7    19    59    22    62    12    66 0.87 -
Pcitr_chr5:18385966-18392369  -            510 5687at71240          -            973   1.8e-06   25.3   3.6   1   2      0.32        37    1.1   0.1   231   297   285   350   270   364 0.72 -
Pcitr_chr5:18385966-18392369  -            510 5687at71240          -            973   1.8e-06   25.3   3.6   2   2   1.6e-08   1.8e-06   25.3   3.6    19    67   365   417   355   430 0.83 -
Pcitr_chr6:6109502-6109786    -             95 5687at71240          -            973   2.1e-05   21.8   1.5   1   1     2e-07   2.3e-05   21.7   1.5    11    62    38    93    27    94 0.79 -
Pcitr_chr11:12658669-12659322 -            218 5687at71240          -            973   2.3e-05   21.7   0.4   1   1   2.7e-07   3.1e-05   21.2   0.4    15    66   105   159    93   163 0.82 -
Pcitr_chr1:37288993-37289799  -            269 5687at71240          -            973   5.2e-05   20.5   1.3   1   1   6.1e-07   7.2e-05   20.0   1.3    11    62   208   261   198   263 0.77 -
Pcitr_chr3:23355874-23355578  -             99 5687at71240          -            973   5.4e-05   20.5   4.2   1   1   5.4e-07   6.3e-05   20.2   4.2    14    60    43    92    34    96 0.83 -
Pcitr_chr8:31462612-31462908  -             99 5687at71240          -            973   5.4e-05   20.5   4.2   1   1   5.4e-07   6.3e-05   20.2   4.2    14    60    43    92    34    96 0.83 -
Pcitr_chr10:3433786-3434505   -            240 5687at71240          -            973     6e-05   20.3   0.0   1   1   5.4e-07   6.4e-05   20.2   0.0    13    63    72   125    62   204 0.88 -
Pcitr_chr10:3460462-3459713   -            250 5687at71240          -            973   6.5e-05   20.2   0.0   1   1   5.9e-07     7e-05   20.1   0.0    13    63    82   135    72   212 0.88 -
Pcitr_chr8:6830402-6830968    -            189 5687at71240          -            973   6.7e-05   20.1   0.3   1   1     7e-07   8.3e-05   19.8   0.3    14    85    97   171    86   180 0.79 -
Pcitr_chr8:6835832-6835266    -            189 5687at71240          -            973   6.7e-05   20.1   0.3   1   1     7e-07   8.3e-05   19.8   0.3    14    85    97   171    86   180 0.79 -
Pcitr_chr5:38164513-38165139  -            209 5687at71240          -            973   0.00014   19.1   1.4   1   1   1.3e-06   0.00016   18.9   1.4    31    84   113   166    85   185 0.76 -
Pcitr_chr6:14293506-14293174  -            111 5687at71240          -            973   0.00014   19.0   0.7   1   1   1.4e-06   0.00017   18.8   0.7     9    61    52   107    46   109 0.75 -
Pcitr_chr8:18241146-18238128  -            515 5687at71240          -            973   0.00017   18.8   5.6   1   1   1.9e-06   0.00023   18.4   5.6   135   169   480   514   469   515 0.90 -
Pcitr_chr4:40430179-40429889  -             97 5687at71240          -            973   0.00018   18.7   1.2   1   1   1.8e-06   0.00022   18.5   1.2    12    60    20    71    16    74 0.83 -
Pcitr_chr1:49518722-49518495  -             76 5687at71240          -            973   0.00019   18.6   0.5   1   1   1.8e-06   0.00021   18.5   0.5    12    60    18    68     8    72 0.84 -
Pcitr_chr6:40888743-40807019  -            531 5687at71240          -            973   0.00027   18.2   5.8   1   1   3.1e-06   0.00036   17.7   5.8   135   169   497   531   487   531 0.91 -
Pcitr_chr5:34801387-34801689  -            101 5687at71240          -            973   0.00039   17.6   0.7   1   1   3.3e-06   0.00039   17.6   0.7    17    63    24    73    11   101 0.75 -
Pcitr_chr8:20286583-20286762  -             60 5687at71240          -            973    0.0004   17.6   4.0   1   1   3.5e-06   0.00041   17.5   4.0    11    59     9    59     2    60 0.82 -
Pcitr_chr3:15428695-15429384  -            230 5687at71240          -            973   0.00041   17.5   1.7   1   1   3.5e-06   0.00041   17.5   1.7    12    65   100   156    92   163 0.82 -
Pcitr_chr7:5266471-5266809    -            113 5687at71240          -            973   0.00046   17.4   4.1   1   1   4.2e-06   0.00049   17.3   4.1     4    72    33   111    30   113 0.75 -
Pcitr_chr7:9752374-9751769    -            202 5687at71240          -            973   0.00066   16.9   0.7   1   1   7.8e-06   0.00092   16.4   0.7    13    60    48    98    40   103 0.80 -
Pcitr_chr7:33520637-33520876  -             80 5687at71240          -            973   0.00074   16.7   2.2   1   1   7.4e-06   0.00087   16.5   2.2    19    60    28    72    22    74 0.73 -
Pcitr_chr3:13828934-13830598  -            555 5687at71240          -            973     0.001   16.2   0.2   1   1   1.4e-05    0.0016   15.6   0.2    10    61   365   418   357   422 0.81 -
Pcitr_chr1:16953542-16953162  -            127 5687at71240          -            973    0.0011   16.2   3.0   1   1     1e-05    0.0012   16.0   3.0    12    59    74   124    65   127 0.81 -
Pcitr_Contig27:286521-286802  -             94 5687at71240          -            973    0.0014   15.8   0.4   1   1   1.3e-05    0.0016   15.6   0.4    12    59    27    77    17    82 0.82 -
Pcitr_chr11:3460852-3460457   -            132 5687at71240          -            973    0.0014   15.8   1.8   1   1   1.4e-05    0.0017   15.5   1.8    16    58    86   131    76   132 0.76 -
Pcitr_chr4:37741458-37742000  -            181 5687at71240          -            973    0.0018   15.4   0.8   1   1   1.8e-05    0.0021   15.2   0.8    17    60   107   153    99   178 0.77 -
Pcitr_chr9:4018219-4018653    -            145 5687at71240          -            973    0.0018   15.4   2.7   1   1   1.8e-05    0.0021   15.2   2.7    15    58    98   144    88   145 0.81 -
Pcitr_chr8:32325777-32322444  -            254 5687at71240          -            973    0.0019   15.4   3.1   1   1     2e-05    0.0023   15.0   3.1    20    65     2    58     1    76 0.82 -
Pcitr_chr1:44561401-44561757  -            119 5687at71240          -            973    0.0019   15.4   1.9   1   1     2e-05    0.0024   15.0   1.9     9    59    61   114    54   118 0.81 -
Pcitr_chr2:22407536-22408333  -            266 5687at71240          -            973     0.002   15.3   1.1   1   1     2e-05    0.0024   15.0   1.1    32    79   134   179   114   213 0.75 -
Pcitr_chr11:12675360-12675118 -             81 5687at71240          -            973    0.0021   15.2   1.1   1   1     2e-05    0.0023   15.0   1.1    16    60    28    75    15    78 0.79 -
Pcitr_chr5:18097061-18098167  -            369 5687at71240          -            973    0.0023   15.1   4.0   1   1   2.6e-05     0.003   14.7   4.0    16    62   297   345   283   353 0.78 -
Pcitr_chr10:24991462-24991761 -            100 5687at71240          -            973    0.0026   14.9   1.1   1   1   2.4e-05    0.0028   14.8   1.1    36    62    55    81    24    84 0.82 -
Pcitr_chr2:7063952-7062741    -            404 5687at71240          -            973    0.0032   14.6   0.4   1   1   3.9e-05    0.0045   14.1   0.4    14    59    98   146    90   152 0.82 -
Pcitr_chr1:43098257-43107399  -            646 5687at71240          -            973    0.0034   14.5   3.5   1   1     4e-05    0.0047   14.0   3.5   117   171   582   637   571   643 0.74 -
Pcitr_chr3:21904648-21903878  -            257 5687at71240          -            973    0.0036   14.4   1.4   1   1   4.7e-05    0.0056   13.8   1.4    36    62   199   225   167   229 0.87 -
Pcitr_chr7:2583903-2537370    -            556 5687at71240          -            973    0.0054   13.8   0.4   1   1   8.2e-05    0.0096   13.0   0.4    13    60   121   171   117   207 0.84 -
Pcitr_chr10:9716522-9716728   -             69 5687at71240          -            973    0.0065   13.6   6.9   1   1   5.2e-05    0.0061   13.7   6.9   134   170    27    64    10    69 0.89 -
Pcitr_chr8:12980459-12979956  -            168 5687at71240          -            973    0.0082   13.2   2.0   1   1   8.8e-05      0.01   12.9   2.0    20    64    88   132    76   137 0.87 -
Pcitr_chr5:2995884-2994706    -            393 5687at71240          -            973    0.0085   13.2   2.3   1   2   7.6e-05     0.009   13.1   0.7    17    61    79   126    66   153 0.76 -
Pcitr_chr5:2995884-2994706    -            393 5687at71240          -            973    0.0085   13.2   2.3   2   2       2.6     3e+02   -1.9   0.0   689   862   314   363   290   376 0.50 -
Pcitr_chr10:24984902-24985666 -            255 5687at71240          -            973      0.01   12.9   0.9   1   1   0.00012     0.014   12.5   0.9    36    62   201   227   173   232 0.85 -
Pcitr_chr3:15447882-15447319  -            188 5687at71240          -            973     0.012   12.7   1.0   1   1   0.00013     0.015   12.4   1.0    17    60   123   169   109   172 0.77 -
Pcitr_chr4:37511919-37512137  -             73 5687at71240          -            973     0.014   12.5   1.2   1   1   0.00013     0.015   12.4   1.2    17    58    28    72    19    73 0.79 -
Pcitr_chr11:15125538-15125128 -            137 5687at71240          -            973     0.015   12.3   0.6   1   1   0.00016     0.019   12.0   0.6    14    61    76   125    67   129 0.80 -
Pcitr_chr10:19940636-19938782 -            310 5687at71240          -            973     0.016   12.3   0.6   1   1   0.00019     0.023   11.8   0.6    15    63   225   275   213   297 0.77 -
Pcitr_Contig27:608947-608177  -            257 5687at71240          -            973     0.017   12.2   1.3   1   1    0.0002     0.023   11.8   1.3    36    61   201   226   171   228 0.86 -
Pcitr_chr7:4770359-4770883    -            175 5687at71240          -            973     0.019   12.0   2.4   1   1   0.00021     0.024   11.7   2.4    19    59   129   171   119   173 0.76 -
Pcitr_chr2:6921825-6922295    -            157 5687at71240          -            973     0.027   11.5   1.3   1   1   0.00027     0.031   11.3   1.3    33    60    88   115    65   129 0.82 -
Pcitr_chr3:5583638-5583895    -             86 5687at71240          -            973     0.033   11.2   4.3   1   1   0.00031     0.037   11.1   4.3    19    60    29    73    22    80 0.80 -
Pcitr_chr8:33214127-33213330  -            266 5687at71240          -            973     0.035   11.1   0.6   1   1   0.00047     0.055   10.5   0.6    15    61   216   264   204   266 0.80 -
Pcitr_chr9:2451746-2451483    -             88 5687at71240          -            973     0.036   11.1   1.3   1   1    0.0003     0.035   11.1   1.3    20    58    46    87    27    88 0.80 -
Pcitr_chr11:4940417-4941223   -            269 5687at71240          -            973     0.039   11.0   5.7   1   1   0.00053     0.062   10.3   5.7    36    68   203   235   185   258 0.83 -
Pcitr_chr10:22379037-22379900 -            288 5687at71240          -            973     0.039   11.0   2.4   1   1   0.00041     0.048   10.7   2.4    32    59   150   177   130   209 0.88 -
Pcitr_chr11:22939910-22938933 -            326 5687at71240          -            973     0.042   10.9   1.8   1   1   0.00047     0.055   10.5   1.8    20    60   137   180   130   183 0.80 -
Pcitr_chr10:27600853-27647997 -            253 5687at71240          -            973     0.062   10.3   0.6   1   1   0.00068      0.08   10.0   0.6    36    62   218   244   184   249 0.83 -
Pcitr_chr7:33490652-33490945  -             98 5687at71240          -            973     0.076   10.0   4.5   1   1   0.00068     0.079   10.0   4.5    30    58    70    97    41    98 0.79 -
Pcitr_chr7:14562211-14561486  -            242 5687at71240          -            973     0.087    9.8   3.0   1   1   0.00097      0.11    9.4   3.0    32    60   138   166   114   172 0.87 -
Pcitr_chr3:28024334-28023963  -            124 5687at71240          -            973     0.088    9.8   4.5   1   1   0.00086       0.1    9.6   4.5    14    58    77   123    65   124 0.85 -
Pcitr_chr9:22366390-22366539  -             50 5687at71240          -            973       0.1    9.6   6.3   1   1   0.00088       0.1    9.6   6.3    20    60     1    43     1    46 0.86 -
Pcitr_chr2:5273696-5273962    -             89 5687at71240          -            973      0.11    9.4   0.4   1   1    0.0012      0.14    9.1   0.4    17    59    39    83    34    85 0.83 -
Pcitr_chr3:7752261-7752602    -            114 5687at71240          -            973      0.12    9.3   1.6   1   1    0.0013      0.15    9.1   1.6    13    58    65   113    56   114 0.76 -
Pcitr_chr4:2366050-2366364    -            105 5687at71240          -            973      0.13    9.2   6.5   1   1    0.0014      0.17    8.9   6.5    15    61    41    89    33    91 0.78 -
Pcitr_chr4:2356623-2356853    -             77 5687at71240          -            973      0.14    9.1   6.4   1   1    0.0013      0.15    9.0   6.4    15    61    27    75    19    77 0.79 -
Pcitr_chr8:32472207-32471698  -            170 5687at71240          -            973      0.15    9.0   3.2   1   1    0.0014      0.17    8.9   3.2    33    61   139   167   108   169 0.79 -
Pcitr_chr5:6672954-6672157    -            266 5687at71240          -            973      0.16    9.0   1.3   1   1    0.0018      0.21    8.5   1.3    14    61   215   264   203   266 0.78 -
Pcitr_chr7:3133794-3136810    -            511 5687at71240          -            973      0.16    9.0   5.5   1   1    0.0018      0.21    8.6   5.5   135   169   477   511   467   511 0.91 -
Pcitr_chr3:25457928-25459184  -            419 5687at71240          -            973      0.17    8.9   3.9   1   1     0.002      0.23    8.4   3.9    17    59   161   206   155   211 0.78 -
Pcitr_chr2:5427357-5421079    -            620 5687at71240          -            973      0.18    8.8   5.9   1   1    0.0023      0.27    8.2   5.9   135   169   586   620   569   620 0.89 -
Pcitr_chr6:27588981-27587995  -            329 5687at71240          -            973      0.19    8.7   1.8   1   1    0.0015      0.18    8.8   0.6    36    63   261   288   258   308 0.84 -
Pcitr_chr6:27583834-27584820  -            329 5687at71240          -            973      0.19    8.7   1.8   1   1    0.0015      0.18    8.8   0.6    36    63   261   288   258   308 0.84 -
Pcitr_chr3:7574272-7570273    -            396 5687at71240          -            973      0.28    8.2   6.3   1   1    0.0032      0.38    7.7   6.3    34    62   355   383   328   394 0.78 -
Pcitr_chr4:14768887-14769498  -            204 5687at71240          -            973      0.58    7.1   6.7   1   1    0.0057      0.67    6.9   6.7    32    71   113   149    89   182 0.70 -
Pcitr_chr8:15696952-15680014  -            669 5687at71240          -            973      0.71    6.8   5.2   1   1    0.0088         1    6.3   5.2    16    60   111   158   100   160 0.79 -
Pcitr_chr7:5169514-5169218    -             99 5687at71240          -            973       1.2    6.1   7.2   1   1     0.011       1.3    5.9   7.2    18    60    49    94    33    98 0.82 -
Pcitr_Contig27:259495-260049  -            185 5687at71240          -            973       1.7    5.6   6.1   1   1     0.018       2.2    5.2   6.1    13    60   108   158    98   161 0.80 -
Pcitr_Contig27:280460-279861  -            200 5687at71240          -            973         2    5.4   6.1   1   1     0.021       2.5    5.0   6.1    13    60   126   176   116   179 0.80 -
Pcitr_chr8:21560486-21559803  -            228 5687at71240          -            973       4.5    4.2   7.9   1   1     0.052       6.1    3.7   7.9    32    59   127   154   106   157 0.91 -
Pcitr_chr10:9700087-9709623   -           1788 5687at71240          -            973       4.8    4.1  23.8   1   2    0.0015      0.17    8.8   4.1   138   172   662   696   649   710 0.87 -
Pcitr_chr10:9700087-9709623   -           1788 5687at71240          -            973       4.8    4.1  23.8   2   2   0.00066     0.078   10.0   1.1   111   173  1609  1668  1596  1777 0.67 -
Pcitr_chr2:9603467-9602724    -            248 5687at71240          -            973       8.5    3.3   9.2   1   1   0.00035     0.041   10.9   0.6    35    62   206   233   172   235 0.76 -
#
# Program:         hmmsearch
# Version:         3.3.2 (Nov 2020)
# Pipeline mode:   SEARCH
# Query file:      /scratch/srb67793/Pelargonium/busco_downloads/lineages/eudicots_odb10/hmms/5687at71240.hmm
# Target file:     /scratch/srb67793/Pelargonium/Pelargonium-PreviousAssembly-busco/run_eudicots_odb10/metaeuk_output/initial_results/Pcitr_Genome-final.fasta.modified.fas
# Option settings: hmmsearch --domtblout /scratch/srb67793/Pelargonium/Pelargonium-PreviousAssembly-busco/run_eudicots_odb10/hmmer_output/initial_run_results/5687at71240.out --cpu 1 /scratch/srb67793/Pelargonium/busco_downloads/lineages/eudicots_odb10/hmms/5687at71240.hmm /scratch/srb67793/Pelargonium/Pelargonium-PreviousAssembly-busco/run_eudicots_odb10/metaeuk_output/initial_results/Pcitr_Genome-final.fasta.modified.fas 
# Current dir:     /scratch/srb67793/Pelargonium
# Date:            Tue Jul  9 10:57:13 2024
# [ok]
