#                                                                                      --- full sequence --- -------------- this domain -------------   hmm coord   ali coord   env coord
# target name                  accession   tlen query name           accession   qlen   E-value  score  bias   #  of  c-Evalue  i-Evalue  score  bias  from    to  from    to  from    to  acc description of target
#          ------------------- ---------- ----- -------------------- ---------- ----- --------- ------ ----- --- --- --------- --------- ------ ----- ----- ----- ----- ----- ----- ----- ---- ---------------------
Pcitr_chr3:2581559-2588136     -            542 58449at71240         -            430  6.7e-267  884.1   0.1   1   2   1.4e-64   2.1e-62  210.3   0.0     9   124    44   167    33   174 0.92 -
Pcitr_chr3:2581559-2588136     -            542 58449at71240         -            430  6.7e-267  884.1   0.1   2   2  1.2e-204  1.8e-202  671.9   0.0   125   430   203   516   190   516 0.97 -
Pcitr_chr5:32046471-32040075   -            814 58449at71240         -            430  2.6e-229  760.2   0.0   1   1  2.3e-231  3.4e-229  759.9   0.0    15   429   201   627   190   628 0.96 -
Pcitr_chr2:13262338-13265225   -            408 58449at71240         -            430  4.5e-144  479.4   0.0   1   1  3.6e-146  5.3e-144  479.2   0.0    61   427    15   386     1   390 0.95 -
Pcitr_chr10:16506219-16504255  -            401 58449at71240         -            430  4.5e-141  469.5   0.0   1   1  3.6e-143  5.4e-141  469.3   0.0    71   427     1   362     1   366 0.97 -
Pcitr_chr8:30760422-30763118   -            392 58449at71240         -            430  2.9e-135  450.4   0.0   1   1  2.3e-137  3.5e-135  450.1   0.0    68   427     3   367     1   371 0.96 -
Pcitr_chr11:13671508-13669742  -            589 58449at71240         -            430  7.9e-126  419.3   0.0   1   1  6.5e-128  9.8e-126  419.0   0.0    20   428   143   567   123   569 0.92 -
Pcitr_chr11:13652461-13654239  -            593 58449at71240         -            430  2.6e-125  417.6   0.0   1   1  2.2e-127  3.3e-125  417.3   0.0    20   428   147   571   127   573 0.92 -
Pcitr_chr1:25687385-25690629   -            761 58449at71240         -            430  2.7e-124  414.2   0.3   1   1  2.6e-126  3.9e-124  413.7   0.3    21   428   187   609   171   611 0.93 -
Pcitr_chr3:12635683-12637950   -            445 58449at71240         -            430   2.8e-93  312.0   0.0   1   1   2.3e-95   3.5e-93  311.7   0.0    40   427    39   444    29   445 0.87 -
Pcitr_chr1:53902557-53901289   -            423 58449at71240         -            430   1.5e-91  306.3   0.3   1   1   2.8e-93   4.2e-91  304.9   0.3    42   412    11   409     2   423 0.88 -
Pcitr_chr5:25719099-25717831   -            423 58449at71240         -            430   2.2e-91  305.8   0.3   1   1   3.8e-93   5.7e-91  304.4   0.3    43   412    12   409     2   423 0.88 -
Pcitr_chr5:25733262-25731994   -            423 58449at71240         -            430   2.2e-91  305.8   0.3   1   1   3.8e-93   5.7e-91  304.4   0.3    43   412    12   409     2   423 0.88 -
Pcitr_chr6:36123857-36125257   -            467 58449at71240         -            430   1.5e-88  296.5   0.0   1   1   1.4e-90   2.2e-88  295.9   0.0    40   427    37   446    27   449 0.87 -
Pcitr_chr3:8321240-8318187     -            353 58449at71240         -            430   1.8e-84  283.0   0.1   1   3   1.6e-16   2.4e-14   52.0   0.0    52   145     4   108     1   109 0.80 -
Pcitr_chr3:8321240-8318187     -            353 58449at71240         -            430   1.8e-84  283.0   0.1   2   3   4.7e-30   7.1e-28   96.5   0.1   171   251   108   192   107   200 0.90 -
Pcitr_chr3:8321240-8318187     -            353 58449at71240         -            430   1.8e-84  283.0   0.1   3   3   2.7e-41   4.1e-39  133.6   0.0   298   425   200   327   192   332 0.94 -
Pcitr_Contig699:3356-525       -            350 58449at71240         -            430   5.2e-84  281.5   0.1   1   2   6.4e-46   9.6e-44  148.8   0.1    52   250     4   205     1   206 0.84 -
Pcitr_Contig699:3356-525       -            350 58449at71240         -            430   5.2e-84  281.5   0.1   2   2   1.6e-40   2.3e-38  131.1   0.0   300   425   204   329   202   334 0.96 -
Pcitr_chr4:35305041-35302209   -            350 58449at71240         -            430   4.2e-83  278.5   0.0   1   2   5.2e-45   7.7e-43  145.8   0.0    52   250     4   205     1   206 0.83 -
Pcitr_chr4:35305041-35302209   -            350 58449at71240         -            430   4.2e-83  278.5   0.0   2   2   1.6e-40   2.3e-38  131.1   0.0   300   425   204   329   202   334 0.96 -
Pcitr_chr10:31395530-31394274  -            419 58449at71240         -            430   1.7e-72  243.6   0.0   1   1   1.3e-74     2e-72  243.3   0.0    39   427     6   407     1   409 0.90 -
Pcitr_chr1:26453933-26457395   -            297 58449at71240         -            430   1.7e-71  240.2   0.2   1   3     1e-17   1.5e-15   55.9   0.0    49   145     4   113     2   116 0.80 -
Pcitr_chr1:26453933-26457395   -            297 58449at71240         -            430   1.7e-71  240.2   0.2   2   3   5.5e-29   8.3e-27   93.0   0.1   171   248   116   197   113   208 0.91 -
Pcitr_chr1:26453933-26457395   -            297 58449at71240         -            430   1.7e-71  240.2   0.2   3   3   1.4e-27     2e-25   88.5   0.0   335   420   210   296   200   297 0.94 -
Pcitr_chr10:14231565-14227951  -            276 58449at71240         -            430   1.6e-68  230.5   0.9   1   3   1.4e-14   2.1e-12   45.5   0.0    69   144    13    95     6    97 0.85 -
Pcitr_chr10:14231565-14227951  -            276 58449at71240         -            430   1.6e-68  230.5   0.9   2   3   2.1e-30   3.2e-28   97.7   0.1   170   250    99   183    95   194 0.93 -
Pcitr_chr10:14231565-14227951  -            276 58449at71240         -            430   1.6e-68  230.5   0.9   3   3   1.6e-26   2.4e-24   84.9   0.0   323   401   196   274   186   276 0.92 -
Pcitr_chr5:36155414-36157937   -            244 58449at71240         -            430   4.5e-68  229.0   0.2   1   2   4.1e-30   6.1e-28   96.8   0.1   171   248     1    82     1    88 0.92 -
Pcitr_chr5:36155414-36157937   -            244 58449at71240         -            430   4.5e-68  229.0   0.2   2   2   8.8e-41   1.3e-38  131.9   0.0   294   426    83   215    79   219 0.94 -
Pcitr_chr6:15988836-15982295   -            704 58449at71240         -            430   9.2e-63  211.5   0.0   1   1     9e-65   1.4e-62  210.9   0.0    67   421   129   486   123   494 0.89 -
Pcitr_chr3:22999055-23001380   -            405 58449at71240         -            430   1.7e-62  210.6   0.0   1   1   1.5e-64   2.3e-62  210.2   0.0    66   413    12   362     6   370 0.89 -
Pcitr_chr11:7097124-7093530    -            496 58449at71240         -            430   1.2e-60  204.6   0.0   1   1   1.1e-62   1.6e-60  204.1   0.0    63   411    72   424    68   434 0.90 -
Pcitr_chr2:15610945-15609720   -            355 58449at71240         -            430   4.4e-60  202.7   0.2   1   1   3.6e-62   5.3e-60  202.4   0.2    75   407     1   333     1   349 0.90 -
Pcitr_chr10:21035090-21037045  -            366 58449at71240         -            430   4.8e-60  202.5   0.2   1   1   4.2e-62   6.4e-60  202.1   0.2    75   411    19   354     7   362 0.91 -
Pcitr_chr10:19326838-19328613  -            355 58449at71240         -            430     8e-60  201.8   0.2   1   1   6.4e-62   9.6e-60  201.5   0.2    75   408     1   333     1   350 0.90 -
Pcitr_chr4:41871720-41873107   -            354 58449at71240         -            430   2.2e-59  200.3   0.2   1   1   1.8e-61   2.7e-59  200.1   0.2    75   410     1   335     1   350 0.91 -
Pcitr_chr2:15614200-15620769   -            335 58449at71240         -            430   2.4e-58  197.0   0.2   1   1   1.8e-60   2.6e-58  196.8   0.2    75   408     1   331     1   335 0.90 -
Pcitr_chr10:19323890-19322649  -            353 58449at71240         -            430     9e-58  195.0   0.1   1   1   7.2e-60   1.1e-57  194.8   0.1    75   410     1   333     1   350 0.90 -
Pcitr_chr3:1949078-1950648     -            354 58449at71240         -            430   1.3e-57  194.5   0.1   1   1     1e-59   1.5e-57  194.3   0.1    75   410     1   334     1   351 0.90 -
Pcitr_chr6:4009247-4011428     -            254 58449at71240         -            430   8.8e-56  188.5   0.3   1   2   7.6e-34   1.1e-31  109.0   0.1    91   250     1   147     1   153 0.93 -
Pcitr_chr6:4009247-4011428     -            254 58449at71240         -            430   8.8e-56  188.5   0.3   2   2   3.6e-24   5.3e-22   77.2   0.0   300   401   154   254   148   254 0.94 -
Pcitr_chr8:17776927-17772527   -            433 58449at71240         -            430   7.2e-54  182.2   1.8   1   2   6.7e-39     1e-36  125.7   0.2    67   253    11   208     6   216 0.87 -
Pcitr_chr8:17776927-17772527   -            433 58449at71240         -            430   7.2e-54  182.2   1.8   2   2   7.8e-18   1.2e-15   56.3   0.1   311   396   244   326   202   348 0.81 -
Pcitr_chr8:15088522-15085782   -            430 58449at71240         -            430   2.1e-53  180.7   0.2   1   1   1.8e-55   2.7e-53  180.3   0.2    93   396     1   322     1   338 0.85 -
Pcitr_chr4:4615700-4610269     -            737 58449at71240         -            430   4.1e-50  169.8   0.0   1   1     4e-52     6e-50  169.3   0.0    71   410    76   421    67   437 0.88 -
Pcitr_chr6:5689438-5688161     -            214 58449at71240         -            430   4.1e-46  156.6   0.5   1   2   9.7e-37   1.5e-34  118.6   0.2    91   250     1   145     1   148 0.93 -
Pcitr_chr6:5689438-5688161     -            214 58449at71240         -            430   4.1e-46  156.6   0.5   2   2   1.8e-11   2.7e-09   35.3   0.0   300   367   147   213   141   214 0.88 -
Pcitr_chr2:16673400-16678749   -            584 58449at71240         -            430   1.1e-45  155.3   0.0   1   2   3.1e-29   4.7e-27   93.9   0.0    72   230    39   199    28   260 0.89 -
Pcitr_chr2:16673400-16678749   -            584 58449at71240         -            430   1.1e-45  155.3   0.0   2   2   1.5e-18   2.2e-16   58.7   0.0   323   411   363   451   341   458 0.93 -
Pcitr_chr8:33281222-33285575   -            281 58449at71240         -            430   3.2e-45  153.7   2.2   1   3   5.9e-16   8.9e-14   50.1   0.1    74   159     4    85     1    88 0.85 -
Pcitr_chr8:33281222-33285575   -            281 58449at71240         -            430   3.2e-45  153.7   2.2   2   3   3.9e-11   5.8e-09   34.2   0.1   204   261    86   143    82   149 0.92 -
Pcitr_chr8:33281222-33285575   -            281 58449at71240         -            430   3.2e-45  153.7   2.2   3   3   1.1e-21   1.6e-19   69.0   0.0   290   399   153   263   145   272 0.90 -
Pcitr_chr5:18290344-18299463   -            743 58449at71240         -            430   4.8e-43  146.5   0.1   1   2   1.2e-26   1.8e-24   85.3   0.0    66   228   163   345   156   351 0.80 -
Pcitr_chr5:18290344-18299463   -            743 58449at71240         -            430   4.8e-43  146.5   0.1   2   2   3.2e-18   4.7e-16   57.6   0.0   296   404   465   573   441   592 0.88 -
Pcitr_chr5:15583665-15581959   -            569 58449at71240         -            430   1.3e-38  132.0   0.0   1   2   6.5e-24   9.8e-22   76.3   0.0    63   230   134   312    98   345 0.86 -
Pcitr_chr5:15583665-15581959   -            569 58449at71240         -            430   1.3e-38  132.0   0.0   2   2   5.3e-17   7.9e-15   53.6   0.0   280   399   414   532   399   546 0.88 -
Pcitr_chr1:50885167-50889104   -            569 58449at71240         -            430     1e-37  129.0   0.1   1   2   8.1e-19   1.2e-16   59.5   0.0    61   238    85   273    62   286 0.80 -
Pcitr_chr1:50885167-50889104   -            569 58449at71240         -            430     1e-37  129.0   0.1   2   2   3.8e-21   5.7e-19   67.2   0.2   273   423   406   555   400   560 0.91 -
Pcitr_chr5:21717917-21713396   -            575 58449at71240         -            430   6.8e-37  126.3   0.1   1   2   7.3e-18   1.1e-15   56.4   0.0    62   237    89   275    71   292 0.81 -
Pcitr_chr5:21717917-21713396   -            575 58449at71240         -            430   6.8e-37  126.3   0.1   2   2   2.8e-21   4.2e-19   67.6   0.2   271   422   407   557   401   563 0.94 -
Pcitr_Contig16:662628-667936   -            684 58449at71240         -            430   2.4e-35  121.2   0.0   1   1   2.6e-37   3.9e-35  120.5   0.0    63   402   285   654   278   672 0.80 -
Pcitr_chr7:3957578-3960841     -            437 58449at71240         -            430   1.3e-34  118.8   0.1   1   1   1.1e-36   1.7e-34  118.4   0.1    93   392     4   323     2   330 0.80 -
Pcitr_chr3:23546332-23544832   -            204 58449at71240         -            430   3.5e-33  114.1   0.0   1   1   2.7e-35     4e-33  113.8   0.0    65   257     4   197     1   203 0.87 -
Pcitr_chr7:35162838-35168162   -            811 58449at71240         -            430   2.5e-31  107.9   0.0   1   1   3.1e-31   4.6e-29  100.5   0.0    67   398   387   705   342   725 0.81 -
Pcitr_chr2:43048939-43043016   -            500 58449at71240         -            430   6.3e-30  103.3   0.0   1   2   2.3e-13   3.4e-11   41.6   0.0    72   240    44   235    35   240 0.70 -
Pcitr_chr2:43048939-43043016   -            500 58449at71240         -            430   6.3e-30  103.3   0.0   2   2   1.2e-17   1.9e-15   55.6   0.0   244   412   279   452   262   465 0.82 -
Pcitr_chr6:33468211-33474679   -            399 58449at71240         -            430   1.2e-21   76.0   0.1   1   2     4e-12     6e-10   37.5   0.0    63   246    10   199     3   211 0.78 -
Pcitr_chr6:33468211-33474679   -            399 58449at71240         -            430   1.2e-21   76.0   0.1   2   2   7.9e-12   1.2e-09   36.5   0.0   341   391   313   363   300   386 0.88 -
Pcitr_chr7:30457533-30466199   -            476 58449at71240         -            430   7.9e-19   66.7   0.2   1   2   1.9e-07   2.9e-05   22.1   0.0    72   146    44   119    33   133 0.81 -
Pcitr_chr7:30457533-30466199   -            476 58449at71240         -            430   7.9e-19   66.7   0.2   2   2   1.5e-13   2.2e-11   42.2   0.0   349   408   353   412   334   428 0.87 -
Pcitr_chr11:2576995-2558738    -           1427 58449at71240         -            430   1.4e-18   66.0   0.0   1   1   1.6e-20   2.4e-18   65.1   0.0   199   392  1121  1315  1094  1321 0.82 -
Pcitr_chr1:6677876-6684059     -            219 58449at71240         -            430   1.4e-15   56.1   0.0   1   2   0.00027      0.04   11.7   0.0   102   153     1    48     1    71 0.81 -
Pcitr_chr1:6677876-6684059     -            219 58449at71240         -            430   1.4e-15   56.1   0.0   2   2   1.1e-13   1.7e-11   42.6   0.0   333   391   127   185   114   208 0.86 -
Pcitr_chr10:20598462-20608558  -            709 58449at71240         -            430   2.3e-13   48.7   0.0   1   1   2.5e-15   3.8e-13   48.0   0.0    85   392    43   349    29   371 0.76 -
Pcitr_chr8:27835419-27828995   -            703 58449at71240         -            430   9.6e-11   40.1   0.2   1   1     2e-12     3e-10   38.5   0.0    88   396    94   405    79   431 0.72 -
Pcitr_chr11:5160210-5157001    -            311 58449at71240         -            430   2.7e-09   35.3   0.0   1   2    0.0087       1.3    6.7   0.0    85   117    24    56     8    92 0.84 -
Pcitr_chr11:5160210-5157001    -            311 58449at71240         -            430   2.7e-09   35.3   0.0   2   2   6.5e-09   9.8e-07   26.9   0.0   204   380   128   309   107   311 0.75 -
Pcitr_chr5:31276339-31297451   -           1560 58449at71240         -            430   8.5e-08   30.4   0.0   1   2    0.0055      0.82    7.4   0.0    96   212    15   129     8   142 0.83 -
Pcitr_chr5:31276339-31297451   -           1560 58449at71240         -            430   8.5e-08   30.4   0.0   2   2   5.2e-07   7.8e-05   20.6   0.0   331   400   404   470   385   495 0.81 -
Pcitr_Contig24:4285662-4332793 -           1194 58449at71240         -            430   1.6e-07   29.5   0.0   1   2    0.0069         1    7.0   0.0    91   212    11   130     2   140 0.71 -
Pcitr_Contig24:4285662-4332793 -           1194 58449at71240         -            430   1.6e-07   29.5   0.0   2   2   7.1e-07   0.00011   20.2   0.0   298   387   232   332   164   344 0.74 -
Pcitr_chr6:3045056-3050934     -            586 58449at71240         -            430   5.3e-07   27.8   0.0   1   1   1.9e-08   2.8e-06   25.4   0.0    57   395   167   508   114   535 0.73 -
Pcitr_chr1:38065575-38084890   -           1147 58449at71240         -            430   1.4e-06   26.4   0.0   1   1   8.6e-08   1.3e-05   23.2   0.0    67   391   413   767   353   781 0.71 -
Pcitr_chr9:17963762-17971483   -            875 58449at71240         -            430   8.9e-06   23.7   0.0   1   1   1.2e-07   1.8e-05   22.8   0.0   288   394   517   623   504   634 0.86 -
Pcitr_chr9:23206859-23236864   -            973 58449at71240         -            430     6e-05   21.0   0.0   1   1     8e-07   0.00012   20.0   0.0   315   392   791   869   742   899 0.79 -
Pcitr_chr8:30036376-30046420   -           1105 58449at71240         -            430   7.9e-05   20.6   0.0   1   1   8.9e-07   0.00013   19.9   0.0   284   388   728   838   718   854 0.78 -
Pcitr_chr8:6590802-6579450     -           2046 58449at71240         -            430   0.00013   19.8   0.0   1   2       2.4   3.7e+02   -1.4   0.0    92   113   361   382   349   484 0.59 -
Pcitr_chr8:6590802-6579450     -           2046 58449at71240         -            430   0.00013   19.8   0.0   2   2   4.9e-06   0.00073   17.4   0.0   338   392   852   906   831   939 0.85 -
Pcitr_chr5:24207260-24242457   -           1759 58449at71240         -            430   0.00024   19.0   0.1   1   2      0.04         6    4.5   0.0    85   116  1487  1518  1471  1531 0.88 -
Pcitr_chr5:24207260-24242457   -           1759 58449at71240         -            430   0.00024   19.0   0.1   2   2    0.0002      0.03   12.1   0.0   335   382  1701  1748  1689  1756 0.86 -
Pcitr_chr2:4645550-4660057     -           1158 58449at71240         -            430   0.00075   17.4   0.0   1   1   9.1e-06    0.0014   16.5   0.0   326   410   492   576   461   597 0.82 -
Pcitr_chr9:3998422-4000308     -            629 58449at71240         -            430       0.1   10.4   0.0   1   1    0.0012      0.17    9.6   0.0   297   371   201   274   185   302 0.89 -
Pcitr_chr10:19830744-19838512  -            964 58449at71240         -            430      0.11   10.3   0.0   1   1    0.0011      0.17    9.6   0.0   349   390     3    44     1    59 0.89 -
#
# Program:         hmmsearch
# Version:         3.3.2 (Nov 2020)
# Pipeline mode:   SEARCH
# Query file:      /scratch/srb67793/Pelargonium/busco_downloads/lineages/eudicots_odb10/hmms/58449at71240.hmm
# Target file:     /scratch/srb67793/Pelargonium/Pelargonium-PreviousAssembly-busco/run_eudicots_odb10/metaeuk_output/initial_results/Pcitr_Genome-final.fasta.modified.fas
# Option settings: hmmsearch --domtblout /scratch/srb67793/Pelargonium/Pelargonium-PreviousAssembly-busco/run_eudicots_odb10/hmmer_output/initial_run_results/58449at71240.out --cpu 1 /scratch/srb67793/Pelargonium/busco_downloads/lineages/eudicots_odb10/hmms/58449at71240.hmm /scratch/srb67793/Pelargonium/Pelargonium-PreviousAssembly-busco/run_eudicots_odb10/metaeuk_output/initial_results/Pcitr_Genome-final.fasta.modified.fas 
# Current dir:     /scratch/srb67793/Pelargonium
# Date:            Tue Jul  9 10:57:23 2024
# [ok]
