#                                                                                     --- full sequence --- -------------- this domain -------------   hmm coord   ali coord   env coord
# target name                 accession   tlen query name           accession   qlen   E-value  score  bias   #  of  c-Evalue  i-Evalue  score  bias  from    to  from    to  from    to  acc description of target
#         ------------------- ---------- ----- -------------------- ---------- ----- --------- ------ ----- --- --- --------- --------- ------ ----- ----- ----- ----- ----- ----- ----- ---- ---------------------
Pcitr_chr1:28620067-28624217  -            473 65816at71240         -            371  5.6e-203  672.7   2.4   1   3  1.8e-198  2.5e-196  650.9   0.0     8   328    28   356    22   379 0.97 -
Pcitr_chr1:28620067-28624217  -            473 65816at71240         -            371  5.6e-203  672.7   2.4   2   3      0.62        88    0.8   0.1   327   343   381   397   366   404 0.84 -
Pcitr_chr1:28620067-28624217  -            473 65816at71240         -            371  5.6e-203  672.7   2.4   3   3   1.3e-06   0.00018   19.5   0.0   342   363   426   447   416   455 0.85 -
Pcitr_chr5:32099710-32103608  -            401 65816at71240         -            371  1.8e-195  648.0   0.3   1   1  2.4e-196  3.3e-194  643.9   0.3    12   363     1   375     1   380 0.92 -
Pcitr_chr1:48600996-48595538  -            607 65816at71240         -            371   2.9e-23   81.4   0.0   1   2   1.2e-12   1.7e-10   39.3   0.0   139   314    34   200    22   232 0.85 -
Pcitr_chr1:48600996-48595538  -            607 65816at71240         -            371   2.9e-23   81.4   0.0   2   2   1.6e-12   2.2e-10   39.0   0.0   126   317   292   470   281   502 0.79 -
Pcitr_chr1:51406654-51414727  -           1062 65816at71240         -            371   3.8e-18   64.5   0.0   1   2   1.9e-09   2.8e-07   28.8   0.0   154   321   455   605   443   642 0.82 -
Pcitr_chr1:51406654-51414727  -           1062 65816at71240         -            371   3.8e-18   64.5   0.0   2   2   1.8e-10   2.6e-08   32.2   0.0   156   290   802   920   786   966 0.86 -
Pcitr_chr2:7185409-7186841    -            330 65816at71240         -            371   7.4e-17   60.3   0.0   1   1   7.5e-19   1.1e-16   59.8   0.0   127   318    89   267    71   306 0.85 -
Pcitr_chr3:4724385-4723033    -            301 65816at71240         -            371   3.9e-16   57.9   0.0   1   1   3.6e-18   5.1e-16   57.5   0.0   126   334    82   278    40   297 0.83 -
Pcitr_chr10:29556180-29554906 -            307 65816at71240         -            371   1.4e-15   56.1   0.0   1   1   1.4e-17     2e-15   55.5   0.0   127   318    89   267    70   297 0.84 -
Pcitr_chr6:11988508-11986501  -            262 65816at71240         -            371   1.6e-15   55.9   0.0   1   1   2.6e-17   3.6e-15   54.7   0.0   154   312   116   257    91   260 0.86 -
Pcitr_chr1:28357099-28358449  -            237 65816at71240         -            371     8e-15   53.6   0.0   1   1   7.6e-17   1.1e-14   53.2   0.0   148   318    35   192    18   229 0.84 -
Pcitr_chr4:38566634-38568062  -            302 65816at71240         -            371   1.2e-13   49.7   0.0   1   1   1.3e-15   1.8e-13   49.1   0.0   128   332    90   277    72   298 0.81 -
Pcitr_chr2:42207517-42209226  -            199 65816at71240         -            371   5.3e-13   47.6   0.0   1   1   5.1e-15   7.1e-13   47.2   0.0   152   298     8   138     2   185 0.79 -
Pcitr_chr8:4544328-4513931    -            661 65816at71240         -            371   7.3e-12   43.8   0.0   1   1   8.7e-14   1.2e-11   43.1   0.0   154   315   198   343   181   349 0.88 -
Pcitr_chr4:38565959-38566537  -            193 65816at71240         -            371   1.5e-11   42.8   0.0   1   1   2.7e-13   3.8e-11   41.5   0.0   155   315    39   183    31   191 0.86 -
Pcitr_chr11:11555398-11553182 -            228 65816at71240         -            371   2.2e-11   42.3   0.0   1   1     3e-13   4.3e-11   41.3   0.0   153   317    40   187    32   220 0.78 -
Pcitr_chr1:17631741-17628838  -            228 65816at71240         -            371     3e-11   41.8   0.0   1   1   3.9e-13   5.6e-11   40.9   0.0   153   317    40   188    28   220 0.76 -
Pcitr_chr8:22922150-22912815  -            333 65816at71240         -            371   8.2e-11   40.4   0.0   1   2   3.3e-06   0.00047   18.2   0.0   151   178     5    32     2    45 0.91 -
Pcitr_chr8:22922150-22912815  -            333 65816at71240         -            371   8.2e-11   40.4   0.0   2   2   9.7e-07   0.00014   19.9   0.0   119   178   244   303   219   321 0.76 -
Pcitr_chr6:9539976-9539151    -            251 65816at71240         -            371   1.4e-10   39.7   0.0   1   1   8.4e-12   1.2e-09   36.6   0.0   155   314    42   188    25   208 0.83 -
Pcitr_chr10:30564754-30553215 -            220 65816at71240         -            371   3.7e-10   38.2   0.0   1   1   3.8e-12   5.4e-10   37.7   0.0   154   264   102   195    67   209 0.79 -
Pcitr_chr2:6271168-6275259    -            225 65816at71240         -            371   3.9e-10   38.2   0.0   1   1   4.6e-12   6.5e-10   37.4   0.0   154   264   102   195    77   208 0.79 -
Pcitr_chr10:26397864-26400338 -            289 65816at71240         -            371   5.5e-10   37.7   0.0   1   1   6.4e-12     9e-10   37.0   0.0   155   318    49   200    30   246 0.83 -
Pcitr_chr11:8234188-8227005   -            456 65816at71240         -            371     7e-10   37.3   0.0   1   1   1.9e-11   2.6e-09   35.4   0.0   155   314   247   393   228   404 0.84 -
Pcitr_chr6:15441893-15440528  -            227 65816at71240         -            371   1.9e-09   35.9   0.0   1   1     1e-10   1.5e-08   33.0   0.0   156   313    40   184    34   196 0.84 -
Pcitr_chr7:34279325-34279909  -            195 65816at71240         -            371     4e-09   34.8   0.0   1   1   3.7e-11   5.2e-09   34.5   0.0   149   295    42   173     1   185 0.77 -
Pcitr_chr11:3197795-3145102   -            262 65816at71240         -            371   4.3e-09   34.7   0.0   1   1   5.4e-11   7.6e-09   33.9   0.0   153   293   131   256   123   261 0.80 -
Pcitr_chr1:44790682-44798004  -           1210 65816at71240         -            371   4.9e-09   34.5   0.0   1   1   5.7e-11   8.1e-09   33.8   0.0   143   312   406   564   392   599 0.79 -
Pcitr_chr10:23594911-23600794 -            667 65816at71240         -            371   6.5e-09   34.1   0.0   1   1   7.7e-11   1.1e-08   33.4   0.0   156   317   426   571   420   604 0.83 -
Pcitr_chr2:12732115-12734152  -            275 65816at71240         -            371   7.3e-09   34.0   0.0   1   1   9.8e-11   1.4e-08   33.1   0.0   155   272    52   151    31   178 0.80 -
Pcitr_chr11:10346806-10346282 -            175 65816at71240         -            371   1.2e-08   33.3   0.0   1   1   1.6e-10   2.2e-08   32.4   0.0   153   293    46   171    39   174 0.80 -
Pcitr_chr1:14474710-14474207  -            168 65816at71240         -            371   1.7e-08   32.8   0.0   1   1   2.1e-10     3e-08   31.9   0.0   153   279    46   157    40   167 0.75 -
Pcitr_chr5:1145302-1144733    -             91 65816at71240         -            371   4.9e-08   31.2   0.0   1   1   4.6e-10   6.5e-08   30.8   0.0   156   255     3    88     1    91 0.85 -
Pcitr_chr3:484577-483645      -            242 65816at71240         -            371   5.9e-08   31.0   0.0   1   1   8.2e-10   1.2e-07   30.0   0.0   156   313    12   154     6   166 0.87 -
Pcitr_chr11:8228062-8227319   -            248 65816at71240         -            371     1e-07   30.2   0.0   1   1   3.4e-09   4.9e-07   28.0   0.0   155   290   118   238    99   245 0.82 -
Pcitr_chr10:27682172-27682990 -            273 65816at71240         -            371   3.2e-07   28.6   0.0   1   1   3.6e-08     5e-06   24.6   0.0   157   318    41   190    34   195 0.80 -
Pcitr_chr3:1812350-1775944    -           5009 65816at71240         -            371   4.8e-07   28.0   3.2   1   6    0.0092       1.3    6.8   0.0   143   176   335   368   304   389 0.71 -
Pcitr_chr3:1812350-1775944    -           5009 65816at71240         -            371   4.8e-07   28.0   3.2   2   6    0.0052      0.73    7.6   0.0   139   182   640   682   607   690 0.83 -
Pcitr_chr3:1812350-1775944    -           5009 65816at71240         -            371   4.8e-07   28.0   3.2   3   6     0.095        13    3.5   0.0   156   181  1055  1080  1042  1109 0.81 -
Pcitr_chr3:1812350-1775944    -           5009 65816at71240         -            371   4.8e-07   28.0   3.2   4   6       2.8     4e+02   -1.4   0.0   156   179  1333  1356  1321  1367 0.86 -
Pcitr_chr3:1812350-1775944    -           5009 65816at71240         -            371   4.8e-07   28.0   3.2   5   6      0.24        34    2.1   0.0   154   175  1725  1746  1714  1764 0.81 -
Pcitr_chr3:1812350-1775944    -           5009 65816at71240         -            371   4.8e-07   28.0   3.2   6   6      0.34        48    1.7   0.0   149   176  1964  1991  1955  2000 0.84 -
Pcitr_chr2:9485011-9484256    -            252 65816at71240         -            371   4.8e-07   28.0   0.0   1   1   6.3e-08   8.9e-06   23.8   0.0   157   318    39   188    32   192 0.80 -
Pcitr_chr2:15481332-15480132  -            225 65816at71240         -            371   8.9e-07   27.1   0.1   1   1   5.7e-07   8.1e-05   20.7   0.1   156   322     6   156     3   199 0.81 -
Pcitr_chr5:18254441-18260935  -            629 65816at71240         -            371   1.1e-06   26.8   0.0   1   1     1e-07   1.5e-05   23.1   0.0   154   317   375   522   371   534 0.79 -
Pcitr_Contig27:558161-557403  -            253 65816at71240         -            371   1.7e-06   26.2   0.0   1   1   2.4e-07   3.4e-05   21.9   0.0   157   316    41   187    34   194 0.79 -
Pcitr_chr11:7182678-7196896   -            993 65816at71240         -            371   2.8e-06   25.5   0.0   1   2   2.5e-05    0.0036   15.2   0.0   127   179   492   540   459   546 0.85 -
Pcitr_chr11:7182678-7196896   -            993 65816at71240         -            371   2.8e-06   25.5   0.0   2   2    0.0043      0.61    7.9   0.0   216   312   559   663   556   675 0.74 -
Pcitr_chr2:21077943-21077176  -            256 65816at71240         -            371   7.7e-06   24.0   0.0   1   1   4.9e-07     7e-05   20.9   0.0   125   295    47   214    32   228 0.64 -
Pcitr_chr7:4229356-4216863    -           1612 65816at71240         -            371   1.6e-05   23.0   0.0   1   1   2.5e-07   3.5e-05   21.9   0.0   151   312   375   525   336   532 0.78 -
Pcitr_chr6:309120-302043      -            770 65816at71240         -            371   1.9e-05   22.7   0.0   1   1   2.9e-06    0.0004   18.4   0.0   156   314   268   415   257   452 0.70 -
Pcitr_chr8:12994903-12994178  -            242 65816at71240         -            371     2e-05   22.7   0.0   1   1   2.1e-06    0.0003   18.8   0.0   150   179    52    81     8   213 0.66 -
Pcitr_chr1:35501994-35516889  -           1126 65816at71240         -            371   2.4e-05   22.4   0.0   1   2       2.7   3.8e+02   -1.3   0.0   156   177   591   611   588   690 0.79 -
Pcitr_chr1:35501994-35516889  -           1126 65816at71240         -            371   2.4e-05   22.4   0.0   2   2     1e-06   0.00014   19.8   0.0   156   312   885  1025   876  1097 0.80 -
Pcitr_chr7:16862613-16862879  -             89 65816at71240         -            371   2.7e-05   22.2   0.0   1   1   1.9e-07   2.7e-05   22.2   0.0   151   179    13    41     9    84 0.79 -
Pcitr_chr6:28148692-28149364  -            137 65816at71240         -            371   3.3e-05   21.9   0.0   1   1   2.6e-07   3.7e-05   21.8   0.0   146   177    65    98    41   114 0.86 -
Pcitr_chr1:24603493-24628203  -           2484 65816at71240         -            371   3.4e-05   21.9   0.0   1   2       1.4     2e+02   -0.4   0.0   149   181   369   402   356   420 0.80 -
Pcitr_chr1:24603493-24628203  -           2484 65816at71240         -            371   3.4e-05   21.9   0.0   2   2   1.7e-06   0.00024   19.1   0.0   155   245   686   762   645   778 0.77 -
Pcitr_chr1:32685455-32685751  -             99 65816at71240         -            371   7.1e-05   20.8   0.0   1   1   5.1e-07   7.1e-05   20.8   0.0   151   178    36    63     3    95 0.80 -
Pcitr_chr6:16875163-16875704  -             94 65816at71240         -            371   7.3e-05   20.8   0.0   1   1   5.2e-07   7.3e-05   20.8   0.0   154   204    27    77    11    93 0.74 -
Pcitr_chr2:26849752-26865589  -            337 65816at71240         -            371   0.00015   19.8   0.0   1   1   1.8e-06   0.00025   19.1   0.0   146   177    65    98    48   112 0.89 -
Pcitr_chr4:40416825-40416467  -             82 65816at71240         -            371   0.00025   19.0   0.0   1   1   2.8e-06   0.00039   18.4   0.0   156   218    12    65     5    82 0.69 -
Pcitr_chr3:3490421-3516599    -           1058 65816at71240         -            371   0.00032   18.7   0.0   1   1   1.4e-05     0.002   16.0   0.0   156   314   642   787   622   845 0.84 -
Pcitr_chr10:21914107-21913361 -            249 65816at71240         -            371   0.00034   18.6   0.0   1   2   5.7e-06    0.0008   17.4   0.0   151   178    33    60    17    89 0.91 -
Pcitr_chr10:21914107-21913361 -            249 65816at71240         -            371   0.00034   18.6   0.0   2   2       4.5   6.4e+02   -2.0   0.0   250   295   125   173   113   183 0.69 -
Pcitr_chr1:37646204-37633152  -            784 65816at71240         -            371   0.00036   18.5   0.0   1   2    0.0014       0.2    9.5   0.0   157   240   201   283   188   294 0.79 -
Pcitr_chr1:37646204-37633152  -            784 65816at71240         -            371   0.00036   18.5   0.0   2   2     0.011       1.5    6.6   0.0   157   177   509   529   488   555 0.89 -
Pcitr_chr11:3574534-3581100   -            940 65816at71240         -            371   0.00055   17.9   0.0   1   2    0.0011      0.15    9.9   0.0   132   181   453   498   443   513 0.73 -
Pcitr_chr11:3574534-3581100   -            940 65816at71240         -            371   0.00055   17.9   0.0   2   2     0.018       2.6    5.8   0.0   257   315   563   623   527   666 0.86 -
Pcitr_chr6:11271949-11269560  -            299 65816at71240         -            371    0.0011   16.9   0.0   1   2       0.4        56    1.4   0.0   266   312    70   119     5   153 0.59 -
Pcitr_chr6:11271949-11269560  -            299 65816at71240         -            371    0.0011   16.9   0.0   2   2   0.00013     0.018   12.9   0.0   151   181   227   257   196   286 0.73 -
Pcitr_chr3:12063548-12027793  -           5016 65816at71240         -            371    0.0012   16.8   3.1   1   6         4   5.6e+02   -1.9   0.0   146   180   336   375   321   387 0.74 -
Pcitr_chr3:12063548-12027793  -           5016 65816at71240         -            371    0.0012   16.8   3.1   2   6    0.0068      0.96    7.2   0.0   146   182   612   648   596   659 0.83 -
Pcitr_chr3:12063548-12027793  -           5016 65816at71240         -            371    0.0012   16.8   3.1   3   6      0.81   1.1e+02    0.4   0.0   156   175  1025  1044  1014  1063 0.87 -
Pcitr_chr3:12063548-12027793  -           5016 65816at71240         -            371    0.0012   16.8   3.1   4   6       2.5   3.5e+02   -1.2   0.0   156   177  1316  1337  1276  1353 0.80 -
Pcitr_chr3:12063548-12027793  -           5016 65816at71240         -            371    0.0012   16.8   3.1   5   6      0.38        54    1.5   0.0   156   175  1767  1786  1758  1800 0.84 -
Pcitr_chr3:12063548-12027793  -           5016 65816at71240         -            371    0.0012   16.8   3.1   6   6      0.44        62    1.3   0.0   150   176  2065  2091  2053  2099 0.84 -
Pcitr_chr11:14490035-14489664 -            124 65816at71240         -            371    0.0012   16.8   0.0   1   1   3.5e-05    0.0049   14.8   0.0   156   192    33    68    20   124 0.68 -
Pcitr_chr8:10446643-10447081  -             84 65816at71240         -            371    0.0014   16.5   0.1   1   1   1.2e-05    0.0017   16.3   0.1   156   181    12    37     6    84 0.78 -
Pcitr_chr10:19235229-19234930 -            100 65816at71240         -            371    0.0015   16.5   0.0   1   1   1.7e-05    0.0024   15.8   0.0   156   181    12    37     7    48 0.86 -
Pcitr_chr10:21905449-21904943 -            169 65816at71240         -            371    0.0018   16.2   0.0   1   1   1.3e-05    0.0018   16.2   0.0   151   178     2    29     1   142 0.93 -
Pcitr_chr5:17003143-16997463  -            922 65816at71240         -            371    0.0018   16.2   0.0   1   2    0.0087       1.2    6.9   0.0   156   240   321   401   309   417 0.85 -
Pcitr_chr5:17003143-16997463  -            922 65816at71240         -            371    0.0018   16.2   0.0   2   2    0.0095       1.3    6.8   0.0   156   192   645   683   637   693 0.79 -
Pcitr_chr2:21066795-21066037  -            253 65816at71240         -            371    0.0021   16.0   0.0   1   1   2.3e-05    0.0032   15.4   0.0   151   178    51    78     3    91 0.89 -
Pcitr_chr8:19335907-19350647  -           1257 65816at71240         -            371    0.0022   16.0   0.0   1   1   3.4e-05    0.0048   14.8   0.0   154   326   805   965   796   989 0.83 -
Pcitr_chr3:3497257-3497871    -             92 65816at71240         -            371    0.0039   15.1   0.0   1   1   5.3e-05    0.0075   14.2   0.0   156   193     2    38     1    89 0.92 -
Pcitr_chr8:31346966-31346325  -            214 65816at71240         -            371    0.0054   14.7   0.1   1   1     6e-05    0.0084   14.0   0.1   153   177    34    60    19    82 0.80 -
Pcitr_chr2:10326641-10327415  -             90 65816at71240         -            371     0.008   14.1   0.0   1   1   5.7e-05     0.008   14.1   0.0   154   183    23    52     8    76 0.85 -
Pcitr_chr4:34632210-34624044  -            647 65816at71240         -            371     0.011   13.6   0.0   1   1   0.00013     0.018   12.9   0.0   144   171   202   229   181   276 0.71 -
Pcitr_chr1:53191766-53190450  -            198 65816at71240         -            371     0.061   11.2   0.1   1   1   0.00057     0.081   10.8   0.1    20    57     3    40     1    51 0.84 -
#
# Program:         hmmsearch
# Version:         3.3.2 (Nov 2020)
# Pipeline mode:   SEARCH
# Query file:      /scratch/srb67793/Pelargonium/busco_downloads/lineages/eudicots_odb10/hmms/65816at71240.hmm
# Target file:     /scratch/srb67793/Pelargonium/Pelargonium-PreviousAssembly-busco/run_eudicots_odb10/metaeuk_output/initial_results/Pcitr_Genome-final.fasta.modified.fas
# Option settings: hmmsearch --domtblout /scratch/srb67793/Pelargonium/Pelargonium-PreviousAssembly-busco/run_eudicots_odb10/hmmer_output/initial_run_results/65816at71240.out --cpu 1 /scratch/srb67793/Pelargonium/busco_downloads/lineages/eudicots_odb10/hmms/65816at71240.hmm /scratch/srb67793/Pelargonium/Pelargonium-PreviousAssembly-busco/run_eudicots_odb10/metaeuk_output/initial_results/Pcitr_Genome-final.fasta.modified.fas 
# Current dir:     /scratch/srb67793/Pelargonium
# Date:            Tue Jul  9 10:57:13 2024
# [ok]
