#                                                                                    --- full sequence --- -------------- this domain -------------   hmm coord   ali coord   env coord
# target name                accession   tlen query name           accession   qlen   E-value  score  bias   #  of  c-Evalue  i-Evalue  score  bias  from    to  from    to  from    to  acc description of target
#        ------------------- ---------- ----- -------------------- ---------- ----- --------- ------ ----- --- --- --------- --------- ------ ----- ----- ----- ----- ----- ----- ----- ---- ---------------------
Pcitr_Contig16:89238-75500   -           1084 7026at71240          -            822         0 1373.6  26.6   1   3   3.5e-59   1.4e-56  191.4   1.2     1   117     6   125     6   148 0.92 -
Pcitr_Contig16:89238-75500   -           1084 7026at71240          -            822         0 1373.6  26.6   2   3      0.47   1.8e+02   -0.9   0.6   482   567   233   322   210   326 0.70 -
Pcitr_Contig16:89238-75500   -           1084 7026at71240          -            822         0 1373.6  26.6   3   3         0         0 1190.9  11.1   111   822   348  1083   343  1083 0.93 -
Pcitr_chr4:38925810-38904224 -            475 7026at71240          -            822   7.3e-13   46.8   0.3   1   3   3.6e-07   0.00014   19.4   0.1   226   308    38   120    31   133 0.92 -
Pcitr_chr4:38925810-38904224 -            475 7026at71240          -            822   7.3e-13   46.8   0.3   2   3   2.6e-05      0.01   13.2   0.0   146   201   174   229   166   256 0.85 -
Pcitr_chr4:38925810-38904224 -            475 7026at71240          -            822   7.3e-13   46.8   0.3   3   3   0.00017     0.066   10.5   0.0   132   197   279   343   267   377 0.73 -
Pcitr_chr3:4207751-4211384   -            474 7026at71240          -            822   6.8e-11   40.3   2.1   1   3   9.3e-09   3.6e-06   24.6   0.3   230   385    49   222    39   227 0.83 -
Pcitr_chr3:4207751-4211384   -            474 7026at71240          -            822   6.8e-11   40.3   2.1   2   3   0.00046      0.18    9.1   0.0   146   212   181   247   174   264 0.84 -
Pcitr_chr3:4207751-4211384   -            474 7026at71240          -            822   6.8e-11   40.3   2.1   3   3   0.00013     0.051   10.9   0.0   127   198   281   351   264   376 0.77 -
Pcitr_chr11:1959829-1960134  -            102 7026at71240          -            822   1.4e-06   25.9   0.2   1   1   3.9e-09   1.5e-06   25.9   0.2   199   292     5    99     1   102 0.74 -
Pcitr_chr3:10354005-10360938 -            583 7026at71240          -            822   1.6e-06   25.8   0.3   1   1   6.5e-09   2.5e-06   25.1   0.3   225   297   485   557   472   574 0.92 -
Pcitr_chr7:31263815-31242235 -            313 7026at71240          -            822   5.3e-06   24.1   0.1   1   1   1.8e-08   7.1e-06   23.6   0.1   141   244    16   121     8   186 0.87 -
Pcitr_chr7:36219149-36218655 -            165 7026at71240          -            822   1.3e-05   22.8   0.1   1   1   4.1e-08   1.6e-05   22.5   0.1   195   292    67   164    56   165 0.78 -
Pcitr_chr1:8141232-8146444   -            645 7026at71240          -            822   2.8e-05   21.7   3.1   1   2     0.066        26    2.0   0.2   241   354   164   282   150   291 0.79 -
Pcitr_chr1:8141232-8146444   -            645 7026at71240          -            822   2.8e-05   21.7   3.1   2   2   2.3e-07     9e-05   20.0   0.3   146   325   307   493   295   508 0.88 -
Pcitr_chr7:13145533-13134030 -            707 7026at71240          -            822   3.5e-05   21.4   0.7   1   3      0.89   3.5e+02   -1.8   0.1   166   214   210   259   206   287 0.86 -
Pcitr_chr7:13145533-13134030 -            707 7026at71240          -            822   3.5e-05   21.4   0.7   2   3    0.0041       1.6    5.9   0.0   177   251   472   547   462   557 0.84 -
Pcitr_chr7:13145533-13134030 -            707 7026at71240          -            822   3.5e-05   21.4   0.7   3   3   3.5e-05     0.014   12.8   0.0   145   223   573   652   565   664 0.83 -
Pcitr_chr1:28982756-28989478 -            647 7026at71240          -            822   3.7e-05   21.3   4.1   1   3      0.96   3.7e+02   -1.9   0.0   259   289   139   169   100   187 0.71 -
Pcitr_chr1:28982756-28989478 -            647 7026at71240          -            822   3.7e-05   21.3   4.1   2   3     0.011       4.5    4.5   0.1   177   233   336   393   321   416 0.72 -
Pcitr_chr1:28982756-28989478 -            647 7026at71240          -            822   3.7e-05   21.3   4.1   3   3   2.4e-06   0.00092   16.7   0.7   211   341   466   602   437   620 0.81 -
Pcitr_chr11:1962071-1962256  -             62 7026at71240          -            822   5.3e-05   20.8   0.0   1   1   1.5e-07   5.9e-05   20.6   0.0    35    92     1    59     1    61 0.87 -
Pcitr_chr6:28270091-28278267 -            417 7026at71240          -            822     6e-05   20.6   0.8   1   1   2.2e-07   8.5e-05   20.1   0.8   210   294   194   279   149   299 0.65 -
Pcitr_chr6:5960533-5960288   -             82 7026at71240          -            822   0.00013   19.5   0.0   1   1   3.5e-07   0.00014   19.4   0.0    33    68    35    70    23    79 0.88 -
Pcitr_chr6:3182468-3178337   -            400 7026at71240          -            822   0.00013   19.5   0.5   1   2   3.3e-07   0.00013   19.5   0.5   224   317    68   162    55   171 0.83 -
Pcitr_chr6:3182468-3178337   -            400 7026at71240          -            822   0.00013   19.5   0.5   2   2       0.7   2.7e+02   -1.4   0.1   506   553   186   232   172   248 0.57 -
Pcitr_Contig519:11497-11682  -             62 7026at71240          -            822   0.00024   18.6   0.0   1   1   6.9e-07   0.00027   18.4   0.0    35    92     1    59     1    61 0.88 -
Pcitr_chr7:36216545-36216360 -             62 7026at71240          -            822   0.00024   18.6   0.0   1   1   6.9e-07   0.00027   18.4   0.0    35    92     1    59     1    61 0.88 -
Pcitr_chr1:7847329-7849834   -            549 7026at71240          -            822   0.00037   18.0   0.1   1   2   0.00045      0.18    9.1   0.0   332   379   434   488   427   490 0.75 -
Pcitr_chr1:7847329-7849834   -            549 7026at71240          -            822   0.00037   18.0   0.1   2   2   0.00068      0.27    8.5   0.1   212   265   486   539   485   546 0.93 -
Pcitr_chr6:36178965-36179162 -             66 7026at71240          -            822   0.00071   17.1   0.0   1   1   1.8e-06   0.00071   17.1   0.0    33    62    34    63     7    66 0.92 -
Pcitr_chr8:18628048-18625805 -            710 7026at71240          -            822    0.0011   16.5   0.1   1   2   2.7e-06    0.0011   16.5   0.1   334   392    89   148    66   168 0.87 -
Pcitr_chr8:18628048-18625805 -            710 7026at71240          -            822    0.0011   16.5   0.1   2   2       2.4   9.4e+02   -3.2   0.3   277   311   489   523   484   531 0.82 -
Pcitr_chr6:4942229-4939099   -            655 7026at71240          -            822    0.0017   15.8   0.4   1   3      0.01       3.9    4.7   0.0   210   249   387   426   372   442 0.87 -
Pcitr_chr6:4942229-4939099   -            655 7026at71240          -            822    0.0017   15.8   0.4   2   3   0.00083      0.32    8.2   0.1   289   362   506   583   496   595 0.86 -
Pcitr_chr6:4942229-4939099   -            655 7026at71240          -            822    0.0017   15.8   0.4   3   3       1.2   4.5e+02   -2.1   0.0   247   287   602   642   590   649 0.77 -
Pcitr_chr3:1282374-1282177   -             66 7026at71240          -            822    0.0028   15.1   0.0   1   1   7.1e-06    0.0028   15.1   0.0    33    62    34    63    13    66 0.92 -
Pcitr_chr7:22157145-22161536 -            704 7026at71240          -            822    0.0057   14.1   0.0   1   1   2.7e-05     0.011   13.2   0.0   295   374   559   642   525   662 0.83 -
Pcitr_chr8:33279996-33277717 -            209 7026at71240          -            822    0.0094   13.3   0.0   1   1   2.8e-05     0.011   13.1   0.0   217   294   119   198    92   205 0.80 -
Pcitr_Contig27:92972-92409   -            188 7026at71240          -            822     0.022   12.1   0.0   1   1   9.1e-05     0.036   11.4   0.0   190   339     3   164     1   176 0.40 -
Pcitr_chr9:2236434-2235148   -            238 7026at71240          -            822      0.03   11.7   0.1   1   1     9e-05     0.035   11.4   0.1   228   327   100   206    78   229 0.61 -
#
# Program:         hmmsearch
# Version:         3.3.2 (Nov 2020)
# Pipeline mode:   SEARCH
# Query file:      /scratch/srb67793/Pelargonium/busco_downloads/lineages/eudicots_odb10/hmms/7026at71240.hmm
# Target file:     /scratch/srb67793/Pelargonium/Pelargonium-PreviousAssembly-busco/run_eudicots_odb10/metaeuk_output/initial_results/Pcitr_Genome-final.fasta.modified.fas
# Option settings: hmmsearch --domtblout /scratch/srb67793/Pelargonium/Pelargonium-PreviousAssembly-busco/run_eudicots_odb10/hmmer_output/initial_run_results/7026at71240.out --cpu 1 /scratch/srb67793/Pelargonium/busco_downloads/lineages/eudicots_odb10/hmms/7026at71240.hmm /scratch/srb67793/Pelargonium/Pelargonium-PreviousAssembly-busco/run_eudicots_odb10/metaeuk_output/initial_results/Pcitr_Genome-final.fasta.modified.fas 
# Current dir:     /scratch/srb67793/Pelargonium
# Date:            Tue Jul  9 10:57:29 2024
# [ok]
