#                                                                                     --- full sequence --- -------------- this domain -------------   hmm coord   ali coord   env coord
# target name                 accession   tlen query name           accession   qlen   E-value  score  bias   #  of  c-Evalue  i-Evalue  score  bias  from    to  from    to  from    to  acc description of target
#         ------------------- ---------- ----- -------------------- ---------- ----- --------- ------ ----- --- --- --------- --------- ------ ----- ----- ----- ----- ----- ----- ----- ---- ---------------------
Pcitr_chr5:27866785-27865382  -            468 71289at71240         -            407  2.1e-162  539.7  14.4   1   2     1e-21   8.4e-19   66.7   0.8     1    69     1    88     1    93 0.87 -
Pcitr_chr5:27866785-27865382  -            468 71289at71240         -            407  2.1e-162  539.7  14.4   2   2  5.4e-145  4.3e-142  472.8   6.8    67   407   107   468    99   468 0.87 -
Pcitr_chr8:14800983-14802743  -            587 71289at71240         -            407  1.2e-110  369.3  17.0   1   4     3e-12   2.4e-09   35.6   0.6     8    70     1    86     1    97 0.70 -
Pcitr_chr8:14800983-14802743  -            587 71289at71240         -            407  1.2e-110  369.3  17.0   2   4   6.1e-32   4.9e-29  100.4   0.0    69   180   108   229    93   233 0.91 -
Pcitr_chr8:14800983-14802743  -            587 71289at71240         -            407  1.2e-110  369.3  17.0   3   4     0.033        27    2.5   0.0   180   240   268   328   261   373 0.71 -
Pcitr_chr8:14800983-14802743  -            587 71289at71240         -            407  1.2e-110  369.3  17.0   4   4   6.8e-69   5.5e-66  222.1  10.0   248   404   407   586   392   587 0.85 -
Pcitr_chr3:15249879-15248173  -            569 71289at71240         -            407   1.7e-75  253.5  11.9   1   3   9.6e-23   7.8e-20   70.1   0.4    31   179     2   180     1   184 0.81 -
Pcitr_chr3:15249879-15248173  -            569 71289at71240         -            407   1.7e-75  253.5  11.9   2   3   7.8e-53   6.3e-50  169.2   0.8   221   339   363   481   351   488 0.84 -
Pcitr_chr3:15249879-15248173  -            569 71289at71240         -            407   1.7e-75  253.5  11.9   3   3   9.3e-06    0.0075   14.2   0.3   327   380   504   557   495   567 0.86 -
Pcitr_chr11:12605117-12603726 -            464 71289at71240         -            407   1.3e-66  224.2   7.4   1   3   3.9e-15   3.2e-12   45.1   0.0    85   180    11   111     3   188 0.83 -
Pcitr_chr11:12605117-12603726 -            464 71289at71240         -            407   1.3e-66  224.2   7.4   2   3   8.4e-52   6.8e-49  165.8   1.6   226   338   254   366   225   373 0.82 -
Pcitr_chr11:12605117-12603726 -            464 71289at71240         -            407   1.3e-66  224.2   7.4   3   3   3.8e-06    0.0031   15.5   0.1   333   383   389   437   383   464 0.82 -
Pcitr_chr8:14074183-14072978  -            402 71289at71240         -            407   1.8e-60  203.9   4.4   1   1   8.4e-62   6.8e-59  198.8   4.0    30   351    11   320     9   346 0.83 -
Pcitr_chr4:2404019-2405383    -            455 71289at71240         -            407   2.8e-49  167.1  11.3   1   3   3.1e-17   2.5e-14   52.0   0.2    32   180     2   181     1   185 0.67 -
Pcitr_chr4:2404019-2405383    -            455 71289at71240         -            407   2.8e-49  167.1  11.3   2   3   2.1e-34   1.7e-31  108.5   1.4   247   335   264   353   255   365 0.83 -
Pcitr_chr4:2404019-2405383    -            455 71289at71240         -            407   2.8e-49  167.1  11.3   3   3    0.0017       1.4    6.7   0.2   336   391   384   442   374   452 0.74 -
Pcitr_chr7:32779985-32778504  -            494 71289at71240         -            407   5.7e-48  162.8  10.4   1   3     8e-17   6.5e-14   50.6   0.2    28   180    42   224    30   231 0.72 -
Pcitr_chr7:32779985-32778504  -            494 71289at71240         -            407   5.7e-48  162.8  10.4   2   3   9.2e-33   7.4e-30  103.1   0.9   252   335   317   399   296   410 0.85 -
Pcitr_chr7:32779985-32778504  -            494 71289at71240         -            407   5.7e-48  162.8  10.4   3   3   0.00069      0.56    8.0   0.2   340   389   434   486   426   493 0.75 -
Pcitr_chr4:2491761-2493089    -            443 71289at71240         -            407     3e-43  147.3  11.8   1   3   1.9e-15   1.5e-12   46.1   0.2    43   180     1   166     1   170 0.68 -
Pcitr_chr4:2491761-2493089    -            443 71289at71240         -            407     3e-43  147.3  11.8   2   3   1.8e-30   1.4e-27   95.6   1.2   249   335   261   348   225   360 0.85 -
Pcitr_chr4:2491761-2493089    -            443 71289at71240         -            407     3e-43  147.3  11.8   3   3    0.0023       1.8    6.3   0.4   336   378   379   421   371   441 0.78 -
Pcitr_chr7:32758391-32757261  -            377 71289at71240         -            407   2.6e-42  144.2   4.4   1   3   2.1e-15   1.7e-12   46.0   0.0    30   182    26   172     9   179 0.78 -
Pcitr_chr7:32758391-32757261  -            377 71289at71240         -            407   2.6e-42  144.2   4.4   2   3   5.7e-29   4.6e-26   90.6   1.1   248   358   220   330   207   337 0.82 -
Pcitr_chr7:32758391-32757261  -            377 71289at71240         -            407   2.6e-42  144.2   4.4   3   3     0.015        13    3.6   0.0   335   376   333   374   329   377 0.89 -
Pcitr_chr7:32554514-32554888  -            125 71289at71240         -            407   1.6e-23   82.3   1.0   1   2   2.1e-23   1.7e-20   72.3   0.3   280   353     2    78     1    88 0.80 -
Pcitr_chr7:32554514-32554888  -            125 71289at71240         -            407   1.6e-23   82.3   1.0   2   2   0.00021      0.17    9.7   0.1   336   376    82   122    74   125 0.85 -
Pcitr_chr1:33015130-33015528  -            133 71289at71240         -            407     3e-13   48.4   3.8   1   2   7.4e-12     6e-09   34.3   0.6   277   304     5    32     1    36 0.91 -
Pcitr_chr1:33015130-33015528  -            133 71289at71240         -            407     3e-13   48.4   3.8   2   2   3.5e-06    0.0029   15.6   0.1   303   330    54    81    49   109 0.77 -
Pcitr_chr6:30343441-30343695  -             85 71289at71240         -            407   4.9e-08   31.3   0.0   1   1   6.2e-11     5e-08   31.2   0.0    40    70    37    68    11    78 0.78 -
#
# Program:         hmmsearch
# Version:         3.3.2 (Nov 2020)
# Pipeline mode:   SEARCH
# Query file:      /scratch/srb67793/Pelargonium/busco_downloads/lineages/eudicots_odb10/hmms/71289at71240.hmm
# Target file:     /scratch/srb67793/Pelargonium/Pelargonium-PreviousAssembly-busco/run_eudicots_odb10/metaeuk_output/initial_results/Pcitr_Genome-final.fasta.modified.fas
# Option settings: hmmsearch --domtblout /scratch/srb67793/Pelargonium/Pelargonium-PreviousAssembly-busco/run_eudicots_odb10/hmmer_output/initial_run_results/71289at71240.out --cpu 1 /scratch/srb67793/Pelargonium/busco_downloads/lineages/eudicots_odb10/hmms/71289at71240.hmm /scratch/srb67793/Pelargonium/Pelargonium-PreviousAssembly-busco/run_eudicots_odb10/metaeuk_output/initial_results/Pcitr_Genome-final.fasta.modified.fas 
# Current dir:     /scratch/srb67793/Pelargonium
# Date:            Tue Jul  9 10:57:22 2024
# [ok]
