#                                                                                      --- full sequence --- -------------- this domain -------------   hmm coord   ali coord   env coord
# target name                  accession   tlen query name           accession   qlen   E-value  score  bias   #  of  c-Evalue  i-Evalue  score  bias  from    to  from    to  from    to  acc description of target
#          ------------------- ---------- ----- -------------------- ---------- ----- --------- ------ ----- --- --- --------- --------- ------ ----- ----- ----- ----- ----- ----- ----- ---- ---------------------
Pcitr_chr11:9963980-9952306    -            594 80448at71240         -            364  2.7e-194  644.5   0.1   1   1  1.8e-191  2.2e-189  628.3   0.1     1   364   156   593   156   593 0.89 -
Pcitr_chr2:301832-303217       -            462 80448at71240         -            364   7.6e-69  231.7   0.0   1   2   1.3e-20   1.5e-18   66.2   0.0    80   200   114   247     1   262 0.74 -
Pcitr_chr2:301832-303217       -            462 80448at71240         -            364   7.6e-69  231.7   0.0   2   2   1.3e-48   1.6e-46  158.3   0.0   178   363   264   459   257   460 0.91 -
Pcitr_chr10:24421892-24420741  -            384 80448at71240         -            364   1.9e-67  227.1   0.0   1   1     6e-67   7.3e-65  218.6   0.0    39   363     3   381     1   382 0.80 -
Pcitr_chr3:22578294-22596858   -            594 80448at71240         -            364   3.7e-64  216.3   0.0   1   2   4.4e-20   5.4e-18   64.4   0.0    15   187   138   353   123   359 0.70 -
Pcitr_chr3:22578294-22596858   -            594 80448at71240         -            364   3.7e-64  216.3   0.0   2   2   8.2e-45     1e-42  145.8   0.0   184   363   406   591   355   592 0.89 -
Pcitr_chr8:24447742-24446112   -            375 80448at71240         -            364   2.3e-58  197.3   0.0   1   2      0.96   1.2e+02    0.8   0.0    39    82     2    48     1    62 0.69 -
Pcitr_chr8:24447742-24446112   -            375 80448at71240         -            364   2.3e-58  197.3   0.0   2   2   1.5e-58   1.8e-56  191.0   0.0    80   363    68   375    51   375 0.83 -
Pcitr_chr9:5776648-5778592     -            411 80448at71240         -            364   6.7e-53  179.3   0.0   1   1   3.1e-54   3.8e-52  176.8   0.0    80   363    99   411    86   411 0.83 -
Pcitr_chr5:24236738-24214255   -            412 80448at71240         -            364   1.2e-52  178.4   0.0   1   2       5.9   7.2e+02   -1.8   0.0    39    79    35    76    18    91 0.70 -
Pcitr_chr5:24236738-24214255   -            412 80448at71240         -            364   1.2e-52  178.4   0.0   2   2   5.6e-54   6.8e-52  175.9   0.0    74   363    93   409    75   410 0.82 -
Pcitr_chr3:22590770-22598578   -            308 80448at71240         -            364   3.6e-44  150.5   0.0   1   2   1.2e-16   1.5e-14   53.1   0.0    99   187    16   118     4   124 0.76 -
Pcitr_chr3:22590770-22598578   -            308 80448at71240         -            364   3.6e-44  150.5   0.0   2   2   1.9e-29   2.3e-27   95.2   0.0   184   315   171   308   120   308 0.86 -
Pcitr_chr2:46197798-46195116   -            424 80448at71240         -            364     3e-33  114.6   0.0   1   2   1.5e-15   1.9e-13   49.5   0.0    34   158    47   188    23   193 0.72 -
Pcitr_chr2:46197798-46195116   -            424 80448at71240         -            364     3e-33  114.6   0.0   2   2     4e-19   4.9e-17   61.2   0.0   171   358   222   424   213   424 0.84 -
Pcitr_chr5:16313159-16316294   -            427 80448at71240         -            364   3.7e-33  114.3   0.0   1   2   6.6e-16     8e-14   50.7   0.0    34   158    50   191    26   196 0.72 -
Pcitr_chr5:16313159-16316294   -            427 80448at71240         -            364   3.7e-33  114.3   0.0   2   2   1.3e-18   1.6e-16   59.5   0.0   171   358   225   427   213   427 0.83 -
Pcitr_chr5:18504689-18503466   -            408 80448at71240         -            364   2.6e-30  104.9   0.0   1   2   1.2e-08   1.5e-06   26.8   0.0    98   144    95   142     3   155 0.72 -
Pcitr_chr5:18504689-18503466   -            408 80448at71240         -            364   2.6e-30  104.9   0.0   2   2   1.5e-22   1.8e-20   72.6   0.0   172   354   194   402   173   406 0.71 -
Pcitr_chr1:29809079-29810491   -            471 80448at71240         -            364   4.1e-27   94.4   0.0   1   2     0.011       1.3    7.2   0.0    39    72    57    90    54   103 0.87 -
Pcitr_chr1:29809079-29810491   -            471 80448at71240         -            364   4.1e-27   94.4   0.0   2   2   2.7e-24   3.2e-22   78.3   0.0   104   358   185   467   178   471 0.76 -
Pcitr_chr11:26967685-26968593  -            303 80448at71240         -            364   5.9e-27   93.9   0.1   1   2   9.1e-08   1.1e-05   23.9   0.0    98   156     1    61     1    70 0.85 -
Pcitr_chr11:26967685-26968593  -            303 80448at71240         -            364   5.9e-27   93.9   0.1   2   2   1.1e-20   1.4e-18   66.4   0.0   167   321   106   279    88   303 0.69 -
Pcitr_chr1:47246330-47247454   -            375 80448at71240         -            364     8e-27   93.4   0.0   1   2   2.2e-09   2.7e-07   29.2   0.0    99   151    90   142     2   150 0.69 -
Pcitr_chr1:47246330-47247454   -            375 80448at71240         -            364     8e-27   93.4   0.0   2   2     3e-18   3.7e-16   58.4   0.0   153   319   174   360   165   375 0.75 -
Pcitr_chr4:6641074-6639746     -            443 80448at71240         -            364   8.6e-27   93.4   0.0   1   2     2e-07   2.4e-05   22.8   0.0    96   154   127   187    28   195 0.77 -
Pcitr_chr4:6641074-6639746     -            443 80448at71240         -            364   8.6e-27   93.4   0.0   2   2     9e-20   1.1e-17   63.4   0.0   186   354   250   438   218   442 0.64 -
Pcitr_chr1:29820909-29822150   -            414 80448at71240         -            364     1e-26   93.1   0.0   1   2    0.0094       1.1    7.4   0.0    39    72     4    37     2    50 0.87 -
Pcitr_chr1:29820909-29822150   -            414 80448at71240         -            364     1e-26   93.1   0.0   2   2   6.1e-24   7.5e-22   77.1   0.0   104   357   132   413   126   414 0.75 -
Pcitr_chr4:9409332-9410639     -            436 80448at71240         -            364   7.4e-26   90.3   0.0   1   2   1.7e-07   2.1e-05   23.0   0.0    98   145   118   166    29   180 0.78 -
Pcitr_chr4:9409332-9410639     -            436 80448at71240         -            364   7.4e-26   90.3   0.0   2   2     2e-19   2.5e-17   62.2   0.0   158   353   216   431   207   436 0.68 -
Pcitr_chr1:42748833-42742515   -            282 80448at71240         -            364   9.8e-26   89.9   0.0   1   2      0.14        17    3.5   0.0    39    89    45    98     7   112 0.70 -
Pcitr_chr1:42748833-42742515   -            282 80448at71240         -            364   9.8e-26   89.9   0.0   2   2   2.9e-26   3.5e-24   84.8   0.0    83   241   114   282   101   282 0.78 -
Pcitr_chr8:35000149-35001138   -            330 80448at71240         -            364   6.6e-24   83.9   0.5   1   2   4.5e-09   5.5e-07   28.2   0.1    99   148    16    66     7    82 0.88 -
Pcitr_chr8:35000149-35001138   -            330 80448at71240         -            364   6.6e-24   83.9   0.5   2   2   5.6e-17   6.8e-15   54.2   0.0   120   353    87   329    82   330 0.71 -
Pcitr_chr4:6618063-6617180     -            287 80448at71240         -            364   7.8e-24   83.6   0.0   1   2   9.9e-08   1.2e-05   23.8   0.0    99   155    17    75     2    83 0.86 -
Pcitr_chr4:6618063-6617180     -            287 80448at71240         -            364   7.8e-24   83.6   0.0   2   2   1.1e-17   1.4e-15   56.5   0.0   171   316   114   281   101   287 0.72 -
Pcitr_chr2:3849252-3856294     -            792 80448at71240         -            364   1.1e-23   83.1   0.0   1   1   3.7e-23   4.5e-21   74.5   0.0    41   356   424   786   421   790 0.69 -
Pcitr_chr8:35017119-35018369   -            408 80448at71240         -            364   1.8e-23   82.4   0.5   1   3      0.84     1e+02    1.0   0.0    19    60    24    73     2    76 0.71 -
Pcitr_chr8:35017119-35018369   -            408 80448at71240         -            364   1.8e-23   82.4   0.5   2   3   9.6e-11   1.2e-08   33.7   0.0   100   157   142   199   137   238 0.82 -
Pcitr_chr8:35017119-35018369   -            408 80448at71240         -            364   1.8e-23   82.4   0.5   3   3   3.8e-14   4.6e-12   44.9   0.1   181   315   269   407   201   408 0.74 -
Pcitr_chr7:3411282-3409903     -            460 80448at71240         -            364     2e-23   82.2   0.1   1   3       1.8   2.2e+02   -0.2   0.0    18    58    25    77     3    80 0.61 -
Pcitr_chr7:3411282-3409903     -            460 80448at71240         -            364     2e-23   82.2   0.1   2   3   1.5e-10   1.8e-08   33.0   0.0   100   154   144   199   116   212 0.81 -
Pcitr_chr7:3411282-3409903     -            460 80448at71240         -            364     2e-23   82.2   0.1   3   3   2.6e-14   3.1e-12   45.4   0.0   167   358   254   457   226   460 0.75 -
Pcitr_chr8:34924650-35013963   -            385 80448at71240         -            364   1.3e-22   79.6   0.0   1   3      0.21        25    3.0   0.0    14    60    19    73     1    76 0.70 -
Pcitr_chr8:34924650-35013963   -            385 80448at71240         -            364   1.3e-22   79.6   0.0   2   3   5.5e-10   6.7e-08   31.2   0.0    99   151   136   189   128   206 0.88 -
Pcitr_chr8:34924650-35013963   -            385 80448at71240         -            364   1.3e-22   79.6   0.0   3   3     3e-13   3.7e-11   41.9   0.0   212   315   276   384   242   385 0.69 -
Pcitr_chr5:18496464-18495097   -            456 80448at71240         -            364   1.7e-22   79.2   0.0   1   3   7.8e-07   9.4e-05   20.8   0.0    37   144    68   194    51   207 0.65 -
Pcitr_chr5:18496464-18495097   -            456 80448at71240         -            364   1.7e-22   79.2   0.0   2   3   5.7e-16   6.9e-14   50.9   0.0   183   250   271   337   233   371 0.75 -
Pcitr_chr5:18496464-18495097   -            456 80448at71240         -            364   1.7e-22   79.2   0.0   3   3      0.45        55    1.9   0.0   306   344   413   452   403   456 0.76 -
Pcitr_chr7:12828886-12829770   -            295 80448at71240         -            364   2.5e-22   78.7   0.0   1   2   2.3e-07   2.8e-05   22.6   0.0   106   159     2    58     1    67 0.84 -
Pcitr_chr7:12828886-12829770   -            295 80448at71240         -            364   2.5e-22   78.7   0.0   2   2   6.7e-17   8.1e-15   53.9   0.0   166   355    99   295    76   295 0.81 -
Pcitr_chr7:101544-100306       -            413 80448at71240         -            364   6.3e-22   77.4   0.1   1   3    0.0016       0.2    9.9   0.0     1    40     3    47     3    80 0.71 -
Pcitr_chr7:101544-100306       -            413 80448at71240         -            364   6.3e-22   77.4   0.1   2   3   7.5e-11   9.2e-09   34.0   0.0    97   145   142   191   111   203 0.85 -
Pcitr_chr7:101544-100306       -            413 80448at71240         -            364   6.3e-22   77.4   0.1   3   3   1.5e-09   1.8e-07   29.7   0.0   186   315   274   412   235   413 0.63 -
Pcitr_chr7:3357937-3356858     -            360 80448at71240         -            364   2.3e-21   75.5   0.2   1   2   1.8e-10   2.2e-08   32.8   0.0   100   151    50   102    23   127 0.81 -
Pcitr_chr7:3357937-3356858     -            360 80448at71240         -            364   2.3e-21   75.5   0.2   2   2   3.3e-12   4.1e-10   38.5   0.1   186   353   180   359   142   360 0.70 -
Pcitr_chr2:42713497-42715555   -            426 80448at71240         -            364     4e-21   74.7   0.0   1   1     2e-21   2.4e-19   68.8   0.0    24   357    41   425    29   426 0.73 -
Pcitr_chr2:41136675-41140757   -            428 80448at71240         -            364   6.9e-21   73.9   0.0   1   1     9e-21   1.1e-18   66.7   0.0    39   357    59   428    33   428 0.67 -
Pcitr_chr7:3342850-3341462     -            463 80448at71240         -            364   1.9e-20   72.4   0.4   1   3       1.2   1.5e+02    0.4   0.0    18    41    32    55    11    87 0.67 -
Pcitr_chr7:3342850-3341462     -            463 80448at71240         -            364   1.9e-20   72.4   0.4   2   3   1.3e-10   1.6e-08   33.2   0.0    99   145   151   198   122   219 0.81 -
Pcitr_chr7:3342850-3341462     -            463 80448at71240         -            364   1.9e-20   72.4   0.4   3   3   3.3e-11     4e-09   35.2   0.1   158   323   254   430   225   463 0.62 -
Pcitr_chr7:137432-136203       -            410 80448at71240         -            364   3.8e-20   71.5   0.0   1   3     0.007      0.85    7.8   0.0     3    40     2    44     1    77 0.72 -
Pcitr_chr7:137432-136203       -            410 80448at71240         -            364   3.8e-20   71.5   0.0   2   3   1.3e-09   1.6e-07   30.0   0.0    97   145   139   188   113   204 0.85 -
Pcitr_chr7:137432-136203       -            410 80448at71240         -            364   3.8e-20   71.5   0.0   3   3   1.2e-09   1.4e-07   30.1   0.0   188   315   273   409   238   410 0.68 -
Pcitr_chr5:38499142-38500068   -            309 80448at71240         -            364   8.9e-20   70.3   0.9   1   2   2.4e-09   2.9e-07   29.1   0.0   100   143     1    45     1    74 0.87 -
Pcitr_chr5:38499142-38500068   -            309 80448at71240         -            364   8.9e-20   70.3   0.9   2   2   7.8e-13   9.5e-11   40.6   0.2   208   355   160   309    46   309 0.73 -
Pcitr_chr1:18355174-18352177   -            416 80448at71240         -            364     9e-20   70.2   0.0   1   1   2.1e-20   2.6e-18   65.5   0.0    39   358    45   412    24   415 0.71 -
Pcitr_chr4:9395084-9396289     -            402 80448at71240         -            364   1.4e-19   69.7   0.0   1   2     3e-06   0.00037   18.9   0.0    98   149    91   143    66   157 0.81 -
Pcitr_chr4:9395084-9396289     -            402 80448at71240         -            364   1.4e-19   69.7   0.0   2   2   5.9e-15   7.2e-13   47.5   0.0   187   272   221   314   180   388 0.71 -
Pcitr_chr8:34917116-34917934   -            273 80448at71240         -            364   2.1e-19   69.0   0.1   1   2   2.3e-10   2.8e-08   32.5   0.0   100   144     1    46     1    83 0.81 -
Pcitr_chr8:34917116-34917934   -            273 80448at71240         -            364   2.1e-19   69.0   0.1   2   2   4.3e-11   5.3e-09   34.8   0.1   208   315   158   272   118   273 0.58 -
Pcitr_chr6:12758371-12759477   -            369 80448at71240         -            364   3.8e-19   68.2   0.2   1   2   2.6e-06   0.00032   19.1   0.0    83   143    34    96    22   106 0.87 -
Pcitr_chr6:12758371-12759477   -            369 80448at71240         -            364   3.8e-19   68.2   0.2   2   2   7.9e-14   9.6e-12   43.8   0.3   169   363   146   363   134   364 0.69 -
Pcitr_chr6:7726706-7727932     -            409 80448at71240         -            364   8.5e-19   67.0   0.4   1   3       3.2   3.9e+02   -0.9   0.0    15    39    22    46    16    79 0.77 -
Pcitr_chr6:7726706-7727932     -            409 80448at71240         -            364   8.5e-19   67.0   0.4   2   3   7.3e-10   8.9e-08   30.8   0.0    99   153   143   198   130   203 0.87 -
Pcitr_chr6:7726706-7727932     -            409 80448at71240         -            364   8.5e-19   67.0   0.4   3   3   1.4e-10   1.7e-08   33.2   0.0   189   315   274   409   246   409 0.65 -
Pcitr_chr1:47129372-47128587   -            262 80448at71240         -            364   7.6e-18   63.9   0.1   1   1   3.2e-19   3.9e-17   61.6   0.1   153   335    59   260    48   262 0.77 -
Pcitr_chr5:9577288-9575201     -            427 80448at71240         -            364   1.1e-17   63.4   0.0   1   1   2.1e-18   2.6e-16   58.9   0.0    19   315    32   376    21   426 0.69 -
Pcitr_chr2:40269802-40268516   -            429 80448at71240         -            364   1.6e-17   62.8   0.1   1   3       7.8   9.5e+02   -2.2   0.0    38    60    61    83     8    84 0.74 -
Pcitr_chr2:40269802-40268516   -            429 80448at71240         -            364   1.6e-17   62.8   0.1   2   3   3.8e-09   4.7e-07   28.4   0.0    99   143   152   197   126   210 0.88 -
Pcitr_chr2:40269802-40268516   -            429 80448at71240         -            364   1.6e-17   62.8   0.1   3   3   4.2e-10   5.1e-08   31.6   0.1   134   316   239   428   227   429 0.66 -
Pcitr_chr6:16919450-16921457   -            413 80448at71240         -            364   3.1e-17   61.9   0.1   1   2     4e-08   4.9e-06   25.1   0.2    39   154    41   180    11   193 0.67 -
Pcitr_chr6:16919450-16921457   -            413 80448at71240         -            364   3.1e-17   61.9   0.1   2   2   8.9e-10   1.1e-07   30.5   0.0   172   315   222   371   201   380 0.68 -
Pcitr_chr6:15366329-15365424   -            302 80448at71240         -            364   3.1e-17   61.9   0.7   1   2      0.23        28    2.8   0.0   116   145     2    31     1    44 0.78 -
Pcitr_chr6:15366329-15365424   -            302 80448at71240         -            364   3.1e-17   61.9   0.7   2   2   8.5e-18     1e-15   56.9   0.1   171   363    74   289    67   290 0.77 -
Pcitr_chr11:286456-283242      -            426 80448at71240         -            364     1e-16   60.2   0.0   1   1   4.3e-18   5.3e-16   57.8   0.0    20   359    34   425    26   426 0.73 -
Pcitr_chr7:3540918-3542611     -            423 80448at71240         -            364   1.8e-16   59.4   0.0   1   1   4.5e-17   5.4e-15   54.5   0.0    97   352   134   419    56   422 0.70 -
Pcitr_chr4:1001028-980295      -            430 80448at71240         -            364   2.3e-16   59.0   0.0   1   1     1e-17   1.2e-15   56.7   0.0    64   359    93   429    57   430 0.71 -
Pcitr_chr8:34946765-34947520   -            252 80448at71240         -            364     4e-16   58.2   0.7   1   2   4.9e-06    0.0006   18.2   0.1   120   145     1    26     1    54 0.89 -
Pcitr_chr8:34946765-34947520   -            252 80448at71240         -            364     4e-16   58.2   0.7   2   2   2.5e-12     3e-10   38.9   0.1   188   315   111   251    80   252 0.68 -
Pcitr_chr7:3537047-3538676     -            423 80448at71240         -            364   1.1e-15   56.8   0.0   1   1     2e-16   2.4e-14   52.4   0.0    42   358    56   421    40   423 0.71 -
Pcitr_chr6:15357181-15355871   -            437 80448at71240         -            364   1.2e-15   56.6   0.0   1   2   7.8e-08   9.5e-06   24.1   0.0    23   142    38   172    20   180 0.75 -
Pcitr_chr6:15357181-15355871   -            437 80448at71240         -            364   1.2e-15   56.6   0.0   2   2   1.1e-09   1.3e-07   30.2   0.0   216   363   274   437   214   437 0.73 -
Pcitr_chr7:5180210-5182140     -            414 80448at71240         -            364   1.3e-15   56.6   0.0   1   2   2.2e-09   2.7e-07   29.2   0.0    24   155    29   182    15   191 0.73 -
Pcitr_chr7:5180210-5182140     -            414 80448at71240         -            364   1.3e-15   56.6   0.0   2   2   4.9e-08     6e-06   24.8   0.0   189   353   241   411   214   414 0.73 -
Pcitr_chr1:45198397-45196131   -            422 80448at71240         -            364   1.5e-15   56.4   0.0   1   1   7.3e-16   8.9e-14   50.5   0.0    20   356    32   418    23   421 0.70 -
Pcitr_chr3:32544092-32542758   -            303 80448at71240         -            364   5.2e-15   54.6   0.0   1   2     3e-08   3.6e-06   25.5   0.1    95   145    56   107    42   116 0.90 -
Pcitr_chr3:32544092-32542758   -            303 80448at71240         -            364   5.2e-15   54.6   0.0   2   2   1.1e-08   1.4e-06   26.9   0.0   173   363   110   303   106   303 0.66 -
Pcitr_chr6:15374677-15373496   -            394 80448at71240         -            364   1.5e-14   53.0   0.4   1   2   0.00059     0.072   11.3   0.2    22   141    37   175    19   187 0.72 -
Pcitr_chr6:15374677-15373496   -            394 80448at71240         -            364   1.5e-14   53.0   0.4   2   2   3.2e-12   3.9e-10   38.5   0.0   169   315   225   392   219   394 0.77 -
Pcitr_Contig13:6469521-6468199 -            441 80448at71240         -            364   1.8e-14   52.8   0.0   1   2   4.4e-07   5.4e-05   21.6   0.0    42   156    55   190    37   201 0.77 -
Pcitr_Contig13:6469521-6468199 -            441 80448at71240         -            364   1.8e-14   52.8   0.0   2   2   6.1e-08   7.5e-06   24.5   0.0   186   247   253   314   216   396 0.73 -
Pcitr_chr2:11800858-11799524   -            445 80448at71240         -            364   1.9e-14   52.8   0.0   1   2   4.5e-07   5.5e-05   21.6   0.0    42   156    61   196    43   207 0.77 -
Pcitr_chr2:11800858-11799524   -            445 80448at71240         -            364   1.9e-14   52.8   0.0   2   2   6.3e-08   7.6e-06   24.4   0.0   186   247   259   320   222   401 0.73 -
Pcitr_chr9:19276214-19277095   -            294 80448at71240         -            364   2.1e-14   52.6   0.0   1   2    0.0012      0.15   10.3   0.0   102   141     2    42     1    61 0.82 -
Pcitr_chr9:19276214-19277095   -            294 80448at71240         -            364   2.1e-14   52.6   0.0   2   2   9.3e-13   1.1e-10   40.3   0.0   169   357    97   291    92   293 0.78 -
Pcitr_chr11:14292843-14293727  -            295 80448at71240         -            364   2.5e-14   52.3   0.6   1   1   2.3e-15   2.8e-13   48.9   0.6   114   363     1   287     1   288 0.63 -
Pcitr_chr3:23370677-23369391   -            429 80448at71240         -            364     3e-14   52.1   0.0   1   2     5e-06   0.00061   18.2   0.0   100   142   135   178    52   184 0.82 -
Pcitr_chr3:23370677-23369391   -            429 80448at71240         -            364     3e-14   52.1   0.0   2   2   7.5e-10   9.1e-08   30.7   0.0   187   322   261   398   248   422 0.72 -
Pcitr_Contig774:5712-9013      -            320 80448at71240         -            364   3.7e-14   51.8   0.0   1   1   1.5e-15   1.8e-13   49.5   0.0    20   263    11   303     5   314 0.72 -
Pcitr_Contig774:2061-2894      -            278 80448at71240         -            364   5.2e-14   51.3   0.1   1   1   1.7e-15   2.1e-13   49.3   0.1   107   354     2   276     1   278 0.70 -
Pcitr_chr6:15371098-15370007   -            364 80448at71240         -            364   9.6e-14   50.4   0.3   1   2      0.11        13    3.9   0.1   101   141    51    92    44   105 0.86 -
Pcitr_chr6:15371098-15370007   -            364 80448at71240         -            364   9.6e-14   50.4   0.3   2   2   4.4e-14   5.4e-12   44.7   0.0   168   363   141   360   125   361 0.71 -
Pcitr_chr11:26600082-26597969  -            374 80448at71240         -            364   2.3e-13   49.2   0.0   1   1   6.8e-14   8.2e-12   44.1   0.0    96   315   122   370    31   372 0.72 -
Pcitr_chr6:15358364-15357495   -            290 80448at71240         -            364     1e-12   47.0   0.2   1   1   2.7e-14   3.2e-12   45.4   0.2   112   363     1   290     1   290 0.71 -
Pcitr_chr5:33041209-33041694   -            162 80448at71240         -            364   1.3e-12   46.7   0.0   1   1   1.3e-14   1.6e-12   46.4   0.0   196   354     1   160     1   162 0.82 -
Pcitr_chr11:13182-18863        -            426 80448at71240         -            364   2.6e-12   45.7   0.0   1   1   9.6e-14   1.2e-11   43.6   0.0    18   359    32   425    20   426 0.68 -
Pcitr_chr1:47767123-47766410   -            238 80448at71240         -            364   5.9e-12   44.5   0.0   1   2    0.0033      0.41    8.9   0.0   105   155     1    52     1    61 0.87 -
Pcitr_chr1:47767123-47766410   -            238 80448at71240         -            364   5.9e-12   44.5   0.0   2   2   8.1e-11   9.8e-09   33.9   0.0   188   314   109   238    79   238 0.81 -
Pcitr_chr8:34983331-34984521   -            397 80448at71240         -            364   7.9e-12   44.1   0.0   1   3       8.1   9.9e+02   -2.3   0.0    41    60    20    39    14    41 0.90 -
Pcitr_chr8:34983331-34984521   -            397 80448at71240         -            364   7.9e-12   44.1   0.0   2   3     0.015       1.8    6.7   0.0    99   143   101   146    86   173 0.82 -
Pcitr_chr8:34983331-34984521   -            397 80448at71240         -            364   7.9e-12   44.1   0.0   3   3     6e-11   7.3e-09   34.4   0.0   170   354   203   391   191   394 0.72 -
Pcitr_chr1:52670845-52669964   -            294 80448at71240         -            364   3.2e-11   42.1   0.5   1   2   5.3e-09   6.4e-07   28.0   0.2   114   247     1   151     1   157 0.72 -
Pcitr_chr1:52670845-52669964   -            294 80448at71240         -            364   3.2e-11   42.1   0.5   2   2   0.00036     0.044   12.0   0.0   299   363   221   284   213   285 0.87 -
Pcitr_chr7:3555713-3554199     -            427 80448at71240         -            364   5.4e-11   41.4   0.3   1   2       5.3   6.4e+02   -1.6   0.0    40    65    57    82    34    99 0.76 -
Pcitr_chr7:3555713-3554199     -            427 80448at71240         -            364   5.4e-11   41.4   0.3   2   2   2.2e-11   2.7e-09   35.8   0.2    97   354   133   420   129   426 0.71 -
Pcitr_chr7:3433966-3434520     -            185 80448at71240         -            364   3.6e-10   38.6   0.0   1   2    0.0017       0.2    9.9   0.0    14    40    19    45     1    78 0.65 -
Pcitr_chr7:3433966-3434520     -            185 80448at71240         -            364   3.6e-10   38.6   0.0   2   2   9.6e-09   1.2e-06   27.1   0.0    94   141   137   185   108   185 0.86 -
Pcitr_chr4:35325406-35326503   -            366 80448at71240         -            364   5.5e-10   38.0   0.1   1   2   3.6e-06   0.00044   18.6   0.0    98   159    42   104    28   133 0.84 -
Pcitr_chr4:35325406-35326503   -            366 80448at71240         -            364   5.5e-10   38.0   0.1   2   2   2.1e-05    0.0025   16.1   0.0   296   363   292   360   139   361 0.57 -
Pcitr_Contig13:6577967-6578518 -            184 80448at71240         -            364   7.2e-10   37.7   0.0   1   2     0.016         2    6.6   0.0   112   155     1    44     1    54 0.89 -
Pcitr_Contig13:6577967-6578518 -            184 80448at71240         -            364   7.2e-10   37.7   0.0   2   2   1.8e-09   2.2e-07   29.5   0.0   188   252   101   165    70   184 0.80 -
Pcitr_Contig774:78-773         -            232 80448at71240         -            364   2.1e-09   36.1   0.0   1   1   2.3e-11   2.8e-09   35.7   0.0   172   355    35   231    27   232 0.71 -
Pcitr_chr11:14396744-14395851  -            298 80448at71240         -            364   3.6e-09   35.4   0.1   1   2    0.0038      0.46    8.7   0.0   114   241     1   153     1   174 0.70 -
Pcitr_chr11:14396744-14395851  -            298 80448at71240         -            364   3.6e-09   35.4   0.1   2   2   4.6e-08   5.6e-06   24.9   0.0   297   363   222   290   205   291 0.87 -
Pcitr_chr1:44691287-44690094   -            398 80448at71240         -            364   4.2e-08   31.8   0.1   1   1   1.2e-07   1.5e-05   23.4   0.1    95   319    95   361     1   398 0.66 -
Pcitr_chr9:31127888-31126701   -            396 80448at71240         -            364   6.3e-08   31.3   0.1   1   2    0.0023      0.28    9.4   0.0    93   146    58   112    51   126 0.82 -
Pcitr_chr9:31127888-31126701   -            396 80448at71240         -            364   6.3e-08   31.3   0.1   2   2     2e-06   0.00025   19.5   0.0   222   363   239   393   174   394 0.66 -
Pcitr_chr5:24064394-24063522   -            291 80448at71240         -            364     2e-07   29.6   0.4   1   2     3e-05    0.0036   15.6   0.1   115   241     1   149     1   159 0.67 -
Pcitr_chr5:24064394-24063522   -            291 80448at71240         -            364     2e-07   29.6   0.4   2   2   0.00061     0.074   11.3   0.0   299   355   221   275   201   284 0.74 -
Pcitr_chr9:31086475-31087422   -            316 80448at71240         -            364   6.5e-06   24.6   0.5   1   2      0.16        20    3.3   0.1   115   140     1    26     1    38 0.87 -
Pcitr_chr9:31086475-31087422   -            316 80448at71240         -            364   6.5e-06   24.6   0.5   2   2   2.1e-06   0.00026   19.4   0.0   223   363   160   313    96   314 0.72 -
Pcitr_chr4:35450482-35451438   -            319 80448at71240         -            364   1.8e-05   23.2   0.2   1   2      0.28        34    2.5   0.1   115   143     2    30     1    43 0.84 -
Pcitr_chr4:35450482-35451438   -            319 80448at71240         -            364   1.8e-05   23.2   0.2   2   2   1.5e-05    0.0018   16.6   0.0   173   363    90   308    84   309 0.57 -
Pcitr_chr10:17426652-17427738  -            301 80448at71240         -            364   8.5e-05   21.0   0.0   1   2   0.00061     0.074   11.3   0.0   103   138     3    39     1    63 0.83 -
Pcitr_chr10:17426652-17427738  -            301 80448at71240         -            364   8.5e-05   21.0   0.0   2   2     0.014       1.7    6.8   0.0   222   267   159   206   115   222 0.80 -
#
# Program:         hmmsearch
# Version:         3.3.2 (Nov 2020)
# Pipeline mode:   SEARCH
# Query file:      /scratch/srb67793/Pelargonium/busco_downloads/lineages/eudicots_odb10/hmms/80448at71240.hmm
# Target file:     /scratch/srb67793/Pelargonium/Pelargonium-PreviousAssembly-busco/run_eudicots_odb10/metaeuk_output/initial_results/Pcitr_Genome-final.fasta.modified.fas
# Option settings: hmmsearch --domtblout /scratch/srb67793/Pelargonium/Pelargonium-PreviousAssembly-busco/run_eudicots_odb10/hmmer_output/initial_run_results/80448at71240.out --cpu 1 /scratch/srb67793/Pelargonium/busco_downloads/lineages/eudicots_odb10/hmms/80448at71240.hmm /scratch/srb67793/Pelargonium/Pelargonium-PreviousAssembly-busco/run_eudicots_odb10/metaeuk_output/initial_results/Pcitr_Genome-final.fasta.modified.fas 
# Current dir:     /scratch/srb67793/Pelargonium
# Date:            Tue Jul  9 10:57:27 2024
# [ok]
