#                                                                                      --- full sequence --- -------------- this domain -------------   hmm coord   ali coord   env coord
# target name                  accession   tlen query name           accession   qlen   E-value  score  bias   #  of  c-Evalue  i-Evalue  score  bias  from    to  from    to  from    to  acc description of target
#          ------------------- ---------- ----- -------------------- ---------- ----- --------- ------ ----- --- --- --------- --------- ------ ----- ----- ----- ----- ----- ----- ----- ---- ---------------------
Pcitr_Contig17:2236140-2242719 -            892 8739at71240          -            800         0 1469.2   6.0   1   2  3.6e-279  2.7e-276  917.9   2.2     1   521    10   578    10   590 0.93 -
Pcitr_Contig17:2236140-2242719 -            892 8739at71240          -            800         0 1469.2   6.0   2   2  8.7e-169  6.5e-166  552.8   0.1   518   781   601   883   595   891 0.93 -
Pcitr_chr1:11129500-11122337   -           1079 8739at71240          -            800   9.1e-69  231.5   0.2   1   2   2.5e-08   1.9e-05   22.1   0.0   256   325   418   486   384   494 0.90 -
Pcitr_chr1:11129500-11122337   -           1079 8739at71240          -            800   9.1e-69  231.5   0.2   2   2   2.6e-64   1.9e-61  207.3   0.0   493   776   689   991   599   999 0.83 -
Pcitr_chr1:25612387-25603714   -           1267 8739at71240          -            800   6.9e-64  215.4   0.1   1   2   1.9e-14   1.5e-11   42.3   0.0   252   349   681   778   658   784 0.87 -
Pcitr_chr1:25612387-25603714   -           1267 8739at71240          -            800   6.9e-64  215.4   0.1   2   2   3.4e-53   2.6e-50  170.5   0.0   517   775   946  1223   936  1236 0.86 -
Pcitr_chr5:35355763-35373531   -           2281 8739at71240          -            800     4e-62  209.5   0.3   1   2   1.1e-12   8.4e-10   36.5   0.2   138   352   277   506   247   559 0.69 -
Pcitr_chr5:35355763-35373531   -           2281 8739at71240          -            800     4e-62  209.5   0.3   2   2   2.8e-53   2.1e-50  170.8   0.0   508   768   602   888   587   906 0.82 -
Pcitr_chr11:1573003-1562523    -            814 8739at71240          -            800     3e-50  170.2   0.2   1   3   2.1e-09   1.6e-06   25.6   0.0   253   334   153   239   134   250 0.77 -
Pcitr_chr11:1573003-1562523    -            814 8739at71240          -            800     3e-50  170.2   0.2   2   3   1.7e-07   0.00013   19.3   0.0   420   570   369   519   361   532 0.83 -
Pcitr_chr11:1573003-1562523    -            814 8739at71240          -            800     3e-50  170.2   0.2   3   3   2.1e-38   1.6e-35  121.6   0.0   583   773   567   757   544   770 0.85 -
Pcitr_chr7:9662702-9627118     -            760 8739at71240          -            800   3.2e-35  120.6   0.1   1   2     6e-08   4.5e-05   20.8   0.1   255   322   161   227   149   258 0.77 -
Pcitr_chr7:9662702-9627118     -            760 8739at71240          -            800   3.2e-35  120.6   0.1   2   2   4.4e-31   3.3e-28   97.4   0.0   490   705   442   648   417   665 0.83 -
Pcitr_chr7:20348656-20327048   -           1168 8739at71240          -            800   4.1e-22   77.2   0.0   1   1   8.5e-25   6.4e-22   76.6   0.0   592   767   797   975   788   981 0.92 -
Pcitr_chr4:20923085-20940173   -           1076 8739at71240          -            800   3.5e-20   70.8   0.1   1   1   7.1e-23   5.3e-20   70.2   0.1   590   767   722   902   714   911 0.91 -
Pcitr_chr1:35137478-35142046   -            887 8739at71240          -            800   1.4e-16   58.9   0.0   1   2     1e-18   7.6e-16   56.5   0.0   588   767   439   620   423   631 0.86 -
Pcitr_chr1:35137478-35142046   -            887 8739at71240          -            800   1.4e-16   58.9   0.0   2   2      0.15   1.2e+02   -0.4   0.2   450   511   679   738   639   740 0.78 -
Pcitr_chr4:20764992-20783476   -            774 8739at71240          -            800   6.7e-15   53.3   0.1   1   1   1.3e-17   9.9e-15   52.8   0.1   590   682   680   772   672   774 0.96 -
Pcitr_chr1:18609604-18619339   -            722 8739at71240          -            800   2.2e-10   38.4   0.0   1   1   4.5e-13   3.4e-10   37.8   0.0   621   767   404   552   359   565 0.90 -
Pcitr_chr4:20779372-20783254   -            383 8739at71240          -            800   9.1e-05   19.8   0.0   1   1   1.7e-07   0.00012   19.4   0.0   590   651   321   382   313   383 0.92 -
Pcitr_chr3:28317733-28303065   -            835 8739at71240          -            800      0.25    8.4   9.7   1   1   0.00054       0.4    7.8   9.7   335   507   462   634   452   641 0.79 -
#
# Program:         hmmsearch
# Version:         3.3.2 (Nov 2020)
# Pipeline mode:   SEARCH
# Query file:      /scratch/srb67793/Pelargonium/busco_downloads/lineages/eudicots_odb10/hmms/8739at71240.hmm
# Target file:     /scratch/srb67793/Pelargonium/Pelargonium-PreviousAssembly-busco/run_eudicots_odb10/metaeuk_output/initial_results/Pcitr_Genome-final.fasta.modified.fas
# Option settings: hmmsearch --domtblout /scratch/srb67793/Pelargonium/Pelargonium-PreviousAssembly-busco/run_eudicots_odb10/hmmer_output/initial_run_results/8739at71240.out --cpu 1 /scratch/srb67793/Pelargonium/busco_downloads/lineages/eudicots_odb10/hmms/8739at71240.hmm /scratch/srb67793/Pelargonium/Pelargonium-PreviousAssembly-busco/run_eudicots_odb10/metaeuk_output/initial_results/Pcitr_Genome-final.fasta.modified.fas 
# Current dir:     /scratch/srb67793/Pelargonium
# Date:            Tue Jul  9 10:57:38 2024
# [ok]
