#                                                                                      --- full sequence --- -------------- this domain -------------   hmm coord   ali coord   env coord
# target name                  accession   tlen query name           accession   qlen   E-value  score  bias   #  of  c-Evalue  i-Evalue  score  bias  from    to  from    to  from    to  acc description of target
#          ------------------- ---------- ----- -------------------- ---------- ----- --------- ------ ----- --- --- --------- --------- ------ ----- ----- ----- ----- ----- ----- ----- ---- ---------------------
Pcitr_chr2:5592297-5590913     -            348 92415at71240         -            308  9.1e-178  588.9   0.6   1   1  5.3e-180  1.1e-177  588.7   0.6     1   307    21   341    21   344 0.96 -
Pcitr_Contig34:1806335-1808098 -            331 92415at71240         -            308   5.5e-98  326.9   0.1   1   1  3.1e-100   6.3e-98  326.7   0.1     1   300    19   329    19   331 0.94 -
Pcitr_chr1:3970207-3968228     -            312 92415at71240         -            308   9.7e-84  280.1   0.2   1   1   5.4e-86   1.1e-83  280.0   0.2     3   298     2   312     1   312 0.92 -
Pcitr_chr6:10303429-10310968   -            337 92415at71240         -            308   1.1e-81  273.3   1.4   1   1   6.3e-84   1.3e-81  273.1   1.4     3   306    13   335    11   337 0.85 -
Pcitr_chr6:40892302-40894265   -            328 92415at71240         -            308   1.9e-81  272.6   0.1   1   1   1.2e-83   2.4e-81  272.3   0.1     2   300    13   324    12   326 0.90 -
Pcitr_chr8:18720403-18718249   -            331 92415at71240         -            308   3.4e-81  271.8   2.5   1   1   2.1e-83   4.2e-81  271.4   2.5     2   297     6   311     5   316 0.92 -
Pcitr_chr8:23853816-23855358   -            356 92415at71240         -            308   1.5e-78  263.1   0.3   1   1   9.1e-81   1.8e-78  262.8   0.3     2   299    28   347    27   352 0.89 -
Pcitr_chr2:39060689-39064353   -            355 92415at71240         -            308   7.7e-76  254.2   3.1   1   1   4.5e-78   9.2e-76  253.9   3.1     3   305    25   342    23   345 0.89 -
Pcitr_chr2:39057619-39053895   -            355 92415at71240         -            308   8.9e-76  254.0   3.0   1   1   5.2e-78   1.1e-75  253.7   3.0     3   305    25   342    23   345 0.89 -
Pcitr_chr10:477142-507755      -            428 92415at71240         -            308   1.4e-72  243.5   6.1   1   1   8.7e-75   1.8e-72  243.1   6.1     3   306   102   419   100   421 0.90 -
Pcitr_chr7:3130135-3127432     -            342 92415at71240         -            308   6.3e-72  241.3   1.6   1   1   3.8e-74   7.8e-72  241.0   1.6     2   300    12   325    11   332 0.89 -
Pcitr_chr8:18248297-18250234   -            333 92415at71240         -            308   2.8e-70  235.9   0.4   1   1   1.7e-72   3.4e-70  235.6   0.4     2   300     8   316     7   323 0.88 -
Pcitr_chr11:387892-385659      -            346 92415at71240         -            308   1.4e-67  227.0   0.6   1   2   1.5e-29     3e-27   94.6   0.3     3    98     8   103     6   114 0.92 -
Pcitr_chr11:387892-385659      -            346 92415at71240         -            308   1.4e-67  227.0   0.6   2   2   1.2e-40   2.4e-38  131.0   0.0   106   299   137   345   119   346 0.86 -
Pcitr_chr4:5297811-5299866     -            258 92415at71240         -            308   4.7e-64  215.5   2.2   1   2   8.1e-35   1.7e-32  111.9   0.5     2    92     4    96     3   106 0.93 -
Pcitr_chr4:5297811-5299866     -            258 92415at71240         -            308   4.7e-64  215.5   2.2   2   2   2.1e-32   4.2e-30  104.0   0.1   163   302   103   246    99   252 0.89 -
Pcitr_chr4:5309235-5320621     -            251 92415at71240         -            308     8e-64  214.7   0.9   1   2     4e-34   8.1e-32  109.6   0.1     2    97    17   114    16   116 0.95 -
Pcitr_chr4:5309235-5320621     -            251 92415at71240         -            308     8e-64  214.7   0.9   2   2   8.6e-33   1.7e-30  105.2   0.1   166   299   114   251   112   251 0.93 -
Pcitr_chr6:39795941-39801428   -            377 92415at71240         -            308   1.9e-62  210.2   2.1   1   1   1.1e-64   2.2e-62  210.0   2.1     3   301    40   357    38   364 0.87 -
Pcitr_chr3:17889094-17886719   -            241 92415at71240         -            308   1.8e-61  207.0   0.1   1   2   1.8e-31   3.6e-29  100.9   0.0     3    99     7   103     5   104 0.95 -
Pcitr_chr3:17889094-17886719   -            241 92415at71240         -            308   1.8e-61  207.0   0.1   2   2     3e-33     6e-31  106.7   0.0   167   299   103   240   101   241 0.92 -
Pcitr_chr4:5219944-5310529     -            260 92415at71240         -            308   1.4e-60  204.0   1.6   1   2   1.6e-32   3.2e-30  104.3   0.2     3   100     1   100     1   107 0.95 -
Pcitr_chr4:5219944-5310529     -            260 92415at71240         -            308   1.4e-60  204.0   1.6   2   2   5.1e-31     1e-28   99.4   0.1   164   299   122   260   103   260 0.86 -
Pcitr_Contig24:7443692-7447557 -            238 92415at71240         -            308   2.4e-59  200.0   0.8   1   2   4.2e-29   8.4e-27   93.1   0.5     3    97     1    95     1    99 0.91 -
Pcitr_Contig24:7443692-7447557 -            238 92415at71240         -            308   2.4e-59  200.0   0.8   2   2   5.1e-33     1e-30  106.0   0.0   163   297    98   237    95   238 0.91 -
Pcitr_chr8:19029945-19027669   -            258 92415at71240         -            308   2.1e-58  196.9   1.4   1   2   7.1e-28   1.4e-25   89.1   0.5     3    97    25   119    23   120 0.93 -
Pcitr_chr8:19029945-19027669   -            258 92415at71240         -            308   2.1e-58  196.9   1.4   2   2   1.1e-33   2.3e-31  108.1   0.0   166   299   119   257   118   258 0.92 -
Pcitr_chr6:8804309-8790465     -            312 92415at71240         -            308   2.1e-58  196.9   0.3   1   1   1.5e-60   3.1e-58  196.3   0.3     3   302     4   309     2   312 0.86 -
Pcitr_chr1:20204255-20227764   -            280 92415at71240         -            308   2.2e-58  196.9   0.1   1   2   3.3e-30   6.7e-28   96.7   0.1     3   103    10   110     8   122 0.91 -
Pcitr_chr1:20204255-20227764   -            280 92415at71240         -            308   2.2e-58  196.9   0.1   2   2   9.4e-31   1.9e-28   98.5   0.0   163   300   124   267   115   275 0.89 -
Pcitr_chr9:1857123-1861331     -            259 92415at71240         -            308     7e-58  195.2   1.0   1   2   3.6e-28   7.4e-26   90.0   0.6     3   101    24   120    22   122 0.94 -
Pcitr_chr9:1857123-1861331     -            259 92415at71240         -            308     7e-58  195.2   1.0   2   2   8.2e-33   1.7e-30  105.3   0.0   163   297   119   258   116   259 0.90 -
Pcitr_chr11:395950-392944      -            256 92415at71240         -            308   2.5e-57  193.4   0.4   1   2   3.1e-28   6.3e-26   90.2   0.3     3    99    18   112    16   114 0.94 -
Pcitr_chr11:395950-392944      -            256 92415at71240         -            308   2.5e-57  193.4   0.4   2   2   9.6e-32     2e-29  101.8   0.0   166   300   115   254   111   256 0.92 -
Pcitr_chr1:33427134-33419796   -            305 92415at71240         -            308   4.8e-56  189.2   3.7   1   1   7.4e-57   1.5e-54  184.3   3.7     3   304     8   293     6   297 0.83 -
Pcitr_chr6:37626643-37618360   -            331 92415at71240         -            308   9.2e-56  188.2   1.2   1   1   5.5e-58   1.1e-55  188.0   1.2     3   301     1   314     1   321 0.82 -
Pcitr_chr1:6291864-6293921     -            306 92415at71240         -            308   1.1e-54  184.7   1.8   1   1   6.2e-57   1.3e-54  184.5   1.8     3   295    11   306     9   306 0.87 -
Pcitr_chr8:36790870-36798958   -            318 92415at71240         -            308   2.1e-53  180.5   0.4   1   1   1.2e-55   2.4e-53  180.3   0.4     3   298     7   317     5   318 0.83 -
Pcitr_chr11:3909877-3911658    -            227 92415at71240         -            308   3.4e-53  179.8   1.5   1   2   1.4e-22   2.8e-20   71.7   0.8     3    98     2    82     1    84 0.91 -
Pcitr_chr11:3909877-3911658    -            227 92415at71240         -            308   3.4e-53  179.8   1.5   2   2   1.4e-31   2.9e-29  101.2   0.0   166   298    83   227    81   227 0.89 -
Pcitr_chr7:11008155-11005768   -            318 92415at71240         -            308     5e-53  179.3   0.0   1   1   2.8e-55   5.7e-53  179.1   0.0     3   296     8   318     6   318 0.88 -
Pcitr_chr10:25694810-25693230  -            236 92415at71240         -            308   2.1e-52  177.2   0.5   1   2   4.1e-30   8.4e-28   96.4   0.1     3    98     1    96     1   100 0.94 -
Pcitr_chr10:25694810-25693230  -            236 92415at71240         -            308   2.1e-52  177.2   0.5   2   2   1.6e-24   3.3e-22   78.0   0.0   160   300   105   236   100   236 0.85 -
Pcitr_chr5:28741317-28745199   -            269 92415at71240         -            308   4.7e-52  176.1   2.6   1   2   2.7e-15   5.5e-13   47.7   0.1     3    59     3    57     1    60 0.92 -
Pcitr_chr5:28741317-28745199   -            269 92415at71240         -            308   4.7e-52  176.1   2.6   2   2     4e-39   8.2e-37  126.0   0.4    98   300    54   251    53   258 0.87 -
Pcitr_chr1:22233683-22232367   -            322 92415at71240         -            308   4.5e-50  169.6   1.6   1   1   2.7e-52   5.4e-50  169.3   1.6     3   300     8   304     6   311 0.87 -
Pcitr_chr7:33356011-33354410   -            296 92415at71240         -            308   2.1e-48  164.1   3.8   1   2   2.4e-12   4.8e-10   38.1   0.1     3    54     5    55     3    61 0.92 -
Pcitr_chr7:33356011-33354410   -            296 92415at71240         -            308   2.1e-48  164.1   3.8   2   2   1.9e-39   3.9e-37  127.1   1.2    94   304    60   285    53   289 0.86 -
Pcitr_chr4:39986964-39984326   -            283 92415at71240         -            308     3e-44  150.4   1.2   1   2   1.7e-20   3.5e-18   64.8   0.3     4    87    41   125    38   136 0.88 -
Pcitr_chr4:39986964-39984326   -            283 92415at71240         -            308     3e-44  150.4   1.2   2   2   6.8e-27   1.4e-24   85.9   0.1   155   296   127   282   122   283 0.82 -
Pcitr_Contig23:1957353-1950858 -            255 92415at71240         -            308   8.3e-44  149.0   1.0   1   1   4.6e-46   9.3e-44  148.8   1.0     3   245     3   254     1   255 0.80 -
Pcitr_chr11:14977018-14975338  -            247 92415at71240         -            308   8.5e-43  145.7   1.8   1   2   5.5e-20   1.1e-17   63.2   0.4     3    90    31   119    29   120 0.90 -
Pcitr_chr11:14977018-14975338  -            247 92415at71240         -            308   8.5e-43  145.7   1.8   2   2   3.7e-26   7.4e-24   83.4   0.0   166   287   119   246   116   247 0.91 -
Pcitr_Contig23:1994870-2047547 -            286 92415at71240         -            308   1.1e-40  138.7   0.9   1   1   6.4e-43   1.3e-40  138.5   0.9     3   247    34   284    32   286 0.89 -
Pcitr_chr10:20212373-20213457  -            275 92415at71240         -            308   1.2e-39  135.3   0.0   1   1   6.7e-42   1.4e-39  135.1   0.0     3   246    23   275    21   275 0.85 -
Pcitr_chr10:18493677-18492808  -            264 92415at71240         -            308   1.9e-30  105.1   0.2   1   1     1e-32   2.1e-30  105.0   0.2    61   296     9   264     1   264 0.83 -
Pcitr_chr3:2970537-2972537     -            235 92415at71240         -            308   3.6e-30  104.2   0.9   1   2   2.1e-20   4.2e-18   64.6   0.5     4   100    33   129    30   136 0.92 -
Pcitr_chr3:2970537-2972537     -            235 92415at71240         -            308   3.6e-30  104.2   0.9   2   2   1.7e-12   3.5e-10   38.5   0.0   161   246   143   233   128   235 0.82 -
Pcitr_chr1:33490705-33492963   -            207 92415at71240         -            308   2.4e-27   94.9   2.1   1   2   4.2e-13   8.5e-11   40.6   0.6     3    59     7    60     5    69 0.85 -
Pcitr_chr1:33490705-33492963   -            207 92415at71240         -            308   2.4e-27   94.9   2.1   2   2     2e-15   4.2e-13   48.1   0.1   167   303    69   192    64   197 0.84 -
Pcitr_chr4:40908497-40901059   -            218 92415at71240         -            308   4.7e-27   93.9   0.1   1   1   2.6e-29   5.2e-27   93.8   0.1   104   296     7   218     1   218 0.79 -
Pcitr_chr1:52624289-52625612   -            322 92415at71240         -            308   1.3e-17   62.9   0.3   1   1   4.7e-18   9.6e-16   56.8   0.3     3   299     1   322     1   322 0.67 -
Pcitr_chr8:12500076-12501070   -            187 92415at71240         -            308     2e-17   62.3   0.4   1   2   1.9e-15   3.8e-13   48.3   0.1     3    88     5    81     3   106 0.82 -
Pcitr_chr8:12500076-12501070   -            187 92415at71240         -            308     2e-17   62.3   0.4   2   2   0.00014     0.029   12.5   0.0    99   157   120   182   115   187 0.74 -
Pcitr_chr8:27224277-27224864   -            196 92415at71240         -            308   1.9e-09   36.1   0.0   1   1   1.2e-11   2.4e-09   35.8   0.0   124   295     5   196     2   196 0.79 -
Pcitr_chr5:23974589-23975524   -            312 92415at71240         -            308   3.3e-08   32.0   0.6   1   1   1.6e-07   3.2e-05   22.2   0.6   166   255   214   312     1   312 0.84 -
Pcitr_chr1:29081932-29082483   -            184 92415at71240         -            308   6.6e-06   24.5   0.5   1   2   1.2e-07   2.5e-05   22.6   0.2     3    72     1    71     1   113 0.78 -
Pcitr_chr1:29081932-29082483   -            184 92415at71240         -            308   6.6e-06   24.5   0.5   2   2      0.98     2e+02   -0.1   0.0   123   142   147   167   142   180 0.79 -
#
# Program:         hmmsearch
# Version:         3.3.2 (Nov 2020)
# Pipeline mode:   SEARCH
# Query file:      /scratch/srb67793/Pelargonium/busco_downloads/lineages/eudicots_odb10/hmms/92415at71240.hmm
# Target file:     /scratch/srb67793/Pelargonium/Pelargonium-PreviousAssembly-busco/run_eudicots_odb10/metaeuk_output/initial_results/Pcitr_Genome-final.fasta.modified.fas
# Option settings: hmmsearch --domtblout /scratch/srb67793/Pelargonium/Pelargonium-PreviousAssembly-busco/run_eudicots_odb10/hmmer_output/initial_run_results/92415at71240.out --cpu 1 /scratch/srb67793/Pelargonium/busco_downloads/lineages/eudicots_odb10/hmms/92415at71240.hmm /scratch/srb67793/Pelargonium/Pelargonium-PreviousAssembly-busco/run_eudicots_odb10/metaeuk_output/initial_results/Pcitr_Genome-final.fasta.modified.fas 
# Current dir:     /scratch/srb67793/Pelargonium
# Date:            Tue Jul  9 10:57:33 2024
# [ok]
