#                                                                                    --- full sequence --- -------------- this domain -------------   hmm coord   ali coord   env coord
# target name                accession   tlen query name           accession   qlen   E-value  score  bias   #  of  c-Evalue  i-Evalue  score  bias  from    to  from    to  from    to  acc description of target
#        ------------------- ---------- ----- -------------------- ---------- ----- --------- ------ ----- --- --- --------- --------- ------ ----- ----- ----- ----- ----- ----- ----- ---- ---------------------
Pcitr_chr5:35759920-35755996 -            383 92573at71240         -            323    1e-175  582.6  21.6   1   1    9e-177  1.7e-173  575.3  21.6     3   323    83   383    81   383 0.97 -
Pcitr_chr11:6073747-6088352  -            546 92573at71240         -            323   6.3e-77  258.0  18.1   1   2       0.3   5.9e+02   -1.5   4.4   131   225   106   209    20   218 0.57 -
Pcitr_chr11:6073747-6088352  -            546 92573at71240         -            323   6.3e-77  258.0  18.1   2   2   3.2e-80   6.3e-77  258.0  18.1    10   311   240   539   232   546 0.95 -
Pcitr_chr5:33867948-33865071 -            414 92573at71240         -            323   1.8e-70  236.8  21.6   1   1   1.3e-73   2.6e-70  236.3  21.6    15   309    94   392    85   399 0.95 -
Pcitr_chr11:5336915-5333654  -            216 92573at71240         -            323   1.3e-57  194.5  23.5   1   2   1.5e-48     3e-45  153.9  15.6    10   175     2   162     1   164 0.94 -
Pcitr_chr11:5336915-5333654  -            216 92573at71240         -            323   1.3e-57  194.5  23.5   2   2   4.9e-16   9.6e-13   47.1   1.1   263   310   162   209   161   214 0.95 -
Pcitr_chr7:35871941-35872808 -            220 92573at71240         -            323   1.1e-26   92.9  13.6   1   1   9.1e-30   1.8e-26   92.3  13.6    49   257     4   206     1   220 0.89 -
#
# Program:         hmmsearch
# Version:         3.3.2 (Nov 2020)
# Pipeline mode:   SEARCH
# Query file:      /scratch/srb67793/Pelargonium/busco_downloads/lineages/eudicots_odb10/hmms/92573at71240.hmm
# Target file:     /scratch/srb67793/Pelargonium/Pelargonium-PreviousAssembly-busco/run_eudicots_odb10/metaeuk_output/initial_results/Pcitr_Genome-final.fasta.modified.fas
# Option settings: hmmsearch --domtblout /scratch/srb67793/Pelargonium/Pelargonium-PreviousAssembly-busco/run_eudicots_odb10/hmmer_output/initial_run_results/92573at71240.out --cpu 1 /scratch/srb67793/Pelargonium/busco_downloads/lineages/eudicots_odb10/hmms/92573at71240.hmm /scratch/srb67793/Pelargonium/Pelargonium-PreviousAssembly-busco/run_eudicots_odb10/metaeuk_output/initial_results/Pcitr_Genome-final.fasta.modified.fas 
# Current dir:     /scratch/srb67793/Pelargonium
# Date:            Tue Jul  9 10:57:33 2024
# [ok]
