#                                                                                      --- full sequence --- -------------- this domain -------------   hmm coord   ali coord   env coord
# target name                  accession   tlen query name           accession   qlen   E-value  score  bias   #  of  c-Evalue  i-Evalue  score  bias  from    to  from    to  from    to  acc description of target
#          ------------------- ---------- ----- -------------------- ---------- ----- --------- ------ ----- --- --- --------- --------- ------ ----- ----- ----- ----- ----- ----- ----- ---- ---------------------
Pcitr_chr8:31816359-31819964   -            296 94224at71240         -            271  2.7e-159  527.6  11.9   1   2  3.3e-161  3.6e-159  527.2  10.9     1   263    12   277    12   290 0.95 -
Pcitr_chr8:31816359-31819964   -            296 94224at71240         -            271  2.7e-159  527.6  11.9   2   2      0.82        89    1.3   0.0    14    32   277   295   272   296 0.73 -
Pcitr_chr1:28919401-28920288   -            296 94224at71240         -            271   3.8e-36  123.8   9.2   1   1   4.1e-38   4.5e-36  123.6   9.2     2   261     8   277     7   287 0.85 -
Pcitr_chr1:23362067-23360424   -            306 94224at71240         -            271   8.1e-36  122.7   7.4   1   2   2.3e-13   2.6e-11   42.4   0.5    38   152    12   130     6   130 0.91 -
Pcitr_chr1:23362067-23360424   -            306 94224at71240         -            271   8.1e-36  122.7   7.4   2   2     4e-28   4.3e-26   90.8   2.3    84   267   101   291    98   295 0.87 -
Pcitr_chr5:32325755-32326588   -            278 94224at71240         -            271   4.1e-33  113.9   8.8   1   1   4.3e-35   4.7e-33  113.7   8.8    17   261     8   259     1   269 0.88 -
Pcitr_chr3:5298846-5305184     -            939 94224at71240         -            271   3.1e-29  101.1  10.4   1   5   1.2e-13   1.3e-11   43.4   0.1    12   168    72   229    63   240 0.87 -
Pcitr_chr3:5298846-5305184     -            939 94224at71240         -            271   3.1e-29  101.1  10.4   2   5    0.0086      0.94    7.8   0.0    43    84   398   438   378   443 0.86 -
Pcitr_chr3:5298846-5305184     -            939 94224at71240         -            271   3.1e-29  101.1  10.4   3   5   3.7e-05    0.0041   15.5   0.0    15    76   451   512   438   535 0.89 -
Pcitr_chr3:5298846-5305184     -            939 94224at71240         -            271   3.1e-29  101.1  10.4   4   5     0.019       2.1    6.6   0.1   166   240   534   606   523   606 0.82 -
Pcitr_chr3:5298846-5305184     -            939 94224at71240         -            271   3.1e-29  101.1  10.4   5   5   4.9e-11   5.4e-09   34.8   1.4     5   114   575   690   571   699 0.83 -
Pcitr_chr8:18218845-18219726   -            294 94224at71240         -            271     1e-28   99.4   0.5   1   1   4.5e-30   4.9e-28   97.2   0.3     3   264     1   277     1   279 0.84 -
Pcitr_chr1:51481356-51479596   -            587 94224at71240         -            271   1.2e-28   99.2   5.5   1   3   1.2e-16   1.3e-14   53.2   0.4     4    85   294   380   291   392 0.88 -
Pcitr_chr1:51481356-51479596   -            587 94224at71240         -            271   1.2e-28   99.2   5.5   2   3   8.4e-08   9.2e-06   24.2   0.2    61   113   400   455   386   460 0.84 -
Pcitr_chr1:51481356-51479596   -            587 94224at71240         -            271   1.2e-28   99.2   5.5   3   3   1.7e-07   1.9e-05   23.2   0.0   162   267   465   573   456   578 0.81 -
Pcitr_Contig16:1039334-1041011 -            556 94224at71240         -            271   4.8e-27   94.0   4.3   1   3   3.8e-16   4.2e-14   51.5   0.5     4    85   263   349   260   361 0.88 -
Pcitr_Contig16:1039334-1041011 -            556 94224at71240         -            271   4.8e-27   94.0   4.3   2   3   2.6e-06   0.00028   19.3   0.1    61   113   369   424   355   429 0.84 -
Pcitr_Contig16:1039334-1041011 -            556 94224at71240         -            271   4.8e-27   94.0   4.3   3   3   1.4e-07   1.5e-05   23.4   0.0   162   267   434   542   424   547 0.81 -
Pcitr_chr5:22573709-22572032   -            556 94224at71240         -            271   4.8e-27   94.0   4.3   1   3   3.8e-16   4.2e-14   51.5   0.5     4    85   263   349   260   361 0.88 -
Pcitr_chr5:22573709-22572032   -            556 94224at71240         -            271   4.8e-27   94.0   4.3   2   3   2.6e-06   0.00028   19.3   0.1    61   113   369   424   355   429 0.84 -
Pcitr_chr5:22573709-22572032   -            556 94224at71240         -            271   4.8e-27   94.0   4.3   3   3   1.4e-07   1.5e-05   23.4   0.0   162   267   434   542   424   547 0.81 -
Pcitr_chr6:4882411-4885085     -            505 94224at71240         -            271   4.8e-19   67.7   1.9   1   2   5.1e-20   5.6e-18   64.2   0.8     2   265   216   486   215   492 0.82 -
Pcitr_chr6:4882411-4885085     -            505 94224at71240         -            271   4.8e-19   67.7   1.9   2   2       4.3   4.8e+02   -1.1   0.0    20    31   491   502   485   504 0.75 -
Pcitr_chr11:9104081-9101308    -            514 94224at71240         -            271     1e-18   66.6   0.5   1   2   2.7e-20   2.9e-18   65.1   0.2     2   264   216   488   215   495 0.88 -
Pcitr_chr11:9104081-9101308    -            514 94224at71240         -            271     1e-18   66.6   0.5   2   2      0.14        15    3.8   0.0     5    31   475   505   473   508 0.56 -
Pcitr_chr10:26626991-26632705  -            887 94224at71240         -            271     2e-18   65.7   0.6   1   5       3.5   3.8e+02   -0.8   0.0   166   194   140   168    70   228 0.60 -
Pcitr_chr10:26626991-26632705  -            887 94224at71240         -            271     2e-18   65.7   0.6   2   5   9.2e-08     1e-05   24.0   0.1    16   114   347   448   332   456 0.86 -
Pcitr_chr10:26626991-26632705  -            887 94224at71240         -            271     2e-18   65.7   0.6   3   5   4.5e-10     5e-08   31.6   0.0    19   114   434   533   431   539 0.86 -
Pcitr_chr10:26626991-26632705  -            887 94224at71240         -            271     2e-18   65.7   0.6   4   5   7.1e-08   7.8e-06   24.4   0.0     2    86   500   586   499   595 0.88 -
Pcitr_chr10:26626991-26632705  -            887 94224at71240         -            271     2e-18   65.7   0.6   5   5      0.79        86    1.3   0.0   210   251   607   648   588   664 0.74 -
Pcitr_chr1:37712796-37712290   -            169 94224at71240         -            271     7e-16   57.4   2.7   1   2   2.3e-09   2.6e-07   29.3   0.3     5    94     1    97     1    98 0.86 -
Pcitr_chr1:37712796-37712290   -            169 94224at71240         -            271     7e-16   57.4   2.7   2   2   4.4e-11   4.8e-09   34.9   0.1    18   119    63   165    42   168 0.87 -
Pcitr_chr5:4673675-4662720     -            465 94224at71240         -            271   2.3e-15   55.7   0.5   1   2   4.8e-17   5.2e-15   54.5   0.2     3   265   171   446   169   452 0.82 -
Pcitr_chr5:4673675-4662720     -            465 94224at71240         -            271   2.3e-15   55.7   0.5   2   2       5.5     6e+02   -1.5   0.0    21    33   452   464   446   465 0.81 -
Pcitr_chr5:4667526-4672970     -            512 94224at71240         -            271   3.4e-15   55.1   0.8   1   2   6.1e-17   6.7e-15   54.1   0.4     2   265   217   493   216   499 0.82 -
Pcitr_chr5:4667526-4672970     -            512 94224at71240         -            271   3.4e-15   55.1   0.8   2   2       5.6   6.2e+02   -1.5   0.0    20    33   498   511   492   512 0.81 -
Pcitr_chr6:2374729-2385220     -            494 94224at71240         -            271   4.6e-15   54.7   4.3   1   3       1.4   1.5e+02    0.5   0.0   171   207   198   234   187   251 0.68 -
Pcitr_chr6:2374729-2385220     -            494 94224at71240         -            271   4.6e-15   54.7   4.3   2   3   5.6e-16   6.1e-14   51.0   0.6   129   264   244   388   206   393 0.78 -
Pcitr_chr6:2374729-2385220     -            494 94224at71240         -            271   4.6e-15   54.7   4.3   3   3       0.1        11    4.2   0.2    16   112   390   492   376   494 0.70 -
Pcitr_chr10:529299-528640      -            220 94224at71240         -            271   2.4e-14   52.3   7.3   1   2   2.3e-13   2.5e-11   42.4   1.9     6   124    12   138     7   141 0.79 -
Pcitr_chr10:529299-528640      -            220 94224at71240         -            271   2.4e-14   52.3   7.3   2   2   9.4e-05      0.01   14.2   0.2    39   113   136   216   134   219 0.70 -
Pcitr_chr5:8032913-8032407     -            169 94224at71240         -            271   4.5e-14   51.4   3.4   1   2   3.1e-08   3.4e-06   25.6   0.4     5    94     1    97     1    98 0.82 -
Pcitr_chr5:8032913-8032407     -            169 94224at71240         -            271   4.5e-14   51.4   3.4   2   2   1.5e-10   1.6e-08   33.2   0.1    18   119    63   165    44   168 0.87 -
Pcitr_chr9:29398503-29394519   -            438 94224at71240         -            271   2.4e-12   45.8   4.1   1   3   1.5e-07   1.7e-05   23.3   0.7     3   116   137   259   135   275 0.77 -
Pcitr_chr9:29398503-29394519   -            438 94224at71240         -            271   2.4e-12   45.8   4.1   2   3   6.9e-07   7.6e-05   21.2   0.7     5   114   184   306   180   321 0.69 -
Pcitr_chr9:29398503-29394519   -            438 94224at71240         -            271   2.4e-12   45.8   4.1   3   3   2.4e-06   0.00026   19.4   0.0   203   267   359   423   351   427 0.91 -
Pcitr_chr5:29292776-29303396   -            904 94224at71240         -            271   5.9e-12   44.5   8.4   1   4     0.034       3.7    5.8   0.2   179   262   151   233    81   245 0.74 -
Pcitr_chr5:29292776-29303396   -            904 94224at71240         -            271   5.9e-12   44.5   8.4   2   4    0.0028      0.31    9.3   0.0    19   113   239   342   222   354 0.73 -
Pcitr_chr5:29292776-29303396   -            904 94224at71240         -            271   5.9e-12   44.5   8.4   3   4   0.00046     0.051   11.9   0.1    85   120   471   509   455   522 0.80 -
Pcitr_chr5:29292776-29303396   -            904 94224at71240         -            271   5.9e-12   44.5   8.4   4   4   1.1e-06   0.00012   20.5   0.2    57   114   526   586   517   604 0.87 -
Pcitr_chr1:36143340-36138251   -            511 94224at71240         -            271   6.5e-12   44.3   1.5   1   4     0.095        10    4.3   0.0    48    82   158   192   150   207 0.85 -
Pcitr_chr1:36143340-36138251   -            511 94224at71240         -            271   6.5e-12   44.3   1.5   2   4   9.7e-10   1.1e-07   30.5   0.3    43   151   214   324   202   329 0.70 -
Pcitr_chr1:36143340-36138251   -            511 94224at71240         -            271   6.5e-12   44.3   1.5   3   4   2.3e-05    0.0025   16.2   0.1    58   153   271   366   267   371 0.76 -
Pcitr_chr1:36143340-36138251   -            511 94224at71240         -            271   6.5e-12   44.3   1.5   4   4      0.16        17    3.6   0.0   214   253   343   382   336   397 0.75 -
Pcitr_chr3:25295251-25307553   -            745 94224at71240         -            271   7.9e-12   44.1   3.1   1   2   1.4e-13   1.5e-11   43.1   1.9     3   239    14   256    12   267 0.77 -
Pcitr_chr3:25295251-25307553   -            745 94224at71240         -            271   7.9e-12   44.1   3.1   2   2       4.8   5.2e+02   -1.3   0.0     6    35   266   297   262   302 0.85 -
Pcitr_chr1:24273910-24274701   -            264 94224at71240         -            271   4.4e-11   41.6   0.4   1   2     2e-10   2.2e-08   32.8   0.1    31   120    18   112     6   118 0.81 -
Pcitr_chr1:24273910-24274701   -            264 94224at71240         -            271   4.4e-11   41.6   0.4   2   2   0.00037     0.041   12.2   0.3    23   100    96   174    93   189 0.75 -
Pcitr_chr1:28897938-28897411   -            176 94224at71240         -            271   9.5e-11   40.5   3.5   1   2   0.00037     0.041   12.2   0.2   100   154    15    69     4    75 0.78 -
Pcitr_chr1:28897938-28897411   -            176 94224at71240         -            271   9.5e-11   40.5   3.5   2   2   3.2e-09   3.5e-07   28.8   0.3    82   154    86   161    80   168 0.81 -
Pcitr_chr1:52493734-52493075   -            220 94224at71240         -            271   6.2e-10   37.8   2.0   1   2     2e-11   2.2e-09   36.1   1.2    10   155     5   159     1   166 0.81 -
Pcitr_chr1:52493734-52493075   -            220 94224at71240         -            271   6.2e-10   37.8   2.0   2   2    0.0074      0.81    8.0   0.0     3    51   129   181   127   217 0.63 -
Pcitr_chr6:16601000-16601515   -            172 94224at71240         -            271   2.4e-09   35.9   2.3   1   2   6.4e-11     7e-09   34.4   1.1    20   122     9   114     2   126 0.85 -
Pcitr_chr6:16601000-16601515   -            172 94224at71240         -            271   2.4e-09   35.9   2.3   2   2       1.9   2.1e+02    0.0   0.0   237   264   130   157   124   164 0.83 -
Pcitr_chr6:19900706-19884274   -            435 94224at71240         -            271   2.8e-09   35.7   6.5   1   4       8.1   8.9e+02   -2.0   0.0   128   158    42    75    33    91 0.66 -
Pcitr_chr6:19900706-19884274   -            435 94224at71240         -            271   2.8e-09   35.7   6.5   2   4   3.7e-06    0.0004   18.8   0.5    18   116   118   222    97   233 0.78 -
Pcitr_chr6:19900706-19884274   -            435 94224at71240         -            271   2.8e-09   35.7   6.5   3   4    0.0019       0.2    9.9   0.0    44    78   310   344   298   354 0.87 -
Pcitr_chr6:19900706-19884274   -            435 94224at71240         -            271   2.8e-09   35.7   6.5   4   4      0.01       1.1    7.5   0.1    31    74   384   427   363   432 0.76 -
Pcitr_chr5:23689551-23688892   -            220 94224at71240         -            271   3.6e-09   35.3   4.2   1   2   1.2e-07   1.3e-05   23.6   1.0     9   115     4   117     1   128 0.81 -
Pcitr_chr5:23689551-23688892   -            220 94224at71240         -            271   3.6e-09   35.3   4.2   2   2   0.00029     0.032   12.6   0.1     3    76   129   212   127   217 0.72 -
Pcitr_chr1:32790993-32791367   -            125 94224at71240         -            271   5.7e-09   34.7   0.0   1   1   5.4e-11   5.9e-09   34.6   0.0    38   120    32   119     2   125 0.83 -
Pcitr_Contig34:776610-781734   -            518 94224at71240         -            271   9.4e-09   34.0   2.4   1   4      0.01       1.1    7.5   0.0    46    80   158   192   135   210 0.86 -
Pcitr_Contig34:776610-781734   -            518 94224at71240         -            271   9.4e-09   34.0   2.4   2   4   1.3e-06   0.00015   20.2   0.7    44   144   217   324   196   336 0.72 -
Pcitr_Contig34:776610-781734   -            518 94224at71240         -            271   9.4e-09   34.0   2.4   3   4    0.0002     0.022   13.1   0.1    59   119   279   341   275   382 0.62 -
Pcitr_Contig34:776610-781734   -            518 94224at71240         -            271   9.4e-09   34.0   2.4   4   4         1   1.1e+02    0.9   0.0   222   245   358   381   344   394 0.66 -
Pcitr_chr6:22424020-22435351   -            758 94224at71240         -            271   1.6e-08   33.2   1.5   1   2     0.028         3    6.1   0.3    48   239    52   123    44   208 0.49 -
Pcitr_chr6:22424020-22435351   -            758 94224at71240         -            271   1.6e-08   33.2   1.5   2   2   1.4e-07   1.5e-05   23.4   0.0    59   114   639   697   600   705 0.77 -
Pcitr_chr10:20946292-20945600  -            231 94224at71240         -            271   2.3e-08   32.7   0.0   1   2       1.5   1.7e+02    0.4   0.0    62    81    32    51     9    62 0.55 -
Pcitr_chr10:20946292-20945600  -            231 94224at71240         -            271   2.3e-08   32.7   0.0   2   2   1.4e-09   1.5e-07   30.0   0.0   141   263    85   208    65   214 0.84 -
Pcitr_chr5:17782688-17780939   -            331 94224at71240         -            271   4.1e-08   31.9   1.2   1   3   0.00018      0.02   13.2   0.1   225   262    44    81    30    87 0.85 -
Pcitr_chr5:17782688-17780939   -            331 94224at71240         -            271   4.1e-08   31.9   1.2   2   3      0.11        12    4.1   0.0    15    77    88   150    84   170 0.82 -
Pcitr_chr5:17782688-17780939   -            331 94224at71240         -            271   4.1e-08   31.9   1.2   3   3   0.00098      0.11   10.8   0.2    57   119   210   285   202   303 0.72 -
Pcitr_chr6:18072980-18072099   -            294 94224at71240         -            271   4.2e-08   31.8   5.0   1   3       3.2   3.5e+02   -0.7   0.0   134   156     3    25     1    33 0.71 -
Pcitr_chr6:18072980-18072099   -            294 94224at71240         -            271   4.2e-08   31.8   5.0   2   3   1.1e-09   1.2e-07   30.3   0.7    99   239    83   227    61   259 0.79 -
Pcitr_chr6:18072980-18072099   -            294 94224at71240         -            271   4.2e-08   31.8   5.0   3   3      0.73        79    1.4   0.2    91   118   258   285   253   292 0.78 -
Pcitr_Contig53:54664-41901     -            421 94224at71240         -            271   5.7e-08   31.4   2.3   1   4     0.018         2    6.7   0.1    39    90   179   230   172   258 0.80 -
Pcitr_Contig53:54664-41901     -            421 94224at71240         -            271   5.7e-08   31.4   2.3   2   4     0.025       2.7    6.2   0.1   220   254   317   352   284   364 0.78 -
Pcitr_Contig53:54664-41901     -            421 94224at71240         -            271   5.7e-08   31.4   2.3   3   4   2.5e-07   2.8e-05   22.6   0.2    18    87   322   393   309   400 0.85 -
Pcitr_Contig53:54664-41901     -            421 94224at71240         -            271   5.7e-08   31.4   2.3   4   4   4.7e-05    0.0052   15.1   0.0    14    44   362   392   352   414 0.65 -
Pcitr_chr3:30086641-30078941   -            461 94224at71240         -            271   2.6e-07   29.2   0.5   1   2   1.9e-05    0.0021   16.5   0.2    15    84   204   273   187   285 0.70 -
Pcitr_chr3:30086641-30078941   -            461 94224at71240         -            271   2.6e-07   29.2   0.5   2   2    0.0019      0.21    9.9   0.0   224   261   397   436   374   446 0.81 -
Pcitr_chr1:11143813-11144295   -            161 94224at71240         -            271   3.5e-07   28.8   1.0   1   1   1.2e-08   1.3e-06   26.9   1.0    21   160     7   159     3   161 0.71 -
Pcitr_chr8:22084333-22084596   -             88 94224at71240         -            271   7.9e-07   27.7   0.0   1   1   7.6e-09   8.3e-07   27.6   0.0    62   116     2    59     1    87 0.65 -
Pcitr_chr6:10652430-10651507   -            308 94224at71240         -            271   1.2e-06   27.1   9.5   1   2    0.0011      0.12   10.6   0.1    63   128     6    72     2    80 0.88 -
Pcitr_chr6:10652430-10651507   -            308 94224at71240         -            271   1.2e-06   27.1   9.5   2   2   2.8e-05     0.003   15.9   5.0    55   204   110   269    84   308 0.76 -
Pcitr_chr3:45440715-45431654   -            498 94224at71240         -            271   1.2e-06   27.0   0.2   1   2   3.4e-06   0.00038   18.9   0.1     3    85   225   310   223   324 0.73 -
Pcitr_chr3:45440715-45431654   -            498 94224at71240         -            271   1.2e-06   27.0   0.2   2   2     0.053       5.8    5.1   0.0   225   261   435   473   415   483 0.71 -
Pcitr_chr11:956526-956017      -            170 94224at71240         -            271   1.8e-06   26.5   0.2   1   2    0.0059      0.64    8.3   0.0    42   127     1    48     1    74 0.53 -
Pcitr_chr11:956526-956017      -            170 94224at71240         -            271   1.8e-06   26.5   0.2   2   2   5.4e-06   0.00059   18.2   0.0     3   113    49   169    47   170 0.75 -
Pcitr_chr11:16617164-16618075  -            304 94224at71240         -            271   2.5e-06   26.0   7.9   1   3         1   1.1e+02    1.0   0.0   132   240    28    52     7    73 0.65 -
Pcitr_chr11:16617164-16618075  -            304 94224at71240         -            271   2.5e-06   26.0   7.9   2   3     1e-06   0.00011   20.6   1.0    45   153    95   210    63   217 0.75 -
Pcitr_chr11:16617164-16618075  -            304 94224at71240         -            271   2.5e-06   26.0   7.9   3   3     0.015       1.6    7.0   0.3     2    38   223   260   222   302 0.79 -
Pcitr_chr7:12894677-12889959   -            293 94224at71240         -            271   2.8e-06   25.9   0.0   1   1   5.1e-08   5.6e-06   24.9   0.0    82   196    13   136     9   158 0.80 -
Pcitr_chr11:15406555-15401749  -            382 94224at71240         -            271   4.7e-06   25.1   4.4   1   4   0.00026     0.029   12.7   0.1   207   261    15    67     8    75 0.80 -
Pcitr_chr11:15406555-15401749  -            382 94224at71240         -            271   4.7e-06   25.1   4.4   2   4      0.13        15    3.8   0.0   100   163    78   143    72   167 0.78 -
Pcitr_chr11:15406555-15401749  -            382 94224at71240         -            271   4.7e-06   25.1   4.4   3   4       5.9   6.4e+02   -1.6   0.0   225   246   176   197   150   212 0.66 -
Pcitr_chr11:15406555-15401749  -            382 94224at71240         -            271   4.7e-06   25.1   4.4   4   4     0.022       2.4    6.4   0.2   108   240   244   377   229   380 0.52 -
Pcitr_chr10:18498668-18490343  -            212 94224at71240         -            271   6.1e-06   24.8   0.8   1   2   5.5e-05     0.006   14.9   0.0    17    78    16    75     6    94 0.84 -
Pcitr_chr10:18498668-18490343  -            212 94224at71240         -            271   6.1e-06   24.8   0.8   2   2    0.0084      0.92    7.8   0.5   134   239   103   205    83   210 0.59 -
Pcitr_chr8:23772570-23773229   -            220 94224at71240         -            271   8.8e-06   24.2   4.1   1   2   1.6e-07   1.7e-05   23.3   2.2    98   257    14   179     7   190 0.74 -
Pcitr_chr8:23772570-23773229   -            220 94224at71240         -            271   8.8e-06   24.2   4.1   2   2     0.026       2.9    6.2   0.1     2    58   128   187   127   215 0.73 -
Pcitr_chr1:20967015-20970406   -            701 94224at71240         -            271   9.5e-06   24.1   0.1   1   2       0.7        76    1.5   0.0   131   156   208   233   193   256 0.62 -
Pcitr_chr1:20967015-20970406   -            701 94224at71240         -            271   9.5e-06   24.1   0.1   2   2   4.5e-06    0.0005   18.5   0.1    19   127   351   471   331   530 0.63 -
Pcitr_chr1:11130990-11131802   -            271 94224at71240         -            271   1.2e-05   23.8   0.3   1   1   1.7e-07   1.8e-05   23.2   0.3    21   123    46   157    26   177 0.78 -
Pcitr_chr3:25546965-25547909   -            315 94224at71240         -            271   1.2e-05   23.8   6.2   1   2       1.6   1.8e+02    0.3   0.0   203   239    22    57    14    87 0.67 -
Pcitr_chr3:25546965-25547909   -            315 94224at71240         -            271   1.2e-05   23.8   6.2   2   2   1.6e-07   1.8e-05   23.2   4.1    30   209    82   278    70   314 0.68 -
Pcitr_chr1:37340541-37334521   -            937 94224at71240         -            271   1.6e-05   23.4   0.0   1   2   0.00021     0.023   13.0   0.0   122   243    56   179    29   187 0.70 -
Pcitr_chr1:37340541-37334521   -            937 94224at71240         -            271   1.6e-05   23.4   0.0   2   2      0.01       1.1    7.5   0.0   170   248   199   276   169   296 0.71 -
Pcitr_chr1:2785344-2764988     -           1688 94224at71240         -            271   1.9e-05   23.2   0.2   1   3       2.7   2.9e+02   -0.4   0.1    91   122   281   312   260   324 0.68 -
Pcitr_chr1:2785344-2764988     -           1688 94224at71240         -            271   1.9e-05   23.2   0.2   2   3       4.1   4.4e+02   -1.0   0.0    81   105   380   404   371   411 0.84 -
Pcitr_chr1:2785344-2764988     -           1688 94224at71240         -            271   1.9e-05   23.2   0.2   3   3     3e-06   0.00032   19.1   0.0   169   244   486   560   482   577 0.86 -
Pcitr_chr10:963958-964920      -            321 94224at71240         -            271   2.2e-05   22.9   7.1   1   3      0.07       7.7    4.7   0.5     3    76     4    76     2    86 0.71 -
Pcitr_chr10:963958-964920      -            321 94224at71240         -            271   2.2e-05   22.9   7.1   2   3   1.9e-06   0.00021   19.7   1.1   101   240   123   271   106   283 0.78 -
Pcitr_chr10:963958-964920      -            321 94224at71240         -            271   2.2e-05   22.9   7.1   3   3     0.029       3.1    6.0   0.0     3    36   240   274   238   304 0.86 -
Pcitr_chr11:3050485-3042472    -           1500 94224at71240         -            271   2.4e-05   22.8   1.2   1   3       4.6   5.1e+02   -1.2   0.0   225   242    30    47    18    60 0.68 -
Pcitr_chr11:3050485-3042472    -           1500 94224at71240         -            271   2.4e-05   22.8   1.2   2   3   2.3e-06   0.00026   19.4   0.0    14    89   583   664   560   674 0.84 -
Pcitr_chr11:3050485-3042472    -           1500 94224at71240         -            271   2.4e-05   22.8   1.2   3   3       4.5   4.9e+02   -1.2   0.0    70    89   695   714   684   724 0.82 -
Pcitr_chr4:35659886-35659590   -             99 94224at71240         -            271   2.5e-05   22.7   0.2   1   2   0.00015     0.016   13.5   0.0    84   135     1    56     1    60 0.80 -
Pcitr_chr4:35659886-35659590   -             99 94224at71240         -            271   2.5e-05   22.7   0.2   2   2     0.003      0.33    9.2   0.1     4    40    50    92    47    98 0.65 -
Pcitr_chr8:30722824-30712661   -           1673 94224at71240         -            271   2.5e-05   22.7   1.1   1   3     0.011       1.2    7.4   0.0    23    84  1350  1408  1313  1435 0.70 -
Pcitr_chr8:30722824-30712661   -           1673 94224at71240         -            271   2.5e-05   22.7   1.1   2   3       1.4   1.5e+02    0.5   0.0    52   107  1458  1513  1444  1521 0.79 -
Pcitr_chr8:30722824-30712661   -           1673 94224at71240         -            271   2.5e-05   22.7   1.1   3   3   0.00072     0.079   11.3   0.0    72   115  1533  1578  1519  1588 0.86 -
Pcitr_chr10:969306-970268      -            321 94224at71240         -            271   3.5e-05   22.3   7.5   1   3     0.083       9.1    4.5   0.5     3    76     4    76     2    86 0.70 -
Pcitr_chr10:969306-970268      -            321 94224at71240         -            271   3.5e-05   22.3   7.5   2   3     3e-06   0.00033   19.1   1.2   103   240   125   271   119   283 0.78 -
Pcitr_chr10:969306-970268      -            321 94224at71240         -            271   3.5e-05   22.3   7.5   3   3     0.022       2.4    6.4   0.0     3    37   240   275   238   307 0.78 -
Pcitr_chr1:11060735-11060106   -            210 94224at71240         -            271   3.7e-05   22.2   1.1   1   2       7.5   8.2e+02   -1.9   0.0   168   189    18    39    11    73 0.66 -
Pcitr_chr1:11060735-11060106   -            210 94224at71240         -            271   3.7e-05   22.2   1.1   2   2   6.5e-07   7.2e-05   21.3   0.3    21   115   102   205    98   209 0.76 -
Pcitr_chr1:148999-153505       -           1105 94224at71240         -            271   5.3e-05   21.7   1.3   1   1   9.9e-07   0.00011   20.7   0.7    87   223   830   972   817   981 0.74 -
Pcitr_chr4:39665678-39664776   -            301 94224at71240         -            271   6.9e-05   21.3   1.1   1   2   0.00028      0.03   12.6   0.1    44   155     9   132     3   158 0.72 -
Pcitr_chr4:39665678-39664776   -            301 94224at71240         -            271   6.9e-05   21.3   1.1   2   2     0.011       1.3    7.3   0.1    20    77   179   244   169   282 0.79 -
Pcitr_chr6:7470347-7463235     -           1504 94224at71240         -            271   7.7e-05   21.1   1.3   1   2       4.8   5.3e+02   -1.3   0.0   225   241    30    46    18    62 0.70 -
Pcitr_chr6:7470347-7463235     -           1504 94224at71240         -            271   7.7e-05   21.1   1.3   2   2   3.2e-06   0.00035   19.0   0.0    14    89   587   668   564   679 0.85 -
Pcitr_chr10:30549019-30548634  -            104 94224at71240         -            271   9.2e-05   20.9   0.2   1   1   9.2e-07    0.0001   20.8   0.2    56   115     7    69     1    90 0.55 -
Pcitr_chr4:36571343-36572302   -            320 94224at71240         -            271   0.00011   20.6   0.8   1   2     1e-05    0.0011   17.4   0.8    57   158   123   231    86   252 0.81 -
Pcitr_chr4:36571343-36572302   -            320 94224at71240         -            271   0.00011   20.6   0.8   2   2         1   1.1e+02    1.0   0.0    59    97   257   300   236   306 0.67 -
Pcitr_chr2:6286097-6286488     -            105 94224at71240         -            271   0.00012   20.5   0.4   1   1   1.3e-06   0.00014   20.3   0.4    55   115     6    69     1    93 0.67 -
Pcitr_chr11:1325839-1326870    -            344 94224at71240         -            271   0.00013   20.4   0.4   1   3      0.06       6.6    5.0   0.0   107   134   109   136    97   147 0.80 -
Pcitr_chr11:1325839-1326870    -            344 94224at71240         -            271   0.00013   20.4   0.4   2   3   0.00082      0.09   11.1   0.1    67   120   158   213   148   219 0.81 -
Pcitr_chr11:1325839-1326870    -            344 94224at71240         -            271   0.00013   20.4   0.4   3   3       1.5   1.7e+02    0.3   0.0    58    77   281   300   252   321 0.79 -
Pcitr_chr6:290516-286136       -            548 94224at71240         -            271   0.00015   20.2   0.4   1   1     2e-06   0.00022   19.6   0.4     3   115    61   185    59   206 0.78 -
Pcitr_chr3:7148513-7147539     -            325 94224at71240         -            271   0.00019   19.9   0.3   1   1   3.2e-06   0.00035   19.0   0.3    57   181   123   257    83   283 0.75 -
Pcitr_chr9:7313711-7314361     -            217 94224at71240         -            271   0.00019   19.8   4.6   1   2   0.00011     0.012   14.0   1.9    52   114     8    72     1   118 0.74 -
Pcitr_chr9:7313711-7314361     -            217 94224at71240         -            271   0.00019   19.8   4.6   2   2     0.062       6.7    4.9   0.1     2    57   129   187   128   216 0.70 -
Pcitr_chr11:5994838-5995509    -            224 94224at71240         -            271   0.00024   19.6   0.7   1   2      0.53        58    1.9   0.0    16    75   112   170    99   182 0.78 -
Pcitr_chr11:5994838-5995509    -            224 94224at71240         -            271   0.00024   19.6   0.7   2   2     0.023       2.6    6.3   0.1    44    76   190   222   183   224 0.77 -
Pcitr_chr4:39542289-39542933   -            215 94224at71240         -            271   0.00027   19.4   1.3   1   2   0.00017     0.019   13.3   0.1   146   238     3   100     1   105 0.70 -
Pcitr_chr4:39542289-39542933   -            215 94224at71240         -            271   0.00027   19.4   1.3   2   2     0.079       8.7    4.6   0.0     3    33   115   146   113   171 0.81 -
Pcitr_chr9:7334037-7334912     -            292 94224at71240         -            271   0.00029   19.3   7.0   1   4       1.3   1.4e+02    0.6   0.0    85   116     7    39     3    62 0.54 -
Pcitr_chr9:7334037-7334912     -            292 94224at71240         -            271   0.00029   19.3   7.0   2   4   7.9e-05    0.0086   14.4   2.1    45   113    81   151    53   193 0.78 -
Pcitr_chr9:7334037-7334912     -            292 94224at71240         -            271   0.00029   19.3   7.0   3   4       2.4   2.7e+02   -0.3   0.0   214   239   169   199   156   205 0.69 -
Pcitr_chr9:7334037-7334912     -            292 94224at71240         -            271   0.00029   19.3   7.0   4   4      0.16        17    3.6   0.0     2    52   209   262   208   284 0.72 -
Pcitr_chr3:24922771-24863676   -            413 94224at71240         -            271   0.00033   19.1   0.5   1   1   4.5e-06   0.00049   18.5   0.5    25   133     3   112     1   121 0.83 -
Pcitr_chr5:6787437-6787261     -             59 94224at71240         -            271   0.00044   18.7   0.0   1   1   4.1e-06   0.00044   18.6   0.0    15    65     8    58     2    59 0.86 -
Pcitr_chr1:54636998-54637189   -             64 94224at71240         -            271   0.00045   18.6   0.1   1   1   4.1e-06   0.00045   18.6   0.1    15    65    13    63     1    64 0.85 -
Pcitr_chr4:24191097-24191261   -             55 94224at71240         -            271   0.00046   18.6   0.6   1   1   1.1e-05    0.0012   17.2   0.6    62   112     2    55     1    55 0.64 -
Pcitr_chr7:16120608-16120444   -             55 94224at71240         -            271   0.00046   18.6   0.6   1   1   1.1e-05    0.0012   17.2   0.6    62   112     2    55     1    55 0.64 -
Pcitr_chr3:18761255-18762208   -            318 94224at71240         -            271   0.00052   18.4   0.0   1   3    0.0074      0.81    8.0   0.0   155   202    10    59     1    66 0.82 -
Pcitr_chr3:18761255-18762208   -            318 94224at71240         -            271   0.00052   18.4   0.0   2   3      0.27        30    2.8   0.0    11    32   178   199   171   208 0.84 -
Pcitr_chr3:18761255-18762208   -            318 94224at71240         -            271   0.00052   18.4   0.0   3   3      0.12        13    4.0   0.0   194   250   230   288   215   309 0.69 -
Pcitr_chr3:7988995-7989369     -            125 94224at71240         -            271   0.00077   17.9   0.1   1   2     0.007      0.76    8.0   0.0    85   135     1    55     1    61 0.77 -
Pcitr_chr3:7988995-7989369     -            125 94224at71240         -            271   0.00077   17.9   0.1   2   2    0.0019       0.2    9.9   0.1     4    50    49   100    46   125 0.59 -
Pcitr_chr6:14678945-14678292   -            218 94224at71240         -            271    0.0011   17.4   6.1   1   4     9e-05    0.0098   14.2   1.2    58   151    19   120     5   125 0.68 -
Pcitr_chr6:14678945-14678292   -            218 94224at71240         -            271    0.0011   17.4   6.1   2   4      0.41        45    2.2   0.1   223   243   108   128    78   142 0.72 -
Pcitr_chr6:14678945-14678292   -            218 94224at71240         -            271    0.0011   17.4   6.1   3   4      0.12        13    4.0   0.1     2    32   131   162   128   192 0.82 -
Pcitr_chr6:14678945-14678292   -            218 94224at71240         -            271    0.0011   17.4   6.1   4   4       3.7   4.1e+02   -0.9   0.0    99   112   202   215   163   217 0.61 -
Pcitr_chr3:3457072-3457974     -            301 94224at71240         -            271    0.0011   17.4   4.0   1   3    0.0006     0.066   11.5   0.1   169   264    13   113     4   119 0.77 -
Pcitr_chr3:3457072-3457974     -            301 94224at71240         -            271    0.0011   17.4   4.0   2   3       4.2   4.6e+02   -1.1   0.0   227   264   120   160   115   164 0.59 -
Pcitr_chr3:3457072-3457974     -            301 94224at71240         -            271    0.0011   17.4   4.0   3   3     0.056       6.2    5.1   0.2    21    76   180   243   173   286 0.60 -
Pcitr_chr11:6013206-6013862    -            219 94224at71240         -            271    0.0017   16.7   1.3   1   3      0.87        95    1.2   0.0   168   190     8    30     3    37 0.73 -
Pcitr_chr11:6013206-6013862    -            219 94224at71240         -            271    0.0017   16.7   1.3   2   3      0.43        47    2.2   0.0    16    76    76   135    61   147 0.76 -
Pcitr_chr11:6013206-6013862    -            219 94224at71240         -            271    0.0017   16.7   1.3   3   3    0.0014      0.15   10.3   0.2    44    80   154   190   144   210 0.73 -
Pcitr_chr1:35544469-35541393   -            381 94224at71240         -            271    0.0022   16.4   1.3   1   2    0.0017      0.18   10.1   0.2   145   230    91   178    80   202 0.66 -
Pcitr_chr1:35544469-35541393   -            381 94224at71240         -            271    0.0022   16.4   1.3   2   2     0.038       4.2    5.6   0.0   160   238   191   280   166   300 0.64 -
Pcitr_chr7:16119887-16119423   -            155 94224at71240         -            271    0.0025   16.2   0.0   1   1   3.3e-05    0.0036   15.7   0.0    83   117     5    42     2    80 0.86 -
Pcitr_chr1:24861009-24858201   -            396 94224at71240         -            271    0.0026   16.1   2.2   1   1    0.0014      0.15   10.3   0.1    69   117    66   119    46   127 0.79 -
Pcitr_chr4:24192069-24192566   -            166 94224at71240         -            271    0.0029   16.0   0.0   1   1   3.9e-05    0.0042   15.4   0.0    83   117     5    42     2    79 0.86 -
Pcitr_chr1:28195582-28195037   -            182 94224at71240         -            271    0.0039   15.6   0.5   1   1   0.00013     0.014   13.7   0.2    82   175     3   108     1   161 0.43 -
Pcitr_chr2:4770682-4769690     -            331 94224at71240         -            271    0.0063   14.9   0.1   1   2    0.0016      0.17   10.2   0.1    67   120   142   197   131   208 0.81 -
Pcitr_chr2:4770682-4769690     -            331 94224at71240         -            271    0.0063   14.9   0.1   2   2      0.34        37    2.5   0.0    57    77   264   284   238   290 0.68 -
Pcitr_chr3:9870346-9870543     -             66 94224at71240         -            271     0.011   14.0   0.0   1   1   0.00012     0.013   13.9   0.0    16    62     6    53     2    61 0.72 -
Pcitr_chr8:1727247-1721409     -            432 94224at71240         -            271     0.014   13.8   0.4   1   1    0.0014      0.16   10.3   0.4    60   165   216   332   187   427 0.65 -
Pcitr_chr1:35606491-35592259   -            435 94224at71240         -            271     0.016   13.5   1.3   1   2     0.023       2.5    6.4   0.2   170   214     1    45     1    79 0.70 -
Pcitr_chr1:35606491-35592259   -            435 94224at71240         -            271     0.016   13.5   1.3   2   2     0.017       1.9    6.8   0.2   151   239    62   161    42   179 0.68 -
#
# Program:         hmmsearch
# Version:         3.3.2 (Nov 2020)
# Pipeline mode:   SEARCH
# Query file:      /scratch/srb67793/Pelargonium/busco_downloads/lineages/eudicots_odb10/hmms/94224at71240.hmm
# Target file:     /scratch/srb67793/Pelargonium/Pelargonium-PreviousAssembly-busco/run_eudicots_odb10/metaeuk_output/initial_results/Pcitr_Genome-final.fasta.modified.fas
# Option settings: hmmsearch --domtblout /scratch/srb67793/Pelargonium/Pelargonium-PreviousAssembly-busco/run_eudicots_odb10/hmmer_output/initial_run_results/94224at71240.out --cpu 1 /scratch/srb67793/Pelargonium/busco_downloads/lineages/eudicots_odb10/hmms/94224at71240.hmm /scratch/srb67793/Pelargonium/Pelargonium-PreviousAssembly-busco/run_eudicots_odb10/metaeuk_output/initial_results/Pcitr_Genome-final.fasta.modified.fas 
# Current dir:     /scratch/srb67793/Pelargonium
# Date:            Tue Jul  9 10:57:35 2024
# [ok]
