#                                                                                     --- full sequence --- -------------- this domain -------------   hmm coord   ali coord   env coord
# target name                 accession   tlen query name           accession   qlen   E-value  score  bias   #  of  c-Evalue  i-Evalue  score  bias  from    to  from    to  from    to  acc description of target
#         ------------------- ---------- ----- -------------------- ---------- ----- --------- ------ ----- --- --- --------- --------- ------ ----- ----- ----- ----- ----- ----- ----- ---- ---------------------
Pcitr_chr7:33859710-33856271  -            338 95618at71240         -            287  3.6e-137  455.5   7.6   1   1  1.8e-139  1.2e-136  453.7   7.6     1   286     7   336     7   337 0.89 -
Pcitr_chr10:22143342-22142437 -            302 95618at71240         -            287   2.2e-18   65.7  19.1   1   1   8.1e-18   5.6e-15   54.5  19.1    10   286    18   302    10   302 0.75 -
Pcitr_chr4:39665678-39664776  -            301 95618at71240         -            287   4.7e-17   61.3  15.3   1   3     4e-06    0.0028   16.1   0.2    12    79    20    98    10   102 0.54 -
Pcitr_chr4:39665678-39664776  -            301 95618at71240         -            287   4.7e-17   61.3  15.3   2   3    0.0016       1.1    7.6   0.0    34    67   102   132    93   146 0.75 -
Pcitr_chr4:39665678-39664776  -            301 95618at71240         -            287   4.7e-17   61.3  15.3   3   3   1.2e-13   8.5e-11   40.8   8.1   163   286   185   301   152   301 0.82 -
Pcitr_chr3:3457072-3457974    -            301 95618at71240         -            287   9.5e-16   57.0  20.0   1   5      0.51   3.5e+02   -0.7   0.0   245   269    13    37     6    52 0.71 -
Pcitr_chr3:3457072-3457974    -            301 95618at71240         -            287   9.5e-16   57.0  20.0   2   5   2.2e-05     0.016   13.6   0.3   233   284    44    98    40   102 0.82 -
Pcitr_chr3:3457072-3457974    -            301 95618at71240         -            287   9.5e-16   57.0  20.0   3   5   0.00021      0.14   10.5   0.1    39    67   104   132    96   146 0.84 -
Pcitr_chr3:3457072-3457974    -            301 95618at71240         -            287   9.5e-16   57.0  20.0   4   5      0.19   1.3e+02    0.8   0.1   258   280   178   199   171   203 0.84 -
Pcitr_chr3:3457072-3457974    -            301 95618at71240         -            287   9.5e-16   57.0  20.0   5   5   1.9e-12   1.3e-09   36.9   9.4   187   286   206   301   184   301 0.79 -
Pcitr_chr10:20946292-20945600 -            231 95618at71240         -            287   1.5e-07   30.1   2.8   1   4       1.6   1.1e+03   -2.3   0.1   254   272    26    45    22    50 0.74 -
Pcitr_chr10:20946292-20945600 -            231 95618at71240         -            287   1.5e-07   30.1   2.8   2   4   1.7e-06    0.0012   17.3   0.0     7    37    75   105    70   115 0.88 -
Pcitr_chr10:20946292-20945600 -            231 95618at71240         -            287   1.5e-07   30.1   2.8   3   4   8.6e-05      0.06   11.7   0.3   238   277   150   190   131   198 0.85 -
Pcitr_chr10:20946292-20945600 -            231 95618at71240         -            287   1.5e-07   30.1   2.8   4   4      0.95   6.6e+02   -1.5   0.0   186   219   194   230   189   231 0.63 -
Pcitr_chr11:956526-956017     -            170 95618at71240         -            287   0.00027   19.4   2.1   1   3   0.00028       0.2   10.0   0.1   244   273     6    35     1    47 0.82 -
Pcitr_chr11:956526-956017     -            170 95618at71240         -            287   0.00027   19.4   2.1   2   3       0.4   2.8e+02   -0.3   0.0   185   221    48    84    40    93 0.75 -
Pcitr_chr11:956526-956017     -            170 95618at71240         -            287   0.00027   19.4   2.1   3   3    0.0015         1    7.6   0.1   233   271   130   169    88   170 0.72 -
Pcitr_chr7:12894677-12889959  -            293 95618at71240         -            287   0.00039   18.9   2.6   1   4    0.0027       1.9    6.8   0.1     6    30    22    46    17    59 0.69 -
Pcitr_chr7:12894677-12889959  -            293 95618at71240         -            287   0.00039   18.9   2.6   2   4   0.00038      0.27    9.6   0.0   230   284    52   106    47   109 0.74 -
Pcitr_chr7:12894677-12889959  -            293 95618at71240         -            287   0.00039   18.9   2.6   3   4      0.19   1.4e+02    0.7   0.0    15    37   119   141   110   175 0.79 -
Pcitr_chr7:12894677-12889959  -            293 95618at71240         -            287   0.00039   18.9   2.6   4   4       3.4   2.3e+03   -3.3   0.0    10    32   229   251   226   260 0.73 -
Pcitr_chr4:35659886-35659590  -             99 95618at71240         -            287    0.0034   15.8   0.3   1   2   5.6e-05     0.039   12.3   0.1   242   272     4    34     2    41 0.89 -
Pcitr_chr4:35659886-35659590  -             99 95618at71240         -            287    0.0034   15.8   0.3   2   2     0.093        65    1.8   0.0   185   221    48    84    41    93 0.73 -
Pcitr_chr4:28758587-28776562  -            234 95618at71240         -            287    0.0069   14.8   0.2   1   4    0.0032       2.2    6.6   0.0     7    30    18    41    13    64 0.84 -
Pcitr_chr4:28758587-28776562  -            234 95618at71240         -            287    0.0069   14.8   0.2   2   4      0.22   1.5e+02    0.6   0.0    14    36    85   107    73   119 0.84 -
Pcitr_chr4:28758587-28776562  -            234 95618at71240         -            287    0.0069   14.8   0.2   3   4     0.033        23    3.3   0.1     5    46   141   183   137   210 0.71 -
Pcitr_chr4:28758587-28776562  -            234 95618at71240         -            287    0.0069   14.8   0.2   4   4      0.36   2.5e+02   -0.1   0.0     7    33   185   211   179   220 0.74 -
Pcitr_chr5:17975212-17974262  -            317 95618at71240         -            287     0.044   12.2   0.0   1   1   9.4e-05     0.065   11.6   0.0    61   181   153   267   125   272 0.78 -
Pcitr_chr1:11130990-11131802  -            271 95618at71240         -            287     0.067   11.6   0.0   1   3     0.044        31    2.8   0.0   244   276    28    62     7    72 0.69 -
Pcitr_chr1:11130990-11131802  -            271 95618at71240         -            287     0.067   11.6   0.0   2   3     0.022        16    3.8   0.0   239   274   115   150   102   158 0.65 -
Pcitr_chr1:11130990-11131802  -            271 95618at71240         -            287     0.067   11.6   0.0   3   3      0.16   1.1e+02    1.0   0.0   145   171   242   268   232   271 0.85 -
Pcitr_chr1:20967015-20970406  -            701 95618at71240         -            287     0.073   11.4   0.2   1   3      0.49   3.4e+02   -0.6   0.0     9    33   210   234   191   242 0.81 -
Pcitr_chr1:20967015-20970406  -            701 95618at71240         -            287     0.073   11.4   0.2   2   3     0.034        24    3.2   0.0     5    39   337   372   335   380 0.78 -
Pcitr_chr1:20967015-20970406  -            701 95618at71240         -            287     0.073   11.4   0.2   3   3     0.025        17    3.6   0.0     7    31   388   412   385   418 0.87 -
Pcitr_chr8:18218845-18219726  -            294 95618at71240         -            287      0.26    9.6   3.5   1   5     0.096        67    1.7   0.0   240   272     1    34     1    45 0.84 -
Pcitr_chr8:18218845-18219726  -            294 95618at71240         -            287      0.26    9.6   3.5   2   5      0.19   1.3e+02    0.8   0.1   239   274    43    79    35    91 0.78 -
Pcitr_chr8:18218845-18219726  -            294 95618at71240         -            287      0.26    9.6   3.5   3   5       3.3   2.3e+03   -3.3   0.0   261   274   109   122   105   127 0.62 -
Pcitr_chr8:18218845-18219726  -            294 95618at71240         -            287      0.26    9.6   3.5   4   5      0.21   1.5e+02    0.6   0.0     7    38   136   167   131   173 0.84 -
Pcitr_chr8:18218845-18219726  -            294 95618at71240         -            287      0.26    9.6   3.5   5   5     0.025        17    3.7   0.0     3    37   224   258   222   262 0.86 -
Pcitr_chr10:23303941-23311677 -            783 95618at71240         -            287      0.37    9.1  14.5   1   6     0.025        18    3.6   0.0   257   274   129   146   120   159 0.84 -
Pcitr_chr10:23303941-23311677 -            783 95618at71240         -            287      0.37    9.1  14.5   2   6      0.72     5e+02   -1.1   0.0   257   277   238   258   228   266 0.63 -
Pcitr_chr10:23303941-23311677 -            783 95618at71240         -            287      0.37    9.1  14.5   3   6      0.29     2e+02    0.1   1.5   190   281   297   398   291   403 0.69 -
Pcitr_chr10:23303941-23311677 -            783 95618at71240         -            287      0.37    9.1  14.5   4   6      0.53   3.7e+02   -0.7   0.0   243   274   405   439   397   451 0.78 -
Pcitr_chr10:23303941-23311677 -            783 95618at71240         -            287      0.37    9.1  14.5   5   6    0.0028       1.9    6.8   0.0   229   273   623   668   599   679 0.77 -
Pcitr_chr10:23303941-23311677 -            783 95618at71240         -            287      0.37    9.1  14.5   6   6      0.14        96    1.2   0.0   192   272   685   782   673   783 0.58 -
#
# Program:         hmmsearch
# Version:         3.3.2 (Nov 2020)
# Pipeline mode:   SEARCH
# Query file:      /scratch/srb67793/Pelargonium/busco_downloads/lineages/eudicots_odb10/hmms/95618at71240.hmm
# Target file:     /scratch/srb67793/Pelargonium/Pelargonium-PreviousAssembly-busco/run_eudicots_odb10/metaeuk_output/initial_results/Pcitr_Genome-final.fasta.modified.fas
# Option settings: hmmsearch --domtblout /scratch/srb67793/Pelargonium/Pelargonium-PreviousAssembly-busco/run_eudicots_odb10/hmmer_output/initial_run_results/95618at71240.out --cpu 1 /scratch/srb67793/Pelargonium/busco_downloads/lineages/eudicots_odb10/hmms/95618at71240.hmm /scratch/srb67793/Pelargonium/Pelargonium-PreviousAssembly-busco/run_eudicots_odb10/metaeuk_output/initial_results/Pcitr_Genome-final.fasta.modified.fas 
# Current dir:     /scratch/srb67793/Pelargonium
# Date:            Tue Jul  9 10:57:35 2024
# [ok]
