#                                                                                    --- full sequence --- -------------- this domain -------------   hmm coord   ali coord   env coord
# target name                accession   tlen query name           accession   qlen   E-value  score  bias   #  of  c-Evalue  i-Evalue  score  bias  from    to  from    to  from    to  acc description of target
#        ------------------- ---------- ----- -------------------- ---------- ----- --------- ------ ----- --- --- --------- --------- ------ ----- ----- ----- ----- ----- ----- ----- ---- ---------------------
Pcitr_chr11:6073747-6088352  -            546 98778at71240         -            296  5.7e-164  543.5  24.0   1   2       1.3   2.5e+03   -3.5   3.5   112   168   129   189    81   212 0.55 -
Pcitr_chr11:6073747-6088352  -            546 98778at71240         -            296  5.7e-164  543.5  24.0   2   2  2.9e-167  5.7e-164  543.5  24.0     1   296   243   537   243   537 0.99 -
Pcitr_chr5:35759920-35755996 -            383 98778at71240         -            296   1.1e-70  237.2  19.3   1   1   7.5e-74   1.5e-70  236.9  19.3     2   263    94   355    93   369 0.93 -
Pcitr_chr11:5336915-5333654  -            216 98778at71240         -            296     1e-53  181.6  22.2   1   2   7.4e-45   1.4e-41  141.7  15.1     5   161     9   163     4   164 0.92 -
Pcitr_chr11:5336915-5333654  -            216 98778at71240         -            296     1e-53  181.6  22.2   2   2   6.6e-16   1.3e-12   46.7   0.8   250   296   162   208   161   208 0.98 -
Pcitr_chr5:33867948-33865071 -            414 98778at71240         -            296   5.5e-50  169.3  28.7   1   1   3.4e-53   6.7e-50  169.1  28.7     3   295    94   391    92   392 0.94 -
Pcitr_chr7:35871941-35872808 -            220 98778at71240         -            296   2.8e-23   81.7  12.0   1   1   1.8e-26   3.5e-23   81.4  12.0    36   238     6   201     2   220 0.91 -
#
# Program:         hmmsearch
# Version:         3.3.2 (Nov 2020)
# Pipeline mode:   SEARCH
# Query file:      /scratch/srb67793/Pelargonium/busco_downloads/lineages/eudicots_odb10/hmms/98778at71240.hmm
# Target file:     /scratch/srb67793/Pelargonium/Pelargonium-PreviousAssembly-busco/run_eudicots_odb10/metaeuk_output/initial_results/Pcitr_Genome-final.fasta.modified.fas
# Option settings: hmmsearch --domtblout /scratch/srb67793/Pelargonium/Pelargonium-PreviousAssembly-busco/run_eudicots_odb10/hmmer_output/initial_run_results/98778at71240.out --cpu 1 /scratch/srb67793/Pelargonium/busco_downloads/lineages/eudicots_odb10/hmms/98778at71240.hmm /scratch/srb67793/Pelargonium/Pelargonium-PreviousAssembly-busco/run_eudicots_odb10/metaeuk_output/initial_results/Pcitr_Genome-final.fasta.modified.fas 
# Current dir:     /scratch/srb67793/Pelargonium
# Date:            Tue Jul  9 10:57:34 2024
# [ok]
