#                                                                                     --- full sequence --- -------------- this domain -------------   hmm coord   ali coord   env coord
# target name                 accession   tlen query name           accession   qlen   E-value  score  bias   #  of  c-Evalue  i-Evalue  score  bias  from    to  from    to  from    to  acc description of target
#         ------------------- ---------- ----- -------------------- ---------- ----- --------- ------ ----- --- --- --------- --------- ------ ----- ----- ----- ----- ----- ----- ----- ---- ---------------------
Pcitr_chr7:9364774-9408127    -            302 99040at71240         -            309  4.5e-149  494.6   0.4   1   1    4e-151    5e-149  494.4   0.4    14   309     4   302     1   302 0.96 -
Pcitr_chr5:6737847-6740317    -            362 99040at71240         -            309   2.8e-23   81.5  18.5   1   5   2.2e-08   2.7e-06   25.6   0.6    85   137    73   125    54   129 0.93 -
Pcitr_chr5:6737847-6740317    -            362 99040at71240         -            309   2.8e-23   81.5  18.5   2   5   1.3e-09   1.7e-07   29.6   2.6    62   138   125   205   124   208 0.85 -
Pcitr_chr5:6737847-6740317    -            362 99040at71240         -            309   2.8e-23   81.5  18.5   3   5   4.4e-07   5.5e-05   21.3   1.6    81   138   172   231   171   243 0.86 -
Pcitr_chr5:6737847-6740317    -            362 99040at71240         -            309   2.8e-23   81.5  18.5   4   5   0.00028     0.035   12.1   0.1    86   117   252   283   247   292 0.89 -
Pcitr_chr5:6737847-6740317    -            362 99040at71240         -            309   2.8e-23   81.5  18.5   5   5   4.8e-06   0.00059   18.0   0.1    87   137   279   329   278   336 0.83 -
Pcitr_chr1:54560304-54562314  -            403 99040at71240         -            309   7.5e-23   80.0  25.3   1   5   4.9e-09   6.1e-07   27.8   0.9    85   138   106   159    95   169 0.91 -
Pcitr_chr1:54560304-54562314  -            403 99040at71240         -            309   7.5e-23   80.0  25.3   2   5     5e-08   6.2e-06   24.5   3.4    64   136   160   236   158   238 0.82 -
Pcitr_chr1:54560304-54562314  -            403 99040at71240         -            309   7.5e-23   80.0  25.3   3   5   0.00048      0.06   11.4   0.4    84   134   236   287   232   291 0.65 -
Pcitr_chr1:54560304-54562314  -            403 99040at71240         -            309   7.5e-23   80.0  25.3   4   5    0.0003     0.038   12.0   0.2    86   118   291   323   288   331 0.89 -
Pcitr_chr1:54560304-54562314  -            403 99040at71240         -            309   7.5e-23   80.0  25.3   5   5   2.1e-06   0.00026   19.1   0.1   102   142   335   375   328   391 0.85 -
Pcitr_chr3:13033915-13031149  -            483 99040at71240         -            309   1.8e-20   72.2  31.3   1   7    0.0011      0.14   10.2   0.3    80   128    72   122    68   126 0.88 -
Pcitr_chr3:13033915-13031149  -            483 99040at71240         -            309   1.8e-20   72.2  31.3   2   7    0.0089       1.1    7.2   0.1    81   131   126   176   123   183 0.83 -
Pcitr_chr3:13033915-13031149  -            483 99040at71240         -            309   1.8e-20   72.2  31.3   3   7     0.047       5.8    4.8   0.2    87   137   184   233   181   241 0.89 -
Pcitr_chr3:13033915-13031149  -            483 99040at71240         -            309   1.8e-20   72.2  31.3   4   7   2.1e-08   2.7e-06   25.7   2.7    84   137   257   310   247   319 0.91 -
Pcitr_chr3:13033915-13031149  -            483 99040at71240         -            309   1.8e-20   72.2  31.3   5   7   0.00085      0.11   10.6   0.4    78   131   328   380   317   387 0.88 -
Pcitr_chr3:13033915-13031149  -            483 99040at71240         -            309   1.8e-20   72.2  31.3   6   7   4.2e-07   5.2e-05   21.4   0.2    80   138   380   438   377   441 0.89 -
Pcitr_chr3:13033915-13031149  -            483 99040at71240         -            309   1.8e-20   72.2  31.3   7   7   0.00048      0.06   11.4   0.1    87   128   439   480   438   483 0.91 -
Pcitr_chr8:31692307-31696654  -            643 99040at71240         -            309   2.5e-20   71.8  35.3   1   9       1.9   2.4e+02   -0.4   0.0    94   135    58    95    50   104 0.80 -
Pcitr_chr8:31692307-31696654  -            643 99040at71240         -            309   2.5e-20   71.8  35.3   2   9      0.87   1.1e+02    0.7   0.0    88   110   109   131    96   143 0.63 -
Pcitr_chr8:31692307-31696654  -            643 99040at71240         -            309   2.5e-20   71.8  35.3   3   9   1.4e-05    0.0018   16.4   0.4    86   133   158   205   150   229 0.89 -
Pcitr_chr8:31692307-31696654  -            643 99040at71240         -            309   2.5e-20   71.8  35.3   4   9    0.0025      0.31    9.0   0.0    87   136   236   286   225   302 0.81 -
Pcitr_chr8:31692307-31696654  -            643 99040at71240         -            309   2.5e-20   71.8  35.3   5   9   2.7e-05    0.0033   15.5   2.6    80   141   307   368   298   370 0.91 -
Pcitr_chr8:31692307-31696654  -            643 99040at71240         -            309   2.5e-20   71.8  35.3   6   9   3.5e-05    0.0044   15.1   2.1    86   137   365   416   361   437 0.83 -
Pcitr_chr8:31692307-31696654  -            643 99040at71240         -            309   2.5e-20   71.8  35.3   7   9   3.2e-07   3.9e-05   21.8   0.2    84   138   439   493   428   506 0.91 -
Pcitr_chr8:31692307-31696654  -            643 99040at71240         -            309   2.5e-20   71.8  35.3   8   9    0.0047      0.59    8.1   0.1    84   153   491   559   486   565 0.68 -
Pcitr_chr8:31692307-31696654  -            643 99040at71240         -            309   2.5e-20   71.8  35.3   9   9     0.034       4.2    5.3   0.4    80   138   563   622   552   634 0.87 -
Pcitr_chr8:18335214-18333955  -            420 99040at71240         -            309   2.9e-19   68.2  21.3   1   6   7.9e-07   9.9e-05   20.5   0.2    87   137     2    52     1    58 0.92 -
Pcitr_chr8:18335214-18333955  -            420 99040at71240         -            309   2.9e-19   68.2  21.3   2   6   3.8e-06   0.00047   18.3   0.1    65   128    55   121    53   128 0.90 -
Pcitr_chr8:18335214-18333955  -            420 99040at71240         -            309   2.9e-19   68.2  21.3   3   6    0.0003     0.038   12.0   0.7    80   139   178   237   171   241 0.93 -
Pcitr_chr8:18335214-18333955  -            420 99040at71240         -            309   2.9e-19   68.2  21.3   4   6   0.00047     0.059   11.4   0.2    87   127   211   251   202   269 0.82 -
Pcitr_chr8:18335214-18333955  -            420 99040at71240         -            309   2.9e-19   68.2  21.3   5   6     0.013       1.6    6.7   0.0    89   137   293   342   287   347 0.88 -
Pcitr_chr8:18335214-18333955  -            420 99040at71240         -            309   2.9e-19   68.2  21.3   6   6   8.7e-07   0.00011   20.4   1.9    64   136   344   419   342   420 0.87 -
Pcitr_chr5:9308787-9310487    -            567 99040at71240         -            309   1.4e-17   62.8  14.7   1   5     0.096        12    3.8   0.0    81   131   179   231   156   238 0.76 -
Pcitr_chr5:9308787-9310487    -            567 99040at71240         -            309   1.4e-17   62.8  14.7   2   5   0.00032     0.039   12.0   0.0    80   131   259   309   251   316 0.93 -
Pcitr_chr5:9308787-9310487    -            567 99040at71240         -            309   1.4e-17   62.8  14.7   3   5    0.0023      0.29    9.2   0.2    88   133   318   363   309   373 0.90 -
Pcitr_chr5:9308787-9310487    -            567 99040at71240         -            309   1.4e-17   62.8  14.7   4   5   0.00014     0.017   13.1   0.1    83   137   392   449   372   453 0.84 -
Pcitr_chr5:9308787-9310487    -            567 99040at71240         -            309   1.4e-17   62.8  14.7   5   5   4.6e-10   5.7e-08   31.2   1.3    70   141   453   525   449   534 0.88 -
Pcitr_chr2:40124198-40125670  -            491 99040at71240         -            309   1.7e-17   62.4   8.2   1   4   0.00011     0.014   13.5   0.4    87   137   168   218   136   223 0.86 -
Pcitr_chr2:40124198-40125670  -            491 99040at71240         -            309   1.7e-17   62.4   8.2   2   4   0.00061     0.076   11.0   0.0    85   132   290   337   282   344 0.90 -
Pcitr_chr2:40124198-40125670  -            491 99040at71240         -            309   1.7e-17   62.4   8.2   3   4    0.0015      0.19    9.8   0.0    88   139   370   421   347   425 0.89 -
Pcitr_chr2:40124198-40125670  -            491 99040at71240         -            309   1.7e-17   62.4   8.2   4   4   8.3e-10     1e-07   30.3   0.3    77   129   437   489   432   491 0.95 -
Pcitr_chr5:36277550-36278920  -            457 99040at71240         -            309   8.5e-17   60.1  22.9   1   9    0.0013      0.16   10.0   0.0    87   138     2    53     1    56 0.88 -
Pcitr_chr5:36277550-36278920  -            457 99040at71240         -            309   8.5e-17   60.1  22.9   2   9   6.2e-07   7.7e-05   20.9   0.1    85   138    26    79    15    82 0.92 -
Pcitr_chr5:36277550-36278920  -            457 99040at71240         -            309   8.5e-17   60.1  22.9   3   9    0.0007     0.088   10.8   0.0    83   127    76   120    75   126 0.90 -
Pcitr_chr5:36277550-36278920  -            457 99040at71240         -            309   8.5e-17   60.1  22.9   4   9     0.031       3.8    5.4   0.2    87   131   158   204   136   211 0.64 -
Pcitr_chr5:36277550-36278920  -            457 99040at71240         -            309   8.5e-17   60.1  22.9   5   9   1.5e-05    0.0019   16.3   0.6    83   139   182   238   174   242 0.93 -
Pcitr_chr5:36277550-36278920  -            457 99040at71240         -            309   8.5e-17   60.1  22.9   6   9    0.0004      0.05   11.6   0.2    87   125   212   250   208   269 0.78 -
Pcitr_chr5:36277550-36278920  -            457 99040at71240         -            309   8.5e-17   60.1  22.9   7   9     0.052       6.4    4.7   0.4    87   157   238   310   234   311 0.76 -
Pcitr_chr5:36277550-36278920  -            457 99040at71240         -            309   8.5e-17   60.1  22.9   8   9    0.0038      0.48    8.4   0.1    90   136   295   342   289   345 0.85 -
Pcitr_chr5:36277550-36278920  -            457 99040at71240         -            309   8.5e-17   60.1  22.9   9   9   0.00012     0.015   13.3   2.5    64   138   345   423   342   439 0.80 -
Pcitr_chr10:23868759-23880494 -            519 99040at71240         -            309   2.4e-16   58.7  29.3   1   6   0.00028     0.035   12.2   0.3    80   128    69   119    64   124 0.88 -
Pcitr_chr10:23868759-23880494 -            519 99040at71240         -            309   2.4e-16   58.7  29.3   2   6    0.0098       1.2    7.1   1.0    81   135   123   177   118   267 0.83 -
Pcitr_chr10:23868759-23880494 -            519 99040at71240         -            309   2.4e-16   58.7  29.3   3   6   8.2e-05      0.01   13.9   0.9    81   126   271   316   264   319 0.91 -
Pcitr_chr10:23868759-23880494 -            519 99040at71240         -            309   2.4e-16   58.7  29.3   4   6   1.9e-07   2.4e-05   22.6   3.1    85   137   301   353   300   367 0.95 -
Pcitr_chr10:23868759-23880494 -            519 99040at71240         -            309   2.4e-16   58.7  29.3   5   6   2.6e-06   0.00032   18.8   0.1    86   139   398   451   388   470 0.89 -
Pcitr_chr10:23868759-23880494 -            519 99040at71240         -            309   2.4e-16   58.7  29.3   6   6    0.0026      0.32    9.0   0.2    86   121   475   510   449   518 0.70 -
Pcitr_chr2:11759015-11755769  -            504 99040at71240         -            309   6.3e-16   57.3  32.2   1   6      0.11        13    3.7   0.7    80   130    64   118    57   139 0.61 -
Pcitr_chr2:11759015-11755769  -            504 99040at71240         -            309   6.3e-16   57.3  32.2   2   6   0.00074     0.093   10.8   0.6    87   137   152   202   128   218 0.87 -
Pcitr_chr2:11759015-11755769  -            504 99040at71240         -            309   6.3e-16   57.3  32.2   3   6      0.68        85    1.0   0.0    80   131   196   246   193   260 0.83 -
Pcitr_chr2:11759015-11755769  -            504 99040at71240         -            309   6.3e-16   57.3  32.2   4   6   3.4e-08   4.2e-06   25.0   3.5    84   139   284   339   268   358 0.89 -
Pcitr_chr2:11759015-11755769  -            504 99040at71240         -            309   6.3e-16   57.3  32.2   5   6   2.4e-07   3.1e-05   22.2   0.2    86   133   382   429   372   443 0.91 -
Pcitr_chr2:11759015-11755769  -            504 99040at71240         -            309   6.3e-16   57.3  32.2   6   6    0.0001     0.013   13.6   0.5    77   128   449   501   429   504 0.80 -
Pcitr_chr2:39772778-39771612  -            389 99040at71240         -            309   1.9e-15   55.7   8.8   1   4   0.00034     0.042   11.9   0.2    61   138    40   123    16   150 0.80 -
Pcitr_chr2:39772778-39771612  -            389 99040at71240         -            309   1.9e-15   55.7   8.8   2   4   1.3e-06   0.00016   19.8   0.1    85   131   190   236   183   248 0.91 -
Pcitr_chr2:39772778-39771612  -            389 99040at71240         -            309   1.9e-15   55.7   8.8   3   4   0.00038     0.047   11.7   0.2    87   133   270   316   252   324 0.86 -
Pcitr_chr2:39772778-39771612  -            389 99040at71240         -            309   1.9e-15   55.7   8.8   4   4   2.4e-05    0.0031   15.6   0.0    76   128   337   389   332   389 0.94 -
Pcitr_chr2:39783856-39782423  -            478 99040at71240         -            309   2.8e-15   55.2  11.9   1   5       3.8   4.7e+02   -1.4   0.0    89   134    76   123    73   131 0.84 -
Pcitr_chr2:39783856-39782423  -            478 99040at71240         -            309   2.8e-15   55.2  11.9   2   5   0.00015     0.019   13.1   1.6    85   140   157   212   118   242 0.79 -
Pcitr_chr2:39783856-39782423  -            478 99040at71240         -            309   2.8e-15   55.2  11.9   3   5   1.4e-05    0.0018   16.4   0.4    86   134   278   326   272   342 0.88 -
Pcitr_chr2:39783856-39782423  -            478 99040at71240         -            309   2.8e-15   55.2  11.9   4   5   4.8e-05    0.0059   14.7   0.2    87   137   356   406   333   410 0.89 -
Pcitr_chr2:39783856-39782423  -            478 99040at71240         -            309   2.8e-15   55.2  11.9   5   5   6.1e-05    0.0076   14.3   0.0    76   129   423   476   418   478 0.93 -
Pcitr_chr1:26813753-26815123  -            457 99040at71240         -            309   3.9e-15   54.7  25.4   1   6   0.00047     0.058   11.4   0.1    87   138     2    53     1    56 0.93 -
Pcitr_chr1:26813753-26815123  -            457 99040at71240         -            309   3.9e-15   54.7  25.4   2   6     3e-07   3.7e-05   21.9   0.3    83   138    50   105    45   129 0.90 -
Pcitr_chr1:26813753-26815123  -            457 99040at71240         -            309   3.9e-15   54.7  25.4   3   6      0.34        43    2.0   0.5    80   131   150   204   133   210 0.77 -
Pcitr_chr1:26813753-26815123  -            457 99040at71240         -            309   3.9e-15   54.7  25.4   4   6   0.00046     0.057   11.5   0.3    87   125   212   250   206   272 0.79 -
Pcitr_chr1:26813753-26815123  -            457 99040at71240         -            309   3.9e-15   54.7  25.4   5   6     0.005      0.63    8.0   0.0    90   136   295   342   283   344 0.84 -
Pcitr_chr1:26813753-26815123  -            457 99040at71240         -            309   3.9e-15   54.7  25.4   6   6   6.2e-05    0.0078   14.3   2.8    64   139   345   424   344   439 0.79 -
Pcitr_chr2:40440264-40439686  -            193 99040at71240         -            309   2.4e-14   52.1   0.7   1   3    0.0014      0.17    9.9   0.0    95   132     4    41     1    52 0.87 -
Pcitr_chr2:40440264-40439686  -            193 99040at71240         -            309   2.4e-14   52.1   0.7   2   3   0.00032      0.04   11.9   0.0    88   139    74   125    63   129 0.90 -
Pcitr_chr2:40440264-40439686  -            193 99040at71240         -            309   2.4e-14   52.1   0.7   3   3   4.7e-09   5.9e-07   27.8   0.1    75   128   139   192   124   193 0.93 -
Pcitr_chr2:39921008-39921604  -            199 99040at71240         -            309   6.6e-14   50.7   3.4   1   3   0.00037     0.047   11.7   0.1    87   131     3    47     1    61 0.91 -
Pcitr_chr2:39921008-39921604  -            199 99040at71240         -            309   6.6e-14   50.7   3.4   2   3     1e-05    0.0013   16.8   0.0    77   139    70   133    57   137 0.88 -
Pcitr_chr2:39921008-39921604  -            199 99040at71240         -            309   6.6e-14   50.7   3.4   3   3   3.1e-07   3.9e-05   21.9   0.5    77   128   149   199   144   199 0.94 -
Pcitr_chr2:39666409-39667842  -            478 99040at71240         -            309   1.5e-13   49.5  13.0   1   5       4.1   5.1e+02   -1.5   0.0    89   134    76   123    73   129 0.84 -
Pcitr_chr2:39666409-39667842  -            478 99040at71240         -            309   1.5e-13   49.5  13.0   2   5   0.00015     0.019   13.0   1.4    85   140   157   212    96   241 0.80 -
Pcitr_chr2:39666409-39667842  -            478 99040at71240         -            309   1.5e-13   49.5  13.0   3   5   6.5e-05    0.0081   14.2   0.5    87   134   279   326   274   342 0.88 -
Pcitr_chr2:39666409-39667842  -            478 99040at71240         -            309   1.5e-13   49.5  13.0   4   5   0.00015     0.018   13.1   0.2    87   137   356   406   322   410 0.85 -
Pcitr_chr2:39666409-39667842  -            478 99040at71240         -            309   1.5e-13   49.5  13.0   5   5   5.9e-05    0.0073   14.4   0.0    76   129   423   476   418   478 0.93 -
Pcitr_chr2:39804834-39803587  -            416 99040at71240         -            309   1.6e-12   46.1  12.7   1   5    0.0021      0.27    9.2   0.3    53   138    58   148    19   171 0.82 -
Pcitr_chr2:39804834-39803587  -            416 99040at71240         -            309   1.6e-12   46.1  12.7   2   5      0.02       2.5    6.1   0.7    87   148   123   184   119   193 0.80 -
Pcitr_chr2:39804834-39803587  -            416 99040at71240         -            309   1.6e-12   46.1  12.7   3   5   7.3e-05    0.0091   14.1   0.3    85   139   215   269   198   279 0.85 -
Pcitr_chr2:39804834-39803587  -            416 99040at71240         -            309   1.6e-12   46.1  12.7   4   5    0.0004      0.05   11.6   0.1    87   133   294   340   271   347 0.88 -
Pcitr_chr2:39804834-39803587  -            416 99040at71240         -            309   1.6e-12   46.1  12.7   5   5   1.3e-05    0.0016   16.5   0.0    76   129   361   414   356   416 0.93 -
Pcitr_chr2:39832083-39830893  -            397 99040at71240         -            309   2.1e-12   45.7   3.0   1   4    0.0033      0.41    8.6   0.1    77   137    68   133    50   139 0.77 -
Pcitr_chr2:39832083-39830893  -            397 99040at71240         -            309   2.1e-12   45.7   3.0   2   4   1.5e-05    0.0019   16.3   0.1    86   137   199   250   189   263 0.88 -
Pcitr_chr2:39832083-39830893  -            397 99040at71240         -            309   2.1e-12   45.7   3.0   3   4     0.042       5.2    5.0   0.0    87   133   278   324   264   331 0.90 -
Pcitr_chr2:39832083-39830893  -            397 99040at71240         -            309   2.1e-12   45.7   3.0   4   4   0.00023     0.029   12.4   0.0    76   128   345   397   340   397 0.94 -
Pcitr_chr8:21244543-21243482  -            354 99040at71240         -            309   2.1e-12   45.7   8.5   1   4     0.004      0.49    8.4   0.5    85   137    34    86    23    95 0.92 -
Pcitr_chr8:21244543-21243482  -            354 99040at71240         -            309   2.1e-12   45.7   8.5   2   4    0.0038      0.48    8.4   0.0    79   142   145   208   128   214 0.82 -
Pcitr_chr8:21244543-21243482  -            354 99040at71240         -            309   2.1e-12   45.7   8.5   3   4    0.0037      0.46    8.5   0.0    85   137   228   280   210   287 0.86 -
Pcitr_chr8:21244543-21243482  -            354 99040at71240         -            309   2.1e-12   45.7   8.5   4   4   1.7e-07   2.2e-05   22.7   0.5    76   132   297   353   292   354 0.94 -
Pcitr_chr6:40924300-40923155  -            382 99040at71240         -            309   2.3e-12   45.6  13.8   1   5    0.0012      0.15   10.0   0.1    83   137    96   150    91   152 0.92 -
Pcitr_chr6:40924300-40923155  -            382 99040at71240         -            309   2.3e-12   45.6  13.8   2   5   0.00013     0.016   13.2   0.1    80   133   144   198   142   203 0.86 -
Pcitr_chr6:40924300-40923155  -            382 99040at71240         -            309   2.3e-12   45.6  13.8   3   5   8.4e-05      0.01   13.9   0.4    87   133   204   250   200   264 0.86 -
Pcitr_chr6:40924300-40923155  -            382 99040at71240         -            309   2.3e-12   45.6  13.8   4   5      0.64        80    1.1   0.2   101   158   244   302   238   307 0.66 -
Pcitr_chr6:40924300-40923155  -            382 99040at71240         -            309   2.3e-12   45.6  13.8   5   5   1.6e-05     0.002   16.2   0.8    87   139   309   362   297   377 0.87 -
Pcitr_chr2:40009805-40010860  -            352 99040at71240         -            309   4.5e-12   44.6   5.8   1   4      0.03       3.7    5.5   0.3    81   124    57   101    36   111 0.77 -
Pcitr_chr2:40009805-40010860  -            352 99040at71240         -            309   4.5e-12   44.6   5.8   2   4   0.00033     0.041   11.9   0.1    80   136   149   205   136   227 0.85 -
Pcitr_chr2:40009805-40010860  -            352 99040at71240         -            309   4.5e-12   44.6   5.8   3   4   0.00037     0.047   11.7   0.0    83   138   233   288   217   294 0.89 -
Pcitr_chr2:40009805-40010860  -            352 99040at71240         -            309   4.5e-12   44.6   5.8   4   4   2.7e-05    0.0034   15.5   0.1    80   126   308   352   299   352 0.87 -
Pcitr_chr3:8315261-8301779    -            350 99040at71240         -            309   5.1e-12   44.4  13.5   1   4    0.0013      0.16   10.0   0.2    69   137   105   171    94   172 0.80 -
Pcitr_chr3:8315261-8301779    -            350 99040at71240         -            309   5.1e-12   44.4  13.5   2   4   1.7e-07   2.1e-05   22.7   0.2    81   149   166   235   164   240 0.85 -
Pcitr_chr3:8315261-8301779    -            350 99040at71240         -            309   5.1e-12   44.4  13.5   3   4   1.1e-06   0.00013   20.1   1.3    78   133   240   295   233   300 0.88 -
Pcitr_chr3:8315261-8301779    -            350 99040at71240         -            309   5.1e-12   44.4  13.5   4   4         1   1.3e+02    0.5   0.1    87   125   301   340   296   348 0.72 -
Pcitr_chr2:39972390-39973703  -            438 99040at71240         -            309   5.5e-12   44.3   5.7   1   4      0.11        13    3.7   0.2    81   122   107   149    85   161 0.70 -
Pcitr_chr2:39972390-39973703  -            438 99040at71240         -            309   5.5e-12   44.3   5.7   2   4    0.0015      0.19    9.7   0.2    78   135   197   254   185   273 0.84 -
Pcitr_chr2:39972390-39973703  -            438 99040at71240         -            309   5.5e-12   44.3   5.7   3   4   0.00052     0.065   11.3   0.0    83   138   283   338   267   344 0.89 -
Pcitr_chr2:39972390-39973703  -            438 99040at71240         -            309   5.5e-12   44.3   5.7   4   4   2.2e-06   0.00027   19.1   0.1    80   130   358   406   349   411 0.85 -
Pcitr_chr2:39968139-39966799  -            447 99040at71240         -            309   7.1e-12   44.0   5.2   1   4      0.17        21    3.0   0.2    82   124   135   178   114   188 0.78 -
Pcitr_chr2:39968139-39966799  -            447 99040at71240         -            309   7.1e-12   44.0   5.2   2   4    0.0016      0.19    9.7   0.2    78   135   224   281   212   300 0.84 -
Pcitr_chr2:39968139-39966799  -            447 99040at71240         -            309   7.1e-12   44.0   5.2   3   4   0.00054     0.067   11.2   0.0    83   138   310   365   294   371 0.89 -
Pcitr_chr2:39968139-39966799  -            447 99040at71240         -            309   7.1e-12   44.0   5.2   4   4   2.2e-06   0.00028   19.0   0.1    80   130   385   433   376   438 0.85 -
Pcitr_chr2:40014535-40015872  -            446 99040at71240         -            309   7.7e-12   43.9  13.1   1   4    0.0039      0.48    8.4   0.9    85   137   113   165    98   196 0.77 -
Pcitr_chr2:40014535-40015872  -            446 99040at71240         -            309   7.7e-12   43.9  13.1   2   4   0.00027     0.034   12.2   1.1    77   133   222   278   211   297 0.88 -
Pcitr_chr2:40014535-40015872  -            446 99040at71240         -            309   7.7e-12   43.9  13.1   3   4    0.0067      0.84    7.6   0.0    85   140   311   366   293   371 0.92 -
Pcitr_chr2:40014535-40015872  -            446 99040at71240         -            309   7.7e-12   43.9  13.1   4   4   1.1e-06   0.00014   20.1   0.4    77   130   381   432   375   437 0.90 -
Pcitr_chr2:39791688-39759803  -            345 99040at71240         -            309     9e-12   43.6   3.2   1   5    0.0041      0.51    8.3   0.0    79   128    45    95    38   122 0.79 -
Pcitr_chr2:39791688-39759803  -            345 99040at71240         -            309     9e-12   43.6   3.2   2   5       3.3   4.1e+02   -1.2   0.0    87   120   106   139   103   152 0.78 -
Pcitr_chr2:39791688-39759803  -            345 99040at71240         -            309     9e-12   43.6   3.2   3   5   2.1e-06   0.00026   19.1   0.1    85   136   154   205   146   211 0.90 -
Pcitr_chr2:39791688-39759803  -            345 99040at71240         -            309     9e-12   43.6   3.2   4   5    0.0067      0.84    7.6   0.0    88   133   234   280   220   286 0.88 -
Pcitr_chr2:39791688-39759803  -            345 99040at71240         -            309     9e-12   43.6   3.2   5   5     0.034       4.3    5.3   0.0    76   120   301   345   296   345 0.93 -
Pcitr_chr6:19316943-19315963  -            327 99040at71240         -            309   2.7e-11   42.1  13.3   1   3     2e-07   2.5e-05   22.5   1.3    86   138     9    61     3    88 0.90 -
Pcitr_chr6:19316943-19315963  -            327 99040at71240         -            309   2.7e-11   42.1  13.3   2   3   4.1e-06   0.00051   18.2   0.7    75   136   176   240   154   254 0.80 -
Pcitr_chr6:19316943-19315963  -            327 99040at71240         -            309   2.7e-11   42.1  13.3   3   3    0.0094       1.2    7.1   0.2    80   117   286   323   269   327 0.87 -
Pcitr_chr2:40004272-40003622  -            217 99040at71240         -            309   8.9e-11   40.4   2.3   1   3    0.0043      0.54    8.3   0.0    86   140    15    69     6    78 0.84 -
Pcitr_chr2:40004272-40003622  -            217 99040at71240         -            309   8.9e-11   40.4   2.3   2   3    0.0034      0.43    8.6   0.0    85   137    91   143    73   151 0.86 -
Pcitr_chr2:40004272-40003622  -            217 99040at71240         -            309   8.9e-11   40.4   2.3   3   3   2.7e-07   3.3e-05   22.1   0.4    76   132   160   216   155   217 0.94 -
Pcitr_chr2:39761652-39760789  -            288 99040at71240         -            309   1.2e-10   40.0   1.3   1   3    0.0016       0.2    9.7   0.1    85   138    26    79     8   117 0.77 -
Pcitr_chr2:39761652-39760789  -            288 99040at71240         -            309   1.2e-10   40.0   1.3   2   3   1.3e-06   0.00016   19.8   0.0    84   136   148   200   137   206 0.91 -
Pcitr_chr2:39761652-39760789  -            288 99040at71240         -            309   1.2e-10   40.0   1.3   3   3    0.0047      0.59    8.1   0.1    88   133   229   275   214   283 0.88 -
Pcitr_chr10:21557807-21558889 -            361 99040at71240         -            309   1.4e-10   39.7  11.9   1   6      0.86   1.1e+02    0.7   0.0    87   136    61   110    52   116 0.82 -
Pcitr_chr10:21557807-21558889 -            361 99040at71240         -            309   1.4e-10   39.7  11.9   2   6      0.05       6.2    4.8   0.0    80   132    79   132    69   137 0.84 -
Pcitr_chr10:21557807-21558889 -            361 99040at71240         -            309   1.4e-10   39.7  11.9   3   6   0.00082       0.1   10.6   0.5    86   132   112   157   105   162 0.82 -
Pcitr_chr10:21557807-21558889 -            361 99040at71240         -            309   1.4e-10   39.7  11.9   4   6   3.1e-05    0.0039   15.3   0.3    84   118   161   195   155   200 0.91 -
Pcitr_chr10:21557807-21558889 -            361 99040at71240         -            309   1.4e-10   39.7  11.9   5   6    0.0079      0.99    7.4   0.3    78   137   255   315   247   317 0.87 -
Pcitr_chr10:21557807-21558889 -            361 99040at71240         -            309   1.4e-10   39.7  11.9   6   6     0.002      0.26    9.3   0.0    86   118   316   348   314   359 0.88 -
Pcitr_chr11:18095584-18094298 -            429 99040at71240         -            309   2.4e-10   38.9  10.9   1   4   5.2e-07   6.5e-05   21.1   1.3    86   138    74   126    67   147 0.90 -
Pcitr_chr11:18095584-18094298 -            429 99040at71240         -            309   2.4e-10   38.9  10.9   2   4   4.2e-05    0.0053   14.8   0.1    78   135   245   305   240   323 0.82 -
Pcitr_chr11:18095584-18094298 -            429 99040at71240         -            309   2.4e-10   38.9  10.9   3   4     0.083        10    4.0   0.1    87   139   283   334   280   351 0.79 -
Pcitr_chr11:18095584-18094298 -            429 99040at71240         -            309   2.4e-10   38.9  10.9   4   4     0.013       1.7    6.6   0.2    80   121   352   393   336   416 0.84 -
Pcitr_chr1:21311364-21310915  -            150 99040at71240         -            309   3.6e-09   35.1   0.2   1   2   5.2e-08   6.5e-06   24.4   0.1    78   132     6    61     4    66 0.92 -
Pcitr_chr1:21311364-21310915  -            150 99040at71240         -            309   3.6e-09   35.1   0.2   2   2    0.0029      0.36    8.8   0.0    78   118   104   144    89   148 0.71 -
Pcitr_chr8:25069459-25070595  -            379 99040at71240         -            309   8.9e-09   33.8  14.2   1   3   0.00026     0.032   12.3   1.6    61   131    70   142    36   174 0.63 -
Pcitr_chr8:25069459-25070595  -            379 99040at71240         -            309   8.9e-09   33.8  14.2   2   3   1.1e-06   0.00014   20.0   0.1    75   135   238   301   215   307 0.82 -
Pcitr_chr8:25069459-25070595  -            379 99040at71240         -            309   8.9e-09   33.8  14.2   3   3    0.0019      0.24    9.4   1.9    85   142   302   359   297   378 0.84 -
Pcitr_chr4:28098742-28093264  -            188 99040at71240         -            309   3.3e-08   31.9   7.4   1   4   2.9e-06   0.00036   18.7   0.3    86   138     8    61     4    69 0.90 -
Pcitr_chr4:28098742-28093264  -            188 99040at71240         -            309   3.3e-08   31.9   7.4   2   4    0.0039      0.49    8.4   0.3   100   132    49    81    47    85 0.92 -
Pcitr_chr4:28098742-28093264  -            188 99040at71240         -            309   3.3e-08   31.9   7.4   3   4    0.0033      0.41    8.6   0.4    78   132    78   131    75   142 0.87 -
Pcitr_chr4:28098742-28093264  -            188 99040at71240         -            309   3.3e-08   31.9   7.4   4   4     0.022       2.7    5.9   0.0    86   130   142   185   133   188 0.77 -
Pcitr_chr2:39796997-39796197  -            267 99040at71240         -            309   6.2e-08   31.0   7.8   1   3      0.11        14    3.6   0.1    83   137     8    62     2   101 0.71 -
Pcitr_chr2:39796997-39796197  -            267 99040at71240         -            309   6.2e-08   31.0   7.8   2   3   5.2e-05    0.0064   14.6   0.1    88   133   132   177   126   191 0.89 -
Pcitr_chr2:39796997-39796197  -            267 99040at71240         -            309   6.2e-08   31.0   7.8   3   3   1.8e-05    0.0023   16.1   0.7    88   137   209   258   202   262 0.92 -
Pcitr_chr2:39993970-39995007  -            346 99040at71240         -            309   8.8e-08   30.5   9.1   1   5       8.5   1.1e+03   -2.6   0.0   165   186    12    33     8    41 0.83 -
Pcitr_chr2:39993970-39995007  -            346 99040at71240         -            309   8.8e-08   30.5   9.1   2   5     0.019       2.3    6.1   1.0    81   131    64   115    42   133 0.61 -
Pcitr_chr2:39993970-39995007  -            346 99040at71240         -            309   8.8e-08   30.5   9.1   3   5   2.5e-06   0.00032   18.9   0.7    77   148   152   223   141   234 0.89 -
Pcitr_chr2:39993970-39995007  -            346 99040at71240         -            309   8.8e-08   30.5   9.1   4   5     0.028       3.5    5.6   0.0    85   140   241   296   230   301 0.92 -
Pcitr_chr2:39993970-39995007  -            346 99040at71240         -            309   8.8e-08   30.5   9.1   5   5      0.56        70    1.3   0.0    83   114   315   346   305   346 0.81 -
Pcitr_chr2:39756459-39757655  -            399 99040at71240         -            309   3.1e-07   28.7   5.2   1   3   0.00046     0.058   11.4   1.7    64   137   127   206   116   216 0.85 -
Pcitr_chr2:39756459-39757655  -            399 99040at71240         -            309   3.1e-07   28.7   5.2   2   3     5e-05    0.0063   14.6   0.1    85   133   280   328   273   338 0.90 -
Pcitr_chr2:39756459-39757655  -            399 99040at71240         -            309   3.1e-07   28.7   5.2   3   3      0.27        34    2.3   0.0    77   118   348   390   335   395 0.88 -
Pcitr_chr2:40241782-40242831  -            350 99040at71240         -            309     7e-07   27.6   3.0   1   4     0.021       2.6    6.0   0.4    71   137    20    93     8    99 0.82 -
Pcitr_chr2:40241782-40242831  -            350 99040at71240         -            309     7e-07   27.6   3.0   2   4       1.4   1.7e+02    0.0   0.1   103   131   184   212   178   225 0.85 -
Pcitr_chr2:40241782-40242831  -            350 99040at71240         -            309     7e-07   27.6   3.0   3   4   2.7e-05    0.0034   15.5   0.0    85   136   242   293   223   299 0.86 -
Pcitr_chr2:40241782-40242831  -            350 99040at71240         -            309     7e-07   27.6   3.0   4   4      0.21        27    2.7   0.0    73   113   308   348   306   350 0.87 -
Pcitr_chr2:40181701-40182915  -            405 99040at71240         -            309   7.6e-07   27.5   4.2   1   3   8.8e-05     0.011   13.8   1.2    83   137   154   208   128   218 0.91 -
Pcitr_chr2:40181701-40182915  -            405 99040at71240         -            309   7.6e-07   27.5   4.2   2   3       4.7   5.8e+02   -1.7   0.0    94   128   289   322   272   338 0.73 -
Pcitr_chr2:40181701-40182915  -            405 99040at71240         -            309   7.6e-07   27.5   4.2   3   3   0.00012     0.015   13.3   0.0    78   132   349   404   339   405 0.89 -
Pcitr_chr7:33544325-33541561  -            388 99040at71240         -            309   8.3e-07   27.3   1.4   1   4     0.005      0.62    8.0   0.0    19   117     4   104     1   112 0.83 -
Pcitr_chr7:33544325-33541561  -            388 99040at71240         -            309   8.3e-07   27.3   1.4   2   4     0.012       1.5    6.8   0.2    84   150   122   184   114   192 0.72 -
Pcitr_chr7:33544325-33541561  -            388 99040at71240         -            309   8.3e-07   27.3   1.4   3   4       4.2   5.2e+02   -1.6   0.0    77    97   187   207   173   224 0.77 -
Pcitr_chr7:33544325-33541561  -            388 99040at71240         -            309   8.3e-07   27.3   1.4   4   4     0.005      0.63    8.0   0.1    77   133   302   357   295   380 0.90 -
Pcitr_chr2:39791110-39790517  -            198 99040at71240         -            309   9.2e-07   27.2   1.1   1   3   0.00016      0.02   12.9   0.1    87   130     7    50     3    57 0.91 -
Pcitr_chr2:39791110-39790517  -            198 99040at71240         -            309   9.2e-07   27.2   1.1   2   3   0.00024      0.03   12.3   0.0    87   132    84   129    70   134 0.90 -
Pcitr_chr2:39791110-39790517  -            198 99040at71240         -            309   9.2e-07   27.2   1.1   3   3       4.2   5.3e+02   -1.6   0.0    78   122   153   197   147   198 0.81 -
Pcitr_chr3:12406498-12407898  -            467 99040at71240         -            309   1.4e-06   26.6  10.9   1   4   3.4e-07   4.3e-05   21.7   0.4    38   136    55   158    20   170 0.79 -
Pcitr_chr3:12406498-12407898  -            467 99040at71240         -            309   1.4e-06   26.6  10.9   2   4       1.4   1.7e+02    0.0   0.1    90   129   251   290   240   295 0.82 -
Pcitr_chr3:12406498-12407898  -            467 99040at71240         -            309   1.4e-06   26.6  10.9   3   4     0.083        10    4.0   0.5    76   126   301   358   262   365 0.71 -
Pcitr_chr3:12406498-12407898  -            467 99040at71240         -            309   1.4e-06   26.6  10.9   4   4     0.036       4.5    5.2   0.1   100   136   382   417   368   457 0.60 -
Pcitr_chr7:33544322-33540555  -            581 99040at71240         -            309   3.9e-06   25.1   1.3   1   3     0.012       1.5    6.8   0.0    20   117     4   103     1   109 0.83 -
Pcitr_chr7:33544322-33540555  -            581 99040at71240         -            309   3.9e-06   25.1   1.3   2   3    0.0089       1.1    7.2   0.2    79   148   115   181   107   191 0.58 -
Pcitr_chr7:33544322-33540555  -            581 99040at71240         -            309   3.9e-06   25.1   1.3   3   3    0.0087       1.1    7.2   0.1    77   133   301   356   294   384 0.90 -
Pcitr_chr6:23369845-23354880  -            708 99040at71240         -            309   5.5e-06   24.6   0.7   1   2   3.8e-06   0.00047   18.3   0.2    65   130   477   545   464   580 0.79 -
Pcitr_chr6:23369845-23354880  -            708 99040at71240         -            309   5.5e-06   24.6   0.7   2   2     0.039       4.9    5.1   0.0    95   137   568   609   553   634 0.85 -
Pcitr_chr10:21561138-21561752 -            205 99040at71240         -            309   7.3e-06   24.2   3.6   1   2   4.5e-07   5.7e-05   21.3   1.0    87   138    37    88    29   123 0.81 -
Pcitr_chr10:21561138-21561752 -            205 99040at71240         -            309   7.3e-06   24.2   3.6   2   2      0.17        21    3.0   0.1    77   126   153   203   139   205 0.83 -
Pcitr_chr2:40139799-40138888  -            304 99040at71240         -            309   8.9e-06   24.0   5.1   1   3   0.00014     0.017   13.1   0.2    80   133    71   125    49   135 0.81 -
Pcitr_chr2:40139799-40138888  -            304 99040at71240         -            309   8.9e-06   24.0   5.1   2   3       3.1   3.9e+02   -1.1   0.1    92   129   182   218   170   233 0.80 -
Pcitr_chr2:40139799-40138888  -            304 99040at71240         -            309   8.9e-06   24.0   5.1   3   3   0.00029     0.037   12.1   0.1    85   136   251   302   223   304 0.81 -
Pcitr_chr9:32845344-32844247  -            366 99040at71240         -            309   1.8e-05   23.0   0.0   1   2   3.3e-06   0.00042   18.5   0.0    39   133   131   231   125   251 0.84 -
Pcitr_chr9:32845344-32844247  -            366 99040at71240         -            309   1.8e-05   23.0   0.0   2   2      0.29        36    2.3   0.0    88   131   268   312   252   336 0.78 -
Pcitr_chr9:32885269-32886357  -            363 99040at71240         -            309   1.9e-05   22.9   2.1   1   4       5.1   6.4e+02   -1.8   0.1     8   109    18    45     1    78 0.49 -
Pcitr_chr9:32885269-32886357  -            363 99040at71240         -            309   1.9e-05   22.9   2.1   2   4   5.1e-07   6.4e-05   21.1   0.0    78   139   178   240   163   252 0.89 -
Pcitr_chr9:32885269-32886357  -            363 99040at71240         -            309   1.9e-05   22.9   2.1   3   4       6.1   7.7e+02   -2.1   0.0    95   126   271   303   249   311 0.70 -
Pcitr_chr9:32885269-32886357  -            363 99040at71240         -            309   1.9e-05   22.9   2.1   4   4       2.1   2.6e+02   -0.6   0.0    87   129   319   362   313   363 0.82 -
Pcitr_chr2:40193862-40192945  -            306 99040at71240         -            309   3.5e-05   22.0   6.0   1   3   0.00015     0.019   13.0   0.2    80   133    75   129    53   140 0.81 -
Pcitr_chr2:40193862-40192945  -            306 99040at71240         -            309   3.5e-05   22.0   6.0   2   3       3.2     4e+02   -1.2   0.1    92   129   186   222   171   235 0.81 -
Pcitr_chr2:40193862-40192945  -            306 99040at71240         -            309   3.5e-05   22.0   6.0   3   3    0.0006     0.075   11.1   0.0    85   134   255   304   231   306 0.80 -
Pcitr_chr2:40022613-40023794  -            394 99040at71240         -            309     4e-05   21.8   1.4   1   4       1.5   1.9e+02   -0.1   0.0    80   134    39    96    24   149 0.58 -
Pcitr_chr2:40022613-40023794  -            394 99040at71240         -            309     4e-05   21.8   1.4   2   4      0.47        59    1.6   0.3    85   137   157   209   142   214 0.87 -
Pcitr_chr2:40022613-40023794  -            394 99040at71240         -            309     4e-05   21.8   1.4   3   4      0.48        60    1.5   0.0    90   136   278   324   272   331 0.82 -
Pcitr_chr2:40022613-40023794  -            394 99040at71240         -            309     4e-05   21.8   1.4   4   4   9.4e-05     0.012   13.7   0.0    69   127   333   392   326   394 0.90 -
Pcitr_chr8:28304005-28300696  -            628 99040at71240         -            309   4.3e-05   21.7   2.8   1   3       5.4   6.7e+02   -1.9   0.0    86   131   105   155    86   157 0.62 -
Pcitr_chr8:28304005-28300696  -            628 99040at71240         -            309   4.3e-05   21.7   2.8   2   3    0.0022      0.27    9.2   0.1    85   134   293   342   280   351 0.89 -
Pcitr_chr8:28304005-28300696  -            628 99040at71240         -            309   4.3e-05   21.7   2.8   3   3   0.00075     0.093   10.8   0.0    78   129   413   464   393   471 0.88 -
Pcitr_chr5:26848275-26849282  -            336 99040at71240         -            309   6.3e-05   21.2   9.9   1   3    0.0015      0.19    9.8   0.3    79   133   134   184   111   190 0.70 -
Pcitr_chr5:26848275-26849282  -            336 99040at71240         -            309   6.3e-05   21.2   9.9   2   3     0.013       1.6    6.7   0.1    84   132   193   240   187   248 0.87 -
Pcitr_chr5:26848275-26849282  -            336 99040at71240         -            309   6.3e-05   21.2   9.9   3   3    0.0021      0.26    9.3   0.7    97   162   255   322   242   332 0.84 -
Pcitr_chr11:22721540-22722136 -            199 99040at71240         -            309   0.00011   20.3   0.1   1   3   1.2e-05    0.0015   16.6   0.0    83   134    26    76    21    92 0.86 -
Pcitr_chr11:22721540-22722136 -            199 99040at71240         -            309   0.00011   20.3   0.1   2   3       3.4   4.2e+02   -1.3   0.0   108   124   100   116    95   136 0.81 -
Pcitr_chr11:22721540-22722136 -            199 99040at71240         -            309   0.00011   20.3   0.1   3   3       1.3   1.6e+02    0.1   0.0    84   108   136   160   128   195 0.72 -
Pcitr_chr2:2624168-2623176    -            331 99040at71240         -            309   0.00012   20.3   8.4   1   4      0.32        39    2.1   0.0    75   115    52    92    48   101 0.86 -
Pcitr_chr2:2624168-2623176    -            331 99040at71240         -            309   0.00012   20.3   8.4   2   4      0.73        91    0.9   0.1   102   132   104   134    98   146 0.83 -
Pcitr_chr2:2624168-2623176    -            331 99040at71240         -            309   0.00012   20.3   8.4   3   4   0.00062     0.078   11.0   0.1    92   143   226   277   200   282 0.83 -
Pcitr_chr2:2624168-2623176    -            331 99040at71240         -            309   0.00012   20.3   8.4   4   4    0.0028      0.35    8.9   0.9    91   143   277   328   272   331 0.89 -
Pcitr_chr2:39971833-39971000  -            278 99040at71240         -            309   0.00012   20.2   0.2   1   3      0.15        18    3.2   0.1    85   137    42    94     9   107 0.82 -
Pcitr_chr2:39971833-39971000  -            278 99040at71240         -            309   0.00012   20.2   0.2   2   3      0.16        20    3.1   0.0    89   136   162   209   156   216 0.83 -
Pcitr_chr2:39971833-39971000  -            278 99040at71240         -            309   0.00012   20.2   0.2   3   3   0.00088      0.11   10.5   0.0    69   126   218   276   212   278 0.87 -
Pcitr_chr5:6739150-6739356    -             69 99040at71240         -            309   0.00018   19.7   0.0   1   1   1.4e-06   0.00018   19.7   0.0   103   138     2    37     1    53 0.87 -
Pcitr_chr5:40143250-40142564  -            229 99040at71240         -            309    0.0004   18.5   1.0   1   3       8.8   1.1e+03   -2.6   0.0    88   105     3    20     2    23 0.80 -
Pcitr_chr5:40143250-40142564  -            229 99040at71240         -            309    0.0004   18.5   1.0   2   3     0.018       2.3    6.2   0.0    86   132    35    80    28    88 0.86 -
Pcitr_chr5:40143250-40142564  -            229 99040at71240         -            309    0.0004   18.5   1.0   3   3    0.0013      0.17    9.9   0.1    73   133   131   187   112   217 0.74 -
Pcitr_chr1:24464486-24463827  -            220 99040at71240         -            309   0.00078   17.6   0.7   1   3       2.6   3.3e+02   -0.9   0.0    88   105     2    19     1    32 0.85 -
Pcitr_chr1:24464486-24463827  -            220 99040at71240         -            309   0.00078   17.6   0.7   2   3      0.06       7.5    4.5   0.0    86   132    34    79    24    87 0.88 -
Pcitr_chr1:24464486-24463827  -            220 99040at71240         -            309   0.00078   17.6   0.7   3   3    0.0013      0.17    9.9   0.0    74   133   131   186   109   216 0.74 -
Pcitr_chr6:5889261-5888584    -            226 99040at71240         -            309    0.0012   17.0   0.1   1   2       1.6     2e+02   -0.2   0.0    87   134    94   143    88   152 0.71 -
Pcitr_chr6:5889261-5888584    -            226 99040at71240         -            309    0.0012   17.0   0.1   2   2   5.8e-05    0.0072   14.4   0.0    84   121   173   210   163   221 0.87 -
Pcitr_chr2:39952854-39953798  -            315 99040at71240         -            309    0.0017   16.4   8.1   1   2    0.0085       1.1    7.3   1.7    86   137   151   202    95   232 0.60 -
Pcitr_chr2:39952854-39953798  -            315 99040at71240         -            309    0.0017   16.4   8.1   2   2   0.00019     0.024   12.7   0.6    77   131   259   313   247   315 0.89 -
Pcitr_chr4:26651562-26652236  -            225 99040at71240         -            309    0.0036   15.4   1.5   1   2   0.00012     0.015   13.4   0.4    84   151     8    82     2   121 0.71 -
Pcitr_chr4:26651562-26652236  -            225 99040at71240         -            309    0.0036   15.4   1.5   2   2      0.47        59    1.6   0.1    94   140   120   165   100   180 0.73 -
Pcitr_chr7:26471427-26472101  -            225 99040at71240         -            309    0.0036   15.4   1.5   1   2   0.00012     0.015   13.4   0.4    84   151     8    82     2   121 0.71 -
Pcitr_chr7:26471427-26472101  -            225 99040at71240         -            309    0.0036   15.4   1.5   2   2      0.47        59    1.6   0.1    94   140   120   165   100   180 0.73 -
Pcitr_chr2:39849157-39853835  -            147 99040at71240         -            309    0.0037   15.3   2.2   1   1   3.3e-05    0.0042   15.2   2.2    64   137    45   124     8   133 0.86 -
Pcitr_chr9:32612636-32611386  -            417 99040at71240         -            309    0.0066   14.5   0.3   1   2   0.00034     0.043   11.9   0.0    77   133   178   235   127   255 0.77 -
Pcitr_chr9:32612636-32611386  -            417 99040at71240         -            309    0.0066   14.5   0.3   2   2       2.4   3.1e+02   -0.8   0.1    95   132   280   318   268   344 0.77 -
Pcitr_chr4:32649430-32648885  -            182 99040at71240         -            309    0.0081   14.2   0.0   1   2    0.0019      0.24    9.4   0.0    86   132    34    79    29    85 0.89 -
Pcitr_chr4:32649430-32648885  -            182 99040at71240         -            309    0.0081   14.2   0.0   2   2      0.34        43    2.0   0.0    77   110   134   167   117   178 0.86 -
Pcitr_chr2:36678114-36679205  -            364 99040at71240         -            309    0.0086   14.1   3.5   1   2       6.6   8.2e+02   -2.2   0.0    84   134    48   100    14   109 0.68 -
Pcitr_chr2:36678114-36679205  -            364 99040at71240         -            309    0.0086   14.1   3.5   2   2   0.00011     0.014   13.5   2.1    84   152   130   197   116   234 0.70 -
Pcitr_chr1:53522113-53521487  -            209 99040at71240         -            309    0.0095   14.0   0.3   1   3       3.3   4.1e+02   -1.2   0.0    87   105     1    19     1    23 0.84 -
Pcitr_chr1:53522113-53521487  -            209 99040at71240         -            309    0.0095   14.0   0.3   2   3     0.012       1.5    6.7   0.0    84   131    31    77    27    94 0.84 -
Pcitr_chr1:53522113-53521487  -            209 99040at71240         -            309    0.0095   14.0   0.3   3   3     0.078       9.7    4.1   0.0    71   136   126   190   112   202 0.78 -
Pcitr_chr2:4021153-4020365    -            263 99040at71240         -            309      0.01   13.9   0.5   1   5     0.011       1.4    6.9   0.0    86   131    17    62     5    66 0.86 -
Pcitr_chr2:4021153-4020365    -            263 99040at71240         -            309      0.01   13.9   0.5   2   5       9.5   1.2e+03   -2.7   0.0    87   105   100   118    95   121 0.77 -
Pcitr_chr2:4021153-4020365    -            263 99040at71240         -            309      0.01   13.9   0.5   3   5      0.95   1.2e+02    0.5   0.1    86   128   133   174   129   182 0.84 -
Pcitr_chr2:4021153-4020365    -            263 99040at71240         -            309      0.01   13.9   0.5   4   5       5.7   7.2e+02   -2.0   0.0   117   135   198   216   195   223 0.73 -
Pcitr_chr2:4021153-4020365    -            263 99040at71240         -            309      0.01   13.9   0.5   5   5      0.51        63    1.4   0.0    63   107   217   263   213   263 0.83 -
Pcitr_chr1:45660385-45661359  -            325 99040at71240         -            309     0.011   13.8   8.0   1   3     0.013       1.6    6.7   0.2    82   135   127   176   104   180 0.78 -
Pcitr_chr1:45660385-45661359  -            325 99040at71240         -            309     0.011   13.8   8.0   2   3     0.022       2.7    5.9   0.1    84   132   183   230   178   239 0.84 -
Pcitr_chr1:45660385-45661359  -            325 99040at71240         -            309     0.011   13.8   8.0   3   3     0.046       5.7    4.9   0.3    97   162   245   312   229   322 0.79 -
Pcitr_chr9:20310302-20309337  -            322 99040at71240         -            309     0.018   13.1   0.1   1   2    0.0013      0.16   10.0   0.0    64   143   135   224   133   243 0.70 -
Pcitr_chr9:20310302-20309337  -            322 99040at71240         -            309     0.018   13.1   0.1   2   2      0.94   1.2e+02    0.6   0.0    95   129   285   319   275   322 0.78 -
Pcitr_chr8:35251110-35251979  -            290 99040at71240         -            309     0.024   12.7   1.1   1   3       3.7   4.7e+02   -1.4   0.1   102   122    35    55    30    88 0.64 -
Pcitr_chr8:35251110-35251979  -            290 99040at71240         -            309     0.024   12.7   1.1   2   3    0.0015      0.19    9.7   0.0   101   154   138   188   134   195 0.81 -
Pcitr_chr8:35251110-35251979  -            290 99040at71240         -            309     0.024   12.7   1.1   3   3       1.7   2.2e+02   -0.3   0.0    95   144   236   286   222   289 0.75 -
Pcitr_chr8:33977465-33976497  -            323 99040at71240         -            309     0.031   12.3   6.4   1   3     0.034       4.3    5.3   0.2    95   160    23    91     8   103 0.81 -
Pcitr_chr8:33977465-33976497  -            323 99040at71240         -            309     0.031   12.3   6.4   2   3       1.4   1.7e+02   -0.0   1.2   146   172   161   187   114   226 0.47 -
Pcitr_chr8:33977465-33976497  -            323 99040at71240         -            309     0.031   12.3   6.4   3   3    0.0049      0.61    8.1   0.0   101   146   274   317   261   323 0.84 -
Pcitr_chr8:33996723-33995671  -            351 99040at71240         -            309     0.033   12.2   5.9   1   3     0.036       4.5    5.2   0.1    95   160    51   119    22   131 0.83 -
Pcitr_chr8:33996723-33995671  -            351 99040at71240         -            309     0.033   12.2   5.9   2   3       2.5   3.1e+02   -0.8   0.5   103   146   198   242   177   258 0.63 -
Pcitr_chr8:33996723-33995671  -            351 99040at71240         -            309     0.033   12.2   5.9   3   3    0.0055      0.69    7.9   0.0   101   146   302   345   289   351 0.84 -
Pcitr_chr8:35316313-35317185  -            291 99040at71240         -            309     0.042   11.9   0.1   1   1   0.00094      0.12   10.4   0.1   102   163   139   196   135   221 0.85 -
Pcitr_chr7:13182742-13181449  -            359 99040at71240         -            309     0.052   11.6   5.8   1   4         7   8.7e+02   -2.3   0.0    86   104    47    64     5    99 0.57 -
Pcitr_chr7:13182742-13181449  -            359 99040at71240         -            309     0.052   11.6   5.8   2   4     0.073       9.1    4.2   1.8    87   139   111   162   106   177 0.85 -
Pcitr_chr7:13182742-13181449  -            359 99040at71240         -            309     0.052   11.6   5.8   3   4    0.0063      0.78    7.7   0.0    80   128   179   227   172   244 0.90 -
Pcitr_chr7:13182742-13181449  -            359 99040at71240         -            309     0.052   11.6   5.8   4   4       5.2   6.5e+02   -1.9   0.0    86   121   241   276   225   304 0.70 -
Pcitr_chr4:3972200-3972943    -            248 99040at71240         -            309     0.062   11.3   0.1   1   2    0.0043      0.54    8.2   0.0    80   142    56   114    48   149 0.79 -
Pcitr_chr4:3972200-3972943    -            248 99040at71240         -            309     0.062   11.3   0.1   2   2         1   1.3e+02    0.5   0.0   101   141   201   241   194   247 0.83 -
Pcitr_Contig20:29464-28415    -            350 99040at71240         -            309      0.12   10.4   6.2   1   3      0.12        14    3.6   0.1    95   142    51    98    28   123 0.86 -
Pcitr_Contig20:29464-28415    -            350 99040at71240         -            309      0.12   10.4   6.2   2   3       2.1   2.6e+02   -0.6   0.6   103   144   197   239   169   258 0.61 -
Pcitr_Contig20:29464-28415    -            350 99040at71240         -            309      0.12   10.4   6.2   3   3    0.0055      0.69    7.9   0.0   101   146   301   344   288   350 0.84 -
#
# Program:         hmmsearch
# Version:         3.3.2 (Nov 2020)
# Pipeline mode:   SEARCH
# Query file:      /scratch/srb67793/Pelargonium/busco_downloads/lineages/eudicots_odb10/hmms/99040at71240.hmm
# Target file:     /scratch/srb67793/Pelargonium/Pelargonium-PreviousAssembly-busco/run_eudicots_odb10/metaeuk_output/initial_results/Pcitr_Genome-final.fasta.modified.fas
# Option settings: hmmsearch --domtblout /scratch/srb67793/Pelargonium/Pelargonium-PreviousAssembly-busco/run_eudicots_odb10/hmmer_output/initial_run_results/99040at71240.out --cpu 1 /scratch/srb67793/Pelargonium/busco_downloads/lineages/eudicots_odb10/hmms/99040at71240.hmm /scratch/srb67793/Pelargonium/Pelargonium-PreviousAssembly-busco/run_eudicots_odb10/metaeuk_output/initial_results/Pcitr_Genome-final.fasta.modified.fas 
# Current dir:     /scratch/srb67793/Pelargonium
# Date:            Tue Jul  9 10:57:39 2024
# [ok]
