#                                                                                     --- full sequence --- -------------- this domain -------------   hmm coord   ali coord   env coord
# target name                 accession   tlen query name           accession   qlen   E-value  score  bias   #  of  c-Evalue  i-Evalue  score  bias  from    to  from    to  from    to  acc description of target
#         ------------------- ---------- ----- -------------------- ---------- ----- --------- ------ ----- --- --- --------- --------- ------ ----- ----- ----- ----- ----- ----- ----- ---- ---------------------
Pcitr_chr9:33546849-33543937  -            385 18733at71240         -            610  2.7e-171  567.6   5.0   1   1  1.6e-170  2.3e-169  561.2   5.0    88   427     1   385     1   385 0.92 -
Pcitr_chr9:33549347-33552235  -            290 18733at71240         -            610   3.4e-51  170.9  18.6   1   4   5.8e-23   8.4e-22   73.8   1.5   428   488     2    78     1    87 0.83 -
Pcitr_chr9:33549347-33552235  -            290 18733at71240         -            610   3.4e-51  170.9  18.6   2   4   1.7e-07   2.5e-06   22.7   0.4   467   506   106   144    90   148 0.80 -
Pcitr_chr9:33549347-33552235  -            290 18733at71240         -            610   3.4e-51  170.9  18.6   3   4   1.5e-16   2.1e-15   52.7   0.2   532   575   147   190   143   204 0.92 -
Pcitr_chr9:33549347-33552235  -            290 18733at71240         -            610   3.4e-51  170.9  18.6   4   4   2.5e-10   3.6e-09   32.1   0.3   573   610   241   290   235   290 0.81 -
Pcitr_chr7:33954697-33954074  -            208 18733at71240         -            610   4.1e-12   41.8   8.4   1   4   8.6e-05    0.0012   13.8   0.1   365   416     6    55     1    62 0.85 -
Pcitr_chr7:33954697-33954074  -            208 18733at71240         -            610   4.1e-12   41.8   8.4   2   4   6.9e-06    0.0001   17.4   1.0   370   438    43   110    32   114 0.84 -
Pcitr_chr7:33954697-33954074  -            208 18733at71240         -            610   4.1e-12   41.8   8.4   3   4    0.0041      0.06    8.3   0.3   395   450   104   158   100   170 0.85 -
Pcitr_chr7:33954697-33954074  -            208 18733at71240         -            610   4.1e-12   41.8   8.4   4   4   3.9e-05   0.00057   15.0   0.0   200   241   167   208   162   208 0.82 -
Pcitr_chr11:3318687-3319310   -            208 18733at71240         -            610   9.5e-12   40.6   7.9   1   4      0.14         2    3.3   0.0   396   416     2    22     1    31 0.91 -
Pcitr_chr11:3318687-3319310   -            208 18733at71240         -            610   9.5e-12   40.6   7.9   2   4   5.5e-06     8e-05   17.8   0.8   370   438    43   110    32   115 0.84 -
Pcitr_chr11:3318687-3319310   -            208 18733at71240         -            610   9.5e-12   40.6   7.9   3   4    0.0072       0.1    7.5   0.4   395   450   104   158    97   171 0.84 -
Pcitr_chr11:3318687-3319310   -            208 18733at71240         -            610   9.5e-12   40.6   7.9   4   4   3.8e-05   0.00055   15.0   0.0   200   241   167   208   161   208 0.83 -
Pcitr_chr9:33523527-33523799  -             91 18733at71240         -            610     2e-11   39.6   0.8   1   1   9.6e-12   1.4e-10   36.8   0.8   573   610    42    91    34    91 0.81 -
Pcitr_chr5:32272510-32280519  -             78 18733at71240         -            610   1.7e-10   36.5   0.0   1   1   1.4e-11     2e-10   36.3   0.0   486   552     7    73     2    76 0.93 -
Pcitr_chr6:20762693-20759590  -             78 18733at71240         -            610   1.7e-10   36.5   0.0   1   1   1.4e-11     2e-10   36.3   0.0   486   552     7    73     2    76 0.93 -
Pcitr_chr5:6656976-6574960    -             93 18733at71240         -            610   2.4e-09   32.7   0.0   1   1   1.7e-10   2.5e-09   32.7   0.0   495   568    16    90     2    93 0.87 -
Pcitr_chr7:20532009-20519953  -             92 18733at71240         -            610   3.7e-09   32.1   0.0   1   1   2.6e-10   3.7e-09   32.1   0.0   489   552    22    85     9    92 0.91 -
Pcitr_chr5:6492887-6493414    -             79 18733at71240         -            610   3.7e-09   32.1   0.0   1   1   2.6e-10   3.8e-09   32.1   0.0   496   568     3    76     1    79 0.90 -
Pcitr_chr3:10518422-10518267  -             52 18733at71240         -            610   4.9e-09   31.7   0.0   1   1   3.4e-10   4.9e-09   31.7   0.0   500   543     2    45     1    52 0.91 -
Pcitr_chr1:45108084-45087535  -             80 18733at71240         -            610   5.4e-09   31.6   0.0   1   1   3.9e-10   5.7e-09   31.5   0.0   496   554     2    60     1    75 0.86 -
Pcitr_Contig87:24821-25033    -             71 18733at71240         -            610   5.6e-09   31.5   0.0   1   1   3.9e-10   5.6e-09   31.5   0.0   484   547     5    68     1    71 0.87 -
Pcitr_chr6:8957207-8956944    -             88 18733at71240         -            610   6.1e-09   31.4   0.0   1   1   4.7e-10   6.9e-09   31.2   0.0   496   572     3    79     1    82 0.97 -
Pcitr_chr8:32045672-32045935  -             88 18733at71240         -            610   6.8e-09   31.2   0.0   1   1   5.1e-10   7.4e-09   31.1   0.0   496   572     3    79     1    82 0.97 -
Pcitr_chr7:21182945-21192463  -            104 18733at71240         -            610   7.9e-09   31.0   0.0   1   1   5.4e-10   7.9e-09   31.0   0.0   494   572    23   101     2   104 0.90 -
Pcitr_chr3:24713400-24712842  -             79 18733at71240         -            610   8.7e-09   30.9   0.0   1   1   6.1e-10   8.9e-09   30.8   0.0   496   568     3    76     1    79 0.91 -
Pcitr_chr7:28854276-28854548  -             91 18733at71240         -            610   9.8e-09   30.7   0.0   1   1     8e-10   1.2e-08   30.5   0.0   495   572     6    83     3    86 0.96 -
Pcitr_chr4:30355378-30355629  -             84 18733at71240         -            610   1.8e-08   29.8   0.0   1   1   1.5e-09   2.1e-08   29.6   0.0   496   572     3    79     1    81 0.97 -
Pcitr_chr1:20518733-20518476  -             86 18733at71240         -            610   2.3e-08   29.5   0.0   1   1   1.8e-09   2.6e-08   29.3   0.0   496   572     7    83     3    86 0.95 -
Pcitr_chr1:20559786-20560049  -             88 18733at71240         -            610   2.4e-08   29.4   0.0   1   1   1.8e-09   2.6e-08   29.3   0.0   495   572     8    85     4    88 0.95 -
Pcitr_chr11:26481988-26481764 -             75 18733at71240         -            610   3.1e-08   29.1   0.1   1   1   2.2e-09   3.2e-08   29.0   0.1   496   567     2    73     1    75 0.89 -
Pcitr_chr7:11364382-11364119  -             88 18733at71240         -            610   3.9e-08   28.7   0.0   1   1   2.9e-09   4.3e-08   28.6   0.0   496   572     3    79     1    82 0.97 -
Pcitr_chr1:20475470-20558779  -             82 18733at71240         -            610     4e-08   28.7   0.0   1   1   2.9e-09   4.2e-08   28.6   0.0   495   552    18    75     3    80 0.90 -
Pcitr_chr11:4622463-4623301   -             80 18733at71240         -            610   4.4e-08   28.5   0.0   1   1   3.2e-09   4.6e-08   28.5   0.0   495   572     2    80     1    80 0.92 -
Pcitr_chr5:31330054-31330341  -             96 18733at71240         -            610   5.1e-08   28.3   0.0   1   1   4.1e-09     6e-08   28.1   0.0   485   565     6    87     2    93 0.82 -
Pcitr_chr11:12655088-12655315 -             76 18733at71240         -            610   5.8e-08   28.2   0.0   1   1   4.1e-09     6e-08   28.1   0.0   496   552    13    69     7    76 0.91 -
Pcitr_chr5:4320262-4320017    -             82 18733at71240         -            610   6.2e-08   28.0   0.0   1   1   4.4e-09   6.4e-08   28.0   0.0   496   572     3    79     1    82 0.95 -
Pcitr_chr1:20548684-20519759  -             82 18733at71240         -            610   6.8e-08   27.9   0.0   1   1   4.9e-09   7.2e-08   27.8   0.0   496   552    22    78    14    82 0.92 -
Pcitr_chr7:21191047-21191235  -             63 18733at71240         -            610   6.8e-08   27.9   0.0   1   1     5e-09   7.3e-08   27.8   0.0   490   543     8    61     4    63 0.96 -
Pcitr_chr8:32045107-32045286  -             60 18733at71240         -            610   7.2e-08   27.8   0.0   1   1     5e-09   7.2e-08   27.8   0.0   496   545     3    52     1    60 0.92 -
Pcitr_chr3:4424902-4418126    -             75 18733at71240         -            610   7.9e-08   27.7   0.0   1   1   5.6e-09   8.1e-08   27.7   0.0   488   552     8    72     1    74 0.92 -
Pcitr_chr3:10550727-10598019  -            101 18733at71240         -            610   9.8e-08   27.4   0.0   1   1   6.9e-09     1e-07   27.4   0.0   493   570    23   101     5   101 0.86 -
Pcitr_chr3:7728691-7728458    -             78 18733at71240         -            610     1e-07   27.3   0.0   1   1     7e-09     1e-07   27.3   0.0   496   551    19    74     5    78 0.90 -
Pcitr_chr4:24520279-24521323  -             81 18733at71240         -            610   1.2e-07   27.1   0.0   1   1   9.3e-09   1.4e-07   26.9   0.0   495   551    19    75    10    79 0.91 -
Pcitr_chr6:12568661-12565287  -             79 18733at71240         -            610   1.5e-07   26.8   0.0   1   1   1.1e-08   1.6e-07   26.7   0.0   496   571     3    79     1    79 0.92 -
Pcitr_chr7:15505068-15461468  -             77 18733at71240         -            610   2.1e-07   26.3   0.1   1   1   1.7e-08   2.5e-07   26.0   0.1   496   552    13    69    10    75 0.91 -
Pcitr_chr11:4418274-4418119   -             52 18733at71240         -            610   2.2e-07   26.2   0.1   1   1   1.5e-08   2.2e-07   26.2   0.1   500   543     2    45     1    52 0.90 -
Pcitr_chr3:20534186-20544575  -             79 18733at71240         -            610   2.7e-07   25.9   0.0   1   1     2e-08   2.9e-07   25.9   0.0   496   571     3    79     1    79 0.92 -
Pcitr_chr4:38260976-38258406  -             80 18733at71240         -            610   3.2e-07   25.7   0.0   1   1   2.3e-08   3.4e-07   25.6   0.0   496   572     3    80     1    80 0.93 -
Pcitr_chr5:31329496-31329795  -            100 18733at71240         -            610   3.8e-07   25.4   0.0   1   1   2.8e-08     4e-07   25.4   0.0   496   553     2    59     1    84 0.78 -
Pcitr_chr4:24658025-24658731  -             66 18733at71240         -            610   5.3e-07   25.0   0.0   1   1   3.8e-08   5.6e-07   24.9   0.0   504   552    13    61     3    64 0.91 -
Pcitr_chr1:30847146-30777344  -             98 18733at71240         -            610   5.5e-07   24.9   0.1   1   1   4.4e-08   6.3e-07   24.7   0.1   496   573    10    87     4    95 0.80 -
Pcitr_chr2:9753173-9755931    -             92 18733at71240         -            610   5.5e-07   24.9   0.0   1   1   4.2e-08   6.1e-07   24.8   0.0   496   553    16    73     6    83 0.92 -
Pcitr_chr8:22331419-22331198  -             74 18733at71240         -            610   6.3e-07   24.7   0.0   1   1   4.7e-08   6.8e-07   24.6   0.0   496   563     5    72     2    74 0.96 -
Pcitr_chr4:38659325-38739785  -             79 18733at71240         -            610   7.1e-07   24.5   0.0   1   1   5.3e-08   7.7e-07   24.4   0.0   492   551    16    75     8    78 0.92 -
Pcitr_chr4:30353986-30354168  -             61 18733at71240         -            610   7.3e-07   24.5   0.0   1   1   5.3e-08   7.7e-07   24.4   0.0   501   551     3    53     1    59 0.87 -
Pcitr_chr3:4999440-5051635    -             97 18733at71240         -            610   7.9e-07   24.4   0.0   1   1   5.7e-08   8.3e-07   24.3   0.0   495   571    20    97     6    97 0.90 -
Pcitr_chr2:9760283-9760056    -             76 18733at71240         -            610   8.4e-07   24.3   0.0   1   1   6.2e-08   9.1e-07   24.2   0.0   497   553     1    57     1    67 0.95 -
Pcitr_chr8:7990225-7989989    -             79 18733at71240         -            610   1.2e-06   23.8   0.0   1   1   8.6e-08   1.2e-06   23.7   0.0   495   570     2    78     1    79 0.92 -
Pcitr_chr2:2675452-2675765    -             76 18733at71240         -            610   1.4e-06   23.6   0.0   1   1   1.1e-07   1.6e-06   23.4   0.0   495   563     5    72     1    73 0.92 -
Pcitr_chr8:33819562-33882029  -             94 18733at71240         -            610   1.5e-06   23.5   0.0   1   1   1.1e-07   1.6e-06   23.4   0.0   500   571     3    75     1    83 0.83 -
Pcitr_chr7:11365023-11364811  -             71 18733at71240         -            610   1.5e-06   23.5   0.0   1   1   1.1e-07   1.6e-06   23.4   0.0   490   543    13    66     6    70 0.91 -
Pcitr_chr7:3606776-3607105    -            110 18733at71240         -            610   1.7e-06   23.3   0.0   1   1   1.2e-07   1.7e-06   23.3   0.0   494   550    42    98     2   109 0.83 -
Pcitr_Contig27:199964-204402  -             58 18733at71240         -            610   2.3e-06   22.9   0.0   1   1   1.6e-07   2.3e-06   22.8   0.0   498   550     1    53     1    57 0.92 -
Pcitr_chr4:39908938-39982644  -             80 18733at71240         -            610   2.7e-06   22.7   0.0   1   1   1.8e-07   2.7e-06   22.7   0.0   495   550    21    75     7    80 0.86 -
Pcitr_chr9:33009087-33008836  -             84 18733at71240         -            610   2.9e-06   22.5   0.0   1   1   2.1e-07   3.1e-06   22.4   0.0   495   552    17    74     8    83 0.86 -
Pcitr_chr2:34775547-34775320  -             76 18733at71240         -            610   5.2e-06   21.7   0.1   1   1   3.6e-07   5.2e-06   21.7   0.1   495   552     2    59     1    75 0.88 -
Pcitr_chr10:25432202-25433316 -            122 18733at71240         -            610   6.1e-06   21.5   0.0   1   1   4.7e-07   6.8e-06   21.3   0.0   495   571    39   115    21   120 0.79 -
Pcitr_chr3:2974482-2974270    -             71 18733at71240         -            610   6.9e-06   21.3   0.0   1   1     5e-07   7.3e-06   21.2   0.0   493   552     8    66     1    70 0.86 -
Pcitr_chr8:33854509-33853670  -             82 18733at71240         -            610   7.8e-06   21.1   0.0   1   1   5.9e-07   8.5e-06   21.0   0.0   500   566     2    68     1    81 0.82 -
Pcitr_chr8:26065457-26065233  -             75 18733at71240         -            610   9.4e-06   20.9   0.1   1   1   7.1e-07     1e-05   20.7   0.1   495   551    11    66     4    74 0.88 -
Pcitr_chr10:18632836-18632567 -             90 18733at71240         -            610   9.9e-06   20.8   0.0   1   1   7.8e-07   1.1e-05   20.6   0.0   494   567     7    80     2    89 0.90 -
Pcitr_chr2:15693060-15693335  -             92 18733at71240         -            610   1.4e-05   20.3   0.0   1   1     1e-06   1.5e-05   20.2   0.0   495   565     2    73     1    85 0.86 -
Pcitr_chr9:29307178-29304882  -             81 18733at71240         -            610   1.6e-05   20.1   0.0   1   1   1.1e-06   1.7e-05   20.0   0.0   499   543     3    47     1    61 0.90 -
Pcitr_chr6:18591301-18590855  -            149 18733at71240         -            610   2.9e-05   19.2   0.0   1   2       0.2       2.9    2.7   0.0   520   548     2    30     1    42 0.82 -
Pcitr_chr6:18591301-18590855  -            149 18733at71240         -            610   2.9e-05   19.2   0.0   2   2   4.2e-05   0.00061   14.9   0.0   485   555    60   131    56   149 0.77 -
Pcitr_chr11:17905869-17877038 -             89 18733at71240         -            610   2.9e-05   19.2   0.2   1   1   2.1e-06     3e-05   19.2   0.2   497   563     3    68     1    86 0.89 -
Pcitr_chr7:12297706-12297392  -             71 18733at71240         -            610   3.4e-05   19.0   0.0   1   1   2.6e-06   3.8e-05   18.8   0.0   495   546    13    64     6    70 0.91 -
Pcitr_chr3:2974925-2974683    -             81 18733at71240         -            610   3.6e-05   18.9   0.0   1   1   2.5e-06   3.7e-05   18.9   0.0   485   551     5    76     1    80 0.81 -
Pcitr_chr9:20382328-20382089  -             80 18733at71240         -            610   7.9e-05   17.8   0.0   1   1   5.4e-06   7.9e-05   17.8   0.0   496   563     2    69     1    80 0.79 -
Pcitr_chr8:31199580-31199350  -             77 18733at71240         -            610   8.8e-05   17.6   0.0   1   1     6e-06   8.8e-05   17.6   0.0   491   562     2    74     1    77 0.85 -
Pcitr_chr1:34718840-34718509  -             58 18733at71240         -            610     9e-05   17.6   0.0   1   1   6.2e-06     9e-05   17.6   0.0   507   554     4    51     1    58 0.82 -
Pcitr_chr10:32090067-32089769 -             70 18733at71240         -            610   9.1e-05   17.6   0.0   1   1   6.6e-06   9.7e-05   17.5   0.0   494   552     7    65     4    70 0.93 -
Pcitr_chr3:5701348-5701599    -             84 18733at71240         -            610   0.00011   17.4   0.1   1   1   8.1e-06   0.00012   17.2   0.1   495   547    12    63     6    80 0.78 -
Pcitr_chr11:16894479-16894219 -             87 18733at71240         -            610   0.00011   17.4   0.0   1   1   8.1e-06   0.00012   17.2   0.0   496   573     2    81     1    86 0.80 -
Pcitr_chr6:14526601-14526311  -             97 18733at71240         -            610   0.00014   17.0   0.0   1   1     1e-05   0.00015   16.9   0.0   485   572     1    90     1    96 0.79 -
Pcitr_chr6:14478694-14479116  -            141 18733at71240         -            610   0.00014   16.9   0.0   1   1   1.2e-05   0.00017   16.7   0.0   484   572    37   127    31   136 0.81 -
Pcitr_Contig592:1844-1626     -             73 18733at71240         -            610   0.00015   16.9   0.0   1   1   1.1e-05   0.00016   16.8   0.0   496   547     2    52     1    69 0.79 -
Pcitr_chr1:18120811-18121047  -             79 18733at71240         -            610   0.00017   16.7   0.0   1   1   1.2e-05   0.00017   16.7   0.0   487   539    23    77     4    79 0.81 -
Pcitr_chr5:5755769-5755506    -             88 18733at71240         -            610   0.00017   16.7   0.0   1   1   1.2e-05   0.00017   16.7   0.0   500   565     6    72     1    81 0.82 -
Pcitr_chr9:20467906-20520133  -             98 18733at71240         -            610   0.00019   16.5   0.0   1   1   1.4e-05    0.0002   16.5   0.0   496   562     7    72     2    95 0.78 -
Pcitr_chr6:14851889-14852119  -             77 18733at71240         -            610    0.0003   15.9   0.0   1   1   2.2e-05   0.00033   15.8   0.0   494   539    31    76    22    77 0.92 -
Pcitr_chr4:36532740-36532466  -             59 18733at71240         -            610   0.00036   15.6   0.0   1   1   2.6e-05   0.00037   15.6   0.0   500   551     2    53     1    58 0.90 -
Pcitr_chr4:4603591-4603947    -            119 18733at71240         -            610   0.00036   15.6   0.0   1   1   2.5e-05   0.00036   15.6   0.0   486   557    30   102    13   118 0.83 -
Pcitr_chr11:23268814-23245267 -             82 18733at71240         -            610   0.00039   15.5   0.0   1   1   3.2e-05   0.00046   15.3   0.0   495   540     5    50     2    53 0.93 -
Pcitr_chr8:12456592-12400319  -            567 18733at71240         -            610   0.00047   15.2   0.0   1   1   4.7e-05   0.00069   14.7   0.0   494   572     5    84     2    89 0.89 -
Pcitr_chr11:218951-218712     -             80 18733at71240         -            610   0.00053   15.1   0.0   1   1   3.7e-05   0.00053   15.1   0.0   496   572     2    80     1    80 0.78 -
Pcitr_chr10:18669095-18632936 -             77 18733at71240         -            610   0.00058   14.9   0.0   1   1   4.3e-05   0.00063   14.8   0.0   495   543    22    70    12    76 0.92 -
Pcitr_chr6:7599317-7597857    -            487 18733at71240         -            610   0.00072   14.6   2.0   1   4       4.5        66   -1.8   0.0   220   281    41   101    35   119 0.71 -
Pcitr_chr6:7599317-7597857    -            487 18733at71240         -            610   0.00072   14.6   2.0   2   4     0.077       1.1    4.1   0.1   231   302   143   212   133   219 0.77 -
Pcitr_chr6:7599317-7597857    -            487 18733at71240         -            610   0.00072   14.6   2.0   3   4         2        29   -0.6   0.0   218   250   304   336   294   392 0.67 -
Pcitr_chr6:7599317-7597857    -            487 18733at71240         -            610   0.00072   14.6   2.0   4   4     0.021      0.31    5.9   0.0   354   412   430   487   419   487 0.90 -
Pcitr_chr10:32093914-32093649 -             59 18733at71240         -            610     0.001   14.2   0.0   1   1   6.9e-05     0.001   14.2   0.0   502   552     4    54     1    59 0.89 -
Pcitr_chr3:26131540-26131944  -            135 18733at71240         -            610    0.0011   14.0   0.0   1   1   8.9e-05    0.0013   13.8   0.0   484   559    38   114    31   134 0.79 -
Pcitr_chr4:39982867-39984583  -             74 18733at71240         -            610    0.0013   13.8   0.0   1   1   8.9e-05    0.0013   13.8   0.0   496   553     2    58     1    72 0.87 -
Pcitr_chr5:8637789-8643008    -            100 18733at71240         -            610    0.0039   12.2   0.0   1   1   0.00028    0.0041   12.1   0.0   495   570    23    99    10   100 0.87 -
Pcitr_chr5:31329826-31330041  -             72 18733at71240         -            610    0.0041   12.1   0.0   1   1   0.00028    0.0041   12.1   0.0   497   558     3    66     1    72 0.78 -
Pcitr_chr7:30647618-30647328  -             97 18733at71240         -            610    0.0064   11.5   0.0   1   1   0.00044    0.0064   11.5   0.0   496   571     2    79     1    93 0.70 -
Pcitr_chr7:6570351-6539566    -             75 18733at71240         -            610    0.0084   11.1   0.0   1   1   0.00058    0.0084   11.1   0.0   494   542    22    70     3    75 0.83 -
Pcitr_chr3:7918513-7840651    -            127 18733at71240         -            610     0.011   10.7   0.0   1   1   0.00084     0.012   10.6   0.0   495   556    20    82    10    99 0.83 -
Pcitr_chr7:7279768-7281271    -             81 18733at71240         -            610     0.013   10.5   0.0   1   1   0.00094     0.014   10.4   0.0   498   543     1    45     1    59 0.89 -
Pcitr_chr1:48564389-48564703  -            105 18733at71240         -            610     0.013   10.5   0.0   1   1   0.00099     0.014   10.3   0.0   503   572    22    92    10    97 0.80 -
Pcitr_chr11:12642761-12652304 -             78 18733at71240         -            610     0.017   10.1   0.0   1   1    0.0014      0.02    9.8   0.0   496   552    19    73    14    77 0.90 -
#
# Program:         hmmsearch
# Version:         3.3.2 (Nov 2020)
# Pipeline mode:   SEARCH
# Query file:      /scratch/srb67793/Pelargonium/busco_downloads/lineages/eudicots_odb10/hmms/18733at71240.hmm
# Target file:     /scratch/srb67793/Pelargonium/Pelargonium-PreviousAssembly-busco/run_eudicots_odb10/metaeuk_output/rerun_results/Pcitr_Genome-final.fasta.modified.fas
# Option settings: hmmsearch --domtblout /scratch/srb67793/Pelargonium/Pelargonium-PreviousAssembly-busco/run_eudicots_odb10/hmmer_output/rerun_results/18733at71240.out --cpu 1 /scratch/srb67793/Pelargonium/busco_downloads/lineages/eudicots_odb10/hmms/18733at71240.hmm /scratch/srb67793/Pelargonium/Pelargonium-PreviousAssembly-busco/run_eudicots_odb10/metaeuk_output/rerun_results/Pcitr_Genome-final.fasta.modified.fas 
# Current dir:     /scratch/srb67793/Pelargonium
# Date:            Tue Jul  9 11:09:24 2024
# [ok]
