#                                                                                     --- full sequence --- -------------- this domain -------------   hmm coord   ali coord   env coord
# target name                 accession   tlen query name           accession   qlen   E-value  score  bias   #  of  c-Evalue  i-Evalue  score  bias  from    to  from    to  from    to  acc description of target
#         ------------------- ---------- ----- -------------------- ---------- ----- --------- ------ ----- --- --- --------- --------- ------ ----- ----- ----- ----- ----- ----- ----- ---- ---------------------
scaffold_4:4771769-4772974    -            402 100869at71240        -            309  1.7e-128  427.1  14.3   1   2   4.6e-29   1.5e-26   92.3   0.4     1   101     1   140     1   159 0.79 -
scaffold_4:4771769-4772974    -            402 100869at71240        -            309  1.7e-128  427.1  14.3   2   2  3.4e-102   1.1e-99  332.5   7.8   111   309   185   402   170   402 0.90 -
scaffold_2:33943292-33942195  -            366 100869at71240        -            309  1.8e-117  391.0  15.4   1   1  4.5e-117  1.4e-114  381.4  15.4     1   308     1   366     1   366 0.83 -
scaffold_5:28173077-28172139  -            313 100869at71240        -            309   4.1e-72  241.9  13.0   1   3   4.8e-08   1.5e-05   23.3   0.0     1    37     1    45     1    51 0.74 -
scaffold_5:28173077-28172139  -            313 100869at71240        -            309   4.1e-72  241.9  13.0   2   3   0.00034      0.11   10.7   0.0    34    56    74    96    69   116 0.84 -
scaffold_5:28173077-28172139  -            313 100869at71240        -            309   4.1e-72  241.9  13.0   3   3   2.6e-64   8.4e-62  208.1   9.6   155   308   141   313    99   313 0.85 -
scaffold_4:7344203-7343193    -            337 100869at71240        -            309   3.8e-63  212.5   0.2   1   2    0.0013      0.41    8.8   0.1    16    33     4    21     1    31 0.80 -
scaffold_4:7344203-7343193    -            337 100869at71240        -            309   3.8e-63  212.5   0.2   2   2   1.8e-62   5.9e-60  202.0   0.0    41   309    56   337    46   337 0.83 -
scaffold_10:3073276-3074430   -            385 100869at71240        -            309     2e-62  210.1   0.0   1   1   1.1e-64   3.5e-62  209.3   0.0    53   308   118   384   109   385 0.82 -
scaffold_3:9835009-9834302    -            236 100869at71240        -            309   9.7e-61  204.6   0.8   1   2         1   3.2e+02   -0.8   0.0   119   137    12    30     2    53 0.70 -
scaffold_3:9835009-9834302    -            236 100869at71240        -            309   9.7e-61  204.6   0.8   2   2   7.7e-63   2.5e-60  203.3   0.7   133   309    54   236    28   236 0.86 -
scaffold_5:27244381-27245415  -            345 100869at71240        -            309   1.3e-59  200.9   0.0   1   2   0.00012     0.037   12.2   0.0    16    36    12    33     7    39 0.77 -
scaffold_5:27244381-27245415  -            345 100869at71240        -            309   1.3e-59  200.9   0.0   2   2   8.5e-58   2.7e-55  186.7   0.0    37   309    56   345    47   345 0.82 -
scaffold_2:33093354-33092827  -            176 100869at71240        -            309   1.2e-58  197.7   4.3   1   1   4.4e-61   1.4e-58  197.5   4.3   149   308     9   176     2   176 0.92 -
scaffold_2:23788162-23788743  -            194 100869at71240        -            309   1.5e-55  187.5   0.2   1   1   5.4e-58   1.7e-55  187.4   0.2   158   308    35   194     5   194 0.86 -
scaffold_4:5601495-5601986    -            164 100869at71240        -            309   7.6e-54  181.9   7.4   1   1   2.6e-56   8.4e-54  181.8   7.4   162   308     5   164     1   164 0.89 -
scaffold_4:31039912-31038680  -            411 100869at71240        -            309   1.7e-51  174.2  13.0   1   2   0.00059      0.19    9.9   0.0    16    40    39    63    27    82 0.84 -
scaffold_4:31039912-31038680  -            411 100869at71240        -            309   1.7e-51  174.2  13.0   2   2   2.4e-48   7.7e-46  155.7  11.5    36   309   125   411   121   411 0.75 -
scaffold_2:12944240-12943617  -            208 100869at71240        -            309   3.9e-50  169.8   3.0   1   1   1.3e-52   4.2e-50  169.7   3.0   167   308    58   207     8   208 0.90 -
scaffold_3:9140560-9139934    -            209 100869at71240        -            309   1.4e-48  164.6   1.2   1   1     5e-51   1.6e-48  164.5   1.2   159   308    52   209    11   209 0.86 -
scaffold_3:13446043-13446756  -            238 100869at71240        -            309   1.1e-47  161.8   1.2   1   1     4e-50   1.3e-47  161.5   1.2   160   309    81   238    23   238 0.83 -
scaffold_3:7893243-7894346    -            368 100869at71240        -            309   2.8e-47  160.4  15.5   1   3      0.02       6.3    4.9   0.1    18    38     1    21     1    26 0.85 -
scaffold_3:7893243-7894346    -            368 100869at71240        -            309   2.8e-47  160.4  15.5   2   3     5e-07   0.00016   19.9   0.0    36   136    89   184    85   189 0.65 -
scaffold_3:7893243-7894346    -            368 100869at71240        -            309   2.8e-47  160.4  15.5   3   3   1.1e-41   3.7e-39  133.7  13.8   162   309   183   368   176   368 0.76 -
scaffold_2:19931200-19931940  -            247 100869at71240        -            309     2e-46  157.6   1.2   1   1   7.4e-49   2.4e-46  157.3   1.2   154   308    85   247    53   247 0.87 -
scaffold_11:10236501-10236037 -            155 100869at71240        -            309   3.4e-44  150.2   0.6   1   1   1.2e-46   3.8e-44  150.1   0.6   165   308     4   155     1   155 0.91 -
scaffold_8:4666632-4665961    -            224 100869at71240        -            309   5.7e-39  133.1   1.1   1   1   2.3e-41   7.2e-39  132.8   1.1   165   308    71   224    65   224 0.89 -
scaffold_1:3477246-3474579    -            477 100869at71240        -            309   1.1e-07   30.3   0.2   1   3   5.8e-05     0.019   13.2   0.0   205   256   188   237   171   247 0.83 -
scaffold_1:3477246-3474579    -            477 100869at71240        -            309   1.1e-07   30.3   0.2   2   3    0.0052       1.7    6.8   0.0   226   256   338   368   297   376 0.80 -
scaffold_1:3477246-3474579    -            477 100869at71240        -            309   1.1e-07   30.3   0.2   3   3    0.0053       1.7    6.7   0.0   227   254   446   473   422   477 0.84 -
scaffold_41:872786-870121     -            477 100869at71240        -            309   2.9e-07   29.0   0.2   1   3   7.1e-05     0.023   12.9   0.0   205   256   188   237   171   247 0.86 -
scaffold_41:872786-870121     -            477 100869at71240        -            309   2.9e-07   29.0   0.2   2   3    0.0091       2.9    6.0   0.0   226   256   338   368   297   376 0.80 -
scaffold_41:872786-870121     -            477 100869at71240        -            309   2.9e-07   29.0   0.2   3   3    0.0062         2    6.5   0.0   227   254   446   473   424   477 0.87 -
scaffold_7:20879909-20882772  -            491 100869at71240        -            309   7.7e-07   27.6   0.2   1   3   0.00044      0.14   10.3   0.0   226   256   221   251   190   260 0.80 -
scaffold_7:20879909-20882772  -            491 100869at71240        -            309   7.7e-07   27.6   0.2   2   3    0.0068       2.2    6.4   0.1   226   256   352   382   311   391 0.79 -
scaffold_7:20879909-20882772  -            491 100869at71240        -            309   7.7e-07   27.6   0.2   3   3    0.0041       1.3    7.1   0.0   226   255   459   488   435   491 0.78 -
scaffold_9:18511795-18515820  -            631 100869at71240        -            309   0.00043   18.5   4.5   1   2   1.3e-06   0.00043   18.5   4.5     7   110     8   113     4   120 0.88 -
scaffold_9:18511795-18515820  -            631 100869at71240        -            309   0.00043   18.5   4.5   2   2         3   9.8e+02   -2.3   0.0   113   134   166   187   115   210 0.56 -
scaffold_1:28217463-28215971  -            107 100869at71240        -            309    0.0012   17.1   0.0   1   1   4.1e-06    0.0013   17.0   0.0   183   256    33   100    12   105 0.78 -
scaffold_138:22070-22351      -             94 100869at71240        -            309    0.0045   15.2   0.7   1   1   1.7e-05    0.0055   14.9   0.7   215   252    54    90     5    94 0.80 -
scaffold_11:19519430-19521831 -            298 100869at71240        -            309     0.012   13.8   0.0   1   1   5.4e-05     0.017   13.3   0.0   208   256   246   296   206   298 0.74 -
scaffold_8:15942060-15944040  -            175 100869at71240        -            309     0.021   13.0   6.3   1   1   9.2e-05      0.03   12.5   6.3   260   308    88   142    79   143 0.77 -
scaffold_7:18433827-18434120  -             98 100869at71240        -            309     0.036   12.2   0.0   1   1   0.00014     0.044   11.9   0.0   221   253    63    95    50    98 0.87 -
scaffold_1:20271602-20271847  -             82 100869at71240        -            309     0.043   12.0   0.0   1   1   0.00014     0.044   11.9   0.0   226   255    52    81    31    82 0.86 -
scaffold_3:5216885-5217199    -            105 100869at71240        -            309     0.063   11.4   0.0   1   1   0.00027     0.085   11.0   0.0   225   252    70    97    62   104 0.84 -
scaffold_439:2264-6712        -            306 100869at71240        -            309      0.16   10.1   7.8   1   2   0.00041      0.13   10.4   1.2   260   296    23    59    17    71 0.88 -
scaffold_439:2264-6712        -            306 100869at71240        -            309      0.16   10.1   7.8   2   2     0.048        15    3.6   0.7   261   283    93   115    66   123 0.84 -
scaffold_6:16892297-16898826  -            381 100869at71240        -            309      0.23    9.6   7.8   1   2   0.00053      0.17   10.0   1.1   260   296    98   134    92   147 0.87 -
scaffold_6:16892297-16898826  -            381 100869at71240        -            309      0.23    9.6   7.8   2   2     0.055        17    3.4   0.8   261   283   168   190   141   198 0.84 -
#
# Program:         hmmsearch
# Version:         3.3.2 (Nov 2020)
# Pipeline mode:   SEARCH
# Query file:      /scratch/srb67793/Pelargonium/scripts/busco_downloads/lineages/eudicots_odb10/hmms/100869at71240.hmm
# Target file:     /scratch/srb67793/Pelargonium/scripts/scratch/srb67793/Pelargonium/Results2/HiFiASM_OmniC/P_citronellum-hap1-scaffolds-busco/run_eudicots_odb10/metaeuk_output/initial_results/P_citronellum-hap1_scaffolds_final.fa.modified.fas
# Option settings: hmmsearch --domtblout /scratch/srb67793/Pelargonium/scripts/scratch/srb67793/Pelargonium/Results2/HiFiASM_OmniC/P_citronellum-hap1-scaffolds-busco/run_eudicots_odb10/hmmer_output/initial_run_results/100869at71240.out --cpu 1 /scratch/srb67793/Pelargonium/scripts/busco_downloads/lineages/eudicots_odb10/hmms/100869at71240.hmm /scratch/srb67793/Pelargonium/scripts/scratch/srb67793/Pelargonium/Results2/HiFiASM_OmniC/P_citronellum-hap1-scaffolds-busco/run_eudicots_odb10/metaeuk_output/initial_results/P_citronellum-hap1_scaffolds_final.fa.modified.fas 
# Current dir:     /scratch/srb67793/Pelargonium/scripts
# Date:            Fri Jul 19 10:32:07 2024
# [ok]
