#                                                                                     --- full sequence --- -------------- this domain -------------   hmm coord   ali coord   env coord
# target name                 accession   tlen query name           accession   qlen   E-value  score  bias   #  of  c-Evalue  i-Evalue  score  bias  from    to  from    to  from    to  acc description of target
#         ------------------- ---------- ----- -------------------- ---------- ----- --------- ------ ----- --- --- --------- --------- ------ ----- ----- ----- ----- ----- ----- ----- ---- ---------------------
scaffold_5:23176276-23178608  -            355 102513at71240        -            275  1.4e-135  450.0   0.0   1   1  2.2e-137  2.6e-135  449.1   0.0    20   275    70   355    66   355 0.93 -
scaffold_110:41380-43439      -            355 102513at71240        -            275  2.2e-134  446.1   0.0   1   1  3.4e-136  3.9e-134  445.3   0.0    20   275    70   355    66   355 0.93 -
scaffold_8:6768325-6760794    -            340 102513at71240        -            275   4.8e-60  202.3   0.0   1   1   6.4e-62   7.5e-60  201.6   0.0    21   274    60   338    53   339 0.86 -
scaffold_2:20255826-20258066  -            345 102513at71240        -            275   5.4e-60  202.1   0.0   1   1   6.3e-62   7.3e-60  201.6   0.0    20   273    66   343    60   345 0.88 -
scaffold_11:19585494-19587892 -            360 102513at71240        -            275   2.9e-59  199.7   0.0   1   1   4.1e-61   4.8e-59  199.0   0.0    21   273    80   360    70   360 0.86 -
scaffold_10:12118663-12121024 -            332 102513at71240        -            275   1.2e-57  194.4   0.0   1   1   1.3e-59   1.5e-57  194.0   0.0    20   245    61   302    46   331 0.90 -
scaffold_9:7890230-7892677    -            304 102513at71240        -            275     4e-57  192.7   0.0   1   1   4.7e-59   5.5e-57  192.2   0.0    19   242    59   302    52   304 0.87 -
scaffold_12:3796017-3793976   -            328 102513at71240        -            275   4.4e-57  192.5   0.0   1   1   4.9e-59   5.7e-57  192.2   0.0    20   245    57   298    46   325 0.91 -
scaffold_9:24827414-24829521  -            327 102513at71240        -            275   9.1e-56  188.2   0.0   1   1   1.2e-57   1.4e-55  187.6   0.0    20   264    49   317    37   326 0.83 -
scaffold_10:5275986-5307138   -            336 102513at71240        -            275   2.1e-54  183.7   0.0   1   1   2.4e-56   2.9e-54  183.3   0.0    20   273    60   336    47   336 0.89 -
scaffold_6:9264810-9263488    -            352 102513at71240        -            275   2.3e-54  183.6   0.0   1   1     3e-56   3.5e-54  183.0   0.0    17   272    64   349    52   352 0.85 -
scaffold_10:1813557-1812402   -            321 102513at71240        -            275   1.6e-53  180.9   0.0   1   1   1.8e-55   2.2e-53  180.4   0.0    21   242    68   308    59   316 0.89 -
scaffold_12:5585848-5507190   -            330 102513at71240        -            275   1.3e-52  177.9   0.0   1   1   1.5e-54   1.8e-52  177.4   0.0    20   272    53   329    46   330 0.84 -
scaffold_10:5254325-5289061   -            345 102513at71240        -            275   3.6e-52  176.4   0.0   1   1   4.4e-54   5.1e-52  175.9   0.0    20   244    64   303    59   343 0.88 -
scaffold_12:5600618-5603119   -            327 102513at71240        -            275   3.7e-52  176.4   0.0   1   1   5.3e-54   6.2e-52  175.7   0.0    20   271    48   323    44   327 0.87 -
scaffold_10:1056154-1052816   -            270 102513at71240        -            275   3.7e-51  173.1   0.0   1   1     4e-53   4.7e-51  172.8   0.0    30   268     1   264     1   269 0.81 -
scaffold_12:5568495-5474786   -            339 102513at71240        -            275   3.9e-51  173.0   0.0   1   1   5.3e-53   6.2e-51  172.4   0.0    20   271    64   339    52   339 0.86 -
scaffold_11:20657979-20659287 -            335 102513at71240        -            275     4e-51  173.0   0.0   1   1   4.8e-53   5.7e-51  172.5   0.0    20   273    59   333    51   335 0.90 -
scaffold_10:9896476-9898212   -            341 102513at71240        -            275   4.1e-51  172.9   0.0   1   1   5.2e-53   6.1e-51  172.4   0.0    21   274    63   340    56   341 0.88 -
scaffold_2:7319095-7320825    -            256 102513at71240        -            275   1.1e-50  171.5   0.0   1   1   1.2e-52   1.4e-50  171.2   0.0    32   256     1   244     1   255 0.84 -
scaffold_10:5260555-5277604   -            343 102513at71240        -            275   1.3e-50  171.3   0.0   1   1     2e-52   2.3e-50  170.5   0.0    20   274    64   342    59   343 0.87 -
scaffold_97:22787-9932        -            316 102513at71240        -            275   3.8e-50  169.8   0.0   1   1   4.1e-52   4.8e-50  169.5   0.0    19   247    46   290    26   312 0.83 -
scaffold_5:25446500-25445470  -            294 102513at71240        -            275   5.9e-47  159.3   0.0   1   1   6.4e-49   7.5e-47  159.0   0.0    20   245    24   260    15   288 0.84 -
scaffold_9:12403679-12402486  -            293 102513at71240        -            275     6e-47  159.3   0.0   1   1   7.6e-49   8.8e-47  158.7   0.0    20   261    23   291    15   293 0.85 -
scaffold_2:17543900-17542294  -            332 102513at71240        -            275   6.6e-47  159.2   0.0   1   1   1.5e-48   1.8e-46  157.8   0.0    20   245    42   294    31   317 0.85 -
scaffold_12:5870602-5867619   -            292 102513at71240        -            275   6.5e-46  155.9   0.0   1   1   7.4e-48   8.7e-46  155.5   0.0    20   244    27   271    19   280 0.86 -
scaffold_12:4395825-4400273   -            335 102513at71240        -            275   4.7e-45  153.1   0.0   1   1   5.5e-47   6.4e-45  152.6   0.0    20   246    65   306    60   313 0.86 -
scaffold_7:3065936-3066944    -            271 102513at71240        -            275   8.3e-45  152.3   0.0   1   1   8.3e-47   9.7e-45  152.0   0.0    28   274     1   270     1   271 0.86 -
scaffold_9:90345-91522        -            250 102513at71240        -            275   1.8e-44  151.2   0.0   1   1   1.8e-46   2.1e-44  150.9   0.0    31   245     2   227     1   246 0.86 -
scaffold_2:15258502-15260289  -            357 102513at71240        -            275   4.7e-44  149.8   0.0   1   1   5.5e-46   6.5e-44  149.3   0.0    22   266    72   344    58   351 0.84 -
scaffold_3:10571235-10572893  -            362 102513at71240        -            275   5.6e-44  149.5   0.1   1   2   9.1e-08   1.1e-05   24.0   0.1    20   100    53   139    44   155 0.73 -
scaffold_3:10571235-10572893  -            362 102513at71240        -            275   5.6e-44  149.5   0.1   2   2   4.1e-38   4.8e-36  123.5   0.0   101   244   171   321   164   359 0.87 -
scaffold_7:3061105-3062040    -            255 102513at71240        -            275   1.3e-43  148.4   0.0   1   1   1.3e-45   1.5e-43  148.1   0.0    31   243     1   230     1   240 0.88 -
scaffold_3:12217513-12213231  -            337 102513at71240        -            275   1.4e-43  148.3   0.0   1   1   4.2e-45   4.9e-43  146.5   0.0    20   257    44   318    36   333 0.78 -
scaffold_4:3962960-3964900    -            351 102513at71240        -            275   4.5e-43  146.6   0.0   1   1   5.9e-45   6.9e-43  146.0   0.0    20   245    60   311    50   347 0.81 -
scaffold_9:23493847-23491837  -            341 102513at71240        -            275     1e-42  145.4   0.0   1   1   1.2e-44   1.4e-42  145.0   0.0    20   246    61   303    57   337 0.86 -
scaffold_3:12226388-12224129  -            245 102513at71240        -            275     4e-42  143.5   0.0   1   2   3.8e-09   4.5e-07   28.5   0.0    20    58    19    59    14    71 0.84 -
scaffold_3:12226388-12224129  -            245 102513at71240        -            275     4e-42  143.5   0.0   2   2     4e-35   4.7e-33  113.7   0.0    92   245    61   222    58   243 0.87 -
scaffold_8:5021772-5020571    -            283 102513at71240        -            275   5.9e-42  142.9   0.0   1   1   6.1e-44   7.1e-42  142.7   0.0    20   245    21   260     3   283 0.84 -
scaffold_7:9580768-9579624    -            299 102513at71240        -            275   5.9e-41  139.6   0.0   1   1   7.8e-43   9.1e-41  139.0   0.0    20   246    26   259    12   298 0.83 -
scaffold_9:12425299-12423753  -            267 102513at71240        -            275   1.3e-40  138.5   0.0   1   1   1.4e-42   1.7e-40  138.1   0.0    21   236    30   267    23   267 0.85 -
scaffold_12:9668104-9666313   -            347 102513at71240        -            275   1.7e-40  138.2   0.0   1   1   1.8e-42   2.1e-40  137.8   0.0    19   235    67   294    57   345 0.84 -
scaffold_3:7124878-7125790    -            252 102513at71240        -            275   3.5e-40  137.1   0.0   1   1   3.5e-42   4.1e-40  136.9   0.0    30   245     1   229     1   248 0.84 -
scaffold_1:12841546-12845022  -            331 102513at71240        -            275   1.2e-38  132.0   0.0   1   1   1.5e-40   1.8e-38  131.5   0.0    21   265    67   330    57   331 0.81 -
scaffold_5:2398513-2399704    -            335 102513at71240        -            275   7.9e-38  129.4   0.0   1   1   1.2e-39   1.4e-37  128.6   0.0    20   266    61   331    53   335 0.79 -
scaffold_5:2400510-2401789    -            281 102513at71240        -            275   1.4e-36  125.3   0.0   1   1   1.9e-37   2.2e-35  121.4   0.0    21   266    25   277    17   281 0.79 -
scaffold_97:16378-4962        -            231 102513at71240        -            275   1.7e-36  125.0   0.0   1   1     2e-38   2.4e-36  124.5   0.0    19   205    28   230    14   231 0.82 -
scaffold_1:39190206-39188776  -            308 102513at71240        -            275     2e-36  124.8   0.0   1   1   2.3e-38   2.7e-36  124.3   0.0    11   245    38   280    33   295 0.82 -
scaffold_3:916298-907021      -            299 102513at71240        -            275   3.1e-36  124.2   0.0   1   1   3.6e-38   4.2e-36  123.7   0.0    20   244    27   258    18   267 0.86 -
scaffold_4:32376147-32371435  -            308 102513at71240        -            275   3.6e-36  123.9   0.0   1   2   0.00037     0.043   12.2   0.0    20    51    59    90    51   107 0.80 -
scaffold_4:32376147-32371435  -            308 102513at71240        -            275   3.6e-36  123.9   0.0   2   2   5.5e-34   6.4e-32  110.0   0.0    81   267   101   308    95   308 0.81 -
scaffold_4:13776724-13777871  -            274 102513at71240        -            275   1.7e-35  121.7   0.0   1   1   1.8e-37   2.1e-35  121.4   0.0    29   245     1   233     1   246 0.85 -
scaffold_8:5211867-5213437    -            270 102513at71240        -            275   2.7e-35  121.1   0.0   1   1   3.2e-37   3.8e-35  120.6   0.0    21   245     1   242     1   265 0.84 -
scaffold_1:35512146-35535678  -            305 102513at71240        -            275   3.9e-35  120.6   0.0   1   2   7.6e-06   0.00089   17.7   0.0    20    53    61    94    52   104 0.83 -
scaffold_1:35512146-35535678  -            305 102513at71240        -            275   3.9e-35  120.6   0.0   2   2   3.7e-31   4.3e-29  100.7   0.0   102   267   124   305   114   305 0.83 -
scaffold_1:35521174-35537752  -            323 102513at71240        -            275   4.5e-34  117.0   0.0   1   1   5.8e-36   6.8e-34  116.5   0.0    20   236    61   287    53   317 0.86 -
scaffold_7:3913017-3911949    -            274 102513at71240        -            275   7.4e-34  116.3   0.0   1   1   9.9e-36   1.2e-33  115.7   0.0    19   245    25   257     6   274 0.81 -
scaffold_1:36653427-36654626  -            248 102513at71240        -            275   1.6e-33  115.3   0.0   1   2   1.8e-05    0.0021   16.5   0.0    20    47    46    73    38    80 0.86 -
scaffold_1:36653427-36654626  -            248 102513at71240        -            275   1.6e-33  115.3   0.0   2   2   4.3e-30     5e-28   97.2   0.0    95   246    80   235    76   248 0.87 -
scaffold_11:19889956-19889289 -            195 102513at71240        -            275   1.9e-33  115.0   0.0   1   1   2.2e-35   2.6e-33  114.6   0.0   102   268     5   188     1   194 0.84 -
scaffold_7:20220078-20218966  -            279 102513at71240        -            275     3e-33  114.3   0.0   1   1   3.9e-33   4.5e-31  107.2   0.0    20   246    49   268    38   272 0.85 -
scaffold_4:30042527-30047226  -            258 102513at71240        -            275   4.1e-33  113.9   0.0   1   2   5.1e-12     6e-10   37.9   0.0    20   100    56   144    48   148 0.84 -
scaffold_4:30042527-30047226  -            258 102513at71240        -            275   4.1e-33  113.9   0.0   2   2   4.6e-23   5.3e-21   74.2   0.0   152   244   149   244   145   248 0.94 -
scaffold_7:3042827-3062058    -            178 102513at71240        -            275   9.7e-33  112.7   0.0   1   1   9.2e-35   1.1e-32  112.5   0.0   102   244     1   148     1   173 0.91 -
scaffold_7:21909320-21906674  -            268 102513at71240        -            275   1.1e-32  112.5   0.0   1   2   2.4e-06   0.00028   19.4   0.0    20    46    33    59    28    71 0.90 -
scaffold_7:21909320-21906674  -            268 102513at71240        -            275   1.1e-32  112.5   0.0   2   2   2.7e-28   3.2e-26   91.3   0.0   103   254   108   267    91   268 0.88 -
scaffold_6:19936454-19935433  -            193 102513at71240        -            275   2.3e-32  111.5   0.0   1   1   7.3e-34   8.6e-32  109.6   0.0   101   271     1   193     1   193 0.88 -
scaffold_3:12214443-12213582  -            259 102513at71240        -            275   3.2e-32  111.0   0.0   1   1   4.3e-34     5e-32  110.3   0.0    20   202    54   259    48   259 0.78 -
scaffold_11:4015684-4016202   -            173 102513at71240        -            275   6.6e-31  106.7   0.0   1   1   6.5e-33   7.5e-31  106.5   0.0   102   246     1   154     1   172 0.87 -
scaffold_9:15348326-15349826  -            288 102513at71240        -            275   9.5e-31  106.2   0.0   1   2    0.0006      0.07   11.5   0.0    16    57    43    86    34   103 0.74 -
scaffold_9:15348326-15349826  -            288 102513at71240        -            275   9.5e-31  106.2   0.0   2   2   8.1e-29   9.5e-27   93.0   0.0   101   245   112   260    93   281 0.89 -
scaffold_7:3061111-3066609    -            190 102513at71240        -            275   1.1e-29  102.7   0.0   1   1     1e-31   1.2e-29  102.6   0.0    33   206     1   190     1   190 0.87 -
scaffold_3:930188-929464      -            153 102513at71240        -            275   1.8e-28   98.7   0.0   1   1   1.6e-30   1.9e-28   98.6   0.0   100   244     3   150     1   153 0.93 -
scaffold_50:57181-58397       -            246 102513at71240        -            275   2.7e-28   98.1   0.1   1   1   2.2e-29   2.6e-27   94.9   0.1    20   203    70   244    60   246 0.85 -
scaffold_5:1815794-1814999    -            174 102513at71240        -            275   4.3e-28   97.4   0.0   1   1     4e-30   4.7e-28   97.3   0.0   101   261     1   164     1   174 0.89 -
scaffold_4:8843141-8841390    -            209 102513at71240        -            275   1.4e-27   95.8   0.0   1   2    0.0068      0.79    8.0   0.1    26    51     1    27     1    38 0.76 -
scaffold_4:8843141-8841390    -            209 102513at71240        -            275   1.4e-27   95.8   0.0   2   2   1.1e-26   1.3e-24   86.0   0.0   100   253    46   207    40   209 0.87 -
scaffold_5:1983254-1983862    -            203 102513at71240        -            275   1.5e-27   95.7   0.0   1   1   1.6e-29   1.9e-27   95.3   0.0    20   203     6   200     3   203 0.79 -
scaffold_7:10271854-10272664  -            184 102513at71240        -            275   2.4e-26   91.7   0.0   1   1   2.3e-28   2.7e-26   91.5   0.0    30   198     1   184     1   184 0.81 -
scaffold_1:35536593-35537425  -            246 102513at71240        -            275   4.7e-25   87.5   0.0   1   1     1e-26   1.2e-24   86.1   0.0    21   205    55   241    43   245 0.77 -
scaffold_97:48744-49482       -            181 102513at71240        -            275   1.2e-24   86.2   0.0   1   1   1.3e-26   1.5e-24   85.8   0.0   102   263     1   173     1   181 0.83 -
scaffold_3:16082036-16080102  -            221 102513at71240        -            275   1.6e-24   85.7   0.0   1   1   5.5e-26   6.5e-24   83.7   0.0    21   205    17   220     2   221 0.74 -
scaffold_1:34940304-34935651  -            253 102513at71240        -            275   8.6e-23   80.1   1.0   1   3    0.0078      0.92    7.8   0.1    44    96    48   108    32   120 0.65 -
scaffold_1:34940304-34935651  -            253 102513at71240        -            275   8.6e-23   80.1   1.0   2   3   2.3e-10   2.7e-08   32.5   0.0   124   175   116   168   111   169 0.89 -
scaffold_1:34940304-34935651  -            253 102513at71240        -            275   8.6e-23   80.1   1.0   3   3   7.2e-12   8.4e-10   37.5   0.1   205   273   168   246   167   248 0.84 -
scaffold_11:10525259-10524555 -            180 102513at71240        -            275   1.1e-22   79.8   0.0   1   1   1.1e-24   1.3e-22   79.4   0.0   102   266     1   175     1   180 0.77 -
scaffold_97:20222-19800       -            141 102513at71240        -            275   1.6e-22   79.2   0.0   1   1   1.6e-24   1.9e-22   79.0   0.0    99   206    11   120     3   129 0.90 -
scaffold_2:35397452-35395897  -            219 102513at71240        -            275   2.8e-22   78.4   0.0   1   1   5.7e-23   6.6e-21   73.9   0.0    19   184    59   211    49   219 0.83 -
scaffold_10:13784941-13783159 -            250 102513at71240        -            275   3.1e-22   78.2   0.0   1   1   3.6e-24   4.2e-22   77.8   0.0    20   207    47   250    30   250 0.80 -
scaffold_10:2240911-2240345   -            189 102513at71240        -            275   2.6e-16   58.8   0.0   1   1   2.6e-18     3e-16   58.6   0.0   102   234     6   147     2   183 0.82 -
scaffold_1:21384169-21385222  -            175 102513at71240        -            275   4.3e-13   48.3   0.0   1   2   9.4e-09   1.1e-06   27.2   0.0    14    73    11    68     6   101 0.80 -
scaffold_1:21384169-21385222  -            175 102513at71240        -            275   4.3e-13   48.3   0.0   2   2   2.5e-06   0.00029   19.3   0.0   205   245   108   148    89   153 0.93 -
scaffold_9:12403670-12403317  -            118 102513at71240        -            275   5.8e-13   47.8   0.0   1   1   5.8e-15   6.8e-13   47.6   0.0    20   101    20   109    12   117 0.83 -
scaffold_1:2102963-2104950    -            192 102513at71240        -            275   3.7e-11   41.9   0.0   1   2   2.6e-06   0.00031   19.2   0.0    18    72    29    82    22    88 0.75 -
scaffold_1:2102963-2104950    -            192 102513at71240        -            275   3.7e-11   41.9   0.0   2   2   4.8e-07   5.6e-05   21.6   0.0   105   204    85   190    74   192 0.75 -
scaffold_13:439605-440368     -            178 102513at71240        -            275   8.1e-10   37.5   0.0   1   2   8.2e-07   9.6e-05   20.9   0.0    18    75    22    78     8   111 0.79 -
scaffold_13:439605-440368     -            178 102513at71240        -            275   8.1e-10   37.5   0.0   2   2   3.7e-05    0.0043   15.4   0.0   147   204   110   176    93   178 0.83 -
scaffold_6:19937603-19937223  -            127 102513at71240        -            275   1.4e-05   23.6   0.0   1   1   1.4e-07   1.6e-05   23.4   0.0    20    82    56   126    42   127 0.68 -
scaffold_13:4592274-4591510   -            255 102513at71240        -            275     3e-05   22.5   0.0   1   1   6.7e-07   7.8e-05   21.1   0.0   102   201   152   254   126   255 0.91 -
#
# Program:         hmmsearch
# Version:         3.3.2 (Nov 2020)
# Pipeline mode:   SEARCH
# Query file:      /scratch/srb67793/Pelargonium/scripts/busco_downloads/lineages/eudicots_odb10/hmms/102513at71240.hmm
# Target file:     /scratch/srb67793/Pelargonium/scripts/scratch/srb67793/Pelargonium/Results2/HiFiASM_OmniC/P_citronellum-hap1-scaffolds-busco/run_eudicots_odb10/metaeuk_output/initial_results/P_citronellum-hap1_scaffolds_final.fa.modified.fas
# Option settings: hmmsearch --domtblout /scratch/srb67793/Pelargonium/scripts/scratch/srb67793/Pelargonium/Results2/HiFiASM_OmniC/P_citronellum-hap1-scaffolds-busco/run_eudicots_odb10/hmmer_output/initial_run_results/102513at71240.out --cpu 1 /scratch/srb67793/Pelargonium/scripts/busco_downloads/lineages/eudicots_odb10/hmms/102513at71240.hmm /scratch/srb67793/Pelargonium/scripts/scratch/srb67793/Pelargonium/Results2/HiFiASM_OmniC/P_citronellum-hap1-scaffolds-busco/run_eudicots_odb10/metaeuk_output/initial_results/P_citronellum-hap1_scaffolds_final.fa.modified.fas 
# Current dir:     /scratch/srb67793/Pelargonium/scripts
# Date:            Fri Jul 19 10:32:07 2024
# [ok]
