#                                                                                    --- full sequence --- -------------- this domain -------------   hmm coord   ali coord   env coord
# target name                accession   tlen query name           accession   qlen   E-value  score  bias   #  of  c-Evalue  i-Evalue  score  bias  from    to  from    to  from    to  acc description of target
#        ------------------- ---------- ----- -------------------- ---------- ----- --------- ------ ----- --- --- --------- --------- ------ ----- ----- ----- ----- ----- ----- ----- ---- ---------------------
scaffold_10:2183211-2167264  -           1698 1115at71240          -           1530         0 2064.9  70.5   1   3         0         0 1618.6  43.5     1   966     1  1012     1  1014 0.92 -
scaffold_10:2183211-2167264  -           1698 1115at71240          -           1530         0 2064.9  70.5   2   3  8.3e-127  3.4e-124  414.8  15.6  1006  1502  1013  1620  1011  1645 0.77 -
scaffold_10:2183211-2167264  -           1698 1115at71240          -           1530         0 2064.9  70.5   3   3   2.3e-09   9.3e-07   25.6   0.1  1486  1530  1649  1693  1630  1693 0.89 -
scaffold_9:13554860-13517246 -           2394 1115at71240          -           1530  3.7e-130  434.6  14.5   1   2   4.1e-17   1.7e-14   51.3   0.3    23    94  1291  1366  1277  1380 0.89 -
scaffold_9:13554860-13517246 -           2394 1115at71240          -           1530  3.7e-130  434.6  14.5   2   2  4.5e-118  1.9e-115  385.9   8.5   258   637  1406  1823  1402  1833 0.83 -
scaffold_12:2061166-2062419  -            213 1115at71240          -           1530   2.5e-95  319.2   3.1   1   1   6.7e-98   2.8e-95  319.0   3.1   315   525     1   213     1   213 0.99 -
scaffold_7:18787601-18786589 -            213 1115at71240          -           1530   3.9e-95  318.5   3.9   1   1     1e-97   4.3e-95  318.4   3.9   315   525     1   213     1   213 0.98 -
scaffold_2:22660898-22652209 -           1560 1115at71240          -           1530   1.3e-59  200.7   1.9   1   2   5.1e-12   2.1e-09   34.4   0.3    24    62    13    51     6    65 0.92 -
scaffold_2:22660898-22652209 -           1560 1115at71240          -           1530   1.3e-59  200.7   1.9   2   2   1.3e-51   5.4e-49  165.6   0.1   345   562   292   515   278   526 0.86 -
scaffold_1:24179825-24196365 -            623 1115at71240          -           1530   2.9e-59  199.6   4.0   1   2   5.4e-15   2.3e-12   44.2   0.3    22    63     9    50     3    63 0.91 -
scaffold_1:24179825-24196365 -            623 1115at71240          -           1530   2.9e-59  199.6   4.0   2   2   5.8e-49   2.4e-46  156.8   0.4   268   528   109   372   105   421 0.81 -
scaffold_1:40640310-40642724 -            226 1115at71240          -           1530   3.1e-53  179.6   2.0   1   2   3.5e-35   1.5e-32  111.1   0.5   315   446     1   132     1   133 0.95 -
scaffold_1:40640310-40642724 -            226 1115at71240          -           1530   3.1e-53  179.6   2.0   2   2   1.7e-22   6.9e-20   69.1   0.0   469   531   132   194   131   219 0.91 -
scaffold_1:24190836-24199378 -            378 1115at71240          -           1530     2e-39  133.9   7.8   1   2   2.9e-15   1.2e-12   45.1   0.3    22    63     9    50     3    62 0.91 -
scaffold_1:24190836-24199378 -            378 1115at71240          -           1530     2e-39  133.9   7.8   2   2     2e-29   8.5e-27   92.0   2.2   268   426   109   267   105   272 0.82 -
scaffold_2:26478552-26479558 -            232 1115at71240          -           1530   4.3e-37  126.2   7.9   1   1   2.3e-38   9.3e-36  121.7   7.9   373   531     1   149     1   232 0.77 -
scaffold_758:594-1425        -            205 1115at71240          -           1530   5.5e-25   86.0   2.1   1   1   3.5e-26   1.4e-23   81.3   2.1   399   530     1   121     1   205 0.68 -
scaffold_3:13653928-13655963 -            307 1115at71240          -           1530   3.1e-10   37.1   0.1   1   1   9.9e-13   4.1e-10   36.7   0.1   121   184    42   107    25   113 0.85 -
scaffold_8:18074248-18080016 -            718 1115at71240          -           1530     6e-09   32.9   1.1   1   1   2.2e-11   9.1e-09   32.3   1.1   197   255    47   107    27   114 0.76 -
scaffold_5:10665212-10671818 -            258 1115at71240          -           1530   1.9e-07   27.9   0.1   1   1     6e-10   2.5e-07   27.5   0.1   123   184    47   110    33   116 0.85 -
scaffold_3:2569582-2570064   -             93 1115at71240          -           1530   2.4e-07   27.5   5.9   1   1   5.9e-10   2.4e-07   27.5   5.9   207   252    49    93    31    93 0.89 -
scaffold_5:13963594-13960101 -            261 1115at71240          -           1530   4.6e-07   26.6   0.0   1   1   1.4e-09   5.8e-07   26.3   0.0   123   184    39   102    22   109 0.85 -
scaffold_1:36019648-36023426 -            619 1115at71240          -           1530   0.00014   18.3   1.1   1   1   4.8e-07    0.0002   17.9   1.1  1437  1494   546   612   512   618 0.68 -
scaffold_3:37996860-37930645 -            531 1115at71240          -           1530    0.0074   12.7   1.9   1   1   2.5e-05      0.01   12.2   1.9  1451  1490   485   531   477   531 0.75 -
scaffold_9:14599026-14602044 -            515 1115at71240          -           1530     0.027   10.8   1.8   1   1   0.00011     0.046   10.0   1.8  1452  1490   469   514   460   515 0.75 -
scaffold_8:19498569-19489033 -           1788 1115at71240          -           1530     0.063    9.6  12.5   1   2   0.00037      0.15    8.3   5.2   212   256   651   694   611   700 0.77 -
scaffold_8:19498569-19489033 -           1788 1115at71240          -           1530     0.063    9.6  12.5   2   2    0.0024         1    5.6   0.7  1458  1497  1625  1671  1597  1679 0.75 -
scaffold_5:58792-55776       -            511 1115at71240          -           1530       0.1    8.9   0.6   1   1   0.00035      0.15    8.4   0.6  1447  1490   461   511   422   511 0.79 -
scaffold_6:9759702-9759851   -             50 1115at71240          -           1530      0.15    8.4   4.7   1   1   0.00038      0.16    8.3   4.7  1453  1493     2    44     1    49 0.87 -
scaffold_9:12663689-12663510 -             60 1115at71240          -           1530      0.28    7.5   4.0   1   1   0.00065      0.27    7.5   4.0  1453  1491    18    59     3    60 0.82 -
scaffold_5:17548641-17553684 -            233 1115at71240          -           1530      0.43    6.8   5.7   1   2       1.3   5.3e+02   -3.4   0.0  1328  1356    75   105    29   119 0.58 -
scaffold_5:17548641-17553684 -            233 1115at71240          -           1530      0.43    6.8   5.7   2   2   0.00037      0.15    8.3   2.9  1452  1491   179   224   174   231 0.63 -
scaffold_7:17933939-17927630 -            510 1115at71240          -           1530      0.89    5.8   9.2   1   1    0.0034       1.4    5.1   9.2   207   255   457   501   452   505 0.85 -
#
# Program:         hmmsearch
# Version:         3.3.2 (Nov 2020)
# Pipeline mode:   SEARCH
# Query file:      /scratch/srb67793/Pelargonium/scripts/busco_downloads/lineages/eudicots_odb10/hmms/1115at71240.hmm
# Target file:     /scratch/srb67793/Pelargonium/scripts/scratch/srb67793/Pelargonium/Results2/HiFiASM_OmniC/P_citronellum-hap1-scaffolds-busco/run_eudicots_odb10/metaeuk_output/initial_results/P_citronellum-hap1_scaffolds_final.fa.modified.fas
# Option settings: hmmsearch --domtblout /scratch/srb67793/Pelargonium/scripts/scratch/srb67793/Pelargonium/Results2/HiFiASM_OmniC/P_citronellum-hap1-scaffolds-busco/run_eudicots_odb10/hmmer_output/initial_run_results/1115at71240.out --cpu 1 /scratch/srb67793/Pelargonium/scripts/busco_downloads/lineages/eudicots_odb10/hmms/1115at71240.hmm /scratch/srb67793/Pelargonium/scripts/scratch/srb67793/Pelargonium/Results2/HiFiASM_OmniC/P_citronellum-hap1-scaffolds-busco/run_eudicots_odb10/metaeuk_output/initial_results/P_citronellum-hap1_scaffolds_final.fa.modified.fas 
# Current dir:     /scratch/srb67793/Pelargonium/scripts
# Date:            Fri Jul 19 10:32:10 2024
# [ok]
