#                                                                                     --- full sequence --- -------------- this domain -------------   hmm coord   ali coord   env coord
# target name                 accession   tlen query name           accession   qlen   E-value  score  bias   #  of  c-Evalue  i-Evalue  score  bias  from    to  from    to  from    to  acc description of target
#         ------------------- ---------- ----- -------------------- ---------- ----- --------- ------ ----- --- --- --------- --------- ------ ----- ----- ----- ----- ----- ----- ----- ---- ---------------------
scaffold_97:115076-118133     -            399 112580at71240        -            331    2e-161  535.7   0.0   1   1  1.8e-163  3.2e-161  535.1   0.0     2   331     4   399     3   399 0.91 -
scaffold_7:1548800-1541377    -            776 112580at71240        -            331   2.1e-22   78.8   0.0   1   2   1.4e-23   2.5e-21   75.3   0.0     2   193     3   204     2   225 0.84 -
scaffold_7:1548800-1541377    -            776 112580at71240        -            331   2.1e-22   78.8   0.0   2   2      0.56     1e+02    0.9   0.0    86   104   278   296   268   334 0.87 -
scaffold_12:10066279-10067229 -            317 112580at71240        -            331   2.5e-21   75.3   0.4   1   2   2.6e-20   4.7e-18   64.5   0.7     2   192     9   208     8   219 0.73 -
scaffold_12:10066279-10067229 -            317 112580at71240        -            331   2.5e-21   75.3   0.4   2   2    0.0028      0.52    8.5   0.0   280   312   253   283   235   289 0.84 -
scaffold_8:8279651-8278677    -            325 112580at71240        -            331   2.6e-20   71.9   0.4   1   3   1.1e-20   2.1e-18   65.7   0.1     2   182    15   202    14   226 0.75 -
scaffold_8:8279651-8278677    -            325 112580at71240        -            331   2.6e-20   71.9   0.4   2   3       3.4   6.3e+02   -1.6   0.0   169   181   237   249   234   259 0.80 -
scaffold_8:8279651-8278677    -            325 112580at71240        -            331   2.6e-20   71.9   0.4   3   3     0.084        16    3.7   0.0   280   312   261   291   241   297 0.78 -
scaffold_2:32681847-32682590  -            248 112580at71240        -            331   2.1e-16   59.1   0.1   1   1   2.3e-18   4.2e-16   58.1   0.1     2   240     1   247     1   248 0.72 -
scaffold_1:44373041-44371790  -            230 112580at71240        -            331   7.9e-16   57.2   0.2   1   1   6.2e-18   1.1e-15   56.7   0.2     2   220     3   226     2   229 0.76 -
scaffold_7:3524595-3523643    -            315 112580at71240        -            331   1.4e-15   56.4   0.3   1   2   2.2e-17   4.1e-15   54.9   0.3     2   212    10   223     9   245 0.77 -
scaffold_7:3524595-3523643    -            315 112580at71240        -            331   1.4e-15   56.4   0.3   2   2       3.9   7.1e+02   -1.8   0.0   281   313   247   277   238   292 0.75 -
scaffold_4:5917889-5917152    -            246 112580at71240        -            331   3.7e-15   55.0   0.1   1   1   4.8e-17   8.8e-15   53.8   0.1     2   205     1   218     1   246 0.73 -
scaffold_13:377944-378918     -            325 112580at71240        -            331   3.9e-15   54.9   1.5   1   3   1.6e-16   2.9e-14   52.1   0.2     2   157    13   180    12   207 0.73 -
scaffold_13:377944-378918     -            325 112580at71240        -            331   3.9e-15   54.9   1.5   2   3      0.46        84    1.2   0.0    63    86   188   211   181   299 0.60 -
scaffold_13:377944-378918     -            325 112580at71240        -            331   3.9e-15   54.9   1.5   3   3       2.3   4.2e+02   -1.1   0.0    72    97   293   318   264   324 0.51 -
scaffold_8:15723486-15724430  -            315 112580at71240        -            331   9.6e-15   53.6   0.1   1   2   1.7e-16   3.1e-14   52.0   0.2     2   209     5   217     4   241 0.75 -
scaffold_8:15723486-15724430  -            315 112580at71240        -            331   9.6e-15   53.6   0.1   2   2       2.9   5.3e+02   -1.4   0.0   280   314   244   276   227   292 0.77 -
scaffold_1:36735209-36735763  -            185 112580at71240        -            331   5.6e-14   51.1   0.0   1   1   5.5e-16     1e-13   50.3   0.0     2   150     2   165     1   181 0.74 -
scaffold_12:3306615-3307655   -            347 112580at71240        -            331   7.5e-14   50.7   0.5   1   4     1e-14   1.9e-12   46.1   0.1     2   157     5   172     4   200 0.75 -
scaffold_12:3306615-3307655   -            347 112580at71240        -            331   7.5e-14   50.7   0.5   2   4         2   3.6e+02   -0.9   0.0    61    85   178   202   173   214 0.82 -
scaffold_12:3306615-3307655   -            347 112580at71240        -            331   7.5e-14   50.7   0.5   3   4       7.6   1.4e+03   -2.8   0.0   300   312   226   238   224   245 0.84 -
scaffold_12:3306615-3307655   -            347 112580at71240        -            331   7.5e-14   50.7   0.5   4   4      0.68   1.3e+02    0.7   0.0   280   312   251   281   233   289 0.78 -
scaffold_3:6105779-6104949    -            277 112580at71240        -            331   1.3e-12   46.6   0.2   1   1   2.1e-14   3.9e-12   45.1   0.2    69   238     4   189     1   207 0.72 -
scaffold_8:15580639-15579881  -            253 112580at71240        -            331   7.6e-12   44.1   1.0   1   2   0.00018     0.033   12.4   0.0     2    43     1    42     1    56 0.93 -
scaffold_8:15580639-15579881  -            253 112580at71240        -            331   7.6e-12   44.1   1.0   2   2   1.8e-09   3.2e-07   28.9   0.9    62   204    83   222    71   253 0.74 -
scaffold_7:12527115-12529086  -            276 112580at71240        -            331   2.7e-11   42.3   0.1   1   1   2.4e-13   4.4e-11   41.6   0.1     2   219    49   271    48   274 0.75 -
scaffold_5:27784320-27785603  -            428 112580at71240        -            331   7.4e-11   40.9   3.4   1   4   7.4e-08   1.4e-05   23.6   0.0     2    78    20   105    19   117 0.82 -
scaffold_5:27784320-27785603  -            428 112580at71240        -            331   7.4e-11   40.9   3.4   2   4     0.012       2.2    6.5   1.4   142   206   151   219   141   228 0.79 -
scaffold_5:27784320-27785603  -            428 112580at71240        -            331   7.4e-11   40.9   3.4   3   4      0.83   1.5e+02    0.4   0.0    62    79   230   247   222   260 0.85 -
scaffold_5:27784320-27785603  -            428 112580at71240        -            331   7.4e-11   40.9   3.4   4   4     0.013       2.4    6.3   0.0   280   321   324   366   313   371 0.84 -
scaffold_3:2031428-2030445    -            328 112580at71240        -            331   3.9e-10   38.5   0.7   1   2   1.8e-11   3.3e-09   35.5   0.7     2   143     1   144     1   166 0.80 -
scaffold_3:2031428-2030445    -            328 112580at71240        -            331   3.9e-10   38.5   0.7   2   2      0.18        34    2.5   0.0    87   108   140   162   118   201 0.78 -
scaffold_10:397978-397076     -            301 112580at71240        -            331   1.5e-09   36.6   1.4   1   2   2.8e-10   5.1e-08   31.5   0.6     2   206     2   203     1   226 0.81 -
scaffold_10:397978-397076     -            301 112580at71240        -            331   1.5e-09   36.6   1.4   2   2      0.21        38    2.4   0.0   165   193   258   286   248   296 0.80 -
scaffold_11:9651751-9652644   -            298 112580at71240        -            331   3.3e-09   35.4   0.1   1   2   4.8e-11   8.8e-09   34.0   0.1     6   204     1   211     1   217 0.74 -
scaffold_11:9651751-9652644   -            298 112580at71240        -            331   3.3e-09   35.4   0.1   2   2       4.3   7.8e+02   -1.9   0.0   165   182   219   236   211   283 0.82 -
scaffold_5:27799273-27800496  -            408 112580at71240        -            331   5.9e-08   31.3   2.4   1   3   5.2e-07   9.6e-05   20.8   0.1     2    78     1    86     1    97 0.80 -
scaffold_5:27799273-27800496  -            408 112580at71240        -            331   5.9e-08   31.3   2.4   2   3    0.0034      0.63    8.2   0.6   144   215   132   205   126   234 0.75 -
scaffold_5:27799273-27800496  -            408 112580at71240        -            331   5.9e-08   31.3   2.4   3   3       6.2   1.1e+03   -2.5   0.0   282   318   307   345   298   350 0.69 -
scaffold_11:17255457-17254783 -            225 112580at71240        -            331     3e-07   29.0   0.2   1   1   4.7e-09   8.6e-07   27.5   0.2     3   204    10   211     8   224 0.77 -
scaffold_9:16093471-16114420  -            732 112580at71240        -            331   5.3e-07   28.2   0.3   1   1   1.6e-08   2.9e-06   25.8   0.3     2   181    18   200    17   297 0.66 -
scaffold_8:7314935-7314021    -            305 112580at71240        -            331   6.6e-07   27.9   0.6   1   3   4.3e-08     8e-06   24.3   0.5     3   204     8   209     6   230 0.74 -
scaffold_8:7314935-7314021    -            305 112580at71240        -            331   6.6e-07   27.9   0.6   2   3       1.3   2.3e+02   -0.2   0.0   161   182   211   232   208   238 0.82 -
scaffold_8:7314935-7314021    -            305 112580at71240        -            331   6.6e-07   27.9   0.6   3   3       3.4   6.2e+02   -1.6   0.0   293   314   259   280   245   290 0.67 -
scaffold_10:3420070-3419117   -            318 112580at71240        -            331   2.8e-06   25.8   5.6   1   3   6.5e-07   0.00012   20.5   0.1     2    79     1    87     1   100 0.77 -
scaffold_10:3420070-3419117   -            318 112580at71240        -            331   2.8e-06   25.8   5.6   2   3     0.019       3.5    5.8   0.4   147   206   137   200   126   210 0.75 -
scaffold_10:3420070-3419117   -            318 112580at71240        -            331   2.8e-06   25.8   5.6   3   3       1.1     2e+02   -0.0   0.0    59    79   208   228   204   244 0.81 -
scaffold_11:17242762-17242052 -            237 112580at71240        -            331   1.1e-05   23.8   0.2   1   1   1.8e-07   3.3e-05   22.3   0.2     3   204    11   212     9   233 0.73 -
scaffold_1:42318740-42317829  -            304 112580at71240        -            331   4.4e-05   21.9   0.4   1   1   1.1e-06   0.00021   19.7   0.2    63   206    67   202    59   216 0.76 -
scaffold_1:33085745-33084912  -            278 112580at71240        -            331     5e-05   21.7   0.1   1   3   1.6e-06    0.0003   19.2   0.0     7    48     2    43     1    50 0.93 -
scaffold_1:33085745-33084912  -            278 112580at71240        -            331     5e-05   21.7   0.1   2   3       2.4   4.4e+02   -1.1   0.0    10    46   133   171   128   184 0.75 -
scaffold_1:33085745-33084912  -            278 112580at71240        -            331     5e-05   21.7   0.1   3   3       3.5   6.4e+02   -1.7   0.0   271   325   188   244   165   246 0.69 -
scaffold_710:28201-29157      -            319 112580at71240        -            331   0.00011   20.6   0.2   1   1   2.1e-06   0.00039   18.8   0.2    62   206   106   242    97   253 0.76 -
scaffold_12:2317478-2318170   -            231 112580at71240        -            331   0.00063   18.1   0.4   1   2    0.0003     0.055   11.7   0.3     7    47     1    41     1    56 0.91 -
scaffold_12:2317478-2318170   -            231 112580at71240        -            331   0.00063   18.1   0.4   2   2     0.044       8.1    4.6   0.0   266   314   120   170   101   176 0.82 -
scaffold_2:23826123-23827034  -            304 112580at71240        -            331    0.0007   17.9   0.1   1   2     2e-05    0.0036   15.6   0.0     5    56     3    53     1    72 0.84 -
scaffold_2:23826123-23827034  -            304 112580at71240        -            331    0.0007   17.9   0.1   2   2       1.8   3.4e+02   -0.7   0.0   299   317   178   196   163   211 0.69 -
scaffold_1:28542954-28544030  -            359 112580at71240        -            331    0.0024   16.2   0.5   1   3   0.00048     0.088   11.0   0.0     5    47     3    45     1    69 0.91 -
scaffold_1:28542954-28544030  -            359 112580at71240        -            331    0.0024   16.2   0.5   2   3      0.75   1.4e+02    0.5   0.0   165   190   170   196   158   209 0.69 -
scaffold_1:28542954-28544030  -            359 112580at71240        -            331    0.0024   16.2   0.5   3   3         1   1.8e+02    0.1   0.0   299   315   322   338   313   351 0.78 -
scaffold_7:18313926-18314876  -            317 112580at71240        -            331    0.0027   16.0   0.2   1   3   0.00031     0.057   11.6   0.1     6    45     1    40     1    79 0.85 -
scaffold_7:18313926-18314876  -            317 112580at71240        -            331    0.0027   16.0   0.2   2   3      0.43        79    1.3   0.0   272   313    81   122    58   135 0.63 -
scaffold_7:18313926-18314876  -            317 112580at71240        -            331    0.0027   16.0   0.2   3   3       4.3   7.9e+02   -2.0   0.0   146   184   228   270   211   278 0.65 -
scaffold_6:16175521-16174355  -            389 112580at71240        -            331    0.0028   15.9   0.0   1   2   6.3e-05     0.012   13.9   0.0     6    48    14    56    12    63 0.93 -
scaffold_6:16175521-16174355  -            389 112580at71240        -            331    0.0028   15.9   0.0   2   2       3.1   5.7e+02   -1.5   0.0   290   313   192   215   187   229 0.78 -
scaffold_4:1933072-1934133    -            354 112580at71240        -            331    0.0029   15.9   0.0   1   2   6.5e-05     0.012   13.9   0.0     9    48     3    42     1    55 0.89 -
scaffold_4:1933072-1934133    -            354 112580at71240        -            331    0.0029   15.9   0.0   2   2       2.4   4.4e+02   -1.1   0.0   168   245   189   206   186   216 0.59 -
scaffold_10:11496925-11498025 -            367 112580at71240        -            331    0.0031   15.8   0.0   1   1   3.4e-05    0.0063   14.8   0.0     7    47     3    43     1    47 0.93 -
scaffold_4:30486479-30487576  -            366 112580at71240        -            331    0.0033   15.7   0.0   1   2   7.7e-05     0.014   13.6   0.0     6    48     1    43     1    50 0.94 -
scaffold_4:30486479-30487576  -            366 112580at71240        -            331    0.0033   15.7   0.0   2   2         2   3.7e+02   -0.9   0.0   287   314   176   203   173   215 0.79 -
scaffold_1:37952139-37950982  -            386 112580at71240        -            331    0.0048   15.2   1.4   1   2     6e-05     0.011   14.0   0.6     6   114    18   120    14   146 0.79 -
scaffold_1:37952139-37950982  -            386 112580at71240        -            331    0.0048   15.2   1.4   2   2       2.5   4.5e+02   -1.2   0.0   182   214   316   349   304   354 0.72 -
scaffold_8:6607093-6606206    -            296 112580at71240        -            331    0.0056   15.0   0.6   1   2    0.0001     0.018   13.3   0.1    13    73     8    69     3   106 0.86 -
scaffold_8:6607093-6606206    -            296 112580at71240        -            331    0.0056   15.0   0.6   2   2       1.8   3.3e+02   -0.7   0.1    77   129   147   200   133   203 0.66 -
scaffold_1:44534182-44534991  -            270 112580at71240        -            331    0.0072   14.6   1.4   1   2   0.00019     0.035   12.4   0.5     7    71     1    72     1    90 0.66 -
scaffold_1:44534182-44534991  -            270 112580at71240        -            331    0.0072   14.6   1.4   2   2      0.78   1.4e+02    0.5   0.0    62   113   157   210   153   217 0.76 -
scaffold_9:14700103-14701173  -            357 112580at71240        -            331    0.0074   14.6   1.0   1   1   5.8e-05     0.011   14.1   0.2     6    73     6    80     4   129 0.70 -
scaffold_1:37933722-37932688  -            345 112580at71240        -            331    0.0075   14.6   2.4   1   3   8.1e-05     0.015   13.6   0.2     7    48     3    44     1    57 0.91 -
scaffold_1:37933722-37932688  -            345 112580at71240        -            331    0.0075   14.6   2.4   2   3       3.6   6.6e+02   -1.7   0.0   298   321   169   192   120   198 0.73 -
scaffold_1:37933722-37932688  -            345 112580at71240        -            331    0.0075   14.6   2.4   3   3         2   3.6e+02   -0.8   0.1   183   216   281   315   275   324 0.77 -
scaffold_7:22178530-22177406  -            375 112580at71240        -            331    0.0091   14.3   0.1   1   1   9.4e-05     0.017   13.4   0.1     6    54     1    49     1    76 0.93 -
scaffold_4:30528698-30527454  -            415 112580at71240        -            331    0.0092   14.3   0.1   1   1   0.00011     0.021   13.1   0.1     6    48    48    90    45    98 0.93 -
scaffold_5:25115484-25116557  -            358 112580at71240        -            331     0.022   13.0   0.3   1   2    0.0026      0.49    8.6   0.1     3    47     1    45     1    74 0.92 -
scaffold_5:25115484-25116557  -            358 112580at71240        -            331     0.022   13.0   0.3   2   2      0.21        38    2.4   0.0   215   239   164   189   146   198 0.82 -
scaffold_4:30965491-30964418  -            358 112580at71240        -            331     0.032   12.5   0.1   1   2   0.00042     0.077   11.2   0.1     6    48     1    43     1   107 0.87 -
scaffold_4:30965491-30964418  -            358 112580at71240        -            331     0.032   12.5   0.1   2   2       9.6   1.8e+03   -3.1   0.0   299   312   187   200   181   205 0.60 -
scaffold_9:16864143-16865210  -            356 112580at71240        -            331     0.033   12.4   0.4   1   1   0.00043     0.079   11.2   0.3     7    52     1    48     1   109 0.68 -
scaffold_3:12606473-12607027  -            185 112580at71240        -            331     0.036   12.3   0.4   1   2     0.002      0.37    9.0   0.3     6   137     1   145     1   148 0.58 -
scaffold_3:12606473-12607027  -            185 112580at71240        -            331     0.036   12.3   0.4   2   2     0.045       8.2    4.6   0.1   168   247    67   152    48   182 0.51 -
scaffold_7:12323035-12322373  -            221 112580at71240        -            331     0.036   12.3   0.6   1   1   0.00038     0.069   11.4   0.4     7    45     2    40     1    92 0.77 -
scaffold_1:37942886-37941843  -            348 112580at71240        -            331      0.04   12.2   0.4   1   2   0.00048     0.088   11.0   0.1     7    47     3    43     1    53 0.91 -
scaffold_1:37942886-37941843  -            348 112580at71240        -            331      0.04   12.2   0.4   2   2       7.8   1.4e+03   -2.8   0.0   193   212   294   313   278   318 0.60 -
scaffold_6:25665223-25666167  -            315 112580at71240        -            331     0.052   11.8   0.3   1   3    0.0019      0.34    9.1   0.1     9    42    11    44     6    53 0.85 -
scaffold_6:25665223-25666167  -            315 112580at71240        -            331     0.052   11.8   0.3   2   3       1.5   2.8e+02   -0.5   0.0   300   312   166   178   143   225 0.66 -
scaffold_6:25665223-25666167  -            315 112580at71240        -            331     0.052   11.8   0.3   3   3         9   1.7e+03   -3.0   0.0   282   312   238   270   231   274 0.69 -
scaffold_9:7249836-7248826    -            337 112580at71240        -            331     0.063   11.5  12.5   1   2    0.0045      0.83    7.8   7.5     2    82    15   102    14   206 0.74 -
scaffold_9:7249836-7248826    -            337 112580at71240        -            331     0.063   11.5  12.5   2   2     0.013       2.4    6.3   0.4   127   181   211   263   135   289 0.87 -
scaffold_3:4312439-4311273    -            389 112580at71240        -            331     0.071   11.3   0.3   1   2    0.0075       1.4    7.1   0.1     5    42    29    66    26    81 0.88 -
scaffold_3:4312439-4311273    -            389 112580at71240        -            331     0.071   11.3   0.3   2   2      0.27        50    2.0   0.0   183   219   319   355   316   364 0.90 -
scaffold_10:20695453-20696442 -            330 112580at71240        -            331      0.11   10.7   1.2   1   3    0.0023      0.43    8.8   0.1     4    61     1    58     1    76 0.85 -
scaffold_10:20695453-20696442 -            330 112580at71240        -            331      0.11   10.7   1.2   2   3       1.9   3.4e+02   -0.8   0.1    47   110   100   162    89   186 0.70 -
scaffold_10:20695453-20696442 -            330 112580at71240        -            331      0.11   10.7   1.2   3   3       3.5   6.4e+02   -1.7   0.0   194   207   249   262   238   273 0.78 -
scaffold_5:22818816-22818010  -            269 112580at71240        -            331      0.37    9.0   4.2   1   2     0.048       8.8    4.5   0.2     9    45     2    38     1    55 0.88 -
scaffold_5:22818816-22818010  -            269 112580at71240        -            331      0.37    9.0   4.2   2   2     0.023       4.2    5.5   0.6    44    89    89   133    72   174 0.81 -
#
# Program:         hmmsearch
# Version:         3.3.2 (Nov 2020)
# Pipeline mode:   SEARCH
# Query file:      /scratch/srb67793/Pelargonium/scripts/busco_downloads/lineages/eudicots_odb10/hmms/112580at71240.hmm
# Target file:     /scratch/srb67793/Pelargonium/scripts/scratch/srb67793/Pelargonium/Results2/HiFiASM_OmniC/P_citronellum-hap1-scaffolds-busco/run_eudicots_odb10/metaeuk_output/initial_results/P_citronellum-hap1_scaffolds_final.fa.modified.fas
# Option settings: hmmsearch --domtblout /scratch/srb67793/Pelargonium/scripts/scratch/srb67793/Pelargonium/Results2/HiFiASM_OmniC/P_citronellum-hap1-scaffolds-busco/run_eudicots_odb10/hmmer_output/initial_run_results/112580at71240.out --cpu 1 /scratch/srb67793/Pelargonium/scripts/busco_downloads/lineages/eudicots_odb10/hmms/112580at71240.hmm /scratch/srb67793/Pelargonium/scripts/scratch/srb67793/Pelargonium/Results2/HiFiASM_OmniC/P_citronellum-hap1-scaffolds-busco/run_eudicots_odb10/metaeuk_output/initial_results/P_citronellum-hap1_scaffolds_final.fa.modified.fas 
# Current dir:     /scratch/srb67793/Pelargonium/scripts
# Date:            Fri Jul 19 10:32:06 2024
# [ok]
