#                                                                                     --- full sequence --- -------------- this domain -------------   hmm coord   ali coord   env coord
# target name                 accession   tlen query name           accession   qlen   E-value  score  bias   #  of  c-Evalue  i-Evalue  score  bias  from    to  from    to  from    to  acc description of target
#         ------------------- ---------- ----- -------------------- ---------- ----- --------- ------ ----- --- --- --------- --------- ------ ----- ----- ----- ----- ----- ----- ----- ---- ---------------------
scaffold_1:21911159-21928979  -            249 113276at71240        -            223  3.4e-117  388.8   3.5   1   2  1.7e-105  6.4e-103  342.1   0.8     1   194     2   198     2   209 0.97 -
scaffold_1:21911159-21928979  -            249 113276at71240        -            223  3.4e-117  388.8   3.5   2   2   1.7e-15   6.5e-13   47.7   0.1   185   223   210   248   204   248 0.93 -
scaffold_5:28466341-28464869  -            491 113276at71240        -            223   3.6e-06   25.7   0.3   1   4       2.6   9.9e+02   -1.9   0.0   144   180   203   239   194   259 0.71 -
scaffold_5:28466341-28464869  -            491 113276at71240        -            223   3.6e-06   25.7   0.3   2   4   9.5e-05     0.036   12.6   0.0   142   197   271   326   254   341 0.90 -
scaffold_5:28466341-28464869  -            491 113276at71240        -            223   3.6e-06   25.7   0.3   3   4       4.4   1.7e+03   -2.7   0.0   143   181   342   380   333   396 0.76 -
scaffold_5:28466341-28464869  -            491 113276at71240        -            223   3.6e-06   25.7   0.3   4   4     0.001      0.39    9.2   0.0   143   195   412   464   403   472 0.86 -
scaffold_10:17693485-17639953 -            482 113276at71240        -            223   0.00027   19.5   0.0   1   2    0.0027         1    7.8   0.0   143   183    92   132    78   151 0.84 -
scaffold_10:17693485-17639953 -            482 113276at71240        -            223   0.00027   19.5   0.0   2   2    0.0011      0.42    9.1   0.0   143   184   404   445   378   461 0.82 -
scaffold_8:939653-941515      -            621 113276at71240        -            223   0.00071   18.2   0.0   1   4       3.6   1.4e+03   -2.4   0.0   152   200   141   189   133   199 0.78 -
scaffold_8:939653-941515      -            621 113276at71240        -            223   0.00071   18.2   0.0   2   4    0.0032       1.2    7.6   0.0   143   177   202   236   195   241 0.86 -
scaffold_8:939653-941515      -            621 113276at71240        -            223   0.00071   18.2   0.0   3   4      0.33   1.3e+02    1.0   0.0   142   196   306   360   297   372 0.86 -
scaffold_8:939653-941515      -            621 113276at71240        -            223   0.00071   18.2   0.0   4   4      0.07        27    3.2   0.0   140   195   409   464   399   474 0.86 -
scaffold_5:30343382-30309513  -            631 113276at71240        -            223   0.00083   17.9   0.1   1   5      0.58   2.2e+02    0.2   0.0   143   181   113   151    86   156 0.86 -
scaffold_5:30343382-30309513  -            631 113276at71240        -            223   0.00083   17.9   0.1   2   5     0.027        10    4.6   0.0   143   181   218   256   208   259 0.91 -
scaffold_5:30343382-30309513  -            631 113276at71240        -            223   0.00083   17.9   0.1   3   5     0.021       7.9    4.9   0.0   143   182   253   292   249   307 0.88 -
scaffold_5:30343382-30309513  -            631 113276at71240        -            223   0.00083   17.9   0.1   4   5      0.08        31    3.0   0.0   143   181   391   429   384   451 0.86 -
scaffold_5:30343382-30309513  -            631 113276at71240        -            223   0.00083   17.9   0.1   5   5      0.38   1.5e+02    0.8   0.0   143   181   426   464   418   486 0.89 -
scaffold_5:30339227-30337785  -            481 113276at71240        -            223     0.001   17.7   0.0   1   3      0.33   1.3e+02    1.0   0.0   143   181   130   168   101   174 0.83 -
scaffold_5:30339227-30337785  -            481 113276at71240        -            223     0.001   17.7   0.0   2   3   0.00063      0.24    9.9   0.0   143   181   235   273   223   276 0.92 -
scaffold_5:30339227-30337785  -            481 113276at71240        -            223     0.001   17.7   0.0   3   3     0.042        16    3.9   0.0   144   181   271   308   270   327 0.89 -
scaffold_5:30839669-30841045  -            459 113276at71240        -            223    0.0011   17.5   0.0   1   5      0.52     2e+02    0.4   0.0   141   183   114   156    88   168 0.85 -
scaffold_5:30839669-30841045  -            459 113276at71240        -            223    0.0011   17.5   0.0   2   5   0.00028      0.11   11.0   0.0   143   183   221   261   213   281 0.80 -
scaffold_5:30839669-30841045  -            459 113276at71240        -            223    0.0011   17.5   0.0   3   5      0.24        91    1.5   0.0   144   181   257   294   256   303 0.89 -
scaffold_5:30839669-30841045  -            459 113276at71240        -            223    0.0011   17.5   0.0   4   5      0.53     2e+02    0.3   0.0   121   181   306   364   296   385 0.77 -
scaffold_5:30839669-30841045  -            459 113276at71240        -            223    0.0011   17.5   0.0   5   5       8.2   3.1e+03   -3.6   0.0   158   196   411   449   400   455 0.79 -
scaffold_5:29959404-29960936  -            511 113276at71240        -            223    0.0026   16.3   0.0   1   3      0.11        44    2.5   0.0   143   183   166   206   131   219 0.84 -
scaffold_5:29959404-29960936  -            511 113276at71240        -            223    0.0026   16.3   0.0   2   3    0.0014      0.52    8.8   0.0   143   181   271   309   260   330 0.85 -
scaffold_5:29959404-29960936  -            511 113276at71240        -            223    0.0026   16.3   0.0   3   3       0.1        39    2.7   0.0   145   181   308   344   306   356 0.89 -
scaffold_53:434933-433527     -            469 113276at71240        -            223    0.0067   15.0   0.0   1   1   3.3e-05     0.013   14.1   0.0   142   199   235   292   216   300 0.89 -
scaffold_21:2842832-2841390   -            481 113276at71240        -            223    0.0074   14.9   0.0   1   1   3.5e-05     0.013   14.0   0.0   142   199   235   292   212   299 0.90 -
scaffold_5:29938205-29939371  -            389 113276at71240        -            223    0.0076   14.8   0.0   1   3     0.067        26    3.3   0.0   142   183    43    84     9    97 0.80 -
scaffold_5:29938205-29939371  -            389 113276at71240        -            223    0.0076   14.8   0.0   2   3     0.022       8.5    4.8   0.0   143   181   149   187   141   190 0.91 -
scaffold_5:29938205-29939371  -            389 113276at71240        -            223    0.0076   14.8   0.0   3   3     0.035        13    4.2   0.0   144   181   185   222   182   244 0.88 -
scaffold_21:2986498-2985791   -            236 113276at71240        -            223     0.013   14.1   0.0   1   2      0.35   1.3e+02    0.9   0.0   146   181    20    55    13    62 0.89 -
scaffold_21:2986498-2985791   -            236 113276at71240        -            223     0.013   14.1   0.0   2   2   0.00032      0.12   10.8   0.0   142   182   121   161   102   195 0.88 -
scaffold_21:3236957-3237835   -            293 113276at71240        -            223     0.015   13.8   0.0   1   1   6.2e-05     0.024   13.2   0.0   142   184    51    93    29   107 0.85 -
scaffold_5:30322623-30321232  -            464 113276at71240        -            223     0.016   13.7   0.0   1   3      0.79     3e+02   -0.2   0.0   142   182   117   157    78   166 0.82 -
scaffold_5:30322623-30321232  -            464 113276at71240        -            223     0.016   13.7   0.0   2   3   0.00046      0.18   10.3   0.0   143   181   223   261   212   283 0.85 -
scaffold_5:30322623-30321232  -            464 113276at71240        -            223     0.016   13.7   0.0   3   3      0.53     2e+02    0.3   0.0   145   181   260   296   258   317 0.84 -
scaffold_5:30356112-30354769  -            448 113276at71240        -            223     0.024   13.1   0.0   1   3      0.65   2.5e+02    0.0   0.0   142   182   110   150    77   160 0.76 -
scaffold_5:30356112-30354769  -            448 113276at71240        -            223     0.024   13.1   0.0   2   3    0.0019      0.72    8.3   0.0   143   181   216   254   208   272 0.87 -
scaffold_5:30356112-30354769  -            448 113276at71240        -            223     0.024   13.1   0.0   3   3      0.18        67    1.9   0.0   145   181   253   289   251   302 0.87 -
scaffold_4:5770098-5768107    -            664 113276at71240        -            223     0.032   12.8   0.3   1   4     0.091        35    2.8   0.0   133   195   125   186   105   193 0.79 -
scaffold_4:5770098-5768107    -            664 113276at71240        -            223     0.032   12.8   0.3   2   4       1.9   7.1e+02   -1.5   0.0   149   196   210   257   205   284 0.71 -
scaffold_4:5770098-5768107    -            664 113276at71240        -            223     0.032   12.8   0.3   3   4      0.26        99    1.4   0.0   145   196   416   467   380   485 0.86 -
scaffold_4:5770098-5768107    -            664 113276at71240        -            223     0.032   12.8   0.3   4   4     0.083        32    3.0   0.0    83   107   620   644   594   654 0.82 -
scaffold_21:2954160-2952580   -            527 113276at71240        -            223     0.036   12.6   0.0   1   3      0.52     2e+02    0.4   0.0   146   181   173   208   141   213 0.89 -
scaffold_21:2954160-2952580   -            527 113276at71240        -            223     0.036   12.6   0.0   2   3    0.0034       1.3    7.5   0.0   143   181   275   313   264   325 0.88 -
scaffold_21:2954160-2952580   -            527 113276at71240        -            223     0.036   12.6   0.0   3   3       0.2        76    1.7   0.0   141   189   308   359   304   392 0.73 -
scaffold_21:2855109-2853550   -            520 113276at71240        -            223     0.036   12.6   0.0   1   2         2   7.6e+02   -1.5   0.0   147   182   108   144    97   217 0.55 -
scaffold_21:2855109-2853550   -            520 113276at71240        -            223     0.036   12.6   0.0   2   2   0.00043      0.16   10.4   0.0   142   182   282   322   261   340 0.86 -
scaffold_5:30850020-30851267  -            416 113276at71240        -            223     0.041   12.4   0.0   1   4      0.43   1.6e+02    0.6   0.0   142   181    92   131    31   140 0.69 -
scaffold_5:30850020-30851267  -            416 113276at71240        -            223     0.041   12.4   0.0   2   4    0.0056       2.2    6.8   0.0   143   182   198   237   190   257 0.83 -
scaffold_5:30850020-30851267  -            416 113276at71240        -            223     0.041   12.4   0.0   3   4      0.16        60    2.1   0.0   144   181   234   271   232   294 0.86 -
scaffold_5:30850020-30851267  -            416 113276at71240        -            223     0.041   12.4   0.0   4   4       1.3   4.9e+02   -0.9   0.0   125   199   287   355   275   364 0.73 -
scaffold_5:30764884-30766080  -            399 113276at71240        -            223     0.045   12.3   0.1   1   3      0.52     2e+02    0.4   0.0   142   182   112   152    53   161 0.83 -
scaffold_5:30764884-30766080  -            399 113276at71240        -            223     0.045   12.3   0.1   2   3    0.0068       2.6    6.5   0.0   143   182   218   257   208   278 0.84 -
scaffold_5:30764884-30766080  -            399 113276at71240        -            223     0.045   12.3   0.1   3   3      0.34   1.3e+02    0.9   0.0   122   198   304   374   295   387 0.77 -
scaffold_5:29925819-29927360  -            514 113276at71240        -            223     0.051   12.1   0.0   1   3      0.13        51    2.3   0.0   142   182   168   208   140   216 0.81 -
scaffold_5:29925819-29927360  -            514 113276at71240        -            223     0.051   12.1   0.0   2   3      0.11        40    2.6   0.0   143   180   274   311   266   312 0.90 -
scaffold_5:29925819-29927360  -            514 113276at71240        -            223     0.051   12.1   0.0   3   3     0.031        12    4.4   0.0   143   181   309   347   306   368 0.88 -
scaffold_5:30785033-30786103  -            357 113276at71240        -            223     0.055   12.0   0.0   1   3      0.31   1.2e+02    1.1   0.0   139   196    45   103    22   125 0.69 -
scaffold_5:30785033-30786103  -            357 113276at71240        -            223     0.055   12.0   0.0   2   3     0.004       1.5    7.3   0.0   143   181   190   228   179   249 0.85 -
scaffold_5:30785033-30786103  -            357 113276at71240        -            223     0.055   12.0   0.0   3   3      0.25        97    1.4   0.0   143   181   225   263   223   275 0.89 -
scaffold_21:2940819-2939419   -            467 113276at71240        -            223     0.065   11.8   0.0   1   3       3.3   1.3e+03   -2.3   0.0   143   181    48    87    42   112 0.74 -
scaffold_21:2940819-2939419   -            467 113276at71240        -            223     0.065   11.8   0.0   2   3      0.97   3.7e+02   -0.5   0.0   146   181   125   160    92   164 0.85 -
scaffold_21:2940819-2939419   -            467 113276at71240        -            223     0.065   11.8   0.0   3   3     0.002      0.75    8.3   0.0   142   181   226   265   208   287 0.86 -
scaffold_5:30343547-30342516  -            344 113276at71240        -            223     0.066   11.7   0.1   1   4       5.7   2.2e+03   -3.0   0.0   154   195     6    47     3    57 0.72 -
scaffold_5:30343547-30342516  -            344 113276at71240        -            223     0.066   11.7   0.1   2   4      0.23        88    1.5   0.0   143   181   168   206   130   212 0.86 -
scaffold_5:30343547-30342516  -            344 113276at71240        -            223     0.066   11.7   0.1   3   4    0.0058       2.2    6.7   0.0   143   181   273   311   262   332 0.84 -
scaffold_5:30343547-30342516  -            344 113276at71240        -            223     0.066   11.7   0.1   4   4      0.53     2e+02    0.3   0.0   145   178   310   343   308   344 0.89 -
scaffold_9:12288583-12290487  -            635 113276at71240        -            223     0.079   11.5   0.3   1   4       2.5   9.4e+02   -1.8   0.0   147   195   182   230   172   238 0.80 -
scaffold_9:12288583-12290487  -            635 113276at71240        -            223     0.079   11.5   0.3   2   4    0.0081       3.1    6.3   0.0   123   193   264   333   252   343 0.77 -
scaffold_9:12288583-12290487  -            635 113276at71240        -            223     0.079   11.5   0.3   3   4       1.4   5.3e+02   -1.0   0.0   142   195   352   405   344   413 0.81 -
scaffold_9:12288583-12290487  -            635 113276at71240        -            223     0.079   11.5   0.3   4   4       1.2   4.6e+02   -0.8   0.0   143   191   458   506   447   516 0.81 -
scaffold_5:30817995-30837507  -            652 113276at71240        -            223     0.091   11.3   0.0   1   4       6.8   2.6e+03   -3.3   0.0   139   181    47    90    25   106 0.63 -
scaffold_5:30817995-30837507  -            652 113276at71240        -            223     0.091   11.3   0.0   2   4       1.7   6.5e+02   -1.3   0.0   143   182   314   353   303   360 0.87 -
scaffold_5:30817995-30837507  -            652 113276at71240        -            223     0.091   11.3   0.0   3   4    0.0034       1.3    7.5   0.0   143   182   419   458   411   484 0.84 -
scaffold_5:30817995-30837507  -            652 113276at71240        -            223     0.091   11.3   0.0   4   4       1.6   6.3e+02   -1.3   0.0   123   196   506   573   498   584 0.73 -
#
# Program:         hmmsearch
# Version:         3.3.2 (Nov 2020)
# Pipeline mode:   SEARCH
# Query file:      /scratch/srb67793/Pelargonium/scripts/busco_downloads/lineages/eudicots_odb10/hmms/113276at71240.hmm
# Target file:     /scratch/srb67793/Pelargonium/scripts/scratch/srb67793/Pelargonium/Results2/HiFiASM_OmniC/P_citronellum-hap1-scaffolds-busco/run_eudicots_odb10/metaeuk_output/initial_results/P_citronellum-hap1_scaffolds_final.fa.modified.fas
# Option settings: hmmsearch --domtblout /scratch/srb67793/Pelargonium/scripts/scratch/srb67793/Pelargonium/Results2/HiFiASM_OmniC/P_citronellum-hap1-scaffolds-busco/run_eudicots_odb10/hmmer_output/initial_run_results/113276at71240.out --cpu 1 /scratch/srb67793/Pelargonium/scripts/busco_downloads/lineages/eudicots_odb10/hmms/113276at71240.hmm /scratch/srb67793/Pelargonium/scripts/scratch/srb67793/Pelargonium/Results2/HiFiASM_OmniC/P_citronellum-hap1-scaffolds-busco/run_eudicots_odb10/metaeuk_output/initial_results/P_citronellum-hap1_scaffolds_final.fa.modified.fas 
# Current dir:     /scratch/srb67793/Pelargonium/scripts
# Date:            Fri Jul 19 10:32:08 2024
# [ok]
