#                                                                                     --- full sequence --- -------------- this domain -------------   hmm coord   ali coord   env coord
# target name                 accession   tlen query name           accession   qlen   E-value  score  bias   #  of  c-Evalue  i-Evalue  score  bias  from    to  from    to  from    to  acc description of target
#         ------------------- ---------- ----- -------------------- ---------- ----- --------- ------ ----- --- --- --------- --------- ------ ----- ----- ----- ----- ----- ----- ----- ---- ---------------------
scaffold_9:19951808-19949239  -            407 116909at71240        -            278  3.3e-139  462.0  12.4   1   2    8e-118  2.7e-115  383.5   7.2     1   234    13   278    13   289 0.91 -
scaffold_9:19951808-19949239  -            407 116909at71240        -            278  3.3e-139  462.0  12.4   2   2   7.9e-25   2.7e-22   78.4   0.2   233   278   354   399   318   399 0.89 -
scaffold_9:17943106-17943639  -            153 116909at71240        -            278   1.4e-08   33.4   0.1   1   1   6.8e-11   2.3e-08   32.7   0.1     7   135     2   147     1   152 0.71 -
scaffold_12:6909482-6914622   -            174 116909at71240        -            278   1.5e-07   30.1   0.1   1   1   8.2e-10   2.8e-07   29.2   0.1     7   114    11   132     8   164 0.75 -
scaffold_6:18270238-18265348  -            171 116909at71240        -            278   1.5e-07   30.1   0.2   1   1   8.2e-10   2.8e-07   29.2   0.2     7   129    12   145     9   165 0.71 -
scaffold_10:4768640-4770576   -            173 116909at71240        -            278   2.3e-07   29.4   0.0   1   1     1e-09   3.5e-07   28.9   0.0     7   139     3   144     2   156 0.74 -
scaffold_12:9355567-9352964   -            171 116909at71240        -            278     3e-07   29.1   0.3   1   1   1.5e-09   5.2e-07   28.3   0.3     7   119    12   138     9   166 0.74 -
scaffold_4:29593094-29590262  -            173 116909at71240        -            278   4.2e-07   28.6   0.1   1   1   2.2e-09   7.5e-07   27.8   0.1     7   115    11   133     8   166 0.73 -
scaffold_5:3457293-3458940    -            176 116909at71240        -            278   6.1e-07   28.1   0.1   1   1   3.1e-09   1.1e-06   27.3   0.1     7   117    12   136     9   165 0.75 -
scaffold_7:23182602-23179525  -            172 116909at71240        -            278   1.1e-06   27.2   0.1   1   1   5.4e-09   1.9e-06   26.5   0.1     7   137    15   155    10   168 0.73 -
scaffold_4:6534895-6532726    -            153 116909at71240        -            278   1.5e-06   26.8   0.0   1   1     7e-09   2.4e-06   26.1   0.0     7   116     2   125     1   150 0.71 -
scaffold_2:32111116-32113368  -            161 116909at71240        -            278   1.5e-06   26.8   0.1   1   1   7.4e-09   2.5e-06   26.0   0.1     7   116     2   125     1   152 0.70 -
scaffold_11:12229173-12230786 -            157 116909at71240        -            278     2e-06   26.4   0.1   1   1   1.3e-08   4.5e-06   25.2   0.1     7   139     2   146     1   155 0.72 -
scaffold_3:11965736-12046297  -            163 116909at71240        -            278   2.6e-06   26.0   0.1   1   1   1.9e-08   6.5e-06   24.7   0.1     7   139     2   147     1   159 0.73 -
scaffold_3:5144262-5146216    -            164 116909at71240        -            278   4.8e-06   25.1   0.2   1   1   2.4e-08   8.3e-06   24.3   0.2     7   141     2   150     1   160 0.71 -
scaffold_8:3962039-3960006    -            173 116909at71240        -            278   5.2e-06   25.0   0.2   1   1   2.8e-08   9.5e-06   24.2   0.2     7   140    13   158    10   168 0.71 -
scaffold_6:22326367-22328755  -            172 116909at71240        -            278   6.5e-06   24.7   0.0   1   1   2.7e-08   9.1e-06   24.2   0.0     7   133    21   158    16   170 0.72 -
scaffold_2:21009112-21010772  -            157 116909at71240        -            278   9.3e-06   24.2   0.1   1   1   5.6e-08   1.9e-05   23.2   0.1     7   116     2   131     1   153 0.67 -
scaffold_9:12035099-12032510  -            167 116909at71240        -            278   1.7e-05   23.3   0.0   1   1   8.5e-08   2.9e-05   22.6   0.0     7   128    16   148    13   165 0.68 -
scaffold_2:22543845-22541217  -            180 116909at71240        -            278   3.2e-05   22.4   0.0   1   1   2.1e-07   7.2e-05   21.3   0.0     4   113    24   148    21   175 0.72 -
scaffold_7:5608045-5608335    -             97 116909at71240        -            278   3.4e-05   22.3   0.1   1   1   1.6e-07   5.6e-05   21.6   0.1     7    88     2    95     1    97 0.75 -
scaffold_3:10833702-10831309  -            179 116909at71240        -            278   9.9e-05   20.8   0.0   1   1   7.2e-07   0.00025   19.5   0.0     4   116    23   150    20   175 0.71 -
scaffold_9:23120794-23122194  -             95 116909at71240        -            278   0.00037   19.0   0.1   1   1   1.7e-06   0.00057   18.3   0.1     7    87     2    94     1    95 0.74 -
scaffold_8:567930-573583      -            149 116909at71240        -            278    0.0004   18.8   0.0   1   1   1.2e-06    0.0004   18.8   0.0    61   120    60   121     1   144 0.77 -
scaffold_6:17530876-17529022  -            104 116909at71240        -            278    0.0015   17.0   0.1   1   1   7.1e-06    0.0024   16.3   0.1     7    86    11   102     8   104 0.70 -
scaffold_8:17958978-17947023  -            507 116909at71240        -            278    0.0021   16.5   0.1   1   2    0.0058         2    6.7   0.0     7    29     9    31     6    42 0.89 -
scaffold_8:17958978-17947023  -            507 116909at71240        -            278    0.0021   16.5   0.1   2   2    0.0036       1.2    7.4   0.0     5    28   215   238   211   260 0.87 -
scaffold_1:38213252-38213602  -            117 116909at71240        -            278    0.0042   15.5   0.0   1   1   1.8e-05    0.0062   14.9   0.0     7    48    22    63    18   117 0.63 -
scaffold_10:3806698-3805707   -            228 116909at71240        -            278     0.024   13.0   0.0   1   1    0.0001     0.034   12.5   0.0     7    52    58   102    51   124 0.82 -
scaffold_11:6527637-6527356   -             94 116909at71240        -            278     0.027   12.8   0.0   1   1   0.00011     0.038   12.4   0.0     7    86     2    93     1    94 0.61 -
scaffold_8:11871724-11877216  -            536 116909at71240        -            278     0.028   12.8   0.6   1   3     0.077        26    3.0   0.0     5    24    32    51    28    60 0.89 -
scaffold_8:11871724-11877216  -            536 116909at71240        -            278     0.028   12.8   0.6   2   3     0.047        16    3.7   0.0     7    26   238   257   232   261 0.87 -
scaffold_8:11871724-11877216  -            536 116909at71240        -            278     0.028   12.8   0.6   3   3      0.12        42    2.4   0.1    38   113   292   370   287   384 0.72 -
#
# Program:         hmmsearch
# Version:         3.3.2 (Nov 2020)
# Pipeline mode:   SEARCH
# Query file:      /scratch/srb67793/Pelargonium/scripts/busco_downloads/lineages/eudicots_odb10/hmms/116909at71240.hmm
# Target file:     /scratch/srb67793/Pelargonium/scripts/scratch/srb67793/Pelargonium/Results2/HiFiASM_OmniC/P_citronellum-hap1-scaffolds-busco/run_eudicots_odb10/metaeuk_output/initial_results/P_citronellum-hap1_scaffolds_final.fa.modified.fas
# Option settings: hmmsearch --domtblout /scratch/srb67793/Pelargonium/scripts/scratch/srb67793/Pelargonium/Results2/HiFiASM_OmniC/P_citronellum-hap1-scaffolds-busco/run_eudicots_odb10/hmmer_output/initial_run_results/116909at71240.out --cpu 1 /scratch/srb67793/Pelargonium/scripts/busco_downloads/lineages/eudicots_odb10/hmms/116909at71240.hmm /scratch/srb67793/Pelargonium/scripts/scratch/srb67793/Pelargonium/Results2/HiFiASM_OmniC/P_citronellum-hap1-scaffolds-busco/run_eudicots_odb10/metaeuk_output/initial_results/P_citronellum-hap1_scaffolds_final.fa.modified.fas 
# Current dir:     /scratch/srb67793/Pelargonium/scripts
# Date:            Fri Jul 19 10:32:20 2024
# [ok]
