#                                                                                     --- full sequence --- -------------- this domain -------------   hmm coord   ali coord   env coord
# target name                 accession   tlen query name           accession   qlen   E-value  score  bias   #  of  c-Evalue  i-Evalue  score  bias  from    to  from    to  from    to  acc description of target
#         ------------------- ---------- ----- -------------------- ---------- ----- --------- ------ ----- --- --- --------- --------- ------ ----- ----- ----- ----- ----- ----- ----- ---- ---------------------
scaffold_10:11948849-11949736 -            296 117860at71240        -            236  3.5e-143  474.1   2.8   1   1  6.2e-146  4.4e-143  473.8   2.8     8   235    63   296    55   296 0.96 -
scaffold_3:7752532-7741976    -            522 117860at71240        -            236   1.2e-05   24.0   0.2   1   1   3.4e-08   2.4e-05   23.0   0.2   139   226   441   518   434   522 0.87 -
scaffold_5:4407778-4407515    -             88 117860at71240        -            236   0.00031   19.3   0.0   1   1   4.9e-07   0.00035   19.2   0.0   152   217    14    76     5    87 0.88 -
scaffold_3:16317418-16318508  -            156 117860at71240        -            236    0.0004   19.0   0.1   1   1   7.1e-07    0.0005   18.6   0.1   121   229    41   154    22   156 0.82 -
scaffold_3:1297955-1298206    -             84 117860at71240        -            236   0.00083   17.9   0.0   1   1   1.2e-06   0.00086   17.9   0.0   152   217    10    72     2    83 0.89 -
scaffold_3:5963706-5964017    -            104 117860at71240        -            236    0.0015   17.1   0.0   1   1   2.1e-06    0.0015   17.1   0.0   144   217    22    92     3   104 0.82 -
scaffold_6:17056381-17056025  -            119 117860at71240        -            236    0.0018   16.8   0.0   1   1   2.9e-06    0.0021   16.6   0.0   152   217    45   107    27   117 0.88 -
scaffold_9:9044980-9046705    -            249 117860at71240        -            236    0.0021   16.6   0.0   1   1   4.3e-06    0.0031   16.1   0.0   144   217   129   202   120   212 0.86 -
scaffold_2:13221087-13229827  -            106 117860at71240        -            236    0.0063   15.1   0.0   1   1     9e-06    0.0064   15.0   0.0   144   206    20    79     2   102 0.80 -
scaffold_9:5670315-5670794    -            160 117860at71240        -            236     0.018   13.6   0.0   1   1   3.4e-05     0.024   13.1   0.0   152   217    86   148    74   158 0.88 -
scaffold_41:872786-870121     -            477 117860at71240        -            236     0.027   13.0   0.0   1   1   6.9e-05     0.049   12.1   0.0    15   111     5   102     2   109 0.72 -
scaffold_1:3477246-3474579    -            477 117860at71240        -            236     0.029   12.9   0.0   1   1   7.2e-05     0.051   12.1   0.0    15   111     5   102     2   108 0.72 -
scaffold_8:2555526-2555798    -             91 117860at71240        -            236     0.032   12.7   0.0   1   1     5e-05     0.035   12.6   0.0   138   210    14    84     5    90 0.83 -
scaffold_9:15004323-15003994  -            110 117860at71240        -            236      0.11   11.0   0.0   1   1   0.00018      0.13   10.8   0.0   185   235    26    77    19    78 0.78 -
#
# Program:         hmmsearch
# Version:         3.3.2 (Nov 2020)
# Pipeline mode:   SEARCH
# Query file:      /scratch/srb67793/Pelargonium/scripts/busco_downloads/lineages/eudicots_odb10/hmms/117860at71240.hmm
# Target file:     /scratch/srb67793/Pelargonium/scripts/scratch/srb67793/Pelargonium/Results2/HiFiASM_OmniC/P_citronellum-hap1-scaffolds-busco/run_eudicots_odb10/metaeuk_output/initial_results/P_citronellum-hap1_scaffolds_final.fa.modified.fas
# Option settings: hmmsearch --domtblout /scratch/srb67793/Pelargonium/scripts/scratch/srb67793/Pelargonium/Results2/HiFiASM_OmniC/P_citronellum-hap1-scaffolds-busco/run_eudicots_odb10/hmmer_output/initial_run_results/117860at71240.out --cpu 1 /scratch/srb67793/Pelargonium/scripts/busco_downloads/lineages/eudicots_odb10/hmms/117860at71240.hmm /scratch/srb67793/Pelargonium/scripts/scratch/srb67793/Pelargonium/Results2/HiFiASM_OmniC/P_citronellum-hap1-scaffolds-busco/run_eudicots_odb10/metaeuk_output/initial_results/P_citronellum-hap1_scaffolds_final.fa.modified.fas 
# Current dir:     /scratch/srb67793/Pelargonium/scripts
# Date:            Fri Jul 19 10:32:30 2024
# [ok]
