#                                                                                     --- full sequence --- -------------- this domain -------------   hmm coord   ali coord   env coord
# target name                 accession   tlen query name           accession   qlen   E-value  score  bias   #  of  c-Evalue  i-Evalue  score  bias  from    to  from    to  from    to  acc description of target
#         ------------------- ---------- ----- -------------------- ---------- ----- --------- ------ ----- --- --- --------- --------- ------ ----- ----- ----- ----- ----- ----- ----- ---- ---------------------
scaffold_9:9044980-9046705    -            249 123564at71240        -            190  5.4e-108  357.9   0.1   1   1  1.8e-110    9e-108  357.2   0.0    16   190    76   249    69   249 0.99 -
scaffold_9:7614122-7613868    -             85 123564at71240        -            190   6.6e-10   38.0   0.3   1   1   1.4e-12   7.1e-10   37.9   0.3    69   154     2    84     1    85 0.92 -
scaffold_3:5963706-5964017    -            104 123564at71240        -            190   7.2e-10   37.9   0.0   1   1   1.6e-12   7.9e-10   37.8   0.0    64   153    16   102     4   104 0.88 -
scaffold_8:2555526-2555798    -             91 123564at71240        -            190   7.7e-09   34.6   0.2   1   1   1.8e-11   8.9e-09   34.3   0.2    62   130    12    79     5    88 0.86 -
scaffold_6:17056381-17056025  -            119 123564at71240        -            190   9.1e-09   34.3   0.0   1   1     2e-11     1e-08   34.2   0.0    64   154    31   118    10   119 0.87 -
scaffold_5:4407778-4407515    -             88 123564at71240        -            190   9.6e-09   34.2   0.0   1   1   2.2e-11   1.1e-08   34.0   0.0    69   153     5    86     2    88 0.90 -
scaffold_9:5670315-5670794    -            160 123564at71240        -            190   1.8e-08   33.4   0.0   1   1   3.9e-11   1.9e-08   33.2   0.0    65   154    73   159    14   160 0.81 -
scaffold_3:1297955-1298206    -             84 123564at71240        -            190   2.4e-08   32.9   0.0   1   1   5.3e-11   2.6e-08   32.8   0.0    69   153     1    82     1    84 0.88 -
scaffold_9:7632219-7632479    -             87 123564at71240        -            190   7.7e-08   31.3   0.3   1   1   1.7e-10   8.4e-08   31.2   0.3    54   110    10    67     2    83 0.86 -
scaffold_3:11041217-11041483  -             89 123564at71240        -            190   1.2e-06   27.4   0.0   1   1   2.9e-09   1.4e-06   27.1   0.0    67   130    16    77     8    84 0.83 -
scaffold_7:14100525-14098693  -            354 123564at71240        -            190   4.8e-06   25.4   0.1   1   3     0.013       6.7    5.4   0.0    67    94     9    36     5    55 0.82 -
scaffold_7:14100525-14098693  -            354 123564at71240        -            190   4.8e-06   25.4   0.1   2   3    0.0036       1.8    7.3   0.0   116   136    81   102    56   119 0.78 -
scaffold_7:14100525-14098693  -            354 123564at71240        -            190   4.8e-06   25.4   0.1   3   3    0.0012      0.57    8.9   0.0    67   128   169   230   141   240 0.82 -
scaffold_10:11948849-11949736 -            296 123564at71240        -            190   8.2e-06   24.7   0.2   1   2     0.012       5.8    5.6   0.0    67   138    88   162    72   187 0.76 -
scaffold_10:11948849-11949736 -            296 123564at71240        -            190   8.2e-06   24.7   0.2   2   2   2.9e-06    0.0014   17.4   0.0    70   142   205   277   191   287 0.86 -
scaffold_3:7752532-7741976    -            522 123564at71240        -            190   6.3e-05   21.8   0.1   1   1   2.2e-07   0.00011   21.0   0.1    63   143   439   509   432   520 0.85 -
scaffold_2:13221087-13229827  -            106 123564at71240        -            190   0.00086   18.1   0.0   1   1   1.7e-06   0.00086   18.1   0.0    68   133    18    81     2   106 0.74 -
scaffold_8:14428690-14429883  -            345 123564at71240        -            190    0.0021   16.8   0.2   1   2   0.00031      0.16   10.7   0.0    66   107     7    51     4    80 0.69 -
scaffold_8:14428690-14429883  -            345 123564at71240        -            190    0.0021   16.8   0.2   2   2      0.05        25    3.5   0.1    67   108   166   208   160   257 0.73 -
scaffold_1:3477246-3474579    -            477 123564at71240        -            190    0.0025   16.6   0.0   1   1   7.9e-06    0.0039   15.9   0.0    47   134     2    84     1   107 0.76 -
scaffold_41:872786-870121     -            477 123564at71240        -            190    0.0025   16.6   0.0   1   1   7.7e-06    0.0038   16.0   0.0    47   134     2    84     1   108 0.76 -
scaffold_7:20879909-20882772  -            491 123564at71240        -            190    0.0097   14.7   0.0   1   1   3.2e-05     0.016   14.0   0.0    47   134     2    83     1   108 0.74 -
scaffold_3:7194026-7194781    -             72 123564at71240        -            190     0.012   14.3   0.0   1   1   2.6e-05     0.013   14.3   0.0    67    93     7    32     1    48 0.78 -
scaffold_6:21378620-21406424  -           1040 123564at71240        -            190     0.018   13.8   0.1   1   2   0.00013     0.065   12.0   0.1    55   117   395   455   385   462 0.79 -
scaffold_6:21378620-21406424  -           1040 123564at71240        -            190     0.018   13.8   0.1   2   2       2.9   1.4e+03   -2.2   0.0   118   155   483   520   480   528 0.83 -
#
# Program:         hmmsearch
# Version:         3.3.2 (Nov 2020)
# Pipeline mode:   SEARCH
# Query file:      /scratch/srb67793/Pelargonium/scripts/busco_downloads/lineages/eudicots_odb10/hmms/123564at71240.hmm
# Target file:     /scratch/srb67793/Pelargonium/scripts/scratch/srb67793/Pelargonium/Results2/HiFiASM_OmniC/P_citronellum-hap1-scaffolds-busco/run_eudicots_odb10/metaeuk_output/initial_results/P_citronellum-hap1_scaffolds_final.fa.modified.fas
# Option settings: hmmsearch --domtblout /scratch/srb67793/Pelargonium/scripts/scratch/srb67793/Pelargonium/Results2/HiFiASM_OmniC/P_citronellum-hap1-scaffolds-busco/run_eudicots_odb10/hmmer_output/initial_run_results/123564at71240.out --cpu 1 /scratch/srb67793/Pelargonium/scripts/busco_downloads/lineages/eudicots_odb10/hmms/123564at71240.hmm /scratch/srb67793/Pelargonium/scripts/scratch/srb67793/Pelargonium/Results2/HiFiASM_OmniC/P_citronellum-hap1-scaffolds-busco/run_eudicots_odb10/metaeuk_output/initial_results/P_citronellum-hap1_scaffolds_final.fa.modified.fas 
# Current dir:     /scratch/srb67793/Pelargonium/scripts
# Date:            Fri Jul 19 10:32:35 2024
# [ok]
