#                                                                                     --- full sequence --- -------------- this domain -------------   hmm coord   ali coord   env coord
# target name                 accession   tlen query name           accession   qlen   E-value  score  bias   #  of  c-Evalue  i-Evalue  score  bias  from    to  from    to  from    to  acc description of target
#         ------------------- ---------- ----- -------------------- ---------- ----- --------- ------ ----- --- --- --------- --------- ------ ----- ----- ----- ----- ----- ----- ----- ---- ---------------------
scaffold_2:35127136-35120798  -            939 12743at71240         -            785         0 1408.5  19.4   1   3  1.6e-128  1.6e-126  422.6   0.3     1   224     1   229     1   240 0.95 -
scaffold_2:35127136-35120798  -            939 12743at71240         -            785         0 1408.5  19.4   2   3   3.5e-34   3.6e-32  110.6   4.5   213   282   241   310   237   317 0.96 -
scaffold_2:35127136-35120798  -            939 12743at71240         -            785         0 1408.5  19.4   3   3  2.6e-268  2.7e-266  884.9   1.5   282   784   336   919   326   920 0.92 -
scaffold_1:19355334-19353706  -            301 12743at71240         -            785   7.4e-39  132.7  10.0   1   3   3.3e-20   3.4e-18   64.4   0.7    95   206    10   122     6   123 0.96 -
scaffold_1:19355334-19353706  -            301 12743at71240         -            785   7.4e-39  132.7  10.0   2   3   1.9e-12   1.9e-10   38.7   0.1    67   138   109   180   106   190 0.91 -
scaffold_1:19355334-19353706  -            301 12743at71240         -            785   7.4e-39  132.7  10.0   3   3   1.1e-13   1.1e-11   42.8   0.4   453   558   191   301   181   301 0.88 -
scaffold_9:14622606-14621725  -            294 12743at71240         -            785   5.5e-37  126.5   0.4   1   3   1.4e-19   1.5e-17   62.3   0.1    96   186     1    92     1    98 0.93 -
scaffold_9:14622606-14621725  -            294 12743at71240         -            785   5.5e-37  126.5   0.4   2   3   8.5e-15   8.7e-13   46.5   0.1    72   185   105   221    99   225 0.88 -
scaffold_9:14622606-14621725  -            294 12743at71240         -            785   5.5e-37  126.5   0.4   3   3   3.5e-05    0.0037   14.7   0.0   110   165   234   289   221   293 0.88 -
scaffold_9:11136171-11133225  -            272 12743at71240         -            785   6.1e-37  126.4   5.3   1   3   5.5e-15   5.7e-13   47.1   0.3   100   209     1   119     1   119 0.85 -
scaffold_9:11136171-11133225  -            272 12743at71240         -            785   6.1e-37  126.4   5.3   2   3     2e-22     2e-20   71.7   0.1    82   208    76   203    75   209 0.94 -
scaffold_9:11136171-11133225  -            272 12743at71240         -            785   6.1e-37  126.4   5.3   3   3   1.2e-07   1.2e-05   22.9   0.1   151   205   210   264   202   272 0.88 -
scaffold_1:24086518-24087405  -            296 12743at71240         -            785   5.1e-27   93.6  14.0   1   3   1.4e-12   1.5e-10   39.1   2.6    91   204     4   118     2   120 0.94 -
scaffold_1:24086518-24087405  -            296 12743at71240         -            785   5.1e-27   93.6  14.0   2   3   6.4e-14   6.6e-12   43.6   0.5    29   140   109   223   105   227 0.88 -
scaffold_1:24086518-24087405  -            296 12743at71240         -            785   5.1e-27   93.6  14.0   3   3   2.8e-07   2.9e-05   21.6   0.6    63   127   232   296   211   296 0.86 -
scaffold_7:6675301-6674468    -            278 12743at71240         -            785   7.4e-27   93.0  18.9   1   3   3.2e-15   3.3e-13   47.9   4.3    70   183     7   121     3   127 0.89 -
scaffold_7:6675301-6674468    -            278 12743at71240         -            785   7.4e-27   93.0  18.9   2   3   7.3e-14   7.6e-12   43.4   1.2    28   141    90   206    87   211 0.87 -
scaffold_7:6675301-6674468    -            278 12743at71240         -            785   7.4e-27   93.0  18.9   3   3   2.1e-08   2.1e-06   25.4   0.4    64   127   215   278   196   278 0.88 -
scaffold_3:2087971-2098462    -            494 12743at71240         -            785   1.5e-25   88.7   4.0   1   3   6.1e-13   6.3e-11   40.3   0.4   454   559   201   315   183   323 0.83 -
scaffold_3:2087971-2098462    -            494 12743at71240         -            785   1.5e-25   88.7   4.0   2   3   3.3e-18   3.4e-16   57.8   0.3    69   179   255   366   253   369 0.96 -
scaffold_3:2087971-2098462    -            494 12743at71240         -            785   1.5e-25   88.7   4.0   3   3      0.16        17    2.5   0.1   496   558   429   492   378   494 0.78 -
scaffold_8:4801181-4795460    -            887 12743at71240         -            785   1.7e-24   85.2   1.8   1   5    0.0086      0.89    6.8   0.0   446   553    51   163    36   174 0.72 -
scaffold_8:4801181-4795460    -            887 12743at71240         -            785   1.7e-24   85.2   1.8   2   5    0.0021      0.22    8.8   0.0    71   146   305   381   278   385 0.84 -
scaffold_8:4801181-4795460    -            887 12743at71240         -            785   1.7e-24   85.2   1.8   3   5   3.3e-13   3.4e-11   41.2   0.3   481   594   369   483   364   485 0.92 -
scaffold_8:4801181-4795460    -            887 12743at71240         -            785   1.7e-24   85.2   1.8   4   5     4e-10   4.1e-08   31.0   0.0    57   173   460   577   455   590 0.76 -
scaffold_8:4801181-4795460    -            887 12743at71240         -            785   1.7e-24   85.2   1.8   5   5      0.71        73    0.4   0.0   103   155   611   665   601   673 0.79 -
scaffold_7:26843287-26842754  -            178 12743at71240         -            785   8.3e-24   82.9   3.0   1   2   2.4e-17   2.5e-15   54.9   0.3   485   604     8   131     3   133 0.93 -
scaffold_7:26843287-26842754  -            178 12743at71240         -            785   8.3e-24   82.9   3.0   2   2   2.2e-11   2.3e-09   35.2   0.1    75   175    75   173    72   177 0.85 -
scaffold_1:31809823-31809317  -            169 12743at71240         -            785   1.6e-23   82.0   2.6   1   2   7.9e-17   8.1e-15   53.2   0.3   487   604     1   122     1   124 0.94 -
scaffold_1:31809823-31809317  -            169 12743at71240         -            785   1.6e-23   82.0   2.6   2   2   1.7e-11   1.7e-09   35.6   0.1    75   175    66   164    63   168 0.85 -
scaffold_7:8827588-8816968    -            904 12743at71240         -            785   5.5e-23   80.2   7.6   1   2   3.3e-10   3.4e-08   31.3   0.0    39   171   203   343   198   371 0.82 -
scaffold_7:8827588-8816968    -            904 12743at71240         -            785   5.5e-23   80.2   7.6   2   2   3.8e-15   3.9e-13   47.6   2.4    58   176   475   591   466   648 0.80 -
scaffold_7:14309965-14311621  -            549 12743at71240         -            785   2.5e-20   71.4   3.4   1   3   7.3e-14   7.6e-12   43.4   0.5    95   219   261   389   256   392 0.84 -
scaffold_7:14309965-14311621  -            549 12743at71240         -            785   2.5e-20   71.4   3.4   2   3     2e-10   2.1e-08   32.0   0.1   113   213   367   468   356   486 0.89 -
scaffold_7:14309965-14311621  -            549 12743at71240         -            785   2.5e-20   71.4   3.4   3   3      0.97     1e+02   -0.0   0.1    68   101   496   529   478   537 0.66 -
scaffold_1:44068312-44067653  -            220 12743at71240         -            785   4.9e-19   67.2   3.1   1   2   1.2e-16   1.3e-14   52.5   0.8   498   606     9   120     1   126 0.87 -
scaffold_1:44068312-44067653  -            220 12743at71240         -            785   4.9e-19   67.2   3.1   2   2   4.5e-05    0.0047   14.3   0.1    58   129   131   211   123   216 0.71 -
scaffold_1:40820116-40819244  -            291 12743at71240         -            785     5e-19   67.1  11.4   1   4     0.011       1.1    6.5   0.0   182   214     3    33     1    56 0.64 -
scaffold_1:40820116-40819244  -            291 12743at71240         -            785     5e-19   67.1  11.4   2   4      0.16        17    2.6   0.0    58    90    55    87    34   103 0.70 -
scaffold_1:40820116-40819244  -            291 12743at71240         -            785     5e-19   67.1  11.4   3   4   1.3e-15   1.3e-13   49.2   2.3   489   606   131   252   120   257 0.84 -
scaffold_1:40820116-40819244  -            291 12743at71240         -            785     5e-19   67.1  11.4   4   4   9.4e-05    0.0098   13.2   0.1   483   516   258   289   252   291 0.88 -
scaffold_7:13281590-13282249  -            220 12743at71240         -            785   9.1e-19   66.3   5.0   1   2   4.3e-10   4.5e-08   30.9   0.4   530   602     1    70     1    75 0.92 -
scaffold_7:13281590-13282249  -            220 12743at71240         -            785   9.1e-19   66.3   5.0   2   2   6.8e-12     7e-10   36.9   0.4    93   214    80   212    72   217 0.78 -
scaffold_8:25889911-25889123  -            263 12743at71240         -            785   1.8e-18   65.3   0.6   1   3       9.4   9.8e+02   -3.3   0.0   419   433     2    16     1    24 0.67 -
scaffold_8:25889911-25889123  -            263 12743at71240         -            785   1.8e-18   65.3   0.6   2   3   7.6e-15   7.9e-13   46.6   0.1   488   603    44   165    32   170 0.89 -
scaffold_8:25889911-25889123  -            263 12743at71240         -            785   1.8e-18   65.3   0.6   3   3   7.3e-06   0.00075   16.9   0.0    58   129   180   261   173   263 0.76 -
scaffold_1:30388103-30383014  -            511 12743at71240         -            785   2.3e-18   65.0   0.2   1   3      0.48        49    1.0   0.0   527   562   152   187   144   191 0.70 -
scaffold_1:30388103-30383014  -            511 12743at71240         -            785   2.3e-18   65.0   0.2   2   3   3.9e-18   4.1e-16   57.5   0.0   433   602   202   369   175   397 0.85 -
scaffold_1:30388103-30383014  -            511 12743at71240         -            785   2.3e-18   65.0   0.2   3   3      0.17        18    2.5   0.0    64   118   426   483   416   488 0.68 -
scaffold_9:9060611-9061603    -            331 12743at71240         -            785   3.8e-18   64.2   8.7   1   5     0.022       2.3    5.4   0.0   497   517    17    37    13    44 0.82 -
scaffold_9:9060611-9061603    -            331 12743at71240         -            785   3.8e-18   64.2   8.7   2   5     0.071       7.3    3.7   0.0    62    88    51    77    41    90 0.82 -
scaffold_9:9060611-9061603    -            331 12743at71240         -            785   3.8e-18   64.2   8.7   3   5   1.8e-12   1.8e-10   38.8   1.1   488   604   120   241   105   242 0.87 -
scaffold_9:9060611-9061603    -            331 12743at71240         -            785   3.8e-18   64.2   8.7   4   5   2.8e-10   2.9e-08   31.5   0.2   417   517   178   279   171   290 0.82 -
scaffold_9:9060611-9061603    -            331 12743at71240         -            785   3.8e-18   64.2   8.7   5   5      0.21        21    2.2   0.0   484   516   290   330   281   331 0.60 -
scaffold_13:1668070-1671840   -            474 12743at71240         -            785   4.3e-18   64.0   2.0   1   3     2e-12   2.1e-10   38.6   0.4    96   212   180   299   174   310 0.91 -
scaffold_13:1668070-1671840   -            474 12743at71240         -            785   4.3e-18   64.0   2.0   2   3   0.00063     0.065   10.5   0.0   124   228   297   401   295   408 0.82 -
scaffold_13:1668070-1671840   -            474 12743at71240         -            785   4.3e-18   64.0   2.0   3   3   4.6e-05    0.0047   14.3   0.0    69   127   412   471   403   473 0.92 -
scaffold_3:3987053-3989579    -            452 12743at71240         -            785   5.4e-18   63.7   5.7   1   2   1.9e-07     2e-05   22.1   0.5   103   179   171   245   157   249 0.89 -
scaffold_3:3987053-3989579    -            452 12743at71240         -            785   5.4e-18   63.7   5.7   2   2   1.6e-16   1.7e-14   52.1   0.6   324   559   206   447   204   452 0.80 -
scaffold_10:7189975-7187202   -            514 12743at71240         -            785   8.7e-18   63.0   2.4   1   3     2e-09   2.1e-07   28.7   0.0    95   179   216   301   209   306 0.94 -
scaffold_10:7189975-7187202   -            514 12743at71240         -            785   8.7e-18   63.0   2.4   2   3   0.00088     0.091   10.0   0.3   112   214   318   419   308   435 0.83 -
scaffold_10:7189975-7187202   -            514 12743at71240         -            785   8.7e-18   63.0   2.4   3   3     4e-07   4.1e-05   21.1   0.0    71   128   448   506   444   511 0.88 -
scaffold_3:15599116-15599997  -            294 12743at71240         -            785   9.2e-18   62.9   7.0   1   3      0.36        37    1.4   0.0    64    87     2    25     1    42 0.84 -
scaffold_3:15599116-15599997  -            294 12743at71240         -            785   9.2e-18   62.9   7.0   2   3   5.4e-08   5.6e-06   24.0   0.4   488   562    68   141    53   153 0.82 -
scaffold_3:15599116-15599997  -            294 12743at71240         -            785   9.2e-18   62.9   7.0   3   3   1.3e-12   1.4e-10   39.2   1.2    60   174   158   284   147   293 0.78 -
scaffold_646:21961-21080      -            294 12743at71240         -            785   9.2e-18   62.9   7.0   1   3      0.36        37    1.4   0.0    64    87     2    25     1    42 0.84 -
scaffold_646:21961-21080      -            294 12743at71240         -            785   9.2e-18   62.9   7.0   2   3   5.4e-08   5.6e-06   24.0   0.4   488   562    68   141    53   153 0.82 -
scaffold_646:21961-21080      -            294 12743at71240         -            785   9.2e-18   62.9   7.0   3   3   1.3e-12   1.4e-10   39.2   1.2    60   174   158   284   147   293 0.78 -
scaffold_18:2467135-2472261   -            518 12743at71240         -            785   6.6e-17   60.1   0.6   1   3     0.003      0.31    8.3   0.2   530   601   157   247   149   248 0.61 -
scaffold_18:2467135-2472261   -            518 12743at71240         -            785   6.6e-17   60.1   0.6   2   3   1.9e-16   1.9e-14   51.9   0.0   431   626   202   401   189   426 0.81 -
scaffold_18:2467135-2472261   -            518 12743at71240         -            785   6.6e-17   60.1   0.6   3   3      0.19        20    2.3   0.0    64   117   433   489   423   500 0.69 -
scaffold_6:25094914-25095564  -            217 12743at71240         -            785   1.3e-16   59.1   0.9   1   3   2.3e-07   2.4e-05   21.9   0.2   493   537     6    50     1    54 0.93 -
scaffold_6:25094914-25095564  -            217 12743at71240         -            785   1.3e-16   59.1   0.9   2   3   7.1e-10   7.3e-08   30.2   0.0   417   517    59   160    52   169 0.83 -
scaffold_6:25094914-25095564  -            217 12743at71240         -            785   1.3e-16   59.1   0.9   3   3     0.035       3.6    4.8   0.0   483   517   170   212   162   216 0.71 -
scaffold_15:877044-882170     -            518 12743at71240         -            785     3e-16   57.9   0.8   1   3      0.18        19    2.4   0.1   529   561   156   188   147   203 0.61 -
scaffold_15:877044-882170     -            518 12743at71240         -            785     3e-16   57.9   0.8   2   3   8.8e-16   9.1e-14   49.7   0.0   431   618   202   393   189   414 0.79 -
scaffold_15:877044-882170     -            518 12743at71240         -            785     3e-16   57.9   0.8   3   3      0.17        18    2.5   0.0    64   117   433   489   417   500 0.70 -
scaffold_9:3715675-3713203    -            281 12743at71240         -            785     9e-16   56.4   8.9   1   2   6.4e-15   6.7e-13   46.9   1.4   484   602    13   130     7   143 0.92 -
scaffold_9:3715675-3713203    -            281 12743at71240         -            785     9e-16   56.4   8.9   2   2   0.00011     0.011   13.0   1.1   327   413   180   272   147   278 0.75 -
scaffold_3:16734011-16726959  -            435 12743at71240         -            785   1.7e-15   55.4   4.0   1   3   0.00036     0.037   11.3   0.0   167   216    26    76    17   101 0.83 -
scaffold_3:16734011-16726959  -            435 12743at71240         -            785   1.7e-15   55.4   4.0   2   3     2e-09     2e-07   28.7   0.2   415   526   118   228   107   236 0.77 -
scaffold_3:16734011-16726959  -            435 12743at71240         -            785   1.7e-15   55.4   4.0   3   3   0.00011     0.011   13.1   0.2    28   127   322   426   309   430 0.63 -
scaffold_10:13490428-13491339 -            304 12743at71240         -            785   2.1e-15   55.1  10.9   1   3     0.028       2.9    5.1   0.0    56    88    21    53     2    69 0.76 -
scaffold_10:13490428-13491339 -            304 12743at71240         -            785   2.1e-15   55.1  10.9   2   3     4e-06   0.00041   17.8   0.8   529   602    94   166    85   170 0.67 -
scaffold_10:13490428-13491339 -            304 12743at71240         -            785   2.1e-15   55.1  10.9   3   3   1.2e-11   1.3e-09   36.0   1.6    59   171   185   304   174   304 0.81 -
scaffold_3:12276866-12276213  -            218 12743at71240         -            785   4.1e-15   54.2   5.1   1   2   1.8e-06   0.00018   18.9   0.1   492   539    10    57     5    59 0.93 -
scaffold_3:12276866-12276213  -            218 12743at71240         -            785   4.1e-15   54.2   5.1   2   2   1.3e-11   1.3e-09   36.0   1.7    69   213    59   217    55   218 0.77 -
scaffold_59:385234-373040     -            469 12743at71240         -            785     5e-15   53.9   0.3   1   3    0.0037      0.38    8.0   0.0   180   216   122   158   115   169 0.76 -
scaffold_59:385234-373040     -            469 12743at71240         -            785     5e-15   53.9   0.3   2   3   8.6e-05    0.0089   13.4   0.0   183   251   183   249   172   264 0.75 -
scaffold_59:385234-373040     -            469 12743at71240         -            785     5e-15   53.9   0.3   3   3     2e-09   2.1e-07   28.7   0.1   492   567   309   386   286   433 0.81 -
scaffold_15:254864-242790     -            469 12743at71240         -            785     6e-15   53.6   0.3   1   3    0.0037      0.38    8.0   0.0   180   216   122   158   115   168 0.74 -
scaffold_15:254864-242790     -            469 12743at71240         -            785     6e-15   53.6   0.3   2   3   8.8e-05    0.0091   13.4   0.0   183   251   183   249   173   264 0.75 -
scaffold_15:254864-242790     -            469 12743at71240         -            785     6e-15   53.6   0.3   3   3   2.7e-09   2.8e-07   28.3   0.2   493   567   310   386   294   430 0.79 -
scaffold_2:6151956-6161010    -            469 12743at71240         -            785   9.2e-15   53.0   0.2   1   2     3e-14   3.1e-12   44.7   0.1    97   249   158   315   151   352 0.80 -
scaffold_2:6151956-6161010    -            469 12743at71240         -            785   9.2e-15   53.0   0.2   2   2    0.0099         1    6.6   0.0    69   128   405   466   345   468 0.79 -
scaffold_3:1358449-1362829    -            548 12743at71240         -            785   1.8e-14   52.0   0.1   1   2   6.2e-16   6.4e-14   50.2   0.2    71   212    26   183     9   190 0.81 -
scaffold_3:1358449-1362829    -            548 12743at71240         -            785   1.8e-14   52.0   0.1   2   2         4   4.1e+02   -2.1   0.0    82   121   317   357   289   366 0.62 -
scaffold_2:18143403-18131086  -            745 12743at71240         -            785   1.9e-14   52.0   6.6   1   3   2.2e-08   2.3e-06   25.3   0.1   481   602    10   139     3   145 0.80 -
scaffold_2:18143403-18131086  -            745 12743at71240         -            785   1.9e-14   52.0   6.6   2   3   4.1e-12   4.2e-10   37.6   2.2    42   206    94   250    92   256 0.86 -
scaffold_2:18143403-18131086  -            745 12743at71240         -            785   1.9e-14   52.0   6.6   3   3     0.097        10    3.3   0.1   501   558   240   293   232   301 0.71 -
scaffold_8:9674482-9674832    -            117 12743at71240         -            785   3.9e-14   50.9   0.1   1   2   1.4e-09   1.5e-07   29.2   0.0   450   516     6    73     2    77 0.94 -
scaffold_8:9674482-9674832    -            117 12743at71240         -            785   3.9e-14   50.9   0.1   2   2   1.7e-07   1.8e-05   22.3   0.1   469   518    68   117    67   117 0.83 -
scaffold_2:13999900-14007591  -            459 12743at71240         -            785   5.7e-14   50.4   1.1   1   2   2.8e-13   2.9e-11   41.5   0.4    96   249   144   294   106   367 0.77 -
scaffold_2:13999900-14007591  -            459 12743at71240         -            785   5.7e-14   50.4   1.1   2   2    0.0057      0.59    7.4   0.0    69   128   393   454   355   458 0.72 -
scaffold_1:43226192-43226785  -            198 12743at71240         -            785   6.3e-14   50.2   5.9   1   2   3.3e-12   3.4e-10   37.9   2.6   492   603     5   127     1   130 0.82 -
scaffold_1:43226192-43226785  -            198 12743at71240         -            785   6.3e-14   50.2   5.9   2   2   0.00015     0.015   12.6   0.1    58   106   140   191   130   198 0.64 -
scaffold_2:17927380-17926673  -            236 12743at71240         -            785   1.1e-13   49.4   6.1   1   2   1.5e-09   1.6e-07   29.1   1.8   490   602    29   146    13   146 0.85 -
scaffold_2:17927380-17926673  -            236 12743at71240         -            785   1.1e-13   49.4   6.1   2   2   5.6e-10   5.8e-08   30.5   1.4    37   145    89   206    84   221 0.65 -
scaffold_1:31461971-31455951  -            937 12743at71240         -            785   3.3e-13   47.9   0.1   1   2   1.6e-09   1.6e-07   29.1   0.0    61   171    66   176    22   189 0.82 -
scaffold_1:31461971-31455951  -            937 12743at71240         -            785   3.3e-13   47.9   0.1   2   2   1.6e-05    0.0017   15.8   0.0   452   520   201   270   194   292 0.64 -
scaffold_1:24065351-24064614  -            246 12743at71240         -            785   5.4e-13   47.2   9.6   1   3     0.097        10    3.3   0.0    58    87    14    43     3    52 0.81 -
scaffold_1:24065351-24064614  -            246 12743at71240         -            785   5.4e-13   47.2   9.6   2   3   1.3e-10   1.4e-08   32.6   2.5   500   610    96   215    86   216 0.74 -
scaffold_1:24065351-24064614  -            246 12743at71240         -            785   5.4e-13   47.2   9.6   3   3   5.8e-05     0.006   14.0   0.1   481   516   213   246   209   246 0.91 -
scaffold_1:17463008-17466399  -            701 12743at71240         -            785   6.1e-13   47.0   0.0   1   2    0.0043      0.44    7.8   0.0    93   132   197   236   192   279 0.85 -
scaffold_1:17463008-17466399  -            701 12743at71240         -            785   6.1e-13   47.0   0.0   2   2   6.2e-12   6.4e-10   37.0   0.0    73   204   351   495   344   541 0.78 -
scaffold_3:14298985-14299500  -            172 12743at71240         -            785     7e-13   46.8   1.2   1   1   1.1e-14   1.1e-12   46.2   1.2   114   214     7   107     2   128 0.86 -
scaffold_8:26144188-26143529  -            220 12743at71240         -            785   1.8e-12   45.4   1.8   1   2     3e-07   3.1e-05   21.5   0.1    95   196     8   111     5   121 0.83 -
scaffold_8:26144188-26143529  -            220 12743at71240         -            785   1.8e-12   45.4   1.8   2   2   2.9e-08     3e-06   24.9   0.4    72   171   114   217   110   220 0.75 -
scaffold_8:1513000-1513385    -            104 12743at71240         -            785     1e-11   43.0   0.4   1   1   1.1e-13   1.2e-11   42.8   0.4    69   143     8    82     4    94 0.91 -
scaffold_11:15302163-15301772 -            105 12743at71240         -            785   1.1e-11   42.8   0.5   1   1   1.2e-13   1.2e-11   42.7   0.5    69   145     8    84     4   103 0.90 -
scaffold_10:5171503-5172159   -            219 12743at71240         -            785   1.3e-11   42.6   0.1   1   3   6.5e-05    0.0067   13.8   0.0   485   516     3    34     1    42 0.89 -
scaffold_10:5171503-5172159   -            219 12743at71240         -            785   1.3e-11   42.6   0.1   2   3   6.4e-05    0.0066   13.8   0.0   137   204    59   126    51   134 0.87 -
scaffold_10:5171503-5172159   -            219 12743at71240         -            785   1.3e-11   42.6   0.1   3   3   0.00029      0.03   11.6   0.0   140   189   154   203   147   215 0.86 -
scaffold_5:10557030-10552312  -            293 12743at71240         -            785   1.6e-11   42.3   0.9   1   3   1.3e-12   1.3e-10   39.3   0.6    96   217    15   140     8   175 0.85 -
scaffold_5:10557030-10552312  -            293 12743at71240         -            785   1.6e-11   42.3   0.9   2   3      0.92        95    0.1   0.0   564   588   180   204   138   223 0.67 -
scaffold_5:10557030-10552312  -            293 12743at71240         -            785   1.6e-11   42.3   0.9   3   3      0.47        49    1.0   0.0   181   213   186   219   158   271 0.61 -
scaffold_8:11803802-11811089  -            212 12743at71240         -            785   1.8e-11   42.1   5.5   1   2     4e-05    0.0042   14.5   0.1    61   144     7    88     2    93 0.81 -
scaffold_8:11803802-11811089  -            212 12743at71240         -            785   1.8e-11   42.1   5.5   2   2   1.2e-09   1.3e-07   29.4   2.0   484   602    93   206    89   211 0.83 -
scaffold_1:20070477-20071268  -            264 12743at71240         -            785   2.5e-11   41.6   0.7   1   2   1.7e-10   1.7e-08   32.3   0.1    72   174     5   109     1   120 0.74 -
scaffold_1:20070477-20071268  -            264 12743at71240         -            785   2.5e-11   41.6   0.7   2   2   2.3e-05    0.0024   15.3   0.5   113   193    90   171    86   211 0.62 -
scaffold_5:12040144-12037160  -            236 12743at71240         -            785   4.8e-11   40.7   0.4   1   2   1.2e-09   1.2e-07   29.4   0.1   106   187     2    85     1    99 0.85 -
scaffold_5:12040144-12037160  -            236 12743at71240         -            785   4.8e-11   40.7   0.4   2   2    0.0022      0.23    8.7   0.0    70   127   173   232   162   235 0.74 -
scaffold_3:8977187-8976264    -            308 12743at71240         -            785   1.4e-10   39.2  12.9   1   4      0.21        21    2.2   0.1   114   172     3    59     1    66 0.74 -
scaffold_3:8977187-8976264    -            308 12743at71240         -            785   1.4e-10   39.2  12.9   2   4   1.7e-08   1.7e-06   25.7   3.2   488   601   102   216    83   222 0.81 -
scaffold_3:8977187-8976264    -            308 12743at71240         -            785   1.4e-10   39.2  12.9   3   4   0.00017     0.018   12.4   0.1   478   517   223   260   218   271 0.82 -
scaffold_3:8977187-8976264    -            308 12743at71240         -            785   1.4e-10   39.2  12.9   4   4     0.094       9.8    3.3   0.0   485   516   273   308   268   308 0.77 -
scaffold_7:27377470-27377222  -             83 12743at71240         -            785   1.9e-10   38.7   0.6   1   1     2e-12   2.1e-10   38.6   0.6   134   210     6    82     3    83 0.96 -
scaffold_4:2601630-2600986    -            215 12743at71240         -            785   2.5e-10   38.4   0.3   1   2   1.1e-11   1.2e-09   36.2   0.3   467   604     4   148     1   153 0.85 -
scaffold_4:2601630-2600986    -            215 12743at71240         -            785   2.5e-10   38.4   0.3   2   2         1   1.1e+02   -0.1   0.0   484   518   157   200   151   209 0.61 -
scaffold_1:27517161-27517535  -            125 12743at71240         -            785   2.8e-10   38.2   0.1   1   1   3.3e-12   3.4e-10   37.9   0.1   492   602     1   113     1   123 0.89 -
scaffold_7:260325-283772      -           2461 12743at71240         -            785   1.3e-09   36.0   0.6   1   3   8.4e-10   8.7e-08   29.9   0.1   137   212   872   947   864   952 0.91 -
scaffold_7:260325-283772      -           2461 12743at71240         -            785   1.3e-09   36.0   0.6   2   3      0.33        34    1.5   0.0   576   602  1003  1029   995  1084 0.62 -
scaffold_7:260325-283772      -           2461 12743at71240         -            785   1.3e-09   36.0   0.6   3   3      0.76        78    0.3   0.0   450   489  1118  1157  1109  1190 0.88 -
scaffold_10:767516-767007     -            170 12743at71240         -            785   1.9e-09   35.5   0.9   1   3   0.00017     0.018   12.4   0.1    97   155     2    66     1    73 0.74 -
scaffold_10:767516-767007     -            170 12743at71240         -            785   1.9e-09   35.5   0.9   2   3   7.4e-06   0.00076   16.9   0.1   324   376    49   105    39   114 0.75 -
scaffold_10:767516-767007     -            170 12743at71240         -            785   1.9e-09   35.5   0.9   3   3     0.032       3.3    4.9   0.0   482   517   134   169   119   170 0.67 -
scaffold_5:13381244-13380780  -            155 12743at71240         -            785   1.9e-09   35.5   0.0   1   2   5.5e-10   5.7e-08   30.6   0.2   138   205     6    72     3    84 0.91 -
scaffold_5:13381244-13380780  -            155 12743at71240         -            785   1.9e-09   35.5   0.0   2   2      0.12        13    2.9   0.0   161   181    97   117    85   132 0.84 -
scaffold_4:15842987-15842490  -            166 12743at71240         -            785   2.4e-09   35.1   0.0   1   2   6.4e-10   6.7e-08   30.3   0.2   138   205     6    72     3    84 0.91 -
scaffold_4:15842987-15842490  -            166 12743at71240         -            785   2.4e-09   35.1   0.0   2   2      0.14        14    2.8   0.0   161   181    97   117    85   133 0.84 -
scaffold_1:6697391-6734547    -            845 12743at71240         -            785   2.6e-09   35.0   2.8   1   2     3e-11   3.1e-09   34.7   0.5    58   131   569   644   533   708 0.75 -
scaffold_1:6697391-6734547    -            845 12743at71240         -            785   2.6e-09   35.0   2.8   2   2       1.3   1.4e+02   -0.5   0.1   328   390   781   844   773   845 0.83 -
scaffold_6:15386646-15382654  -            438 12743at71240         -            785   1.6e-08   32.4   2.2   1   3   0.00094     0.097    9.9   0.2    94   178   135   222   128   228 0.79 -
scaffold_6:15386646-15382654  -            438 12743at71240         -            785   1.6e-08   32.4   2.2   2   3    0.0012      0.13    9.6   0.0    68   131   238   308   216   314 0.75 -
scaffold_6:15386646-15382654  -            438 12743at71240         -            785   1.6e-08   32.4   2.2   3   3   0.00042     0.044   11.1   0.0   474   539   353   417   335   426 0.87 -
scaffold_7:18460526-18462320  -            325 12743at71240         -            785   2.6e-08   31.7   0.0   1   2   1.4e-05    0.0014   16.0   0.0    69   208    41   143    26   152 0.54 -
scaffold_7:18460526-18462320  -            325 12743at71240         -            785   2.6e-08   31.7   0.0   2   2   0.00014     0.015   12.6   0.1    23   129   165   280   153   286 0.77 -
scaffold_59:407804-406715     -             91 12743at71240         -            785   2.6e-08   31.7   0.0   1   1   2.6e-10   2.6e-08   31.7   0.0   497   565     5    75     1    90 0.83 -
scaffold_1:8929384-8929866    -            161 12743at71240         -            785   5.3e-08   30.7   0.1   1   1   6.3e-10   6.5e-08   30.4   0.1    74   185     6   125     2   159 0.77 -
scaffold_8:8611836-8612741    -            302 12743at71240         -            785   8.8e-08   29.9   8.2   1   4     1e-06   0.00011   19.7   0.1    62   128    13    86     2    93 0.73 -
scaffold_8:8611836-8612741    -            302 12743at71240         -            785   8.8e-08   29.9   8.2   2   4       0.9        93    0.1   0.0    96   128    99   133    87   161 0.74 -
scaffold_8:8611836-8612741    -            302 12743at71240         -            785   8.8e-08   29.9   8.2   3   4      0.14        14    2.8   0.0   504   541   179   220   174   224 0.85 -
scaffold_8:8611836-8612741    -            302 12743at71240         -            785   8.8e-08   29.9   8.2   4   4    0.0025      0.26    8.5   1.4    69   128   225   287   186   295 0.77 -
scaffold_2:32882184-32881810  -            125 12743at71240         -            785   1.4e-07   29.3   0.4   1   2    0.0026      0.27    8.5   0.0   139   170     1    32     1    39 0.74 -
scaffold_2:32882184-32881810  -            125 12743at71240         -            785   1.4e-07   29.3   0.4   2   2   1.6e-06   0.00017   19.1   0.1   347   376    75   104    42   116 0.71 -
scaffold_4:15843959-15843795  -             55 12743at71240         -            785   6.7e-07   27.0   0.6   1   1   6.9e-09   7.1e-07   26.9   0.6   157   210     1    54     1    55 0.96 -
scaffold_5:13381965-13381801  -             55 12743at71240         -            785   6.7e-07   27.0   0.6   1   1   6.9e-09   7.1e-07   26.9   0.6   157   210     1    54     1    55 0.96 -
scaffold_2:31248108-31247701  -            136 12743at71240         -            785     1e-06   26.4   0.0   1   1   4.7e-07   4.9e-05   20.9   0.0   534   596     1    64     1    72 0.90 -
scaffold_4:5706352-5706648    -             99 12743at71240         -            785   1.7e-06   25.6   0.6   1   1    0.0002     0.021   12.1   0.1   346   368    75    97    48    99 0.69 -
scaffold_16:2159468-2153630   -            432 12743at71240         -            785   1.8e-06   25.6   1.7   1   3      0.41        42    1.2   0.0    95   117    85   107    79   113 0.57 -
scaffold_16:2159468-2153630   -            432 12743at71240         -            785   1.8e-06   25.6   1.7   2   3   4.3e-07   4.5e-05   21.0   0.4    69   174   213   326   199   330 0.58 -
scaffold_16:2159468-2153630   -            432 12743at71240         -            785   1.8e-06   25.6   1.7   3   3       1.7   1.8e+02   -0.8   0.0   377   416   360   400   356   410 0.84 -
scaffold_2:33714831-33715805  -            325 12743at71240         -            785   3.4e-06   24.7   0.1   1   2    0.0026      0.27    8.5   0.0    69   128   123   181    64   192 0.63 -
scaffold_2:33714831-33715805  -            325 12743at71240         -            785   3.4e-06   24.7   0.1   2   2   4.3e-05    0.0045   14.4   0.0    72   135   214   279   199   286 0.88 -
scaffold_3:18999368-19010699  -            758 12743at71240         -            785   3.8e-06   24.5   1.3   1   2   1.4e-05    0.0014   16.0   0.1   323   378    45   104    33   128 0.54 -
scaffold_3:18999368-19010699  -            758 12743at71240         -            785   3.8e-06   24.5   1.3   2   2    0.0083      0.86    6.8   0.1    67   127   635   695   611   701 0.86 -
scaffold_1:1045198-1036776    -            549 12743at71240         -            785   4.2e-06   24.4   0.6   1   2       0.1        11    3.2   0.0    64    97     8    41     4    54 0.83 -
scaffold_1:1045198-1036776    -            549 12743at71240         -            785   4.2e-06   24.4   0.6   2   2   1.7e-06   0.00018   19.0   0.3   449   519   156   225    80   236 0.75 -
scaffold_6:11383122-11375382  -            783 12743at71240         -            785   4.3e-06   24.4   3.5   1   4     0.097        10    3.3   0.2    51   127    59   142    11   143 0.62 -
scaffold_6:11383122-11375382  -            783 12743at71240         -            785   4.3e-06   24.4   3.5   2   4   0.00075     0.077   10.3   0.1    65   171   122   253   101   260 0.65 -
scaffold_6:11383122-11375382  -            783 12743at71240         -            785   4.3e-06   24.4   3.5   3   4      0.38        39    1.3   0.0    97   167   402   430   366   487 0.70 -
scaffold_6:11383122-11375382  -            783 12743at71240         -            785   4.3e-06   24.4   3.5   4   4    0.0012      0.12    9.6   0.1   137   221   582   675   569   717 0.74 -
scaffold_7:1548800-1541377    -            776 12743at71240         -            785   6.3e-06   23.8   0.8   1   2   1.4e-06   0.00015   19.3   0.1   529   588   400   456   377   463 0.90 -
scaffold_7:1548800-1541377    -            776 12743at71240         -            785   6.3e-06   23.8   0.8   2   2      0.13        13    2.9   0.0   453   570   498   626   477   656 0.63 -
scaffold_1:45747022-45747213  -             64 12743at71240         -            785     8e-06   23.5   0.0   1   1   7.7e-08     8e-06   23.5   0.0    72   118    16    62     1    64 0.56 -
scaffold_13:90865-91041       -             59 12743at71240         -            785   1.1e-05   23.0   0.0   1   1   1.1e-07   1.1e-05   22.9   0.0    73   119    12    58     3    59 0.81 -
scaffold_4:2500094-2500996    -            301 12743at71240         -            785   1.2e-05   22.8  12.9   1   4   0.00024     0.025   11.9   0.2   140   191     9    62     5    67 0.87 -
scaffold_4:2500094-2500996    -            301 12743at71240         -            785   1.2e-05   22.8  12.9   2   4     0.017       1.7    5.8   0.1    70   126    69   130    62   138 0.70 -
scaffold_4:2500094-2500996    -            301 12743at71240         -            785   1.2e-05   22.8  12.9   3   4     0.064       6.6    3.9   0.1   504   541   178   219   173   223 0.87 -
scaffold_4:2500094-2500996    -            301 12743at71240         -            785   1.2e-05   22.8  12.9   4   4    0.0046      0.48    7.7   0.7    70   128   225   286   220   297 0.84 -
scaffold_2:36510769-36509867  -            301 12743at71240         -            785   1.5e-05   22.5  15.4   1   4   0.00083     0.086   10.1   0.5   140   191     9    62     5    67 0.84 -
scaffold_2:36510769-36509867  -            301 12743at71240         -            785   1.5e-05   22.5  15.4   2   4     0.028       2.9    5.1   0.1    71   128    70   132    65   145 0.80 -
scaffold_2:36510769-36509867  -            301 12743at71240         -            785   1.5e-05   22.5  15.4   3   4    0.0084      0.87    6.8   0.1   504   541   178   219   172   223 0.88 -
scaffold_2:36510769-36509867  -            301 12743at71240         -            785   1.5e-05   22.5  15.4   4   4    0.0017      0.17    9.1   0.7    70   131   225   289   221   296 0.84 -
scaffold_4:4913363-4912404    -            320 12743at71240         -            785   3.1e-05   21.5   0.2   1   2    0.0031      0.32    8.2   0.1   155   213   125   182    77   200 0.64 -
scaffold_4:4913363-4912404    -            320 12743at71240         -            785   3.1e-05   21.5   0.2   2   2   0.00034     0.035   11.4   0.0    73   135   215   279   208   281 0.87 -
scaffold_4:12181542-12177435  -            234 12743at71240         -            785   3.1e-05   21.5   0.5   1   2     0.038       3.9    4.6   0.1    99   152    13    63     3    74 0.80 -
scaffold_4:12181542-12177435  -            234 12743at71240         -            785   3.1e-05   21.5   0.5   2   2   5.1e-05    0.0053   14.1   0.0    66   122   147   203   127   219 0.63 -
scaffold_2:25341686-25342069  -            128 12743at71240         -            785   5.3e-05   20.7   0.2   1   2   8.5e-06   0.00088   16.7   0.0   117   179     2    65     1    72 0.77 -
scaffold_2:25341686-25342069  -            128 12743at71240         -            785   5.3e-05   20.7   0.2   2   2      0.22        23    2.1   0.0    62    87    77   104    66   110 0.74 -
scaffold_10:1077931-1078962   -            344 12743at71240         -            785     7e-05   20.3   0.7   1   2   0.00013     0.014   12.7   0.2    71   128   150   206    99   210 0.76 -
scaffold_10:1077931-1078962   -            344 12743at71240         -            785     7e-05   20.3   0.7   2   2     7e-05    0.0072   13.7   0.0    42   173   162   300   160   307 0.70 -
scaffold_1:3665911-3583025    -           1204 12743at71240         -            785   0.00032   18.2   0.0   1   2   1.6e-05    0.0017   15.8   0.0   455   502    69   116    62   120 0.93 -
scaffold_1:3665911-3583025    -           1204 12743at71240         -            785   0.00032   18.2   0.0   2   2       1.4   1.4e+02   -0.5   0.0   547   617   646   716   632   737 0.78 -
scaffold_41:1042065-949388    -           1204 12743at71240         -            785   0.00038   17.9   0.0   1   2   1.6e-05    0.0017   15.8   0.0   455   502    69   116    62   120 0.93 -
scaffold_41:1042065-949388    -           1204 12743at71240         -            785   0.00038   17.9   0.0   2   2       1.8   1.9e+02   -0.9   0.0   547   616   646   715   635   735 0.77 -
scaffold_8:1613360-1607134    -            623 12743at71240         -            785   0.00063   17.2   1.1   1   2   0.00092     0.095   10.0   0.5   483   602    54   132    42   142 0.39 -
scaffold_8:1613360-1607134    -            623 12743at71240         -            785   0.00063   17.2   1.1   2   2     0.023       2.4    5.4   0.0   432   486   234   287   165   304 0.84 -
scaffold_8:16822001-16810708  -            442 12743at71240         -            785    0.0008   16.8   0.1   1   1   1.9e-05     0.002   15.5   0.1    22   116   195   293   181   328 0.76 -
scaffold_1:21569984-21579907  -           1357 12743at71240         -            785    0.0011   16.4  11.0   1   4     0.058         6    4.0   0.0    72   134   137   203   109   208 0.79 -
scaffold_1:21569984-21579907  -           1357 12743at71240         -            785    0.0011   16.4  11.0   2   4   7.6e-05    0.0079   13.6   0.7   479   598   232   363   208   368 0.77 -
scaffold_1:21569984-21579907  -           1357 12743at71240         -            785    0.0011   16.4  11.0   3   4      0.25        26    1.9   0.0   488   520   570   600   559   716 0.84 -
scaffold_1:21569984-21579907  -           1357 12743at71240         -            785    0.0011   16.4  11.0   4   4       3.4   3.5e+02   -1.8   0.1   529   565  1282  1316  1274  1322 0.73 -
scaffold_2:23882489-23881536  -            318 12743at71240         -            785    0.0055   14.1   1.2   1   3    0.0013      0.14    9.5   0.2    79   134     1    58     1    67 0.85 -
scaffold_2:23882489-23881536  -            318 12743at71240         -            785    0.0055   14.1   1.2   2   3      0.39        40    1.3   0.0   576   600   174   198   166   201 0.74 -
scaffold_2:23882489-23881536  -            318 12743at71240         -            785    0.0055   14.1   1.2   3   3       3.9   4.1e+02   -2.0   0.0   498   516   256   277   253   299 0.65 -
scaffold_1:375726-396084      -           1688 12743at71240         -            785    0.0062   13.9   1.2   1   3      0.16        17    2.5   0.1    54    89   271   306   257   314 0.80 -
scaffold_1:375726-396084      -           1688 12743at71240         -            785    0.0062   13.9   1.2   2   3      0.85        88    0.2   0.0   575   600   338   363   333   379 0.67 -
scaffold_1:375726-396084      -           1688 12743at71240         -            785    0.0062   13.9   1.2   3   3    0.0047      0.48    7.6   0.0    72   130   498   557   478   581 0.70 -
scaffold_7:4970830-4959925    -           1555 12743at71240         -            785    0.0098   13.2   3.2   1   5   0.00051     0.052   10.8   0.0   322   407  1135  1232  1131  1239 0.69 -
scaffold_7:4970830-4959925    -           1555 12743at71240         -            785    0.0098   13.2   3.2   2   5      0.97     1e+02   -0.0   0.0   115   171  1264  1322  1242  1329 0.76 -
scaffold_7:4970830-4959925    -           1555 12743at71240         -            785    0.0098   13.2   3.2   3   5       5.1   5.3e+02   -2.4   0.0   344   364  1363  1383  1346  1389 0.63 -
scaffold_7:4970830-4959925    -           1555 12743at71240         -            785    0.0098   13.2   3.2   4   5       3.3   3.4e+02   -1.8   0.0   588   605  1449  1466  1445  1471 0.80 -
scaffold_7:4970830-4959925    -           1555 12743at71240         -            785    0.0098   13.2   3.2   5   5       3.7   3.9e+02   -2.0   0.0   141   169  1525  1554  1522  1555 0.78 -
scaffold_9:18314254-18327296  -           1971 12743at71240         -            785     0.021   12.2   0.1   1   1   0.00041     0.042   11.1   0.1   462   529   504   573   471   593 0.74 -
scaffold_11:16631915-16632907 -            331 12743at71240         -            785     0.023   12.0   0.1   1   2   0.00055     0.057   10.7   0.0    71   129   134   191    83   213 0.73 -
scaffold_11:16631915-16632907 -            331 12743at71240         -            785     0.023   12.0   0.1   2   2       3.1   3.2e+02   -1.7   0.0    95   128   247   281   220   286 0.57 -
scaffold_9:4768106-4777901    -           1673 12743at71240         -            785     0.035   11.4   1.5   1   2       3.1   3.2e+02   -1.7   0.0    79    99  1352  1372  1313  1407 0.47 -
scaffold_9:4768106-4777901    -           1673 12743at71240         -            785     0.035   11.4   1.5   2   2   0.00059     0.061   10.6   0.3    67   164  1516  1612  1462  1629 0.80 -
scaffold_10:1141087-1146650   -            827 12743at71240         -            785     0.068   10.5   2.7   1   2       1.8   1.9e+02   -0.9   0.0    70    86   299   315   284   323 0.67 -
scaffold_10:1141087-1146650   -            827 12743at71240         -            785     0.068   10.5   2.7   2   2    0.0011      0.11    9.7   0.4    55   131   343   424   321   429 0.78 -
#
# Program:         hmmsearch
# Version:         3.3.2 (Nov 2020)
# Pipeline mode:   SEARCH
# Query file:      /scratch/srb67793/Pelargonium/scripts/busco_downloads/lineages/eudicots_odb10/hmms/12743at71240.hmm
# Target file:     /scratch/srb67793/Pelargonium/scripts/scratch/srb67793/Pelargonium/Results2/HiFiASM_OmniC/P_citronellum-hap1-scaffolds-busco/run_eudicots_odb10/metaeuk_output/initial_results/P_citronellum-hap1_scaffolds_final.fa.modified.fas
# Option settings: hmmsearch --domtblout /scratch/srb67793/Pelargonium/scripts/scratch/srb67793/Pelargonium/Results2/HiFiASM_OmniC/P_citronellum-hap1-scaffolds-busco/run_eudicots_odb10/hmmer_output/initial_run_results/12743at71240.out --cpu 1 /scratch/srb67793/Pelargonium/scripts/busco_downloads/lineages/eudicots_odb10/hmms/12743at71240.hmm /scratch/srb67793/Pelargonium/scripts/scratch/srb67793/Pelargonium/Results2/HiFiASM_OmniC/P_citronellum-hap1-scaffolds-busco/run_eudicots_odb10/metaeuk_output/initial_results/P_citronellum-hap1_scaffolds_final.fa.modified.fas 
# Current dir:     /scratch/srb67793/Pelargonium/scripts
# Date:            Fri Jul 19 10:32:14 2024
# [ok]
