#                                                                                     --- full sequence --- -------------- this domain -------------   hmm coord   ali coord   env coord
# target name                 accession   tlen query name           accession   qlen   E-value  score  bias   #  of  c-Evalue  i-Evalue  score  bias  from    to  from    to  from    to  acc description of target
#         ------------------- ---------- ----- -------------------- ---------- ----- --------- ------ ----- --- --- --------- --------- ------ ----- ----- ----- ----- ----- ----- ----- ---- ---------------------
scaffold_2:12716944-12726960  -           1514 1308at71240          -           1218         0 2443.4  25.4   1   3   8.1e-76   7.3e-73  244.7   7.4     1   178     1   241     1   252 0.87 -
scaffold_2:12716944-12726960  -           1514 1308at71240          -           1218         0 2443.4  25.4   2   3  4.1e-298  3.7e-295  981.0   4.6   177   663   263   787   259   838 0.94 -
scaffold_2:12716944-12726960  -           1514 1308at71240          -           1218         0 2443.4  25.4   3   3         0         0 1219.4   0.2   675  1218   851  1402   845  1402 0.99 -
scaffold_10:18864420-18865958 -            513 1308at71240          -           1218   1.6e-22   78.0   0.2   1   3    0.0017       1.5    5.1   0.0   720   740     2    22     1    29 0.89 -
scaffold_10:18864420-18865958 -            513 1308at71240          -           1218   1.6e-22   78.0   0.2   2   3      0.15   1.4e+02   -1.3   0.0   737   769    70   102    54   145 0.85 -
scaffold_10:18864420-18865958 -            513 1308at71240          -           1218   1.6e-22   78.0   0.2   3   3   4.9e-23   4.4e-20   69.9   0.0   916  1182   250   512   228   513 0.79 -
scaffold_3:20838312-20839094  -            261 1308at71240          -           1218   4.7e-19   66.5   0.0   1   1   5.7e-22   5.1e-19   66.3   0.0   927  1182     7   260     1   261 0.78 -
scaffold_4:6648103-6656269    -            647 1308at71240          -           1218   6.1e-19   66.1   0.0   1   2     3e-05     0.027   10.9   0.0   705   782   200   273   177   318 0.74 -
scaffold_4:6648103-6656269    -            647 1308at71240          -           1218   6.1e-19   66.1   0.0   2   2   5.7e-18   5.1e-15   53.1   0.0   915  1189   346   614   321   628 0.77 -
scaffold_2:38791695-38779831  -           2446 1308at71240          -           1218   1.6e-16   58.1   0.0   1   1   3.1e-19   2.8e-16   57.2   0.0   950  1190  1905  2155  1870  2171 0.77 -
scaffold_1:40505274-40511335  -            849 1308at71240          -           1218   5.9e-15   52.9   0.0   1   2     0.008       7.2    2.9   0.0   718   766   397   443   375   453 0.76 -
scaffold_1:40505274-40511335  -            849 1308at71240          -           1218   5.9e-15   52.9   0.0   2   2   1.3e-15   1.2e-12   45.3   0.0   944  1194   554   810   530   825 0.77 -
scaffold_1:40570920-40569466  -            485 1308at71240          -           1218   1.4e-08   31.7   0.1   1   2   3.5e-07   0.00032   17.3   0.0   718   770   102   154    76   164 0.83 -
scaffold_1:40570920-40569466  -            485 1308at71240          -           1218   1.4e-08   31.7   0.1   2   2   1.4e-05     0.012   12.1   0.0  1064  1183   351   473   200   483 0.66 -
scaffold_11:16339966-16340217 -             84 1308at71240          -           1218     7e-08   29.4   0.0   1   1   8.1e-11   7.3e-08   29.4   0.0  1108  1184     2    81     1    84 0.92 -
scaffold_6:8177041-8177310    -             90 1308at71240          -           1218   1.2e-07   28.7   0.1   1   1   1.4e-10   1.2e-07   28.6   0.1  1108  1191     2    86     1    90 0.85 -
scaffold_11:16346882-16346214 -            223 1308at71240          -           1218   2.3e-07   27.7   0.1   1   2    0.0048       4.3    3.6   0.0  1003  1047     7    53     3    77 0.80 -
scaffold_11:16346882-16346214 -            223 1308at71240          -           1218   2.3e-07   27.7   0.1   2   2   1.1e-08   9.6e-06   22.4   0.0  1105  1182   141   223   128   223 0.87 -
scaffold_11:17016016-17015780 -             79 1308at71240          -           1218     5e-05   20.0   0.0   1   1   5.6e-08     5e-05   20.0   0.0  1110  1182     4    79     1    79 0.87 -
#
# Program:         hmmsearch
# Version:         3.3.2 (Nov 2020)
# Pipeline mode:   SEARCH
# Query file:      /scratch/srb67793/Pelargonium/scripts/busco_downloads/lineages/eudicots_odb10/hmms/1308at71240.hmm
# Target file:     /scratch/srb67793/Pelargonium/scripts/scratch/srb67793/Pelargonium/Results2/HiFiASM_OmniC/P_citronellum-hap1-scaffolds-busco/run_eudicots_odb10/metaeuk_output/initial_results/P_citronellum-hap1_scaffolds_final.fa.modified.fas
# Option settings: hmmsearch --domtblout /scratch/srb67793/Pelargonium/scripts/scratch/srb67793/Pelargonium/Results2/HiFiASM_OmniC/P_citronellum-hap1-scaffolds-busco/run_eudicots_odb10/hmmer_output/initial_run_results/1308at71240.out --cpu 1 /scratch/srb67793/Pelargonium/scripts/busco_downloads/lineages/eudicots_odb10/hmms/1308at71240.hmm /scratch/srb67793/Pelargonium/scripts/scratch/srb67793/Pelargonium/Results2/HiFiASM_OmniC/P_citronellum-hap1-scaffolds-busco/run_eudicots_odb10/metaeuk_output/initial_results/P_citronellum-hap1_scaffolds_final.fa.modified.fas 
# Current dir:     /scratch/srb67793/Pelargonium/scripts
# Date:            Fri Jul 19 10:32:06 2024
# [ok]
