#                                                                                    --- full sequence --- -------------- this domain -------------   hmm coord   ali coord   env coord
# target name                accession   tlen query name           accession   qlen   E-value  score  bias   #  of  c-Evalue  i-Evalue  score  bias  from    to  from    to  from    to  acc description of target
#        ------------------- ---------- ----- -------------------- ---------- ----- --------- ------ ----- --- --- --------- --------- ------ ----- ----- ----- ----- ----- ----- ----- ---- ---------------------
scaffold_9:16855729-16856463 -            245 134001at71240        -            218     2e-89  298.1   0.0   1   1   9.8e-92   4.6e-89  296.9   0.0     1   217     3   235     3   236 0.81 -
scaffold_4:19399797-19400423 -            209 134001at71240        -            218   3.4e-54  182.9   0.4   1   1   2.2e-56     1e-53  181.3   0.4     2   165     7   182     6   208 0.79 -
scaffold_5:18421463-18422155 -            231 134001at71240        -            218   4.1e-50  169.6   0.8   1   1   2.5e-52   1.2e-49  168.0   0.8     2   169     7   189     6   231 0.77 -
scaffold_9:13676353-13675988 -            122 134001at71240        -            218   5.2e-38  130.0   0.0   1   1   1.5e-40   6.9e-38  129.6   0.0     3   114     2   120     1   122 0.88 -
scaffold_12:4039136-4039519  -            128 134001at71240        -            218   1.5e-25   89.2   0.0   1   1   4.6e-28   2.2e-25   88.7   0.0     4   121     1   128     1   128 0.88 -
scaffold_10:7874493-7874098  -            132 134001at71240        -            218   1.2e-15   56.9   0.0   1   1   2.8e-18   1.3e-15   56.7   0.0     4   127     1   130     1   132 0.88 -
scaffold_10:7874511-7862929  -            594 134001at71240        -            218   1.2e-14   53.6   0.0   1   1     4e-17   1.9e-14   53.0   0.0     4   130     7   139     5   155 0.88 -
scaffold_2:20733174-20714665 -            594 134001at71240        -            218   1.5e-13   50.0   0.0   1   1   5.7e-16   2.7e-13   49.2   0.0     4   125     2   125     2   134 0.86 -
scaffold_1:11034982-11034515 -            156 134001at71240        -            218     1e-12   47.3   0.0   1   1   2.5e-15   1.2e-12   47.1   0.0     4   134     1   136     1   145 0.82 -
scaffold_10:2010680-2010234  -            149 134001at71240        -            218   2.5e-12   46.0   0.0   1   1     1e-14   4.9e-12   45.1   0.0     3   125     1   146     1   149 0.72 -
scaffold_6:8611676-8612425   -            250 134001at71240        -            218   7.4e-12   44.5   0.0   1   1   1.9e-14     9e-12   44.2   0.0     4   132     2   136     1   147 0.89 -
scaffold_9:5798064-5801328   -            544 134001at71240        -            218   4.2e-10   38.7   0.0   1   1   1.5e-12   7.3e-10   38.0   0.0    18    98   232   314   224   323 0.87 -
scaffold_4:6454536-6452305   -            744 134001at71240        -            218   9.5e-08   31.0   0.1   1   3      0.25   1.2e+02    1.3   0.0    48    94    51    95    47   134 0.80 -
scaffold_4:6454536-6452305   -            744 134001at71240        -            218   9.5e-08   31.0   0.1   2   3    0.0055       2.6    6.7   0.0     6    98   176   263   173   273 0.74 -
scaffold_4:6454536-6452305   -            744 134001at71240        -            218   9.5e-08   31.0   0.1   3   3   1.1e-06   0.00051   18.9   0.0     3    98   337   433   335   442 0.77 -
scaffold_1:17535439-17532479 -            987 134001at71240        -            218   1.4e-07   30.5   0.2   1   4    0.0017       0.8    8.4   0.0    36   132    32   132    24   210 0.56 -
scaffold_1:17535439-17532479 -            987 134001at71240        -            218   1.4e-07   30.5   0.2   2   4     0.074        35    3.0   0.0    39    68   280   307   259   336 0.74 -
scaffold_1:17535439-17532479 -            987 134001at71240        -            218   1.4e-07   30.5   0.2   3   4     0.041        19    3.9   0.0     7    62   411   472   407   483 0.68 -
scaffold_1:17535439-17532479 -            987 134001at71240        -            218   1.4e-07   30.5   0.2   4   4   0.00088      0.42    9.3   0.0     3    97   575   675   573   686 0.67 -
scaffold_9:15976744-15973730 -           1005 134001at71240        -            218   2.1e-07   30.0   0.0   1   4    0.0016      0.74    8.5   0.0    48   169    43   170     2   201 0.67 -
scaffold_9:15976744-15973730 -           1005 134001at71240        -            218   2.1e-07   30.0   0.0   2   4   0.00019     0.089   11.5   0.0    48    97   309   354   306   360 0.81 -
scaffold_9:15976744-15973730 -           1005 134001at71240        -            218   2.1e-07   30.0   0.0   3   4      0.18        86    1.8   0.0    41    64   468   491   433   523 0.74 -
scaffold_9:15976744-15973730 -           1005 134001at71240        -            218   2.1e-07   30.0   0.0   4   4      0.14        66    2.1   0.0     3   125   598   725   596   739 0.60 -
scaffold_6:4728143-4727619   -            175 134001at71240        -            218   1.1e-06   27.6   0.0   1   1   2.7e-09   1.3e-06   27.4   0.0     4    90     7    94     4   139 0.82 -
scaffold_9:23256856-23260104 -           1083 134001at71240        -            218   3.1e-06   26.1   0.0   1   4   0.00046      0.22   10.3   0.0    49    99    64   116    45   119 0.82 -
scaffold_9:23256856-23260104 -           1083 134001at71240        -            218   3.1e-06   26.1   0.0   2   4      0.85     4e+02   -0.4   0.0    48   126   385   468   380   488 0.58 -
scaffold_9:23256856-23260104 -           1083 134001at71240        -            218   3.1e-06   26.1   0.0   3   4    0.0056       2.6    6.7   0.0     6    62   509   563   506   588 0.73 -
scaffold_9:23256856-23260104 -           1083 134001at71240        -            218   3.1e-06   26.1   0.0   4   4       0.1        48    2.6   0.0     3    62   670   729   668   801 0.68 -
scaffold_2:32192964-32190679 -            762 134001at71240        -            218   8.2e-06   24.7   0.1   1   3      0.31   1.5e+02    1.0   0.0    48    97    70   115    68   123 0.74 -
scaffold_2:32192964-32190679 -            762 134001at71240        -            218   8.2e-06   24.7   0.1   2   3   1.9e-05    0.0089   14.8   0.0     4    61   191   246   189   252 0.85 -
scaffold_2:32192964-32190679 -            762 134001at71240        -            218   8.2e-06   24.7   0.1   3   3     0.026        12    4.5   0.0     3    97   352   450   350   492 0.71 -
scaffold_2:32159306-32161537 -            744 134001at71240        -            218   2.3e-05   23.3   0.1   1   3      0.75   3.6e+02   -0.3   0.0    48    92    51    92    49   103 0.62 -
scaffold_2:32159306-32161537 -            744 134001at71240        -            218   2.3e-05   23.3   0.1   2   3    0.0039       1.8    7.2   0.0     4    64   173   231   171   264 0.76 -
scaffold_2:32159306-32161537 -            744 134001at71240        -            218   2.3e-05   23.3   0.1   3   3   0.00016     0.075   11.8   0.0     3    62   336   395   334   440 0.74 -
scaffold_8:16702801-16705023 -            741 134001at71240        -            218   3.4e-05   22.7   0.0   1   3       2.3   1.1e+03   -1.9   0.0    48    58    51    61    50    75 0.81 -
scaffold_8:16702801-16705023 -            741 134001at71240        -            218   3.4e-05   22.7   0.0   2   3   0.00021     0.099   11.4   0.0     5    63   172   228   170   258 0.82 -
scaffold_8:16702801-16705023 -            741 134001at71240        -            218   3.4e-05   22.7   0.0   3   3    0.0024       1.2    7.9   0.0     3    62   331   390   329   439 0.71 -
scaffold_2:32201592-32199252 -            778 134001at71240        -            218   6.1e-05   21.9   0.0   1   3      0.32   1.5e+02    1.0   0.0    48    97    88   133    86   141 0.74 -
scaffold_2:32201592-32199252 -            778 134001at71240        -            218   6.1e-05   21.9   0.0   2   3    0.0002     0.096   11.4   0.0     4    61   209   264   207   270 0.85 -
scaffold_2:32201592-32199252 -            778 134001at71240        -            218   6.1e-05   21.9   0.0   3   3     0.018       8.4    5.1   0.0     3    97   370   468   368   510 0.71 -
#
# Program:         hmmsearch
# Version:         3.3.2 (Nov 2020)
# Pipeline mode:   SEARCH
# Query file:      /scratch/srb67793/Pelargonium/scripts/busco_downloads/lineages/eudicots_odb10/hmms/134001at71240.hmm
# Target file:     /scratch/srb67793/Pelargonium/scripts/scratch/srb67793/Pelargonium/Results2/HiFiASM_OmniC/P_citronellum-hap1-scaffolds-busco/run_eudicots_odb10/metaeuk_output/initial_results/P_citronellum-hap1_scaffolds_final.fa.modified.fas
# Option settings: hmmsearch --domtblout /scratch/srb67793/Pelargonium/scripts/scratch/srb67793/Pelargonium/Results2/HiFiASM_OmniC/P_citronellum-hap1-scaffolds-busco/run_eudicots_odb10/hmmer_output/initial_run_results/134001at71240.out --cpu 1 /scratch/srb67793/Pelargonium/scripts/busco_downloads/lineages/eudicots_odb10/hmms/134001at71240.hmm /scratch/srb67793/Pelargonium/scripts/scratch/srb67793/Pelargonium/Results2/HiFiASM_OmniC/P_citronellum-hap1-scaffolds-busco/run_eudicots_odb10/metaeuk_output/initial_results/P_citronellum-hap1_scaffolds_final.fa.modified.fas 
# Current dir:     /scratch/srb67793/Pelargonium/scripts
# Date:            Fri Jul 19 10:32:17 2024
# [ok]
