#                                                                                     --- full sequence --- -------------- this domain -------------   hmm coord   ali coord   env coord
# target name                 accession   tlen query name           accession   qlen   E-value  score  bias   #  of  c-Evalue  i-Evalue  score  bias  from    to  from    to  from    to  acc description of target
#         ------------------- ---------- ----- -------------------- ---------- ----- --------- ------ ----- --- --- --------- --------- ------ ----- ----- ----- ----- ----- ----- ----- ---- ---------------------
scaffold_2:22543845-22541217  -            180 135656at71240        -            156   1.5e-97  322.9   0.5   1   1   2.2e-99   4.8e-97  321.2   0.5     1   154    19   180    19   180 0.98 -
scaffold_3:10833702-10831309  -            179 135656at71240        -            156   1.7e-96  319.5   0.0   1   1   1.2e-98   2.5e-96  318.9   0.0     1   154    18   179    18   179 0.98 -
scaffold_8:567930-573583      -            149 135656at71240        -            156   2.8e-60  201.8   1.4   1   1   2.9e-62   6.3e-60  200.7   1.4    10   156     1   148     1   148 0.95 -
scaffold_11:16317605-16313852 -            147 135656at71240        -            156   2.3e-59  198.9   1.7   1   1   2.3e-61   5.1e-59  197.7   1.7    10   156     1   147     1   147 0.95 -
scaffold_13:3669136-3667228   -            145 135656at71240        -            156   7.2e-48  161.5   0.5   1   1     5e-50   1.1e-47  160.9   0.5    10   156     1   143     1   143 0.91 -
scaffold_11:12229173-12230786 -            157 135656at71240        -            156   9.2e-46  154.7   0.2   1   1   1.3e-47   2.9e-45  153.1   0.2     8   156     1   157     1   157 0.94 -
scaffold_8:3962039-3960006    -            173 135656at71240        -            156   5.3e-45  152.2   0.3   1   1   7.8e-47   1.7e-44  150.6   0.3     7   156    11   168     6   168 0.93 -
scaffold_3:11965736-12046297  -            163 135656at71240        -            156   2.6e-44  150.0   0.1   1   1   1.8e-46   3.8e-44  149.4   0.1     8   156     1   158     1   158 0.93 -
scaffold_2:21009112-21010772  -            157 135656at71240        -            156     8e-44  148.4   0.1   1   1   4.8e-46     1e-43  148.0   0.1     8   156     1   157     1   157 0.95 -
scaffold_10:4768640-4770576   -            173 135656at71240        -            156   2.1e-43  147.0   0.1   1   1   1.5e-45   3.1e-43  146.4   0.1     8   156     2   155     1   155 0.93 -
scaffold_6:18270238-18265348  -            171 135656at71240        -            156   3.6e-43  146.3   0.4   1   1   2.2e-45   4.8e-43  145.8   0.4     7   156    10   166     4   166 0.91 -
scaffold_1:29798476-29797234  -            131 135656at71240        -            156   5.1e-43  145.8   6.2   1   2   1.6e-34   3.4e-32  110.6   0.3    10    92     1    76     1    79 0.96 -
scaffold_1:29798476-29797234  -            131 135656at71240        -            156   5.1e-43  145.8   6.2   2   2   1.9e-12   4.1e-10   38.9   1.0   109   156    76   131    75   131 0.82 -
scaffold_7:7987909-7989388    -            135 135656at71240        -            156   5.9e-43  145.5   5.5   1   2   2.7e-34   5.8e-32  109.9   0.4    10    91     1    75     1    77 0.96 -
scaffold_7:7987909-7989388    -            135 135656at71240        -            156   5.9e-43  145.5   5.5   2   2   1.4e-12   2.9e-10   39.3   0.6   109   156    76   131    75   131 0.83 -
scaffold_9:12035099-12032510  -            167 135656at71240        -            156   6.8e-43  145.3   0.2   1   1   5.3e-45   1.2e-42  144.6   0.2     7   152    14   166     8   167 0.91 -
scaffold_4:29593094-29590262  -            173 135656at71240        -            156   8.2e-43  145.1   0.3   1   1   5.2e-45   1.1e-42  144.7   0.3     7   156     9   165     3   165 0.91 -
scaffold_6:22326367-22328755  -            172 135656at71240        -            156   8.9e-43  145.0   0.4   1   1   7.2e-45   1.6e-42  144.2   0.4     7   152    19   171    13   172 0.91 -
scaffold_5:3457293-3458940    -            176 135656at71240        -            156   1.1e-42  144.7   0.3   1   1   7.4e-45   1.6e-42  144.1   0.3     7   156    10   166     4   166 0.92 -
scaffold_8:5335849-5334926    -            146 135656at71240        -            156   1.5e-42  144.2   4.0   1   2   1.6e-31   3.5e-29  100.8   0.2     9    93    13    92     2    95 0.91 -
scaffold_8:5335849-5334926    -            146 135656at71240        -            156   1.5e-42  144.2   4.0   2   2   7.5e-15   1.6e-12   46.7   0.6   109   156    91   145    89   145 0.88 -
scaffold_12:9355567-9352964   -            171 135656at71240        -            156   1.6e-42  144.2   1.1   1   1   1.3e-44   2.7e-42  143.4   1.1     7   156    10   166     4   166 0.91 -
scaffold_12:6909482-6914622   -            174 135656at71240        -            156   1.6e-42  144.1   0.2   1   1     1e-44   2.2e-42  143.7   0.2     7   156     9   165     3   165 0.92 -
scaffold_3:5144262-5146216    -            164 135656at71240        -            156     7e-42  142.1   0.8   1   1   5.3e-44   1.1e-41  141.4   0.8     8   156     1   156     1   156 0.92 -
scaffold_9:17943106-17943639  -            153 135656at71240        -            156   1.3e-41  141.2   0.3   1   1   8.6e-44   1.8e-41  140.7   0.3     8   153     1   153     1   153 0.94 -
scaffold_4:6534895-6532726    -            153 135656at71240        -            156   3.6e-40  136.5   0.2   1   1   2.2e-42   4.8e-40  136.1   0.2     8   152     1   152     1   153 0.92 -
scaffold_2:32111116-32113368  -            161 135656at71240        -            156   6.5e-40  135.7   0.3   1   1   4.1e-42   8.9e-40  135.2   0.3     8   153     1   153     1   156 0.92 -
scaffold_7:23182602-23179525  -            172 135656at71240        -            156     2e-38  130.8   0.6   1   1   1.6e-40   3.5e-38  130.0   0.6     7   154    13   166     8   168 0.93 -
scaffold_9:1741652-1749138    -            807 135656at71240        -            156   7.7e-38  128.9   0.0   1   1   9.4e-40     2e-37  127.6   0.0     7   155    13   168     9   169 0.92 -
scaffold_5:23961351-23959037  -            145 135656at71240        -            156   2.5e-34  117.5   0.1   1   1     2e-36   4.3e-34  116.8   0.1    15   154     1   145     1   145 0.92 -
scaffold_7:5608045-5608335    -             97 135656at71240        -            156   5.8e-30  103.3   0.3   1   1     3e-32   6.4e-30  103.2   0.3     8   105     1    97     1    97 0.97 -
scaffold_9:23120794-23122194  -             95 135656at71240        -            156     9e-30  102.7   0.2   1   1   4.5e-32   9.8e-30  102.6   0.2     8   102     1    94     1    95 0.97 -
scaffold_6:17530876-17529022  -            104 135656at71240        -            156   1.2e-28   99.1   0.2   1   1     6e-31   1.3e-28   99.0   0.2     7   103     9   104     3   104 0.95 -
scaffold_10:6640014-6638326   -            118 135656at71240        -            156   5.8e-28   96.9   0.1   1   1   3.9e-30   8.5e-28   96.3   0.1    56   156     1   109     1   109 0.90 -
scaffold_1:38213252-38213602  -            117 135656at71240        -            156   1.9e-27   95.2   0.1   1   1   9.8e-30   2.1e-27   95.0   0.1     7   105    20   117    14   117 0.95 -
scaffold_11:6527637-6527356   -             94 135656at71240        -            156     1e-25   89.6   0.1   1   1   5.1e-28   1.1e-25   89.5   0.1     8   101     1    93     1    94 0.96 -
scaffold_4:11199909-11201806  -            124 135656at71240        -            156   8.5e-18   63.8   0.3   1   2   4.7e-10     1e-07   31.1   0.0    16    67     2    52     1    57 0.90 -
scaffold_4:11199909-11201806  -            124 135656at71240        -            156   8.5e-18   63.8   0.3   2   2   1.2e-10   2.6e-08   33.0   0.2    93   156    49   120    48   120 0.86 -
scaffold_4:8175716-8173047    -            181 135656at71240        -            156     2e-07   30.1   0.0   1   1   1.3e-09   2.8e-07   29.7   0.0     8   132    19   138    15   153 0.72 -
scaffold_9:19951808-19949239  -            407 135656at71240        -            156   1.3e-05   24.2   0.0   1   1     1e-07   2.2e-05   23.5   0.0     9   135    19   142    12   161 0.79 -
scaffold_2:16177259-16178514  -            180 135656at71240        -            156   3.4e-05   22.9   0.0   1   1   2.2e-07   4.8e-05   22.4   0.0     7   134    18   140    14   151 0.81 -
scaffold_7:78413-79911        -            181 135656at71240        -            156   0.00026   20.0   0.0   1   1   1.7e-06   0.00036   19.6   0.0     8   132    19   138    14   151 0.79 -
scaffold_9:4738203-4740712    -            180 135656at71240        -            156    0.0003   19.8   0.0   1   1   1.9e-06   0.00041   19.4   0.0     8   132    19   138    14   151 0.79 -
scaffold_7:14067052-14065554  -            181 135656at71240        -            156   0.00031   19.8   0.0   1   1   1.9e-06   0.00042   19.3   0.0     8   132    19   138    14   151 0.79 -
scaffold_11:9083146-9086139   -            181 135656at71240        -            156   0.00031   19.8   0.0   1   1   1.9e-06   0.00042   19.3   0.0     8   132    19   138    14   151 0.79 -
scaffold_4:36881998-36882947  -            212 135656at71240        -            156   0.00034   19.7   0.0   1   2   4.1e-06   0.00089   18.3   0.0     8    99    19   106    14   117 0.83 -
scaffold_4:36881998-36882947  -            212 135656at71240        -            156   0.00034   19.7   0.0   2   2       6.9   1.5e+03   -1.9   0.0   115   133   153   171   139   182 0.67 -
scaffold_8:13721297-13718174  -            181 135656at71240        -            156   0.00035   19.6   0.0   1   1   2.2e-06   0.00047   19.2   0.0     8   132    19   138    14   151 0.79 -
scaffold_6:21511988-21508641  -            183 135656at71240        -            156   0.00038   19.5   0.0   1   1   2.3e-06    0.0005   19.1   0.0     7   132    18   141    14   153 0.81 -
scaffold_3:3034377-3032520    -            180 135656at71240        -            156    0.0011   18.0   0.0   1   1   7.1e-06    0.0015   17.5   0.0     8   132    19   138    14   150 0.79 -
scaffold_9:10658397-10668035  -           1076 135656at71240        -            156    0.0046   16.0   0.0   1   1     5e-05     0.011   14.8   0.0    55   124    52   122    27   143 0.80 -
#
# Program:         hmmsearch
# Version:         3.3.2 (Nov 2020)
# Pipeline mode:   SEARCH
# Query file:      /scratch/srb67793/Pelargonium/scripts/busco_downloads/lineages/eudicots_odb10/hmms/135656at71240.hmm
# Target file:     /scratch/srb67793/Pelargonium/scripts/scratch/srb67793/Pelargonium/Results2/HiFiASM_OmniC/P_citronellum-hap1-scaffolds-busco/run_eudicots_odb10/metaeuk_output/initial_results/P_citronellum-hap1_scaffolds_final.fa.modified.fas
# Option settings: hmmsearch --domtblout /scratch/srb67793/Pelargonium/scripts/scratch/srb67793/Pelargonium/Results2/HiFiASM_OmniC/P_citronellum-hap1-scaffolds-busco/run_eudicots_odb10/hmmer_output/initial_run_results/135656at71240.out --cpu 1 /scratch/srb67793/Pelargonium/scripts/busco_downloads/lineages/eudicots_odb10/hmms/135656at71240.hmm /scratch/srb67793/Pelargonium/scripts/scratch/srb67793/Pelargonium/Results2/HiFiASM_OmniC/P_citronellum-hap1-scaffolds-busco/run_eudicots_odb10/metaeuk_output/initial_results/P_citronellum-hap1_scaffolds_final.fa.modified.fas 
# Current dir:     /scratch/srb67793/Pelargonium/scripts
# Date:            Fri Jul 19 10:32:11 2024
# [ok]
