#                                                                                    --- full sequence --- -------------- this domain -------------   hmm coord   ali coord   env coord
# target name                accession   tlen query name           accession   qlen   E-value  score  bias   #  of  c-Evalue  i-Evalue  score  bias  from    to  from    to  from    to  acc description of target
#        ------------------- ---------- ----- -------------------- ---------- ----- --------- ------ ----- --- --- --------- --------- ------ ----- ----- ----- ----- ----- ----- ----- ---- ---------------------
scaffold_1:29700873-29700181 -            231 137931at71240        -            180     7e-51  171.5   8.1   1   3   9.6e-51   1.9e-47  160.3   1.1     9   128    19   143    11   148 0.94 -
scaffold_1:29700873-29700181 -            231 137931at71240        -            180     7e-51  171.5   8.1   2   3   2.6e-05     0.051   12.3   0.2   127   152   163   194   162   208 0.70 -
scaffold_1:29700873-29700181 -            231 137931at71240        -            180     7e-51  171.5   8.1   3   3     0.032        63    2.2   0.0   147   165   211   229   201   231 0.75 -
scaffold_2:35513056-35513868 -            271 137931at71240        -            180   1.4e-43  147.7   1.8   1   2   7.4e-41   1.5e-37  128.1   0.0    11   127    19   137     9   156 0.90 -
scaffold_2:35513056-35513868 -            271 137931at71240        -            180   1.4e-43  147.7   1.8   2   2   4.7e-07   0.00093   17.9   1.5   126   159   157   190   141   204 0.85 -
scaffold_3:8435845-8436651   -            269 137931at71240        -            180     2e-39  134.1   0.6   1   2   4.4e-38   8.7e-35  119.1   0.0     8   127    16   137     9   146 0.92 -
scaffold_3:8435845-8436651   -            269 137931at71240        -            180     2e-39  134.1   0.6   2   2   1.5e-05      0.03   13.0   0.5   128   144   159   175   155   220 0.79 -
scaffold_547:34451-35260     -            270 137931at71240        -            180   1.1e-35  121.9   3.0   1   2   8.5e-34   1.7e-30  105.1   0.0    14   127    22   139    16   157 0.91 -
scaffold_547:34451-35260     -            270 137931at71240        -            180   1.1e-35  121.9   3.0   2   2   8.8e-07    0.0017   17.1   0.9   126   158   159   191   148   204 0.86 -
scaffold_7:22718585-22719391 -            269 137931at71240        -            180   2.1e-35  121.1   0.4   1   2   9.3e-35   1.8e-31  108.2   0.0    10   128    18   138     9   151 0.91 -
scaffold_7:22718585-22719391 -            269 137931at71240        -            180   2.1e-35  121.1   0.4   2   2   7.8e-05      0.16   10.7   0.4   128   144   159   175   155   220 0.86 -
#
# Program:         hmmsearch
# Version:         3.3.2 (Nov 2020)
# Pipeline mode:   SEARCH
# Query file:      /scratch/srb67793/Pelargonium/scripts/busco_downloads/lineages/eudicots_odb10/hmms/137931at71240.hmm
# Target file:     /scratch/srb67793/Pelargonium/scripts/scratch/srb67793/Pelargonium/Results2/HiFiASM_OmniC/P_citronellum-hap1-scaffolds-busco/run_eudicots_odb10/metaeuk_output/initial_results/P_citronellum-hap1_scaffolds_final.fa.modified.fas
# Option settings: hmmsearch --domtblout /scratch/srb67793/Pelargonium/scripts/scratch/srb67793/Pelargonium/Results2/HiFiASM_OmniC/P_citronellum-hap1-scaffolds-busco/run_eudicots_odb10/hmmer_output/initial_run_results/137931at71240.out --cpu 1 /scratch/srb67793/Pelargonium/scripts/busco_downloads/lineages/eudicots_odb10/hmms/137931at71240.hmm /scratch/srb67793/Pelargonium/scripts/scratch/srb67793/Pelargonium/Results2/HiFiASM_OmniC/P_citronellum-hap1-scaffolds-busco/run_eudicots_odb10/metaeuk_output/initial_results/P_citronellum-hap1_scaffolds_final.fa.modified.fas 
# Current dir:     /scratch/srb67793/Pelargonium/scripts
# Date:            Fri Jul 19 10:32:08 2024
# [ok]
