#                                                                                     --- full sequence --- -------------- this domain -------------   hmm coord   ali coord   env coord
# target name                 accession   tlen query name           accession   qlen   E-value  score  bias   #  of  c-Evalue  i-Evalue  score  bias  from    to  from    to  from    to  acc description of target
#         ------------------- ---------- ----- -------------------- ---------- ----- --------- ------ ----- --- --- --------- --------- ------ ----- ----- ----- ----- ----- ----- ----- ---- ---------------------
scaffold_10:11289123-11286626 -            219 145607at71240        -            161   1.1e-81  271.4   0.2   1   1   1.5e-84   1.5e-81  271.1   0.2     7   160    64   214    56   215 0.93 -
scaffold_2:34797213-34802290  -            184 145607at71240        -            161   1.1e-24   86.2   0.4   1   2   1.2e-11   1.2e-08   34.0   0.0    16    84    56   122    44   127 0.85 -
scaffold_2:34797213-34802290  -            184 145607at71240        -            161   1.1e-24   86.2   0.4   2   2   1.1e-16   1.1e-13   50.4   0.1   118   160   136   178   128   179 0.94 -
scaffold_5:21946765-21948687  -            320 145607at71240        -            161   4.2e-09   35.5   0.1   1   3   2.1e-06    0.0021   17.0   0.0   119   159    41    82    36    84 0.90 -
scaffold_5:21946765-21948687  -            320 145607at71240        -            161   4.2e-09   35.5   0.1   2   3    0.0024       2.4    7.0   0.0   112   158   146   196   127   199 0.79 -
scaffold_5:21946765-21948687  -            320 145607at71240        -            161   4.2e-09   35.5   0.1   3   3    0.0014       1.4    7.8   0.0   115   159   269   317   252   319 0.84 -
scaffold_1:45038855-45041365  -            229 145607at71240        -            161   7.9e-08   31.4   0.1   1   2   0.00047      0.47    9.3   0.0    19    52    54    89    39   118 0.83 -
scaffold_1:45038855-45041365  -            229 145607at71240        -            161   7.9e-08   31.4   0.1   2   2   2.4e-07   0.00024   20.1   0.0   112   147   157   192   141   204 0.84 -
scaffold_9:1755029-1754676    -            118 145607at71240        -            161   3.2e-07   29.4   0.2   1   2     0.074        74    2.2   0.0    28    50     1    23     1    31 0.87 -
scaffold_9:1755029-1754676    -            118 145607at71240        -            161   3.2e-07   29.4   0.2   2   2   5.2e-09   5.1e-06   25.5   0.1   115   160    64   114    52   115 0.85 -
scaffold_7:5718664-5719998    -            310 145607at71240        -            161   1.2e-06   27.5   0.1   1   3   4.8e-05     0.047   12.6   0.0   119   159    21    62     9    64 0.90 -
scaffold_7:5718664-5719998    -            310 145607at71240        -            161   1.2e-06   27.5   0.1   2   3   0.00072      0.72    8.7   0.0   110   158   124   178    97   181 0.80 -
scaffold_7:5718664-5719998    -            310 145607at71240        -            161   1.2e-06   27.5   0.1   3   3      0.06        60    2.5   0.0   120   158   255   297   247   300 0.76 -
scaffold_13:1584733-1586642   -            242 145607at71240        -            161   8.4e-05   21.5   0.1   1   2    0.0002       0.2   10.5   0.0    13    51   108   148   100   176 0.81 -
scaffold_13:1584733-1586642   -            242 145607at71240        -            161   8.4e-05   21.5   0.1   2   2   0.00067      0.67    8.8   0.0   119   160   185   226   178   227 0.73 -
scaffold_1:29690470-29690616  -             49 145607at71240        -            161   0.00017   20.5   0.0   1   1   1.7e-07   0.00017   20.5   0.0   116   144    19    47     7    49 0.85 -
scaffold_5:10053009-10101981  -            411 145607at71240        -            161   0.00026   20.0   0.4   1   2     0.056        56    2.6   0.0    25    54    68    97    60   108 0.87 -
scaffold_5:10053009-10101981  -            411 145607at71240        -            161   0.00026   20.0   0.4   2   2     1e-05      0.01   14.8   0.1   114   146   130   162   125   166 0.87 -
scaffold_3:11922767-11924211  -            139 145607at71240        -            161    0.0035   16.3   0.0   1   1   5.3e-06    0.0052   15.7   0.0   117   158    76   118    47   121 0.80 -
#
# Program:         hmmsearch
# Version:         3.3.2 (Nov 2020)
# Pipeline mode:   SEARCH
# Query file:      /scratch/srb67793/Pelargonium/scripts/busco_downloads/lineages/eudicots_odb10/hmms/145607at71240.hmm
# Target file:     /scratch/srb67793/Pelargonium/scripts/scratch/srb67793/Pelargonium/Results2/HiFiASM_OmniC/P_citronellum-hap1-scaffolds-busco/run_eudicots_odb10/metaeuk_output/initial_results/P_citronellum-hap1_scaffolds_final.fa.modified.fas
# Option settings: hmmsearch --domtblout /scratch/srb67793/Pelargonium/scripts/scratch/srb67793/Pelargonium/Results2/HiFiASM_OmniC/P_citronellum-hap1-scaffolds-busco/run_eudicots_odb10/hmmer_output/initial_run_results/145607at71240.out --cpu 1 /scratch/srb67793/Pelargonium/scripts/busco_downloads/lineages/eudicots_odb10/hmms/145607at71240.hmm /scratch/srb67793/Pelargonium/scripts/scratch/srb67793/Pelargonium/Results2/HiFiASM_OmniC/P_citronellum-hap1-scaffolds-busco/run_eudicots_odb10/metaeuk_output/initial_results/P_citronellum-hap1_scaffolds_final.fa.modified.fas 
# Current dir:     /scratch/srb67793/Pelargonium/scripts
# Date:            Fri Jul 19 10:32:24 2024
# [ok]
