#                                                                                     --- full sequence --- -------------- this domain -------------   hmm coord   ali coord   env coord
# target name                 accession   tlen query name           accession   qlen   E-value  score  bias   #  of  c-Evalue  i-Evalue  score  bias  from    to  from    to  from    to  acc description of target
#         ------------------- ---------- ----- -------------------- ---------- ----- --------- ------ ----- --- --- --------- --------- ------ ----- ----- ----- ----- ----- ----- ----- ---- ---------------------
scaffold_3:37618734-37619858  -            216 147278at71240        -            161   9.5e-84  278.2   7.7   1   2   9.9e-09   1.9e-06   26.9   1.3     1    23    17    39    17    60 0.82 -
scaffold_3:37618734-37619858  -            216 147278at71240        -            161   9.5e-84  278.2   7.7   2   2   3.7e-79   7.2e-77  255.9   0.8    12   161    52   214    41   214 0.88 -
scaffold_6:23558835-23553669  -            516 147278at71240        -            161   9.9e-15   53.9   0.4   1   1   9.3e-17   1.8e-14   53.0   0.4    27    95    43   112    32   125 0.87 -
scaffold_3:21476091-21480267  -            268 147278at71240        -            161   4.3e-14   51.8   0.2   1   2   2.2e-16   4.3e-14   51.8   0.2    12    93    61   147    51   161 0.85 -
scaffold_3:21476091-21480267  -            268 147278at71240        -            161   4.3e-14   51.8   0.2   2   2       9.5   1.8e+03   -2.3   0.1    49    95   214   226   195   258 0.62 -
scaffold_10:12270920-12270633 -             96 147278at71240        -            161   1.4e-13   50.2   0.0   1   1     7e-16   1.4e-13   50.2   0.0    31    96     1    63     1    90 0.92 -
scaffold_7:15767927-15768151  -             75 147278at71240        -            161   9.3e-13   47.5   0.2   1   1   5.3e-15     1e-12   47.3   0.2    30    93     3    66     1    71 0.96 -
scaffold_6:20858158-20857916  -             81 147278at71240        -            161     4e-12   45.4   0.0   1   1   2.2e-14   4.3e-12   45.3   0.0    31    96     1    68     1    77 0.89 -
scaffold_5:13019470-13019195  -             92 147278at71240        -            161   7.6e-12   44.5   0.0   1   1   4.3e-14   8.4e-12   44.4   0.0    29    97     2    71     1    84 0.89 -
scaffold_1:42691335-42688871  -            321 147278at71240        -            161   1.3e-11   43.8   0.3   1   1   1.1e-13   2.2e-11   43.0   0.3    30    93     5    68     3    78 0.94 -
scaffold_1:6680926-6681144    -             73 147278at71240        -            161   1.9e-11   43.2   0.0   1   1   1.1e-13   2.2e-11   43.0   0.0    30    95     2    65     1    71 0.94 -
scaffold_4:8853911-8857510    -            301 147278at71240        -            161   2.1e-11   43.1   0.3   1   1   1.7e-13   3.4e-11   42.4   0.3    24    97    29   100    25   109 0.91 -
scaffold_6:10599942-10599751  -             64 147278at71240        -            161   3.5e-11   42.3   0.0   1   1   1.9e-13   3.8e-11   42.2   0.0    31    91     1    64     1    64 0.91 -
scaffold_1:25978706-25973110  -            341 147278at71240        -            161   4.2e-11   42.1   0.2   1   1   3.5e-13   6.9e-11   41.4   0.2    30    93     5    68     3    78 0.94 -
scaffold_3:5345485-5343216    -            346 147278at71240        -            161   5.9e-11   41.6   0.5   1   1   5.3e-13     1e-10   40.8   0.5    30    92     5    67     3    71 0.97 -
scaffold_2:35871194-35867561  -            474 147278at71240        -            161   9.9e-11   40.9   0.3   1   1     1e-12     2e-10   39.9   0.3    23    92   362   431   357   438 0.93 -
scaffold_4:3107589-3111764    -            468 147278at71240        -            161   1.3e-10   40.5   0.2   1   1   1.5e-12     3e-10   39.3   0.2    23    92   355   424   348   431 0.93 -
scaffold_1:40173426-40177336  -            321 147278at71240        -            161   1.7e-10   40.1   0.3   1   1   1.4e-12   2.7e-10   39.5   0.3    28   131    74   175    63   180 0.88 -
scaffold_1:39525271-39529875  -            179 147278at71240        -            161     2e-10   39.9   0.5   1   1   1.4e-12   2.7e-10   39.5   0.5    29    93     2    70     1    82 0.85 -
scaffold_7:19772469-19775126  -            353 147278at71240        -            161   2.4e-10   39.6   0.4   1   1     2e-12     4e-10   38.9   0.4    30    92     5    67     3    71 0.97 -
scaffold_11:19446495-19443571 -            564 147278at71240        -            161   5.6e-10   38.4   0.1   1   1   6.2e-12   1.2e-09   37.4   0.1    32    92     6    66     2    71 0.92 -
scaffold_1:22005760-22006164  -            135 147278at71240        -            161   8.3e-10   37.9   0.1   1   1   5.4e-12   1.1e-09   37.5   0.1    29    99     4    72     1    87 0.90 -
scaffold_8:25469389-25469952  -            188 147278at71240        -            161     1e-09   37.6   0.1   1   1   7.4e-12   1.4e-09   37.1   0.1    27   107    17    99     7   125 0.78 -
scaffold_8:25464227-25463664  -            188 147278at71240        -            161   1.5e-09   37.1   0.1   1   1   1.1e-11   2.1e-09   36.6   0.1    27   104    17    96     7   125 0.78 -
scaffold_11:19598717-19595451 -            335 147278at71240        -            161   2.1e-09   36.6   0.7   1   1     2e-11   3.8e-09   35.7   0.7    30    92     5    67     3    72 0.96 -
scaffold_14:2087871-2088952   -            305 147278at71240        -            161   4.8e-09   35.4   0.2   1   1   4.2e-11   8.1e-09   34.7   0.2    30    92     5    67     3    73 0.95 -
scaffold_5:27740520-27740972  -            151 147278at71240        -            161   6.1e-09   35.1   0.1   1   1   4.1e-11     8e-09   34.7   0.1    23    92    79   151    73   151 0.84 -
scaffold_10:13896191-13853409 -            364 147278at71240        -            161   1.5e-08   33.8   0.2   1   1   1.4e-10   2.7e-08   33.0   0.2    28   104    10    88     4   115 0.77 -
scaffold_17:1754032-1740095   -            351 147278at71240        -            161   2.4e-08   33.1   0.1   1   1   2.1e-10   4.1e-08   32.4   0.1    27    98     8    78     3    90 0.89 -
scaffold_1:45558013-45556322  -            463 147278at71240        -            161   3.7e-08   32.5   0.0   1   1   3.8e-10   7.5e-08   31.5   0.0    30    93    63   123    37   133 0.89 -
scaffold_4:15636002-15635847  -             52 147278at71240        -            161   2.8e-07   29.7   0.0   1   1   1.5e-09   2.9e-07   29.6   0.0    31    80     2    52     1    52 0.87 -
scaffold_8:346170-346292      -             41 147278at71240        -            161   5.2e-07   28.8   0.0   1   1   2.7e-09   5.2e-07   28.8   0.0    23    59     4    40     1    41 0.93 -
scaffold_8:339975-349357      -            185 147278at71240        -            161   8.3e-07   28.1   0.4   1   1   1.8e-08   3.5e-06   26.1   0.3    31    92     2    53     1    64 0.93 -
scaffold_10:17610353-17602446 -            589 147278at71240        -            161     1e-06   27.8   0.1   1   1   5.3e-09     1e-06   27.8   0.1    25   106   310   391   298   419 0.84 -
scaffold_7:3488580-3488413    -             56 147278at71240        -            161   1.3e-06   27.5   0.1   1   1   6.4e-09   1.3e-06   27.5   0.1    28    64     6    42     1    56 0.84 -
scaffold_1:2421750-2426357    -            741 147278at71240        -            161     2e-06   26.9   0.5   1   1   2.2e-08   4.2e-06   25.8   0.5    25    98   439   513   421   518 0.83 -
scaffold_7:12309762-12311915  -            718 147278at71240        -            161     2e-06   26.9   0.0   1   1   2.6e-08   5.1e-06   25.6   0.0     2    93    40   129    39   136 0.88 -
scaffold_10:4404043-4402695   -            225 147278at71240        -            161     5e-06   25.6   0.0   1   1   4.1e-08     8e-06   24.9   0.0    33    83     5    55     1    78 0.88 -
scaffold_10:4404055-4403891   -             55 147278at71240        -            161   5.7e-06   25.4   0.0   1   1   2.9e-08   5.7e-06   25.4   0.0    31    79     7    55     1    55 0.90 -
scaffold_9:4559666-4555576    -            712 147278at71240        -            161   1.5e-05   24.0   0.3   1   1   1.6e-07   3.2e-05   23.0   0.3    26    98   434   507   416   512 0.84 -
scaffold_1:44540247-44539588  -            220 147278at71240        -            161   2.6e-05   23.3   0.0   1   1     2e-07   3.9e-05   22.7   0.0     2    92    34   122    33   129 0.88 -
scaffold_10:8551242-8549431   -            604 147278at71240        -            161   3.3e-05   22.9   0.0   1   1   3.2e-07   6.2e-05   22.0   0.0    16    93    47   122    42   136 0.88 -
scaffold_3:34084911-34084630  -             94 147278at71240        -            161   7.6e-05   21.8   0.0   1   2   5.3e-05      0.01   14.8   0.0    30    62     2    34     1    53 0.86 -
scaffold_3:34084911-34084630  -             94 147278at71240        -            161   7.6e-05   21.8   0.0   2   2     0.039       7.7    5.5   0.0    69    93    63    87    51    93 0.85 -
scaffold_11:6555503-6518658   -            165 147278at71240        -            161    0.0001   21.3   0.0   1   1   7.1e-07   0.00014   20.9   0.0    34    98    46   110    35   123 0.71 -
scaffold_3:9419914-9420246    -            111 147278at71240        -            161   0.00014   20.9   0.8   1   1   2.3e-06   0.00045   19.2   0.8    30    94     2    82     1    89 0.70 -
scaffold_2:13735322-13735654  -            111 147278at71240        -            161   0.00015   20.8   0.6   1   1   2.9e-06   0.00057   18.9   0.6    30    94     2    82     1    89 0.70 -
scaffold_3:18596158-18596805  -            216 147278at71240        -            161   0.00022   20.2   0.1   1   1   1.6e-06    0.0003   19.8   0.1    23    96    54   126    46   154 0.83 -
scaffold_1:24736353-24734083  -            757 147278at71240        -            161    0.0023   16.9   0.1   1   1   3.1e-05    0.0061   15.6   0.1    22    92    53   121    47   127 0.86 -
scaffold_9:3653896-3651812    -            695 147278at71240        -            161    0.0025   16.8   0.2   1   1   2.6e-05     0.005   15.8   0.2    22    99    58   133    50   146 0.80 -
scaffold_9:13484218-13489260  -            233 147278at71240        -            161     0.012   14.7   0.0   1   1   9.9e-05     0.019   13.9   0.0    29    74    56   104    45   112 0.83 -
scaffold_18:536181-557860     -            645 147278at71240        -            161      0.02   13.9   0.0   1   1    0.0002     0.038   13.0   0.0    28    55    40    67    37    72 0.92 -
scaffold_34:571181-596677     -            651 147278at71240        -            161      0.02   13.9   0.0   1   1   0.00019     0.037   13.0   0.0    28    55    40    67    37    77 0.93 -
scaffold_10:5536805-5531612   -            398 147278at71240        -            161     0.024   13.6   1.8   1   2       2.4   4.8e+02   -0.3   0.5   133   158    68    93    62    95 0.81 -
scaffold_10:5536805-5531612   -            398 147278at71240        -            161     0.024   13.6   1.8   2   2   0.00035     0.068   12.2   0.0    21    83   255   318   243   328 0.80 -
#
# Program:         hmmsearch
# Version:         3.3.2 (Nov 2020)
# Pipeline mode:   SEARCH
# Query file:      /scratch/srb67793/Pelargonium/scripts/busco_downloads/lineages/eudicots_odb10/hmms/147278at71240.hmm
# Target file:     /scratch/srb67793/Pelargonium/scripts/scratch/srb67793/Pelargonium/Results2/HiFiASM_OmniC/P_citronellum-hap1-scaffolds-busco/run_eudicots_odb10/metaeuk_output/initial_results/P_citronellum-hap1_scaffolds_final.fa.modified.fas
# Option settings: hmmsearch --domtblout /scratch/srb67793/Pelargonium/scripts/scratch/srb67793/Pelargonium/Results2/HiFiASM_OmniC/P_citronellum-hap1-scaffolds-busco/run_eudicots_odb10/hmmer_output/initial_run_results/147278at71240.out --cpu 1 /scratch/srb67793/Pelargonium/scripts/busco_downloads/lineages/eudicots_odb10/hmms/147278at71240.hmm /scratch/srb67793/Pelargonium/scripts/scratch/srb67793/Pelargonium/Results2/HiFiASM_OmniC/P_citronellum-hap1-scaffolds-busco/run_eudicots_odb10/metaeuk_output/initial_results/P_citronellum-hap1_scaffolds_final.fa.modified.fas 
# Current dir:     /scratch/srb67793/Pelargonium/scripts
# Date:            Fri Jul 19 10:32:10 2024
# [ok]
