#                                                                                    --- full sequence --- -------------- this domain -------------   hmm coord   ali coord   env coord
# target name                accession   tlen query name           accession   qlen   E-value  score  bias   #  of  c-Evalue  i-Evalue  score  bias  from    to  from    to  from    to  acc description of target
#        ------------------- ---------- ----- -------------------- ---------- ----- --------- ------ ----- --- --- --------- --------- ------ ----- ----- ----- ----- ----- ----- ----- ---- ---------------------
scaffold_7:28878737-28875855 -            211 156100at71240        -            175   4.9e-61  205.0   3.4   1   1   1.1e-63   6.4e-61  204.6   3.4     1   169    17   211    17   211 0.87 -
scaffold_884:4253-6233       -            205 156100at71240        -            175   3.3e-52  176.2   0.8   1   1   7.9e-55   4.6e-52  175.8   0.8     1   175    18   204    18   204 0.83 -
scaffold_6:11523986-11523008 -            230 156100at71240        -            175   5.2e-41  139.8   8.9   1   2    0.0027       1.6    8.0   0.0     2    24    20    42    19    64 0.84 -
scaffold_6:11523986-11523008 -            230 156100at71240        -            175   5.2e-41  139.8   8.9   2   2   2.7e-41   1.6e-38  131.7   6.9    18   175    66   229    63   229 0.83 -
scaffold_9:16698639-16700235 -            152 156100at71240        -            175     5e-32  110.6   4.4   1   2   5.7e-22   3.3e-19   68.8   1.6     1    74     1    74     1    76 0.94 -
scaffold_9:16698639-16700235 -            152 156100at71240        -            175     5e-32  110.6   4.4   2   2   2.2e-14   1.3e-11   44.1   0.1   109   174    73   150    69   151 0.80 -
scaffold_10:8175610-8177021  -            126 156100at71240        -            175   4.5e-28   97.7   9.9   1   2   3.1e-17   1.8e-14   53.4   6.9    19    69     1    53     1    54 0.92 -
scaffold_10:8175610-8177021  -            126 156100at71240        -            175   4.5e-28   97.7   9.9   2   2   3.4e-15     2e-12   46.7   0.0   112   174    53   124    52   125 0.86 -
scaffold_10:2630467-2631299  -             77 156100at71240        -            175   7.1e-28   97.0   1.2   1   1   1.3e-30   7.6e-28   96.9   1.2     1    73     1    75     1    77 0.95 -
scaffold_61:173522-172520    -            153 156100at71240        -            175   8.1e-28   96.8   8.4   1   2   1.6e-24   9.4e-22   77.1   3.8    19   106     1    92     1   100 0.90 -
scaffold_61:173522-172520    -            153 156100at71240        -            175   8.1e-28   96.8   8.4   2   2   8.4e-08   4.9e-05   22.7   0.1   131   175    99   152    89   152 0.81 -
scaffold_1:11916031-11917111 -            153 156100at71240        -            175   8.5e-28   96.8   8.6   1   2   1.5e-24   8.5e-22   77.2   3.7    19   105     1    91     1    98 0.90 -
scaffold_1:11916031-11917111 -            153 156100at71240        -            175   8.5e-28   96.8   8.6   2   2   8.4e-08   4.9e-05   22.7   0.1   131   175    99   152    89   152 0.81 -
scaffold_10:7181107-7179154  -            137 156100at71240        -            175   1.1e-27   96.5   3.9   1   2     1e-23   5.8e-21   74.5   2.5     1    72    14    86    14    89 0.95 -
scaffold_10:7181107-7179154  -            137 156100at71240        -            175   1.1e-27   96.5   3.9   2   2   1.3e-07   7.3e-05   22.1   0.0   131   169    89   128    86   137 0.69 -
scaffold_5:29591916-29590712 -            145 156100at71240        -            175     3e-27   95.0   7.2   1   2   2.9e-17   1.7e-14   53.5   3.2    19    74     1    58     1    66 0.92 -
scaffold_5:29591916-29590712 -            145 156100at71240        -            175     3e-27   95.0   7.2   2   2   2.7e-14   1.6e-11   43.8   0.2   109   171    66   141    57   145 0.81 -
scaffold_3:3997683-3999293   -            149 156100at71240        -            175   8.2e-27   93.6   3.6   1   2   3.9e-22   2.3e-19   69.3   1.8     1    75     8    83     8    91 0.93 -
scaffold_3:3997683-3999293   -            149 156100at71240        -            175   8.2e-27   93.6   3.6   2   2   2.6e-08   1.5e-05   24.3   0.1   130   170   100   149    84   149 0.77 -
scaffold_2:5550553-5552705   -            186 156100at71240        -            175   6.5e-20   71.1   3.5   1   1   1.5e-22   8.8e-20   70.7   3.5    19   175     2   184     1   184 0.80 -
scaffold_8:6595451-6594321   -            175 156100at71240        -            175   5.5e-15   55.0   5.1   1   1   1.6e-17   9.5e-15   54.3   5.1    19   152     1   156     1   172 0.77 -
scaffold_9:9202930-9203378   -            119 156100at71240        -            175   8.1e-09   35.0   0.1   1   1   1.5e-11   8.7e-09   34.9   0.1   109   154    53    98    13   118 0.84 -
scaffold_7:24317237-24310418 -            544 156100at71240        -            175   1.1e-07   31.2   2.4   1   1   7.6e-10   4.5e-07   29.3   2.4     3   158   357   522   356   532 0.74 -
scaffold_1:37534445-37541597 -            533 156100at71240        -            175   8.1e-05   22.0   0.4   1   1   1.2e-06   0.00071   18.9   0.4     2   157   362   510   361   528 0.73 -
scaffold_11:6311754-6318851  -            412 156100at71240        -            175     0.046   13.0   1.0   1   1   0.00012      0.07   12.4   1.0    17    94   305   381   301   411 0.71 -
#
# Program:         hmmsearch
# Version:         3.3.2 (Nov 2020)
# Pipeline mode:   SEARCH
# Query file:      /scratch/srb67793/Pelargonium/scripts/busco_downloads/lineages/eudicots_odb10/hmms/156100at71240.hmm
# Target file:     /scratch/srb67793/Pelargonium/scripts/scratch/srb67793/Pelargonium/Results2/HiFiASM_OmniC/P_citronellum-hap1-scaffolds-busco/run_eudicots_odb10/metaeuk_output/initial_results/P_citronellum-hap1_scaffolds_final.fa.modified.fas
# Option settings: hmmsearch --domtblout /scratch/srb67793/Pelargonium/scripts/scratch/srb67793/Pelargonium/Results2/HiFiASM_OmniC/P_citronellum-hap1-scaffolds-busco/run_eudicots_odb10/hmmer_output/initial_run_results/156100at71240.out --cpu 1 /scratch/srb67793/Pelargonium/scripts/busco_downloads/lineages/eudicots_odb10/hmms/156100at71240.hmm /scratch/srb67793/Pelargonium/scripts/scratch/srb67793/Pelargonium/Results2/HiFiASM_OmniC/P_citronellum-hap1-scaffolds-busco/run_eudicots_odb10/metaeuk_output/initial_results/P_citronellum-hap1_scaffolds_final.fa.modified.fas 
# Current dir:     /scratch/srb67793/Pelargonium/scripts
# Date:            Fri Jul 19 10:32:14 2024
# [ok]
