#                                                                                    --- full sequence --- -------------- this domain -------------   hmm coord   ali coord   env coord
# target name                accession   tlen query name           accession   qlen   E-value  score  bias   #  of  c-Evalue  i-Evalue  score  bias  from    to  from    to  from    to  acc description of target
#        ------------------- ---------- ----- -------------------- ---------- ----- --------- ------ ----- --- --- --------- --------- ------ ----- ----- ----- ----- ----- ----- ----- ---- ---------------------
scaffold_8:1998938-2001513   -            195 158630at71240        -            158   1.9e-80  267.4   9.4   1   1     9e-84   2.2e-80  267.1   9.4     1   158    38   195    38   195 1.00 -
scaffold_10:9028696-9008595  -           1088 158630at71240        -            158   1.3e-05   24.1   0.4   1   1   1.4e-08   3.4e-05   22.8   0.4    11    75   669   736   660   762 0.77 -
scaffold_6:17958143-17960890 -            916 158630at71240        -            158   0.00022   20.2   1.1   1   7     0.062   1.5e+02    1.2   0.0    76   112   146   182   125   198 0.80 -
scaffold_6:17958143-17960890 -            916 158630at71240        -            158   0.00022   20.2   1.1   2   7     0.061   1.5e+02    1.2   0.0    56   111   231   286   211   295 0.80 -
scaffold_6:17958143-17960890 -            916 158630at71240        -            158   0.00022   20.2   1.1   3   7     0.049   1.2e+02    1.5   0.0    58   112   338   392   316   401 0.78 -
scaffold_6:17958143-17960890 -            916 158630at71240        -            158   0.00022   20.2   1.1   4   7     0.096   2.4e+02    0.6   0.0    72   112   457   497   422   513 0.77 -
scaffold_6:17958143-17960890 -            916 158630at71240        -            158   0.00022   20.2   1.1   5   7     0.049   1.2e+02    1.5   0.0    58   112   548   602   526   611 0.78 -
scaffold_6:17958143-17960890 -            916 158630at71240        -            158   0.00022   20.2   1.1   6   7     0.045   1.1e+02    1.6   0.0    56   112   651   707   631   723 0.81 -
scaffold_6:17958143-17960890 -            916 158630at71240        -            158   0.00022   20.2   1.1   7   7     0.049   1.2e+02    1.5   0.0    58   112   758   812   736   821 0.78 -
scaffold_6:17830863-17824102 -            714 158630at71240        -            158     0.034   13.1   0.1   1   4      0.61   1.5e+03   -2.1   0.0    78   111   205   238   182   250 0.71 -
scaffold_6:17830863-17824102 -            714 158630at71240        -            158     0.034   13.1   0.1   2   4      0.05   1.2e+02    1.5   0.0    58   111   395   448   373   457 0.78 -
scaffold_6:17830863-17824102 -            714 158630at71240        -            158     0.034   13.1   0.1   3   4     0.031        76    2.2   0.0    75   112   482   519   458   533 0.79 -
scaffold_6:17830863-17824102 -            714 158630at71240        -            158     0.034   13.1   0.1   4   4    0.0082        20    4.0   0.0    75   112   587   624   555   641 0.81 -
#
# Program:         hmmsearch
# Version:         3.3.2 (Nov 2020)
# Pipeline mode:   SEARCH
# Query file:      /scratch/srb67793/Pelargonium/scripts/busco_downloads/lineages/eudicots_odb10/hmms/158630at71240.hmm
# Target file:     /scratch/srb67793/Pelargonium/scripts/scratch/srb67793/Pelargonium/Results2/HiFiASM_OmniC/P_citronellum-hap1-scaffolds-busco/run_eudicots_odb10/metaeuk_output/initial_results/P_citronellum-hap1_scaffolds_final.fa.modified.fas
# Option settings: hmmsearch --domtblout /scratch/srb67793/Pelargonium/scripts/scratch/srb67793/Pelargonium/Results2/HiFiASM_OmniC/P_citronellum-hap1-scaffolds-busco/run_eudicots_odb10/hmmer_output/initial_run_results/158630at71240.out --cpu 1 /scratch/srb67793/Pelargonium/scripts/busco_downloads/lineages/eudicots_odb10/hmms/158630at71240.hmm /scratch/srb67793/Pelargonium/scripts/scratch/srb67793/Pelargonium/Results2/HiFiASM_OmniC/P_citronellum-hap1-scaffolds-busco/run_eudicots_odb10/metaeuk_output/initial_results/P_citronellum-hap1_scaffolds_final.fa.modified.fas 
# Current dir:     /scratch/srb67793/Pelargonium/scripts
# Date:            Fri Jul 19 10:32:14 2024
# [ok]
