#                                                                                     --- full sequence --- -------------- this domain -------------   hmm coord   ali coord   env coord
# target name                 accession   tlen query name           accession   qlen   E-value  score  bias   #  of  c-Evalue  i-Evalue  score  bias  from    to  from    to  from    to  acc description of target
#         ------------------- ---------- ----- -------------------- ---------- ----- --------- ------ ----- --- --- --------- --------- ------ ----- ----- ----- ----- ----- ----- ----- ---- ---------------------
scaffold_11:16873360-16875208 -            151 165371at71240        -            110   3.6e-51  170.9   0.2   1   1   2.1e-54   5.3e-51  170.4   0.2    10   110    49   151    39   151 0.94 -
scaffold_8:22620046-22621805  -            134 165371at71240        -            110   2.4e-49  165.0   0.1   1   1   1.2e-52     3e-49  164.7   0.1     9   110    31   134    24   134 0.95 -
scaffold_5:17355907-17357645  -            135 165371at71240        -            110   4.7e-38  128.7   2.1   1   3       1.1   2.8e+03   -2.5   0.0     1    24     1    25     1    29 0.57 -
scaffold_5:17355907-17357645  -            135 165371at71240        -            110   4.7e-38  128.7   2.1   2   3   5.4e-21   1.3e-17   62.8   0.0    10    55    49    94    39    95 0.89 -
scaffold_5:17355907-17357645  -            135 165371at71240        -            110   4.7e-38  128.7   2.1   3   3   3.9e-22   9.8e-19   66.5   0.2    69   110    94   135    91   135 0.97 -
scaffold_6:18298207-18299265  -            353 165371at71240        -            110     0.034   13.3   0.0   1   5      0.26   6.4e+02   -0.5   0.0    42    66   113   137   102   142 0.86 -
scaffold_6:18298207-18299265  -            353 165371at71240        -            110     0.034   13.3   0.0   2   5      0.17   4.3e+02    0.1   0.0    42    66   148   172   139   180 0.87 -
scaffold_6:18298207-18299265  -            353 165371at71240        -            110     0.034   13.3   0.0   3   5    0.0084        21    4.3   0.0    42    66   183   207   171   215 0.87 -
scaffold_6:18298207-18299265  -            353 165371at71240        -            110     0.034   13.3   0.0   4   5      0.15   3.8e+02    0.2   0.0    42    66   288   312   279   318 0.88 -
scaffold_6:18298207-18299265  -            353 165371at71240        -            110     0.034   13.3   0.0   5   5      0.19   4.7e+02   -0.1   0.0    42    66   323   347   313   350 0.88 -
#
# Program:         hmmsearch
# Version:         3.3.2 (Nov 2020)
# Pipeline mode:   SEARCH
# Query file:      /scratch/srb67793/Pelargonium/scripts/busco_downloads/lineages/eudicots_odb10/hmms/165371at71240.hmm
# Target file:     /scratch/srb67793/Pelargonium/scripts/scratch/srb67793/Pelargonium/Results2/HiFiASM_OmniC/P_citronellum-hap1-scaffolds-busco/run_eudicots_odb10/metaeuk_output/initial_results/P_citronellum-hap1_scaffolds_final.fa.modified.fas
# Option settings: hmmsearch --domtblout /scratch/srb67793/Pelargonium/scripts/scratch/srb67793/Pelargonium/Results2/HiFiASM_OmniC/P_citronellum-hap1-scaffolds-busco/run_eudicots_odb10/hmmer_output/initial_run_results/165371at71240.out --cpu 1 /scratch/srb67793/Pelargonium/scripts/busco_downloads/lineages/eudicots_odb10/hmms/165371at71240.hmm /scratch/srb67793/Pelargonium/scripts/scratch/srb67793/Pelargonium/Results2/HiFiASM_OmniC/P_citronellum-hap1-scaffolds-busco/run_eudicots_odb10/metaeuk_output/initial_results/P_citronellum-hap1_scaffolds_final.fa.modified.fas 
# Current dir:     /scratch/srb67793/Pelargonium/scripts
# Date:            Fri Jul 19 10:32:16 2024
# [ok]
