#                                                                                     --- full sequence --- -------------- this domain -------------   hmm coord   ali coord   env coord
# target name                 accession   tlen query name           accession   qlen   E-value  score  bias   #  of  c-Evalue  i-Evalue  score  bias  from    to  from    to  from    to  acc description of target
#         ------------------- ---------- ----- -------------------- ---------- ----- --------- ------ ----- --- --- --------- --------- ------ ----- ----- ----- ----- ----- ----- ----- ---- ---------------------
scaffold_7:7411512-7390371    -           1560 1950at71240          -           1278         0 2045.4  30.8   1   2         0         0 1941.9  22.9    10  1206     1  1424     1  1428 0.89 -
scaffold_7:7411512-7390371    -           1560 1950at71240          -           1278         0 2045.4  30.8   2   2   2.3e-30   4.6e-28   96.4   0.9  1204  1278  1475  1557  1463  1557 0.89 -
scaffold_9:24699832-24711184  -           2046 1950at71240          -           1278  1.2e-223  744.3   1.3   1   5   1.5e-58     3e-56  189.8   1.5     1   211   342   565   342   597 0.88 -
scaffold_9:24699832-24711184  -           2046 1950at71240          -           1278  1.2e-223  744.3   1.3   2   5   2.7e-62   5.4e-60  202.2   0.0   296   562   783  1073   762  1077 0.85 -
scaffold_9:24699832-24711184  -           2046 1950at71240          -           1278  1.2e-223  744.3   1.3   3   5      0.75   1.5e+02   -1.4   0.0   594   670  1146  1229  1137  1252 0.68 -
scaffold_9:24699832-24711184  -           2046 1950at71240          -           1278  1.2e-223  744.3   1.3   4   5   1.2e-34   2.4e-32  110.6   0.0   759   905  1445  1585  1391  1597 0.85 -
scaffold_9:24699832-24711184  -           2046 1950at71240          -           1278  1.2e-223  744.3   1.3   5   5   4.9e-72   9.7e-70  234.5   0.0   922  1265  1638  2034  1630  2044 0.77 -
scaffold_17:3135685-3088554   -           1194 1950at71240          -           1278  9.4e-156  519.4   8.8   1   4   4.3e-45   8.5e-43  145.2   0.3    11   156     2   146     1   154 0.95 -
scaffold_17:3135685-3088554   -           1194 1950at71240          -           1278  9.4e-156  519.4   8.8   2   4   2.3e-43   4.5e-41  139.5   0.4   292   425   208   343   197   345 0.95 -
scaffold_17:3135685-3088554   -           1194 1950at71240          -           1278  9.4e-156  519.4   8.8   3   4   1.2e-25   2.4e-23   80.8   0.2   488   812   345   725   341   734 0.69 -
scaffold_17:3135685-3088554   -           1194 1950at71240          -           1278  9.4e-156  519.4   8.8   4   4   9.9e-49     2e-46  157.2   0.0   892  1094   736   944   726   950 0.87 -
scaffold_8:10623663-10615895  -            964 1950at71240          -           1278  1.9e-152  508.4   3.7   1   3   1.1e-45   2.2e-43  147.2   0.1   374   557     1   197     1   232 0.83 -
scaffold_8:10623663-10615895  -            964 1950at71240          -           1278  1.9e-152  508.4   3.7   2   3   1.5e-07     3e-05   20.8   1.4   726   815   419   500   414   512 0.82 -
scaffold_8:10623663-10615895  -            964 1950at71240          -           1278  1.9e-152  508.4   3.7   3   3  6.1e-103  1.2e-100  336.8   0.0   819  1171   535   928   503   940 0.85 -
scaffold_6:26235839-26232649  -            446 1950at71240          -           1278  1.8e-105  352.8   0.0   1   1  8.8e-107  1.7e-104  349.6   0.0   784  1169     1   409     1   419 0.87 -
scaffold_17:3127651-3125802   -            406 1950at71240          -           1278  3.7e-100  335.2   0.3   1   1  2.3e-102  4.6e-100  334.9   0.3   765  1156     1   381     1   400 0.91 -
scaffold_5:8370526-8401020    -           1226 1950at71240          -           1278   4.9e-34  116.2   0.1   1   1   5.2e-36     1e-33  115.1   0.1   984  1278   899  1226   890  1226 0.72 -
scaffold_9:4724188-4721494    -            392 1950at71240          -           1278   1.1e-13   48.7   0.0   1   2   0.00042     0.083    9.4   0.0    22   138    29   147    21   171 0.73 -
scaffold_9:4724188-4721494    -            392 1950at71240          -           1278   1.1e-13   48.7   0.0   2   2   1.4e-12   2.7e-10   37.5   0.0   358   444   270   359   208   381 0.88 -
scaffold_8:9584948-9582993    -            366 1950at71240          -           1278     3e-10   37.4   0.1   1   2   0.00098       0.2    8.2   0.0    28   138    44   152    23   182 0.75 -
scaffold_8:9584948-9582993    -            366 1950at71240          -           1278     3e-10   37.4   0.1   2   2   1.5e-09     3e-07   27.4   0.1   350   441   266   359   236   363 0.86 -
scaffold_1:45136973-45135705  -            423 1950at71240          -           1278   5.4e-10   36.5   0.0   1   2    0.0013      0.26    7.8   0.0    23   137    69   189    60   194 0.71 -
scaffold_1:45136973-45135705  -            423 1950at71240          -           1278   5.4e-10   36.5   0.0   2   2   2.4e-09   4.8e-07   26.8   0.0   317   434   296   407   244   416 0.69 -
scaffold_11:6866810-6868035   -            355 1950at71240          -           1278   5.4e-10   36.5   0.3   1   2   0.00082      0.16    8.4   0.0    25   138    23   134     5   163 0.76 -
scaffold_11:6866810-6868035   -            355 1950at71240          -           1278   5.4e-10   36.5   0.3   2   2   3.1e-09   6.2e-07   26.4   0.1   350   440   249   341   219   347 0.83 -
scaffold_8:13775596-13777560  -            401 1950at71240          -           1278   6.5e-10   36.3   0.0   1   2     0.014       2.8    4.3   0.0    23   138    25   142    20   163 0.79 -
scaffold_8:13775596-13777560  -            401 1950at71240          -           1278   6.5e-10   36.3   0.0   2   2   2.6e-10   5.2e-08   30.0   0.0   296   441   202   351   175   367 0.72 -
scaffold_11:8921127-8918238   -            408 1950at71240          -           1278   7.6e-10   36.0   0.0   1   2     0.004       0.8    6.1   0.0    23   138    49   166    44   275 0.87 -
scaffold_11:8921127-8918238   -            408 1950at71240          -           1278   7.6e-10   36.0   0.0   2   2     1e-09     2e-07   28.0   0.0   358   440   289   374   271   390 0.84 -
scaffold_8:11086558-11087799  -            353 1950at71240          -           1278   7.7e-10   36.0   0.1   1   2    0.0034      0.67    6.4   0.0    25   137    23   133     5   141 0.74 -
scaffold_8:11086558-11087799  -            353 1950at71240          -           1278   7.7e-10   36.0   0.1   2   2   1.3e-09   2.6e-07   27.6   0.1   350   441   246   339   216   344 0.86 -
scaffold_10:5911761-5908179   -            492 1950at71240          -           1278   9.7e-10   35.7   0.4   1   2      0.24        47    0.3   0.0    23    95   100   173    87   196 0.77 -
scaffold_10:5911761-5908179   -            492 1950at71240          -           1278   9.7e-10   35.7   0.4   2   2   2.4e-11   4.7e-09   33.4   0.1   297   441   288   422   239   453 0.74 -
scaffold_9:2533669-2529279    -            294 1950at71240          -           1278   1.1e-09   35.5   0.0   1   2    0.0011      0.21    8.0   0.0    10   107    24   121    19   159 0.76 -
scaffold_9:2533669-2529279    -            294 1950at71240          -           1278   1.1e-09   35.5   0.0   2   2   5.1e-09     1e-06   25.7   0.0   356   422   204   273   186   288 0.81 -
scaffold_41:1101367-1110313   -            408 1950at71240          -           1278   1.2e-09   35.4   0.3   1   2   3.7e-06   0.00074   16.2   0.1    24   144    50   176    47   209 0.76 -
scaffold_41:1101367-1110313   -            408 1950at71240          -           1278   1.2e-09   35.4   0.3   2   2   1.5e-06   0.00031   17.5   0.0   364   448   318   404   304   407 0.86 -
scaffold_7:11610202-11611470  -            423 1950at71240          -           1278   1.4e-09   35.1   0.0   1   2    0.0013      0.26    7.8   0.0    23   137    69   189    60   195 0.72 -
scaffold_7:11610202-11611470  -            423 1950at71240          -           1278   1.4e-09   35.1   0.0   2   2   6.1e-09   1.2e-06   25.4   0.0   317   425   296   398   245   416 0.70 -
scaffold_1:21212355-21215599  -            761 1950at71240          -           1278   4.4e-09   33.5   0.0   1   2   2.3e-05    0.0045   13.6   0.0    23   137   269   386   264   391 0.83 -
scaffold_1:21212355-21215599  -            761 1950at71240          -           1278   4.4e-09   33.5   0.0   2   2   1.3e-06   0.00025   17.8   0.0   363   414   515   566   485   599 0.79 -
scaffold_8:11083610-11081835  -            355 1950at71240          -           1278   4.4e-09   33.5   0.2   1   2    0.0041      0.81    6.1   0.0    28   138    26   134     5   166 0.73 -
scaffold_8:11083610-11081835  -            355 1950at71240          -           1278   4.4e-09   33.5   0.2   2   2   5.2e-09     1e-06   25.7   0.0   350   439   248   339   219   346 0.81 -
scaffold_4:1069844-1068457    -            354 1950at71240          -           1278   4.5e-09   33.5   0.1   1   2    0.0082       1.6    5.1   0.0    55   138    51   134    19   164 0.74 -
scaffold_4:1069844-1068457    -            354 1950at71240          -           1278   4.5e-09   33.5   0.1   2   2   2.9e-09   5.7e-07   26.5   0.0   350   439   248   339   217   346 0.79 -
scaffold_11:6863555-6856724   -            335 1950at71240          -           1278   7.3e-09   32.8   0.1   1   2    0.0035      0.69    6.4   0.0    27   137    25   133     5   146 0.74 -
scaffold_11:6863555-6856724   -            335 1950at71240          -           1278   7.3e-09   32.8   0.1   2   2   1.1e-08   2.1e-06   24.6   0.0   350   414   246   310   217   334 0.83 -
scaffold_2:37459477-37457907  -            354 1950at71240          -           1278   7.8e-09   32.7   0.1   1   2     0.011       2.1    4.7   0.0    57   137    53   133    17   141 0.71 -
scaffold_2:37459477-37457907  -            354 1950at71240          -           1278   7.8e-09   32.7   0.1   2   2   4.1e-09   8.2e-07   26.0   0.1   350   439   247   338   217   345 0.82 -
scaffold_3:3304141-3306321    -            254 1950at71240          -           1278   1.4e-08   31.8   0.0   1   2     0.047       9.4    2.6   0.0    58   138    31   109     6   155 0.82 -
scaffold_3:3304141-3306321    -            254 1950at71240          -           1278   1.4e-08   31.8   0.0   2   2   1.4e-09   2.8e-07   27.5   0.0   356   414   182   240   167   252 0.90 -
scaffold_1:3744976-3754005    -            443 1950at71240          -           1278   1.6e-08   31.6   0.2   1   2   5.3e-06     0.001   15.7   0.1    24   144    87   213    84   246 0.76 -
scaffold_1:3744976-3754005    -            443 1950at71240          -           1278   1.6e-08   31.6   0.2   2   2   1.7e-05    0.0035   14.0   0.0   369   446   359   438   347   442 0.84 -
scaffold_3:13979508-13972973  -            704 1950at71240          -           1278   2.2e-08   31.2   0.0   1   2    0.0019      0.38    7.2   0.0    29   137   163   273   151   281 0.79 -
scaffold_3:13979508-13972973  -            704 1950at71240          -           1278   2.2e-08   31.2   0.0   2   2   7.3e-08   1.5e-05   21.8   0.0   359   433   399   474   355   512 0.86 -
scaffold_7:17989363-17979569  -            770 1950at71240          -           1278   3.3e-08   30.6   0.0   1   1   2.4e-10   4.8e-08   30.1   0.0   313   443   464   588   435   604 0.82 -
scaffold_2:32567994-32571047  -            353 1950at71240          -           1278   1.9e-07   28.1   0.0   1   2      0.39        78   -0.4   0.0   100   137   110   148    99   154 0.86 -
scaffold_2:32567994-32571047  -            353 1950at71240          -           1278   1.9e-07   28.1   0.0   2   2   4.5e-09   8.9e-07   25.9   0.0   362   422   236   297   224   327 0.82 -
scaffold_8:15707515-15711165  -            284 1950at71240          -           1278   2.4e-07   27.7   0.0   1   2      0.18        35    0.7   0.0    92   137   104   150    92   157 0.83 -
scaffold_8:15707515-15711165  -            284 1950at71240          -           1278   2.4e-07   27.7   0.0   2   2   9.4e-09   1.9e-06   24.8   0.0   362   416   217   272   187   282 0.84 -
scaffold_10:11086686-11084920 -            589 1950at71240          -           1278   2.8e-07   27.6   0.0   1   2     0.077        15    1.9   0.0    27   137   230   346   223   362 0.65 -
scaffold_10:11086686-11084920 -            589 1950at71240          -           1278   2.8e-07   27.6   0.0   2   2   2.4e-08   4.8e-06   23.5   0.0   363   435   474   549   436   563 0.82 -
scaffold_12:2624933-2630856   -            500 1950at71240          -           1278   2.9e-07   27.5   0.1   1   1   2.6e-09   5.2e-07   26.6   0.1   314   416   331   429   310   456 0.84 -
scaffold_7:6904850-6910361    -            814 1950at71240          -           1278   3.6e-07   27.2   0.0   1   2    0.0084       1.7    5.1   0.0    24   137   290   404   283   419 0.77 -
scaffold_7:6904850-6910361    -            814 1950at71240          -           1278   3.6e-07   27.2   0.0   2   2   2.7e-07   5.4e-05   20.0   0.0   362   439   532   612   521   619 0.83 -
scaffold_4:6067483-6070314    -            350 1950at71240          -           1278   4.5e-07   26.9   0.0   1   2      0.53     1e+02   -0.9   0.0   101   137   125   162    93   167 0.88 -
scaffold_4:6067483-6070314    -            350 1950at71240          -           1278   4.5e-07   26.9   0.0   2   2   8.4e-09   1.7e-06   25.0   0.0   362   423   238   300   227   329 0.80 -
scaffold_10:11067688-11069466 -            593 1950at71240          -           1278     5e-07   26.7   0.0   1   2      0.14        27    1.1   0.0    27   136   234   349   228   364 0.63 -
scaffold_10:11067688-11069466 -            593 1950at71240          -           1278     5e-07   26.7   0.0   2   2   2.7e-08   5.4e-06   23.3   0.0   363   435   478   553   440   566 0.81 -
scaffold_7:3513779-3510346    -            354 1950at71240          -           1278   1.5e-06   25.1   0.0   1   2       2.5     5e+02   -3.1   0.0    99   137   112   151    99   154 0.70 -
scaffold_7:3513779-3510346    -            354 1950at71240          -           1278   1.5e-06   25.1   0.0   2   2   1.5e-08     3e-06   24.1   0.0   363   427   234   301   223   331 0.79 -
scaffold_1:21930555-21934017  -            297 1950at71240          -           1278   1.8e-06   24.9   0.0   1   2       3.2   6.3e+02   -3.5   0.0   105   137   124   156   118   158 0.88 -
scaffold_1:21930555-21934017  -            297 1950at71240          -           1278   1.8e-06   24.9   0.0   2   2   1.6e-08   3.2e-06   24.0   0.0   364   422   212   271   194   296 0.81 -
scaffold_2:37201224-37194646  -            542 1950at71240          -           1278   5.5e-06   23.3   0.0   1   2      0.26        52    0.1   0.0    56   138   208   290   198   308 0.83 -
scaffold_2:37201224-37194646  -            542 1950at71240          -           1278   5.5e-06   23.3   0.0   2   2   1.7e-07   3.3e-05   20.7   0.0   358   441   416   502   348   513 0.83 -
scaffold_11:5824233-5820505   -            570 1950at71240          -           1278   7.8e-06   22.7   0.0   1   2     0.013       2.6    4.4   0.0    24   137    52   169    47   177 0.74 -
scaffold_11:5824233-5820505   -            570 1950at71240          -           1278   7.8e-06   22.7   0.0   2   2   3.7e-06   0.00073   16.2   0.0   357   425   359   428   285   446 0.82 -
scaffold_2:29075493-29073226  -            445 1950at71240          -           1278   4.3e-05   20.3   0.0   1   1   3.9e-07   7.7e-05   19.5   0.0   362   437   350   426   328   437 0.83 -
scaffold_3:32614291-32620747  -            404 1950at71240          -           1278   5.7e-05   19.9   2.5   1   2     0.016       3.2    4.1   0.9    34   137    52   161    46   167 0.70 -
scaffold_3:32614291-32620747  -            404 1950at71240          -           1278   5.7e-05   19.9   2.5   2   2   6.8e-06    0.0014   15.3   0.0   369   446   319   398   306   403 0.84 -
scaffold_2:20340899-20338563  -            405 1950at71240          -           1278   7.2e-05   19.6   0.0   1   2    0.0032      0.64    6.5   0.0    23   137    41   156    28   170 0.78 -
scaffold_2:20340899-20338563  -            405 1950at71240          -           1278   7.2e-05   19.6   0.0   2   2   0.00014     0.027   11.0   0.0   360   424   282   349   270   363 0.82 -
scaffold_3:34579218-34580549  -            444 1950at71240          -           1278   8.1e-05   19.4   0.0   1   1   5.3e-07   0.00011   19.0   0.0   348   422   318   390   302   417 0.76 -
scaffold_2:25483808-25477964  -           1626 1950at71240          -           1278   8.4e-05   19.3   0.0   1   2   3.9e-06   0.00078   16.1   0.0    21   139   527   650   512   668 0.73 -
scaffold_2:25483808-25477964  -           1626 1950at71240          -           1278   8.4e-05   19.3   0.0   2   2      0.19        38    0.6   0.0    20   138  1372  1489  1363  1495 0.64 -
scaffold_11:8322358-8321075   -            428 1950at71240          -           1278   0.00024   17.8   0.0   1   1   1.9e-06   0.00038   17.2   0.0    23   139     1   122     1   140 0.74 -
scaffold_7:20257626-20259332  -            569 1950at71240          -           1278   0.00035   17.3   0.0   1   1   2.4e-06   0.00049   16.8   0.0   352   414   461   520   397   535 0.85 -
scaffold_3:34446595-34445252  -            448 1950at71240          -           1278   0.00065   16.4   0.0   1   1   4.3e-06   0.00085   16.0   0.0   348   422   322   394   268   421 0.81 -
scaffold_4:33358394-33352963  -            737 1950at71240          -           1278    0.0014   15.2   0.0   1   2     0.017       3.4    4.1   0.0    25   119   102   198    91   217 0.78 -
scaffold_4:33358394-33352963  -            737 1950at71240          -           1278    0.0014   15.2   0.0   2   2   0.00057      0.11    9.0   0.0   360   415   344   399   284   422 0.82 -
scaffold_602:38881-29645      -            637 1950at71240          -           1278    0.0072   12.9   0.1   1   1   5.1e-05      0.01   12.4   0.1   360   431     5    81     1    93 0.79 -
scaffold_6:6341090-6346398    -            684 1950at71240          -           1278     0.018   11.6   0.0   1   1   0.00014     0.028   11.0   0.0   294   415   521   639   511   661 0.82 -
scaffold_6:10482786-10526085  -            973 1950at71240          -           1278     0.029   10.9   0.0   1   1   0.00024     0.048   10.2   0.0   359   426   808   877   782   908 0.71 -
#
# Program:         hmmsearch
# Version:         3.3.2 (Nov 2020)
# Pipeline mode:   SEARCH
# Query file:      /scratch/srb67793/Pelargonium/scripts/busco_downloads/lineages/eudicots_odb10/hmms/1950at71240.hmm
# Target file:     /scratch/srb67793/Pelargonium/scripts/scratch/srb67793/Pelargonium/Results2/HiFiASM_OmniC/P_citronellum-hap1-scaffolds-busco/run_eudicots_odb10/metaeuk_output/initial_results/P_citronellum-hap1_scaffolds_final.fa.modified.fas
# Option settings: hmmsearch --domtblout /scratch/srb67793/Pelargonium/scripts/scratch/srb67793/Pelargonium/Results2/HiFiASM_OmniC/P_citronellum-hap1-scaffolds-busco/run_eudicots_odb10/hmmer_output/initial_run_results/1950at71240.out --cpu 1 /scratch/srb67793/Pelargonium/scripts/busco_downloads/lineages/eudicots_odb10/hmms/1950at71240.hmm /scratch/srb67793/Pelargonium/scripts/scratch/srb67793/Pelargonium/Results2/HiFiASM_OmniC/P_citronellum-hap1-scaffolds-busco/run_eudicots_odb10/metaeuk_output/initial_results/P_citronellum-hap1_scaffolds_final.fa.modified.fas 
# Current dir:     /scratch/srb67793/Pelargonium/scripts
# Date:            Fri Jul 19 10:32:32 2024
# [ok]
