#                                                                                     --- full sequence --- -------------- this domain -------------   hmm coord   ali coord   env coord
# target name                 accession   tlen query name           accession   qlen   E-value  score  bias   #  of  c-Evalue  i-Evalue  score  bias  from    to  from    to  from    to  acc description of target
#         ------------------- ---------- ----- -------------------- ---------- ----- --------- ------ ----- --- --- --------- --------- ------ ----- ----- ----- ----- ----- ----- ----- ---- ---------------------
scaffold_10:2548997-2540984   -           1500 2018at71240          -           1056         0 1646.7  68.5   1   8     6e-60     1e-57  195.1  10.8     1   124     1   150     1   155 0.89 -
scaffold_10:2548997-2540984   -           1500 2018at71240          -           1056         0 1646.7  68.5   2   8   3.6e-20     6e-18   63.4   0.0   122   181   176   244   172   246 0.86 -
scaffold_10:2548997-2540984   -           1500 2018at71240          -           1056         0 1646.7  68.5   3   8     0.048         8    3.4   0.3   177   211   270   311   262   316 0.83 -
scaffold_10:2548997-2540984   -           1500 2018at71240          -           1056         0 1646.7  68.5   4   8   0.00093      0.16    9.1   1.0   217   268   350   430   314   443 0.66 -
scaffold_10:2548997-2540984   -           1500 2018at71240          -           1056         0 1646.7  68.5   5   8  5.8e-112  9.8e-110  367.3   1.1   270   497   499   750   484   757 0.90 -
scaffold_10:2548997-2540984   -           1500 2018at71240          -           1056         0 1646.7  68.5   6   8   1.2e-10   2.1e-08   31.8   0.0   483   529   784   835   761   848 0.73 -
scaffold_10:2548997-2540984   -           1500 2018at71240          -           1056         0 1646.7  68.5   7   8   8.4e-84   1.4e-81  274.1   2.1   520   678   882  1043   860  1056 0.94 -
scaffold_10:2548997-2540984   -           1500 2018at71240          -           1056         0 1646.7  68.5   8   8  1.9e-218  3.2e-216  719.9  14.3   674  1056  1084  1500  1078  1500 0.93 -
scaffold_3:6123158-6116045    -           1504 2018at71240          -           1056         0 1576.8  70.6   1   9   1.7e-32   2.8e-30  104.2   0.5     1    72     1    77     1    99 0.87 -
scaffold_3:6123158-6116045    -           1504 2018at71240          -           1056         0 1576.8  70.6   2   9   2.2e-28   3.8e-26   90.6   5.8    69   122    99   152    87   159 0.94 -
scaffold_3:6123158-6116045    -           1504 2018at71240          -           1056         0 1576.8  70.6   3   9     1e-19   1.7e-17   61.9   0.0   122   181   180   248   176   251 0.86 -
scaffold_3:6123158-6116045    -           1504 2018at71240          -           1056         0 1576.8  70.6   4   9     0.019       3.2    4.7   0.1   177   212   274   316   261   329 0.82 -
scaffold_3:6123158-6116045    -           1504 2018at71240          -           1056         0 1576.8  70.6   5   9   0.00097      0.16    9.0   0.2   218   270   355   436   338   466 0.66 -
scaffold_3:6123158-6116045    -           1504 2018at71240          -           1056         0 1576.8  70.6   6   9    2e-107  3.4e-105  352.3   2.3   274   496   507   753   496   760 0.92 -
scaffold_3:6123158-6116045    -           1504 2018at71240          -           1056         0 1576.8  70.6   7   9   1.2e-10   2.1e-08   31.8   0.1   475   529   784   840   766   849 0.73 -
scaffold_3:6123158-6116045    -           1504 2018at71240          -           1056         0 1576.8  70.6   8   9   3.8e-82   6.3e-80  268.6   4.3   520   678   889  1046   844  1077 0.91 -
scaffold_3:6123158-6116045    -           1504 2018at71240          -           1056         0 1576.8  70.6   9   9  8.2e-206  1.4e-203  678.0  13.8   674  1056  1088  1504  1085  1504 0.92 -
scaffold_6:25094914-25095564  -            217 2018at71240          -           1056   1.2e-12   45.9   2.0   1   3     0.023       3.8    4.5   0.1   330   371    10    51     3    56 0.86 -
scaffold_6:25094914-25095564  -            217 2018at71240          -           1056   1.2e-12   45.9   2.0   2   3   7.2e-08   1.2e-05   22.7   0.3    17    89    93   164    74   170 0.74 -
scaffold_6:25094914-25095564  -            217 2018at71240          -           1056   1.2e-12   45.9   2.0   3   3   4.1e-06   0.00069   16.9   0.0   309   351   171   213   165   217 0.93 -
scaffold_9:14622606-14621725  -            294 2018at71240          -           1056   3.1e-12   44.5   0.2   1   4   1.6e-06   0.00027   18.2   0.0    29    91    18    82     4    95 0.81 -
scaffold_9:14622606-14621725  -            294 2018at71240          -           1056   3.1e-12   44.5   0.2   2   4      0.43        73    0.2   0.0   336   355   105   124    97   130 0.84 -
scaffold_9:14622606-14621725  -            294 2018at71240          -           1056   3.1e-12   44.5   0.2   3   4     1e-06   0.00017   18.9   0.0    15    86   132   203   124   216 0.85 -
scaffold_9:14622606-14621725  -            294 2018at71240          -           1056   3.1e-12   44.5   0.2   4   4      0.18        30    1.5   0.0   337   375   239   277   223   284 0.84 -
scaffold_9:11136171-11133225  -            272 2018at71240          -           1056   3.4e-12   44.4   7.6   1   5       5.5   9.3e+02   -3.4   0.0   948   963     3    18     2    34 0.71 -
scaffold_9:11136171-11133225  -            272 2018at71240          -           1056   3.4e-12   44.4   7.6   2   5   5.1e-06   0.00086   16.5   0.0   332   375    62   105    52   108 0.87 -
scaffold_9:11136171-11133225  -            272 2018at71240          -           1056   3.4e-12   44.4   7.6   3   5   2.2e-06   0.00037   17.8   0.0   333   369   105   141    98   146 0.91 -
scaffold_9:11136171-11133225  -            272 2018at71240          -           1056   3.4e-12   44.4   7.6   4   5     0.043       7.3    3.5   0.1   336   358   150   172   144   195 0.60 -
scaffold_9:11136171-11133225  -            272 2018at71240          -           1056   3.4e-12   44.4   7.6   5   5   0.00063      0.11    9.6   0.0   332   378   211   257   184   271 0.81 -
scaffold_3:15599116-15599997  -            294 2018at71240          -           1056   7.6e-12   43.2   5.3   1   4       1.2   2.1e+02   -1.3   0.0    28    56     9    37     2    74 0.76 -
scaffold_3:15599116-15599997  -            294 2018at71240          -           1056   7.6e-12   43.2   5.3   2   4     0.028       4.8    4.2   0.1   333   371    80   118    55   124 0.77 -
scaffold_3:15599116-15599997  -            294 2018at71240          -           1056   7.6e-12   43.2   5.3   3   4   1.2e-07     2e-05   22.0   0.2    17    88   160   230   146   237 0.85 -
scaffold_3:15599116-15599997  -            294 2018at71240          -           1056   7.6e-12   43.2   5.3   4   4   5.4e-06   0.00091   16.5   0.1   309   352   238   282   232   290 0.85 -
scaffold_646:21961-21080      -            294 2018at71240          -           1056   7.6e-12   43.2   5.3   1   4       1.2   2.1e+02   -1.3   0.0    28    56     9    37     2    74 0.76 -
scaffold_646:21961-21080      -            294 2018at71240          -           1056   7.6e-12   43.2   5.3   2   4     0.028       4.8    4.2   0.1   333   371    80   118    55   124 0.77 -
scaffold_646:21961-21080      -            294 2018at71240          -           1056   7.6e-12   43.2   5.3   3   4   1.2e-07     2e-05   22.0   0.2    17    88   160   230   146   237 0.85 -
scaffold_646:21961-21080      -            294 2018at71240          -           1056   7.6e-12   43.2   5.3   4   4   5.4e-06   0.00091   16.5   0.1   309   352   238   282   232   290 0.85 -
scaffold_1:19355334-19353706  -            301 2018at71240          -           1056   3.5e-11   41.0  11.5   1   4     8e-05     0.013   12.6   1.4    16    91    15    92     8    98 0.77 -
scaffold_1:19355334-19353706  -            301 2018at71240          -           1056   3.5e-11   41.0  11.5   2   4   1.5e-05    0.0025   15.0   0.0   334   370   112   148    93   155 0.84 -
scaffold_1:19355334-19353706  -            301 2018at71240          -           1056   3.5e-11   41.0  11.5   3   4     0.099        17    2.4   0.0   335   359   155   179   151   198 0.80 -
scaffold_1:19355334-19353706  -            301 2018at71240          -           1056   3.5e-11   41.0  11.5   4   4   1.3e-05    0.0022   15.2   0.2   309   375   222   283   215   292 0.85 -
scaffold_9:9060611-9061603    -            331 2018at71240          -           1056   1.5e-10   38.9   4.6   1   4       1.1   1.9e+02   -1.1   0.0   335   362    60    85    27   106 0.73 -
scaffold_9:9060611-9061603    -            331 2018at71240          -           1056   1.5e-10   38.9   4.6   2   4     0.015       2.5    5.1   0.2   330   372   129   171   102   176 0.81 -
scaffold_9:9060611-9061603    -            331 2018at71240          -           1056   1.5e-10   38.9   4.6   3   4   1.1e-07   1.8e-05   22.1   0.6    17    89   212   283   193   289 0.81 -
scaffold_9:9060611-9061603    -            331 2018at71240          -           1056   1.5e-10   38.9   4.6   4   4   0.00046     0.078   10.1   0.0   309   349   290   330   285   331 0.95 -
scaffold_2:17927380-17926673  -            236 2018at71240          -           1056   1.3e-08   32.6   0.3   1   3    0.0096       1.6    5.7   0.0   333   371    39    77    15   107 0.57 -
scaffold_2:17927380-17926673  -            236 2018at71240          -           1056   1.3e-08   32.6   0.3   2   3   9.3e-07   0.00016   19.0   0.2    17    89   119   190   114   196 0.84 -
scaffold_2:17927380-17926673  -            236 2018at71240          -           1056   1.3e-08   32.6   0.3   3   3      0.02       3.3    4.7   0.0   309   345   198   235   193   236 0.84 -
scaffold_3:12276866-12276213  -            218 2018at71240          -           1056   1.7e-08   32.2   1.2   1   3     0.015       2.5    5.1   0.0   334   373    19    58     5    81 0.57 -
scaffold_3:12276866-12276213  -            218 2018at71240          -           1056   1.7e-08   32.2   1.2   2   3   3.1e-05    0.0052   14.0   0.5    18    88    99   165    89   172 0.76 -
scaffold_3:12276866-12276213  -            218 2018at71240          -           1056   1.7e-08   32.2   1.2   3   3   0.00035     0.059   10.5   0.0   309   350   174   216   168   218 0.86 -
scaffold_7:13281590-13282249  -            220 2018at71240          -           1056   4.1e-08   30.9   0.7   1   3   6.7e-07   0.00011   19.5   0.1     6    88    32   118    27   124 0.84 -
scaffold_7:13281590-13282249  -            220 2018at71240          -           1056   4.1e-08   30.9   0.7   2   3     0.015       2.5    5.1   0.0   333   371   142   183   125   197 0.78 -
scaffold_7:13281590-13282249  -            220 2018at71240          -           1056   4.1e-08   30.9   0.7   3   3    0.0029      0.49    7.4   0.0   309   355   171   215   162   218 0.87 -
scaffold_10:13490428-13491339 -            304 2018at71240          -           1056   5.3e-08   30.5   6.2   1   5     0.018       3.1    4.8   0.0    25    68    33    76    23   103 0.81 -
scaffold_10:13490428-13491339 -            304 2018at71240          -           1056   5.3e-08   30.5   6.2   2   5      0.27        45    0.9   0.1   335   371   109   145    83   149 0.79 -
scaffold_10:13490428-13491339 -            304 2018at71240          -           1056   5.3e-08   30.5   6.2   3   5      0.48        80    0.1   0.1   331   352   146   167   118   183 0.78 -
scaffold_10:13490428-13491339 -            304 2018at71240          -           1056   5.3e-08   30.5   6.2   4   5   1.2e-05     0.002   15.3   0.5    19    88   188   257   180   264 0.74 -
scaffold_10:13490428-13491339 -            304 2018at71240          -           1056   5.3e-08   30.5   6.2   5   5    0.0012      0.21    8.6   0.0   309   351   265   304   260   304 0.84 -
scaffold_2:35127136-35120798  -            939 2018at71240          -           1056   5.9e-08   30.3   3.4   1   5   0.00018      0.03   11.4   0.0   276   372    63   156    37   160 0.78 -
scaffold_2:35127136-35120798  -            939 2018at71240          -           1056   5.9e-08   30.3   3.4   2   5    0.0089       1.5    5.8   0.2   335   372   161   198   157   204 0.83 -
scaffold_2:35127136-35120798  -            939 2018at71240          -           1056   5.9e-08   30.3   3.4   3   5      0.61     1e+02   -0.3   0.1    45    93   387   436   377   440 0.85 -
scaffold_2:35127136-35120798  -            939 2018at71240          -           1056   5.9e-08   30.3   3.4   4   5      0.22        38    1.2   0.0   335   376   453   494   448   499 0.90 -
scaffold_2:35127136-35120798  -            939 2018at71240          -           1056   5.9e-08   30.3   3.4   5   5    0.0036      0.61    7.1   0.0   318   372   571   627   526   662 0.76 -
scaffold_7:6675301-6674468    -            278 2018at71240          -           1056     8e-08   29.9  11.8   1   4   0.00031     0.052   10.7   0.2    27    92     7    72     3    75 0.80 -
scaffold_7:6675301-6674468    -            278 2018at71240          -           1056     8e-08   29.9  11.8   2   4   0.00064      0.11    9.6   0.2   309   363    74   123    72   131 0.67 -
scaffold_7:6675301-6674468    -            278 2018at71240          -           1056     8e-08   29.9  11.8   3   4    0.0052      0.87    6.6   0.1   333   374   132   173   127   201 0.81 -
scaffold_7:6675301-6674468    -            278 2018at71240          -           1056     8e-08   29.9  11.8   4   4     0.001      0.17    9.0   0.3   329   367   216   254   190   261 0.87 -
scaffold_8:25889911-25889123  -            263 2018at71240          -           1056     9e-08   29.7   0.1   1   3    0.0077       1.3    6.0   0.0    18    86    48   116    37   125 0.82 -
scaffold_8:25889911-25889123  -            263 2018at71240          -           1056     9e-08   29.7   0.1   2   3   2.3e-05    0.0039   14.4   0.0    22    92   142   215   124   220 0.78 -
scaffold_8:25889911-25889123  -            263 2018at71240          -           1056     9e-08   29.7   0.1   3   3    0.0079       1.3    6.0   0.0   309   351   221   261   218   263 0.85 -
scaffold_8:26144188-26143529  -            220 2018at71240          -           1056   1.5e-07   28.9   3.2   1   4    0.0092       1.6    5.8   0.0   334   376    26    68     2    73 0.62 -
scaffold_8:26144188-26143529  -            220 2018at71240          -           1056   1.5e-07   28.9   3.2   2   4   0.00044     0.075   10.1   0.0   334   361    69    96    65   105 0.73 -
scaffold_8:26144188-26143529  -            220 2018at71240          -           1056   1.5e-07   28.9   3.2   3   4   6.1e-05      0.01   13.0   0.4    29    85   114   172   108   183 0.77 -
scaffold_8:26144188-26143529  -            220 2018at71240          -           1056   1.5e-07   28.9   3.2   4   4     0.064        11    3.0   0.1   333   358   155   180   150   193 0.78 -
scaffold_1:24086518-24087405  -            296 2018at71240          -           1056   3.2e-07   27.9  14.9   1   4   7.5e-05     0.013   12.7   0.3    26    93    24    91     9    94 0.86 -
scaffold_1:24086518-24087405  -            296 2018at71240          -           1056   3.2e-07   27.9  14.9   2   4    0.0016      0.27    8.3   0.1   328   361   104   138    90   145 0.67 -
scaffold_1:24086518-24087405  -            296 2018at71240          -           1056   3.2e-07   27.9  14.9   3   4     0.006         1    6.4   0.1   331   373   148   190   141   220 0.78 -
scaffold_1:24086518-24087405  -            296 2018at71240          -           1056   3.2e-07   27.9  14.9   4   4    0.0007      0.12    9.5   1.1    31    84   243   296   219   296 0.75 -
scaffold_1:44068312-44067653  -            220 2018at71240          -           1056   2.6e-06   24.9   0.5   1   3   9.3e-06    0.0016   15.7   0.1     7    88    33   118    27   123 0.76 -
scaffold_1:44068312-44067653  -            220 2018at71240          -           1056   2.6e-06   24.9   0.5   2   3     0.018         3    4.8   0.0   334   369   143   181   128   185 0.76 -
scaffold_1:44068312-44067653  -            220 2018at71240          -           1056   2.6e-06   24.9   0.5   3   3     0.024         4    4.4   0.0   309   356   171   216   166   218 0.77 -
scaffold_4:2601630-2600986    -            215 2018at71240          -           1056     6e-06   23.7   2.1   1   3    0.0017      0.29    8.2   0.0    36    88     5    56     1    65 0.82 -
scaffold_4:2601630-2600986    -            215 2018at71240          -           1056     6e-06   23.7   2.1   2   3    0.0032      0.53    7.3   0.4    26    87    84   147    64   155 0.68 -
scaffold_4:2601630-2600986    -            215 2018at71240          -           1056     6e-06   23.7   2.1   3   3    0.0078       1.3    6.0   0.0   309   357   157   206   154   209 0.78 -
scaffold_1:43226192-43226785  -            198 2018at71240          -           1056   1.6e-05   22.3   1.1   1   2      0.02       3.4    4.6   0.1    17    91     4    78     1    89 0.81 -
scaffold_1:43226192-43226785  -            198 2018at71240          -           1056   1.6e-05   22.3   1.1   2   2   0.00035     0.058   10.5   0.1   310   369   138   190   135   196 0.80 -
scaffold_13:1668070-1671840   -            474 2018at71240          -           1056   3.1e-05   21.3   0.9   1   2   0.00016     0.026   11.6   0.2   331   447   193   302   171   346 0.79 -
scaffold_13:1668070-1671840   -            474 2018at71240          -           1056   3.1e-05   21.3   0.9   2   2    0.0016      0.28    8.3   0.0   330   376   409   455   392   471 0.85 -
scaffold_10:5171503-5172159   -            219 2018at71240          -           1056   4.1e-05   20.9   2.1   1   2    0.0017      0.29    8.2   0.5   325   353    67    95    52   107 0.84 -
scaffold_10:5171503-5172159   -            219 2018at71240          -           1056   4.1e-05   20.9   2.1   2   2   0.00011     0.018   12.1   0.1    28    92   118   191   103   195 0.74 -
scaffold_1:20070477-20071268  -            264 2018at71240          -           1056   8.6e-05   19.9   0.1   1   3      0.36        60    0.5   0.0   334   368    46    80    11    88 0.85 -
scaffold_1:20070477-20071268  -            264 2018at71240          -           1056   8.6e-05   19.9   0.1   2   3     5e-06   0.00084   16.6   0.0   316   375    68   131    53   135 0.81 -
scaffold_1:20070477-20071268  -            264 2018at71240          -           1056   8.6e-05   19.9   0.1   3   3      0.44        73    0.2   0.0   340   372   137   170   129   183 0.79 -
scaffold_2:6151956-6161010    -            469 2018at71240          -           1056   0.00013   19.2   0.2   1   2     5e-05    0.0084   13.3   0.1    27    93   174   241   151   291 0.78 -
scaffold_2:6151956-6161010    -            469 2018at71240          -           1056   0.00013   19.2   0.2   2   2     0.046       7.8    3.4   0.0    22    87   401   468   389   469 0.84 -
scaffold_1:24065351-24064614  -            246 2018at71240          -           1056   0.00017   18.9   6.0   1   3         1   1.7e+02   -1.0   0.0    26    46    25    45     9    60 0.77 -
scaffold_1:24065351-24064614  -            246 2018at71240          -           1056   0.00017   18.9   6.0   2   3    0.0038      0.64    7.0   0.4    29    96    99   166    83   173 0.83 -
scaffold_1:24065351-24064614  -            246 2018at71240          -           1056   0.00017   18.9   6.0   3   3     4e-05    0.0067   13.6   0.3    16    84   178   246   170   246 0.83 -
scaffold_2:13999900-14007591  -            459 2018at71240          -           1056   0.00019   18.8   1.2   1   2     4e-05    0.0067   13.6   0.8    28   117   162   249   138   312 0.79 -
scaffold_2:13999900-14007591  -            459 2018at71240          -           1056   0.00019   18.8   1.2   2   2     0.054         9    3.2   0.0    21    88   388   457   377   459 0.83 -
scaffold_6:11383122-11375382  -            783 2018at71240          -           1056   0.00022   18.5   2.0   1   5    0.0063       1.1    6.3   0.0   309   352    49    95    40   119 0.88 -
scaffold_6:11383122-11375382  -            783 2018at71240          -           1056   0.00022   18.5   2.0   2   5       2.2   3.7e+02   -2.1   0.0   331   351   124   144    99   148 0.76 -
scaffold_6:11383122-11375382  -            783 2018at71240          -           1056   0.00022   18.5   2.0   3   5     0.068        11    2.9   0.0   309   351   211   253   195   258 0.88 -
scaffold_6:11383122-11375382  -            783 2018at71240          -           1056   0.00022   18.5   2.0   4   5       1.2     2e+02   -1.2   0.1   334   359   321   346   291   359 0.77 -
scaffold_6:11383122-11375382  -            783 2018at71240          -           1056   0.00022   18.5   2.0   5   5     0.018       3.1    4.8   0.0   292   367   602   686   573   722 0.65 -
scaffold_7:18460526-18462320  -            325 2018at71240          -           1056   0.00022   18.5   0.1   1   3    0.0015      0.25    8.4   0.0   338   412    46   121    27   136 0.70 -
scaffold_7:18460526-18462320  -            325 2018at71240          -           1056   0.00022   18.5   0.1   2   3    0.0068       1.1    6.2   0.0   336   407    91   155    85   207 0.80 -
scaffold_7:18460526-18462320  -            325 2018at71240          -           1056   0.00022   18.5   0.1   3   3    0.0041      0.68    7.0   0.0    26   126   210   310   193   319 0.74 -
scaffold_5:12040144-12037160  -            236 2018at71240          -           1056   0.00026   18.3   1.0   1   2   2.1e-05    0.0036   14.5   0.4    30    93    12    76     6    95 0.89 -
scaffold_5:12040144-12037160  -            236 2018at71240          -           1056   0.00026   18.3   1.0   2   2       0.1        17    2.3   0.0    21    87   167   235   154   236 0.82 -
scaffold_8:4801181-4795460    -            887 2018at71240          -           1056   0.00027   18.2   0.6   1   4       1.8     3e+02   -1.8   0.0   948   977    95   123    89   127 0.78 -
scaffold_8:4801181-4795460    -            887 2018at71240          -           1056   0.00027   18.2   0.6   2   4     0.017       2.8    4.9   0.1   335   393   390   443   368   461 0.52 -
scaffold_8:4801181-4795460    -            887 2018at71240          -           1056   0.00027   18.2   0.6   3   4    0.0012      0.19    8.8   0.0   322   376   462   517   456   528 0.89 -
scaffold_8:4801181-4795460    -            887 2018at71240          -           1056   0.00027   18.2   0.6   4   4      0.59     1e+02   -0.2   0.0   335   374   517   556   516   560 0.79 -
scaffold_8:9674482-9674832    -            117 2018at71240          -           1056   0.00051   17.3   0.1   1   2   7.9e-05     0.013   12.6   0.0   333   376    14    57     3    64 0.87 -
scaffold_8:9674482-9674832    -            117 2018at71240          -           1056   0.00051   17.3   0.1   2   2      0.04       6.8    3.6   0.1    27    84    58   115    56   117 0.55 -
scaffold_7:14309965-14311621  -            549 2018at71240          -           1056   0.00059   17.1   0.1   1   2    0.0041      0.69    6.9   0.0    29    89   281   342   256   357 0.60 -
scaffold_7:14309965-14311621  -            549 2018at71240          -           1056   0.00059   17.1   0.1   2   2    0.0022      0.38    7.8   0.0   331   373   363   405   355   413 0.88 -
scaffold_1:40820116-40819244  -            291 2018at71240          -           1056   0.00076   16.7   5.2   1   4       9.3   1.6e+03   -4.2   0.0    29    43    17    31    12    37 0.78 -
scaffold_1:40820116-40819244  -            291 2018at71240          -           1056   0.00076   16.7   5.2   2   4       4.1   6.8e+02   -3.0   0.0   329   354    62    87    40    99 0.72 -
scaffold_1:40820116-40819244  -            291 2018at71240          -           1056   0.00076   16.7   5.2   3   4   8.9e-05     0.015   12.4   0.0     7    87   164   249   159   255 0.79 -
scaffold_1:40820116-40819244  -            291 2018at71240          -           1056   0.00076   16.7   5.2   4   4    0.0083       1.4    5.9   0.2   310   350   260   290   251   291 0.85 -
scaffold_3:2087971-2098462    -            494 2018at71240          -           1056    0.0011   16.2   0.2   1   2     0.003      0.51    7.4   0.0   292   420   220   338   207   345 0.72 -
scaffold_3:2087971-2098462    -            494 2018at71240          -           1056    0.0011   16.2   0.2   2   2    0.0059      0.99    6.4   0.2   337   358   344   365   338   397 0.81 -
scaffold_15:877044-882170     -            518 2018at71240          -           1056    0.0019   15.4   0.0   1   3      0.35        59    0.5   0.0    15    46   158   189   154   193 0.86 -
scaffold_15:877044-882170     -            518 2018at71240          -           1056    0.0019   15.4   0.0   2   3   0.00024      0.04   11.0   0.0   309   368   261   312   243   333 0.84 -
scaffold_15:877044-882170     -            518 2018at71240          -           1056    0.0019   15.4   0.0   3   3         2   3.4e+02   -2.0   0.0   337   360   362   385   356   391 0.76 -
scaffold_18:2467135-2472261   -            518 2018at71240          -           1056     0.002   15.3   0.0   1   3      0.35        59    0.5   0.0    15    46   158   189   154   193 0.86 -
scaffold_18:2467135-2472261   -            518 2018at71240          -           1056     0.002   15.3   0.0   2   3   0.00024      0.04   11.0   0.0   309   368   261   312   243   333 0.84 -
scaffold_18:2467135-2472261   -            518 2018at71240          -           1056     0.002   15.3   0.0   3   3       2.6   4.3e+02   -2.3   0.0   337   360   362   385   357   390 0.74 -
scaffold_8:1513000-1513385    -            104 2018at71240          -           1056    0.0024   15.1   0.7   1   1     2e-05    0.0033   14.6   0.2   334   374     9    49     3    58 0.89 -
scaffold_3:8977187-8976264    -            308 2018at71240          -           1056    0.0025   15.0   4.6   1   3      0.12        20    2.1   0.3    29    87   115   171    98   180 0.71 -
scaffold_3:8977187-8976264    -            308 2018at71240          -           1056    0.0025   15.0   4.6   2   3   0.00034     0.058   10.5   0.4     6    87   179   262   174   269 0.79 -
scaffold_3:8977187-8976264    -            308 2018at71240          -           1056    0.0025   15.0   4.6   3   3     0.062        10    3.0   0.0   309   349   272   308   266   308 0.86 -
scaffold_11:15302163-15301772 -            105 2018at71240          -           1056    0.0029   14.8   0.9   1   1   2.1e-05    0.0036   14.5   0.2   334   374     9    49     4    58 0.89 -
scaffold_9:4768106-4777901    -           1673 2018at71240          -           1056    0.0031   14.7   0.5   1   2    0.0061         1    6.4   0.1    18    90  1330  1403  1315  1410 0.79 -
scaffold_9:4768106-4777901    -           1673 2018at71240          -           1056    0.0031   14.7   0.5   2   2    0.0058      0.97    6.4   0.0   321   352  1547  1578  1483  1596 0.79 -
scaffold_3:16734011-16726959  -            435 2018at71240          -           1056    0.0033   14.6   3.9   1   4       3.1   5.2e+02   -2.6   0.0   333   353    55    75    36    80 0.77 -
scaffold_3:16734011-16726959  -            435 2018at71240          -           1056    0.0033   14.6   3.9   2   4     0.001      0.17    8.9   0.3   333   426   115   205    83   234 0.72 -
scaffold_3:16734011-16726959  -            435 2018at71240          -           1056    0.0033   14.6   3.9   3   4      0.23        39    1.1   0.0   335   360   325   350   306   381 0.72 -
scaffold_3:16734011-16726959  -            435 2018at71240          -           1056    0.0033   14.6   3.9   4   4      0.81   1.4e+02   -0.7   0.0    25    45   409   429   386   433 0.79 -
scaffold_3:14298985-14299500  -            172 2018at71240          -           1056    0.0042   14.3   2.3   1   2    0.0024       0.4    7.7   0.2   334   368    47    81    37    89 0.82 -
scaffold_3:14298985-14299500  -            172 2018at71240          -           1056    0.0042   14.3   2.3   2   2    0.0009      0.15    9.1   0.2   317   354    72   109    70   117 0.82 -
scaffold_10:7189975-7187202   -            514 2018at71240          -           1056    0.0048   14.1   0.4   1   3      0.13        21    2.0   0.0   930   974   248   292   232   312 0.74 -
scaffold_10:7189975-7187202   -            514 2018at71240          -           1056    0.0048   14.1   0.4   2   3       4.8     8e+02   -3.2   0.0    30    79   321   370   316   383 0.51 -
scaffold_10:7189975-7187202   -            514 2018at71240          -           1056    0.0048   14.1   0.4   3   3     0.001      0.17    8.9   0.0   331   377   444   490   418   511 0.87 -
scaffold_3:1358449-1362829    -            548 2018at71240          -           1056    0.0096   13.1   1.1   1   3      0.69   1.2e+02   -0.4   0.0   944   974    63    93    54   110 0.75 -
scaffold_3:1358449-1362829    -            548 2018at71240          -           1056    0.0096   13.1   1.1   2   3   0.00049     0.082   10.0   0.1   331   374   122   165   106   174 0.82 -
scaffold_3:1358449-1362829    -            548 2018at71240          -           1056    0.0096   13.1   1.1   3   3      0.74   1.3e+02   -0.5   0.0    46    78   323   356   308   367 0.79 -
scaffold_1:30388103-30383014  -            511 2018at71240          -           1056     0.011   12.9   0.0   1   3       1.9   3.2e+02   -1.9   0.0    16    45   157   186   153   190 0.78 -
scaffold_1:30388103-30383014  -            511 2018at71240          -           1056     0.011   12.9   0.0   2   3      0.31        52    0.7   0.0   323   368   218   263   216   272 0.86 -
scaffold_1:30388103-30383014  -            511 2018at71240          -           1056     0.011   12.9   0.0   3   3    0.0004     0.068   10.3   0.0   308   367   253   304   248   312 0.83 -
scaffold_1:27517161-27517535  -            125 2018at71240          -           1056     0.014   12.5   0.1   1   2     0.068        12    2.9   0.0   334   368    53    87    36    93 0.86 -
scaffold_1:27517161-27517535  -            125 2018at71240          -           1056     0.014   12.5   0.1   2   2    0.0006       0.1    9.7   0.0   317   360    76   122    71   125 0.73 -
scaffold_7:8827588-8816968    -            904 2018at71240          -           1056     0.015   12.4   1.7   1   2     0.039       6.5    3.7   0.1   942   978   220   256   165   349 0.60 -
scaffold_7:8827588-8816968    -            904 2018at71240          -           1056     0.015   12.4   1.7   2   2    0.0028      0.47    7.5   0.2   324   375   559   609   494   615 0.88 -
scaffold_4:15843959-15843795  -             55 2018at71240          -           1056     0.019   12.1   1.2   1   2   0.00045     0.076   10.1   0.2   337   369     1    33     1    42 0.83 -
scaffold_4:15843959-15843795  -             55 2018at71240          -           1056     0.019   12.1   1.2   2   2     0.022       3.7    4.5   0.1   321   349    27    55    23    55 0.82 -
scaffold_5:13381965-13381801  -             55 2018at71240          -           1056     0.019   12.1   1.2   1   2   0.00045     0.076   10.1   0.2   337   369     1    33     1    42 0.83 -
scaffold_5:13381965-13381801  -             55 2018at71240          -           1056     0.019   12.1   1.2   2   2     0.022       3.7    4.5   0.1   321   349    27    55    23    55 0.82 -
scaffold_7:27377470-27377222  -             83 2018at71240          -           1056      0.02   12.0   1.4   1   1   0.00023     0.038   11.1   0.7   333   373    25    65     7    81 0.82 -
scaffold_7:26843287-26842754  -            178 2018at71240          -           1056     0.024   11.8   2.2   1   2    0.0021      0.35    7.9   0.4   328   419    18   108     3   134 0.54 -
scaffold_7:26843287-26842754  -            178 2018at71240          -           1056     0.024   11.8   2.2   2   2      0.34        57    0.6   0.1   334   357   152   175   135   177 0.67 -
scaffold_1:23433367-23432822  -            182 2018at71240          -           1056     0.025   11.7   0.1   1   1   0.00014     0.024   11.8   0.1    17    89    12    88     1   144 0.75 -
scaffold_1:8929384-8929866    -            161 2018at71240          -           1056      0.03   11.4   0.1   1   2       1.7   2.9e+02   -1.7   0.0   339   360     7    30     4    56 0.80 -
scaffold_1:8929384-8929866    -            161 2018at71240          -           1056      0.03   11.4   0.1   2   2   0.00031     0.052   10.7   0.0    47    88    70   111    25   133 0.80 -
scaffold_13:90865-91041       -             59 2018at71240          -           1056     0.033   11.3   0.0   1   1   0.00022     0.038   11.1   0.0   336   374    11    49     7    55 0.92 -
scaffold_1:45747022-45747213  -             64 2018at71240          -           1056     0.039   11.1   0.0   1   1   0.00025     0.042   11.0   0.0   336   374    16    54     7    60 0.92 -
scaffold_1:31809823-31809317  -            169 2018at71240          -           1056      0.04   11.0   2.8   1   4      0.13        22    2.0   0.1   324   352     5    33     2    63 0.69 -
scaffold_1:31809823-31809317  -            169 2018at71240          -           1056      0.04   11.0   2.8   2   4     0.012         2    5.4   0.1   334   375    61   102    36   110 0.88 -
scaffold_1:31809823-31809317  -            169 2018at71240          -           1056      0.04   11.0   2.8   3   4    0.0041      0.69    6.9   0.1    28    87    62   121    55   128 0.65 -
scaffold_1:31809823-31809317  -            169 2018at71240          -           1056      0.04   11.0   2.8   4   4      0.31        53    0.7   0.1   334   357   143   166   126   168 0.67 -
scaffold_3:3987053-3989579    -            452 2018at71240          -           1056     0.047   10.8   2.2   1   5       4.8   8.2e+02   -3.2   0.1    53    71   205   223   172   247 0.48 -
scaffold_3:3987053-3989579    -            452 2018at71240          -           1056     0.047   10.8   2.2   2   5       3.4   5.6e+02   -2.7   0.0    35    73   270   307   262   321 0.45 -
scaffold_3:3987053-3989579    -            452 2018at71240          -           1056     0.047   10.8   2.2   3   5     0.076        13    2.7   0.0   532   588   354   407   341   408 0.51 -
scaffold_3:3987053-3989579    -            452 2018at71240          -           1056     0.047   10.8   2.2   4   5   0.00067      0.11    9.5   0.0   331   377   385   431   374   440 0.87 -
scaffold_3:3987053-3989579    -            452 2018at71240          -           1056     0.047   10.8   2.2   5   5      0.15        25    1.8   0.0   310   352   414   449   412   451 0.78 -
scaffold_1:17463008-17466399  -            701 2018at71240          -           1056     0.067   10.3   0.1   1   3     0.038       6.4    3.7   0.0   312   387   202   269   189   283 0.63 -
scaffold_1:17463008-17466399  -            701 2018at71240          -           1056     0.067   10.3   0.1   2   3       2.4     4e+02   -2.2   0.0   333   353   347   367   338   399 0.79 -
scaffold_1:17463008-17466399  -            701 2018at71240          -           1056     0.067   10.3   0.1   3   3     0.047       7.9    3.4   0.0    25    85   394   458   379   467 0.73 -
#
# Program:         hmmsearch
# Version:         3.3.2 (Nov 2020)
# Pipeline mode:   SEARCH
# Query file:      /scratch/srb67793/Pelargonium/scripts/busco_downloads/lineages/eudicots_odb10/hmms/2018at71240.hmm
# Target file:     /scratch/srb67793/Pelargonium/scripts/scratch/srb67793/Pelargonium/Results2/HiFiASM_OmniC/P_citronellum-hap1-scaffolds-busco/run_eudicots_odb10/metaeuk_output/initial_results/P_citronellum-hap1_scaffolds_final.fa.modified.fas
# Option settings: hmmsearch --domtblout /scratch/srb67793/Pelargonium/scripts/scratch/srb67793/Pelargonium/Results2/HiFiASM_OmniC/P_citronellum-hap1-scaffolds-busco/run_eudicots_odb10/hmmer_output/initial_run_results/2018at71240.out --cpu 1 /scratch/srb67793/Pelargonium/scripts/busco_downloads/lineages/eudicots_odb10/hmms/2018at71240.hmm /scratch/srb67793/Pelargonium/scripts/scratch/srb67793/Pelargonium/Results2/HiFiASM_OmniC/P_citronellum-hap1-scaffolds-busco/run_eudicots_odb10/metaeuk_output/initial_results/P_citronellum-hap1_scaffolds_final.fa.modified.fas 
# Current dir:     /scratch/srb67793/Pelargonium/scripts
# Date:            Fri Jul 19 10:32:50 2024
# [ok]
