#                                                                                     --- full sequence --- -------------- this domain -------------   hmm coord   ali coord   env coord
# target name                 accession   tlen query name           accession   qlen   E-value  score  bias   #  of  c-Evalue  i-Evalue  score  bias  from    to  from    to  from    to  acc description of target
#         ------------------- ---------- ----- -------------------- ---------- ----- --------- ------ ----- --- --- --------- --------- ------ ----- ----- ----- ----- ----- ----- ----- ---- ---------------------
scaffold_10:1141087-1146650   -            827 27693at71240         -            597  2.7e-218  725.5  36.6   1   2   6.1e-18   1.3e-15   56.2   0.6     1    39     1    39     1    46 0.96 -
scaffold_10:1141087-1146650   -            827 27693at71240         -            597  2.7e-218  725.5  36.6   2   2  6.1e-201  1.3e-198  660.5  29.7    42   597    74   778    67   778 0.83 -
scaffold_6:11383122-11375382  -            783 27693at71240         -            597   5.9e-18   63.9  11.3   1   4    0.0015      0.31    8.7   0.3   177   243    83   144    71   152 0.78 -
scaffold_6:11383122-11375382  -            783 27693at71240         -            597   5.9e-18   63.9  11.3   2   4    0.0015      0.32    8.6   0.0   203   243   211   253   176   271 0.72 -
scaffold_6:11383122-11375382  -            783 27693at71240         -            597   5.9e-18   63.9  11.3   3   4   1.3e-09   2.7e-07   28.7   0.3   191   328   280   430   276   443 0.79 -
scaffold_6:11383122-11375382  -            783 27693at71240         -            597   5.9e-18   63.9  11.3   4   4     1e-07   2.1e-05   22.4   0.1   195   329   625   779   599   783 0.66 -
scaffold_7:13281590-13282249  -            220 27693at71240         -            597   1.8e-10   39.2   2.0   1   3    0.0027      0.57    7.8   0.1   302   334     1    31     1    47 0.84 -
scaffold_7:13281590-13282249  -            220 27693at71240         -            597   1.8e-10   39.2   2.0   2   3     1e-05    0.0022   15.8   0.1   258   334    40   118    29   130 0.78 -
scaffold_7:13281590-13282249  -            220 27693at71240         -            597   1.8e-10   39.2   2.0   3   3   2.9e-05    0.0061   14.3   0.0   167   245   139   213   134   219 0.86 -
scaffold_1:17463008-17466399  -            701 27693at71240         -            597   8.2e-10   37.0   0.0   1   2      0.25        53    1.3   0.0   299   334   200   235   191   262 0.88 -
scaffold_1:17463008-17466399  -            701 27693at71240         -            597   8.2e-10   37.0   0.0   2   2   4.9e-11     1e-08   33.4   0.0   212   336   336   463   323   519 0.78 -
scaffold_1:19355334-19353706  -            301 27693at71240         -            597   4.7e-09   34.5   8.8   1   4   0.00038     0.081   10.6   0.1   291   337     3    49     1    54 0.89 -
scaffold_1:19355334-19353706  -            301 27693at71240         -            597   4.7e-09   34.5   8.8   2   4   0.00055      0.12   10.1   0.3   297   331    51    85    43    89 0.87 -
scaffold_1:19355334-19353706  -            301 27693at71240         -            597   4.7e-09   34.5   8.8   3   4       1.3   2.7e+02   -1.0   0.0   221   244   107   130    91   138 0.69 -
scaffold_1:19355334-19353706  -            301 27693at71240         -            597   4.7e-09   34.5   8.8   4   4   2.8e-06    0.0006   17.7   0.4   203   338   137   265   129   280 0.73 -
scaffold_1:44068312-44067653  -            220 27693at71240         -            597   7.2e-09   33.9   5.3   1   4     0.024         5    4.7   0.1   302   332     1    29     1    36 0.88 -
scaffold_1:44068312-44067653  -            220 27693at71240         -            597   7.2e-09   33.9   5.3   2   4    0.0024      0.51    8.0   0.1   296   331    35    69    28    79 0.89 -
scaffold_1:44068312-44067653  -            220 27693at71240         -            597   7.2e-09   33.9   5.3   3   4    0.0067       1.4    6.5   0.0   295   334    79   118    72   129 0.83 -
scaffold_1:44068312-44067653  -            220 27693at71240         -            597   7.2e-09   33.9   5.3   4   4   1.2e-05    0.0026   15.6   0.1   170   245   142   213   118   219 0.86 -
scaffold_8:25889911-25889123  -            263 27693at71240         -            597   9.8e-09   33.5   1.2   1   3     0.016       3.4    5.3   0.0   297   336    39    78    29    87 0.85 -
scaffold_8:25889911-25889123  -            263 27693at71240         -            597   9.8e-09   33.5   1.2   2   3   4.1e-08   8.6e-06   23.7   0.1   229   336   102   213    86   220 0.79 -
scaffold_8:25889911-25889123  -            263 27693at71240         -            597   9.8e-09   33.5   1.2   3   3     0.004      0.84    7.3   0.0   171   243   192   261   181   263 0.85 -
scaffold_7:8827588-8816968    -            904 27693at71240         -            597   1.2e-08   33.1   5.8   1   2   1.1e-06   0.00024   19.0   0.3   223   332   190   297   147   302 0.77 -
scaffold_7:8827588-8816968    -            904 27693at71240         -            597   1.2e-08   33.1   5.8   2   2   8.5e-06    0.0018   16.1   0.8   226   344   486   599   476   619 0.76 -
scaffold_4:2500094-2500996    -            301 27693at71240         -            597   2.4e-08   32.2   7.5   1   3       1.6   3.3e+02   -1.3   0.0   300   329     8    37     4    52 0.84 -
scaffold_4:2500094-2500996    -            301 27693at71240         -            597   2.4e-08   32.2   7.5   2   3   2.8e-06   0.00058   17.7   0.5   226   313    69   159    40   195 0.70 -
scaffold_4:2500094-2500996    -            301 27693at71240         -            597   2.4e-08   32.2   7.5   3   3   2.8e-06   0.00059   17.7   1.5   177   288   181   289   167   300 0.75 -
scaffold_9:11136171-11133225  -            272 27693at71240         -            597   2.6e-08   32.1   1.4   1   4      0.64   1.4e+02   -0.0   0.0   305   332     3    30     1    44 0.82 -
scaffold_9:11136171-11133225  -            272 27693at71240         -            597   2.6e-08   32.1   1.4   2   4   2.9e-06   0.00062   17.6   0.0   294   338    43    87    31    96 0.86 -
scaffold_9:11136171-11133225  -            272 27693at71240         -            597   2.6e-08   32.1   1.4   3   4     0.005       1.1    6.9   0.1   278   350   111   183   108   210 0.79 -
scaffold_9:11136171-11133225  -            272 27693at71240         -            597   2.6e-08   32.1   1.4   4   4     0.056        12    3.5   0.0   313   339   211   237   193   255 0.83 -
scaffold_8:8611836-8612741    -            302 27693at71240         -            597   4.7e-08   31.2  10.8   1   4   0.00043      0.09   10.5   0.8   161   241    62   132     9   135 0.70 -
scaffold_8:8611836-8612741    -            302 27693at71240         -            597   4.7e-08   31.2  10.8   2   4   0.00027     0.058   11.1   1.8   171   312    70   159    59   174 0.53 -
scaffold_8:8611836-8612741    -            302 27693at71240         -            597   4.7e-08   31.2  10.8   3   4   0.00011     0.022   12.5   0.6   148   244    96   194    93   202 0.73 -
scaffold_8:8611836-8612741    -            302 27693at71240         -            597   4.7e-08   31.2  10.8   4   4   9.8e-08   2.1e-05   22.5   1.5   174   288   179   290   169   301 0.81 -
scaffold_3:16734011-16726959  -            435 27693at71240         -            597   1.6e-07   29.5   0.9   1   2     1e-05    0.0022   15.8   0.1   228   340   118   228    89   246 0.83 -
scaffold_3:16734011-16726959  -            435 27693at71240         -            597   1.6e-07   29.5   0.9   2   2   0.00013     0.027   12.2   0.1   298   349   307   358   287   433 0.63 -
scaffold_2:17927380-17926673  -            236 27693at71240         -            597   3.6e-07   28.3   5.1   1   2    0.0045      0.96    7.1   0.2   299   339    24    64    11    81 0.79 -
scaffold_2:17927380-17926673  -            236 27693at71240         -            597   3.6e-07   28.3   5.1   2   2   5.3e-08   1.1e-05   23.4   1.2   227   331    82   186    65   200 0.80 -
scaffold_9:14622606-14621725  -            294 27693at71240         -            597   3.8e-07   28.2   0.8   1   3     2e-05    0.0043   14.8   0.1   277   341    23    87    10    97 0.76 -
scaffold_9:14622606-14621725  -            294 27693at71240         -            597   3.8e-07   28.2   0.8   2   3   0.00026     0.054   11.2   0.0   228   333   105   204    89   230 0.80 -
scaffold_9:14622606-14621725  -            294 27693at71240         -            597   3.8e-07   28.2   0.8   3   3    0.0027      0.56    7.8   0.1   231   330   149   251   134   271 0.56 -
scaffold_1:40820116-40819244  -            291 27693at71240         -            597   4.7e-07   27.9  11.3   1   6    0.0031      0.66    7.6   0.0   312   331    12    31     2    51 0.85 -
scaffold_1:40820116-40819244  -            291 27693at71240         -            597   4.7e-07   27.9  11.3   2   6     0.077        16    3.0   0.0   316   336    68    88    38   109 0.80 -
scaffold_1:40820116-40819244  -            291 27693at71240         -            597   4.7e-07   27.9  11.3   3   6     0.002      0.42    8.3   0.2   288   334   117   162    96   170 0.79 -
scaffold_1:40820116-40819244  -            291 27693at71240         -            597   4.7e-07   27.9  11.3   4   6    0.0037      0.77    7.4   0.1   298   331   169   201   160   205 0.86 -
scaffold_1:40820116-40819244  -            291 27693at71240         -            597   4.7e-07   27.9  11.3   5   6     0.021       4.4    4.9   0.1   291   332   207   248   200   252 0.82 -
scaffold_1:40820116-40819244  -            291 27693at71240         -            597   4.7e-07   27.9  11.3   6   6         1   2.1e+02   -0.7   0.0   228   241   276   289   253   291 0.76 -
scaffold_2:35127136-35120798  -            939 27693at71240         -            597   7.2e-07   27.3   7.4   1   4     8e-05     0.017   12.9   0.2   222   337    72   182    64   194 0.76 -
scaffold_2:35127136-35120798  -            939 27693at71240         -            597   7.2e-07   27.3   7.4   2   4      0.59   1.3e+02    0.1   0.2   230   368   498   547   368   566 0.53 -
scaffold_2:35127136-35120798  -            939 27693at71240         -            597   7.2e-07   27.3   7.4   3   4   0.00081      0.17    9.6   0.2   230   332   498   606   478   608 0.87 -
scaffold_2:35127136-35120798  -            939 27693at71240         -            597   7.2e-07   27.3   7.4   4   4   1.2e-05    0.0026   15.5   0.2   219   333   582   691   577   699 0.90 -
scaffold_1:43226192-43226785  -            198 27693at71240         -            597   9.7e-07   26.9   2.2   1   4    0.0017      0.35    8.5   0.1   302   334     1    33     1    41 0.88 -
scaffold_1:43226192-43226785  -            198 27693at71240         -            597   9.7e-07   26.9   2.2   2   4     0.033       7.1    4.2   0.1   299   337    41    78    33    83 0.82 -
scaffold_1:43226192-43226785  -            198 27693at71240         -            597   9.7e-07   26.9   2.2   3   4     0.001      0.22    9.2   0.0   289   331    83   125    74   135 0.86 -
scaffold_1:43226192-43226785  -            198 27693at71240         -            597   9.7e-07   26.9   2.2   4   4     0.075        16    3.0   0.0   228   253   154   178   131   194 0.70 -
scaffold_1:21569984-21579907  -           1357 27693at71240         -            597   1.9e-06   25.9   7.1   1   4   5.1e-05     0.011   13.5   0.1   299   335   239   275   222   291 0.86 -
scaffold_1:21569984-21579907  -           1357 27693at71240         -            597   1.9e-06   25.9   7.1   2   4      0.14        30    2.1   0.9   246   361   453   569   399   577 0.70 -
scaffold_1:21569984-21579907  -           1357 27693at71240         -            597   1.9e-06   25.9   7.1   3   4       2.5   5.4e+02   -2.0   0.0   227   250  1071  1094  1062  1103 0.75 -
scaffold_1:21569984-21579907  -           1357 27693at71240         -            597   1.9e-06   25.9   7.1   4   4   0.00033     0.071   10.8   0.0   281   365  1262  1348  1256  1355 0.74 -
scaffold_9:9060611-9061603    -            331 27693at71240         -            597   1.6e-05   22.9   7.5   1   3      0.47        99    0.4   0.0   313   337    57    81    24   102 0.68 -
scaffold_9:9060611-9061603    -            331 27693at71240         -            597   1.6e-05   22.9   7.5   2   3   3.9e-07   8.2e-05   20.5   2.0   210   332   117   239    99   253 0.84 -
scaffold_9:9060611-9061603    -            331 27693at71240         -            597   1.6e-05   22.9   7.5   3   3       0.1        21    2.6   0.1   169   241   261   330   254   331 0.74 -
scaffold_5:29222193-29218758  -            324 27693at71240         -            597   1.8e-05   22.7   3.1   1   2      0.75   1.6e+02   -0.3   0.1   175   241    75   137    21   165 0.77 -
scaffold_5:29222193-29218758  -            324 27693at71240         -            597   1.8e-05   22.7   3.1   2   2   8.5e-08   1.8e-05   22.7   0.8   159   244   231   311   224   317 0.87 -
scaffold_10:13490428-13491339 -            304 27693at71240         -            597   2.9e-05   22.0   2.7   1   2   1.4e-07   2.9e-05   22.0   2.7   210   339    92   220    27   229 0.75 -
scaffold_10:13490428-13491339 -            304 27693at71240         -            597   2.9e-05   22.0   2.7   2   2      0.23        49    1.4   0.4   168   241   235   302   230   304 0.69 -
scaffold_3:15599116-15599997  -            294 27693at71240         -            597   3.4e-05   21.8   8.3   1   2     3e-06   0.00064   17.6   2.2   209   334    64   189     5   204 0.79 -
scaffold_3:15599116-15599997  -            294 27693at71240         -            597   3.4e-05   21.8   8.3   2   2    0.0038       0.8    7.3   0.5   166   245   206   283   192   292 0.75 -
scaffold_646:21961-21080      -            294 27693at71240         -            597   3.4e-05   21.8   8.3   1   2     3e-06   0.00064   17.6   2.2   209   334    64   189     5   204 0.79 -
scaffold_646:21961-21080      -            294 27693at71240         -            597   3.4e-05   21.8   8.3   2   2    0.0038       0.8    7.3   0.5   166   245   206   283   192   292 0.75 -
scaffold_2:36510769-36509867  -            301 27693at71240         -            597   3.8e-05   21.6  13.1   1   4     0.073        15    3.1   0.1   300   336     8    44     3    56 0.83 -
scaffold_2:36510769-36509867  -            301 27693at71240         -            597   3.8e-05   21.6  13.1   2   4     0.018       3.8    5.1   0.1    81   114    58    87    43    96 0.74 -
scaffold_2:36510769-36509867  -            301 27693at71240         -            597   3.8e-05   21.6  13.1   3   4    0.0009      0.19    9.4   0.7   169   242    67   132    54   156 0.82 -
scaffold_2:36510769-36509867  -            301 27693at71240         -            597   3.8e-05   21.6  13.1   4   4   2.4e-05    0.0051   14.6   1.1   177   285   181   286   170   300 0.71 -
scaffold_6:25094914-25095564  -            217 27693at71240         -            597   4.7e-05   21.3   4.1   1   2   2.1e-06   0.00045   18.1   1.1   222   336    10   123     1   135 0.84 -
scaffold_6:25094914-25095564  -            217 27693at71240         -            597   4.7e-05   21.3   4.1   2   2     0.028       5.8    4.5   0.1   201   243   169   213   125   217 0.68 -
scaffold_3:1358449-1362829    -            548 27693at71240         -            597   6.9e-05   20.8   2.4   1   3   0.00032     0.068   10.9   0.6   272   339    80   149    64   151 0.81 -
scaffold_3:1358449-1362829    -            548 27693at71240         -            597   6.9e-05   20.8   2.4   2   3      0.19        39    1.8   0.0   299   331   151   183   148   193 0.89 -
scaffold_3:1358449-1362829    -            548 27693at71240         -            597   6.9e-05   20.8   2.4   3   3    0.0091       1.9    6.1   0.0   301   328   334   361   321   380 0.86 -
scaffold_1:24065351-24064614  -            246 27693at71240         -            597   7.2e-05   20.7   5.3   1   4     0.081        17    2.9   0.0   301   334    12    45     4    67 0.75 -
scaffold_1:24065351-24064614  -            246 27693at71240         -            597   7.2e-05   20.7   5.3   2   4     0.019         4    5.0   0.2   301   343    85   125    71   139 0.76 -
scaffold_1:24065351-24064614  -            246 27693at71240         -            597   7.2e-05   20.7   5.3   3   4   2.6e-06   0.00055   17.8   1.2   231   338   102   212    98   221 0.82 -
scaffold_1:24065351-24064614  -            246 27693at71240         -            597   7.2e-05   20.7   5.3   4   4       1.9     4e+02   -1.6   0.0   229   241   234   246   225   246 0.86 -
scaffold_3:2087971-2098462    -            494 27693at71240         -            597   9.5e-05   20.3   1.0   1   4      0.45        95    0.5   0.0   311   334   202   225   177   233 0.84 -
scaffold_3:2087971-2098462    -            494 27693at71240         -            597   9.5e-05   20.3   1.0   2   4    0.0096         2    6.0   0.0   218   243   248   273   232   281 0.66 -
scaffold_3:2087971-2098462    -            494 27693at71240         -            597   9.5e-05   20.3   1.0   3   4   0.00063      0.13    9.9   0.1   273   337   260   321   258   333 0.78 -
scaffold_3:2087971-2098462    -            494 27693at71240         -            597   9.5e-05   20.3   1.0   4   4      0.15        31    2.1   0.1   229   248   344   363   320   475 0.57 -
scaffold_4:2601630-2600986    -            215 27693at71240         -            597   0.00011   20.1   0.9   1   2   6.3e-06    0.0013   16.5   0.3   226   335    37   149     6   164 0.78 -
scaffold_4:2601630-2600986    -            215 27693at71240         -            597   0.00011   20.1   0.9   2   2       0.2        42    1.6   0.0   220   246   177   203   153   207 0.73 -
scaffold_8:4801181-4795460    -            887 27693at71240         -            597   0.00011   20.0   1.1   1   4     0.085        18    2.9   0.0   271   329   107   167    50   182 0.76 -
scaffold_8:4801181-4795460    -            887 27693at71240         -            597   0.00011   20.0   1.1   2   4      0.02       4.1    5.0   0.1   296   333   370   407   348   416 0.83 -
scaffold_8:4801181-4795460    -            887 27693at71240         -            597   0.00011   20.0   1.1   3   4    0.0028       0.6    7.8   0.1   299   334   415   450   411   482 0.79 -
scaffold_8:4801181-4795460    -            887 27693at71240         -            597   0.00011   20.0   1.1   4   4       1.5   3.2e+02   -1.3   0.0   280   333   484   534   476   551 0.74 -
scaffold_1:6697391-6734547    -            845 27693at71240         -            597   0.00018   19.3   0.1   1   1   1.5e-06   0.00032   18.6   0.1   268   346   580   656   565   675 0.84 -
scaffold_10:767516-767007     -            170 27693at71240         -            597    0.0002   19.2   3.6   1   2   3.4e-05    0.0071   14.1   0.2   299   332     1    34     1    45 0.86 -
scaffold_10:767516-767007     -            170 27693at71240         -            597    0.0002   19.2   3.6   2   2     0.013       2.8    5.5   0.5   203   330    48   168    36   170 0.57 -
scaffold_4:5706352-5706648    -             99 27693at71240         -            597   0.00022   19.1   2.5   1   2   1.8e-05    0.0039   15.0   0.2   300   332     2    34     1    43 0.89 -
scaffold_4:5706352-5706648    -             99 27693at71240         -            597   0.00022   19.1   2.5   2   2     0.021       4.3    4.9   0.2   298   334    48    87    36    98 0.79 -
scaffold_16:2159468-2153630   -            432 27693at71240         -            597    0.0014   16.4   0.4   1   3      0.11        23    2.5   0.0   297   319    84   106    72   109 0.85 -
scaffold_16:2159468-2153630   -            432 27693at71240         -            597    0.0014   16.4   0.4   2   3    0.0018      0.37    8.4   0.0   283   334   274   325   272   376 0.85 -
scaffold_16:2159468-2153630   -            432 27693at71240         -            597    0.0014   16.4   0.4   3   3      0.24        50    1.4   0.0   203   241   387   427   377   429 0.68 -
scaffold_11:15302163-15301772 -            105 27693at71240         -            597    0.0022   15.8   1.5   1   2     0.014       2.9    5.5   0.1   309   334     3    28     1    35 0.84 -
scaffold_11:15302163-15301772 -            105 27693at71240         -            597    0.0022   15.8   1.5   2   2   0.00047     0.099   10.3   0.2   299   340    35    76    30   100 0.84 -
scaffold_8:1513000-1513385    -            104 27693at71240         -            597    0.0023   15.7   1.0   1   2     0.014       2.9    5.5   0.1   309   334     3    28     1    35 0.84 -
scaffold_8:1513000-1513385    -            104 27693at71240         -            597    0.0023   15.7   1.0   2   2   0.00023     0.048   11.4   0.5   278   338    14    74    12    80 0.75 -
scaffold_5:12040144-12037160  -            236 27693at71240         -            597    0.0035   15.1   1.8   1   2     0.002      0.43    8.2   0.1   272   336    12    73     6    97 0.79 -
scaffold_5:12040144-12037160  -            236 27693at71240         -            597    0.0035   15.1   1.8   2   2    0.0056       1.2    6.8   0.2   243   330   144   232   118   236 0.76 -
scaffold_2:32882184-32881810  -            125 27693at71240         -            597    0.0056   14.5   1.8   1   2   0.00074      0.16    9.7   0.1   301   332     2    33     1    43 0.90 -
scaffold_2:32882184-32881810  -            125 27693at71240         -            597    0.0056   14.5   1.8   2   2     0.019         4    5.0   0.2   297   335    46    87    32   118 0.75 -
scaffold_8:9674482-9674832    -            117 27693at71240         -            597    0.0059   14.4   0.4   1   3      0.12        25    2.4   0.0   306   330     6    30     2    41 0.63 -
scaffold_8:9674482-9674832    -            117 27693at71240         -            597    0.0059   14.4   0.4   2   3     0.035       7.4    4.1   0.0   274   337    20    80    16    83 0.73 -
scaffold_8:9674482-9674832    -            117 27693at71240         -            597    0.0059   14.4   0.4   3   3    0.0025      0.52    7.9   0.1   199   241    79   115    72   117 0.78 -
scaffold_10:7189975-7187202   -            514 27693at71240         -            597     0.009   13.8   3.6   1   5      0.78   1.6e+02   -0.3   0.0   299   333   217   251   208   258 0.84 -
scaffold_10:7189975-7187202   -            514 27693at71240         -            597     0.009   13.8   3.6   2   5    0.0068       1.4    6.5   0.1   299   335   260   296   247   307 0.88 -
scaffold_10:7189975-7187202   -            514 27693at71240         -            597     0.009   13.8   3.6   3   5       2.7   5.8e+02   -2.1   0.0   310   335   313   338   298   341 0.87 -
scaffold_10:7189975-7187202   -            514 27693at71240         -            597     0.009   13.8   3.6   4   5      0.27        57    1.2   0.0   225   245   446   466   394   473 0.77 -
scaffold_10:7189975-7187202   -            514 27693at71240         -            597     0.009   13.8   3.6   5   5     0.046       9.7    3.8   0.1   295   333   469   508   450   513 0.78 -
scaffold_5:10557030-10552312  -            293 27693at71240         -            597      0.01   13.6   1.1   1   3   0.00017     0.036   11.8   0.2   298   335    14    51     4    73 0.79 -
scaffold_5:10557030-10552312  -            293 27693at71240         -            597      0.01   13.6   1.1   2   3       1.5   3.2e+02   -1.3   0.0   227   247    79    99    67   126 0.83 -
scaffold_5:10557030-10552312  -            293 27693at71240         -            597      0.01   13.6   1.1   3   3         3   6.4e+02   -2.2   0.0   306   350   225   270   215   277 0.80 -
scaffold_3:18999368-19010699  -            758 27693at71240         -            597     0.013   13.2   0.1   1   1   0.00011     0.022   12.5   0.1   289   338    36    85    27   111 0.87 -
scaffold_18:2467135-2472261   -            518 27693at71240         -            597     0.016   12.9   0.4   1   3    0.0093         2    6.0   0.0   298   337   214   253   181   259 0.83 -
scaffold_18:2467135-2472261   -            518 27693at71240         -            597     0.016   12.9   0.4   2   3     0.031       6.6    4.3   0.0   174   275   234   326   223   338 0.69 -
scaffold_18:2467135-2472261   -            518 27693at71240         -            597     0.016   12.9   0.4   3   3       0.1        21    2.6   0.0   215   253   428   466   416   490 0.70 -
scaffold_15:877044-882170     -            518 27693at71240         -            597      0.02   12.6   0.8   1   4    0.0093         2    6.0   0.0   298   337   214   253   181   259 0.83 -
scaffold_15:877044-882170     -            518 27693at71240         -            597      0.02   12.6   0.8   2   4     0.031       6.6    4.3   0.0   174   275   234   326   223   338 0.69 -
scaffold_15:877044-882170     -            518 27693at71240         -            597      0.02   12.6   0.8   3   4         9   1.9e+03   -3.8   0.0   231   245   364   378   362   388 0.66 -
scaffold_15:877044-882170     -            518 27693at71240         -            597      0.02   12.6   0.8   4   4       0.1        21    2.6   0.0   215   253   428   466   416   490 0.70 -
scaffold_7:18460526-18462320  -            325 27693at71240         -            597     0.034   11.9   0.0   1   2     0.042       8.8    3.9   0.0   201   248    65   111    55   145 0.72 -
scaffold_7:18460526-18462320  -            325 27693at71240         -            597     0.034   11.9   0.0   2   2    0.0095         2    6.0   0.0   173   243   213   280   188   297 0.76 -
scaffold_1:31461971-31455951  -            937 27693at71240         -            597     0.036   11.8   0.1   1   3       0.1        22    2.6   0.0    89   121    69   100    62   111 0.86 -
scaffold_1:31461971-31455951  -            937 27693at71240         -            597     0.036   11.8   0.1   2   3       1.1   2.3e+02   -0.8   0.0   242   318   131   211    99   229 0.59 -
scaffold_1:31461971-31455951  -            937 27693at71240         -            597     0.036   11.8   0.1   3   3     0.014       2.9    5.5   0.0   300   335   236   271   217   283 0.81 -
scaffold_8:1613360-1607134    -            623 27693at71240         -            597      0.11   10.2   0.1   1   1    0.0011      0.24    9.1   0.1   261   334    63   134    50   154 0.81 -
#
# Program:         hmmsearch
# Version:         3.3.2 (Nov 2020)
# Pipeline mode:   SEARCH
# Query file:      /scratch/srb67793/Pelargonium/scripts/busco_downloads/lineages/eudicots_odb10/hmms/27693at71240.hmm
# Target file:     /scratch/srb67793/Pelargonium/scripts/scratch/srb67793/Pelargonium/Results2/HiFiASM_OmniC/P_citronellum-hap1-scaffolds-busco/run_eudicots_odb10/metaeuk_output/initial_results/P_citronellum-hap1_scaffolds_final.fa.modified.fas
# Option settings: hmmsearch --domtblout /scratch/srb67793/Pelargonium/scripts/scratch/srb67793/Pelargonium/Results2/HiFiASM_OmniC/P_citronellum-hap1-scaffolds-busco/run_eudicots_odb10/hmmer_output/initial_run_results/27693at71240.out --cpu 1 /scratch/srb67793/Pelargonium/scripts/busco_downloads/lineages/eudicots_odb10/hmms/27693at71240.hmm /scratch/srb67793/Pelargonium/scripts/scratch/srb67793/Pelargonium/Results2/HiFiASM_OmniC/P_citronellum-hap1-scaffolds-busco/run_eudicots_odb10/metaeuk_output/initial_results/P_citronellum-hap1_scaffolds_final.fa.modified.fas 
# Current dir:     /scratch/srb67793/Pelargonium/scripts
# Date:            Fri Jul 19 10:32:59 2024
# [ok]
