#                                                                                     --- full sequence --- -------------- this domain -------------   hmm coord   ali coord   env coord
# target name                 accession   tlen query name           accession   qlen   E-value  score  bias   #  of  c-Evalue  i-Evalue  score  bias  from    to  from    to  from    to  acc description of target
#         ------------------- ---------- ----- -------------------- ---------- ----- --------- ------ ----- --- --- --------- --------- ------ ----- ----- ----- ----- ----- ----- ----- ---- ---------------------
scaffold_3:11109832-11123648  -           1058 29596at71240         -            638         0 1049.4   8.6   1   5   1.3e-52   4.2e-50  169.9   0.0     1   119    19   154    19   165 0.92 -
scaffold_3:11109832-11123648  -           1058 29596at71240         -            638         0 1049.4   8.6   2   5  1.5e-145  4.9e-143  476.9   0.0   117   388   174   461   169   465 0.93 -
scaffold_3:11109832-11123648  -           1058 29596at71240         -            638         0 1049.4   8.6   3   5  2.7e-101     9e-99  330.6   0.3   352   531   472   652   464   669 0.96 -
scaffold_3:11109832-11123648  -           1058 29596at71240         -            638         0 1049.4   8.6   4   5   1.8e-20   5.9e-18   63.6   0.3   531   586   682   736   654   753 0.91 -
scaffold_3:11109832-11123648  -           1058 29596at71240         -            638         0 1049.4   8.6   5   5   0.00064      0.21    8.9   0.0   577   603   767   793   761   812 0.88 -
scaffold_2:25898275-25896357  -            436 29596at71240         -            638     2e-94  316.3   0.0   1   1   7.5e-97   2.5e-94  316.0   0.0   123   507    38   425    14   435 0.94 -
scaffold_4:16966027-16976391  -            784 29596at71240         -            638   6.1e-92  308.1   0.0   1   1   2.6e-94   8.6e-92  307.6   0.0    74   523   125   585    67   596 0.89 -
scaffold_8:14023126-14015662  -            599 29596at71240         -            638   1.6e-90  303.4   0.0   1   1   6.9e-93   2.3e-90  302.9   0.0   124   531   101   511    97   522 0.94 -
scaffold_10:10760111-10761901 -            435 29596at71240         -            638   6.8e-90  301.3   0.0   1   1   2.7e-92   8.8e-90  300.9   0.0   124   508    39   425    29   434 0.94 -
scaffold_10:21930559-21917413 -            651 29596at71240         -            638   1.3e-70  237.6   0.1   1   1   6.8e-72   2.2e-69  233.5   0.1    56   529    54   494    51   527 0.86 -
scaffold_2:19149584-19145505  -            508 29596at71240         -            638   1.6e-38  131.6   0.0   1   1   7.9e-41   2.6e-38  130.9   0.0   125   429   108   420    96   481 0.84 -
scaffold_5:5703432-5705096    -            261 29596at71240         -            638   4.2e-20   70.7   0.0   1   2   4.3e-21   1.4e-18   65.7   0.0   123   310     2   201     1   207 0.84 -
scaffold_5:5703432-5705096    -            261 29596at71240         -            638   4.2e-20   70.7   0.0   2   2     0.017       5.6    4.2   0.0   338   361   202   225   198   261 0.63 -
scaffold_2:28246471-28244278  -            366 29596at71240         -            638   0.00018   19.1   0.0   1   1   7.4e-07   0.00025   18.6   0.0   327   373   174   220   159   229 0.83 -
scaffold_10:4812865-4813677   -            271 29596at71240         -            638    0.0006   17.4   0.0   1   1   2.5e-06   0.00082   16.9   0.0   301   377    72   148    64   158 0.92 -
scaffold_9:14125789-14124911  -            293 29596at71240         -            638   0.00065   17.2   0.1   1   2   6.2e-05      0.02   12.3   0.0   189   220    15    46     4    55 0.81 -
scaffold_9:14125789-14124911  -            293 29596at71240         -            638   0.00065   17.2   0.1   2   2     0.037        12    3.1   0.0   298   375    81   166    51   173 0.72 -
scaffold_3:36420885-36422006  -            374 29596at71240         -            638    0.0062   14.0   0.0   1   2    0.0029      0.98    6.8   0.0   189   220    88   119    56   125 0.80 -
scaffold_3:36420885-36422006  -            374 29596at71240         -            638    0.0062   14.0   0.0   2   2     0.009         3    5.1   0.0   332   381   203   254   195   265 0.88 -
scaffold_2:20352498-20353445  -            316 29596at71240         -            638    0.0068   13.9   0.0   1   1   2.9e-05    0.0097   13.4   0.0   189   215    28    54    12    63 0.84 -
scaffold_9:14116548-14115709  -            280 29596at71240         -            638     0.011   13.1   0.0   1   2   0.00045      0.15    9.5   0.0   175   220    33    79    19    87 0.74 -
scaffold_9:14116548-14115709  -            280 29596at71240         -            638     0.011   13.1   0.0   2   2      0.12        39    1.5   0.0   332   374   149   193   107   196 0.83 -
scaffold_12:4115392-4113709   -            496 29596at71240         -            638     0.015   12.7   0.4   1   2   0.00094      0.31    8.4   0.1   182   215   213   247   208   255 0.82 -
scaffold_12:4115392-4113709   -            496 29596at71240         -            638     0.015   12.7   0.4   2   2      0.12        39    1.5   0.0   298   355   407   464   380   469 0.77 -
scaffold_5:2315334-2316212    -            293 29596at71240         -            638     0.033   11.6   0.0   1   1   0.00012      0.04   11.3   0.0   301   373    88   162    47   177 0.78 -
scaffold_9:427629-428264      -            212 29596at71240         -            638     0.033   11.6   0.2   1   2    0.0047       1.5    6.1   0.0   189   217    25    53     9    65 0.84 -
scaffold_9:427629-428264      -            212 29596at71240         -            638     0.033   11.6   0.2   2   2     0.022       7.2    3.9   0.0   338   377   149   188    86   197 0.77 -
scaffold_9:11283523-11285035  -            299 29596at71240         -            638     0.035   11.5   0.0   1   2   0.00023     0.077   10.4   0.1   194   217    18    41     6    47 0.86 -
scaffold_9:11283523-11285035  -            299 29596at71240         -            638     0.035   11.5   0.0   2   2       2.2   7.4e+02   -2.8   0.0   298   329    79   111    73   161 0.63 -
scaffold_3:36688908-36688009  -            300 29596at71240         -            638     0.038   11.4   0.0   1   1   0.00018     0.059   10.8   0.0   187   215    17    45     3    57 0.79 -
scaffold_9:14110053-14108736  -            357 29596at71240         -            638      0.04   11.3   0.0   1   2      0.21        70    0.6   0.0   193   212    73    92    55   105 0.79 -
scaffold_9:14110053-14108736  -            357 29596at71240         -            638      0.04   11.3   0.0   2   2     0.001      0.35    8.2   0.0   327   381   184   236   172   241 0.82 -
scaffold_9:402037-415765      -            316 29596at71240         -            638     0.043   11.2   0.1   1   2     0.013       4.3    4.6   0.0   189   217    18    46     7    58 0.84 -
scaffold_9:402037-415765      -            316 29596at71240         -            638     0.043   11.2   0.1   2   2     0.013       4.3    4.6   0.0   339   373   142   176    91   186 0.79 -
scaffold_2:28537047-28536364  -            228 29596at71240         -            638     0.047   11.1   0.0   1   1   0.00019     0.062   10.7   0.0   300   384    30   112     6   117 0.70 -
scaffold_13:1270746-1277637   -            928 29596at71240         -            638     0.061   10.7   0.0   1   2     0.026       8.5    3.6   0.0   196   217   650   671   636   692 0.83 -
scaffold_13:1270746-1277637   -            928 29596at71240         -            638     0.061   10.7   0.0   2   2     0.014       4.8    4.5   0.0   295   375   706   792   692   829 0.76 -
scaffold_8:9642291-9641467    -            204 29596at71240         -            638     0.062   10.7   0.0   1   1   0.00023     0.078   10.4   0.0   301   377    38   114    19   121 0.84 -
scaffold_1:32088931-32089725  -            265 29596at71240         -            638     0.064   10.7   0.2   1   2      0.72   2.4e+02   -1.1   0.0   206   233    28    55    15    65 0.76 -
scaffold_1:32088931-32089725  -            265 29596at71240         -            638     0.064   10.7   0.2   2   2   0.00058      0.19    9.1   0.0   289   373    66   149    57   158 0.83 -
scaffold_10:12754603-12754046 -            186 29596at71240         -            638     0.067   10.6   0.0   1   1   0.00027     0.088   10.2   0.0   341   381    17    57     7    64 0.86 -
scaffold_10:10544698-10545510 -            271 29596at71240         -            638      0.07   10.5   0.0   1   1   0.00023     0.077   10.4   0.0   301   372    77   147    12   158 0.89 -
scaffold_1:18345736-18347100  -            318 29596at71240         -            638     0.074   10.5   0.0   1   1   0.00032       0.1   10.0   0.0   191   216    17    42     9    54 0.84 -
scaffold_6:11235490-11236479  -            330 29596at71240         -            638     0.086   10.2   0.1   1   2       0.1        33    1.7   0.0   196   216    66    86    42    93 0.86 -
scaffold_6:11235490-11236479  -            330 29596at71240         -            638     0.086   10.2   0.1   2   2    0.0033       1.1    6.6   0.0   292   376   119   209    90   218 0.71 -
scaffold_12:525672-524296     -            459 29596at71240         -            638     0.098   10.0   0.0   1   1   0.00045      0.15    9.5   0.0   194   229   279   317   269   337 0.76 -
#
# Program:         hmmsearch
# Version:         3.3.2 (Nov 2020)
# Pipeline mode:   SEARCH
# Query file:      /scratch/srb67793/Pelargonium/scripts/busco_downloads/lineages/eudicots_odb10/hmms/29596at71240.hmm
# Target file:     /scratch/srb67793/Pelargonium/scripts/scratch/srb67793/Pelargonium/Results2/HiFiASM_OmniC/P_citronellum-hap1-scaffolds-busco/run_eudicots_odb10/metaeuk_output/initial_results/P_citronellum-hap1_scaffolds_final.fa.modified.fas
# Option settings: hmmsearch --domtblout /scratch/srb67793/Pelargonium/scripts/scratch/srb67793/Pelargonium/Results2/HiFiASM_OmniC/P_citronellum-hap1-scaffolds-busco/run_eudicots_odb10/hmmer_output/initial_run_results/29596at71240.out --cpu 1 /scratch/srb67793/Pelargonium/scripts/busco_downloads/lineages/eudicots_odb10/hmms/29596at71240.hmm /scratch/srb67793/Pelargonium/scripts/scratch/srb67793/Pelargonium/Results2/HiFiASM_OmniC/P_citronellum-hap1-scaffolds-busco/run_eudicots_odb10/metaeuk_output/initial_results/P_citronellum-hap1_scaffolds_final.fa.modified.fas 
# Current dir:     /scratch/srb67793/Pelargonium/scripts
# Date:            Fri Jul 19 10:32:27 2024
# [ok]
