#                                                                                     --- full sequence --- -------------- this domain -------------   hmm coord   ali coord   env coord
# target name                 accession   tlen query name           accession   qlen   E-value  score  bias   #  of  c-Evalue  i-Evalue  score  bias  from    to  from    to  from    to  acc description of target
#         ------------------- ---------- ----- -------------------- ---------- ----- --------- ------ ----- --- --- --------- --------- ------ ----- ----- ----- ----- ----- ----- ----- ---- ---------------------
scaffold_6:15440726-15435147  -            617 35316at71240         -            423  2.4e-207  687.9   4.1   1   2   6.8e-26   1.7e-22   78.9   0.1     9    60   103   154    97   167 0.93 -
scaffold_6:15440726-15435147  -            617 35316at71240         -            423  2.4e-207  687.9   4.1   2   2  9.1e-184  2.3e-180  599.0   1.0    57   423   177   612   169   612 0.90 -
scaffold_7:4027621-4032494    -            492 35316at71240         -            423   3.6e-77  259.0   0.3   1   3     4e-05       0.1   10.5   0.0     9    51     4    46     2    54 0.91 -
scaffold_7:4027621-4032494    -            492 35316at71240         -            423   3.6e-77  259.0   0.3   2   3   8.4e-64   2.1e-60  203.8   0.1   134   334    77   287    51   307 0.88 -
scaffold_7:4027621-4032494    -            492 35316at71240         -            423   3.6e-77  259.0   0.3   3   3   1.8e-14   4.4e-11   41.3   0.0   339   419   398   488   381   490 0.84 -
scaffold_7:4056600-4008723    -            885 35316at71240         -            423   3.4e-69  232.7   0.0   1   3   5.8e-06     0.014   13.2   0.0     8    56     8    56     3    73 0.85 -
scaffold_7:4056600-4008723    -            885 35316at71240         -            423   3.4e-69  232.7   0.0   2   3   4.1e-65     1e-61  208.1   0.1   138   333    74   280    58   293 0.92 -
scaffold_7:4056600-4008723    -            885 35316at71240         -            423   3.4e-69  232.7   0.0   3   3   0.00031      0.77    7.5   0.0   339   377   323   371   306   390 0.73 -
scaffold_10:14452528-14459656 -            607 35316at71240         -            423    0.0016   16.4   0.0   1   1   9.7e-07    0.0024   15.8   0.0   272   321   473   522   466   538 0.91 -
#
# Program:         hmmsearch
# Version:         3.3.2 (Nov 2020)
# Pipeline mode:   SEARCH
# Query file:      /scratch/srb67793/Pelargonium/scripts/busco_downloads/lineages/eudicots_odb10/hmms/35316at71240.hmm
# Target file:     /scratch/srb67793/Pelargonium/scripts/scratch/srb67793/Pelargonium/Results2/HiFiASM_OmniC/P_citronellum-hap1-scaffolds-busco/run_eudicots_odb10/metaeuk_output/initial_results/P_citronellum-hap1_scaffolds_final.fa.modified.fas
# Option settings: hmmsearch --domtblout /scratch/srb67793/Pelargonium/scripts/scratch/srb67793/Pelargonium/Results2/HiFiASM_OmniC/P_citronellum-hap1-scaffolds-busco/run_eudicots_odb10/hmmer_output/initial_run_results/35316at71240.out --cpu 1 /scratch/srb67793/Pelargonium/scripts/busco_downloads/lineages/eudicots_odb10/hmms/35316at71240.hmm /scratch/srb67793/Pelargonium/scripts/scratch/srb67793/Pelargonium/Results2/HiFiASM_OmniC/P_citronellum-hap1-scaffolds-busco/run_eudicots_odb10/metaeuk_output/initial_results/P_citronellum-hap1_scaffolds_final.fa.modified.fas 
# Current dir:     /scratch/srb67793/Pelargonium/scripts
# Date:            Fri Jul 19 10:32:28 2024
# [ok]
