#                                                                                    --- full sequence --- -------------- this domain -------------   hmm coord   ali coord   env coord
# target name                accession   tlen query name           accession   qlen   E-value  score  bias   #  of  c-Evalue  i-Evalue  score  bias  from    to  from    to  from    to  acc description of target
#        ------------------- ---------- ----- -------------------- ---------- ----- --------- ------ ----- --- --- --------- --------- ------ ----- ----- ----- ----- ----- ----- ----- ---- ---------------------
scaffold_469:16598-11851     -            597 36487at71240         -            462  1.2e-217  722.5  14.8   1   3  4.7e-143  7.8e-140  466.0   0.1     1   246     1   251     1   261 0.97 -
scaffold_469:16598-11851     -            597 36487at71240         -            462  1.2e-217  722.5  14.8   2   3   1.4e-68   2.3e-65  220.5   6.6   241   395   277   458   259   487 0.84 -
scaffold_469:16598-11851     -            597 36487at71240         -            462  1.2e-217  722.5  14.8   3   3   2.8e-13   4.7e-10   38.2   0.2   395   450   495   567   489   577 0.74 -
scaffold_478:15823-11076     -            597 36487at71240         -            462  1.2e-217  722.5  14.8   1   3  4.7e-143  7.8e-140  466.0   0.1     1   246     1   251     1   261 0.97 -
scaffold_478:15823-11076     -            597 36487at71240         -            462  1.2e-217  722.5  14.8   2   3   1.4e-68   2.3e-65  220.5   6.6   241   395   277   458   259   487 0.84 -
scaffold_478:15823-11076     -            597 36487at71240         -            462  1.2e-217  722.5  14.8   3   3   2.8e-13   4.7e-10   38.2   0.2   395   450   495   567   489   577 0.74 -
scaffold_9:4341317-4336057   -            591 36487at71240         -            462   1.2e-38  132.4   2.3   1   1   6.1e-41     1e-37  129.4   2.3     3   265     3   275     1   450 0.72 -
scaffold_8:8390526-8400414   -           1548 36487at71240         -            462   1.8e-33  115.3   0.0   1   2   5.4e-07   0.00089   17.5   0.1     2    93     2   113     1   144 0.73 -
scaffold_8:8390526-8400414   -           1548 36487at71240         -            462   1.8e-33  115.3   0.0   2   2   1.7e-30   2.8e-27   94.9   0.0   111   322   880  1095   839  1170 0.79 -
scaffold_12:5774945-5781209  -            644 36487at71240         -            462   1.3e-08   33.4   0.2   1   2   1.4e-11   2.4e-08   32.5   0.0    49   233    55   251     9   263 0.72 -
scaffold_12:5774945-5781209  -            644 36487at71240         -            462   1.3e-08   33.4   0.2   2   2       1.5   2.5e+03   -3.8   0.0   282   314   511   543   473   562 0.67 -
scaffold_7:26767666-26763695 -            557 36487at71240         -            462   6.6e-05   21.2   0.0   1   1   6.7e-08   0.00011   20.4   0.0    10   172     9   194     1   270 0.68 -
#
# Program:         hmmsearch
# Version:         3.3.2 (Nov 2020)
# Pipeline mode:   SEARCH
# Query file:      /scratch/srb67793/Pelargonium/scripts/busco_downloads/lineages/eudicots_odb10/hmms/36487at71240.hmm
# Target file:     /scratch/srb67793/Pelargonium/scripts/scratch/srb67793/Pelargonium/Results2/HiFiASM_OmniC/P_citronellum-hap1-scaffolds-busco/run_eudicots_odb10/metaeuk_output/initial_results/P_citronellum-hap1_scaffolds_final.fa.modified.fas
# Option settings: hmmsearch --domtblout /scratch/srb67793/Pelargonium/scripts/scratch/srb67793/Pelargonium/Results2/HiFiASM_OmniC/P_citronellum-hap1-scaffolds-busco/run_eudicots_odb10/hmmer_output/initial_run_results/36487at71240.out --cpu 1 /scratch/srb67793/Pelargonium/scripts/busco_downloads/lineages/eudicots_odb10/hmms/36487at71240.hmm /scratch/srb67793/Pelargonium/scripts/scratch/srb67793/Pelargonium/Results2/HiFiASM_OmniC/P_citronellum-hap1-scaffolds-busco/run_eudicots_odb10/metaeuk_output/initial_results/P_citronellum-hap1_scaffolds_final.fa.modified.fas 
# Current dir:     /scratch/srb67793/Pelargonium/scripts
# Date:            Fri Jul 19 10:32:27 2024
# [ok]
