#                                                                                     --- full sequence --- -------------- this domain -------------   hmm coord   ali coord   env coord
# target name                 accession   tlen query name           accession   qlen   E-value  score  bias   #  of  c-Evalue  i-Evalue  score  bias  from    to  from    to  from    to  acc description of target
#         ------------------- ---------- ----- -------------------- ---------- ----- --------- ------ ----- --- --- --------- --------- ------ ----- ----- ----- ----- ----- ----- ----- ---- ---------------------
scaffold_3:35787888-35789432  -            515 41797at71240         -            417  4.2e-231  766.5   7.6   1   1  4.8e-233  6.6e-231  765.9   7.6     1   410    67   496    67   515 0.93 -
scaffold_7:1149479-1147908    -            524 41797at71240         -            417  3.5e-146  486.8   5.0   1   1  3.5e-148  4.8e-146  486.3   5.0    17   404    97   506    90   512 0.92 -
scaffold_2:25280910-25284265  -            553 41797at71240         -            417   8.2e-38  129.8  10.8   1   4   1.6e-11   2.1e-09   36.2   0.0    93   237   186   330   171   334 0.79 -
scaffold_2:25280910-25284265  -            553 41797at71240         -            417   8.2e-38  129.8  10.8   2   4   3.2e-10   4.3e-08   31.9   0.3    51   155   283   391   281   394 0.93 -
scaffold_2:25280910-25284265  -            553 41797at71240         -            417   8.2e-38  129.8  10.8   3   4     6e-15   8.2e-13   47.4   0.8    76   189   348   462   344   467 0.93 -
scaffold_2:25280910-25284265  -            553 41797at71240         -            417   8.2e-38  129.8  10.8   4   4   1.8e-13   2.5e-11   42.6   0.1   317   390   464   537   461   545 0.93 -
scaffold_2:38844109-38848105  -            549 41797at71240         -            417     5e-34  117.3   0.4   1   3     3e-10     4e-08   32.0   0.1    92   214   190   311   167   314 0.87 -
scaffold_2:38844109-38848105  -            549 41797at71240         -            417     5e-34  117.3   0.4   2   3   9.7e-14   1.3e-11   43.5   0.0    72   237   313   477   308   479 0.90 -
scaffold_2:38844109-38848105  -            549 41797at71240         -            417     5e-34  117.3   0.4   3   3   1.7e-12   2.3e-10   39.4   0.0   326   382   476   532   474   539 0.93 -
scaffold_10:16526685-16525708 -            326 41797at71240         -            417   7.9e-33  113.4   5.1   1   3   2.4e-20   3.3e-18   65.2   0.3    90   241    48   201    19   203 0.93 -
scaffold_10:16526685-16525708 -            326 41797at71240         -            417   7.9e-33  113.4   5.1   2   3   6.1e-09   8.3e-07   27.7   0.1   105   205   172   272   170   273 0.94 -
scaffold_10:16526685-16525708 -            326 41797at71240         -            417   7.9e-33  113.4   5.1   3   3   3.5e-10   4.8e-08   31.7   0.2   331   381   273   323   271   326 0.95 -
scaffold_8:7428648-7429613    -            322 41797at71240         -            417   3.6e-31  107.9   0.6   1   3   1.6e-06   0.00022   19.7   0.0   159   221    51   113    44   115 0.91 -
scaffold_8:7428648-7429613    -            322 41797at71240         -            417   3.6e-31  107.9   0.6   2   3     1e-14   1.4e-12   46.7   0.0    74   232   110   265   106   273 0.89 -
scaffold_8:7428648-7429613    -            322 41797at71240         -            417   3.6e-31  107.9   0.6   3   3   6.1e-13   8.3e-11   40.8   0.0   329   380   271   322   259   322 0.91 -
scaffold_2:33383078-33383920  -            281 41797at71240         -            417   2.2e-23   82.2   0.3   1   3   1.2e-06   0.00017   20.1   0.0    53   171    48   166    41   167 0.89 -
scaffold_2:33383078-33383920  -            281 41797at71240         -            417   2.2e-23   82.2   0.3   2   3   1.7e-05    0.0023   16.3   0.0    56   119   155   216   147   222 0.88 -
scaffold_2:33383078-33383920  -            281 41797at71240         -            417   2.2e-23   82.2   0.3   3   3   5.7e-17   7.7e-15   54.1   0.2   304   380   199   280   197   281 0.90 -
scaffold_5:9266661-9268046    -            333 41797at71240         -            417   2.9e-23   81.9   3.2   1   3   7.1e-15   9.6e-13   47.2   0.1    73   214     7   149     5   155 0.89 -
scaffold_5:9266661-9268046    -            333 41797at71240         -            417   2.9e-23   81.9   3.2   2   3   5.7e-07   7.8e-05   21.2   0.0    96   167   176   247   162   248 0.92 -
scaffold_5:9266661-9268046    -            333 41797at71240         -            417   2.9e-23   81.9   3.2   3   3   2.6e-05    0.0036   15.7   0.2   319   361   238   280   232   288 0.89 -
scaffold_4:5351376-5350606    -            257 41797at71240         -            417   1.7e-22   79.3   0.6   1   3   2.8e-06   0.00038   18.9   0.0    49   171    17   139     7   141 0.88 -
scaffold_4:5351376-5350606    -            257 41797at71240         -            417   1.7e-22   79.3   0.6   2   3   2.8e-06   0.00038   18.9   0.0    56   120   128   190   121   200 0.84 -
scaffold_4:5351376-5350606    -            257 41797at71240         -            417   1.7e-22   79.3   0.6   3   3   1.4e-13   1.9e-11   42.9   0.2   323   383   196   256   186   257 0.90 -
scaffold_1:42065760-42066485  -            242 41797at71240         -            417   9.5e-18   63.7   0.0   1   3    0.0039      0.52    8.5   0.0    87   130    35    78     2    90 0.80 -
scaffold_1:42065760-42066485  -            242 41797at71240         -            417   9.5e-18   63.7   0.0   2   3   6.4e-08   8.7e-06   24.3   0.1    71   166    92   185    87   187 0.89 -
scaffold_1:42065760-42066485  -            242 41797at71240         -            417   9.5e-18   63.7   0.0   3   3   1.2e-09   1.7e-07   29.9   0.0   326   382   184   240   180   242 0.93 -
scaffold_4:31628675-31629520  -            282 41797at71240         -            417   6.3e-15   54.4   0.0   1   2   8.8e-13   1.2e-10   40.3   0.0    72   199    19   147     1   158 0.91 -
scaffold_4:31628675-31629520  -            282 41797at71240         -            417   6.3e-15   54.4   0.0   2   2   0.00066     0.089   11.1   0.0    63    92   220   251   196   272 0.76 -
scaffold_3:2527650-2526796    -            285 41797at71240         -            417   5.2e-14   51.4   1.2   1   2   1.4e-10   1.9e-08   33.1   0.0   126   244     1   121     1   152 0.85 -
scaffold_3:2527650-2526796    -            285 41797at71240         -            417   5.2e-14   51.4   1.2   2   2     8e-06    0.0011   17.4   0.3   321   361   215   253   180   280 0.89 -
scaffold_5:5074778-5073789    -            330 41797at71240         -            417   8.3e-14   50.7   0.3   1   2   3.4e-10   4.7e-08   31.8   0.2    58   189    35   171     2   207 0.81 -
scaffold_5:5074778-5073789    -            330 41797at71240         -            417   8.3e-14   50.7   0.3   2   2   9.6e-06    0.0013   17.1   0.0   325   365   250   293   241   322 0.81 -
scaffold_3:8868610-8869461    -            284 41797at71240         -            417   1.9e-13   49.6   0.0   1   2   8.4e-12   1.1e-09   37.1   0.0    72   186    15   129     9   143 0.95 -
scaffold_3:8868610-8869461    -            284 41797at71240         -            417   1.9e-13   49.6   0.0   2   2    0.0011      0.15   10.4   0.1   324   360   218   252   203   268 0.77 -
scaffold_3:12367670-12368293  -            208 41797at71240         -            417   1.9e-13   49.6   0.1   1   2     2e-05    0.0027   16.1   0.0    31    94    84   155    73   157 0.85 -
scaffold_3:12367670-12368293  -            208 41797at71240         -            417   1.9e-13   49.6   0.1   2   2   3.8e-11   5.2e-09   34.9   0.1   321   379   149   207   144   208 0.90 -
scaffold_3:8895912-8896859    -            316 41797at71240         -            417   1.2e-12   46.9   0.1   1   2     6e-11   8.1e-09   34.3   0.0    72   186    53   167    34   187 0.93 -
scaffold_3:8895912-8896859    -            316 41797at71240         -            417   1.2e-12   46.9   0.1   2   2    0.0011      0.15   10.3   0.1   326   361   256   291   235   302 0.77 -
scaffold_3:4377052-4376219    -            278 41797at71240         -            417   2.8e-12   45.7   0.0   1   1   3.6e-14   4.9e-12   44.9   0.0   121   361    20   278     7   278 0.77 -
scaffold_4:31506728-31507759  -            344 41797at71240         -            417   6.4e-12   44.5   0.0   1   3     2e-05    0.0027   16.1   0.0    88   153    40   105    21   108 0.91 -
scaffold_4:31506728-31507759  -            344 41797at71240         -            417   6.4e-12   44.5   0.0   2   3   2.5e-07   3.4e-05   22.4   0.0    59   153    79   178    78   209 0.67 -
scaffold_4:31506728-31507759  -            344 41797at71240         -            417   6.4e-12   44.5   0.0   3   3   0.00087      0.12   10.7   0.0    63    92   261   292   245   333 0.79 -
scaffold_3:2498918-2498160    -            253 41797at71240         -            417   1.2e-11   43.6   0.1   1   2   1.4e-07   1.9e-05   23.2   0.0    73   181    20   129     2   151 0.88 -
scaffold_3:2498918-2498160    -            253 41797at71240         -            417   1.2e-11   43.6   0.1   2   2     3e-06   0.00041   18.8   0.1   274   360   160   252   142   253 0.71 -
scaffold_3:10645237-10644443  -            265 41797at71240         -            417   3.8e-11   41.9   0.6   1   2     3e-10   4.1e-08   32.0   0.0    72   185    30   144     5   181 0.85 -
scaffold_3:10645237-10644443  -            265 41797at71240         -            417   3.8e-11   41.9   0.6   2   2    0.0038      0.51    8.6   0.1   320   360   224   264   219   265 0.83 -
scaffold_3:3007236-3006466    -            257 41797at71240         -            417   1.1e-10   40.4   0.0   1   1   2.7e-12   3.7e-10   38.7   0.0   125   358     5   255     2   257 0.77 -
scaffold_3:10484002-10484814  -            271 41797at71240         -            417   1.2e-10   40.3   0.4   1   2   3.1e-08   4.2e-06   25.3   0.0    72   187    20   137     2   183 0.80 -
scaffold_3:10484002-10484814  -            271 41797at71240         -            417   1.2e-10   40.3   0.4   2   2   0.00015     0.021   13.2   0.1   320   361   214   255   208   262 0.93 -
scaffold_3:2391958-2391149    -            270 41797at71240         -            417   1.2e-10   40.3   0.2   1   1   2.4e-12   3.2e-10   38.9   0.2   139   361     6   245     1   255 0.73 -
scaffold_3:2362216-2361203    -            338 41797at71240         -            417   1.5e-10   40.0   0.0   1   1   3.2e-12   4.4e-10   38.5   0.0   126   361    38   290    31   322 0.73 -
scaffold_3:8945262-8944384    -            293 41797at71240         -            417   1.9e-10   39.6   0.0   1   2   7.3e-09   9.9e-07   27.4   0.0    72   196    19   144     6   182 0.86 -
scaffold_3:8945262-8944384    -            293 41797at71240         -            417   1.9e-10   39.6   0.0   2   2     0.001      0.14   10.4   0.1   323   361   222   258   204   282 0.78 -
scaffold_4:31636707-31651632  -            194 41797at71240         -            417   3.6e-10   38.7   0.0   1   2   2.4e-05    0.0032   15.8   0.0   164   248     2    87     1    94 0.89 -
scaffold_4:31636707-31651632  -            194 41797at71240         -            417   3.6e-10   38.7   0.0   2   2   4.2e-07   5.8e-05   21.6   0.0    58   153    94   193    87   194 0.82 -
scaffold_3:2524229-2523438    -            264 41797at71240         -            417   3.9e-10   38.6   0.1   1   2   2.5e-10   3.4e-08   32.2   0.0    81   216    12   151     2   211 0.80 -
scaffold_3:2524229-2523438    -            264 41797at71240         -            417   3.9e-10   38.6   0.1   2   2     0.045       6.1    5.0   0.0    55    86   195   227   182   254 0.65 -
scaffold_5:5060297-5059404    -            298 41797at71240         -            417   4.1e-10   38.5   0.0   1   2     7e-05    0.0095   14.3   0.0    77   176    24   124     2   147 0.69 -
scaffold_5:5060297-5059404    -            298 41797at71240         -            417   4.1e-10   38.5   0.0   2   2   2.5e-07   3.4e-05   22.4   0.0   323   366   214   260   198   288 0.83 -
scaffold_8:7606744-7607742    -            333 41797at71240         -            417   4.7e-10   38.4   0.0   1   2   8.7e-09   1.2e-06   27.1   0.1    90   303    35   254    30   256 0.87 -
scaffold_8:7606744-7607742    -            333 41797at71240         -            417   4.7e-10   38.4   0.0   2   2   0.00059     0.081   11.2   0.0   325   365   250   293   235   322 0.77 -
scaffold_3:8840221-8839331    -            297 41797at71240         -            417   4.7e-10   38.3   0.0   1   2   1.8e-10   2.5e-08   32.7   0.0    72   187    26   141    20   164 0.93 -
scaffold_3:8840221-8839331    -            297 41797at71240         -            417   4.7e-10   38.3   0.0   2   2      0.15        21    3.3   0.0   324   361   229   264   214   289 0.70 -
scaffold_1:20122369-20123259  -            297 41797at71240         -            417   8.5e-10   37.5   0.0   1   2   1.3e-09   1.8e-07   29.9   0.0    73   207    19   153     2   163 0.86 -
scaffold_1:20122369-20123259  -            297 41797at71240         -            417   8.5e-10   37.5   0.0   2   2     0.031       4.2    5.6   0.0    60   104   212   260   193   294 0.59 -
scaffold_3:2355112-2354177    -            312 41797at71240         -            417   8.6e-10   37.5   0.1   1   2   3.9e-09   5.3e-07   28.3   0.0    81   205    63   189    33   207 0.88 -
scaffold_3:2355112-2354177    -            312 41797at71240         -            417   8.6e-10   37.5   0.1   2   2    0.0094       1.3    7.3   0.0   324   361   252   287   225   302 0.79 -
scaffold_2:11706230-11705217  -            338 41797at71240         -            417   9.6e-10   37.3   0.0   1   1   6.1e-11   8.3e-09   34.2   0.0   126   364    38   296    35   326 0.70 -
scaffold_4:31246426-31245335  -            364 41797at71240         -            417     1e-09   37.3   0.0   1   3   1.9e-06   0.00026   19.4   0.0    78   156    51   129    39   129 0.88 -
scaffold_4:31246426-31245335  -            364 41797at71240         -            417     1e-09   37.3   0.0   2   3   0.00015      0.02   13.2   0.0    74   156   119   201   117   232 0.83 -
scaffold_4:31246426-31245335  -            364 41797at71240         -            417     1e-09   37.3   0.0   3   3     0.061       8.3    4.6   0.0   334   365   288   319   269   357 0.69 -
scaffold_4:31658444-31659307  -            288 41797at71240         -            417   1.4e-09   36.8   0.0   1   3   1.1e-09   1.6e-07   30.0   0.0    90   170     1    81     1   129 0.75 -
scaffold_4:31658444-31659307  -            288 41797at71240         -            417   1.4e-09   36.8   0.0   2   3     0.002      0.28    9.4   0.0    76   155    59   138    59   162 0.82 -
scaffold_4:31658444-31659307  -            288 41797at71240         -            417   1.4e-09   36.8   0.0   3   3      0.68        92    1.2   0.0   312   361   198   253   188   284 0.60 -
scaffold_3:3014374-3013541    -            278 41797at71240         -            417   1.5e-09   36.7   0.1   1   2   1.4e-08   1.8e-06   26.5   0.0    80   196    14   130     1   164 0.79 -
scaffold_3:3014374-3013541    -            278 41797at71240         -            417   1.5e-09   36.7   0.1   2   2    0.0039      0.53    8.5   0.0   333   361   211   239   190   272 0.71 -
scaffold_3:2491360-2492220    -            287 41797at71240         -            417   1.7e-09   36.5   0.1   1   1   5.6e-11   7.6e-09   34.4   0.1   126   361     7   259     3   284 0.76 -
scaffold_3:2502326-2501469    -            286 41797at71240         -            417   1.7e-09   36.5   0.0   1   1   4.1e-11   5.6e-09   34.8   0.0   126   361     7   259     2   272 0.76 -
scaffold_3:2486029-2487039    -            337 41797at71240         -            417   3.2e-09   35.6   0.2   1   2   2.6e-10   3.5e-08   32.2   0.1    79   272    63   264    48   267 0.83 -
scaffold_3:2486029-2487039    -            337 41797at71240         -            417   3.2e-09   35.6   0.2   2   2     0.023       3.1    6.0   0.0    62   361   256   289   244   331 0.59 -
scaffold_3:2845284-2846084    -            267 41797at71240         -            417   3.4e-09   35.5   0.3   1   1   2.1e-10   2.9e-08   32.5   0.3   144   361     2   236     1   265 0.71 -
scaffold_3:2480231-2481100    -            290 41797at71240         -            417   5.8e-09   34.8   0.0   1   1   5.6e-10   7.6e-08   31.1   0.0   126   361     8   260     3   273 0.70 -
scaffold_3:2382808-2381954    -            285 41797at71240         -            417   7.2e-09   34.4   0.2   1   2   3.5e-07   4.7e-05   21.9   0.0    74   171    28   126     4   149 0.63 -
scaffold_3:2382808-2381954    -            285 41797at71240         -            417   7.2e-09   34.4   0.2   2   2    0.0008      0.11   10.8   0.1   325   361   224   260   193   285 0.83 -
scaffold_5:5085650-5084871    -            260 41797at71240         -            417   7.4e-09   34.4   0.2   1   2   2.6e-05    0.0035   15.7   0.1    74   196     4   127     1   159 0.82 -
scaffold_5:5085650-5084871    -            260 41797at71240         -            417   7.4e-09   34.4   0.2   2   2   1.2e-05    0.0017   16.8   0.0   326   380   200   260   190   260 0.81 -
scaffold_3:2379921-2379178    -            248 41797at71240         -            417   8.1e-09   34.3   0.1   1   1     5e-10   6.8e-08   31.2   0.1   138   360     8   247     4   248 0.67 -
scaffold_3:1003192-1002332    -            287 41797at71240         -            417   1.1e-08   33.8   0.0   1   1   1.7e-10   2.3e-08   32.8   0.0   116   361    18   276    11   285 0.80 -
scaffold_5:5080921-5080100    -            274 41797at71240         -            417   2.8e-08   32.5   0.4   1   2   3.5e-06   0.00047   18.6   0.1    43   150    26   131     3   167 0.66 -
scaffold_5:5080921-5080100    -            274 41797at71240         -            417   2.8e-08   32.5   0.4   2   2    0.0003     0.041   12.2   0.0   325   364   213   255   200   269 0.82 -
scaffold_3:9411517-9412278    -            254 41797at71240         -            417   3.2e-08   32.3   0.4   1   3      0.86   1.2e+02    0.8   0.0   302   318    15    31     7    36 0.80 -
scaffold_3:9411517-9412278    -            254 41797at71240         -            417   3.2e-08   32.3   0.4   2   3   6.7e-05    0.0092   14.3   0.0    81   172    33   124    29   153 0.87 -
scaffold_3:9411517-9412278    -            254 41797at71240         -            417   3.2e-08   32.3   0.4   3   3   0.00013     0.018   13.4   0.4   319   357   216   254   209   254 0.95 -
scaffold_24:752693-751998     -            232 41797at71240         -            417   3.8e-08   32.1   0.4   1   1   6.3e-09   8.5e-07   27.6   0.4    84   232    71   219    34   221 0.83 -
scaffold_7:10988689-10989711  -            341 41797at71240         -            417   4.1e-08   32.0   0.1   1   2     3e-09   4.1e-07   28.7   0.0    76   200    61   186    34   208 0.87 -
scaffold_7:10988689-10989711  -            341 41797at71240         -            417   4.1e-08   32.0   0.1   2   2      0.71        96    1.1   0.0    68    92   265   289   238   333 0.64 -
scaffold_3:10454746-10455255  -            170 41797at71240         -            417   4.4e-08   31.8   0.0   1   1     4e-10   5.4e-08   31.6   0.0    72   196    20   148     6   167 0.83 -
scaffold_7:11062521-11061499  -            341 41797at71240         -            417   4.6e-08   31.8   0.0   1   2   3.4e-08   4.6e-06   25.2   0.0    89   218    36   166    26   176 0.81 -
scaffold_7:11062521-11061499  -            341 41797at71240         -            417   4.6e-08   31.8   0.0   2   2     0.088        12    4.1   0.0    43   135   201   296   172   307 0.67 -
scaffold_3:2375425-2374658    -            256 41797at71240         -            417   7.7e-08   31.1   0.0   1   2   2.3e-06   0.00032   19.2   0.0   142   242     3   105     1   124 0.89 -
scaffold_3:2375425-2374658    -            256 41797at71240         -            417   7.7e-08   31.1   0.0   2   2    0.0014      0.19   10.0   0.0   321   360   201   238   196   248 0.85 -
scaffold_3:10480546-10481517  -            324 41797at71240         -            417   1.2e-07   30.5   0.1   1   1   1.7e-09   2.3e-07   29.5   0.1   120   361    38   296    14   304 0.78 -
scaffold_3:10493622-10494071  -            150 41797at71240         -            417   1.8e-07   29.8   0.0   1   1   1.6e-09   2.1e-07   29.6   0.0   131   244    15   130     4   146 0.59 -
scaffold_7:11059772-11058918  -            285 41797at71240         -            417   1.9e-07   29.7   0.0   1   1   3.2e-09   4.4e-07   28.6   0.0    89   219    39   170    17   282 0.77 -
scaffold_5:5089734-5088724    -            337 41797at71240         -            417   2.2e-07   29.5   0.1   1   3   0.00031     0.042   12.2   0.0   131   214    66   151    56   178 0.78 -
scaffold_5:5089734-5088724    -            337 41797at71240         -            417   2.2e-07   29.5   0.1   2   3     0.021       2.8    6.1   0.1    70   149   113   193   111   228 0.81 -
scaffold_5:5089734-5088724    -            337 41797at71240         -            417   2.2e-07   29.5   0.1   3   3   0.00014     0.019   13.3   0.0   326   365   277   319   269   337 0.76 -
scaffold_10:14575217-14576179 -            321 41797at71240         -            417   2.4e-07   29.5   0.5   1   2   2.5e-05    0.0034   15.8   0.0    63   189    12   137     2   165 0.78 -
scaffold_10:14575217-14576179 -            321 41797at71240         -            417   2.4e-07   29.5   0.5   2   2   0.00033     0.044   12.1   0.1   302   380   234   321   221   321 0.70 -
scaffold_2:23942601-23943407  -            269 41797at71240         -            417   3.4e-07   29.0   0.0   1   1   3.4e-09   4.6e-07   28.5   0.0   145   383     3   264     1   269 0.73 -
scaffold_3:9674790-9673945    -            282 41797at71240         -            417   3.4e-07   28.9   0.0   1   2   0.00013     0.017   13.4   0.0    74   171    38   139    17   148 0.82 -
scaffold_3:9674790-9673945    -            282 41797at71240         -            417   3.4e-07   28.9   0.0   2   2   0.00012     0.017   13.5   0.0    17    95   190   273   180   281 0.75 -
scaffold_3:1956571-1957362    -            264 41797at71240         -            417   6.1e-07   28.1   0.0   1   1   4.1e-08   5.6e-06   24.9   0.0   144   361     2   236     1   263 0.70 -
scaffold_10:14571995-14572804 -            270 41797at71240         -            417   8.4e-07   27.6   0.1   1   2   1.7e-05    0.0023   16.3   0.0    72   187     5   117     3   132 0.81 -
scaffold_10:14571995-14572804 -            270 41797at71240         -            417   8.4e-07   27.6   0.1   2   2    0.0023      0.32    9.3   0.1   303   380   184   270   170   270 0.66 -
scaffold_7:11086898-11086200  -            233 41797at71240         -            417   9.7e-07   27.4   0.0   1   1   9.9e-09   1.3e-06   27.0   0.0    86   199    41   155     8   172 0.90 -
scaffold_3:10642020-10641100  -            307 41797at71240         -            417   1.3e-06   27.0   0.1   1   1   1.4e-07   1.9e-05   23.2   0.1   126   360    54   306    46   307 0.75 -
scaffold_7:11064847-11064104  -            248 41797at71240         -            417   2.3e-06   26.2   0.0   1   1   2.6e-08   3.6e-06   25.6   0.0    75   199    21   146     2   165 0.85 -
scaffold_3:2531860-2531153    -            236 41797at71240         -            417   3.3e-06   25.7   0.0   1   2    0.0001     0.014   13.7   0.0   165   242     3    81     1   116 0.61 -
scaffold_3:2531860-2531153    -            236 41797at71240         -            417   3.3e-06   25.7   0.0   2   2    0.0013      0.17   10.1   0.0   326   361   180   215   165   224 0.78 -
scaffold_2:23961746-23962699  -            318 41797at71240         -            417   3.5e-06   25.6   0.1   1   2   5.3e-05    0.0072   14.7   0.0   168   245    42   120    28   147 0.83 -
scaffold_2:23961746-23962699  -            318 41797at71240         -            417   3.5e-06   25.6   0.1   2   2    0.0031      0.42    8.9   0.0    55    97   249   291   238   309 0.78 -
scaffold_229:49448-48171      -            426 41797at71240         -            417   6.5e-06   24.7   0.1   1   3    0.0024      0.33    9.2   0.0    96   188   128   219   113   226 0.83 -
scaffold_229:49448-48171      -            426 41797at71240         -            417   6.5e-06   24.7   0.1   2   3   0.00067     0.091   11.1   0.1   101   212   237   357   230   382 0.67 -
scaffold_229:49448-48171      -            426 41797at71240         -            417   6.5e-06   24.7   0.1   3   3   0.00039     0.052   11.8   0.1   302   386   317   410   304   416 0.69 -
scaffold_4:31661589-31662224  -            212 41797at71240         -            417   7.2e-06   24.6   0.0   1   2   3.2e-06   0.00043   18.7   0.0    89   155    12    78     2   106 0.82 -
scaffold_4:31661589-31662224  -            212 41797at71240         -            417   7.2e-06   24.6   0.0   2   2      0.11        15    3.8   0.0   334   366   166   198   129   205 0.75 -
scaffold_4:10989649-10989990  -            114 41797at71240         -            417     2e-05   23.1   0.5   1   1   1.7e-07   2.2e-05   22.9   0.5   301   369    16    87     5   110 0.74 -
scaffold_229:53869-53051      -            273 41797at71240         -            417   2.3e-05   22.9   0.0   1   3     0.019       2.6    6.2   0.0    73   152     3    82     1    89 0.77 -
scaffold_229:53869-53051      -            273 41797at71240         -            417   2.3e-05   22.9   0.0   2   3   0.00013     0.018   13.4   0.0    94   211    93   219    83   223 0.77 -
scaffold_229:53869-53051      -            273 41797at71240         -            417   2.3e-05   22.9   0.0   3   3   0.00039     0.053   11.8   0.1   302   382   180   269   169   272 0.61 -
scaffold_133:172336-172896    -            187 41797at71240         -            417   0.00014   20.3   0.0   1   1   1.4e-06   0.00019   19.9   0.0   125   191   103   170    91   178 0.79 -
scaffold_42:1131963-1131403   -            187 41797at71240         -            417   0.00014   20.3   0.0   1   1   1.4e-06   0.00019   19.9   0.0   125   191   103   170    91   178 0.79 -
scaffold_7:11009135-11009821  -            229 41797at71240         -            417   0.00027   19.4   0.0   1   2     4e-06   0.00054   18.4   0.0    85   199    15   130     2   148 0.84 -
scaffold_7:11009135-11009821  -            229 41797at71240         -            417   0.00027   19.4   0.0   2   2       7.5     1e+03   -2.3   0.0    63    87   203   229   190   229 0.70 -
#
# Program:         hmmsearch
# Version:         3.3.2 (Nov 2020)
# Pipeline mode:   SEARCH
# Query file:      /scratch/srb67793/Pelargonium/scripts/busco_downloads/lineages/eudicots_odb10/hmms/41797at71240.hmm
# Target file:     /scratch/srb67793/Pelargonium/scripts/scratch/srb67793/Pelargonium/Results2/HiFiASM_OmniC/P_citronellum-hap1-scaffolds-busco/run_eudicots_odb10/metaeuk_output/initial_results/P_citronellum-hap1_scaffolds_final.fa.modified.fas
# Option settings: hmmsearch --domtblout /scratch/srb67793/Pelargonium/scripts/scratch/srb67793/Pelargonium/Results2/HiFiASM_OmniC/P_citronellum-hap1-scaffolds-busco/run_eudicots_odb10/hmmer_output/initial_run_results/41797at71240.out --cpu 1 /scratch/srb67793/Pelargonium/scripts/busco_downloads/lineages/eudicots_odb10/hmms/41797at71240.hmm /scratch/srb67793/Pelargonium/scripts/scratch/srb67793/Pelargonium/Results2/HiFiASM_OmniC/P_citronellum-hap1-scaffolds-busco/run_eudicots_odb10/metaeuk_output/initial_results/P_citronellum-hap1_scaffolds_final.fa.modified.fas 
# Current dir:     /scratch/srb67793/Pelargonium/scripts
# Date:            Fri Jul 19 10:32:49 2024
# [ok]
