#                                                                                     --- full sequence --- -------------- this domain -------------   hmm coord   ali coord   env coord
# target name                 accession   tlen query name           accession   qlen   E-value  score  bias   #  of  c-Evalue  i-Evalue  score  bias  from    to  from    to  from    to  acc description of target
#         ------------------- ---------- ----- -------------------- ---------- ----- --------- ------ ----- --- --- --------- --------- ------ ----- ----- ----- ----- ----- ----- ----- ---- ---------------------
scaffold_3:1329671-1337454    -            480 46876at71240         -            394  1.1e-223  741.3   0.1   1   1  1.9e-225  5.2e-223  739.1   0.1     9   394    57   473    52   473 0.96 -
scaffold_10:18433877-18429917 -            395 46876at71240         -            394  8.5e-165  547.5   0.0   1   1  1.1e-166  3.1e-164  545.6   0.0    25   394     1   392     1   392 0.92 -
scaffold_2:4705334-4703513    -            387 46876at71240         -            394  2.5e-137  457.0   0.0   1   1  1.4e-139  3.8e-137  456.4   0.0    25   394     3   387     2   387 0.92 -
scaffold_11:20114642-20143904 -            864 46876at71240         -            394    1e-125  418.8   0.0   1   1  5.7e-128  1.6e-125  418.2   0.0    25   394   481   864   469   864 0.90 -
scaffold_8:9894048-9892153    -            390 46876at71240         -            394    5e-124  413.2   0.0   1   1  2.2e-126  6.1e-124  412.9   0.0    25   394     1   386     1   386 0.92 -
scaffold_7:18355089-18353315  -            388 46876at71240         -            394  5.9e-120  399.8   0.0   1   1  2.5e-122    7e-120  399.6   0.0    25   392     1   387     1   388 0.90 -
scaffold_1:31797438-31800629  -            383 46876at71240         -            394  8.4e-120  399.3   0.0   1   1  3.6e-122    1e-119  399.1   0.0    25   388     1   379     1   383 0.88 -
scaffold_11:5539868-5536982   -            374 46876at71240         -            394  6.2e-116  386.6   0.0   1   1  2.8e-118  7.6e-116  386.3   0.0    41   394     1   370     1   370 0.91 -
scaffold_8:6560623-6559274    -            330 46876at71240         -            394  9.7e-115  382.6   0.0   1   1    4e-117  1.1e-114  382.4   0.0    24   342     8   330     2   330 0.95 -
scaffold_3:19608641-19613173  -            304 46876at71240         -            394  4.5e-100  334.4   0.1   1   2   1.2e-15   3.3e-13   48.3   0.0    24   100     6    88     1    89 0.78 -
scaffold_3:19608641-19613173  -            304 46876at71240         -            394  4.5e-100  334.4   0.1   2   2   7.7e-88   2.1e-85  286.0   0.0   135   344    87   290    85   298 0.93 -
scaffold_2:20845012-20846967  -            348 46876at71240         -            394   1.7e-98  329.2   1.5   1   3   1.4e-28     4e-26   90.9   0.0    26   113     4    90     2    93 0.95 -
scaffold_2:20845012-20846967  -            348 46876at71240         -            394   1.7e-98  329.2   1.5   2   3   8.3e-66   2.3e-63  213.5   0.0   185   345    92   256    90   267 0.94 -
scaffold_2:20845012-20846967  -            348 46876at71240         -            394   1.7e-98  329.2   1.5   3   3   5.2e-08   1.4e-05   23.2   0.1   355   394   313   348   282   348 0.86 -
scaffold_1:41808346-41844086  -            662 46876at71240         -            394   2.8e-98  328.5   0.0   1   1  1.9e-100   5.3e-98  327.5   0.0    41   334   372   662   361   662 0.93 -
scaffold_7:16514368-16471819  -            784 46876at71240         -            394   2.6e-97  325.2   0.0   1   1   1.4e-99   3.8e-97  324.7   0.0    40   331   497   784   490   784 0.93 -
scaffold_9:6983553-6980036    -            349 46876at71240         -            394   5.1e-96  321.0   0.3   1   2   5.8e-28   1.6e-25   88.9   0.1    24   100     4    80     2    83 0.97 -
scaffold_9:6983553-6980036    -            349 46876at71240         -            394   5.1e-96  321.0   0.3   2   2   1.7e-71   4.6e-69  232.2   0.0   129   356    79   309    77   349 0.87 -
scaffold_10:11697575-11700884 -            281 46876at71240         -            394   8.7e-93  310.4   0.2   1   2   6.2e-30   1.7e-27   95.4   0.1    24   101     2    79     1    82 0.96 -
scaffold_10:11697575-11700884 -            281 46876at71240         -            394   8.7e-93  310.4   0.2   2   2   2.2e-66     6e-64  215.4   0.0   127   329    76   281    75   281 0.93 -
scaffold_5:31775281-31777625  -            319 46876at71240         -            394   4.2e-83  278.5   0.2   1   2   2.7e-16   7.3e-14   50.5   0.0    25    71     6    52     2    54 0.94 -
scaffold_5:31775281-31777625  -            319 46876at71240         -            394   4.2e-83  278.5   0.2   2   2   3.1e-70   8.6e-68  228.1   0.1   127   394    51   319    50   319 0.85 -
scaffold_5:13598893-13604639  -            346 46876at71240         -            394   4.4e-71  238.9   0.0   1   1   2.1e-73   5.7e-71  238.5   0.0    42   394     2   340     1   340 0.89 -
scaffold_4:9681104-9684004    -            444 46876at71240         -            394     9e-68  228.0   0.1   1   2   3.4e-34   9.4e-32  109.4   0.0    22   179    25   187    13   197 0.84 -
scaffold_4:9681104-9684004    -            444 46876at71240         -            394     9e-68  228.0   0.1   2   2   1.8e-36   4.9e-34  116.9   0.0   175   394   214   444   194   444 0.78 -
scaffold_12:7321920-7325117   -            626 46876at71240         -            394   4.4e-67  225.7   0.0   1   2   2.5e-29     7e-27   93.4   0.0    19   178   196   364   189   377 0.84 -
scaffold_12:7321920-7325117   -            626 46876at71240         -            394   4.4e-67  225.7   0.0   2   2   1.7e-40   4.7e-38  130.1   0.0   173   394   390   625   379   625 0.82 -
scaffold_4:16009075-15971040  -            764 46876at71240         -            394   2.7e-66  223.1   0.2   1   3   3.2e-17     9e-15   53.5   0.0    41    97   456   511   446   527 0.87 -
scaffold_4:16009075-15971040  -            764 46876at71240         -            394   2.7e-66  223.1   0.2   2   3   6.9e-17   1.9e-14   52.4   0.1   135   198   527   591   514   595 0.89 -
scaffold_4:16009075-15971040  -            764 46876at71240         -            394   2.7e-66  223.1   0.2   3   3   9.5e-36   2.6e-33  114.5   0.0   230   394   594   764   591   764 0.90 -
scaffold_1:34965607-34968022  -            315 46876at71240         -            394   4.2e-64  215.9   0.0   1   2   1.1e-52     3e-50  170.3   0.0    25   243     9   244     4   251 0.85 -
scaffold_1:34965607-34968022  -            315 46876at71240         -            394   4.2e-64  215.9   0.0   2   2   2.5e-14   6.9e-12   44.0   0.0   291   351   251   313   247   315 0.93 -
scaffold_5:25625558-25621862  -            552 46876at71240         -            394   7.4e-63  211.8   3.6   1   3     0.011       3.1    5.6   0.4    24    48    66    90    56    99 0.87 -
scaffold_5:25625558-25621862  -            552 46876at71240         -            394   7.4e-63  211.8   3.6   2   3   2.3e-32   6.2e-30  103.4   0.1     4   179    95   281    92   291 0.76 -
scaffold_5:25625558-25621862  -            552 46876at71240         -            394   7.4e-63  211.8   3.6   3   3     4e-32   1.1e-29  102.6   0.0   161   388   296   545   289   552 0.76 -
scaffold_3:8710604-8705236    -            685 46876at71240         -            394   1.8e-59  200.7   0.0   1   2   8.3e-51   2.3e-48  164.1   0.0    25   292   107   398    98   405 0.83 -
scaffold_3:8710604-8705236    -            685 46876at71240         -            394   1.8e-59  200.7   0.0   2   2   1.9e-11   5.3e-09   34.5   0.0   286   394   465   587   460   587 0.72 -
scaffold_1:24469586-24430597  -            786 46876at71240         -            394   1.8e-56  190.8   0.0   1   3       4.9   1.4e+03   -3.1   0.0   138   181    26    71     8    78 0.72 -
scaffold_1:24469586-24430597  -            786 46876at71240         -            394   1.8e-56  190.8   0.0   2   3   4.3e-06    0.0012   16.9   0.1    69    97   501   529   485   533 0.91 -
scaffold_1:24469586-24430597  -            786 46876at71240         -            394   1.8e-56  190.8   0.0   3   3   3.9e-53   1.1e-50  171.8   0.0   154   394   532   781   529   781 0.84 -
scaffold_3:23596986-23599471  -            293 46876at71240         -            394   2.6e-56  190.3   0.0   1   1     1e-58   2.9e-56  190.1   0.0    25   294     2   290     1   293 0.84 -
scaffold_7:13404146-13407787  -            325 46876at71240         -            394   3.1e-55  186.7   0.9   1   3      0.72     2e+02   -0.3   0.0    25    41     4    20     2    25 0.87 -
scaffold_7:13404146-13407787  -            325 46876at71240         -            394   3.1e-55  186.7   0.9   2   3   1.8e-05    0.0051   14.8   0.2    71    97    29    55    24    63 0.92 -
scaffold_7:13404146-13407787  -            325 46876at71240         -            394   3.1e-55  186.7   0.9   3   3   2.9e-52   8.1e-50  168.9   0.0   141   345    71   275    65   306 0.89 -
scaffold_10:1339188-1337503   -            205 46876at71240         -            394   1.5e-52  177.9   0.0   1   1   6.2e-55   1.7e-52  177.7   0.0   128   329     1   205     1   205 0.91 -
scaffold_7:18332267-18337151  -            719 46876at71240         -            394   3.5e-52  176.7   0.0   1   3   6.1e-08   1.7e-05   23.0   0.0    25    62   104   141    96   156 0.89 -
scaffold_7:18332267-18337151  -            719 46876at71240         -            394   3.5e-52  176.7   0.0   2   3   4.8e-36   1.3e-33  115.5   0.0    70   293   191   439   178   446 0.78 -
scaffold_7:18332267-18337151  -            719 46876at71240         -            394   3.5e-52  176.7   0.0   3   3     2e-11   5.4e-09   34.5   0.0   286   394   505   627   499   627 0.73 -
scaffold_9:23383556-23382191  -            265 46876at71240         -            394   2.8e-51  173.7   0.0   1   1   1.1e-53   3.2e-51  173.5   0.0   135   394     1   265     1   265 0.83 -
scaffold_8:527595-522834      -            574 46876at71240         -            394   1.2e-50  171.6   0.0   1   2   3.7e-44     1e-41  142.2   0.0    25   291    33   323    15   327 0.80 -
scaffold_8:527595-522834      -            574 46876at71240         -            394   1.2e-50  171.6   0.0   2   2   2.7e-09   7.4e-07   27.4   0.0   290   367   403   487   394   522 0.72 -
scaffold_3:37533620-37532506  -            243 46876at71240         -            394   4.2e-50  169.8   0.0   1   1   1.8e-52     5e-50  169.6   0.0   135   352     9   239     2   243 0.88 -
scaffold_1:40060714-40054566  -            614 46876at71240         -            394   4.3e-50  169.8   0.0   1   2   2.8e-47   7.7e-45  152.5   0.0    25   292    79   371    70   375 0.82 -
scaffold_1:40060714-40054566  -            614 46876at71240         -            394   4.3e-50  169.8   0.0   2   2   1.4e-05    0.0038   15.2   0.0   295   394   448   562   434   562 0.66 -
scaffold_11:16364344-16370541 -            566 46876at71240         -            394     1e-48  165.2   0.0   1   2     4e-43   1.1e-40  138.8   0.0    24   292    33   325    22   331 0.82 -
scaffold_11:16364344-16370541 -            566 46876at71240         -            394     1e-48  165.2   0.0   2   2   2.2e-08   5.9e-06   24.5   0.0   286   361   393   475   386   516 0.73 -
scaffold_6:10377836-10372393  -            282 46876at71240         -            394     2e-47  161.0   0.1   1   3     0.012       3.3    5.5   0.1    25    42     1    18     1    19 0.93 -
scaffold_6:10377836-10372393  -            282 46876at71240         -            394     2e-47  161.0   0.1   2   3   2.6e-35   7.2e-33  113.1   0.0    69   252    18   221    16   223 0.82 -
scaffold_6:10377836-10372393  -            282 46876at71240         -            394     2e-47  161.0   0.1   3   3   3.3e-14     9e-12   43.6   0.0   293   351   218   278   215   282 0.93 -
scaffold_3:18541560-18539636  -            271 46876at71240         -            394     2e-46  157.7   0.9   1   2   3.1e-16   8.7e-14   50.2   1.2    70   178     1    92     1    97 0.91 -
scaffold_3:18541560-18539636  -            271 46876at71240         -            394     2e-46  157.7   0.9   2   2   1.6e-31   4.4e-29  100.6   0.0   177   324   116   270   104   271 0.85 -
scaffold_6:22691411-22693338  -            258 46876at71240         -            394   4.8e-35  120.2   0.3   1   3      0.31        86    0.9   0.0    25    42     4    21     2    23 0.90 -
scaffold_6:22691411-22693338  -            258 46876at71240         -            394   4.8e-35  120.2   0.3   2   3   1.4e-21   3.8e-19   67.9   0.5    69   178    22   144    12   149 0.75 -
scaffold_6:22691411-22693338  -            258 46876at71240         -            394   4.8e-35  120.2   0.3   3   3   1.3e-15   3.7e-13   48.2   0.0   180   262   171   256   161   258 0.81 -
#
# Program:         hmmsearch
# Version:         3.3.2 (Nov 2020)
# Pipeline mode:   SEARCH
# Query file:      /scratch/srb67793/Pelargonium/scripts/busco_downloads/lineages/eudicots_odb10/hmms/46876at71240.hmm
# Target file:     /scratch/srb67793/Pelargonium/scripts/scratch/srb67793/Pelargonium/Results2/HiFiASM_OmniC/P_citronellum-hap1-scaffolds-busco/run_eudicots_odb10/metaeuk_output/initial_results/P_citronellum-hap1_scaffolds_final.fa.modified.fas
# Option settings: hmmsearch --domtblout /scratch/srb67793/Pelargonium/scripts/scratch/srb67793/Pelargonium/Results2/HiFiASM_OmniC/P_citronellum-hap1-scaffolds-busco/run_eudicots_odb10/hmmer_output/initial_run_results/46876at71240.out --cpu 1 /scratch/srb67793/Pelargonium/scripts/busco_downloads/lineages/eudicots_odb10/hmms/46876at71240.hmm /scratch/srb67793/Pelargonium/scripts/scratch/srb67793/Pelargonium/Results2/HiFiASM_OmniC/P_citronellum-hap1-scaffolds-busco/run_eudicots_odb10/metaeuk_output/initial_results/P_citronellum-hap1_scaffolds_final.fa.modified.fas 
# Current dir:     /scratch/srb67793/Pelargonium/scripts
# Date:            Fri Jul 19 10:32:43 2024
# [ok]
