#                                                                                     --- full sequence --- -------------- this domain -------------   hmm coord   ali coord   env coord
# target name                 accession   tlen query name           accession   qlen   E-value  score  bias   #  of  c-Evalue  i-Evalue  score  bias  from    to  from    to  from    to  acc description of target
#         ------------------- ---------- ----- -------------------- ---------- ----- --------- ------ ----- --- --- --------- --------- ------ ----- ----- ----- ----- ----- ----- ----- ---- ---------------------
scaffold_7:23047807-23043398  -            453 47032at71240         -            416  6.6e-248  822.0  11.1   1   1    4e-250  1.7e-247  820.7  11.1     1   415    17   453    17   453 0.97 -
scaffold_5:777213-778232      -            340 47032at71240         -            416   5.3e-61  206.4  24.6   1   5   9.2e-17   3.8e-14   52.0   2.2   209   298     2    90     1   102 0.84 -
scaffold_5:777213-778232      -            340 47032at71240         -            416   5.3e-61  206.4  24.6   2   5   2.5e-19     1e-16   60.4   0.3   201   312    46   154    39   157 0.84 -
scaffold_5:777213-778232      -            340 47032at71240         -            416   5.3e-61  206.4  24.6   3   5     5e-16   2.1e-13   49.6   0.1    46   131   108   195   100   196 0.93 -
scaffold_5:777213-778232      -            340 47032at71240         -            416   5.3e-61  206.4  24.6   4   5   2.7e-14   1.1e-11   43.9   0.7   208   309   160   269   160   275 0.83 -
scaffold_5:777213-778232      -            340 47032at71240         -            416   5.3e-61  206.4  24.6   5   5   2.9e-14   1.2e-11   43.8   0.1    49   112   277   340   273   340 0.88 -
scaffold_27:896433-897452     -            340 47032at71240         -            416   3.9e-53  180.4  20.1   1   5   2.1e-09   8.7e-07   27.8   0.2    49   105     4    60     1    60 0.97 -
scaffold_27:896433-897452     -            340 47032at71240         -            416   3.9e-53  180.4  20.1   2   5   2.4e-19     1e-16   60.5   0.8   202   301    47   146    42   156 0.86 -
scaffold_27:896433-897452     -            340 47032at71240         -            416   3.9e-53  180.4  20.1   3   5   9.2e-16   3.8e-13   48.7   0.2    47   130   109   194   102   195 0.91 -
scaffold_27:896433-897452     -            340 47032at71240         -            416   3.9e-53  180.4  20.1   4   5     6e-14   2.5e-11   42.7   0.4   211   309   163   269   162   275 0.83 -
scaffold_27:896433-897452     -            340 47032at71240         -            416   3.9e-53  180.4  20.1   5   5   1.6e-13   6.7e-11   41.3   0.1    49   111   277   339   273   340 0.71 -
scaffold_1:42263464-42264591  -            376 47032at71240         -            416   1.8e-50  171.6  20.9   1   5     1e-09   4.2e-07   28.8   0.2   249   302    18    71     2    77 0.90 -
scaffold_1:42263464-42264591  -            376 47032at71240         -            416   1.8e-50  171.6  20.9   2   5     4e-17   1.7e-14   53.2   0.9   208   289    84   165    73   165 0.87 -
scaffold_1:42263464-42264591  -            376 47032at71240         -            416   1.8e-50  171.6  20.9   3   5   1.7e-16   7.2e-14   51.1   0.5    50   130   143   224   132   225 0.88 -
scaffold_1:42263464-42264591  -            376 47032at71240         -            416   1.8e-50  171.6  20.9   4   5   5.3e-08   2.2e-05   23.1   0.0    61   112   221   272   213   274 0.93 -
scaffold_1:42263464-42264591  -            376 47032at71240         -            416   1.8e-50  171.6  20.9   5   5   2.8e-18   1.1e-15   57.0   0.4   208   322   258   374   256   376 0.87 -
scaffold_11:16148943-16171813 -            342 47032at71240         -            416   1.3e-49  168.8  12.2   1   4   1.4e-16   5.7e-14   51.4   0.1   224   300    18    91    13    95 0.89 -
scaffold_11:16148943-16171813 -            342 47032at71240         -            416   1.3e-49  168.8  12.2   2   4   1.8e-16   7.5e-14   51.0   0.5    50   114   113   177   107   184 0.72 -
scaffold_11:16148943-16171813 -            342 47032at71240         -            416   1.3e-49  168.8  12.2   3   4   6.2e-12   2.5e-09   36.1   0.4   225   308   189   269   182   275 0.91 -
scaffold_11:16148943-16171813 -            342 47032at71240         -            416   1.3e-49  168.8  12.2   4   4     7e-12   2.9e-09   35.9   0.0    49   112   279   342   274   342 0.66 -
scaffold_12:10030927-10032045 -            373 47032at71240         -            416   2.5e-49  167.9  13.9   1   5   6.5e-20   2.7e-17   62.4   0.6   203   298    27   121    14   133 0.84 -
scaffold_12:10030927-10032045 -            373 47032at71240         -            416   2.5e-49  167.9  13.9   2   5   7.8e-13   3.2e-10   39.1   0.2    49   115   142   208   133   218 0.61 -
scaffold_12:10030927-10032045 -            373 47032at71240         -            416   2.5e-49  167.9  13.9   3   5   5.7e-11   2.3e-08   32.9   0.4   213   296   209   288   205   302 0.85 -
scaffold_12:10030927-10032045 -            373 47032at71240         -            416   2.5e-49  167.9  13.9   4   5   1.1e-10   4.7e-08   31.9   0.1    42   111   251   320   244   322 0.85 -
scaffold_12:10030927-10032045 -            373 47032at71240         -            416   2.5e-49  167.9  13.9   5   5   2.7e-13   1.1e-10   40.6   0.1    49   112   310   373   304   373 0.71 -
scaffold_33:553701-552631     -            357 47032at71240         -            416   3.3e-49  167.5  13.6   1   4   8.9e-20   3.7e-17   61.9   0.7   204   298    12   105     4   117 0.85 -
scaffold_33:553701-552631     -            357 47032at71240         -            416   3.3e-49  167.5  13.6   2   4   4.7e-13     2e-10   39.8   0.2   206   278   121   190   107   198 0.68 -
scaffold_33:553701-552631     -            357 47032at71240         -            416   3.3e-49  167.5  13.6   3   4   7.3e-11     3e-08   32.6   0.4   220   296   200   272   190   283 0.86 -
scaffold_33:553701-552631     -            357 47032at71240         -            416   3.3e-49  167.5  13.6   4   4   3.4e-13   1.4e-10   40.2   0.1   210   276   293   356   286   357 0.73 -
scaffold_3:35001167-35000079  -            363 47032at71240         -            416   3.7e-49  167.3  10.8   1   5   1.5e-19     6e-17   61.2   0.9   206   298    19   110    13   120 0.89 -
scaffold_3:35001167-35000079  -            363 47032at71240         -            416   3.7e-49  167.3  10.8   2   5   2.7e-13   1.1e-10   40.6   0.0    49   115   131   197   116   205 0.86 -
scaffold_3:35001167-35000079  -            363 47032at71240         -            416   3.7e-49  167.3  10.8   3   5   1.5e-09   6.1e-07   28.3   0.1   219   306   203   287   199   293 0.85 -
scaffold_3:35001167-35000079  -            363 47032at71240         -            416   3.7e-49  167.3  10.8   4   5   3.3e-09   1.4e-06   27.1   0.1    40   112   237   309   234   313 0.85 -
scaffold_3:35001167-35000079  -            363 47032at71240         -            416   3.7e-49  167.3  10.8   5   5   1.4e-13   5.6e-11   41.6   0.1    49   112   298   361   293   363 0.62 -
scaffold_8:608391-607216      -            392 47032at71240         -            416   8.1e-49  166.2  16.2   1   4     1e-17   4.2e-15   55.1   2.0   176   289    23   133    10   143 0.84 -
scaffold_8:608391-607216      -            392 47032at71240         -            416   8.1e-49  166.2  16.2   2   4   1.4e-16   5.7e-14   51.4   0.3   207   278   158   226   153   230 0.85 -
scaffold_8:608391-607216      -            392 47032at71240         -            416   8.1e-49  166.2  16.2   3   4   5.6e-10   2.3e-07   29.7   0.2   225   296   239   307   232   324 0.89 -
scaffold_8:608391-607216      -            392 47032at71240         -            416   8.1e-49  166.2  16.2   4   4   1.7e-12   7.2e-10   37.9   0.1    49   112   329   392   321   392 0.64 -
scaffold_22:1527875-1526856   -            340 47032at71240         -            416   1.7e-48  165.1  19.9   1   5   2.1e-09   8.5e-07   27.8   0.1    49   105     4    60     1    60 0.97 -
scaffold_22:1527875-1526856   -            340 47032at71240         -            416   1.7e-48  165.1  19.9   2   5   1.9e-13   7.9e-11   41.1   1.1   200   273    45   118    38   119 0.84 -
scaffold_22:1527875-1526856   -            340 47032at71240         -            416   1.7e-48  165.1  19.9   3   5     4e-16   1.7e-13   49.9   0.1    47   132   109   196   103   201 0.90 -
scaffold_22:1527875-1526856   -            340 47032at71240         -            416   1.7e-48  165.1  19.9   4   5     1e-14   4.3e-12   45.3   0.3   209   309   161   269   159   275 0.83 -
scaffold_22:1527875-1526856   -            340 47032at71240         -            416   1.7e-48  165.1  19.9   5   5   1.6e-13   6.8e-11   41.3   0.1    49   111   277   339   273   340 0.71 -
scaffold_3:9161482-9160403    -            360 47032at71240         -            416   1.2e-47  162.4  15.3   1   4   1.8e-18   7.6e-16   57.6   1.5   204   296    15   106     7   115 0.84 -
scaffold_3:9161482-9160403    -            360 47032at71240         -            416   1.2e-47  162.4  15.3   2   4   1.7e-13   7.2e-11   41.2   0.1    49   114   129   194   115   204 0.64 -
scaffold_3:9161482-9160403    -            360 47032at71240         -            416   1.2e-47  162.4  15.3   3   4     2e-10   8.3e-08   31.1   0.3   219   297   202   276   192   292 0.85 -
scaffold_3:9161482-9160403    -            360 47032at71240         -            416   1.2e-47  162.4  15.3   4   4   1.9e-13     8e-11   41.1   0.1   209   277   295   360   286   360 0.74 -
scaffold_1:30418269-30417313  -            319 47032at71240         -            416   1.3e-46  159.0  15.9   1   4   1.5e-11   6.1e-09   34.9   1.3   227   297     1    70     1    75 0.84 -
scaffold_1:30418269-30417313  -            319 47032at71240         -            416   1.3e-46  159.0  15.9   2   4   1.5e-13   6.1e-11   41.5   0.2   205   281    86   159    78   162 0.85 -
scaffold_1:30418269-30417313  -            319 47032at71240         -            416   1.3e-46  159.0  15.9   3   4   6.2e-14   2.6e-11   42.7   0.2   220   296   161   234   157   245 0.92 -
scaffold_1:30418269-30417313  -            319 47032at71240         -            416   1.3e-46  159.0  15.9   4   4   4.2e-16   1.7e-13   49.8   0.2    42   112   249   319   235   319 0.91 -
scaffold_2:12984256-12983231  -            342 47032at71240         -            416     1e-45  156.0  15.2   1   5   2.4e-17   9.9e-15   53.9   1.2   209   292     2    82     1   100 0.87 -
scaffold_2:12984256-12983231  -            342 47032at71240         -            416     1e-45  156.0  15.2   2   5   2.8e-13   1.2e-10   40.5   0.2    49   114   111   176    90   186 0.70 -
scaffold_2:12984256-12983231  -            342 47032at71240         -            416     1e-45  156.0  15.2   3   5   7.2e-10     3e-07   29.3   0.2   223   297   187   258   177   270 0.88 -
scaffold_2:12984256-12983231  -            342 47032at71240         -            416     1e-45  156.0  15.2   4   5   3.5e-10   1.4e-07   30.4   0.1    41   114   219   292   215   295 0.85 -
scaffold_2:12984256-12983231  -            342 47032at71240         -            416     1e-45  156.0  15.2   5   5   3.1e-13   1.3e-10   40.4   0.2   210   276   278   341   269   342 0.63 -
scaffold_8:24284617-24287675  -            428 47032at71240         -            416   2.2e-40  138.5  14.8   1   4   0.00083      0.34    9.3   0.0    65    94    35    64    24    70 0.85 -
scaffold_8:24284617-24287675  -            428 47032at71240         -            416   2.2e-40  138.5  14.8   2   4   0.00044      0.18   10.2   0.1    48    85    95   131    81   143 0.64 -
scaffold_8:24284617-24287675  -            428 47032at71240         -            416   2.2e-40  138.5  14.8   3   4   1.1e-16   4.6e-14   51.7   0.6   217   298   150   229   137   234 0.91 -
scaffold_8:24284617-24287675  -            428 47032at71240         -            416   2.2e-40  138.5  14.8   4   4   5.3e-23   2.2e-20   72.5   3.2   135   299   239   388   231   424 0.84 -
scaffold_644:1955-2859        -            274 47032at71240         -            416   5.2e-34  117.4  10.3   1   3   4.9e-10     2e-07   29.9   0.2   249   303    17    71     1    80 0.88 -
scaffold_644:1955-2859        -            274 47032at71240         -            416   5.2e-34  117.4  10.3   2   3   2.5e-20     1e-17   63.7   1.4   208   300    83   175    73   193 0.84 -
scaffold_644:1955-2859        -            274 47032at71240         -            416   5.2e-34  117.4  10.3   3   3   1.6e-09   6.8e-07   28.1   0.1   225   296   195   263   189   271 0.89 -
scaffold_6:16084628-16080597  -            484 47032at71240         -            416   5.4e-33  114.1   9.3   1   4    0.0064       2.7    6.4   0.2   210   242   115   146    93   152 0.66 -
scaffold_6:16084628-16080597  -            484 47032at71240         -            416   5.4e-33  114.1   9.3   2   4   1.2e-11   4.8e-09   35.2   0.1   208   303   165   258   158   270 0.89 -
scaffold_6:16084628-16080597  -            484 47032at71240         -            416   5.4e-33  114.1   9.3   3   4   2.5e-13     1e-10   40.7   0.4   209   299   272   361   260   371 0.89 -
scaffold_6:16084628-16080597  -            484 47032at71240         -            416   5.4e-33  114.1   9.3   4   4   1.2e-11   5.1e-09   35.1   0.0   210   298   379   467   364   472 0.92 -
scaffold_7:16519446-16525649  -           1085 47032at71240         -            416   8.7e-33  113.4  12.3   1   6     5e-05     0.021   13.4   0.0    64   104   152   192   142   195 0.91 -
scaffold_7:16519446-16525649  -           1085 47032at71240         -            416   8.7e-33  113.4  12.3   2   6   2.2e-16   9.1e-14   50.8   0.3   212   298   190   280   189   294 0.86 -
scaffold_7:16519446-16525649  -           1085 47032at71240         -            416   8.7e-33  113.4  12.3   3   6     2e-14   8.2e-12   44.3   0.2   208   302   296   389   291   392 0.90 -
scaffold_7:16519446-16525649  -           1085 47032at71240         -            416   8.7e-33  113.4  12.3   4   6   3.2e-08   1.3e-05   23.9   0.2   210   291   352   434   351   460 0.82 -
scaffold_7:16519446-16525649  -           1085 47032at71240         -            416   8.7e-33  113.4  12.3   5   6       2.9   1.2e+03   -2.4   0.0   209   229   449   469   445   474 0.87 -
scaffold_7:16519446-16525649  -           1085 47032at71240         -            416   8.7e-33  113.4  12.3   6   6      0.07        29    3.0   0.1   377   413   565   605   557   607 0.83 -
scaffold_11:3199457-3202159   -            423 47032at71240         -            416   6.4e-32  110.6  10.5   1   3   5.9e-21   2.4e-18   65.8   1.9   208   338    50   185    40   201 0.83 -
scaffold_11:3199457-3202159   -            423 47032at71240         -            416   6.4e-32  110.6  10.5   2   3   1.2e-07   4.8e-05   22.0   0.4    47   139   249   337   227   338 0.83 -
scaffold_11:3199457-3202159   -            423 47032at71240         -            416   6.4e-32  110.6  10.5   3   3   6.9e-10   2.8e-07   29.4   0.7   227   322   323   418   311   420 0.76 -
scaffold_2:7242654-7249349    -            421 47032at71240         -            416   2.2e-31  108.8  22.6   1   5   7.6e-10   3.2e-07   29.2   0.1   230   300    26    93    17   106 0.89 -
scaffold_2:7242654-7249349    -            421 47032at71240         -            416   2.2e-31  108.8  22.6   2   5   9.1e-18   3.7e-15   55.3   2.2   208   299   107   197    93   204 0.88 -
scaffold_2:7242654-7249349    -            421 47032at71240         -            416   2.2e-31  108.8  22.6   3   5     0.033        14    4.0   0.0   249   277   207   235   197   244 0.87 -
scaffold_2:7242654-7249349    -            421 47032at71240         -            416   2.2e-31  108.8  22.6   4   5   5.6e-08   2.3e-05   23.1   0.9   265   298   303   335   292   347 0.84 -
scaffold_2:7242654-7249349    -            421 47032at71240         -            416   2.2e-31  108.8  22.6   5   5    0.0029       1.2    7.5   0.7   222   277   354   418   343   421 0.39 -
scaffold_1:39992052-39998682  -           1071 47032at71240         -            416   2.9e-31  108.4  11.9   1   5   0.00016     0.065   11.7   0.0    64   104   153   193   144   195 0.92 -
scaffold_1:39992052-39998682  -           1071 47032at71240         -            416   2.9e-31  108.4  11.9   2   5   7.4e-16   3.1e-13   49.0   0.7   209   297   188   280   186   291 0.87 -
scaffold_1:39992052-39998682  -           1071 47032at71240         -            416   2.9e-31  108.4  11.9   3   5   7.2e-15     3e-12   45.8   0.2   208   302   297   390   285   394 0.91 -
scaffold_1:39992052-39998682  -           1071 47032at71240         -            416   2.9e-31  108.4  11.9   4   5    0.0026       1.1    7.7   0.0   259   289   403   433   397   475 0.86 -
scaffold_1:39992052-39998682  -           1071 47032at71240         -            416   2.9e-31  108.4  11.9   5   5      0.13        54    2.1   0.0   376   412   565   605   555   608 0.83 -
scaffold_7:13120230-13121672  -            331 47032at71240         -            416   1.8e-25   89.3   9.2   1   4     1e-05    0.0043   15.6   0.2   211   242    56    87    40    92 0.58 -
scaffold_7:13120230-13121672  -            331 47032at71240         -            416   1.8e-25   89.3   9.2   2   4   7.2e-12     3e-09   35.9   0.1   148   301    90   231    88   247 0.79 -
scaffold_7:13120230-13121672  -            331 47032at71240         -            416   1.8e-25   89.3   9.2   3   4   4.4e-08   1.8e-05   23.4   0.1    43    95   244   296   229   297 0.87 -
scaffold_7:13120230-13121672  -            331 47032at71240         -            416   1.8e-25   89.3   9.2   4   4   2.8e-06    0.0012   17.5   0.1   203   240   294   331   292   331 0.91 -
scaffold_8:23837605-23839585  -            323 47032at71240         -            416   1.4e-24   86.4  10.8   1   2   1.6e-21   6.4e-19   67.7   7.0    61   299     2   246     1   250 0.71 -
scaffold_8:23837605-23839585  -            323 47032at71240         -            416   1.4e-24   86.4  10.8   2   2   1.1e-05    0.0046   15.5   0.1    48    83   277   313   255   322 0.64 -
scaffold_9:5356932-5356039    -             97 47032at71240         -            416     2e-12   46.4   0.0   1   1     5e-15   2.1e-12   46.3   0.0   228   301     6    77     1    94 0.84 -
scaffold_2:18355432-18352053  -            360 47032at71240         -            416   2.5e-05   23.0  14.0   1   4       0.3   1.2e+02    0.9   0.2   210   243    63    98    40   109 0.67 -
scaffold_2:18355432-18352053  -            360 47032at71240         -            416   2.5e-05   23.0  14.0   2   4    0.0036       1.5    7.2   0.1   207   243   115   151   109   155 0.86 -
scaffold_2:18355432-18352053  -            360 47032at71240         -            416   2.5e-05   23.0  14.0   3   4   0.00072       0.3    9.5   0.2   211   243   155   187   150   217 0.71 -
scaffold_2:18355432-18352053  -            360 47032at71240         -            416   2.5e-05   23.0  14.0   4   4     9e-05     0.037   12.5   0.5   207   288   244   318   240   327 0.78 -
#
# Program:         hmmsearch
# Version:         3.3.2 (Nov 2020)
# Pipeline mode:   SEARCH
# Query file:      /scratch/srb67793/Pelargonium/scripts/busco_downloads/lineages/eudicots_odb10/hmms/47032at71240.hmm
# Target file:     /scratch/srb67793/Pelargonium/scripts/scratch/srb67793/Pelargonium/Results2/HiFiASM_OmniC/P_citronellum-hap1-scaffolds-busco/run_eudicots_odb10/metaeuk_output/initial_results/P_citronellum-hap1_scaffolds_final.fa.modified.fas
# Option settings: hmmsearch --domtblout /scratch/srb67793/Pelargonium/scripts/scratch/srb67793/Pelargonium/Results2/HiFiASM_OmniC/P_citronellum-hap1-scaffolds-busco/run_eudicots_odb10/hmmer_output/initial_run_results/47032at71240.out --cpu 1 /scratch/srb67793/Pelargonium/scripts/busco_downloads/lineages/eudicots_odb10/hmms/47032at71240.hmm /scratch/srb67793/Pelargonium/scripts/scratch/srb67793/Pelargonium/Results2/HiFiASM_OmniC/P_citronellum-hap1-scaffolds-busco/run_eudicots_odb10/metaeuk_output/initial_results/P_citronellum-hap1_scaffolds_final.fa.modified.fas 
# Current dir:     /scratch/srb67793/Pelargonium/scripts
# Date:            Fri Jul 19 10:32:44 2024
# [ok]
