#                                                                                     --- full sequence --- -------------- this domain -------------   hmm coord   ali coord   env coord
# target name                 accession   tlen query name           accession   qlen   E-value  score  bias   #  of  c-Evalue  i-Evalue  score  bias  from    to  from    to  from    to  acc description of target
#         ------------------- ---------- ----- -------------------- ---------- ----- --------- ------ ----- --- --- --------- --------- ------ ----- ----- ----- ----- ----- ----- ----- ---- ---------------------
scaffold_2:31491165-31467850  -           1858 526at71240           -           1581         0 2856.9  49.7   1   4    6e-219  5.7e-217  722.6  13.6     1   417    29   498    29   502 0.93 -
scaffold_2:31491165-31467850  -           1858 526at71240           -           1581         0 2856.9  49.7   2   4  5.9e-198  5.6e-196  653.0   6.5   421   743   541   890   534   896 0.94 -
scaffold_2:31491165-31467850  -           1858 526at71240           -           1581         0 2856.9  49.7   3   4  2.2e-238  2.1e-236  787.0  12.5   737  1167   941  1390   930  1395 0.94 -
scaffold_2:31491165-31467850  -           1858 526at71240           -           1581         0 2856.9  49.7   4   4    1e-208  9.6e-207  688.7   0.0  1170  1580  1430  1857  1420  1858 0.95 -
scaffold_9:5541158-5542903    -            582 526at71240           -           1581   3.3e-23   80.4   0.2   1   1   3.5e-25   3.3e-23   80.4   0.2   469   650    18   215     9   229 0.86 -
scaffold_10:8126441-8124696   -            582 526at71240           -           1581   1.9e-21   74.5   0.0   1   1   3.7e-23   3.5e-21   73.7   0.0   459   647    46   244    27   270 0.80 -
scaffold_10:6423088-6424887   -            600 526at71240           -           1581   1.3e-19   68.5   0.0   1   1   2.3e-21   2.2e-19   67.7   0.0   466   653    49   254    30   265 0.84 -
scaffold_2:35424656-35426461  -            248 526at71240           -           1581   4.3e-18   63.4   0.0   1   1   5.5e-20   5.2e-18   63.1   0.0   441   658     6   237     2   246 0.84 -
scaffold_10:10511793-10510982 -            244 526at71240           -           1581   5.9e-18   63.0   0.0   1   1   8.6e-20   8.1e-18   62.5   0.0   439   646     3   222     2   235 0.79 -
scaffold_527:41493-36739      -            917 526at71240           -           1581   7.3e-18   62.7   0.2   1   1   1.3e-19   1.2e-17   61.9   0.2   417   645   339   579   286   596 0.78 -
scaffold_10:898017-902771     -            917 526at71240           -           1581   1.1e-17   62.1   0.1   1   1   1.9e-19   1.8e-17   61.4   0.1   417   645   339   579   286   596 0.78 -
scaffold_9:3608921-3602730    -            494 526at71240           -           1581   2.6e-17   60.8   0.1   1   1   3.7e-19   3.5e-17   60.4   0.1   468   653    13   214     3   221 0.82 -
scaffold_8:15215023-15217806  -            332 526at71240           -           1581   7.4e-17   59.3   0.0   1   1   8.9e-19   8.4e-17   59.1   0.0  1198  1365    88   272    69   324 0.79 -
scaffold_33:1784109-1786034   -            642 526at71240           -           1581   1.2e-16   58.6   0.0   1   1   1.3e-18   1.2e-16   58.6   0.0  1208  1378    85   268    60   306 0.82 -
scaffold_38:1412221-1414146   -            642 526at71240           -           1581   1.2e-16   58.6   0.0   1   1   1.3e-18   1.2e-16   58.6   0.0  1208  1378    85   268    60   306 0.82 -
scaffold_10:10509658-10508634 -            313 526at71240           -           1581   4.3e-16   56.8   0.5   1   1   5.8e-18   5.5e-16   56.4   0.5   438   641    82   297    22   309 0.84 -
scaffold_5:3195795-3194017    -            593 526at71240           -           1581   4.7e-16   56.7   0.0   1   1   9.3e-18   8.8e-16   55.8   0.0   468   639    57   246    22   265 0.54 -
scaffold_8:8739884-8720750    -            243 526at71240           -           1581   6.8e-16   56.1   0.0   1   1   8.8e-18   8.3e-16   55.8   0.0   457   648    21   225     3   240 0.80 -
scaffold_6:6619751-6615410    -            343 526at71240           -           1581   6.9e-16   56.1   0.0   1   1   9.1e-18   8.6e-16   55.8   0.0  1200  1364    90   270    69   296 0.79 -
scaffold_2:22631816-22632994  -            171 526at71240           -           1581   9.6e-16   55.6   0.2   1   1   1.2e-17   1.1e-15   55.4   0.2   469   607    15   164     5   169 0.78 -
scaffold_10:12181977-12180850 -            376 526at71240           -           1581   1.1e-15   55.4   0.2   1   1   2.1e-17     2e-15   54.6   0.2   439   647   137   357   115   371 0.75 -
scaffold_3:11447121-11445217  -            635 526at71240           -           1581   1.2e-15   55.3   0.1   1   1   1.3e-17   1.2e-15   55.3   0.1   467   646    47   245    25   263 0.77 -
scaffold_5:29424104-29431025  -            982 526at71240           -           1581   1.7e-15   54.8   0.1   1   2   1.6e-06   0.00015   18.5   0.0   458   608   401   551   384   557 0.76 -
scaffold_5:29424104-29431025  -            982 526at71240           -           1581   1.7e-15   54.8   0.1   2   2   3.2e-11     3e-09   34.1   0.0   467   600   775   920   755   948 0.82 -
scaffold_2:35427651-35428769  -            373 526at71240           -           1581   2.2e-15   54.4   0.0   1   1   3.4e-17   3.2e-15   53.9   0.0   454   655   152   366   137   371 0.80 -
scaffold_73:28408-21764       -            465 526at71240           -           1581   2.3e-15   54.4   0.2   1   2   2.4e-17   2.3e-15   54.4   0.2   469   621    15   185     4   203 0.77 -
scaffold_73:28408-21764       -            465 526at71240           -           1581   2.3e-15   54.4   0.2   2   2       1.7   1.6e+02   -1.5   3.5   979  1084   328   436   312   452 0.68 -
scaffold_1:36951859-36950986  -            238 526at71240           -           1581   2.4e-15   54.3   0.1   1   1   3.2e-17   3.1e-15   54.0   0.1   440   641     4   217     2   230 0.80 -
scaffold_1:44259532-44263672  -           1001 526at71240           -           1581   2.5e-15   54.3   0.7   1   2   3.9e-08   3.7e-06   23.9   0.1   458   598   344   483   314   498 0.76 -
scaffold_1:44259532-44263672  -           1001 526at71240           -           1581   2.5e-15   54.3   0.7   2   2   1.2e-09   1.2e-07   28.8   0.1   471   619   821   976   791   999 0.82 -
scaffold_8:8674432-8673392    -            290 526at71240           -           1581   2.9e-15   54.0   0.0   1   1     4e-17   3.8e-15   53.7   0.0   458   647    73   275    42   287 0.79 -
scaffold_9:4898865-4899943    -            246 526at71240           -           1581   3.4e-15   53.8   0.1   1   1   4.5e-17   4.3e-15   53.5   0.1   441   641    13   225     5   238 0.81 -
scaffold_1:21704936-21705692  -            221 526at71240           -           1581     4e-15   53.6   0.0   1   1   5.4e-17   5.1e-15   53.2   0.0   459   640    22   216     3   220 0.78 -
scaffold_2:21967672-21969702  -            677 526at71240           -           1581   4.1e-15   53.5   0.2   1   1   6.2e-17   5.8e-15   53.0   0.2   467   653    75   280    63   286 0.80 -
scaffold_12:5384607-5383804   -            238 526at71240           -           1581   4.4e-15   53.4   0.1   1   1   5.7e-17   5.4e-15   53.1   0.1   463   655    26   231    11   238 0.81 -
scaffold_4:3403395-3402667    -            243 526at71240           -           1581   6.5e-15   52.9   0.0   1   1     9e-17   8.5e-15   52.5   0.0   454   657    17   233     3   240 0.79 -
scaffold_4:29341628-29331024  -           1016 526at71240           -           1581   7.2e-15   52.7   0.5   1   2   4.9e-07   4.6e-05   20.2   0.0   459   601   449   591   442   605 0.84 -
scaffold_4:29341628-29331024  -           1016 526at71240           -           1581   7.2e-15   52.7   0.5   2   2   3.7e-10   3.5e-08   30.6   0.1   473   621   857   999   847  1010 0.86 -
scaffold_4:35817989-35823163  -           1016 526at71240           -           1581   7.9e-15   52.6   0.5   1   2   5.2e-07   4.9e-05   20.1   0.0   459   600   449   590   442   605 0.84 -
scaffold_4:35817989-35823163  -           1016 526at71240           -           1581   7.9e-15   52.6   0.5   2   2   3.7e-10   3.5e-08   30.6   0.1   473   621   857   999   847  1010 0.86 -
scaffold_8:8685044-8684277    -            256 526at71240           -           1581     1e-14   52.2   0.0   1   1   1.4e-16   1.4e-14   51.8   0.0   457   647    40   243    10   252 0.78 -
scaffold_7:13256225-13258038  -            576 526at71240           -           1581   1.2e-14   52.0   0.1   1   1     2e-16   1.9e-14   51.3   0.1   452   661   350   573   324   576 0.78 -
scaffold_2:36233554-36231356  -            678 526at71240           -           1581   1.2e-14   52.0   0.1   1   1   2.1e-16     2e-14   51.3   0.1   465   646    80   280    59   289 0.79 -
scaffold_11:1912538-1911519   -            340 526at71240           -           1581   1.4e-14   51.8   0.1   1   2   5.2e-09   4.9e-07   26.8   0.0   434   536    72   175    49   205 0.80 -
scaffold_11:1912538-1911519   -            340 526at71240           -           1581   1.4e-14   51.8   0.1   2   2   6.6e-08   6.3e-06   23.1   0.1   565   646   246   326   235   337 0.87 -
scaffold_7:13242986-13244583  -            496 526at71240           -           1581   2.3e-14   51.1   0.1   1   1   3.8e-16   3.6e-14   50.4   0.1   444   660   261   492   237   496 0.58 -
scaffold_3:3506751-3509657    -            336 526at71240           -           1581   2.6e-14   50.9   0.0   1   1   3.4e-16   3.2e-14   50.6   0.0   457   612    99   273    60   287 0.67 -
scaffold_7:12860892-12856633  -           1010 526at71240           -           1581     3e-14   50.7   0.1   1   2   1.8e-07   1.7e-05   21.7   0.0   428   601   296   471   272   477 0.75 -
scaffold_7:12860892-12856633  -           1010 526at71240           -           1581     3e-14   50.7   0.1   2   2   5.2e-09   4.9e-07   26.8   0.0   471   619   841   981   812   993 0.84 -
scaffold_11:10887712-10886981 -            244 526at71240           -           1581   8.1e-14   49.2   0.0   1   1     1e-15   9.9e-14   49.0   0.0   468   642    12   204     2   234 0.73 -
scaffold_6:22937548-22935036  -            544 526at71240           -           1581   8.9e-14   49.1   0.1   1   1   1.3e-15   1.3e-13   48.6   0.1   470   643    15   202     5   214 0.79 -
scaffold_8:8718877-8717522    -            452 526at71240           -           1581     1e-13   48.9   0.1   1   1   1.7e-15   1.6e-13   48.3   0.1  1210  1402   231   430   224   446 0.75 -
scaffold_6:12747135-12747815  -            227 526at71240           -           1581   1.2e-13   48.7   0.1   1   1   1.7e-15   1.6e-13   48.3   0.1   469   622    40   209    27   227 0.73 -
scaffold_7:20366306-20358980  -            652 526at71240           -           1581   1.6e-13   48.3   0.4   1   2       5.7   5.4e+02   -3.2   0.1  1051  1075   209   233   181   236 0.79 -
scaffold_7:20366306-20358980  -            652 526at71240           -           1581   1.6e-13   48.3   0.4   2   2     3e-15   2.8e-13   47.4   0.0   454   649   422   632   403   645 0.78 -
scaffold_8:8648340-8647093    -            416 526at71240           -           1581   3.1e-13   47.3   0.0   1   1   4.3e-15   4.1e-13   46.9   0.0  1205  1398   189   389   155   406 0.75 -
scaffold_12:35860-32242       -            515 526at71240           -           1581   3.1e-13   47.3   0.0   1   1   3.3e-15   3.1e-13   47.3   0.0   468   638    16   200     4   203 0.81 -
scaffold_4:3406626-3404930    -            269 526at71240           -           1581   9.3e-13   45.7   0.0   1   1   3.8e-13   3.6e-11   40.5   0.0   441   658     6   258     2   267 0.73 -
scaffold_1:15698219-15698971  -            251 526at71240           -           1581   9.5e-13   45.7   0.2   1   2   1.9e-11   1.8e-09   34.8   0.0   454   600    17   177     6   178 0.78 -
scaffold_1:15698219-15698971  -            251 526at71240           -           1581   9.5e-13   45.7   0.2   2   2   9.1e-06   0.00086   16.0   0.2  1318  1405   141   232   135   245 0.77 -
scaffold_4:30876439-30877593  -            385 526at71240           -           1581   1.6e-12   44.9   0.0   1   1   2.6e-14   2.5e-12   44.3   0.0   452   646   159   366   139   378 0.81 -
scaffold_8:8737972-8737025    -            316 526at71240           -           1581   1.8e-12   44.8   0.2   1   1   2.8e-14   2.7e-12   44.2   0.2   431   660    71   315    57   316 0.77 -
scaffold_10:902895-903641     -            249 526at71240           -           1581   2.3e-12   44.4   0.1   1   1   7.8e-14   7.4e-12   42.8   0.1   453   646    16   228     3   243 0.76 -
scaffold_527:36615-35869      -            249 526at71240           -           1581   2.3e-12   44.4   0.1   1   1   7.8e-14   7.4e-12   42.8   0.1   453   646    16   228     3   243 0.76 -
scaffold_11:1928013-1926850   -            388 526at71240           -           1581   2.3e-12   44.4   0.1   1   1   4.3e-14   4.1e-12   43.6   0.1   431   660   139   383   125   387 0.68 -
scaffold_8:8672545-8671241    -            435 526at71240           -           1581   2.8e-12   44.2   0.0   1   1   4.6e-14   4.4e-12   43.5   0.0  1211  1406   219   421   211   434 0.77 -
scaffold_1:15694123-15698092  -            924 526at71240           -           1581   3.3e-12   43.9   0.1   1   1   5.9e-14   5.6e-12   43.2   0.1   438   644   368   587   296   606 0.75 -
scaffold_4:2441195-2440299    -            249 526at71240           -           1581   3.5e-12   43.8   0.0   1   1   4.4e-14   4.2e-12   43.6   0.0   471   621    15   181     4   229 0.51 -
scaffold_5:11460559-11455800  -           1187 526at71240           -           1581   3.9e-12   43.7   0.1   1   2    0.0012      0.12    9.0   0.0   460   597   553   690   538   699 0.50 -
scaffold_5:11460559-11455800  -           1187 526at71240           -           1581   3.9e-12   43.7   0.1   2   2   1.2e-10   1.1e-08   32.2   0.1   459   623  1002  1172   979  1182 0.78 -
scaffold_5:6541831-6543411    -            500 526at71240           -           1581   4.4e-12   43.5   0.2   1   1   6.2e-14   5.9e-12   43.1   0.2   435   647   258   481   235   500 0.78 -
scaffold_11:1910441-1907980   -            430 526at71240           -           1581   4.5e-12   43.4   0.0   1   1   6.5e-14   6.2e-12   43.0   0.0  1209  1399   208   405   198   419 0.77 -
scaffold_13:2975497-2976441   -            248 526at71240           -           1581   4.6e-12   43.4   0.1   1   1   5.6e-14   5.3e-12   43.2   0.1   467   660    38   243     9   248 0.76 -
scaffold_3:11578380-11579093  -            238 526at71240           -           1581   5.1e-12   43.3   0.2   1   2   1.2e-09   1.2e-07   28.8   0.0   453   565    16   127     2   138 0.82 -
scaffold_3:11578380-11579093  -            238 526at71240           -           1581   5.1e-12   43.3   0.2   2   2   7.1e-05    0.0067   13.1   0.1  1317  1414   140   234   130   238 0.81 -
scaffold_632:28241-25732      -            573 526at71240           -           1581   6.3e-12   43.0   0.1   1   1   8.7e-14   8.2e-12   42.6   0.1   439   656   337   568   321   573 0.78 -
scaffold_4:186667-214744      -           1018 526at71240           -           1581   6.4e-12   43.0   0.1   1   2   0.00092     0.087    9.4   0.0   462   599   417   550   384   563 0.65 -
scaffold_4:186667-214744      -           1018 526at71240           -           1581   6.4e-12   43.0   0.1   2   2   2.2e-10   2.1e-08   31.3   0.0   461   609   840   987   821  1009 0.85 -
scaffold_8:8699721-8697030    -            387 526at71240           -           1581   7.7e-12   42.7   0.0   1   1   1.1e-13     1e-11   42.3   0.0  1211  1399   178   373   162   385 0.77 -
scaffold_6:15869621-15870364  -            248 526at71240           -           1581     2e-11   41.3   0.1   1   1   3.1e-13   2.9e-11   40.8   0.1   469   621    25   194    10   203 0.47 -
scaffold_6:10843266-10855048  -            856 526at71240           -           1581   2.1e-11   41.2   0.0   1   1   3.5e-13   3.3e-11   40.6   0.0  1204  1365    87   262    35   279 0.77 -
scaffold_9:4089238-4086749    -            363 526at71240           -           1581   2.2e-11   41.1   0.3   1   3   1.7e-07   1.6e-05   21.7   0.1  1192  1294    31   135     9   168 0.62 -
scaffold_9:4089238-4086749    -            363 526at71240           -           1581   2.2e-11   41.1   0.3   2   3    0.0029      0.28    7.7   0.0   559   599   190   230   175   263 0.83 -
scaffold_9:4089238-4086749    -            363 526at71240           -           1581   2.2e-11   41.1   0.3   3   3    0.0016      0.15    8.6   0.0   468   500   330   362   273   363 0.74 -
scaffold_2:31444028-31444462  -            145 526at71240           -           1581   2.7e-11   40.9   0.0   1   1   3.2e-13     3e-11   40.7   0.0   521   622     2   121     1   136 0.78 -
scaffold_2:21459267-21460205  -            313 526at71240           -           1581   2.7e-11   40.9   0.1   1   2   5.5e-09   5.2e-07   26.7   0.0   452   565    93   205    77   218 0.82 -
scaffold_2:21459267-21460205  -            313 526at71240           -           1581   2.7e-11   40.9   0.1   2   2   9.6e-05     0.009   12.6   0.1  1317  1412   218   310   210   313 0.82 -
scaffold_8:8683565-8682261    -            435 526at71240           -           1581   3.1e-11   40.7   0.0   1   1   4.5e-13   4.3e-11   40.2   0.0   462   651   220   425   203   435 0.45 -
scaffold_1:17425015-17418379  -            979 526at71240           -           1581     4e-11   40.3   0.1   1   2   0.00025     0.023   11.3   0.0   470   601   445   572   412   596 0.73 -
scaffold_1:17425015-17418379  -            979 526at71240           -           1581     4e-11   40.3   0.1   2   2   5.3e-09     5e-07   26.7   0.1   471   616   821   957   806   969 0.82 -
scaffold_4:221303-192310      -           1198 526at71240           -           1581     9e-11   39.2   0.0   1   2     0.002      0.19    8.3   0.0   458   605   584   726   558   735 0.64 -
scaffold_4:221303-192310      -           1198 526at71240           -           1581     9e-11   39.2   0.0   2   2   2.5e-09   2.4e-07   27.8   0.0   461   608  1024  1166  1012  1184 0.82 -
scaffold_9:12052597-12055960  -            204 526at71240           -           1581   1.4e-10   38.5   0.2   1   1     2e-11   1.8e-09   34.8   0.2   470   622    21   166    12   190 0.62 -
scaffold_3:11574556-11575521  -            242 526at71240           -           1581   1.5e-10   38.4   0.0   1   2   7.1e-08   6.7e-06   23.0   0.0   452   535    15    98     2   134 0.80 -
scaffold_3:11574556-11575521  -            242 526at71240           -           1581   1.5e-10   38.4   0.0   2   2   4.6e-05    0.0044   13.7   0.0  1317  1417   139   235   132   241 0.77 -
scaffold_3:2001084-1998745    -            364 526at71240           -           1581     2e-10   38.0   0.6   1   3   4.4e-06   0.00042   17.0   0.1  1188  1249    28    92     3   167 0.68 -
scaffold_3:2001084-1998745    -            364 526at71240           -           1581     2e-10   38.0   0.6   2   3    0.0035      0.33    7.4   0.0   559   597   191   229   177   263 0.87 -
scaffold_3:2001084-1998745    -            364 526at71240           -           1581     2e-10   38.0   0.6   3   3   0.00034     0.032   10.8   0.0   425   500   294   363   256   364 0.66 -
scaffold_1:34736801-34728589  -            850 526at71240           -           1581     2e-10   38.0   0.0   1   1   3.2e-12     3e-10   37.4   0.0  1213  1372    99   271    67   326 0.79 -
scaffold_4:30871337-30875291  -            746 526at71240           -           1581   3.2e-10   37.3   0.0   1   1     5e-12   4.7e-10   36.8   0.0   465   644   281   473   224   489 0.77 -
scaffold_2:30814077-30813619  -            153 526at71240           -           1581   3.5e-10   37.2   0.0   1   1   4.1e-12   3.9e-10   37.1   0.0   464   596    14   152     2   153 0.55 -
scaffold_7:13255622-13257526  -            635 526at71240           -           1581   4.5e-10   36.8   0.1   1   2   1.2e-06   0.00011   18.9   0.1   565   647     8    89     3   113 0.73 -
scaffold_7:13255622-13257526  -            635 526at71240           -           1581   4.5e-10   36.8   0.1   2   2   1.4e-05    0.0013   15.4   0.0   452   528   551   628   525   634 0.82 -
scaffold_8:18727104-18724780  -            257 526at71240           -           1581   7.1e-10   36.2   0.0   1   1   1.2e-11   1.2e-09   35.5   0.0  1267  1395    66   205    54   217 0.73 -
scaffold_11:9618063-9619718   -            552 526at71240           -           1581   1.4e-09   35.2   0.0   1   3      0.21        20    1.5   0.0  1214  1241    25    52    16    84 0.68 -
scaffold_11:9618063-9619718   -            552 526at71240           -           1581   1.4e-09   35.2   0.0   2   3   0.00078     0.074    9.6   0.0   561   612   155   206   123   232 0.71 -
scaffold_11:9618063-9619718   -            552 526at71240           -           1581   1.4e-09   35.2   0.0   3   3   9.1e-07   8.6e-05   19.3   0.0  1215  1350   358   489   351   504 0.69 -
scaffold_2:38089817-38087825  -            508 526at71240           -           1581   2.3e-09   34.5   0.0   1   1   3.7e-11   3.5e-09   33.9   0.0   465   646   294   488   266   507 0.57 -
scaffold_1:30120647-30123427  -            488 526at71240           -           1581   7.1e-09   32.9   0.1   1   1   9.8e-11   9.2e-09   32.5   0.1   467   626   306   476   295   488 0.76 -
scaffold_8:5085849-5087567    -            573 526at71240           -           1581   7.5e-09   32.8   0.0   1   3      0.22        21    1.5   0.0  1213  1240    43    70    34   103 0.69 -
scaffold_8:5085849-5087567    -            573 526at71240           -           1581   7.5e-09   32.8   0.0   2   3    0.0008     0.075    9.6   0.0   561   603   176   218   136   254 0.63 -
scaffold_8:5085849-5087567    -            573 526at71240           -           1581   7.5e-09   32.8   0.0   3   3   4.2e-06    0.0004   17.1   0.0  1216  1350   380   510   371   525 0.64 -
scaffold_10:3806698-3805707   -            228 526at71240           -           1581   7.7e-09   32.7   0.0   1   1   1.1e-10     1e-08   32.3   0.0   478   598    35   173    27   219 0.75 -
scaffold_1:32214783-32212633  -            232 526at71240           -           1581   1.9e-08   31.4   0.2   1   1   2.3e-10   2.1e-08   31.3   0.2   564   656   133   224    14   231 0.84 -
scaffold_2:38090483-38090196  -             96 526at71240           -           1581   4.5e-08   30.2   0.0   1   1   5.1e-10   4.8e-08   30.1   0.0  1319  1386     1    68     1    95 0.74 -
scaffold_11:1929795-1929490   -            102 526at71240           -           1581     6e-08   29.8   0.0   1   1     7e-10   6.6e-08   29.7   0.0   565   653     6    93     3   102 0.89 -
scaffold_5:28553726-28549042  -            541 526at71240           -           1581   8.6e-08   29.3   0.0   1   2     0.035       3.3    4.1   0.0   559   592   134   167   104   174 0.70 -
scaffold_5:28553726-28549042  -            541 526at71240           -           1581   8.6e-08   29.3   0.0   2   2   8.6e-07   8.2e-05   19.4   0.1  1211  1350   350   481   347   490 0.77 -
scaffold_8:4929609-4983791    -            249 526at71240           -           1581   1.3e-07   28.7   0.0   1   1   1.6e-09   1.6e-07   28.4   0.0   470   622    33   187    24   218 0.75 -
scaffold_632:28718-28458      -             87 526at71240           -           1581   1.7e-07   28.3   0.1   1   1   1.8e-09   1.7e-07   28.2   0.1   565   626     1    62     1    83 0.70 -
scaffold_8:18716822-18716499  -            108 526at71240           -           1581   1.7e-07   28.3   0.0   1   1   1.8e-09   1.7e-07   28.3   0.0  1273  1359     5   103     1   108 0.72 -
scaffold_2:26367746-26368054  -            103 526at71240           -           1581   3.3e-07   27.3   0.0   1   1   3.7e-09   3.5e-07   27.2   0.0   564   642     5    82     3   102 0.89 -
scaffold_1:21707895-21708149  -             85 526at71240           -           1581   4.4e-07   26.9   0.1   1   1   4.8e-09   4.6e-07   26.9   0.1   565   640     6    80     2    85 0.84 -
scaffold_1:36953732-36953457  -             92 526at71240           -           1581   8.4e-07   26.0   0.1   1   1     9e-09   8.5e-07   26.0   0.1   563   639    11    86     1    91 0.62 -
scaffold_12:5386506-5386264   -             81 526at71240           -           1581   9.5e-07   25.8   0.1   1   1     1e-08   9.5e-07   25.8   0.1  1319  1387     1    71     1    81 0.57 -
scaffold_9:4897067-4897312    -             82 526at71240           -           1581   1.6e-06   25.1   0.2   1   1   1.7e-08   1.6e-06   25.0   0.2   565   639     1    74     1    81 0.66 -
scaffold_4:29295060-29293126  -            645 526at71240           -           1581   2.9e-05   20.9   0.0   1   1   4.2e-07     4e-05   20.4   0.0   462   599   500   637   476   645 0.84 -
scaffold_5:9340489-9339134    -            452 526at71240           -           1581   7.4e-05   19.6   0.0   1   1   1.1e-06    0.0001   19.1   0.0   457   596   312   451   304   452 0.85 -
scaffold_5:9347464-9345554    -            637 526at71240           -           1581   0.00011   18.9   0.0   1   1   1.6e-06   0.00015   18.5   0.0   468   598   498   628   483   637 0.83 -
scaffold_10:8357696-8354011   -            758 526at71240           -           1581   0.00089   16.0   0.0   1   1   1.4e-05    0.0013   15.4   0.0   458   598   420   557   335   567 0.64 -
scaffold_8:2154313-2155927    -            339 526at71240           -           1581   0.00096   15.9   0.0   1   2     0.041       3.9    3.9   0.0   562   601    38    78     8   102 0.63 -
scaffold_8:2154313-2155927    -            339 526at71240           -           1581   0.00096   15.9   0.0   2   2   0.00087     0.083    9.4   0.0   470   596   158   280   145   301 0.72 -
scaffold_632:28100-26835      -            422 526at71240           -           1581    0.0021   14.7   0.0   1   1   2.7e-05    0.0026   14.4   0.0   439   541   290   390   274   422 0.79 -
scaffold_9:5639635-5638946    -            183 526at71240           -           1581    0.0029   14.3   0.0   1   1     3e-05    0.0029   14.3   0.0   559   645    73   161    22   173 0.78 -
scaffold_8:2150731-2151537    -            269 526at71240           -           1581     0.013   12.1   0.0   1   1   0.00026     0.024   11.2   0.0   461   596    78   209    67   229 0.64 -
#
# Program:         hmmsearch
# Version:         3.3.2 (Nov 2020)
# Pipeline mode:   SEARCH
# Query file:      /scratch/srb67793/Pelargonium/scripts/busco_downloads/lineages/eudicots_odb10/hmms/526at71240.hmm
# Target file:     /scratch/srb67793/Pelargonium/scripts/scratch/srb67793/Pelargonium/Results2/HiFiASM_OmniC/P_citronellum-hap1-scaffolds-busco/run_eudicots_odb10/metaeuk_output/initial_results/P_citronellum-hap1_scaffolds_final.fa.modified.fas
# Option settings: hmmsearch --domtblout /scratch/srb67793/Pelargonium/scripts/scratch/srb67793/Pelargonium/Results2/HiFiASM_OmniC/P_citronellum-hap1-scaffolds-busco/run_eudicots_odb10/hmmer_output/initial_run_results/526at71240.out --cpu 1 /scratch/srb67793/Pelargonium/scripts/busco_downloads/lineages/eudicots_odb10/hmms/526at71240.hmm /scratch/srb67793/Pelargonium/scripts/scratch/srb67793/Pelargonium/Results2/HiFiASM_OmniC/P_citronellum-hap1-scaffolds-busco/run_eudicots_odb10/metaeuk_output/initial_results/P_citronellum-hap1_scaffolds_final.fa.modified.fas 
# Current dir:     /scratch/srb67793/Pelargonium/scripts
# Date:            Fri Jul 19 10:32:58 2024
# [ok]
