#                                                                                     --- full sequence --- -------------- this domain -------------   hmm coord   ali coord   env coord
# target name                 accession   tlen query name           accession   qlen   E-value  score  bias   #  of  c-Evalue  i-Evalue  score  bias  from    to  from    to  from    to  acc description of target
#         ------------------- ---------- ----- -------------------- ---------- ----- --------- ------ ----- --- --- --------- --------- ------ ----- ----- ----- ----- ----- ----- ----- ---- ---------------------
scaffold_697:24190-20134      -            482 56357at71240         -            347  1.9e-188  624.6   9.7   1   3   8.7e-05      0.43    8.5   0.2     1    22    60    81    60    87 0.85 -
scaffold_697:24190-20134      -            482 56357at71240         -            347  1.9e-188  624.6   9.7   2   3   1.5e-52   7.6e-49  165.5   0.1    16   119    97   209    92   218 0.89 -
scaffold_697:24190-20134      -            482 56357at71240         -            347  1.9e-188  624.6   9.7   3   3  9.3e-141  4.6e-137  455.6   1.0   114   346   232   476   215   477 0.95 -
scaffold_10:16409511-16406941 -            282 56357at71240         -            347   0.00023   19.2   0.7   1   4   9.7e-05      0.48    8.3   0.0    47    78     4    32     2    48 0.83 -
scaffold_10:16409511-16406941 -            282 56357at71240         -            347   0.00023   19.2   0.7   2   4   0.00022       1.1    7.1   0.1   171   243   127   204   121   214 0.70 -
scaffold_10:16409511-16406941 -            282 56357at71240         -            347   0.00023   19.2   0.7   3   4     0.014        68    1.2   0.0    52    68   195   211   182   230 0.78 -
scaffold_10:16409511-16406941 -            282 56357at71240         -            347   0.00023   19.2   0.7   4   4     0.087   4.3e+02   -1.4   0.0   287   319   235   267   215   281 0.81 -
#
# Program:         hmmsearch
# Version:         3.3.2 (Nov 2020)
# Pipeline mode:   SEARCH
# Query file:      /scratch/srb67793/Pelargonium/scripts/busco_downloads/lineages/eudicots_odb10/hmms/56357at71240.hmm
# Target file:     /scratch/srb67793/Pelargonium/scripts/scratch/srb67793/Pelargonium/Results2/HiFiASM_OmniC/P_citronellum-hap1-scaffolds-busco/run_eudicots_odb10/metaeuk_output/initial_results/P_citronellum-hap1_scaffolds_final.fa.modified.fas
# Option settings: hmmsearch --domtblout /scratch/srb67793/Pelargonium/scripts/scratch/srb67793/Pelargonium/Results2/HiFiASM_OmniC/P_citronellum-hap1-scaffolds-busco/run_eudicots_odb10/hmmer_output/initial_run_results/56357at71240.out --cpu 1 /scratch/srb67793/Pelargonium/scripts/busco_downloads/lineages/eudicots_odb10/hmms/56357at71240.hmm /scratch/srb67793/Pelargonium/scripts/scratch/srb67793/Pelargonium/Results2/HiFiASM_OmniC/P_citronellum-hap1-scaffolds-busco/run_eudicots_odb10/metaeuk_output/initial_results/P_citronellum-hap1_scaffolds_final.fa.modified.fas 
# Current dir:     /scratch/srb67793/Pelargonium/scripts
# Date:            Fri Jul 19 10:32:59 2024
# [ok]
