#                                                                                    --- full sequence --- -------------- this domain -------------   hmm coord   ali coord   env coord
# target name                accession   tlen query name           accession   qlen   E-value  score  bias   #  of  c-Evalue  i-Evalue  score  bias  from    to  from    to  from    to  acc description of target
#        ------------------- ---------- ----- -------------------- ---------- ----- --------- ------ ----- --- --- --------- --------- ------ ----- ----- ----- ----- ----- ----- ----- ---- ---------------------
scaffold_11:5484132-5493660  -           1006 5653at71240          -            897         0 1679.7  45.2   1   2         0         0 1679.6  31.4     1   866     1   934     1   943 0.94 -
scaffold_11:5484132-5493660  -           1006 5653at71240          -            897         0 1679.7  45.2   2   2      0.14   1.1e+02   -0.3   9.4   849   879   937   967   919   984 0.75 -
scaffold_1:5191333-5197469   -            641 5653at71240          -            897     1e-07   29.6   0.2   1   3     0.066        51    0.8   0.0   376   409   163   196   143   212 0.75 -
scaffold_1:5191333-5197469   -            641 5653at71240          -            897     1e-07   29.6   0.2   2   3   2.4e-07   0.00018   18.8   0.3    93   269   216   394   208   421 0.86 -
scaffold_1:5191333-5197469   -            641 5653at71240          -            897     1e-07   29.6   0.2   3   3   0.00015      0.11    9.6   0.0   141   237   366   467   355   492 0.71 -
scaffold_2:25675431-25684376 -           1172 5653at71240          -            897   2.9e-07   28.1   0.2   1   3   2.3e-09   1.7e-06   25.5   0.0   168   268   143   242   132   250 0.91 -
scaffold_2:25675431-25684376 -           1172 5653at71240          -            897   2.9e-07   28.1   0.2   2   3       1.1     8e+02   -3.2   0.0   171   269   333   426   330   453 0.52 -
scaffold_2:25675431-25684376 -           1172 5653at71240          -            897   2.9e-07   28.1   0.2   3   3       0.6   4.6e+02   -2.4   0.0   332   372   712   752   695   762 0.68 -
scaffold_1:8587932-8577767   -            561 5653at71240          -            897   1.7e-06   25.5   0.4   1   2     0.015        12    2.9   0.1   339   402   255   325   219   330 0.75 -
scaffold_1:8587932-8577767   -            561 5653at71240          -            897   1.7e-06   25.5   0.4   2   2   1.1e-07   8.5e-05   19.9   0.0   112   243   335   466   327   477 0.88 -
scaffold_2:35871194-35867561 -            474 5653at71240          -            897   1.4e-05   22.5   0.2   1   3      0.01       7.8    3.5   0.0   169   231    58   119    44   167 0.71 -
scaffold_2:35871194-35867561 -            474 5653at71240          -            897   1.4e-05   22.5   0.2   2   3       0.5   3.8e+02   -2.1   0.0   200   228   203   231   197   242 0.86 -
scaffold_2:35871194-35867561 -            474 5653at71240          -            897   1.4e-05   22.5   0.2   3   3   1.3e-06     0.001   16.4   0.0   166   253   250   340   220   350 0.81 -
scaffold_1:24158318-24165062 -            647 5653at71240          -            897   0.00018   18.8   4.5   1   5         2   1.5e+03   -4.1   0.0   198   218   147   167   128   176 0.47 -
scaffold_1:24158318-24165062 -            647 5653at71240          -            897   0.00018   18.8   4.5   2   5      0.53     4e+02   -2.2   0.0   205   243   245   281   227   307 0.68 -
scaffold_1:24158318-24165062 -            647 5653at71240          -            897   0.00018   18.8   4.5   3   5     0.014        11    3.0   0.0   322   371   344   392   332   414 0.67 -
scaffold_1:24158318-24165062 -            647 5653at71240          -            897   0.00018   18.8   4.5   4   5     0.033        25    1.8   0.0   647   687   428   468   418   487 0.79 -
scaffold_1:24158318-24165062 -            647 5653at71240          -            897   0.00018   18.8   4.5   5   5   6.5e-06     0.005   14.1   0.3   210   370   466   624   458   630 0.90 -
scaffold_10:1642733-1643038  -            102 5653at71240          -            897   0.00082   16.7   0.0   1   1   1.2e-06   0.00095   16.4   0.0   133   226     7   102     3   102 0.85 -
scaffold_10:6445796-6447505  -            372 5653at71240          -            897    0.0055   13.9   0.0   1   1   9.6e-06    0.0073   13.5   0.0   169   234   229   293   196   317 0.84 -
scaffold_3:1876274-1873423   -            355 5653at71240          -            897     0.015   12.5   0.0   1   1   2.6e-05      0.02   12.1   0.0   179   359   134   315   120   332 0.75 -
scaffold_1:17489708-17492248 -            325 5653at71240          -            897     0.039   11.1   0.6   1   1    0.0003      0.23    8.6   0.3   158   229    31   106    17   144 0.71 -
scaffold_1:4912008-4914513   -            549 5653at71240          -            897     0.043   11.0   0.1   1   1   7.7e-05     0.059   10.5   0.1   168   262   438   537   428   544 0.79 -
scaffold_5:10812163-10800654 -            709 5653at71240          -            897     0.053   10.7   0.1   1   2     0.026        20    2.1   0.0   197   238   498   537   464   549 0.70 -
scaffold_5:10812163-10800654 -            709 5653at71240          -            897     0.053   10.7   0.1   2   2    0.0014       1.1    6.3   0.0   173   229   572   627   567   653 0.82 -
scaffold_3:4941862-4941617   -             82 5653at71240          -            897     0.057   10.6   0.0   1   1   8.5e-05     0.065   10.4   0.0   169   237     9    76     5    81 0.90 -
#
# Program:         hmmsearch
# Version:         3.3.2 (Nov 2020)
# Pipeline mode:   SEARCH
# Query file:      /scratch/srb67793/Pelargonium/scripts/busco_downloads/lineages/eudicots_odb10/hmms/5653at71240.hmm
# Target file:     /scratch/srb67793/Pelargonium/scripts/scratch/srb67793/Pelargonium/Results2/HiFiASM_OmniC/P_citronellum-hap1-scaffolds-busco/run_eudicots_odb10/metaeuk_output/initial_results/P_citronellum-hap1_scaffolds_final.fa.modified.fas
# Option settings: hmmsearch --domtblout /scratch/srb67793/Pelargonium/scripts/scratch/srb67793/Pelargonium/Results2/HiFiASM_OmniC/P_citronellum-hap1-scaffolds-busco/run_eudicots_odb10/hmmer_output/initial_run_results/5653at71240.out --cpu 1 /scratch/srb67793/Pelargonium/scripts/busco_downloads/lineages/eudicots_odb10/hmms/5653at71240.hmm /scratch/srb67793/Pelargonium/scripts/scratch/srb67793/Pelargonium/Results2/HiFiASM_OmniC/P_citronellum-hap1-scaffolds-busco/run_eudicots_odb10/metaeuk_output/initial_results/P_citronellum-hap1_scaffolds_final.fa.modified.fas 
# Current dir:     /scratch/srb67793/Pelargonium/scripts
# Date:            Fri Jul 19 10:32:59 2024
# [ok]
