#                                                                                     --- full sequence --- -------------- this domain -------------   hmm coord   ali coord   env coord
# target name                 accession   tlen query name           accession   qlen   E-value  score  bias   #  of  c-Evalue  i-Evalue  score  bias  from    to  from    to  from    to  acc description of target
#         ------------------- ---------- ----- -------------------- ---------- ----- --------- ------ ----- --- --- --------- --------- ------ ----- ----- ----- ----- ----- ----- ----- ---- ---------------------
scaffold_1:4082255-4089374    -            449 62664at71240         -            367  1.5e-198  658.4   2.2   1   2     2e-20   1.6e-17   62.8   0.0     1    46     1    47     1    59 0.94 -
scaffold_1:4082255-4089374    -            449 62664at71240         -            367  1.5e-198  658.4   2.2   2   2  5.1e-182  3.9e-179  594.5   1.5    38   367    86   444    64   444 0.94 -
scaffold_603:27349-34426      -            474 62664at71240         -            367  7.4e-197  652.8   5.8   1   3   6.2e-08   4.8e-05   21.7   0.0     1    21     1    21     1    25 0.93 -
scaffold_603:27349-34426      -            474 62664at71240         -            367  7.4e-197  652.8   5.8   2   3   3.1e-08   2.4e-05   22.8   0.0    19    46    48    76    36    88 0.89 -
scaffold_603:27349-34426      -            474 62664at71240         -            367  7.4e-197  652.8   5.8   3   3    3e-186  2.3e-183  608.5   2.2    38   367   115   469    93   469 0.94 -
scaffold_1:19355334-19353706  -            301 62664at71240         -            367   4.3e-10   38.4   2.1   1   5     0.044        33    2.5   0.0   185   213    17    45    10    52 0.84 -
scaffold_1:19355334-19353706  -            301 62664at71240         -            367   4.3e-10   38.4   2.1   2   5     0.002       1.5    6.9   0.1   166   212    39    86    30    89 0.70 -
scaffold_1:19355334-19353706  -            301 62664at71240         -            367   4.3e-10   38.4   2.1   3   5   7.5e-05     0.057   11.6   0.1   150   240    60   158    57   166 0.63 -
scaffold_1:19355334-19353706  -            301 62664at71240         -            367   4.3e-10   38.4   2.1   4   5   8.8e-07   0.00068   18.0   0.0   159   214   160   216   155   234 0.84 -
scaffold_1:19355334-19353706  -            301 62664at71240         -            367   4.3e-10   38.4   2.1   5   5      0.12        91    1.1   0.0    69   110   240   281   224   297 0.71 -
scaffold_9:11136171-11133225  -            272 62664at71240         -            367   9.5e-07   27.3   0.6   1   4      0.42   3.2e+02   -0.7   0.0   185   225     3    43     2    66 0.83 -
scaffold_9:11136171-11133225  -            272 62664at71240         -            367   9.5e-07   27.3   0.6   2   4   1.5e-05     0.012   13.9   0.2   160   241    70   153    28   160 0.75 -
scaffold_9:11136171-11133225  -            272 62664at71240         -            367   9.5e-07   27.3   0.6   3   4     0.001      0.77    7.9   0.0   157   207   152   203   139   212 0.74 -
scaffold_9:11136171-11133225  -            272 62664at71240         -            367   9.5e-07   27.3   0.6   4   4     0.035        27    2.8   0.0   194   239   212   258   204   264 0.71 -
scaffold_9:14622606-14621725  -            294 62664at71240         -            367   4.4e-06   25.1   0.2   1   3     0.009       6.9    4.8   0.0   157   242    21   108    15   117 0.69 -
scaffold_9:14622606-14621725  -            294 62664at71240         -            367   4.4e-06   25.1   0.2   2   3   5.7e-05     0.044   12.0   0.0   164   216   154   207   120   220 0.78 -
scaffold_9:14622606-14621725  -            294 62664at71240         -            367   4.4e-06   25.1   0.2   3   3     0.014        10    4.2   0.0   190   235   231   277   224   289 0.75 -
scaffold_8:1513000-1513385    -            104 62664at71240         -            367   4.8e-06   25.0   2.0   1   1     7e-09   5.3e-06   24.9   2.0   157   218    13    74     2   104 0.71 -
scaffold_11:15302163-15301772 -            105 62664at71240         -            367     5e-06   25.0   1.9   1   1   7.1e-09   5.5e-06   24.8   1.9   157   218    13    74     2   105 0.73 -
scaffold_13:1668070-1671840   -            474 62664at71240         -            367   3.3e-05   22.3   3.3   1   2   3.2e-06    0.0024   16.1   0.3   157   243   200   290   177   299 0.76 -
scaffold_13:1668070-1671840   -            474 62664at71240         -            367   3.3e-05   22.3   3.3   2   2    0.0027         2    6.5   0.1   161   248   374   467   342   471 0.69 -
scaffold_3:1358449-1362829    -            548 62664at71240         -            367   4.6e-05   21.8   0.4   1   3   1.2e-05    0.0089   14.3   0.1   189   239   119   170   113   187 0.85 -
scaffold_3:1358449-1362829    -            548 62664at71240         -            367   4.6e-05   21.8   0.4   2   3      0.34   2.6e+02   -0.4   0.0    92   135   231   272   188   276 0.62 -
scaffold_3:1358449-1362829    -            548 62664at71240         -            367   4.6e-05   21.8   0.4   3   3     0.033        25    2.9   0.0   278   299   337   358   311   374 0.74 -
scaffold_10:7189975-7187202   -            514 62664at71240         -            367   5.2e-05   21.6   1.6   1   3    0.0016       1.2    7.2   0.0   188   241   226   281   220   288 0.83 -
scaffold_10:7189975-7187202   -            514 62664at71240         -            367   5.2e-05   21.6   1.6   2   3   8.6e-05     0.066   11.4   0.1   168   239   290   363   281   373 0.78 -
scaffold_10:7189975-7187202   -            514 62664at71240         -            367   5.2e-05   21.6   1.6   3   3      0.21   1.6e+02    0.2   0.0   218   247   471   500   437   508 0.52 -
scaffold_7:6675301-6674468    -            278 62664at71240         -            367   0.00033   19.0   4.2   1   3      0.19   1.5e+02    0.4   0.1   146   175    41    70    21    90 0.73 -
scaffold_7:6675301-6674468    -            278 62664at71240         -            367   0.00033   19.0   4.2   2   3   6.5e-06     0.005   15.1   0.0   157   241    96   180    73   192 0.79 -
scaffold_7:6675301-6674468    -            278 62664at71240         -            367   0.00033   19.0   4.2   3   3     0.032        24    3.0   0.2   135   210   202   278   186   278 0.67 -
scaffold_1:31461971-31455951  -            937 62664at71240         -            367     0.022   13.0   0.1   1   2    0.0001      0.08   11.1   0.1   186   239   242   295   199   319 0.81 -
scaffold_1:31461971-31455951  -            937 62664at71240         -            367     0.022   13.0   0.1   2   2   7.8e-05      0.06   11.5   0.1   188   240   244   296   238   353 0.56 -
scaffold_6:11383122-11375382  -            783 62664at71240         -            367      0.62    8.2   7.5   1   4       1.3     1e+03   -2.4   0.0   196   213    78    95    56   107 0.81 -
scaffold_6:11383122-11375382  -            783 62664at71240         -            367      0.62    8.2   7.5   2   4    0.0071       5.4    5.1   0.0   180   212   112   144    95   155 0.89 -
scaffold_6:11383122-11375382  -            783 62664at71240         -            367      0.62    8.2   7.5   3   4     0.015        11    4.0   1.5   190   244   365   425   323   447 0.71 -
scaffold_6:11383122-11375382  -            783 62664at71240         -            367      0.62    8.2   7.5   4   4      0.41   3.2e+02   -0.7   0.1    89   134   683   733   641   754 0.70 -
#
# Program:         hmmsearch
# Version:         3.3.2 (Nov 2020)
# Pipeline mode:   SEARCH
# Query file:      /scratch/srb67793/Pelargonium/scripts/busco_downloads/lineages/eudicots_odb10/hmms/62664at71240.hmm
# Target file:     /scratch/srb67793/Pelargonium/scripts/scratch/srb67793/Pelargonium/Results2/HiFiASM_OmniC/P_citronellum-hap1-scaffolds-busco/run_eudicots_odb10/metaeuk_output/initial_results/P_citronellum-hap1_scaffolds_final.fa.modified.fas
# Option settings: hmmsearch --domtblout /scratch/srb67793/Pelargonium/scripts/scratch/srb67793/Pelargonium/Results2/HiFiASM_OmniC/P_citronellum-hap1-scaffolds-busco/run_eudicots_odb10/hmmer_output/initial_run_results/62664at71240.out --cpu 1 /scratch/srb67793/Pelargonium/scripts/busco_downloads/lineages/eudicots_odb10/hmms/62664at71240.hmm /scratch/srb67793/Pelargonium/scripts/scratch/srb67793/Pelargonium/Results2/HiFiASM_OmniC/P_citronellum-hap1-scaffolds-busco/run_eudicots_odb10/metaeuk_output/initial_results/P_citronellum-hap1_scaffolds_final.fa.modified.fas 
# Current dir:     /scratch/srb67793/Pelargonium/scripts
# Date:            Fri Jul 19 10:33:24 2024
# [ok]
