#                                                                                     --- full sequence --- -------------- this domain -------------   hmm coord   ali coord   env coord
# target name                 accession   tlen query name           accession   qlen   E-value  score  bias   #  of  c-Evalue  i-Evalue  score  bias  from    to  from    to  from    to  acc description of target
#         ------------------- ---------- ----- -------------------- ---------- ----- --------- ------ ----- --- --- --------- --------- ------ ----- ----- ----- ----- ----- ----- ----- ---- ---------------------
scaffold_2:29265239-29270197  -            500 65567at71240         -            361  2.9e-183  607.7  29.6   1   1    6e-185  6.8e-183  606.5  29.6     1   361    49   457    49   457 0.90 -
scaffold_1:22415535-22418568  -            479 65567at71240         -            361  5.5e-126  419.2  21.0   1   1  3.8e-127  4.3e-125  416.3  21.0     5   360    32   435    22   436 0.86 -
scaffold_1:5995486-5994881    -            202 65567at71240         -            361   1.6e-11   42.7   0.4   1   1   1.4e-13   1.6e-11   42.7   0.4   116   166    48   100    25   113 0.85 -
scaffold_4:1902221-1902511    -             97 65567at71240         -            361   1.4e-10   39.6   0.4   1   1   1.2e-12   1.4e-10   39.6   0.4   118   164    23    71    15    94 0.88 -
scaffold_8:24111468-24112217  -            250 65567at71240         -            361   8.2e-10   37.1   0.3   1   1   1.1e-11   1.2e-09   36.5   0.3   112   165    78   133    59   145 0.88 -
scaffold_2:15579104-15581080  -            131 65567at71240         -            361   2.2e-09   35.6   6.1   1   1   2.3e-11   2.6e-09   35.4   6.1   168   231    41   104    18   110 0.91 -
scaffold_846:18322-18125      -             66 65567at71240         -            361   4.6e-09   34.6   2.4   1   1   4.3e-11     5e-09   34.5   2.4   121   166    21    65    12    66 0.85 -
scaffold_9:12663689-12663510  -             60 65567at71240         -            361   5.2e-09   34.4   3.5   1   1   4.8e-11   5.5e-09   34.3   3.5   117   164    12    60     2    60 0.85 -
scaffold_11:14581999-14583210 -            404 65567at71240         -            361   5.3e-09   34.4   0.4   1   1   6.3e-11   7.2e-09   34.0   0.4   101   165    82   148    46   162 0.76 -
scaffold_636:8586-8284        -            101 65567at71240         -            361   5.4e-09   34.4   0.3   1   1   5.1e-11   5.8e-09   34.3   0.3   112   169    16    75     4    88 0.80 -
scaffold_7:4684339-4684037    -            101 65567at71240         -            361   5.4e-09   34.4   0.3   1   1   5.1e-11   5.8e-09   34.3   0.3   112   169    16    75     4    88 0.80 -
scaffold_1:42119136-42118909  -             76 65567at71240         -            361   5.5e-09   34.3   0.1   1   1   5.2e-11   5.9e-09   34.2   0.1   117   165    20    69     7    75 0.79 -
scaffold_8:4575553-4575852    -            100 65567at71240         -            361   6.6e-09   34.1   1.0   1   1   5.8e-11   6.6e-09   34.1   1.0   114   163    48   100    10   100 0.83 -
scaffold_3:5104814-5105098    -             95 65567at71240         -            361   7.2e-09   33.9   2.7   1   1   6.8e-11   7.8e-09   33.8   2.7   104   163    25    90    12    94 0.76 -
scaffold_4:31770944-31770747  -             66 65567at71240         -            361   7.7e-09   33.9   1.9   1   1   7.2e-11   8.2e-09   33.8   1.9   121   166    21    65    13    66 0.85 -
scaffold_10:10178266-10178024 -             81 65567at71240         -            361   1.1e-08   33.4   0.5   1   1   9.6e-11   1.1e-08   33.3   0.5   121   165    30    76    12    81 0.84 -
scaffold_7:16156817-16157041  -             75 65567at71240         -            361   1.8e-08   32.6   0.2   1   1   1.7e-10   1.9e-08   32.6   0.2   118   164    24    71    10    74 0.79 -
scaffold_4:3953003-3952461    -            181 65567at71240         -            361   3.3e-08   31.8   0.6   1   1   3.5e-10     4e-08   31.5   0.6   119   163   106   152    79   160 0.89 -
scaffold_9:24480930-24481496  -            189 65567at71240         -            361   5.6e-08   31.0   0.8   1   1   6.5e-10   7.4e-08   30.6   0.8   118   164    98   146    76   167 0.83 -
scaffold_9:3193390-3193725    -            112 65567at71240         -            361   9.5e-08   30.3   1.6   1   1   9.9e-10   1.1e-07   30.0   1.6   121   163    63   107    39   109 0.89 -
scaffold_10:18338613-18337636 -            326 65567at71240         -            361   1.2e-07   29.9   0.6   1   1   1.5e-09   1.7e-07   29.4   0.6   121   164   135   180   121   191 0.88 -
scaffold_5:11887829-11887104  -            242 65567at71240         -            361   1.5e-07   29.6   2.4   1   1   1.8e-09   2.1e-07   29.2   2.4   120   166   120   168    95   178 0.84 -
scaffold_8:8368358-8367495    -            288 65567at71240         -            361   1.6e-07   29.5   0.3   1   1   1.8e-09   2.1e-07   29.1   0.3    80   164    90   178    63   184 0.71 -
scaffold_2:26723660-26724223  -            188 65567at71240         -            361   1.8e-07   29.4   0.7   1   1     2e-09   2.3e-07   29.0   0.7   121   164   124   169   108   177 0.85 -
scaffold_2:26742850-26742164  -            229 65567at71240         -            361   1.8e-07   29.3   0.4   1   1   2.3e-09   2.6e-07   28.8   0.4   119   164   101   148    89   172 0.87 -
scaffold_2:34899566-34898949  -            206 65567at71240         -            361   1.9e-07   29.3   1.6   1   1   2.2e-09   2.5e-07   28.9   1.6   119   163    94   140    81   156 0.91 -
scaffold_6:22411543-22411977  -            145 65567at71240         -            361   1.9e-07   29.3   2.3   1   1     2e-09   2.3e-07   29.0   2.3   119   163    99   145    81   145 0.87 -
scaffold_11:16143203-16142937 -             89 65567at71240         -            361   2.8e-07   28.7   3.1   1   1     3e-09   3.5e-07   28.4   3.1   120   164    39    84    31    87 0.82 -
scaffold_1:23040728-23041630  -            301 65567at71240         -            361   4.1e-07   28.2   0.6   1   1   5.1e-09   5.8e-07   27.7   0.6   110   164   128   184    90   190 0.86 -
scaffold_10:10153201-10153854 -            218 65567at71240         -            361     5e-07   27.9   0.6   1   1   5.9e-09   6.8e-07   27.5   0.6   119   163   106   152    86   162 0.88 -
scaffold_9:3200728-3201162    -            145 65567at71240         -            361   5.3e-07   27.8   0.9   1   1   5.8e-09   6.6e-07   27.5   0.9   121   163    96   140    70   142 0.88 -
scaffold_6:9759702-9759851    -             50 65567at71240         -            361   6.6e-07   27.5   3.8   1   1   5.8e-09   6.6e-07   27.5   3.8   123   165     1    44     1    50 0.83 -
scaffold_7:14833683-14833060  -            208 65567at71240         -            361   6.7e-07   27.5   0.4   1   1   7.2e-09   8.2e-07   27.2   0.4   105   164   115   176    81   183 0.79 -
scaffold_5:4338830-4338534    -             99 65567at71240         -            361   7.6e-07   27.3   1.9   1   1   6.7e-09   7.7e-07   27.3   1.9   120   164    48    94     8    97 0.80 -
scaffold_875:8298-8504        -             69 65567at71240         -            361   7.8e-07   27.2   2.9   1   1   7.6e-09   8.7e-07   27.1   2.9   119   163    18    65     5    68 0.86 -
scaffold_9:19390847-19388350  -            181 65567at71240         -            361   8.1e-07   27.2   1.6   1   1   9.2e-09     1e-06   26.8   1.6   106   172    89   159    80   176 0.80 -
scaffold_13:3221980-3223158   -            393 65567at71240         -            361   8.2e-07   27.2   0.7   1   1   1.5e-08   1.7e-06   26.2   0.7   115   165    74   126    63   147 0.80 -
scaffold_636:7269-6508        -            254 65567at71240         -            361   8.3e-07   27.2   0.7   1   2   7.3e-09   8.3e-07   27.2   0.7   117   164    86   135    70   145 0.82 -
scaffold_636:7269-6508        -            254 65567at71240         -            361   8.3e-07   27.2   0.7   2   2       8.8     1e+03   -2.7   0.3   284   328   194   237   191   245 0.58 -
scaffold_1:14101329-14100949  -            127 65567at71240         -            361   8.4e-07   27.1   2.9   1   1   9.4e-09   1.1e-06   26.8   2.9   119   163    78   124    59   126 0.83 -
scaffold_11:1031872-1031075   -            266 65567at71240         -            361   8.9e-07   27.1   0.5   1   1   9.3e-09   1.1e-06   26.8   0.5   117   163   113   161    46   165 0.84 -
scaffold_1:40360566-40359769  -            266 65567at71240         -            361   1.1e-06   26.7   1.9   1   1   1.6e-08   1.8e-06   26.0   1.9   119   164   210   256   203   264 0.82 -
scaffold_11:14703255-14702785 -            157 65567at71240         -            361   1.4e-06   26.4   2.2   1   1   1.7e-08   1.9e-06   26.0   2.2   119   164    68   115    62   126 0.89 -
scaffold_8:14916557-14917489  -            311 65567at71240         -            361   1.5e-06   26.3   0.5   1   2       4.6   5.2e+02   -1.8   0.1    44    60    15    31     6    53 0.61 -
scaffold_8:14916557-14917489  -            311 65567at71240         -            361   1.5e-06   26.3   0.5   2   2   1.4e-08   1.5e-06   26.3   0.5   118   165   243   291   235   301 0.81 -
scaffold_7:4683001-4681940    -            354 65567at71240         -            361   1.5e-06   26.3   0.8   1   2   1.4e-08   1.5e-06   26.3   0.8   117   164    79   128    64   137 0.82 -
scaffold_7:4683001-4681940    -            354 65567at71240         -            361   1.5e-06   26.3   0.8   2   2       4.5   5.2e+02   -1.8   0.4   284   333   187   235   182   252 0.75 -
scaffold_2:20010099-20010395  -             99 65567at71240         -            361   2.7e-06   25.5   4.8   1   1     3e-08   3.4e-06   25.1   4.8   117   163    43    91    36    96 0.87 -
scaffold_4:31487932-31488246  -            105 65567at71240         -            361   6.7e-06   24.2   3.2   1   1   7.5e-08   8.6e-06   23.8   3.2   121   170    44    94    36   100 0.73 -
scaffold_8:3459307-3459065    -             81 65567at71240         -            361   6.9e-06   24.1   2.0   1   1   6.4e-08   7.3e-06   24.1   2.0   121   163    30    74     8    80 0.77 -
scaffold_7:20956171-20955500  -            224 65567at71240         -            361   7.9e-06   24.0   2.9   1   1     1e-07   1.2e-05   23.4   2.9   116   163   172   220   160   223 0.83 -
scaffold_5:28875048-28875287  -             80 65567at71240         -            361   8.7e-06   23.8   1.9   1   1     9e-08     1e-05   23.6   1.9   120   164    26    72    19    78 0.85 -
scaffold_4:28698274-28698023  -             84 65567at71240         -            361   8.9e-06   23.8   0.9   1   1   9.3e-08   1.1e-05   23.5   0.9   119   163    35    81    25    83 0.82 -
scaffold_6:21114430-21114167  -             88 65567at71240         -            361   1.3e-05   23.3   2.8   1   1   1.2e-07   1.4e-05   23.1   2.8   121   163    44    88    26    88 0.85 -
scaffold_11:2545591-2545376   -             72 65567at71240         -            361   2.1e-05   22.5   2.2   1   1   2.1e-07   2.4e-05   22.4   2.2   114   164    11    65     5    71 0.80 -
scaffold_97:24302-24928       -            209 65567at71240         -            361   2.4e-05   22.3   4.0   1   1     3e-07   3.4e-05   21.9   4.0   121   164    97   142    83   151 0.81 -
scaffold_1:37559136-37559492  -            119 65567at71240         -            361   2.6e-05   22.3   1.7   1   1   2.9e-07   3.3e-05   21.9   1.7   118   164    68   115    55   118 0.82 -
scaffold_5:623610-647323      -            556 65567at71240         -            361   2.7e-05   22.2   1.3   1   1   4.2e-07   4.8e-05   21.4   1.3   118   164   123   171   116   179 0.85 -
scaffold_10:2953372-2952977   -            132 65567at71240         -            361   3.8e-05   21.7   1.3   1   1   4.3e-07   4.9e-05   21.4   1.3   119   163    86   132    81   132 0.87 -
scaffold_4:31478519-31478749  -             77 65567at71240         -            361   4.2e-05   21.6   4.3   1   1   4.2e-07   4.8e-05   21.4   4.3   121   164    30    74    21    76 0.75 -
scaffold_9:19009747-19010250  -            168 65567at71240         -            361     5e-05   21.3   1.5   1   2       4.2   4.8e+02   -1.6   0.0   229   260    33    64    24    72 0.72 -
scaffold_9:19009747-19010250  -            168 65567at71240         -            361     5e-05   21.3   1.5   2   2   7.1e-07   8.1e-05   20.6   1.4   107   166    72   132    34   142 0.81 -
scaffold_9:21422860-21422546  -            105 65567at71240         -            361     5e-05   21.3   1.9   1   1   4.9e-07   5.7e-05   21.1   1.9   118   163    56   105    30   105 0.81 -
scaffold_6:2903099-2902368    -            244 65567at71240         -            361   5.5e-05   21.2   3.2   1   1     7e-07     8e-05   20.6   3.2   116   163   191   239   178   242 0.80 -
scaffold_1:26836476-26870380  -            250 65567at71240         -            361   6.5e-05   20.9   1.5   1   1   8.9e-07    0.0001   20.3   1.5   121   163    90   134    83   139 0.88 -
scaffold_5:3913414-3913878    -            155 65567at71240         -            361   8.8e-05   20.5   0.8   1   1     1e-06   0.00012   20.1   0.8   120   164   103   148    95   154 0.83 -
scaffold_638:12834-12676      -             53 65567at71240         -            361   0.00017   19.5   6.6   1   1   1.6e-06   0.00018   19.5   6.6   121   164     5    49     1    52 0.86 -
scaffold_3:24034906-24035892  -            329 65567at71240         -            361    0.0002   19.3   1.0   1   1   2.4e-06   0.00028   18.9   1.0   116   164   236   285   224   294 0.80 -
scaffold_11:12414155-12414898 -            248 65567at71240         -            361   0.00022   19.2   1.5   1   1   2.7e-06   0.00031   18.7   1.5   116   164   182   231   172   240 0.84 -
scaffold_13:181024-181821     -            266 65567at71240         -            361   0.00022   19.2   0.9   1   1   2.7e-06   0.00031   18.7   0.9   118   164   216   263   206   265 0.84 -
scaffold_1:16165222-16165488  -             89 65567at71240         -            361   0.00039   18.4   1.8   1   1     4e-06   0.00046   18.1   1.8   121   176     4    57     1    63 0.78 -
scaffold_9:2583189-2583986    -            266 65567at71240         -            361   0.00062   17.7   1.5   1   1   7.7e-06   0.00088   17.2   1.5   118   164   216   263   206   265 0.81 -
scaffold_9:17345184-17344936  -             83 65567at71240         -            361   0.00065   17.6   6.8   1   1   6.7e-06   0.00077   17.4   6.8   120   162    39    83    31    83 0.83 -
scaffold_10:4299349-4300155   -            269 65567at71240         -            361   0.00067   17.6   2.9   1   1   8.9e-06     0.001   17.0   2.9   122   173   184   234   172   242 0.79 -
scaffold_10:12249569-12249159 -            137 65567at71240         -            361    0.0007   17.5   0.4   1   1   8.1e-06   0.00093   17.1   0.4   117   164    76   124    67   131 0.78 -
scaffold_8:6165680-6164940    -            247 65567at71240         -            361   0.00078   17.4   1.9   1   1   9.8e-06    0.0011   16.9   1.9   118   164   178   225   171   229 0.83 -
scaffold_2:33099396-33099055  -            114 65567at71240         -            361   0.00079   17.4   0.9   1   1   9.3e-06    0.0011   16.9   0.9   114   163    63   114    51   114 0.79 -
scaffold_2:21278861-21279631  -            257 65567at71240         -            361   0.00085   17.3   1.1   1   1     1e-05    0.0011   16.8   1.1   116   165   174   224   165   240 0.78 -
scaffold_11:20666867-20667547 -            227 65567at71240         -            361     0.001   17.0   2.7   1   1   1.2e-05    0.0014   16.6   2.7   116   164   176   225   169   226 0.83 -
scaffold_5:28865357-28865650  -             98 65567at71240         -            361    0.0016   16.4   2.9   1   1   1.6e-05    0.0018   16.2   2.9   120   163    53    98    40    98 0.86 -
scaffold_11:14897551-14897808 -             86 65567at71240         -            361     0.002   16.0   0.3   1   1   1.8e-05     0.002   16.0   0.3   116   163    39    86     4    86 0.74 -
scaffold_8:3900911-3829638    -            253 65567at71240         -            361    0.0026   15.7   1.8   1   1   3.4e-05    0.0039   15.1   1.8   116   164   193   242   181   248 0.83 -
scaffold_2:15625262-15625633  -            124 65567at71240         -            361    0.0045   14.9   4.8   1   1   4.5e-05    0.0052   14.7   4.8   117   165    77   123    57   124 0.73 -
scaffold_3:11929021-11928242  -            260 65567at71240         -            361    0.0054   14.6   0.8   1   1   6.6e-05    0.0076   14.1   0.8   115   164   175   225   167   234 0.81 -
scaffold_1:31410397-31411203  -            269 65567at71240         -            361    0.0069   14.3   0.8   1   1   9.1e-05      0.01   13.7   0.8   117   164   211   259   192   265 0.77 -
scaffold_9:11620934-11621617  -            228 65567at71240         -            361    0.0072   14.2   3.0   1   1   8.7e-05      0.01   13.7   3.0   120   164   109   155    97   166 0.84 -
scaffold_11:10643026-10630387 -           1866 65567at71240         -            361     0.017   12.9   2.6   1   1   0.00027     0.031   12.1   2.6   121   163  1814  1863  1801  1865 0.69 -
scaffold_2:28131992-28130328  -            555 65567at71240         -            361     0.072   10.9   4.0   1   2         6   6.8e+02   -2.2   0.1   115   141    19    47    12    54 0.78 -
scaffold_2:28131992-28130328  -            555 65567at71240         -            361     0.072   10.9   4.0   2   2   0.00019     0.022   12.6   0.7   122   164   374   417   361   426 0.76 -
scaffold_9:3928259-3922359    -            419 65567at71240         -            361      0.12   10.2   1.4   1   1    0.0015      0.17    9.7   1.4   120   165    25    75    20    87 0.71 -
scaffold_3:2569582-2570064    -             93 65567at71240         -            361       0.3    8.9  12.3   1   1     0.003      0.34    8.7  12.3   123   190     1    70     1    85 0.81 -
scaffold_5:4452935-4453273    -            113 65567at71240         -            361      0.32    8.8   7.7   1   1    0.0044       0.5    8.2   7.7   101   178    25    99     4   107 0.70 -
#
# Program:         hmmsearch
# Version:         3.3.2 (Nov 2020)
# Pipeline mode:   SEARCH
# Query file:      /scratch/srb67793/Pelargonium/scripts/busco_downloads/lineages/eudicots_odb10/hmms/65567at71240.hmm
# Target file:     /scratch/srb67793/Pelargonium/scripts/scratch/srb67793/Pelargonium/Results2/HiFiASM_OmniC/P_citronellum-hap1-scaffolds-busco/run_eudicots_odb10/metaeuk_output/initial_results/P_citronellum-hap1_scaffolds_final.fa.modified.fas
# Option settings: hmmsearch --domtblout /scratch/srb67793/Pelargonium/scripts/scratch/srb67793/Pelargonium/Results2/HiFiASM_OmniC/P_citronellum-hap1-scaffolds-busco/run_eudicots_odb10/hmmer_output/initial_run_results/65567at71240.out --cpu 1 /scratch/srb67793/Pelargonium/scripts/busco_downloads/lineages/eudicots_odb10/hmms/65567at71240.hmm /scratch/srb67793/Pelargonium/scripts/scratch/srb67793/Pelargonium/Results2/HiFiASM_OmniC/P_citronellum-hap1-scaffolds-busco/run_eudicots_odb10/metaeuk_output/initial_results/P_citronellum-hap1_scaffolds_final.fa.modified.fas 
# Current dir:     /scratch/srb67793/Pelargonium/scripts
# Date:            Fri Jul 19 10:33:31 2024
# [ok]
