#                                                                                     --- full sequence --- -------------- this domain -------------   hmm coord   ali coord   env coord
# target name                 accession   tlen query name           accession   qlen   E-value  score  bias   #  of  c-Evalue  i-Evalue  score  bias  from    to  from    to  from    to  acc description of target
#         ------------------- ---------- ----- -------------------- ---------- ----- --------- ------ ----- --- --- --------- --------- ------ ----- ----- ----- ----- ----- ----- ----- ---- ---------------------
scaffold_2:32045693-32043094  -            466 65780at71240         -            387    8e-217  718.4   7.0   1   1  4.3e-219    1e-216  718.1   7.0     2   387    39   463    38   463 0.96 -
scaffold_10:23281589-23280012 -            369 65780at71240         -            387   8.4e-13   46.8   3.6   1   1   1.1e-13   2.5e-11   41.9   3.6   122   330   137   347    18   356 0.82 -
scaffold_54:810473-812050     -            369 65780at71240         -            387   8.4e-13   46.8   3.6   1   1   1.1e-13   2.5e-11   41.9   3.6   122   330   137   347    18   356 0.82 -
scaffold_1:1565609-1562082    -            409 65780at71240         -            387   1.3e-11   42.9   6.0   1   1   7.8e-12   1.8e-09   35.8   6.0     2   256    53   309    52   375 0.77 -
scaffold_8:13735392-13732371  -            424 65780at71240         -            387   1.6e-11   42.6  13.8   1   1   7.8e-13   1.9e-10   39.1  13.8     2   298    71   371    70   413 0.69 -
scaffold_2:31899054-31901259  -            332 65780at71240         -            387   1.8e-11   42.4  11.5   1   1   7.3e-13   1.7e-10   39.2  11.5     1   296     5   302     5   331 0.70 -
scaffold_5:29144996-29166220  -            238 65780at71240         -            387   1.9e-11   42.4   0.9   1   1     1e-13   2.5e-11   42.0   0.9    68   185    69   184    47   201 0.82 -
scaffold_9:22578484-22576534  -            299 65780at71240         -            387   2.8e-11   41.8   8.7   1   2   2.8e-12   6.5e-10   37.3   7.3    43   227    38   208    25   218 0.82 -
scaffold_9:22578484-22576534  -            299 65780at71240         -            387   2.8e-11   41.8   8.7   2   2     0.081        19    2.8   0.1   237   331   186   279   173   287 0.62 -
scaffold_1:43597647-43600776  -            453 65780at71240         -            387   3.1e-11   41.7   8.2   1   1   5.1e-13   1.2e-10   39.7   8.0     3   256    62   340    60   346 0.71 -
scaffold_3:3068079-3065807    -            380 65780at71240         -            387   3.7e-11   41.4   8.8   1   1   1.1e-12   2.6e-10   38.6   8.8     3   297     4   312     2   342 0.67 -
scaffold_42:622033-619927     -            365 65780at71240         -            387   4.9e-11   41.0   6.8   1   1   1.4e-12   3.4e-10   38.2   6.8   126   328   137   341    12   352 0.81 -
scaffold_7:14037795-14041564  -            502 65780at71240         -            387   2.4e-10   38.7   8.4   1   1   6.2e-12   1.5e-09   36.1   8.4     2   256   100   389    99   428 0.69 -
scaffold_36:942026-944577     -            361 65780at71240         -            387   7.5e-10   37.1   3.0   1   2   6.1e-11   1.4e-08   32.9   0.4     2   184     5   194     4   208 0.80 -
scaffold_36:942026-944577     -            361 65780at71240         -            387   7.5e-10   37.1   3.0   2   2     0.025       5.8    4.5   0.1   282   360   223   304   214   334 0.70 -
scaffold_19:878798-876247     -            361 65780at71240         -            387   8.6e-10   36.9   2.9   1   2   7.2e-11   1.7e-08   32.6   0.4     2   184     5   194     4   208 0.80 -
scaffold_19:878798-876247     -            361 65780at71240         -            387   8.6e-10   36.9   2.9   2   2     0.024       5.7    4.6   0.1   282   360   223   304   214   335 0.70 -
scaffold_5:29118643-29159642  -            189 65780at71240         -            387     3e-09   35.1   4.3   1   1   1.5e-11   3.5e-09   34.9   4.3   122   239    39   156     1   179 0.75 -
scaffold_1:4813722-4822401    -            262 65780at71240         -            387   6.6e-09   34.0   2.3   1   1   2.1e-09   4.9e-07   27.8   2.3   119   252   106   242     9   250 0.67 -
scaffold_11:8175004-8173487   -            352 65780at71240         -            387   3.3e-08   31.7   2.4   1   3       0.9   2.1e+02   -0.6   0.0     3    44     3    53     1   120 0.51 -
scaffold_11:8175004-8173487   -            352 65780at71240         -            387   3.3e-08   31.7   2.4   2   3   4.6e-10   1.1e-07   30.0   0.7   122   183   120   181   109   196 0.83 -
scaffold_11:8175004-8173487   -            352 65780at71240         -            387   3.3e-08   31.7   2.4   3   3      0.87     2e+02   -0.6   0.0   282   328   280   328   262   336 0.72 -
scaffold_19:878795-877326     -            199 65780at71240         -            387   3.9e-08   31.4   1.6   1   2   5.4e-05     0.013   13.3   0.1     2    93     4   109     3   115 0.75 -
scaffold_19:878795-877326     -            199 65780at71240         -            387   3.9e-08   31.4   1.6   2   2   2.5e-06   0.00058   17.7   0.1   127   184   121   178   112   191 0.84 -
scaffold_11:8175019-8173774   -            294 65780at71240         -            387   4.1e-08   31.4   1.7   1   1   4.5e-10   1.1e-07   30.0   1.7   122   183   125   186     6   201 0.92 -
scaffold_5:9132900-9134269    -            359 65780at71240         -            387   5.1e-08   31.1   7.7   1   1   3.9e-09   9.2e-07   26.9   7.7   127   324   131   330     4   338 0.81 -
scaffold_3:7252286-7325459    -            302 65780at71240         -            387   9.4e-08   30.2   2.8   1   1   9.4e-10   2.2e-07   29.0   2.8    64   189    64   192    17   264 0.76 -
scaffold_9:19209697-19210188  -            164 65780at71240         -            387   9.9e-08   30.1   0.3   1   1   5.6e-10   1.3e-07   29.7   0.3   140   258     9   138     4   147 0.80 -
scaffold_6:7540066-7541573    -            360 65780at71240         -            387   1.8e-07   29.2   1.0   1   2   8.6e-09     2e-06   25.8   0.3   127   183   137   193    11   210 0.88 -
scaffold_6:7540066-7541573    -            360 65780at71240         -            387   1.8e-07   29.2   1.0   2   2      0.14        34    2.0   0.0   270   326   274   337   259   346 0.74 -
scaffold_7:24978774-24977476  -            213 65780at71240         -            387   2.1e-07   29.0   7.8   1   2      0.25        58    1.2   0.0     2    27     4    29     3    58 0.87 -
scaffold_7:24978774-24977476  -            213 65780at71240         -            387   2.1e-07   29.0   7.8   2   2   9.8e-08   2.3e-05   22.3   8.0    63   186    85   194    62   207 0.70 -
scaffold_11:18827892-18810371 -            192 65780at71240         -            387   2.5e-07   28.8   5.5   1   1   1.9e-09   4.6e-07   27.9   5.5    75   189    70   176    57   186 0.77 -
scaffold_2:11889917-11891835  -            236 65780at71240         -            387   2.7e-07   28.7   4.2   1   1   1.4e-09   3.3e-07   28.4   4.2   116   256     7   141     1   228 0.69 -
scaffold_5:3448639-3447606    -            321 65780at71240         -            387   3.7e-07   28.2   1.2   1   2   2.3e-09   5.4e-07   27.7   0.2    54   183    51   182     8   199 0.76 -
scaffold_5:3448639-3447606    -            321 65780at71240         -            387   3.7e-07   28.2   1.2   2   2       1.5   3.7e+02   -1.4   0.0   284   296   280   292   217   318 0.62 -
scaffold_9:15761036-15761800  -            143 65780at71240         -            387   4.2e-07   28.0   1.9   1   2      0.56   1.3e+02    0.1   0.1    73    91    29    47    21    55 0.79 -
scaffold_9:15761036-15761800  -            143 65780at71240         -            387   4.2e-07   28.0   1.9   2   2   1.8e-09   4.2e-07   28.0   1.9   135   183    73   121    51   129 0.92 -
scaffold_5:3430282-3442152    -            321 65780at71240         -            387   6.4e-07   27.4   2.1   1   1     5e-09   1.2e-06   26.6   2.1    58   184    55   183     9   320 0.79 -
scaffold_7:16826509-16803565  -            360 65780at71240         -            387   8.4e-07   27.1   5.6   1   1   3.7e-07   8.6e-05   20.4   5.6     2   325    10   334     9   340 0.59 -
scaffold_1:21456337-21454841  -            358 65780at71240         -            387   9.6e-07   26.9  13.1   1   1   4.3e-07    0.0001   20.2  13.1     2   257     7   267     6   332 0.68 -
scaffold_9:12748343-12746949  -            278 65780at71240         -            387   2.1e-06   25.7   0.9   1   1   1.1e-08   2.6e-06   25.5   0.7    79   183    76   181    18   236 0.83 -
scaffold_3:7409361-7347672    -            269 65780at71240         -            387   3.2e-06   25.1   2.6   1   1   2.1e-08     5e-06   24.5   2.6    64   184    64   174    21   243 0.86 -
scaffold_4:6806390-6808300    -            327 65780at71240         -            387   3.4e-06   25.1  11.3   1   1   2.3e-06   0.00054   17.8  11.3   112   310    89   289     5   304 0.71 -
scaffold_9:15516932-15515332  -            265 65780at71240         -            387   8.4e-06   23.8   0.8   1   2   8.3e-08     2e-05   22.6   0.4   133   183   121   171    21   215 0.91 -
scaffold_9:15516932-15515332  -            265 65780at71240         -            387   8.4e-06   23.8   0.8   2   2         1   2.4e+02   -0.8   0.0   163   201   204   246   200   256 0.72 -
scaffold_9:3480198-3479123    -            274 65780at71240         -            387   2.3e-05   22.3   0.5   1   1   1.6e-07   3.8e-05   21.6   0.3    69   183    64   179     8   193 0.80 -
scaffold_3:9679512-9680469    -            264 65780at71240         -            387   2.8e-05   22.0   2.1   1   1   1.8e-07   4.2e-05   21.5   2.1   112   243    89   220    80   240 0.75 -
scaffold_1:21743937-21744425  -            163 65780at71240         -            387   4.9e-05   21.3   0.7   1   1   2.6e-07   6.1e-05   20.9   0.7   164   256     2   105     1   117 0.79 -
scaffold_3:8601163-8602280    -            320 65780at71240         -            387   5.4e-05   21.1   4.2   1   2      0.19        44    1.7   0.0    26    88    43   110    14   119 0.69 -
scaffold_3:8601163-8602280    -            320 65780at71240         -            387   5.4e-05   21.1   4.2   2   2   1.2e-06   0.00029   18.7   2.7   129   302   127   298   117   320 0.75 -
scaffold_5:29971892-29972290  -            133 65780at71240         -            387     6e-05   21.0   0.6   1   1   2.9e-07     7e-05   20.7   0.6   165   257     3   106     1   117 0.78 -
scaffold_11:18831898-18809337 -            285 65780at71240         -            387   0.00018   19.4   9.5   1   2   2.8e-05    0.0067   14.2   2.5    76   232    31   193    17   200 0.68 -
scaffold_11:18831898-18809337 -            285 65780at71240         -            387   0.00018   19.4   9.5   2   2    0.0011      0.25    9.0   0.8   275   325   202   256   192   267 0.76 -
scaffold_9:3434570-3433182    -            245 65780at71240         -            387    0.0023   15.7   6.7   1   2      0.32        76    0.9   0.0    61    91    55    85     7    95 0.66 -
scaffold_9:3434570-3433182    -            245 65780at71240         -            387    0.0023   15.7   6.7   2   2   4.9e-05     0.012   13.4   5.1   126   255    97   229    89   233 0.80 -
#
# Program:         hmmsearch
# Version:         3.3.2 (Nov 2020)
# Pipeline mode:   SEARCH
# Query file:      /scratch/srb67793/Pelargonium/scripts/busco_downloads/lineages/eudicots_odb10/hmms/65780at71240.hmm
# Target file:     /scratch/srb67793/Pelargonium/scripts/scratch/srb67793/Pelargonium/Results2/HiFiASM_OmniC/P_citronellum-hap1-scaffolds-busco/run_eudicots_odb10/metaeuk_output/initial_results/P_citronellum-hap1_scaffolds_final.fa.modified.fas
# Option settings: hmmsearch --domtblout /scratch/srb67793/Pelargonium/scripts/scratch/srb67793/Pelargonium/Results2/HiFiASM_OmniC/P_citronellum-hap1-scaffolds-busco/run_eudicots_odb10/hmmer_output/initial_run_results/65780at71240.out --cpu 1 /scratch/srb67793/Pelargonium/scripts/busco_downloads/lineages/eudicots_odb10/hmms/65780at71240.hmm /scratch/srb67793/Pelargonium/scripts/scratch/srb67793/Pelargonium/Results2/HiFiASM_OmniC/P_citronellum-hap1-scaffolds-busco/run_eudicots_odb10/metaeuk_output/initial_results/P_citronellum-hap1_scaffolds_final.fa.modified.fas 
# Current dir:     /scratch/srb67793/Pelargonium/scripts
# Date:            Fri Jul 19 10:33:00 2024
# [ok]
