#                                                                                    --- full sequence --- -------------- this domain -------------   hmm coord   ali coord   env coord
# target name                accession   tlen query name           accession   qlen   E-value  score  bias   #  of  c-Evalue  i-Evalue  score  bias  from    to  from    to  from    to  acc description of target
#        ------------------- ---------- ----- -------------------- ---------- ----- --------- ------ ----- --- --- --------- --------- ------ ----- ----- ----- ----- ----- ----- ----- ---- ---------------------
scaffold_8:1675906-1679982   -            474 71578at71240         -            354  3.3e-172  571.4  18.5   1   3     2e-67   2.5e-64  216.6   0.0     1   118    18   141    18   145 0.97 -
scaffold_8:1675906-1679982   -            474 71578at71240         -            354  3.3e-172  571.4  18.5   2   3   9.2e-65   1.1e-61  207.8   0.4   111   233   161   286   155   321 0.93 -
scaffold_8:1675906-1679982   -            474 71578at71240         -            354  3.3e-172  571.4  18.5   3   3   1.5e-46   1.9e-43  147.9  10.6   238   353   329   462   306   463 0.85 -
scaffold_7:1274441-1275821   -            279 71578at71240         -            354   6.5e-69  231.7   2.5   1   2   7.7e-37   9.6e-34  116.0   0.1     1   103     1   110     1   116 0.94 -
scaffold_7:1274441-1275821   -            279 71578at71240         -            354   6.5e-69  231.7   2.5   2   2   7.6e-37   9.4e-34  116.0   0.3   168   309   118   270   111   273 0.87 -
scaffold_1:19642781-19641978 -            268 71578at71240         -            354   7.2e-69  231.5   0.6   1   2   6.5e-39   8.1e-36  122.8   0.0     1   103     2   110     2   117 0.96 -
scaffold_1:19642781-19641978 -            268 71578at71240         -            354   7.2e-69  231.5   0.6   2   2   2.8e-34   3.5e-31  107.6   0.2   168   307   118   268   112   268 0.88 -
scaffold_2:17901103-17901996 -            298 71578at71240         -            354   1.6e-60  204.1   0.1   1   2   8.2e-37     1e-33  115.9   0.1     1   105     2   113     2   119 0.94 -
scaffold_2:17901103-17901996 -            298 71578at71240         -            354   1.6e-60  204.1   0.1   2   2   7.5e-28   9.4e-25   86.4   0.0   170   309   121   274   117   282 0.87 -
scaffold_2:17907036-17907920 -            295 71578at71240         -            354   4.2e-59  199.4   0.2   1   2   8.5e-36   1.1e-32  112.6   0.0     1   104    17   127    17   134 0.94 -
scaffold_2:17907036-17907920 -            295 71578at71240         -            354   4.2e-59  199.4   0.2   2   2   1.7e-27   2.1e-24   85.2   0.0   170   309   136   289   131   293 0.85 -
scaffold_6:11941667-11942532 -            286 71578at71240         -            354   2.6e-57  193.5   0.0   1   2   2.8e-32   3.4e-29  101.0   0.0     1   103     1   107     1   116 0.92 -
scaffold_6:11941667-11942532 -            286 71578at71240         -            354   2.6e-57  193.5   0.0   2   2   4.2e-29   5.3e-26   90.5   0.0   169   308   128   286   124   286 0.80 -
scaffold_1:34039900-34040761 -            265 71578at71240         -            354     4e-43  146.8   0.0   1   2   6.9e-23   8.6e-20   70.1   0.0     1   104     1    93     1    96 0.94 -
scaffold_1:34039900-34040761 -            265 71578at71240         -            354     4e-43  146.8   0.0   2   2   8.7e-24   1.1e-20   73.1   0.0   169   307   112   265   106   265 0.80 -
scaffold_8:491224-492910     -            132 71578at71240         -            354    0.0094   14.1   0.2   1   1   8.8e-06     0.011   13.8   0.2   313   352    31    69    16    71 0.87 -
#
# Program:         hmmsearch
# Version:         3.3.2 (Nov 2020)
# Pipeline mode:   SEARCH
# Query file:      /scratch/srb67793/Pelargonium/scripts/busco_downloads/lineages/eudicots_odb10/hmms/71578at71240.hmm
# Target file:     /scratch/srb67793/Pelargonium/scripts/scratch/srb67793/Pelargonium/Results2/HiFiASM_OmniC/P_citronellum-hap1-scaffolds-busco/run_eudicots_odb10/metaeuk_output/initial_results/P_citronellum-hap1_scaffolds_final.fa.modified.fas
# Option settings: hmmsearch --domtblout /scratch/srb67793/Pelargonium/scripts/scratch/srb67793/Pelargonium/Results2/HiFiASM_OmniC/P_citronellum-hap1-scaffolds-busco/run_eudicots_odb10/hmmer_output/initial_run_results/71578at71240.out --cpu 1 /scratch/srb67793/Pelargonium/scripts/busco_downloads/lineages/eudicots_odb10/hmms/71578at71240.hmm /scratch/srb67793/Pelargonium/scripts/scratch/srb67793/Pelargonium/Results2/HiFiASM_OmniC/P_citronellum-hap1-scaffolds-busco/run_eudicots_odb10/metaeuk_output/initial_results/P_citronellum-hap1_scaffolds_final.fa.modified.fas 
# Current dir:     /scratch/srb67793/Pelargonium/scripts
# Date:            Fri Jul 19 10:33:11 2024
# [ok]
