#                                                                                     --- full sequence --- -------------- this domain -------------   hmm coord   ali coord   env coord
# target name                 accession   tlen query name           accession   qlen   E-value  score  bias   #  of  c-Evalue  i-Evalue  score  bias  from    to  from    to  from    to  acc description of target
#         ------------------- ---------- ----- -------------------- ---------- ----- --------- ------ ----- --- --- --------- --------- ------ ----- ----- ----- ----- ----- ----- ----- ---- ---------------------
scaffold_7:1548800-1541377    -            776 73659at71240         -            332  1.6e-132  441.0  10.5   1   2   2.7e-98   3.4e-96  321.6   3.1     1   192   359   573   359   586 0.91 -
scaffold_7:1548800-1541377    -            776 73659at71240         -            332  1.6e-132  441.0  10.5   2   2   1.3e-37   1.6e-35  122.2   0.8   186   332   610   773   602   773 0.81 -
scaffold_9:11136171-11133225  -            272 73659at71240         -            332   4.1e-23   81.4   7.7   1   7    0.0048      0.59    8.6   0.0    39    69     2    32     1    47 0.88 -
scaffold_9:11136171-11133225  -            272 73659at71240         -            332   4.1e-23   81.4   7.7   2   7   2.1e-06   0.00026   19.6   0.0    35    70    49    84    44    91 0.73 -
scaffold_9:11136171-11133225  -            272 73659at71240         -            332   4.1e-23   81.4   7.7   3   7   1.6e-07     2e-05   23.2   0.1   165   199    92   130    87   135 0.87 -
scaffold_9:11136171-11133225  -            272 73659at71240         -            332   4.1e-23   81.4   7.7   4   7   4.6e-07   5.8e-05   21.7   0.0    36    91   134   191   131   197 0.85 -
scaffold_9:11136171-11133225  -            272 73659at71240         -            332   4.1e-23   81.4   7.7   5   7         2   2.5e+02   -0.1   0.0   124   140   184   200   179   213 0.77 -
scaffold_9:11136171-11133225  -            272 73659at71240         -            332   4.1e-23   81.4   7.7   6   7     0.015       1.9    6.9   0.0   176   200   214   238   199   252 0.75 -
scaffold_9:11136171-11133225  -            272 73659at71240         -            332   4.1e-23   81.4   7.7   7   7       1.3   1.6e+02    0.5   0.0    36    65   241   272   236   272 0.68 -
scaffold_1:19355334-19353706  -            301 73659at71240         -            332   3.1e-21   75.2  11.5   1   4   7.7e-06   0.00095   17.7   0.1    36    75    13    52     7    58 0.89 -
scaffold_1:19355334-19353706  -            301 73659at71240         -            332   3.1e-21   75.2  11.5   2   4   2.6e-08   3.2e-06   25.9   0.7   123   200    61   137    60   145 0.84 -
scaffold_1:19355334-19353706  -            301 73659at71240         -            332   3.1e-21   75.2  11.5   3   4   0.00013     0.016   13.7   0.1    37    81   141   185   137   191 0.89 -
scaffold_1:19355334-19353706  -            301 73659at71240         -            332   3.1e-21   75.2  11.5   4   4   1.1e-06   0.00013   20.6   0.1   125   202   191   269   186   294 0.79 -
scaffold_2:35127136-35120798  -            939 73659at71240         -            332   5.7e-18   64.5  14.9   1   7      0.18        23    3.3   0.1   169   198    67    99    58   114 0.69 -
scaffold_2:35127136-35120798  -            939 73659at71240         -            332   5.7e-18   64.5  14.9   2   7      0.57        70    1.7   0.0    50   194   118   137   100   145 0.60 -
scaffold_2:35127136-35120798  -            939 73659at71240         -            332   5.7e-18   64.5  14.9   3   7   2.8e-07   3.5e-05   22.5   0.3    36    78   146   188   128   200 0.91 -
scaffold_2:35127136-35120798  -            939 73659at71240         -            332   5.7e-18   64.5  14.9   4   7       3.5   4.4e+02   -0.9   0.0    36    66   256   286   246   292 0.85 -
scaffold_2:35127136-35120798  -            939 73659at71240         -            332   5.7e-18   64.5  14.9   5   7   0.00028     0.035   12.6   0.0    34   145   397   510   382   528 0.83 -
scaffold_2:35127136-35120798  -            939 73659at71240         -            332   5.7e-18   64.5  14.9   6   7   0.00023     0.029   12.9   0.0     6    77   540   616   537   618 0.81 -
scaffold_2:35127136-35120798  -            939 73659at71240         -            332   5.7e-18   64.5  14.9   7   7   5.3e-05    0.0065   15.0   0.0    36    92   617   674   616   682 0.89 -
scaffold_7:14309965-14311621  -            549 73659at71240         -            332   3.8e-16   58.5   0.4   1   4   0.00013     0.016   13.7   0.0    36    76   264   306   256   311 0.83 -
scaffold_7:14309965-14311621  -            549 73659at71240         -            332   3.8e-16   58.5   0.4   2   4   1.4e-06   0.00018   20.1   0.0    37    85   309   357   305   367 0.87 -
scaffold_7:14309965-14311621  -            549 73659at71240         -            332   3.8e-16   58.5   0.4   3   4       6.1   7.6e+02   -1.7   0.0   177   198   368   389   365   393 0.87 -
scaffold_7:14309965-14311621  -            549 73659at71240         -            332   3.8e-16   58.5   0.4   4   4   8.8e-07   0.00011   20.8   0.0    34   142   392   509   379   514 0.76 -
scaffold_1:40820116-40819244  -            291 73659at71240         -            332   5.4e-16   58.0   6.2   1   2      0.14        17    3.7   0.1   165   193     3    33     1    87 0.69 -
scaffold_1:40820116-40819244  -            291 73659at71240         -            332   5.4e-16   58.0   6.2   2   2     6e-17   7.4e-15   54.3   2.8    37   191   130   290   120   291 0.86 -
scaffold_9:14622606-14621725  -            294 73659at71240         -            332     3e-13   49.0   1.0   1   3      0.84     1e+02    1.2   0.0    37    67     4    34     2    41 0.81 -
scaffold_9:14622606-14621725  -            294 73659at71240         -            332     3e-13   49.0   1.0   2   3   0.00026     0.032   12.7   0.1    34    77    44    87    39   102 0.87 -
scaffold_9:14622606-14621725  -            294 73659at71240         -            332     3e-13   49.0   1.0   3   3   1.5e-09   1.8e-07   30.0   0.1    51   198   104   259    88   262 0.75 -
scaffold_7:13281590-13282249  -            220 73659at71240         -            332   9.1e-13   47.4   3.6   1   2   1.5e-14   1.8e-12   46.4   0.7    47   191     9   159     1   186 0.85 -
scaffold_7:13281590-13282249  -            220 73659at71240         -            332   9.1e-13   47.4   3.6   2   2      0.49        61    1.9   0.1   175   193   194   212   189   216 0.87 -
scaffold_1:44068312-44067653  -            220 73659at71240         -            332   1.4e-12   46.7   2.2   1   2   1.2e-14   1.5e-12   46.6   0.5    47   192     9   160     1   192 0.82 -
scaffold_1:44068312-44067653  -            220 73659at71240         -            332   1.4e-12   46.7   2.2   2   2       3.1   3.8e+02   -0.7   0.0   176   196   195   215   190   218 0.80 -
scaffold_8:4801181-4795460    -            887 73659at71240         -            332   3.7e-12   45.4   3.0   1   5      0.82     1e+02    1.2   0.0   113   140    46    73    30    84 0.74 -
scaffold_8:4801181-4795460    -            887 73659at71240         -            332   3.7e-12   45.4   3.0   2   5     0.032         4    5.8   0.0    30    67    85   121    79   126 0.85 -
scaffold_8:4801181-4795460    -            887 73659at71240         -            332   3.7e-12   45.4   3.0   3   5    0.0027      0.33    9.4   0.0   116   171   138   191   132   197 0.83 -
scaffold_8:4801181-4795460    -            887 73659at71240         -            332   3.7e-12   45.4   3.0   4   5    0.0031      0.38    9.2   0.0    32    76   371   415   361   417 0.87 -
scaffold_8:4801181-4795460    -            887 73659at71240         -            332   3.7e-12   45.4   3.0   5   5   0.00028     0.035   12.6   0.4    36   200   417   583   412   586 0.69 -
scaffold_7:26843287-26842754  -            178 73659at71240         -            332   6.9e-12   44.5   0.9   1   2    0.0032       0.4    9.1   0.1    39    67    13    41     7    51 0.65 -
scaffold_7:26843287-26842754  -            178 73659at71240         -            332   6.9e-12   44.5   0.9   2   2   9.5e-11   1.2e-08   33.9   0.1    35   145    53   166    48   176 0.80 -
scaffold_3:14298985-14299500  -            172 73659at71240         -            332   7.4e-12   44.4   2.8   1   4    0.0052      0.64    8.4   0.0    52    76     7    31     2    34 0.87 -
scaffold_3:14298985-14299500  -            172 73659at71240         -            332   7.4e-12   44.4   2.8   2   4   4.1e-07   5.1e-05   21.9   0.2    37    75    34    72    29    74 0.94 -
scaffold_3:14298985-14299500  -            172 73659at71240         -            332   7.4e-12   44.4   2.8   3   4   0.00019     0.024   13.1   0.0   163   194    73   108    70   120 0.84 -
scaffold_3:14298985-14299500  -            172 73659at71240         -            332   7.4e-12   44.4   2.8   4   4       2.1   2.6e+02   -0.2   0.0    29    63   137   171   113   172 0.82 -
scaffold_1:43226192-43226785  -            198 73659at71240         -            332   1.8e-11   43.1   6.9   1   1   1.8e-12   2.2e-10   39.5   6.9    37   191     1   168     1   196 0.81 -
scaffold_1:31809823-31809317  -            169 73659at71240         -            332   2.8e-11   42.5   0.9   1   2    0.0043      0.53    8.7   0.1    41    67     6    32     1    41 0.63 -
scaffold_1:31809823-31809317  -            169 73659at71240         -            332   2.8e-11   42.5   0.9   2   2   2.2e-10   2.7e-08   32.7   0.1    35   145    44   157    37   167 0.80 -
scaffold_59:385234-373040     -            469 73659at71240         -            332     2e-10   39.7   6.3   1   4    0.0072       0.9    8.0   0.2   111   192   118   213   101   214 0.62 -
scaffold_59:385234-373040     -            469 73659at71240         -            332     2e-10   39.7   6.3   2   4     0.079       9.8    4.6   0.1   119   157   184   222   174   227 0.83 -
scaffold_59:385234-373040     -            469 73659at71240         -            332     2e-10   39.7   6.3   3   4   1.2e-07   1.5e-05   23.6   0.8    38   199   228   386   220   398 0.77 -
scaffold_59:385234-373040     -            469 73659at71240         -            332     2e-10   39.7   6.3   4   4      0.28        34    2.8   0.0    29    66   429   466   409   468 0.86 -
scaffold_15:254864-242790     -            469 73659at71240         -            332   3.8e-10   38.8   5.5   1   4     0.015       1.8    6.9   0.1   111   192   118   213   109   215 0.58 -
scaffold_15:254864-242790     -            469 73659at71240         -            332   3.8e-10   38.8   5.5   2   4     0.072       8.9    4.7   0.1   119   157   184   222   174   229 0.84 -
scaffold_15:254864-242790     -            469 73659at71240         -            332   3.8e-10   38.8   5.5   3   4   8.8e-07   0.00011   20.8   0.8    38   200   228   387   222   401 0.77 -
scaffold_15:254864-242790     -            469 73659at71240         -            332   3.8e-10   38.8   5.5   4   4      0.35        44    2.4   0.0    29    66   429   466   409   468 0.85 -
scaffold_7:6675301-6674468    -            278 73659at71240         -            332   5.5e-10   38.3  11.4   1   2     0.013       1.6    7.2   0.1   178   203    10    35     5    47 0.77 -
scaffold_7:6675301-6674468    -            278 73659at71240         -            332   5.5e-10   38.3  11.4   2   2     2e-10   2.5e-08   32.8   7.8     9   202    46   248    39   260 0.80 -
scaffold_1:24086518-24087405  -            296 73659at71240         -            332   2.5e-09   36.1  12.2   1   2      0.05       6.2    5.2   0.1    44    69    19    44     6    59 0.70 -
scaffold_1:24086518-24087405  -            296 73659at71240         -            332   2.5e-09   36.1  12.2   2   2   2.9e-09   3.6e-07   29.0   9.2     8   201    63   265    57   276 0.78 -
scaffold_8:25889911-25889123  -            263 73659at71240         -            332   4.7e-09   35.2   3.3   1   1   1.3e-10   1.6e-08   33.4   3.3    35   203    42   220    31   263 0.76 -
scaffold_3:2087971-2098462    -            494 73659at71240         -            332   6.8e-09   34.7   3.3   1   3   8.6e-07   0.00011   20.9   0.1   126   202   201   283   194   293 0.82 -
scaffold_3:2087971-2098462    -            494 73659at71240         -            332   6.8e-09   34.7   3.3   2   3     0.084        10    4.5   0.0   166   199   286   323   284   326 0.73 -
scaffold_3:2087971-2098462    -            494 73659at71240         -            332   6.8e-09   34.7   3.3   3   3    0.0084         1    7.8   0.2    39    75   330   366   326   370 0.76 -
scaffold_9:3715675-3713203    -            281 73659at71240         -            332   1.1e-08   33.9   1.7   1   2   9.2e-11   1.1e-08   33.9   1.7    36   199    16   179    10   191 0.87 -
scaffold_9:3715675-3713203    -            281 73659at71240         -            332   1.1e-08   33.9   1.7   2   2       1.9   2.4e+02   -0.0   0.1   133   199   195   217   179   266 0.49 -
scaffold_7:27377470-27377222  -             83 73659at71240         -            332   1.5e-08   33.5   0.7   1   2   3.3e-08   4.1e-06   25.5   0.2    37    76    13    52     6    55 0.93 -
scaffold_7:27377470-27377222  -             83 73659at71240         -            332   1.5e-08   33.5   0.7   2   2    0.0065      0.81    8.1   0.0   164   190    53    83    50    83 0.81 -
scaffold_1:24065351-24064614  -            246 73659at71240         -            332   5.7e-08   31.6  11.7   1   3   1.6e-05     0.002   16.7   1.6    49    94    96   143    85   158 0.78 -
scaffold_1:24065351-24064614  -            246 73659at71240         -            332   5.7e-08   31.6  11.7   2   3    0.0016      0.19   10.1   0.1    27    71   167   210   157   218 0.83 -
scaffold_1:24065351-24064614  -            246 73659at71240         -            332   5.7e-08   31.6  11.7   3   3    0.0012      0.15   10.5   0.5   164   190   218   246   213   246 0.92 -
scaffold_3:3987053-3989579    -            452 73659at71240         -            332   7.5e-08   31.2   2.7   1   3    0.0045      0.55    8.7   0.1    31    92   160   223   153   240 0.82 -
scaffold_3:3987053-3989579    -            452 73659at71240         -            332   7.5e-08   31.2   2.7   2   3   1.3e-05    0.0016   17.0   0.2    50   199   262   412   257   416 0.75 -
scaffold_3:3987053-3989579    -            452 73659at71240         -            332   7.5e-08   31.2   2.7   3   3      0.19        23    3.3   0.0    43    66   423   447   415   451 0.71 -
scaffold_9:9060611-9061603    -            331 73659at71240         -            332   1.1e-07   30.7   6.6   1   2       1.4   1.8e+02    0.4   0.0    46    68    17    39     9    63 0.84 -
scaffold_9:9060611-9061603    -            331 73659at71240         -            332   1.1e-07   30.7   6.6   2   2   1.1e-09   1.4e-07   30.4   3.0    37   193   120   281   108   302 0.81 -
scaffold_10:5171503-5172159   -            219 73659at71240         -            332   1.2e-07   30.6   0.7   1   3      0.05       6.2    5.2   0.0    36    65     5    34     2    37 0.90 -
scaffold_10:5171503-5172159   -            219 73659at71240         -            332   1.2e-07   30.6   0.7   2   3    0.0015      0.19   10.2   0.0    36   108    62   135    59   145 0.86 -
scaffold_10:5171503-5172159   -            219 73659at71240         -            332   1.2e-07   30.6   0.7   3   3   0.00039     0.049   12.1   0.3    35    85   153   204   149   212 0.83 -
scaffold_10:7189975-7187202   -            514 73659at71240         -            332   2.1e-07   29.8   2.4   1   4     0.001      0.13   10.7   0.1    35    91   218   276   212   282 0.84 -
scaffold_10:7189975-7187202   -            514 73659at71240         -            332   2.1e-07   29.8   2.4   2   4     0.088        11    4.4   0.1    37   145   263   374   260   405 0.67 -
scaffold_10:7189975-7187202   -            514 73659at71240         -            332   2.1e-07   29.8   2.4   3   4   0.00033     0.041   12.4   0.1    50   199   318   471   314   475 0.61 -
scaffold_10:7189975-7187202   -            514 73659at71240         -            332   2.1e-07   29.8   2.4   4   4      0.32        40    2.5   0.0    48    66   488   506   473   511 0.70 -
scaffold_7:8827588-8816968    -            904 73659at71240         -            332   2.4e-07   29.6   6.4   1   6         7   8.7e+02   -1.9   0.0    12    32    26    46    20    93 0.83 -
scaffold_7:8827588-8816968    -            904 73659at71240         -            332   2.4e-07   29.6   6.4   2   6       7.7   9.5e+02   -2.0   0.0   179   213   155   189   143   220 0.76 -
scaffold_7:8827588-8816968    -            904 73659at71240         -            332   2.4e-07   29.6   6.4   3   6      0.17        21    3.4   0.0    23    79   209   265   189   274 0.71 -
scaffold_7:8827588-8816968    -            904 73659at71240         -            332   2.4e-07   29.6   6.4   4   6      0.19        23    3.3   0.0    30    68   260   298   254   303 0.89 -
scaffold_7:8827588-8816968    -            904 73659at71240         -            332   2.4e-07   29.6   6.4   5   6      0.69        86    1.5   0.0    43    66   319   342   310   359 0.84 -
scaffold_7:8827588-8816968    -            904 73659at71240         -            332   2.4e-07   29.6   6.4   6   6   2.2e-06   0.00027   19.6   1.0    17   102   532   624   513   641 0.81 -
scaffold_10:767516-767007     -            170 73659at71240         -            332     7e-07   28.0   0.1   1   2    0.0019      0.23    9.9   0.0    36    67     3    34     1    47 0.87 -
scaffold_10:767516-767007     -            170 73659at71240         -            332     7e-07   28.0   0.1   2   2   2.2e-05    0.0027   16.3   0.0    35   144    50   166    36   170 0.72 -
scaffold_59:407804-406715     -             91 73659at71240         -            332   8.7e-07   27.7   0.6   1   2   7.7e-05    0.0096   14.4   0.1    44    79     3    38     1    54 0.87 -
scaffold_59:407804-406715     -             91 73659at71240         -            332   8.7e-07   27.7   0.6   2   2   0.00025     0.031   12.7   0.1   177   199    55    77    38    85 0.87 -
scaffold_8:11803802-11811089  -            212 73659at71240         -            332   1.3e-06   27.2   1.1   1   4     0.023       2.8    6.3   0.0    37    71     2    36     1    44 0.72 -
scaffold_8:11803802-11811089  -            212 73659at71240         -            332   1.3e-06   27.2   1.1   2   4      0.71        88    1.4   0.0    41    76    48    82    45    90 0.78 -
scaffold_8:11803802-11811089  -            212 73659at71240         -            332   1.3e-06   27.2   1.1   3   4    0.0014      0.18   10.3   0.1   166   193    97   126    84   138 0.80 -
scaffold_8:11803802-11811089  -            212 73659at71240         -            332   1.3e-06   27.2   1.1   4   4     0.054       6.7    5.1   0.0     8    66   142   205   135   209 0.86 -
scaffold_6:25094914-25095564  -            217 73659at71240         -            332   2.1e-06   26.5   3.7   1   2   1.7e-08   2.1e-06   26.5   3.7    37   193     1   162     1   173 0.74 -
scaffold_6:25094914-25095564  -            217 73659at71240         -            332   2.1e-06   26.5   3.7   2   2       2.4   2.9e+02   -0.3   0.0   177   192   198   213   193   216 0.79 -
scaffold_7:260325-283772      -           2461 73659at71240         -            332   3.2e-06   25.9   2.4   1   3   1.6e-07     2e-05   23.3   0.3    36   104   875   945   863   954 0.83 -
scaffold_7:260325-283772      -           2461 73659at71240         -            332   3.2e-06   25.9   2.4   2   3     0.046       5.7    5.3   0.1   122   159   922   959   919   966 0.92 -
scaffold_7:260325-283772      -           2461 73659at71240         -            332   3.2e-06   25.9   2.4   3   3       1.3   1.6e+02    0.6   0.0    40    72  1002  1034   993  1082 0.78 -
scaffold_1:20070477-20071268  -            264 73659at71240         -            332   5.7e-06   25.0   1.3   1   3    0.0022      0.27    9.7   0.0    35    67    30    63     8    73 0.82 -
scaffold_1:20070477-20071268  -            264 73659at71240         -            332   5.7e-06   25.0   1.3   2   3    0.0044      0.55    8.7   0.1   165   195    74   109    69   121 0.76 -
scaffold_1:20070477-20071268  -            264 73659at71240         -            332   5.7e-06   25.0   1.3   3   3      0.11        14    4.1   0.1   178   210   134   170   117   183 0.69 -
scaffold_2:32882184-32881810  -            125 73659at71240         -            332   6.6e-06   24.8   0.0   1   2     0.017       2.1    6.8   0.0    37    67     3    33     1    40 0.90 -
scaffold_2:32882184-32881810  -            125 73659at71240         -            332   6.6e-06   24.8   0.0   2   2     2e-05    0.0025   16.4   0.0    35    91    49   108    44   115 0.83 -
scaffold_4:5706352-5706648    -             99 73659at71240         -            332   6.8e-06   24.8   0.1   1   2   0.00096      0.12   10.9   0.0    37    67     4    34     2    41 0.89 -
scaffold_4:5706352-5706648    -             99 73659at71240         -            332   6.8e-06   24.8   0.1   2   2   0.00033     0.041   12.4   0.0    35    77    50    95    45    99 0.83 -
scaffold_3:15599116-15599997  -            294 73659at71240         -            332   6.9e-06   24.8   6.5   1   2   9.4e-08   1.2e-05   24.0   3.2    37   196    68   231    63   253 0.73 -
scaffold_3:15599116-15599997  -            294 73659at71240         -            332   6.9e-06   24.8   6.5   2   2      0.62        77    1.6   0.1   157   203   233   278   227   284 0.65 -
scaffold_646:21961-21080      -            294 73659at71240         -            332   6.9e-06   24.8   6.5   1   2   9.4e-08   1.2e-05   24.0   3.2    37   196    68   231    63   253 0.73 -
scaffold_646:21961-21080      -            294 73659at71240         -            332   6.9e-06   24.8   6.5   2   2      0.62        77    1.6   0.1   157   203   233   278   227   284 0.65 -
scaffold_3:16734011-16726959  -            435 73659at71240         -            332   8.2e-06   24.5   5.0   1   5      0.42        52    2.2   0.0   177   201    58    82    21    94 0.78 -
scaffold_3:16734011-16726959  -            435 73659at71240         -            332   8.2e-06   24.5   5.0   2   5     0.026       3.2    6.1   0.0    26    85    91   151    83   159 0.77 -
scaffold_3:16734011-16726959  -            435 73659at71240         -            332   8.2e-06   24.5   5.0   3   5      0.39        49    2.3   0.0   175   200   160   185   153   189 0.86 -
scaffold_3:16734011-16726959  -            435 73659at71240         -            332   8.2e-06   24.5   5.0   4   5      0.46        57    2.0   0.1   177   194   205   222   188   234 0.76 -
scaffold_3:16734011-16726959  -            435 73659at71240         -            332   8.2e-06   24.5   5.0   5   5    0.0018      0.22    9.9   0.1   176   232   325   382   303   427 0.73 -
scaffold_18:2467135-2472261   -            518 73659at71240         -            332   1.9e-05   23.3   4.4   1   4      0.29        36    2.7   0.0    76   108   155   188   150   197 0.73 -
scaffold_18:2467135-2472261   -            518 73659at71240         -            332   1.9e-05   23.3   4.4   2   4   3.5e-05    0.0043   15.6   0.2   122   199   222   302   216   317 0.75 -
scaffold_18:2467135-2472261   -            518 73659at71240         -            332   1.9e-05   23.3   4.4   3   4       3.9   4.9e+02   -1.0   0.0   178   193   362   377   349   393 0.81 -
scaffold_18:2467135-2472261   -            518 73659at71240         -            332   1.9e-05   23.3   4.4   4   4      0.29        36    2.7   0.0   176   196   440   460   414   468 0.78 -
scaffold_15:877044-882170     -            518 73659at71240         -            332   2.9e-05   22.7   4.9   1   4      0.29        36    2.7   0.0    76   108   155   188   150   197 0.73 -
scaffold_15:877044-882170     -            518 73659at71240         -            332   2.9e-05   22.7   4.9   2   4   3.5e-05    0.0043   15.6   0.2   122   199   222   302   216   317 0.75 -
scaffold_15:877044-882170     -            518 73659at71240         -            332   2.9e-05   22.7   4.9   3   4       4.7   5.9e+02   -1.3   0.0   178   192   362   376   350   386 0.82 -
scaffold_15:877044-882170     -            518 73659at71240         -            332   2.9e-05   22.7   4.9   4   4      0.29        36    2.7   0.0   176   196   440   460   414   468 0.78 -
scaffold_4:15843959-15843795  -             55 73659at71240         -            332   3.2e-05   22.6   1.5   1   2   0.00012     0.015   13.8   0.5    53    76     1    24     1    27 0.90 -
scaffold_4:15843959-15843795  -             55 73659at71240         -            332   3.2e-05   22.6   1.5   2   2    0.0024       0.3    9.5   0.0   164   190    25    55    22    55 0.81 -
scaffold_5:13381965-13381801  -             55 73659at71240         -            332   3.2e-05   22.6   1.5   1   2   0.00012     0.015   13.8   0.5    53    76     1    24     1    27 0.90 -
scaffold_5:13381965-13381801  -             55 73659at71240         -            332   3.2e-05   22.6   1.5   2   2    0.0024       0.3    9.5   0.0   164   190    25    55    22    55 0.81 -
scaffold_4:2601630-2600986    -            215 73659at71240         -            332   3.4e-05   22.5   3.5   1   1   2.7e-07   3.4e-05   22.5   3.5    56   191     2   145     1   161 0.70 -
scaffold_5:10557030-10552312  -            293 73659at71240         -            332   3.7e-05   22.4   0.8   1   3      0.38        47    2.3   0.0    35    67    16    48     6    59 0.74 -
scaffold_5:10557030-10552312  -            293 73659at71240         -            332   3.7e-05   22.4   0.8   2   3   0.00071     0.088   11.3   0.0   178   202    81   105    51   115 0.69 -
scaffold_5:10557030-10552312  -            293 73659at71240         -            332   3.7e-05   22.4   0.8   3   3     0.049       6.1    5.2   0.0    40    84   224   268   208   283 0.83 -
scaffold_1:27517161-27517535  -            125 73659at71240         -            332   4.1e-05   22.2   0.1   1   2    0.0019      0.23    9.9   0.0    35    68    37    71    15    83 0.77 -
scaffold_1:27517161-27517535  -            125 73659at71240         -            332   4.1e-05   22.2   0.1   2   2   0.00077     0.095   11.2   0.1   165   194    81   115    77   125 0.79 -
scaffold_1:30388103-30383014  -            511 73659at71240         -            332     8e-05   21.3   1.0   1   3      0.62        77    1.6   0.0    76   107   153   185   148   192 0.74 -
scaffold_1:30388103-30383014  -            511 73659at71240         -            332     8e-05   21.3   1.0   2   3   0.00014     0.018   13.6   0.1   122   199   220   295   215   310 0.76 -
scaffold_1:30388103-30383014  -            511 73659at71240         -            332     8e-05   21.3   1.0   3   3       1.1   1.4e+02    0.8   0.0   177   194   434   451   401   482 0.76 -
scaffold_1:21569984-21579907  -           1357 73659at71240         -            332   0.00011   20.8   2.6   1   4     0.018       2.2    6.7   0.1   171   202   131   160   120   203 0.79 -
scaffold_1:21569984-21579907  -           1357 73659at71240         -            332   0.00011   20.8   2.6   2   4     0.055       6.8    5.1   0.0    27    68   234   273   226   281 0.86 -
scaffold_1:21569984-21579907  -           1357 73659at71240         -            332   0.00011   20.8   2.6   3   4       5.6   6.9e+02   -1.5   0.0    35    79   406   454   402   465 0.67 -
scaffold_1:21569984-21579907  -           1357 73659at71240         -            332   0.00011   20.8   2.6   4   4      0.06       7.5    4.9   0.0   156   194  1051  1089  1035  1102 0.86 -
scaffold_6:11383122-11375382  -            783 73659at71240         -            332   0.00015   20.4   4.7   1   5       2.2   2.7e+02   -0.2   0.0   176   193    78    95    49   100 0.90 -
scaffold_6:11383122-11375382  -            783 73659at71240         -            332   0.00015   20.4   4.7   2   5     0.029       3.6    6.0   0.2   132   193    78   145    73   162 0.67 -
scaffold_6:11383122-11375382  -            783 73659at71240         -            332   0.00015   20.4   4.7   3   5      0.65        81    1.5   0.0    49    66   235   252   209   263 0.66 -
scaffold_6:11383122-11375382  -            783 73659at71240         -            332   0.00015   20.4   4.7   4   5      0.47        59    2.0   0.0   109   148   395   434   310   497 0.58 -
scaffold_6:11383122-11375382  -            783 73659at71240         -            332   0.00015   20.4   4.7   5   5    0.0084         1    7.7   0.0    33    73   633   673   621   691 0.84 -
scaffold_13:1668070-1671840   -            474 73659at71240         -            332   0.00015   20.4   1.5   1   4     0.011       1.4    7.4   0.2   114   200   179   266   172   279 0.70 -
scaffold_13:1668070-1671840   -            474 73659at71240         -            332   0.00015   20.4   1.5   2   4     0.094        12    4.3   0.0    35   111   226   306   218   349 0.64 -
scaffold_13:1668070-1671840   -            474 73659at71240         -            332   0.00015   20.4   1.5   3   4    0.0073       0.9    8.0   0.0   102   195   339   433   280   450 0.77 -
scaffold_13:1668070-1671840   -            474 73659at71240         -            332   0.00015   20.4   1.5   4   4       0.5        62    1.9   0.0    48    65   454   471   437   474 0.69 -
scaffold_3:8977187-8976264    -            308 73659at71240         -            332    0.0002   20.0   5.2   1   1   2.9e-06   0.00036   19.1   4.9    37   203   102   272    98   305 0.79 -
scaffold_2:17927380-17926673  -            236 73659at71240         -            332   0.00025   19.7   5.6   1   2   0.00051     0.064   11.7   0.1   157   200    18    65     3    77 0.55 -
scaffold_2:17927380-17926673  -            236 73659at71240         -            332   0.00025   19.7   5.6   2   2   0.00012     0.015   13.8   7.0    37   194    27   189    23   213 0.76 -
scaffold_8:1513000-1513385    -            104 73659at71240         -            332   0.00029   19.4   2.2   1   2     0.038       4.7    5.6   0.1   177   196    11    30     8    36 0.88 -
scaffold_8:1513000-1513385    -            104 73659at71240         -            332   0.00029   19.4   2.2   2   2   9.5e-05     0.012   14.1   0.4    36    72    37    73    30    85 0.89 -
scaffold_11:15302163-15301772 -            105 73659at71240         -            332   0.00035   19.2   2.6   1   2     0.037       4.6    5.6   0.1   177   196    11    30     8    37 0.88 -
scaffold_11:15302163-15301772 -            105 73659at71240         -            332   0.00035   19.2   2.6   2   2    0.0001     0.013   14.0   0.6    37    72    38    73    31    89 0.88 -
scaffold_1:17463008-17466399  -            701 73659at71240         -            332   0.00041   18.9   0.5   1   2     0.062       7.7    4.9   0.0   165   193   202   234   194   242 0.82 -
scaffold_1:17463008-17466399  -            701 73659at71240         -            332   0.00041   18.9   0.5   2   2   0.00058     0.072   11.6   0.0    33    71   425   463   421   492 0.84 -
scaffold_3:1358449-1362829    -            548 73659at71240         -            332   0.00044   18.8   0.1   1   1   2.3e-05    0.0028   16.2   0.1    39   151    66   187    57   203 0.74 -
scaffold_3:18999368-19010699  -            758 73659at71240         -            332   0.00047   18.8   3.3   1   4   5.4e-05    0.0067   15.0   0.2    35    78    47    90    41    97 0.91 -
scaffold_3:18999368-19010699  -            758 73659at71240         -            332   0.00047   18.8   3.3   2   4      0.42        52    2.2   0.0   165   193    91   125    87   138 0.69 -
scaffold_3:18999368-19010699  -            758 73659at71240         -            332   0.00047   18.8   3.3   3   4       2.3   2.9e+02   -0.3   0.1    47    79   635   667   626   684 0.68 -
scaffold_3:18999368-19010699  -            758 73659at71240         -            332   0.00047   18.8   3.3   4   4       4.1   5.2e+02   -1.1   0.0   168   191   672   696   662   701 0.77 -
scaffold_1:31461971-31455951  -            937 73659at71240         -            332   0.00092   17.8   1.2   1   3       0.7        86    1.4   0.0   111   150    55    94    50   107 0.85 -
scaffold_1:31461971-31455951  -            937 73659at71240         -            332   0.00092   17.8   1.2   2   3     0.046       5.7    5.3   0.1    41   191   108   175   104   211 0.55 -
scaffold_1:31461971-31455951  -            937 73659at71240         -            332   0.00092   17.8   1.2   3   3     0.045       5.6    5.4   0.1    36    87   237   288   227   311 0.84 -
scaffold_10:2548997-2540984   -           1500 73659at71240         -            332    0.0018   16.8   0.1   1   2       2.5   3.1e+02   -0.4   0.0    47    72    92   117    56   150 0.77 -
scaffold_10:2548997-2540984   -           1500 73659at71240         -            332    0.0018   16.8   0.1   2   2   0.00015     0.019   13.5   0.0   177   207   587   617   558   624 0.84 -
scaffold_1:1045198-1036776    -            549 73659at71240         -            332     0.002   16.7   1.2   1   2       2.2   2.7e+02   -0.2   0.0   175   199    16    38     7    57 0.69 -
scaffold_1:1045198-1036776    -            549 73659at71240         -            332     0.002   16.7   1.2   2   2   9.5e-05     0.012   14.1   1.0    41   143   115   218    97   235 0.78 -
scaffold_3:6123158-6116045    -           1504 73659at71240         -            332    0.0021   16.6   0.1   1   2       1.4   1.7e+02    0.5   0.0    45    73    94   122    69   157 0.87 -
scaffold_3:6123158-6116045    -           1504 73659at71240         -            332    0.0021   16.6   0.1   2   2   0.00027     0.034   12.7   0.0   177   210   591   624   555   635 0.82 -
scaffold_1:6697391-6734547    -            845 73659at71240         -            332    0.0052   15.3   0.2   1   2       2.8   3.4e+02   -0.5   0.0   177   194   583   600   539   610 0.69 -
scaffold_1:6697391-6734547    -            845 73659at71240         -            332    0.0052   15.3   0.2   2   2   0.00042     0.052   12.0   0.0   165   204   611   654   586   662 0.79 -
scaffold_8:9674482-9674832    -            117 73659at71240         -            332    0.0063   15.1   0.1   1   1   7.6e-05    0.0095   14.5   0.1    80   192     4   117     1   117 0.72 -
scaffold_8:26144188-26143529  -            220 73659at71240         -            332    0.0089   14.6   9.4   1   4      0.24        29    3.0   0.1    52    75    28    51     8    65 0.72 -
scaffold_8:26144188-26143529  -            220 73659at71240         -            332    0.0089   14.6   9.4   2   4     0.015       1.9    6.9   0.1   179   193    73    87    56    95 0.86 -
scaffold_8:26144188-26143529  -            220 73659at71240         -            332    0.0089   14.6   9.4   3   4      0.32        40    2.5   0.2    53    77   115   139    91   152 0.80 -
scaffold_8:26144188-26143529  -            220 73659at71240         -            332    0.0089   14.6   9.4   4   4     0.041       5.1    5.5   0.1   177   195   158   176   142   203 0.82 -
scaffold_5:12040144-12037160  -            236 73659at71240         -            332    0.0095   14.5   0.6   1   2   0.00067     0.084   11.4   0.2   164   203    37    80    20    99 0.63 -
scaffold_5:12040144-12037160  -            236 73659at71240         -            332    0.0095   14.5   0.6   2   2      0.76        94    1.3   0.0   177   195   175   193   157   227 0.86 -
scaffold_3:12276866-12276213  -            218 73659at71240         -            332     0.012   14.1   8.1   1   1    0.0079      0.99    7.8   6.8    37   191     6   162     2   187 0.61 -
scaffold_1:45747022-45747213  -             64 73659at71240         -            332     0.015   13.8   0.0   1   1   0.00048      0.06   11.8   0.0    38    91     2    56     1    60 0.83 -
scaffold_5:13381244-13380780  -            155 73659at71240         -            332     0.016   13.8   0.0   1   1   0.00015     0.019   13.5   0.0    36    79     8    51     3    93 0.78 -
scaffold_2:25341686-25342069  -            128 73659at71240         -            332     0.017   13.6   0.4   1   2      0.01       1.3    7.5   0.1   179   195     1    17     1    34 0.86 -
scaffold_2:25341686-25342069  -            128 73659at71240         -            332     0.017   13.6   0.4   2   2      0.19        23    3.3   0.0   180   199    45    64    26    67 0.88 -
scaffold_4:15842987-15842490  -            166 73659at71240         -            332     0.018   13.6   0.0   1   1   0.00018     0.022   13.2   0.0    36    79     8    51     3    91 0.78 -
scaffold_2:6151956-6161010    -            469 73659at71240         -            332     0.019   13.5   1.0   1   3    0.0056       0.7    8.3   0.2    37    76   204   243   196   251 0.70 -
scaffold_2:6151956-6161010    -            469 73659at71240         -            332     0.019   13.5   1.0   2   3       0.3        37    2.7   0.0    43    98   251   307   245   327 0.83 -
scaffold_2:6151956-6161010    -            469 73659at71240         -            332     0.019   13.5   1.0   3   3         8     1e+03   -2.0   0.0    49   102   405   462   392   467 0.57 -
scaffold_1:20421493-20420912  -            194 73659at71240         -            332     0.023   13.2   0.1   1   2     0.056       6.9    5.0   0.1    62    95    67   100    62   114 0.88 -
scaffold_1:20421493-20420912  -            194 73659at71240         -            332     0.023   13.2   0.1   2   2     0.019       2.4    6.6   0.0    76   138   122   186   102   194 0.66 -
scaffold_4:7473947-7478106    -            315 73659at71240         -            332     0.033   12.7   0.0   1   2       7.7   9.5e+02   -2.0   0.1    58    96    20    59    15    62 0.73 -
scaffold_4:7473947-7478106    -            315 73659at71240         -            332     0.033   12.7   0.0   2   2   0.00074     0.091   11.2   0.0    97   162   150   215   145   224 0.91 -
scaffold_16:2159468-2153630   -            432 73659at71240         -            332     0.034   12.6   0.0   1   2    0.0028      0.34    9.3   0.0   127   196   252   327   215   336 0.74 -
scaffold_16:2159468-2153630   -            432 73659at71240         -            332     0.034   12.6   0.0   2   2       1.6     2e+02    0.3   0.0     9    66   358   428   354   430 0.52 -
scaffold_13:90865-91041       -             59 73659at71240         -            332     0.035   12.6   0.0   1   1    0.0011      0.14   10.6   0.0    44    91     3    51     1    56 0.81 -
scaffold_7:4970830-4959925    -           1555 73659at71240         -            332     0.056   11.9   1.0   1   2    0.0019      0.23    9.9   0.1    35    68  1138  1171  1123  1182 0.88 -
scaffold_7:4970830-4959925    -           1555 73659at71240         -            332     0.056   11.9   1.0   2   2         3   3.7e+02   -0.6   0.0    36    65  1524  1554  1516  1555 0.78 -
scaffold_10:12502102-12501850 -             50 73659at71240         -            332     0.063   11.8   0.0   1   1   0.00054     0.067   11.7   0.0    41    66    19    44    10    47 0.90 -
scaffold_4:12181542-12177435  -            234 73659at71240         -            332     0.084   11.4   1.1   1   2     0.057       7.1    5.0   0.4   166   194   138   170    77   181 0.76 -
scaffold_4:12181542-12177435  -            234 73659at71240         -            332     0.084   11.4   1.1   2   2       0.2        25    3.2   0.0    41    79   184   222   178   230 0.83 -
scaffold_10:13490428-13491339 -            304 73659at71240         -            332     0.091   11.2  13.0   1   1    0.0039      0.49    8.8   8.2    37   191    95   254    90   283 0.69 -
scaffold_4:2500094-2500996    -            301 73659at71240         -            332       5.2    5.5   5.8   1   4      0.15        19    3.6   0.0    34    65     7    38     3    52 0.87 -
scaffold_4:2500094-2500996    -            301 73659at71240         -            332       5.2    5.5   5.8   2   4      0.15        19    3.6   0.1   178   197   178   197   172   206 0.83 -
scaffold_4:2500094-2500996    -            301 73659at71240         -            332       5.2    5.5   5.8   3   4       9.8   1.2e+03   -2.3   0.0    37    67   208   242   204   255 0.66 -
scaffold_4:2500094-2500996    -            301 73659at71240         -            332       5.2    5.5   5.8   4   4       9.1   1.1e+03   -2.2   0.1    38    67   258   287   227   300 0.60 -
#
# Program:         hmmsearch
# Version:         3.3.2 (Nov 2020)
# Pipeline mode:   SEARCH
# Query file:      /scratch/srb67793/Pelargonium/scripts/busco_downloads/lineages/eudicots_odb10/hmms/73659at71240.hmm
# Target file:     /scratch/srb67793/Pelargonium/scripts/scratch/srb67793/Pelargonium/Results2/HiFiASM_OmniC/P_citronellum-hap1-scaffolds-busco/run_eudicots_odb10/metaeuk_output/initial_results/P_citronellum-hap1_scaffolds_final.fa.modified.fas
# Option settings: hmmsearch --domtblout /scratch/srb67793/Pelargonium/scripts/scratch/srb67793/Pelargonium/Results2/HiFiASM_OmniC/P_citronellum-hap1-scaffolds-busco/run_eudicots_odb10/hmmer_output/initial_run_results/73659at71240.out --cpu 1 /scratch/srb67793/Pelargonium/scripts/busco_downloads/lineages/eudicots_odb10/hmms/73659at71240.hmm /scratch/srb67793/Pelargonium/scripts/scratch/srb67793/Pelargonium/Results2/HiFiASM_OmniC/P_citronellum-hap1-scaffolds-busco/run_eudicots_odb10/metaeuk_output/initial_results/P_citronellum-hap1_scaffolds_final.fa.modified.fas 
# Current dir:     /scratch/srb67793/Pelargonium/scripts
# Date:            Fri Jul 19 10:33:44 2024
# [ok]
