#                                                                                     --- full sequence --- -------------- this domain -------------   hmm coord   ali coord   env coord
# target name                 accession   tlen query name           accession   qlen   E-value  score  bias   #  of  c-Evalue  i-Evalue  score  bias  from    to  from    to  from    to  acc description of target
#         ------------------- ---------- ----- -------------------- ---------- ----- --------- ------ ----- --- --- --------- --------- ------ ----- ----- ----- ----- ----- ----- ----- ---- ---------------------
scaffold_1:5566875-5568110    -            412 79752at71240         -            338  4.2e-210  695.8   0.2   1   1  1.8e-212  5.1e-210  695.6   0.2     2   338    71   412    70   412 0.99 -
scaffold_3:12346034-12337731  -            501 79752at71240         -            338   3.8e-09   35.1   0.0   1   1   2.1e-11     6e-09   34.5   0.0     6   165    18   194    15   201 0.66 -
scaffold_3:12346975-12342545  -            521 79752at71240         -            338   4.9e-09   34.8   0.0   1   1   2.5e-11   7.2e-09   34.2   0.0     6   165    68   234    65   243 0.66 -
scaffold_2:26265157-26267904  -            299 79752at71240         -            338     3e-08   32.2   0.2   1   1   8.2e-10   2.3e-07   29.3   0.2    11   260     3   252     1   262 0.71 -
scaffold_9:6978605-6974873    -            328 79752at71240         -            338   5.1e-07   28.1   0.0   1   1   1.7e-06   0.00048   18.4   0.0     9   177    31   185    26   322 0.78 -
scaffold_10:10574475-10572010 -            304 79752at71240         -            338   1.1e-06   27.1   0.4   1   2   1.4e-05    0.0039   15.4   0.1    11    88     4    79     1    93 0.77 -
scaffold_10:10574475-10572010 -            304 79752at71240         -            338   1.1e-06   27.1   0.4   2   2   0.00051      0.14   10.2   0.0   177   247   173   242   135   267 0.80 -
scaffold_3:14736475-14722363  -            303 79752at71240         -            338   1.6e-05   23.3   0.1   1   1   2.3e-07   6.5e-05   21.2   0.1    11   230     3   219     1   263 0.60 -
scaffold_2:27915572-27919223  -            643 79752at71240         -            338   3.3e-05   22.2   0.4   1   1   1.9e-07   5.5e-05   21.5   0.4     8   112   133   228   127   258 0.84 -
scaffold_2:19086589-19088707  -            287 79752at71240         -            338   3.4e-05   22.1   0.0   1   2   1.6e-05    0.0046   15.2   0.0    10    44     5    39     1    67 0.80 -
scaffold_2:19086589-19088707  -            287 79752at71240         -            338   3.4e-05   22.1   0.0   2   2     0.018         5    5.2   0.0   185   253   157   224   121   232 0.82 -
scaffold_1:17415284-17410172  -            396 79752at71240         -            338   3.7e-05   22.0   0.1   1   1   7.5e-07   0.00021   19.5   0.1    10   257    63   309    57   324 0.70 -
scaffold_12:4027755-4038165   -            999 79752at71240         -            338   4.7e-05   21.7   0.1   1   1   3.2e-07     9e-05   20.8   0.1    11   134   766   885   756   932 0.75 -
scaffold_3:12658998-12657084  -            308 79752at71240         -            338    0.0001   20.6   0.1   1   2   4.9e-05     0.014   13.6   0.1     8    91     2    83     1    99 0.82 -
scaffold_3:12658998-12657084  -            308 79752at71240         -            338    0.0001   20.6   0.1   2   2     0.016       4.5    5.3   0.0   184   247   181   243   132   266 0.81 -
scaffold_9:14865464-14852641  -            279 79752at71240         -            338   0.00077   17.7   0.0   1   1   3.7e-06    0.0011   17.2   0.0    10    47     6    43     2   135 0.80 -
scaffold_3:2992412-2996134    -            375 79752at71240         -            338   0.00083   17.6   0.0   1   1   1.2e-05    0.0035   15.5   0.0    11    89    53   134    46   217 0.82 -
scaffold_3:14716242-14717622  -            302 79752at71240         -            338   0.00089   17.5   0.1   1   1   1.6e-05    0.0046   15.1   0.1    11   246     3   231     1   247 0.60 -
scaffold_4:8697040-8695785    -            257 79752at71240         -            338    0.0021   16.3   0.1   1   1   9.2e-06    0.0026   16.0   0.1    13   121     3   111     1   130 0.76 -
scaffold_14:1933400-1929611   -            272 79752at71240         -            338    0.0022   16.2   0.0   1   1   1.1e-05    0.0033   15.6   0.0    11    56    19    61    13    91 0.81 -
scaffold_10:11141378-11142443 -            210 79752at71240         -            338    0.0041   15.3   0.0   1   1   2.1e-05    0.0059   14.8   0.0    11    58     9    58     2    76 0.75 -
scaffold_1:44149147-44149674  -            176 79752at71240         -            338    0.0054   14.9   0.2   1   1   2.8e-05    0.0081   14.3   0.2    13    89    39   120    29   125 0.78 -
scaffold_16:2194852-2196118   -            276 79752at71240         -            338    0.0055   14.9   0.0   1   1   2.9e-05    0.0083   14.3   0.0    12    55     6    49     2    86 0.78 -
scaffold_9:22356963-22359227  -            323 79752at71240         -            338    0.0055   14.9   0.0   1   1   2.8e-05     0.008   14.3   0.0    12    63     1    48     1    76 0.76 -
scaffold_10:11135892-11147689 -            258 79752at71240         -            338    0.0062   14.7   0.0   1   1   3.5e-05    0.0099   14.0   0.0    12    59     1    47     1    78 0.75 -
scaffold_10:11139086-11142727 -            243 79752at71240         -            338     0.015   13.5   0.0   1   1   6.9e-05      0.02   13.1   0.0    12    46     1    35     1    81 0.71 -
scaffold_1:25678435-25678981  -            115 79752at71240         -            338      0.02   13.0   0.0   1   1   7.4e-05     0.021   13.0   0.0    12    50     2    40     1    85 0.75 -
scaffold_4:26224665-26224119  -            115 79752at71240         -            338      0.02   13.0   0.0   1   1   7.4e-05     0.021   13.0   0.0    12    50     2    40     1    85 0.75 -
scaffold_11:10367843-10340687 -            307 79752at71240         -            338     0.029   12.5   0.0   1   1    0.0005      0.14   10.2   0.0    12   133     1   118     1   138 0.68 -
scaffold_10:12867953-12869691 -            257 79752at71240         -            338     0.032   12.4   0.0   1   2   0.00024     0.069   11.3   0.0    12    51     1    40     1    68 0.82 -
scaffold_10:12867953-12869691 -            257 79752at71240         -            338     0.032   12.4   0.0   2   2       3.3   9.4e+02   -2.3   0.0   167   202   114   152    99   168 0.70 -
scaffold_3:14665743-14667190  -            281 79752at71240         -            338      0.04   12.1   0.0   1   1   0.00022     0.063   11.4   0.0    12    44     7    39     3    77 0.82 -
scaffold_8:18500753-18498210  -            251 79752at71240         -            338     0.048   11.8   0.0   1   1   0.00024     0.068   11.3   0.0    12    45     1    34     1    72 0.83 -
scaffold_3:36404522-36408520  -            315 79752at71240         -            338     0.058   11.5   0.2   1   1    0.0003     0.086   11.0   0.2    10    83    39   115    32   139 0.72 -
scaffold_1:44142886-44151291  -            691 79752at71240         -            338     0.059   11.5   0.2   1   1   0.00035     0.098   10.8   0.2    13    89   438   519   428   524 0.78 -
scaffold_3:12407490-12408813  -            263 79752at71240         -            338     0.068   11.3   0.0   1   1   0.00036       0.1   10.7   0.0    12    56     3    47     1    60 0.85 -
scaffold_6:26439323-26437956  -            266 79752at71240         -            338     0.071   11.2   0.0   1   1   0.00034     0.097   10.8   0.0    12    46     2    36     1    77 0.77 -
scaffold_9:22013977-22055498  -            207 79752at71240         -            338     0.092   10.9   0.0   1   1   0.00044      0.12   10.4   0.0    12    43     1    32     1    57 0.87 -
scaffold_6:12510430-12512820  -            252 79752at71240         -            338     0.093   10.9   0.0   1   1   0.00052      0.15   10.2   0.0    12    56     2    43     1    64 0.73 -
#
# Program:         hmmsearch
# Version:         3.3.2 (Nov 2020)
# Pipeline mode:   SEARCH
# Query file:      /scratch/srb67793/Pelargonium/scripts/busco_downloads/lineages/eudicots_odb10/hmms/79752at71240.hmm
# Target file:     /scratch/srb67793/Pelargonium/scripts/scratch/srb67793/Pelargonium/Results2/HiFiASM_OmniC/P_citronellum-hap1-scaffolds-busco/run_eudicots_odb10/metaeuk_output/initial_results/P_citronellum-hap1_scaffolds_final.fa.modified.fas
# Option settings: hmmsearch --domtblout /scratch/srb67793/Pelargonium/scripts/scratch/srb67793/Pelargonium/Results2/HiFiASM_OmniC/P_citronellum-hap1-scaffolds-busco/run_eudicots_odb10/hmmer_output/initial_run_results/79752at71240.out --cpu 1 /scratch/srb67793/Pelargonium/scripts/busco_downloads/lineages/eudicots_odb10/hmms/79752at71240.hmm /scratch/srb67793/Pelargonium/scripts/scratch/srb67793/Pelargonium/Results2/HiFiASM_OmniC/P_citronellum-hap1-scaffolds-busco/run_eudicots_odb10/metaeuk_output/initial_results/P_citronellum-hap1_scaffolds_final.fa.modified.fas 
# Current dir:     /scratch/srb67793/Pelargonium/scripts
# Date:            Fri Jul 19 10:33:15 2024
# [ok]
