#                                                                                     --- full sequence --- -------------- this domain -------------   hmm coord   ali coord   env coord
# target name                 accession   tlen query name           accession   qlen   E-value  score  bias   #  of  c-Evalue  i-Evalue  score  bias  from    to  from    to  from    to  acc description of target
#         ------------------- ---------- ----- -------------------- ---------- ----- --------- ------ ----- --- --- --------- --------- ------ ----- ----- ----- ----- ----- ----- ----- ---- ---------------------
scaffold_11:15928746-15930130 -            348 92415at71240         -            308  9.3e-178  588.9   0.6   1   1  5.9e-180  1.1e-177  588.7   0.6     1   307    21   341    21   344 0.96 -
scaffold_18:615605-613842     -            331 92415at71240         -            308   5.6e-98  326.9   0.1   1   1  3.4e-100   6.4e-98  326.7   0.1     1   300    19   329    19   331 0.94 -
scaffold_34:685320-683524     -            342 92415at71240         -            308   4.6e-97  323.9   0.1   1   1   2.9e-99   5.5e-97  323.6   0.1     1   301    10   321    10   328 0.93 -
scaffold_12:5937242-6021691   -            428 92415at71240         -            308     4e-88  294.5   9.0   1   2   8.1e-78   1.5e-75  253.2   3.0     3   305    22   339    20   342 0.89 -
scaffold_12:5937242-6021691   -            428 92415at71240         -            308     4e-88  294.5   9.0   2   2   1.9e-14   3.6e-12   45.1   0.4     3    53   377   425   375   427 0.94 -
scaffold_126:227251-150086    -            428 92415at71240         -            308   6.5e-88  293.8   9.0   1   2   1.3e-77   2.5e-75  252.5   3.1     3   305    22   339    20   342 0.89 -
scaffold_126:227251-150086    -            428 92415at71240         -            308   6.5e-88  293.8   9.0   2   2   1.9e-14   3.6e-12   45.1   0.4     3    53   377   425   375   427 0.94 -
scaffold_1:1412891-1410912    -            312 92415at71240         -            308   3.1e-84  281.8   0.2   1   1   1.9e-86   3.5e-84  281.6   0.2     3   298     2   312     1   312 0.92 -
scaffold_9:14202652-14204806  -            331 92415at71240         -            308   3.5e-81  271.8   2.5   1   1   2.3e-83   4.3e-81  271.4   2.5     2   297     6   311     5   316 0.92 -
scaffold_3:8735120-8742653    -            333 92415at71240         -            308   7.8e-80  267.3   1.5   1   1   4.7e-82   8.9e-80  267.1   1.5     3   306    13   331    11   333 0.85 -
scaffold_3:37975808-37977754  -            317 92415at71240         -            308   3.4e-79  265.2   0.2   1   1   2.1e-81   3.9e-79  265.0   0.2     2   300     9   317     8   317 0.90 -
scaffold_9:9131750-9133184    -            321 92415at71240         -            308   1.1e-77  260.2   0.3   1   1   6.6e-80   1.2e-77  260.1   0.3     3   298     2   320     1   321 0.88 -
scaffold_5:62451-65154        -            342 92415at71240         -            308   6.5e-72  241.3   1.6   1   1   4.2e-74     8e-72  241.0   1.6     2   300    12   325    11   332 0.89 -
scaffold_9:14591881-14589944  -            333 92415at71240         -            308   2.9e-70  235.9   0.4   1   1   1.9e-72   3.5e-70  235.6   0.4     2   300     8   316     7   323 0.88 -
scaffold_12:5960862-6023303   -            287 92415at71240         -            308   8.5e-70  234.4   3.9   1   1   9.4e-71   1.8e-68  230.0   3.9     3   297     1   285     1   287 0.90 -
scaffold_126:227296-181209    -            339 92415at71240         -            308   1.1e-69  234.0   2.7   1   1     7e-72   1.3e-69  233.7   2.7     3   301    37   338    35   339 0.90 -
scaffold_10:347704-345471     -            346 92415at71240         -            308   1.5e-67  227.0   0.6   1   2   1.6e-29     3e-27   94.6   0.3     3    98     8   103     6   114 0.92 -
scaffold_10:347704-345471     -            346 92415at71240         -            308   1.5e-67  227.0   0.6   2   2   1.3e-40   2.5e-38  131.0   0.0   106   299   137   345   119   346 0.86 -
scaffold_7:9241803-9237913    -            309 92415at71240         -            308     3e-64  216.1   1.6   1   1     5e-65   9.3e-63  211.2   1.6     3   300     6   291     4   298 0.87 -
scaffold_4:34042591-34044646  -            258 92415at71240         -            308   2.6e-63  213.0   2.1   1   2     9e-35   1.7e-32  111.9   0.5     2    92     4    96     3   106 0.93 -
scaffold_4:34042591-34044646  -            258 92415at71240         -            308   2.6e-63  213.0   2.1   2   2   1.4e-31   2.6e-29  101.4   0.1   163   302   103   246    99   252 0.89 -
scaffold_12:5975987-6023330   -            294 92415at71240         -            308   5.3e-63  212.0   0.5   1   1   9.1e-65   1.7e-62  210.4   0.5     3   301     1   287     1   293 0.90 -
scaffold_4:34031741-34063503  -            253 92415at71240         -            308   8.3e-63  211.4   2.5   1   2   3.2e-33     6e-31  106.8   0.3     3    94    11   105     9   113 0.91 -
scaffold_4:34031741-34063503  -            253 92415at71240         -            308   8.3e-63  211.4   2.5   2   2   1.1e-32   2.2e-30  104.9   0.1   166   299   116   253   111   253 0.92 -
scaffold_3:37411692-37417175  -            377 92415at71240         -            308   1.9e-62  210.2   2.1   1   1   1.2e-64   2.3e-62  210.0   2.1     3   301    40   357    38   364 0.87 -
scaffold_2:24644687-24647061  -            241 92415at71240         -            308   1.8e-61  207.0   0.1   1   2   1.9e-31   3.6e-29  100.9   0.0     3    99     7   103     5   104 0.95 -
scaffold_2:24644687-24647061  -            241 92415at71240         -            308   1.8e-61  207.0   0.1   2   2   3.3e-33   6.2e-31  106.7   0.0   167   299   103   240   101   241 0.92 -
scaffold_17:560674-565415     -            238 92415at71240         -            308   4.1e-59  199.3   0.6   1   2   8.2e-29   1.5e-26   92.3   0.4     3    97     1    95     1    99 0.91 -
scaffold_17:560674-565415     -            238 92415at71240         -            308   4.1e-59  199.3   0.6   2   2   5.6e-33     1e-30  106.0   0.0   163   297    98   237    95   238 0.91 -
scaffold_9:13916060-13918315  -            251 92415at71240         -            308   6.7e-59  198.6   1.3   1   2   7.4e-28   1.4e-25   89.2   0.5     3    97    10   104     8   105 0.93 -
scaffold_9:13916060-13918315  -            251 92415at71240         -            308   6.7e-59  198.6   1.3   2   2   3.3e-34   6.3e-32  110.0   0.0   165   301   103   244   101   250 0.91 -
scaffold_1:16885402-16909415  -            280 92415at71240         -            308   2.2e-58  196.9   0.1   1   2   3.6e-30   6.8e-28   96.7   0.1     3   103    10   110     8   122 0.91 -
scaffold_1:16885402-16909415  -            280 92415at71240         -            308   2.2e-58  196.9   0.1   2   2     1e-30   1.9e-28   98.5   0.0   163   300   124   267   115   275 0.89 -
scaffold_3:7302687-7214191    -            312 92415at71240         -            308   6.7e-58  195.3   0.2   1   1   4.8e-60   9.1e-58  194.9   0.2     3   302     4   309     2   312 0.86 -
scaffold_6:20564453-20568659  -            259 92415at71240         -            308   7.1e-58  195.2   1.0   1   2     4e-28   7.5e-26   90.0   0.6     3   101    24   120    22   122 0.94 -
scaffold_6:20564453-20568659  -            259 92415at71240         -            308   7.1e-58  195.2   1.0   2   2     9e-33   1.7e-30  105.3   0.0   163   297   119   258   116   259 0.90 -
scaffold_1:28124669-28117288  -            317 92415at71240         -            308   7.5e-58  195.1   4.1   1   1   1.2e-58   2.3e-56  190.3   4.1     3   304    22   305    20   309 0.85 -
scaffold_4:33955132-33956954  -            235 92415at71240         -            308   1.4e-57  194.2   3.0   1   2     1e-31   1.9e-29  101.9   0.2     3    98     1    98     1   103 0.93 -
scaffold_4:33955132-33956954  -            235 92415at71240         -            308   1.4e-57  194.2   3.0   2   2   1.9e-29   3.5e-27   94.4   0.2   166   298    99   234    97   235 0.89 -
scaffold_10:356280-352410     -            266 92415at71240         -            308   3.3e-57  193.0   0.4   1   2   3.4e-28   6.3e-26   90.3   0.3     3    99    18   112    16   115 0.94 -
scaffold_10:356280-352410     -            266 92415at71240         -            308   3.3e-57  193.0   0.4   2   2   1.3e-31   2.5e-29  101.4   0.0   166   300   115   254   111   262 0.91 -
scaffold_3:7294002-7292748    -            307 92415at71240         -            308   4.5e-56  189.3   0.2   1   1   3.6e-58   6.7e-56  188.7   0.2     4   302     1   305     1   307 0.86 -
scaffold_3:35652711-35643984  -            331 92415at71240         -            308   7.2e-56  188.6   1.1   1   1   4.7e-58   8.9e-56  188.3   1.1     3   301     1   314     1   321 0.82 -
scaffold_41:806326-808354     -            306 92415at71240         -            308   1.1e-54  184.7   1.8   1   1   6.8e-57   1.3e-54  184.5   1.8     3   295    11   306     9   306 0.87 -
scaffold_3:7209570-7206074    -            306 92415at71240         -            308   3.1e-54  183.3   0.7   1   1   2.1e-56     4e-54  182.9   0.7     4   301     1   303     1   305 0.85 -
scaffold_42:465667-469907     -            349 92415at71240         -            308   1.2e-53  181.4   1.9   1   1   1.7e-53   3.2e-51  173.3   1.9     3   301    45   332    43   336 0.87 -
scaffold_9:177826-168692      -            318 92415at71240         -            308   1.5e-53  181.0   0.4   1   1   9.2e-56   1.7e-53  180.8   0.4     3   298     7   317     5   318 0.83 -
scaffold_1:3404721-3415866    -            306 92415at71240         -            308   1.6e-53  180.9   1.9   1   1   9.7e-56   1.8e-53  180.7   1.9     3   295    11   306     9   306 0.87 -
scaffold_5:8853053-8850675    -            318 92415at71240         -            308   5.1e-53  179.3   0.0   1   1   3.1e-55   5.8e-53  179.1   0.0     3   296     8   318     6   318 0.88 -
scaffold_8:5676836-5683070    -            236 92415at71240         -            308   2.2e-52  177.2   0.5   1   2   4.6e-30   8.6e-28   96.4   0.1     3    98     1    96     1   100 0.94 -
scaffold_8:5676836-5683070    -            236 92415at71240         -            308   2.2e-52  177.2   0.5   2   2   1.8e-24   3.4e-22   78.0   0.0   160   300   105   236   100   236 0.85 -
scaffold_9:177817-175339      -            311 92415at71240         -            308   2.8e-52  176.8   0.3   1   1   1.7e-54   3.1e-52  176.7   0.3     3   296     4   311     2   311 0.84 -
scaffold_9:16851234-16849925  -            319 92415at71240         -            308   4.4e-50  169.6   1.6   1   1   2.8e-52   5.3e-50  169.3   1.6     3   300     5   301     3   308 0.87 -
scaffold_5:28720349-28718748  -            296 92415at71240         -            308   2.2e-48  164.1   3.8   1   2   2.6e-12   4.9e-10   38.1   0.1     3    54     5    55     3    61 0.92 -
scaffold_5:28720349-28718748  -            296 92415at71240         -            308   2.2e-48  164.1   3.8   2   2   2.1e-39     4e-37  127.1   1.2    94   304    60   285    53   289 0.86 -
scaffold_11:14839117-14837469 -            278 92415at71240         -            308   4.1e-48  163.1   1.6   1   2   2.1e-15   3.9e-13   48.3   0.1     2    52     7    56     6    64 0.92 -
scaffold_11:14839117-14837469 -            278 92415at71240         -            308   4.1e-48  163.1   1.6   2   2   1.4e-35   2.6e-33  114.5   0.2   121   300    81   271    58   276 0.81 -
scaffold_4:2287365-2290003    -            283 92415at71240         -            308   3.1e-44  150.4   1.2   1   2   1.9e-20   3.5e-18   64.8   0.3     4    87    41   125    38   136 0.88 -
scaffold_4:2287365-2290003    -            283 92415at71240         -            308   3.1e-44  150.4   1.2   2   2   7.5e-27   1.4e-24   85.9   0.1   155   296   127   282   122   283 0.82 -
scaffold_10:12153371-12151691 -            247 92415at71240         -            308   8.7e-42  142.4   1.8   1   2     6e-20   1.1e-17   63.2   0.4     3    90    31   119    29   120 0.90 -
scaffold_10:12153371-12151691 -            247 92415at71240         -            308   8.7e-42  142.4   1.8   2   2   4.1e-25   7.7e-23   80.1   0.0   166   287   119   246   116   247 0.91 -
scaffold_42:427344-420047     -            286 92415at71240         -            308   1.3e-40  138.5   0.9   1   1   8.4e-43   1.6e-40  138.2   0.9     3   247    34   284    32   286 0.88 -
scaffold_8:10336464-10335380  -            275 92415at71240         -            308   1.2e-39  135.3   0.0   1   1   7.4e-42   1.4e-39  135.1   0.0     3   246    23   275    21   275 0.85 -
scaffold_8:11807755-11808624  -            264 92415at71240         -            308   1.9e-30  105.1   0.2   1   1   1.1e-32   2.1e-30  105.0   0.2    61   296     9   264     1   264 0.83 -
scaffold_1:28177101-28179209  -            197 92415at71240         -            308   2.8e-29  101.3   1.4   1   3   1.6e-14   2.9e-12   45.4   0.4     3    61     6    63     4    69 0.87 -
scaffold_1:28177101-28179209  -            197 92415at71240         -            308   2.8e-29  101.3   1.4   2   3   3.4e-08   6.4e-06   24.6   0.0   167   226    70   132    64   134 0.87 -
scaffold_1:28177101-28179209  -            197 92415at71240         -            308   2.8e-29  101.3   1.4   3   3   4.5e-10   8.3e-08   30.8   0.0   250   304   131   183   129   187 0.88 -
scaffold_1:24257521-24260712  -            325 92415at71240         -            308   1.1e-17   63.2   3.4   1   2     5e-07   9.4e-05   20.7   0.3     3    71     1    70     1   109 0.79 -
scaffold_1:24257521-24260712  -            325 92415at71240         -            308   1.1e-17   63.2   3.4   2   2   5.7e-14   1.1e-11   43.5   0.2   123   288   147   324   142   325 0.77 -
scaffold_9:19428054-19427058  -            187 92415at71240         -            308     2e-17   62.3   0.4   1   2   2.1e-15   3.9e-13   48.3   0.1     3    88     5    81     3   106 0.82 -
scaffold_9:19428054-19427058  -            187 92415at71240         -            308     2e-17   62.3   0.4   2   2   0.00016      0.03   12.5   0.0    99   157   120   182   115   187 0.74 -
scaffold_7:13006840-13005749  -            364 92415at71240         -            308   2.3e-12   45.7   0.9   1   2    0.0044      0.82    7.8   0.1     3    90     2    93     1   168 0.70 -
scaffold_7:13006840-13005749  -            364 92415at71240         -            308   2.3e-12   45.7   0.9   2   2     1e-11   1.9e-09   36.2   0.1   166   299   214   363   204   364 0.78 -
scaffold_4:35994242-35993643  -            200 92415at71240         -            308   1.3e-09   36.7   0.1   1   1   8.6e-12   1.6e-09   36.4   0.1   124   295     8   199     3   200 0.79 -
scaffold_1:24248688-24249281  -            198 92415at71240         -            308   2.4e-07   29.2   0.4   1   1   1.9e-09   3.6e-07   28.7   0.4     3    90    29   116    27   182 0.81 -
#
# Program:         hmmsearch
# Version:         3.3.2 (Nov 2020)
# Pipeline mode:   SEARCH
# Query file:      /scratch/srb67793/Pelargonium/scripts/busco_downloads/lineages/eudicots_odb10/hmms/92415at71240.hmm
# Target file:     /scratch/srb67793/Pelargonium/scripts/scratch/srb67793/Pelargonium/Results2/HiFiASM_OmniC/P_citronellum-hap1-scaffolds-busco/run_eudicots_odb10/metaeuk_output/initial_results/P_citronellum-hap1_scaffolds_final.fa.modified.fas
# Option settings: hmmsearch --domtblout /scratch/srb67793/Pelargonium/scripts/scratch/srb67793/Pelargonium/Results2/HiFiASM_OmniC/P_citronellum-hap1-scaffolds-busco/run_eudicots_odb10/hmmer_output/initial_run_results/92415at71240.out --cpu 1 /scratch/srb67793/Pelargonium/scripts/busco_downloads/lineages/eudicots_odb10/hmms/92415at71240.hmm /scratch/srb67793/Pelargonium/scripts/scratch/srb67793/Pelargonium/Results2/HiFiASM_OmniC/P_citronellum-hap1-scaffolds-busco/run_eudicots_odb10/metaeuk_output/initial_results/P_citronellum-hap1_scaffolds_final.fa.modified.fas 
# Current dir:     /scratch/srb67793/Pelargonium/scripts
# Date:            Fri Jul 19 10:33:22 2024
# [ok]
