#                                                                                   --- full sequence --- -------------- this domain -------------   hmm coord   ali coord   env coord
# target name               accession   tlen query name           accession   qlen   E-value  score  bias   #  of  c-Evalue  i-Evalue  score  bias  from    to  from    to  from    to  acc description of target
#       ------------------- ---------- ----- -------------------- ---------- ----- --------- ------ ----- --- --- --------- --------- ------ ----- ----- ----- ----- ----- ----- ----- ---- ---------------------
h2tg000575l:109081-110316   -            412 108435at71240        -            342   1.1e-19   67.9   0.5   1   3     9e-07   2.5e-05   20.7   0.0   235   304     2    72     1    84 0.86 -
h2tg000575l:109081-110316   -            412 108435at71240        -            342   1.1e-19   67.9   0.5   2   3    0.0015     0.041   10.2   0.0   200   272   145   222   126   238 0.76 -
h2tg000575l:109081-110316   -            412 108435at71240        -            342   1.1e-19   67.9   0.5   3   3   3.8e-10   1.1e-08   31.8   0.0   199   286   319   407   310   412 0.94 -
h2tg000224l:138833-137961   -            291 108435at71240        -            342   2.8e-18   63.3   0.7   1   2   2.2e-07     6e-06   22.8   0.1    29   157    24   154     7   160 0.85 -
h2tg000224l:138833-137961   -            291 108435at71240        -            342   2.8e-18   63.3   0.7   2   2   2.3e-12   6.3e-11   39.1   0.1   200   306   166   275   157   282 0.91 -
h2tg000224l:47953-48708     -            252 108435at71240        -            342   4.4e-18   62.6   0.7   1   2     5e-06   0.00014   18.3   0.0    33   148     5   121     1   137 0.74 -
h2tg000224l:47953-48708     -            252 108435at71240        -            342   4.4e-18   62.6   0.7   2   2   1.2e-13   3.2e-12   43.4   0.1   200   305   143   251   133   252 0.91 -
h2tg000500l:580833-569273   -            439 108435at71240        -            342   4.2e-17   59.4   0.2   1   4      0.02      0.55    6.4   0.0   111   174    42   109    37   111 0.84 -
h2tg000500l:580833-569273   -            439 108435at71240        -            342   4.2e-17   59.4   0.2   2   4   0.00033    0.0092   12.3   0.0    49   174   109   242    98   253 0.78 -
h2tg000500l:580833-569273   -            439 108435at71240        -            342   4.2e-17   59.4   0.2   3   4       3.7     1e+02   -1.0   0.0   107   149   279   321   267   335 0.76 -
h2tg000500l:580833-569273   -            439 108435at71240        -            342   4.2e-17   59.4   0.2   4   4   1.2e-11   3.3e-10   36.8   0.0   201   296   343   439   335   439 0.93 -
h2tg000224l:6102-7789       -            326 108435at71240        -            342   4.6e-17   59.3   0.0   1   3   7.5e-05    0.0021   14.4   0.0   202   271    41   115    37   129 0.83 -
h2tg000224l:6102-7789       -            326 108435at71240        -            342   4.6e-17   59.3   0.0   2   3     0.029      0.81    5.9   0.1    15    83   133   200   123   222 0.73 -
h2tg000224l:6102-7789       -            326 108435at71240        -            342   4.6e-17   59.3   0.0   3   3   2.6e-11   7.2e-10   35.6   0.0   204   301   223   323   216   326 0.88 -
h2tg000224l:18763-43507     -            427 108435at71240        -            342   5.2e-17   59.1   1.3   1   3    0.0016     0.044   10.1   0.0    29   136    38   146    22   156 0.73 -
h2tg000224l:18763-43507     -            427 108435at71240        -            342   5.2e-17   59.1   1.3   2   3   2.2e-05   0.00062   16.1   0.1    29   149   172   293   154   302 0.84 -
h2tg000224l:18763-43507     -            427 108435at71240        -            342   5.2e-17   59.1   1.3   3   3   1.7e-09   4.8e-08   29.6   0.0   205   306   319   423   314   425 0.92 -
h2tg000245l:1062545-1024487 -            314 108435at71240        -            342   6.7e-17   58.8   0.8   1   3    0.0015     0.043   10.1   0.0   113   172    11    74     7    81 0.80 -
h2tg000245l:1062545-1024487 -            314 108435at71240        -            342   6.7e-17   58.8   0.8   2   3       4.2   1.2e+02   -1.2   0.0   115   144    85   114    75   119 0.71 -
h2tg000245l:1062545-1024487 -            314 108435at71240        -            342   6.7e-17   58.8   0.8   3   3     2e-14   5.6e-13   45.9   0.2   197   327   177   313   162   314 0.89 -
h2tg000481l:57352-58206     -            285 108435at71240        -            342   1.5e-16   57.6   2.9   1   2   0.00033    0.0091   12.3   0.0   112   161    21    74    16    88 0.86 -
h2tg000481l:57352-58206     -            285 108435at71240        -            342   1.5e-16   57.6   2.9   2   2   4.8e-14   1.3e-12   44.7   1.6   107   296    89   285    75   285 0.88 -
h2tg000016l:915630-994313   -            381 108435at71240        -            342   1.6e-16   57.5  12.4   1   3   4.3e-10   1.2e-08   31.6   1.0    51   226    58   242    17   261 0.68 -
h2tg000016l:915630-994313   -            381 108435at71240        -            342   1.6e-16   57.5  12.4   2   3   1.5e-06     4e-05   20.0   0.1   104   238   147   291   139   292 0.80 -
h2tg000016l:915630-994313   -            381 108435at71240        -            342   1.6e-16   57.5  12.4   3   3   7.2e-09     2e-07   27.6   1.0   108   271   187   360   183   372 0.80 -
h2tg000224l:11817-12758     -            314 108435at71240        -            342   1.8e-16   57.4   0.9   1   2   2.4e-06   6.8e-05   19.3   0.1    23   157    41   177     9   182 0.79 -
h2tg000224l:11817-12758     -            314 108435at71240        -            342   1.8e-16   57.4   0.9   2   2   1.4e-11   3.8e-10   36.6   0.0   200   304   189   296   178   301 0.91 -
h2tg000224l:29264-30115     -            284 108435at71240        -            342   1.9e-16   57.3   0.4   1   2   6.7e-05    0.0019   14.6   0.1    25   150    11   137     3   149 0.83 -
h2tg000224l:29264-30115     -            284 108435at71240        -            342   1.9e-16   57.3   0.4   2   2   6.2e-13   1.7e-11   41.0   0.0   204   304   163   266   156   273 0.92 -
h2tg000750l:378443-379318   -            292 108435at71240        -            342   2.1e-16   57.1   0.2   1   2   2.3e-05   0.00065   16.1   0.1    24   144    38   159     5   177 0.77 -
h2tg000750l:378443-379318   -            292 108435at71240        -            342   2.1e-16   57.1   0.2   2   2   4.8e-12   1.3e-10   38.1   0.0   202   302   187   290   178   292 0.89 -
h2tg001344l:68854-67964     -            297 108435at71240        -            342   1.3e-15   54.5   0.4   1   2    0.0003    0.0083   12.4   0.0   112   174    21    87    15    96 0.85 -
h2tg001344l:68854-67964     -            297 108435at71240        -            342   1.3e-15   54.5   0.4   2   2   1.6e-12   4.6e-11   39.6   0.2   196   303   187   296    87   297 0.80 -
h2tg000163l:426958-427770   -            271 108435at71240        -            342   4.1e-15   52.9   1.8   1   3    0.0074       0.2    7.9   0.0   107   144     4    42     1    47 0.84 -
h2tg000163l:426958-427770   -            271 108435at71240        -            342   4.1e-15   52.9   1.8   2   3   4.8e-09   1.3e-07   28.2   0.2   111   232    45   175    42   177 0.88 -
h2tg000163l:426958-427770   -            271 108435at71240        -            342   4.1e-15   52.9   1.8   3   3   1.7e-09   4.7e-08   29.7   1.3   111   283    81   264    79   271 0.82 -
h2tg000481l:60808-61557     -            250 108435at71240        -            342   5.8e-15   52.4   1.6   1   2      0.95        26    0.9   0.0   231   268     4    45     2    63 0.51 -
h2tg000481l:60808-61557     -            250 108435at71240        -            342   5.8e-15   52.4   1.6   2   2     1e-15   2.8e-14   50.1   1.7   106   297    50   248    38   250 0.89 -
h2tg000224l:45132-45938     -            269 108435at71240        -            342   6.8e-15   52.2   0.6   1   2   2.8e-06   7.8e-05   19.1   0.1    28   148    15   136     3   154 0.79 -
h2tg000224l:45132-45938     -            269 108435at71240        -            342   6.8e-15   52.2   0.6   2   2   3.5e-10   9.7e-09   31.9   0.0   204   303   164   266   151   269 0.88 -
h2tg000481l:66692-67543     -            284 108435at71240        -            342   6.9e-15   52.2   0.4   1   2   3.5e-05   0.00097   15.5   0.0   112   174    20    87     5    98 0.85 -
h2tg000481l:66692-67543     -            284 108435at71240        -            342   6.9e-15   52.2   0.4   2   2   2.6e-11   7.3e-10   35.6   0.1   108   296    89   284    86   284 0.85 -
h2tg000120l:112984-112178   -            269 108435at71240        -            342   8.6e-15   51.8   0.8   1   2    0.0024     0.066    9.5   0.0   126   230    12   124     1   146 0.73 -
h2tg000120l:112984-112178   -            269 108435at71240        -            342   8.6e-15   51.8   0.8   2   2   5.5e-13   1.5e-11   41.2   0.1   199   302   163   267   153   269 0.94 -
h2tg000500l:584524-583616   -            303 108435at71240        -            342     2e-14   50.6   0.2   1   3   0.00022    0.0061   12.9   0.0   111   174    27    94    23    97 0.86 -
h2tg000500l:584524-583616   -            303 108435at71240        -            342     2e-14   50.6   0.2   2   3      0.62        17    1.5   0.0    59   106    97   151    83   173 0.64 -
h2tg000500l:584524-583616   -            303 108435at71240        -            342     2e-14   50.6   0.2   3   3   1.7e-10   4.7e-09   33.0   0.0   201   306   195   301   187   303 0.94 -
h2tg000120l:254844-255767   -            308 108435at71240        -            342   2.1e-14   50.6   0.0   1   2   0.00027    0.0075   12.6   0.0   111   230    40   168    16   190 0.74 -
h2tg000120l:254844-255767   -            308 108435at71240        -            342   2.1e-14   50.6   0.0   2   2   1.8e-11     5e-10   36.2   0.1   199   296   207   305   192   308 0.93 -
h2tg000120l:118305-117337   -            323 108435at71240        -            342   2.3e-14   50.5   0.4   1   2   1.2e-05   0.00033   17.0   0.0   202   313    27   140    20   151 0.77 -
h2tg000120l:118305-117337   -            323 108435at71240        -            342   2.3e-14   50.5   0.4   2   2   5.3e-10   1.5e-08   31.3   0.2   200   302   204   307   151   316 0.90 -
h2tg000500l:590625-589876   -            250 108435at71240        -            342   2.4e-14   50.4   0.4   1   2     0.014      0.38    7.0   0.0    31   145     3   118     1   129 0.71 -
h2tg000500l:590625-589876   -            250 108435at71240        -            342   2.4e-14   50.4   0.4   2   2   3.7e-13     1e-11   41.7   0.1   201   305   144   249   135   250 0.94 -
h2tg000750l:124877-95684    -            285 108435at71240        -            342   2.4e-14   50.4   0.2   1   2   2.1e-05   0.00057   16.2   0.1    26   145    42   161    25   177 0.78 -
h2tg000750l:124877-95684    -            285 108435at71240        -            342   2.4e-14   50.4   0.2   2   2   2.4e-10   6.6e-09   32.5   0.0   200   294   186   283   176   285 0.89 -
h2tg000134l:738201-738542   -            114 108435at71240        -            342   3.2e-14   49.9   0.7   1   1   1.3e-15   3.5e-14   49.8   0.7   195   305     3   113     1   114 0.93 -
h2tg000245l:628161-628985   -            275 108435at71240        -            342     4e-14   49.6   1.0   1   2      0.14       3.8    3.7   0.0   113   161     2    53     1    67 0.85 -
h2tg000245l:628161-628985   -            275 108435at71240        -            342     4e-14   49.6   1.0   2   2   7.6e-14   2.1e-12   44.0   0.7   108   304    69   274    57   275 0.81 -
h2tg000120l:261350-262192   -            281 108435at71240        -            342   4.8e-14   49.4   0.1   1   2   0.00015    0.0043   13.4   0.0   200   268     9    83     6   100 0.80 -
h2tg000120l:261350-262192   -            281 108435at71240        -            342   4.8e-14   49.4   0.1   2   2   7.3e-11     2e-09   34.2   0.1   110   285    92   274    87   281 0.87 -
h2tg000119l:1003017-1002079 -            313 108435at71240        -            342   1.1e-13   48.2   0.5   1   2     0.002     0.055    9.7   0.1   112   161    41    94    12   175 0.84 -
h2tg000119l:1003017-1002079 -            313 108435at71240        -            342   1.1e-13   48.2   0.5   2   2   9.8e-12   2.7e-10   37.0   0.2   192   301   195   307   119   311 0.82 -
h2tg000224l:98545-97655     -            297 108435at71240        -            342   1.1e-13   48.1   0.2   1   2   1.5e-05   0.00043   16.7   0.1    28   148    64   185    27   196 0.84 -
h2tg000224l:98545-97655     -            297 108435at71240        -            342   1.1e-13   48.1   0.2   2   2   2.6e-09   7.2e-08   29.1   0.0   203   285   212   297   204   297 0.91 -
h2tg000120l:96561-95737     -            275 108435at71240        -            342   1.5e-13   47.8   2.1   1   2   0.00068     0.019   11.3   0.1   112   160     6    58     3    63 0.87 -
h2tg000120l:96561-95737     -            275 108435at71240        -            342   1.5e-13   47.8   2.1   2   2   1.7e-11   4.8e-10   36.2   0.3   106   301    73   275    61   275 0.87 -
h2tg000120l:76167-75232     -            312 108435at71240        -            342   2.4e-13   47.1   0.4   1   2    0.0032     0.088    9.1   0.0   111   173    39   106    10   145 0.73 -
h2tg000120l:76167-75232     -            312 108435at71240        -            342   2.4e-13   47.1   0.4   2   2   8.1e-12   2.2e-10   37.3   0.2   116   302   117   310   103   312 0.89 -
h2tg001107l:4379-5294       -            249 108435at71240        -            342   2.8e-13   46.8   0.0   1   1   1.9e-14   5.2e-13   46.0   0.0   112   303    38   248    10   249 0.87 -
h2tg000224l:34012-35462     -            226 108435at71240        -            342   4.2e-13   46.3   0.0   1   2    0.0013     0.037   10.3   0.0   246   274    31    59    10    97 0.80 -
h2tg000224l:34012-35462     -            226 108435at71240        -            342   4.2e-13   46.3   0.0   2   2     7e-11   1.9e-09   34.2   0.0   213   306   114   210   102   217 0.86 -
h2tg000845l:7718-8581       -            288 108435at71240        -            342     9e-13   45.2   0.0   1   2   0.00015    0.0043   13.4   0.0   200   274     9    86     5   110 0.75 -
h2tg000845l:7718-8581       -            288 108435at71240        -            342     9e-13   45.2   0.0   2   2   1.1e-09   2.9e-08   30.4   0.1   112   293    94   282    87   287 0.80 -
h2tg000356l:545788-546759   -            324 108435at71240        -            342     1e-12   45.0   0.0   1   3    0.0056      0.15    8.3   0.0   200   273    39   117    26   132 0.82 -
h2tg000356l:545788-546759   -            324 108435at71240        -            342     1e-12   45.0   0.0   2   3      0.34       9.5    2.4   0.0   107   148   154   195   140   210 0.69 -
h2tg000356l:545788-546759   -            324 108435at71240        -            342     1e-12   45.0   0.0   3   3     9e-10   2.5e-08   30.6   0.0   201   305   218   323   206   324 0.93 -
h2tg000120l:257874-258848   -            325 108435at71240        -            342   1.4e-12   44.6   2.4   1   2     0.012      0.34    7.1   0.0   200   268    26   100     1   122 0.70 -
h2tg000120l:257874-258848   -            325 108435at71240        -            342   1.4e-12   44.6   2.4   2   2   1.7e-11   4.7e-10   36.3   1.3   122   304   121   310   106   321 0.89 -
h2tg000119l:1001910-1001074 -            279 108435at71240        -            342   2.5e-12   43.7   0.1   1   3      0.11       3.1    4.0   0.0   202   240    32    72    27    80 0.80 -
h2tg000119l:1001910-1001074 -            279 108435at71240        -            342   2.5e-12   43.7   0.1   2   3       0.4        11    2.2   0.0   115   143    82   111    69   131 0.78 -
h2tg000119l:1001910-1001074 -            279 108435at71240        -            342   2.5e-12   43.7   0.1   3   3   1.1e-10     3e-09   33.6   0.0   199   280   195   277   187   279 0.92 -
h2tg000245l:1069330-1068566 -            255 108435at71240        -            342   2.8e-12   43.6   0.4   1   2     0.012      0.34    7.1   0.0    18    61    35    79     2    97 0.81 -
h2tg000245l:1069330-1068566 -            255 108435at71240        -            342   2.8e-12   43.6   0.4   2   2   4.7e-11   1.3e-09   34.8   0.1   206   296   161   252   145   255 0.90 -
h2tg000481l:104846-105757   -            304 108435at71240        -            342   2.8e-12   43.6   0.1   1   2   7.1e-06    0.0002   17.8   0.0    98   174    22   107     8   181 0.72 -
h2tg000481l:104846-105757   -            304 108435at71240        -            342   2.8e-12   43.6   0.1   2   2   8.5e-08   2.4e-06   24.1   0.0   199   296   206   304   195   304 0.92 -
h2tg000120l:87383-86670     -            238 108435at71240        -            342   3.8e-12   43.1   1.3   1   2    0.0038       0.1    8.8   0.0   116   161    10    58     6    72 0.77 -
h2tg000120l:87383-86670     -            238 108435at71240        -            342   3.8e-12   43.1   1.3   2   2   1.1e-10     3e-09   33.6   0.4   145   301    78   238    57   238 0.88 -
h2tg000167l:6133-7095       -            321 108435at71240        -            342     4e-12   43.0   0.2   1   3     0.012      0.33    7.2   0.0   113   220    46   161    39   184 0.73 -
h2tg000167l:6133-7095       -            321 108435at71240        -            342     4e-12   43.0   0.2   2   3      0.83        23    1.1   0.0    17    87   129   201   118   214 0.70 -
h2tg000167l:6133-7095       -            321 108435at71240        -            342     4e-12   43.0   0.2   3   3   1.7e-10   4.8e-09   32.9   0.1   211   304   228   321   220   321 0.92 -
h2tg000575l:352222-353133   -            304 108435at71240        -            342   4.8e-12   42.8   0.0   1   3    0.0024     0.067    9.4   0.0   201   272    27   103    16   115 0.83 -
h2tg000575l:352222-353133   -            304 108435at71240        -            342   4.8e-12   42.8   0.0   2   3      0.21       5.8    3.1   0.0    63   105   117   159   106   178 0.78 -
h2tg000575l:352222-353133   -            304 108435at71240        -            342   4.8e-12   42.8   0.0   3   3   1.4e-08   3.8e-07   26.7   0.0   204   297   208   302   185   304 0.88 -
h2tg000120l:269396-268542   -            285 108435at71240        -            342   4.8e-12   42.8   0.1   1   2    0.0022     0.062    9.6   0.0   200   286     9    96     4   128 0.69 -
h2tg000120l:269396-268542   -            285 108435at71240        -            342   4.8e-12   42.8   0.1   2   2     1e-09   2.8e-08   30.4   0.0   197   283   185   272   180   285 0.90 -
h2tg000967l:98902-99747     -            282 108435at71240        -            342   5.1e-12   42.7   6.0   1   3   4.6e-08   1.3e-06   25.0   0.6    78   166     6   113     2   128 0.73 -
h2tg000967l:98902-99747     -            282 108435at71240        -            342   5.1e-12   42.7   6.0   2   3    0.0014     0.038   10.2   0.2   111   172   127   192   114   193 0.78 -
h2tg000967l:98902-99747     -            282 108435at71240        -            342   5.1e-12   42.7   6.0   3   3     0.004      0.11    8.7   0.0   199   270   187   259   181   269 0.92 -
h2tg000120l:83295-82318     -            326 108435at71240        -            342   5.5e-12   42.6   1.9   1   2   0.00023    0.0065   12.8   0.1   112   209    40   146     9   191 0.57 -
h2tg000120l:83295-82318     -            326 108435at71240        -            342   5.5e-12   42.6   1.9   2   2   1.5e-08   4.2e-07   26.6   0.2   200   302   207   310   192   323 0.93 -
h2tg000055l:386151-455369   -            290 108435at71240        -            342   9.1e-12   41.9   0.4   1   3       1.4        38    0.4   0.0   117   144    15    43     7    81 0.50 -
h2tg000055l:386151-455369   -            290 108435at71240        -            342   9.1e-12   41.9   0.4   2   3      0.11         3    4.0   0.0    24    56    66    98    29   106 0.66 -
h2tg000055l:386151-455369   -            290 108435at71240        -            342   9.1e-12   41.9   0.4   3   3   2.6e-12   7.1e-11   39.0   0.2   116   302    87   282    76   285 0.84 -
h2tg000120l:103557-102682   -            292 108435at71240        -            342     1e-11   41.7   0.4   1   2     0.013      0.37    7.0   0.0   112   185    21   100     7   142 0.58 -
h2tg000120l:103557-102682   -            292 108435at71240        -            342     1e-11   41.7   0.4   2   2   1.7e-10   4.7e-09   33.0   0.2   199   301   187   290   180   292 0.94 -
h2tg000500l:595456-594671   -            262 108435at71240        -            342     1e-11   41.7   0.1   1   3       1.3        37    0.4   0.0   251   276     5    27     2    35 0.73 -
h2tg000500l:595456-594671   -            262 108435at71240        -            342     1e-11   41.7   0.1   2   3    0.0058      0.16    8.2   0.1    27   150    19   143    11   157 0.80 -
h2tg000500l:595456-594671   -            262 108435at71240        -            342     1e-11   41.7   0.1   3   3   6.5e-10   1.8e-08   31.0   0.0   203   296   166   260   158   262 0.94 -
h2tg000245l:1031996-1032916 -            307 108435at71240        -            342   1.4e-11   41.3   2.3   1   2    0.0029     0.081    9.2   0.1   112   183    13    90     7   154 0.71 -
h2tg000245l:1031996-1032916 -            307 108435at71240        -            342   1.4e-11   41.3   2.3   2   2   4.4e-10   1.2e-08   31.6   0.4   230   302   215   288   185   305 0.89 -
h2tg000120l:236942-237829   -            296 108435at71240        -            342   1.6e-11   41.1   0.7   1   2     0.017      0.48    6.6   0.0   204   274    19    92     9   132 0.50 -
h2tg000120l:236942-237829   -            296 108435at71240        -            342   1.6e-11   41.1   0.7   2   2   3.4e-10   9.6e-09   32.0   0.6   123   301   111   296    95   296 0.85 -
h2tg000224l:126534-126034   -            167 108435at71240        -            342   2.3e-11   40.6   0.1   1   2     0.041       1.1    5.4   0.0   113   148    14    48     3    60 0.85 -
h2tg000224l:126534-126034   -            167 108435at71240        -            342   2.3e-11   40.6   0.1   2   2   1.1e-10   3.1e-09   33.5   0.0   203   288    75   165    65   167 0.90 -
h2tg001219l:23963-9148      -            259 108435at71240        -            342   2.6e-11   40.4   0.2   1   3       1.7        48    0.1   0.0   248   275    15    42     8    56 0.79 -
h2tg001219l:23963-9148      -            259 108435at71240        -            342   2.6e-11   40.4   0.2   2   3      0.54        15    1.7   0.0    17    87    58   130    45   143 0.70 -
h2tg001219l:23963-9148      -            259 108435at71240        -            342   2.6e-11   40.4   0.2   3   3   4.6e-11   1.3e-09   34.8   0.1   211   305   157   251   143   254 0.91 -
h2tg000637l:34763-34083     -            227 108435at71240        -            342     4e-11   39.8   0.4   1   1   1.2e-11   3.4e-10   36.7   0.4   105   268    45   218    21   224 0.77 -
h2tg001194l:43297-44103     -            269 108435at71240        -            342   4.3e-11   39.7   0.1   1   2    0.0082      0.23    7.7   0.0   117   229     2   123     1   145 0.70 -
h2tg001194l:43297-44103     -            269 108435at71240        -            342   4.3e-11   39.7   0.1   2   2   1.2e-09   3.4e-08   30.1   0.1   199   302   163   267   153   269 0.93 -
h2tg000481l:52413-53210     -            266 108435at71240        -            342   4.4e-11   39.6   0.3   1   2   0.00015     0.004   13.5   0.0   116   246     3   135     1   148 0.73 -
h2tg000481l:52413-53210     -            266 108435at71240        -            342   4.4e-11   39.6   0.3   2   2   7.2e-08     2e-06   24.3   0.1   199   294   165   261   154   265 0.90 -
h2tg001194l:46667-47458     -            264 108435at71240        -            342   5.2e-11   39.4   0.4   1   2    0.0093      0.26    7.5   0.1   121   244     6   131     1   141 0.68 -
h2tg001194l:46667-47458     -            264 108435at71240        -            342   5.2e-11   39.4   0.4   2   2     5e-11   1.4e-09   34.7   0.2   112   298    70   263    61   264 0.88 -
h2tg000845l:1225-2007       -            261 108435at71240        -            342     6e-11   39.2   0.1   1   2    0.0017     0.048    9.9   0.0   116   225     1   119     1   140 0.69 -
h2tg000845l:1225-2007       -            261 108435at71240        -            342     6e-11   39.2   0.1   2   2   6.1e-09   1.7e-07   27.9   0.1   199   296   163   261   107   261 0.82 -
h2tg000481l:63654-64526     -            291 108435at71240        -            342   9.9e-11   38.5   0.0   1   2      0.02      0.54    6.5   0.0   120   243     5   137     1   142 0.73 -
h2tg000481l:63654-64526     -            291 108435at71240        -            342   9.9e-11   38.5   0.0   2   2   1.6e-09   4.3e-08   29.8   0.0   199   301   163   266   149   281 0.93 -
h2tg000388l:161643-162326   -            228 108435at71240        -            342   1.1e-10   38.3   0.0   1   1   8.1e-12   2.3e-10   37.3   0.0   112   269    41   202    28   208 0.86 -
h2tg000120l:249646-250533   -            296 108435at71240        -            342   1.2e-10   38.2   0.3   1   2     0.034      0.93    5.7   0.0   126   227    42   151    21   169 0.59 -
h2tg000120l:249646-250533   -            296 108435at71240        -            342   1.2e-10   38.2   0.3   2   2   3.2e-10   8.8e-09   32.1   0.2   124   301   112   296    95   296 0.78 -
h2tg000750l:88997-88419     -            193 108435at71240        -            342   1.3e-10   38.1   0.0   1   2    0.0012     0.034   10.4   0.0    90   157    22    93     3   105 0.75 -
h2tg000750l:88997-88419     -            193 108435at71240        -            342   1.3e-10   38.1   0.0   2   2   2.1e-08   5.7e-07   26.1   0.0   201   285   106   193    99   193 0.90 -
h2tg000939l:243719-242919   -            267 108435at71240        -            342   1.9e-10   37.5   1.3   1   3     0.036      0.99    5.6   0.0   118   266     3    57     1   102 0.58 -
h2tg000939l:243719-242919   -            267 108435at71240        -            342   1.9e-10   37.5   1.3   2   3       1.4        38    0.4   0.0    26    63    55    92    49   134 0.71 -
h2tg000939l:243719-242919   -            267 108435at71240        -            342   1.9e-10   37.5   1.3   3   3   1.1e-09     3e-08   30.3   0.2   199   301   163   266   148   267 0.93 -
h2tg000375l:239158-189429   -            273 108435at71240        -            342   2.9e-10   36.9   0.5   1   2      0.02      0.55    6.5   0.1    17    73    45   101    24   118 0.69 -
h2tg000375l:239158-189429   -            273 108435at71240        -            342   2.9e-10   36.9   0.5   2   2   3.3e-09     9e-08   28.8   0.0   192   286   163   257   148   266 0.89 -
h2tg000320l:74162-73380     -            261 108435at71240        -            342   3.1e-10   36.9   0.1   1   2   2.6e-05   0.00072   15.9   0.0    36   154    29   147     6   157 0.81 -
h2tg000320l:74162-73380     -            261 108435at71240        -            342   3.1e-10   36.9   0.1   2   2   3.2e-06   8.7e-05   18.9   0.0   200   293   163   257   159   261 0.85 -
h2tg000245l:1004445-1005392 -            316 108435at71240        -            342   3.2e-10   36.8   0.1   1   2     0.026      0.72    6.1   0.0   112   161    46    99    40   119 0.80 -
h2tg000245l:1004445-1005392 -            316 108435at71240        -            342   3.2e-10   36.8   0.1   2   2   6.7e-09   1.9e-07   27.7   0.0   221   296   239   316   219   316 0.82 -
h2tg000055l:426379-425621   -            253 108435at71240        -            342   5.6e-10   36.0   0.0   1   1   5.2e-11   1.5e-09   34.6   0.0   113   284    66   245    58   250 0.84 -
h2tg000167l:153065-152199   -            289 108435at71240        -            342   7.2e-10   35.7   0.1   1   2    0.0077      0.21    7.8   0.0   206   271     5    75     1    93 0.53 -
h2tg000167l:153065-152199   -            289 108435at71240        -            342   7.2e-10   35.7   0.1   2   2   3.9e-08   1.1e-06   25.2   0.2   205   305   184   284   175   286 0.86 -
h2tg000356l:370559-371488   -            310 108435at71240        -            342   7.7e-10   35.5   0.0   1   4   2.3e-06   6.2e-05   19.4   0.0   102   230    27   165    23   168 0.79 -
h2tg000356l:370559-371488   -            310 108435at71240        -            342   7.7e-10   35.5   0.0   2   4   0.00019    0.0053   13.1   0.0   111   160   146   195   139   199 0.89 -
h2tg000356l:370559-371488   -            310 108435at71240        -            342   7.7e-10   35.5   0.0   3   4      0.16       4.3    3.5   0.0   110   148   178   216   168   223 0.89 -
h2tg000356l:370559-371488   -            310 108435at71240        -            342   7.7e-10   35.5   0.0   4   4    0.0089      0.25    7.6   0.0   230   271   235   276   226   297 0.78 -
h2tg000245l:431420-430542   -            293 108435at71240        -            342   7.9e-10   35.5   0.9   1   2      0.16       4.4    3.5   0.0   203   240    11    50     2    54 0.85 -
h2tg000245l:431420-430542   -            293 108435at71240        -            342   7.9e-10   35.5   0.9   2   2   1.5e-09   4.1e-08   29.9   0.8   117   298    98   289    80   293 0.74 -
h2tg000037l:376917-375604   -            438 108435at71240        -            342   9.4e-10   35.3   2.4   1   3       3.4        95   -0.9   0.0   113   147   112   146   104   173 0.83 -
h2tg000037l:376917-375604   -            438 108435at71240        -            342   9.4e-10   35.3   2.4   2   3       0.2       5.7    3.1   0.2    25    73   234   282   213   303 0.61 -
h2tg000037l:376917-375604   -            438 108435at71240        -            342   9.4e-10   35.3   2.4   3   3   1.1e-09   3.1e-08   30.3   0.1   192   282   344   434   313   438 0.89 -
h2tg000720l:10154-9309      -            282 108435at71240        -            342   1.3e-09   34.9   0.0   1   2    0.0048      0.13    8.5   0.0   111   163    41    97    28   113 0.82 -
h2tg000720l:10154-9309      -            282 108435at71240        -            342   1.3e-09   34.9   0.0   2   2     9e-08   2.5e-06   24.0   0.0   116   270   119   281   105   282 0.83 -
h2tg000119l:1005865-1004981 -            295 108435at71240        -            342   1.3e-09   34.8   1.5   1   1   4.3e-10   1.2e-08   31.6   1.5    19   280    11   275     4   292 0.74 -
h2tg000245l:986901-987638   -            246 108435at71240        -            342   1.9e-09   34.3   0.2   1   1   1.5e-10     4e-09   33.2   0.2   105   302    35   244     8   246 0.79 -
h2tg000750l:446363-446061   -            101 108435at71240        -            342     2e-09   34.2   0.0   1   1   8.6e-11   2.4e-09   33.9   0.0   230   306     7    86     2    92 0.90 -
h2tg000055l:432588-431688   -            231 108435at71240        -            342   2.6e-09   33.8   0.0   1   1   4.8e-10   1.3e-08   31.5   0.0   113   301    36   231    31   231 0.83 -
h2tg000720l:19571-18801     -            257 108435at71240        -            342   2.7e-09   33.8   1.5   1   3     0.087       2.4    4.3   0.0    22    57    34    69    19    76 0.81 -
h2tg000720l:19571-18801     -            257 108435at71240        -            342   2.7e-09   33.8   1.5   2   3     0.074       2.1    4.6   0.1   203   261    44   107    35   131 0.58 -
h2tg000720l:19571-18801     -            257 108435at71240        -            342   2.7e-09   33.8   1.5   3   3   1.2e-08   3.4e-07   26.9   0.1   202   302   150   252   142   254 0.86 -
h2tg000409l:360423-359740   -            228 108435at71240        -            342   2.8e-09   33.7   0.1   1   2    0.0056      0.16    8.2   0.0    43   144     8   109     6   123 0.69 -
h2tg000409l:360423-359740   -            228 108435at71240        -            342   2.8e-09   33.7   0.1   2   2   2.8e-09   7.8e-08   29.0   0.1   113   268    42   201    39   223 0.85 -
h2tg000929l:381777-381202   -            192 108435at71240        -            342   5.7e-09   32.7   0.0   1   1   2.6e-10   7.1e-09   32.4   0.0   120   267    41   192    34   192 0.89 -
h2tg000939l:248922-248071   -            284 108435at71240        -            342     7e-09   32.4   2.5   1   3      0.15       4.1    3.6   0.1   217   271     2    62     1    87 0.63 -
h2tg000939l:248922-248071   -            284 108435at71240        -            342     7e-09   32.4   2.5   2   3       0.5        14    1.8   0.0    27    85    56   115    49   138 0.75 -
h2tg000939l:248922-248071   -            284 108435at71240        -            342     7e-09   32.4   2.5   3   3   5.4e-09   1.5e-07   28.0   0.3   199   301   163   266   147   280 0.93 -
h2tg000500l:599309-598530   -            260 108435at71240        -            342   7.8e-09   32.3   0.3   1   2      0.11         3    4.0   0.2    27   145    19   138     5   145 0.64 -
h2tg000500l:599309-598530   -            260 108435at71240        -            342   7.8e-09   32.3   0.3   2   2   2.1e-08     6e-07   26.1   0.0   203   296   166   260   157   260 0.93 -
h2tg000055l:467973-468944   -            324 108435at71240        -            342     9e-09   32.0   0.0   1   1   4.6e-09   1.3e-07   28.3   0.0   108   284   117   300    26   320 0.80 -
h2tg000120l:100748-99963    -            262 108435at71240        -            342   1.2e-08   31.6   0.5   1   2    0.0025      0.07    9.4   0.1   116   242     2   137     1   141 0.79 -
h2tg000120l:100748-99963    -            262 108435at71240        -            342   1.2e-08   31.6   0.5   2   2   9.9e-07   2.7e-05   20.6   0.0   199   284   164   250   154   260 0.91 -
h2tg000481l:94172-96169     -            365 108435at71240        -            342   1.3e-08   31.5   0.1   1   2    0.0019     0.054    9.8   0.0   112   163   108   163    89   176 0.78 -
h2tg000481l:94172-96169     -            365 108435at71240        -            342   1.3e-08   31.5   0.1   2   2     2e-06   5.6e-05   19.6   0.0   108   290   177   365   172   365 0.87 -
h2tg000720l:35083-34289     -            265 108435at71240        -            342   1.7e-08   31.1   0.3   1   3       1.1        29    0.8   0.0   117   163     2    52     1    65 0.75 -
h2tg000720l:35083-34289     -            265 108435at71240        -            342   1.7e-08   31.1   0.3   2   3    0.0013     0.036   10.4   0.1   196   261    54   124    37   156 0.75 -
h2tg000720l:35083-34289     -            265 108435at71240        -            342   1.7e-08   31.1   0.3   3   3   2.1e-08   5.9e-07   26.1   0.3   115   284    73   249    65   263 0.86 -
h2tg001194l:37327-38277     -            317 108435at71240        -            342     2e-08   30.9   0.6   1   2    0.0032     0.087    9.1   0.0   111   210    44   152     2   179 0.72 -
h2tg001194l:37327-38277     -            317 108435at71240        -            342     2e-08   30.9   0.6   2   2   1.4e-06   3.8e-05   20.1   0.1   199   304   211   317   198   317 0.92 -
h2tg001107l:39780-40565     -            262 108435at71240        -            342   2.2e-08   30.7   0.2   1   2     0.062       1.7    4.8   0.0   120   237     5    59     1    68 0.49 -
h2tg001107l:39780-40565     -            262 108435at71240        -            342   2.2e-08   30.7   0.2   2   2   1.5e-07   4.3e-06   23.2   0.1   186   296   151   262    61   262 0.69 -
h2tg000720l:23138-22167     -            324 108435at71240        -            342   3.7e-08   30.0   0.0   1   1   7.9e-09   2.2e-07   27.5   0.0    14   284    27   309    23   323 0.75 -
h2tg000834l:96637-134250    -            280 108435at71240        -            342   4.4e-08   29.8   1.4   1   2     0.015      0.41    6.9   0.0    23    62    60    99    41   146 0.65 -
h2tg000834l:96637-134250    -            280 108435at71240        -            342   4.4e-08   29.8   1.4   2   2   9.7e-08   2.7e-06   23.9   1.0   108   301    74   274    72   278 0.85 -
h2tg000245l:129538-130425   -            296 108435at71240        -            342   1.5e-07   28.0   0.0   1   2      0.11       3.1    4.0   0.0   197   229    69   101    34   133 0.67 -
h2tg000245l:129538-130425   -            296 108435at71240        -            342   1.5e-07   28.0   0.0   2   2   3.7e-07     1e-05   22.0   0.0   181   277   196   296   169   296 0.87 -
h2tg000245l:1007401-1008255 -            285 108435at71240        -            342   2.2e-07   27.5   0.0   1   2      0.12       3.4    3.8   0.0   112   160    16    68     5    93 0.79 -
h2tg000245l:1007401-1008255 -            285 108435at71240        -            342   2.2e-07   27.5   0.0   2   2   3.9e-07   1.1e-05   21.9   0.0   206   283   194   272    82   285 0.85 -
h2tg000720l:27699-26971     -            243 108435at71240        -            342   2.2e-07   27.5   0.0   1   1   2.2e-08     6e-07   26.1   0.0   107   275    65   240    47   243 0.84 -
h2tg000224l:101171-100407   -            255 108435at71240        -            342   4.4e-07   26.5   0.0   1   2   0.00014    0.0038   13.5   0.1    31   148    49   167    33   182 0.87 -
h2tg000224l:101171-100407   -            255 108435at71240        -            342   4.4e-07   26.5   0.0   2   2    0.0012     0.034   10.4   0.0   202   263   191   255   180   255 0.85 -
h2tg000429l:141098-141706   -            203 108435at71240        -            342     4e-06   23.3   0.2   1   1   4.4e-06   0.00012   18.5   0.2   103   161    56   118     1   203 0.58 -
h2tg000245l:1030276-1031067 -            264 108435at71240        -            342   1.7e-05   21.3   1.6   1   2     0.015       0.4    6.9   0.1   112   160    57   108     3   123 0.56 -
h2tg000245l:1030276-1031067 -            264 108435at71240        -            342   1.7e-05   21.3   1.6   2   2    0.0012     0.032   10.5   0.1   214   270   206   263   183   264 0.78 -
h2tg000221l:3999-4799       -            267 108435at71240        -            342   5.1e-05   19.7   0.1   1   2   1.4e-05   0.00039   16.8   0.0    18   146    71   200    45   215 0.72 -
h2tg000221l:3999-4799       -            267 108435at71240        -            342   5.1e-05   19.7   0.1   2   2       5.1   1.4e+02   -1.5   0.0   204   242   228   266   220   267 0.80 -
h2tg001194l:49554-50264     -            237 108435at71240        -            342   6.2e-05   19.4   0.1   1   2   5.2e-05    0.0014   14.9   0.0   112   174    40   107    21   161 0.80 -
h2tg001194l:49554-50264     -            237 108435at71240        -            342   6.2e-05   19.4   0.1   2   2      0.22       6.1    3.0   0.0    41   103   167   230   124   235 0.66 -
h2tg001107l:1542-2342       -            267 108435at71240        -            342   9.8e-05   18.8   0.1   1   2     0.024      0.67    6.2   0.0   117   173     2    62     1    77 0.84 -
h2tg001107l:1542-2342       -            267 108435at71240        -            342   9.8e-05   18.8   0.1   2   2    0.0015     0.042   10.1   0.0   198   279   165   248   156   261 0.83 -
h2tg000167l:133767-132955   -            271 108435at71240        -            342   0.00024   17.5   0.0   1   3      0.11       3.2    3.9   0.0   113   173    24    88    18   135 0.70 -
h2tg000167l:133767-132955   -            271 108435at71240        -            342   0.00024   17.5   0.0   2   3         4   1.1e+02   -1.1   0.0   125   145   147   167   131   174 0.75 -
h2tg000167l:133767-132955   -            271 108435at71240        -            342   0.00024   17.5   0.0   3   3    0.0017     0.046   10.0   0.0   199   277   191   270   177   271 0.86 -
#
# Program:         hmmsearch
# Version:         3.3.2 (Nov 2020)
# Pipeline mode:   SEARCH
# Query file:      /scratch/srb67793/Pelargonium/busco_downloads/lineages/eudicots_odb10/hmms/108435at71240.hmm
# Target file:     /scratch/srb67793/Pelargonium/P_citronellum_omnic-hap2-busco/run_eudicots_odb10/metaeuk_output/rerun_results/P_citronellum_OmniC.hic.bp.hap1.p_ctg.fa.modified.fas
# Option settings: hmmsearch --domtblout /scratch/srb67793/Pelargonium/P_citronellum_omnic-hap2-busco/run_eudicots_odb10/hmmer_output/rerun_results/108435at71240.out --cpu 1 /scratch/srb67793/Pelargonium/busco_downloads/lineages/eudicots_odb10/hmms/108435at71240.hmm /scratch/srb67793/Pelargonium/P_citronellum_omnic-hap2-busco/run_eudicots_odb10/metaeuk_output/rerun_results/P_citronellum_OmniC.hic.bp.hap1.p_ctg.fa.modified.fas 
# Current dir:     /scratch/srb67793/Pelargonium
# Date:            Tue Jul 16 10:46:09 2024
# [ok]
