#                                                                                   --- full sequence --- -------------- this domain -------------   hmm coord   ali coord   env coord
# target name               accession   tlen query name           accession   qlen   E-value  score  bias   #  of  c-Evalue  i-Evalue  score  bias  from    to  from    to  from    to  acc description of target
#       ------------------- ---------- ----- -------------------- ---------- ----- --------- ------ ----- --- --- --------- --------- ------ ----- ----- ----- ----- ----- ----- ----- ---- ---------------------
h2tg000119l:409359-412934   -            357 38955at71240         -            447   1.3e-98  327.7   0.0   1   1  3.8e-100   1.6e-98  327.5   0.0    78   440    11   352     3   357 0.92 -
h2tg000209l:443894-446791   -            336 38955at71240         -            447   6.1e-98  325.5   1.1   1   2   5.5e-57   2.3e-55  185.2   0.1    82   280     1   197     1   200 0.91 -
h2tg000209l:443894-446791   -            336 38955at71240         -            447   6.1e-98  325.5   1.1   2   2     2e-43   8.4e-42  140.5   0.1   300   437   198   336   195   336 0.91 -
h2tg000001l:60159-74866     -            382 38955at71240         -            447   9.3e-94  311.7   0.1   1   2   2.4e-25     1e-23   80.9   0.3    81   145    11    75     5    89 0.90 -
h2tg000001l:60159-74866     -            382 38955at71240         -            447   9.3e-94  311.7   0.1   2   2   6.4e-70   2.6e-68  227.8   0.0   137   439    94   381    87   382 0.89 -
h2tg000391l:672702-661225   -            382 38955at71240         -            447   9.3e-94  311.7   0.1   1   2   2.4e-25     1e-23   80.9   0.3    81   145    11    75     5    89 0.90 -
h2tg000391l:672702-661225   -            382 38955at71240         -            447   9.3e-94  311.7   0.1   2   2   6.4e-70   2.6e-68  227.8   0.0   137   439    94   381    87   382 0.89 -
h2tg000555l:561061-562188   -            376 38955at71240         -            447   6.3e-31  104.6   0.8   1   1   2.9e-32   1.2e-30  103.7   0.5    92   325    38   284    18   294 0.81 -
h2tg000356l:883224-884321   -            366 38955at71240         -            447   9.2e-30  100.8   0.4   1   1   7.4e-31   3.1e-29   99.1   0.4    83   437     8   366     2   366 0.81 -
h2tg000880l:208366-207326   -            347 38955at71240         -            447   1.4e-28   96.8   2.9   1   1   9.7e-30     4e-28   95.4   2.9    89   437     2   347     1   347 0.81 -
h2tg001228l:216006-214972   -            345 38955at71240         -            447   2.1e-28   96.3   0.0   1   1     7e-30   2.9e-28   95.8   0.0    97   325     2   246     1   345 0.83 -
h2tg000555l:552968-598861   -            349 38955at71240         -            447   3.7e-28   95.5   0.0   1   1     1e-28   4.2e-27   92.0   0.0    96   442     1   345     1   349 0.84 -
h2tg000627l:7431-90129      -            347 38955at71240         -            447   4.2e-28   95.3   0.0   1   1   8.5e-29   3.5e-27   92.3   0.0    97   441     2   342     1   347 0.78 -
h2tg000473l:177120-254243   -            318 38955at71240         -            447   4.5e-28   95.2   0.0   1   1   1.4e-29   5.7e-28   94.9   0.0    80   362     3   306     1   316 0.82 -
h2tg000134l:1079986-1078931 -            352 38955at71240         -            447   5.9e-28   94.8   0.2   1   1   5.2e-29   2.2e-27   93.0   0.2    96   434     1   348     1   352 0.73 -
h2tg000555l:160709-161797   -            363 38955at71240         -            447   1.4e-27   93.6   0.0   1   1   7.4e-29     3e-27   92.5   0.0    94   347    25   292     7   363 0.82 -
h2tg000215l:1424245-1425570 -            442 38955at71240         -            447   1.9e-27   93.1   0.4   1   1   2.3e-28   9.5e-27   90.9   0.4    92   437    85   441    62   442 0.78 -
h2tg000619l:388406-389461   -            352 38955at71240         -            447   8.6e-27   91.0   0.0   1   1     3e-28   1.2e-26   90.5   0.0    90   320     3   247     1   342 0.83 -
h2tg000023l:125547-124450   -            366 38955at71240         -            447   2.7e-26   89.3   0.0   1   1   1.2e-26   4.8e-25   85.2   0.0    97   437     2   365     1   366 0.72 -
h2tg000209l:10985-9807      -            393 38955at71240         -            447   6.2e-26   88.2   0.1   1   1   2.9e-26   1.2e-24   83.9   0.1    89   437    33   393    15   393 0.75 -
h2tg000067l:463866-385011   -            295 38955at71240         -            447   4.4e-25   85.4   0.1   1   1   1.3e-26   5.3e-25   85.1   0.1    87   326    34   294     8   295 0.77 -
h2tg000278l:29214-28117     -            366 38955at71240         -            447   5.4e-25   85.1   1.5   1   1   8.1e-26   3.4e-24   82.4   1.5    83   437     2   366     1   366 0.75 -
h2tg000067l:463878-409765   -            401 38955at71240         -            447   1.4e-24   83.7   0.1   1   1   4.4e-26   1.8e-24   83.3   0.1    87   325    38   298    12   394 0.81 -
h2tg000469l:301052-299904   -            383 38955at71240         -            447   1.8e-24   83.4   0.0   1   1   1.5e-25   6.2e-24   81.6   0.0    89   440     2   383     1   383 0.75 -
h2tg000555l:316451-317548   -            366 38955at71240         -            447   3.1e-24   82.6   0.2   1   2   1.4e-23     6e-22   75.0   0.2    97   321     2   260     1   284 0.76 -
h2tg000555l:316451-317548   -            366 38955at71240         -            447   3.1e-24   82.6   0.2   2   2     0.019      0.79    5.4   0.0   379   437   309   365   299   366 0.84 -
h2tg000251l:11019-12101     -            361 38955at71240         -            447   4.2e-24   82.1   1.6   1   2   4.7e-24     2e-22   76.6   0.3    83   320     2   253     1   263 0.80 -
h2tg000251l:11019-12101     -            361 38955at71240         -            447   4.2e-24   82.1   1.6   2   2     0.027       1.1    4.9   0.0   384   433   310   357   299   361 0.83 -
h2tg001082l:13294-12266     -            343 38955at71240         -            447   8.2e-24   81.2   0.0   1   1   1.4e-24   5.8e-23   78.4   0.0    98   359     3   283     1   343 0.75 -
h2tg000456l:546836-545826   -            337 38955at71240         -            447     4e-23   78.9   0.3   1   1   1.8e-24   7.3e-23   78.0   0.3    98   324     3   233     1   337 0.81 -
h2tg000067l:99174-100916    -            305 38955at71240         -            447   1.1e-22   77.5   0.0   1   1   4.8e-23     2e-21   73.3   0.0    96   326    43   278    34   283 0.81 -
h2tg000896l:40484-39515     -            307 38955at71240         -            447   1.1e-22   77.4   0.1   1   1   3.3e-24   1.4e-22   77.1   0.1    86   325    57   307    36   307 0.79 -
h2tg000356l:886340-885207   -            378 38955at71240         -            447   1.3e-20   70.7   1.4   1   1   1.5e-21   6.4e-20   68.3   1.4    96   328    55   279    26   378 0.80 -
h2tg000896l:43496-42612     -            295 38955at71240         -            447   1.3e-20   70.6   0.0   1   1   4.6e-22   1.9e-20   70.1   0.0   106   325    27   268     6   275 0.78 -
h2tg000701l:19014-17908     -            369 38955at71240         -            447   8.4e-20   68.0   0.0   1   1   2.9e-21   1.2e-19   67.5   0.0    97   240    13   165     4   284 0.73 -
h2tg000067l:142496-144147   -            392 38955at71240         -            447     1e-19   67.7   0.0   1   1   3.8e-21   1.6e-19   67.1   0.0    98   325    42   292     6   325 0.72 -
h2tg000119l:160488-159802   -            229 38955at71240         -            447   1.3e-19   67.4   0.6   1   1   4.1e-21   1.7e-19   67.0   0.6    98   309     1   223     1   228 0.75 -
h2tg000067l:61361-62908     -            333 38955at71240         -            447   3.6e-19   65.9   0.0   1   1   3.1e-19   1.3e-17   60.8   0.0    97   398     2   298     1   333 0.66 -
h2tg000144l:226121-227173   -            351 38955at71240         -            447   6.3e-19   65.1   0.0   1   1   2.2e-20   9.2e-19   64.5   0.0    96   346     1   275     1   282 0.73 -
h2tg000142l:394872-395925   -            351 38955at71240         -            447   1.3e-18   64.0   0.1   1   1   1.9e-19   7.9e-18   61.4   0.1    97   346     2   275     1   282 0.70 -
h2tg000216l:29588-31462     -            351 38955at71240         -            447   1.6e-18   63.7   0.6   1   1   9.1e-20   3.8e-18   62.5   0.6    91   437     7   350     1   351 0.72 -
h2tg001447l:29229-30275     -            349 38955at71240         -            447   3.2e-18   62.7   0.2   1   1   9.5e-18   3.9e-16   55.9   0.2   104   438     1   348     1   349 0.80 -
h2tg001479l:34636-33318     -            354 38955at71240         -            447     5e-18   62.1   5.4   1   1   4.1e-16   1.7e-14   50.5   5.4    88   438    12   353     3   354 0.66 -
h2tg000896l:45444-44494     -            317 38955at71240         -            447   1.5e-17   60.5   0.0   1   1   4.8e-19     2e-17   60.1   0.0   106   325    50   291     7   316 0.76 -
h2tg001128l:87056-85875     -            394 38955at71240         -            447   1.5e-16   57.2   0.1   1   1   7.4e-18   3.1e-16   56.2   0.0   101   267    28   192     9   230 0.80 -
h2tg000013l:16395-15013     -            461 38955at71240         -            447   1.8e-16   57.0   0.0   1   1   3.9e-16   1.6e-14   50.5   0.0    35   437     4   460     1   461 0.67 -
h2tg000962l:28734-29789     -            352 38955at71240         -            447   5.3e-16   55.4   0.0   1   1   2.7e-16   1.1e-14   51.1   0.0   104   439     1   352     1   352 0.76 -
h2tg000896l:22388-21399     -            330 38955at71240         -            447   9.7e-16   54.6   0.0   1   1     3e-17   1.2e-15   54.2   0.0   106   326    82   329    50   330 0.78 -
h2tg000067l:497249-496077   -            391 38955at71240         -            447   1.7e-15   53.8   0.1   1   1   8.3e-17   3.4e-15   52.8   0.1    94   237    19   177     4   182 0.80 -
h2tg000395l:5956-7017       -            354 38955at71240         -            447   9.8e-15   51.3   0.0   1   1   3.8e-16   1.6e-14   50.6   0.0    94   327     2   254     1   279 0.74 -
h2tg001071l:218121-216946   -            392 38955at71240         -            447   9.2e-14   48.0   0.0   1   2   4.1e-06   0.00017   17.5   0.7    98   133     3    38     1    85 0.82 -
h2tg001071l:218121-216946   -            392 38955at71240         -            447   9.2e-14   48.0   0.0   2   2   3.5e-09   1.4e-07   27.6   0.0   175   437   110   392    96   392 0.71 -
h2tg000612l:14134-15210     -            359 38955at71240         -            447   1.2e-13   47.7   0.1   1   1   5.1e-15   2.1e-13   46.9   0.0   103   276     2   173     1   201 0.80 -
h2tg000901l:1760-582        -            393 38955at71240         -            447   1.3e-13   47.6   0.0   1   2   3.5e-06   0.00015   17.7   0.6    98   133     3    38     1    85 0.82 -
h2tg000901l:1760-582        -            393 38955at71240         -            447   1.3e-13   47.6   0.0   2   2   5.7e-09   2.3e-07   26.9   0.0   175   437   110   393    96   393 0.70 -
h2tg000395l:2651-3469       -            273 38955at71240         -            447   3.3e-13   46.2   0.0   1   1   8.4e-15   3.5e-13   46.1   0.0    89   253    70   239    30   273 0.71 -
h2tg000058l:28227-29252     -            342 38955at71240         -            447   4.6e-13   45.7   0.1   1   1   6.5e-14   2.7e-12   43.2   0.1    98   296     3   203     1   342 0.74 -
h2tg000303l:296362-295325   -            346 38955at71240         -            447   1.1e-12   44.5   0.0   1   2   4.9e-12     2e-10   37.0   0.0    98   261     3   163     1   249 0.79 -
h2tg000303l:296362-295325   -            346 38955at71240         -            447   1.1e-12   44.5   0.0   2   2     0.014      0.59    5.8   0.0   371   437   279   346   271   346 0.88 -
h2tg000840l:148839-151453   -            439 38955at71240         -            447   7.8e-12   41.7   0.1   1   1   1.7e-11     7e-10   35.3   0.1    81   443    36   435     8   438 0.66 -
h2tg000067l:492970-492119   -            284 38955at71240         -            447   1.4e-11   40.8   0.0   1   1   3.9e-13   1.6e-11   40.6   0.0   100   238     7   151     1   231 0.75 -
h2tg000068l:1192621-1193619 -            333 38955at71240         -            447   2.4e-11   40.1   0.2   1   2   4.8e-12     2e-10   37.1   0.0    98   301     1   207     1   237 0.79 -
h2tg000068l:1192621-1193619 -            333 38955at71240         -            447   2.4e-11   40.1   0.2   2   2      0.43        18    1.0   0.1   385   433   284   331   268   333 0.76 -
h2tg000670l:70660-71658     -            333 38955at71240         -            447   2.4e-11   40.1   0.2   1   2   4.8e-12     2e-10   37.1   0.0    98   301     1   207     1   237 0.79 -
h2tg000670l:70660-71658     -            333 38955at71240         -            447   2.4e-11   40.1   0.2   2   2      0.43        18    1.0   0.1   385   433   284   331   268   333 0.76 -
h2tg000388l:129239-128109   -            377 38955at71240         -            447   5.1e-11   39.0   0.1   1   1   1.3e-11   5.4e-10   35.6   0.1    98   437     5   377     1   377 0.71 -
h2tg000908l:38778-39932     -            385 38955at71240         -            447   6.4e-11   38.7   0.0   1   2   6.2e-08   2.6e-06   23.5   0.0    86   264     2   188     1   206 0.79 -
h2tg000908l:38778-39932     -            385 38955at71240         -            447   6.4e-11   38.7   0.0   2   2     8e-05    0.0033   13.3   0.1   374   434   319   384   311   385 0.82 -
h2tg000577l:530466-529405   -            354 38955at71240         -            447   1.1e-10   38.0   0.0   1   1   3.5e-12   1.5e-10   37.5   0.0   104   241     1   141     1   245 0.80 -
h2tg000359l:238338-239535   -            362 38955at71240         -            447   1.7e-10   37.3   2.3   1   1   9.4e-09   3.9e-07   26.2   2.3   104   437    11   362     2   362 0.69 -
h2tg000409l:394061-395203   -            381 38955at71240         -            447   5.2e-10   35.7   0.3   1   2   1.1e-05   0.00046   16.1   0.5    98   242     3   162     1   182 0.67 -
h2tg000409l:394061-395203   -            381 38955at71240         -            447   5.2e-10   35.7   0.3   2   2   9.2e-06   0.00038   16.3   0.0   300   437   246   381   209   381 0.84 -
h2tg000289l:63309-64511     -            401 38955at71240         -            447   9.9e-08   28.2   0.2   1   2   1.4e-07   5.8e-06   22.3   0.1    83   263    17   198     5   208 0.71 -
h2tg000289l:63309-64511     -            401 38955at71240         -            447   9.9e-08   28.2   0.2   2   2     0.061       2.5    3.7   0.0   379   431   349   400   286   401 0.88 -
h2tg000923l:144133-145224   -            364 38955at71240         -            447   2.9e-06   23.3   0.2   1   3     0.062       2.6    3.7   0.1    98   130     1    34     1    43 0.88 -
h2tg000923l:144133-145224   -            364 38955at71240         -            447   2.9e-06   23.3   0.2   2   3   6.8e-05    0.0028   13.5   0.0   211   264   106   160    89   187 0.87 -
h2tg000923l:144133-145224   -            364 38955at71240         -            447   2.9e-06   23.3   0.2   3   3      0.14       5.8    2.6   0.0   385   433   315   362   301   364 0.83 -
h2tg000105l:119064-118243   -            274 38955at71240         -            447   7.7e-05   18.6   0.2   1   2   0.00013    0.0053   12.6   0.1   197   326    25   169     6   193 0.76 -
h2tg000105l:119064-118243   -            274 38955at71240         -            447   7.7e-05   18.6   0.2   2   2     0.041       1.7    4.3   0.0   409   437   246   274   231   274 0.92 -
h2tg000334l:1567500-1566679 -            274 38955at71240         -            447   7.7e-05   18.6   0.2   1   2   0.00013    0.0053   12.6   0.1   197   326    25   169     6   193 0.76 -
h2tg000334l:1567500-1566679 -            274 38955at71240         -            447   7.7e-05   18.6   0.2   2   2     0.041       1.7    4.3   0.0   409   437   246   274   231   274 0.92 -
h2tg000336l:238000-239148   -            383 38955at71240         -            447    0.0001   18.2   0.0   1   3       1.1        44   -0.3   0.0    98   132    10    44     5    51 0.83 -
h2tg000336l:238000-239148   -            383 38955at71240         -            447    0.0001   18.2   0.0   2   3   0.00063     0.026   10.3   0.0   199   265   120   185   102   218 0.82 -
h2tg000336l:238000-239148   -            383 38955at71240         -            447    0.0001   18.2   0.0   3   3      0.04       1.7    4.4   0.0   376   432   327   382   266   383 0.84 -
#
# Program:         hmmsearch
# Version:         3.3.2 (Nov 2020)
# Pipeline mode:   SEARCH
# Query file:      /scratch/srb67793/Pelargonium/busco_downloads/lineages/eudicots_odb10/hmms/38955at71240.hmm
# Target file:     /scratch/srb67793/Pelargonium/P_citronellum_omnic-hap2-busco/run_eudicots_odb10/metaeuk_output/rerun_results/P_citronellum_OmniC.hic.bp.hap1.p_ctg.fa.modified.fas
# Option settings: hmmsearch --domtblout /scratch/srb67793/Pelargonium/P_citronellum_omnic-hap2-busco/run_eudicots_odb10/hmmer_output/rerun_results/38955at71240.out --cpu 1 /scratch/srb67793/Pelargonium/busco_downloads/lineages/eudicots_odb10/hmms/38955at71240.hmm /scratch/srb67793/Pelargonium/P_citronellum_omnic-hap2-busco/run_eudicots_odb10/metaeuk_output/rerun_results/P_citronellum_OmniC.hic.bp.hap1.p_ctg.fa.modified.fas 
# Current dir:     /scratch/srb67793/Pelargonium
# Date:            Tue Jul 16 10:46:15 2024
# [ok]
